<lineages>
<lineage>
	<version nr="0" hash="8f776fd9" evolution="None" change="None">
		<class nclones="6">
			<source file="../../workspace/dataset/test/test_read_format_cpio_svr4c_Z.c.ifdefed" startline="36" endline="54" function="DEFINE_TEST" hash="6080312087963598322"></source>
			<source file="../../workspace/dataset/test/test_read_format_tz.c.ifdefed" startline="37" endline="54" function="DEFINE_TEST" hash="-5854586389144020560"></source>
			<source file="../../workspace/dataset/test/test_read_format_cpio_bin_Z.c.ifdefed" startline="34" endline="51" function="DEFINE_TEST" hash="4311568102464190440"></source>
			<source file="../../workspace/dataset/test/test_read_format_cpio_bin.c.ifdefed" startline="45" endline="62" function="DEFINE_TEST" hash="8223587938017202626"></source>
			<source file="../../workspace/dataset/test/test_read_format_empty.c.ifdefed" startline="30" endline="47" function="DEFINE_TEST" hash="5361132740951300219"></source>
			<source file="../../workspace/dataset/test/test_read_format_cpio_odc.c.ifdefed" startline="49" endline="66" function="DEFINE_TEST" hash="2589445408725195188"></source>
		</class>
	</version>
	<version nr="190" hash="0d6b5cc7" evolution="Same" change="Same">
		<class nclones="6">
			<source file="../../workspace/dataset/test/test_read_format_cpio_svr4c_Z.c.ifdefed" startline="36" endline="54" function="DEFINE_TEST" hash="6080312087963598322"></source>
			<source file="../../workspace/dataset/test/test_read_format_cpio_bin_Z.c.ifdefed" startline="34" endline="51" function="DEFINE_TEST" hash="4311568102464190440"></source>
			<source file="../../workspace/dataset/test/test_read_format_tz.c.ifdefed" startline="37" endline="54" function="DEFINE_TEST" hash="-5854586389144020560"></source>
			<source file="../../workspace/dataset/test/test_read_format_cpio_bin.c.ifdefed" startline="45" endline="62" function="DEFINE_TEST" hash="8223587938017202626"></source>
			<source file="../../workspace/dataset/test/test_read_format_cpio_odc.c.ifdefed" startline="49" endline="66" function="DEFINE_TEST" hash="2589445408725195188"></source>
			<source file="../../workspace/dataset/test/test_read_format_empty.c.ifdefed" startline="30" endline="47" function="DEFINE_TEST" hash="5361132740951300219"></source>
		</class>
	</version>
	<version nr="200" hash="1ffff99b" evolution="Same" change="Consistent">
		<class nclones="6">
			<source file="../../workspace/dataset/test/test_read_format_cpio_svr4c_Z.c.ifdefed" startline="36" endline="54" function="DEFINE_TEST" hash="2056792450433032874"></source>
			<source file="../../workspace/dataset/test/test_read_format_cpio_bin_Z.c.ifdefed" startline="34" endline="51" function="DEFINE_TEST" hash="-3592498394288091340"></source>
			<source file="../../workspace/dataset/test/test_read_format_cpio_bin.c.ifdefed" startline="45" endline="62" function="DEFINE_TEST" hash="5630131358024948418"></source>
			<source file="../../workspace/dataset/test/test_read_format_tz.c.ifdefed" startline="37" endline="54" function="DEFINE_TEST" hash="7528467750974060700"></source>
			<source file="../../workspace/dataset/test/test_read_format_cpio_odc.c.ifdefed" startline="49" endline="66" function="DEFINE_TEST" hash="5977425288433887824"></source>
			<source file="../../workspace/dataset/test/test_read_format_empty.c.ifdefed" startline="30" endline="47" function="DEFINE_TEST" hash="-1489955367803769695"></source>
		</class>
	</version>
	<version nr="320" hash="4e56f595" evolution="Same" change="Same">
		<class nclones="6">
			<source file="../../workspace/dataset/test/test_read_format_cpio_svr4c_Z.c.ifdefed" startline="36" endline="54" function="DEFINE_TEST" hash="2056792450433032874"></source>
			<source file="../../workspace/dataset/test/test_read_format_cpio_bin_Z.c.ifdefed" startline="34" endline="51" function="DEFINE_TEST" hash="-3592498394288091340"></source>
			<source file="../../workspace/dataset/test/test_read_format_cpio_bin.c.ifdefed" startline="45" endline="62" function="DEFINE_TEST" hash="5630131358024948418"></source>
			<source file="../../workspace/dataset/test/test_read_format_tz.c.ifdefed" startline="37" endline="54" function="DEFINE_TEST" hash="7528467750974060700"></source>
			<source file="../../workspace/dataset/test/test_read_format_cpio_odc.c.ifdefed" startline="49" endline="66" function="DEFINE_TEST" hash="5977425288433887824"></source>
			<source file="../../workspace/dataset/test/test_read_format_empty.c.ifdefed" startline="30" endline="47" function="DEFINE_TEST" hash="-1489955367803769695"></source>
		</class>
	</version>
	<version nr="330" hash="5412ac80" evolution="Subtract" change="Same">
		<class nclones="5">
			<source file="../../workspace/dataset/test/test_read_format_cpio_svr4c_Z.c.ifdefed" startline="36" endline="54" function="DEFINE_TEST" hash="2056792450433032874"></source>
			<source file="../../workspace/dataset/test/test_read_format_cpio_bin_Z.c.ifdefed" startline="34" endline="51" function="DEFINE_TEST" hash="-3592498394288091340"></source>
			<source file="../../workspace/dataset/test/test_read_format_cpio_bin.c.ifdefed" startline="45" endline="62" function="DEFINE_TEST" hash="5630131358024948418"></source>
			<source file="../../workspace/dataset/test/test_read_format_tz.c.ifdefed" startline="37" endline="54" function="DEFINE_TEST" hash="7528467750974060700"></source>
			<source file="../../workspace/dataset/test/test_read_format_cpio_odc.c.ifdefed" startline="49" endline="66" function="DEFINE_TEST" hash="5977425288433887824"></source>
		</class>
	</version>
	<version nr="340" hash="10afaa57" evolution="Subtract" change="Consistent">
		<class nclones="3">
			<source file="../../workspace/dataset/test/test_read_format_cpio_svr4c_Z.c.ifdefed" startline="36" endline="60" function="DEFINE_TEST" hash="2346892441521967150"></source>
			<source file="../../workspace/dataset/test/test_read_format_cpio_bin_Z.c.ifdefed" startline="34" endline="58" function="DEFINE_TEST" hash="4732999925579800717"></source>
			<source file="../../workspace/dataset/test/test_read_format_tz.c.ifdefed" startline="37" endline="59" function="DEFINE_TEST" hash="6995586292582933971"></source>
		</class>
	</version>
	<version nr="580" hash="d6806284" evolution="Same" change="Same">
		<class nclones="3">
			<source file="../../workspace/dataset/test/test_read_format_cpio_svr4c_Z.c.ifdefed" startline="36" endline="60" function="DEFINE_TEST" hash="2346892441521967150"></source>
			<source file="../../workspace/dataset/test/test_read_format_cpio_bin_Z.c.ifdefed" startline="34" endline="58" function="DEFINE_TEST" hash="4732999925579800717"></source>
			<source file="../../workspace/dataset/test/test_read_format_tz.c.ifdefed" startline="37" endline="59" function="DEFINE_TEST" hash="6995586292582933971"></source>
		</class>
	</version>
	<version nr="590" hash="190f9593" evolution="Same" change="Inconsistent">
		<class nclones="3">
			<source file="../../workspace/dataset/test/test_read_format_cpio_svr4c_Z.c.ifdefed" startline="36" endline="60" function="DEFINE_TEST" hash="2346892441521967150"></source>
			<source file="../../workspace/dataset/test/test_read_format_cpio_bin_Z.c.ifdefed" startline="34" endline="59" function="DEFINE_TEST" hash="897659498883090571"></source>
			<source file="../../workspace/dataset/test/test_read_format_tz.c.ifdefed" startline="37" endline="59" function="DEFINE_TEST" hash="6995586292582933971"></source>
		</class>
	</version>
	<version nr="780" hash="ddfe5e49" evolution="Same" change="Same">
		<class nclones="3">
			<source file="../../workspace/dataset/test/test_read_format_cpio_svr4c_Z.c.ifdefed" startline="36" endline="60" function="DEFINE_TEST" hash="2346892441521967150"></source>
			<source file="../../workspace/dataset/test/test_read_format_cpio_bin_Z.c.ifdefed" startline="34" endline="59" function="DEFINE_TEST" hash="897659498883090571"></source>
			<source file="../../workspace/dataset/test/test_read_format_tz.c.ifdefed" startline="37" endline="59" function="DEFINE_TEST" hash="6995586292582933971"></source>
		</class>
	</version>
	<version nr="790" hash="21da38e5" evolution="Add" change="Same">
		<class nclones="5">
			<source file="../../workspace/dataset/test/test_read_format_cpio_svr4c_Z.c.ifdefed" startline="36" endline="60" function="DEFINE_TEST" hash="2346892441521967150"></source>
			<source file="../../workspace/dataset/test/test_read_format_cpio_bin_Z.c.ifdefed" startline="34" endline="59" function="DEFINE_TEST" hash="897659498883090571"></source>
			<source file="../../workspace/dataset/test/test_read_format_tz.c.ifdefed" startline="37" endline="59" function="DEFINE_TEST" hash="6995586292582933971"></source>
			<source file="../../workspace/dataset/test/test_read_format_tbz.c.ifdefed" startline="36" endline="51" function="DEFINE_TEST" hash="642029849382923699"></source>
			<source file="../../workspace/dataset/test/test_read_format_pax_bz2.c.ifdefed" startline="43" endline="58" function="DEFINE_TEST" hash="3668567694532229683"></source>
		</class>
	</version>
	<version nr="960" hash="a132a3eb" evolution="Same" change="Same">
		<class nclones="5">
			<source file="../../workspace/dataset/test/test_read_format_cpio_svr4c_Z.c.ifdefed" startline="36" endline="60" function="DEFINE_TEST" hash="2346892441521967150"></source>
			<source file="../../workspace/dataset/test/test_read_format_cpio_bin_Z.c.ifdefed" startline="34" endline="59" function="DEFINE_TEST" hash="897659498883090571"></source>
			<source file="../../workspace/dataset/test/test_read_format_tz.c.ifdefed" startline="37" endline="59" function="DEFINE_TEST" hash="6995586292582933971"></source>
			<source file="../../workspace/dataset/test/test_read_format_tbz.c.ifdefed" startline="36" endline="51" function="DEFINE_TEST" hash="642029849382923699"></source>
			<source file="../../workspace/dataset/test/test_read_format_pax_bz2.c.ifdefed" startline="43" endline="58" function="DEFINE_TEST" hash="3668567694532229683"></source>
		</class>
	</version>
	<version nr="970" hash="8b0b3b28" evolution="Subtract" change="Same">
		<class nclones="3">
			<source file="../../workspace/dataset/test/test_read_format_cpio_svr4c_Z.c.ifdefed" startline="36" endline="60" function="DEFINE_TEST" hash="2346892441521967150"></source>
			<source file="../../workspace/dataset/test/test_read_format_tz.c.ifdefed" startline="37" endline="59" function="DEFINE_TEST" hash="6995586292582933971"></source>
			<source file="../../workspace/dataset/test/test_read_format_cpio_bin_Z.c.ifdefed" startline="34" endline="59" function="DEFINE_TEST" hash="897659498883090571"></source>
		</class>
	</version>
	<version nr="1270" hash="5f8a5813" evolution="Same" change="Same">
		<class nclones="3">
			<source file="../../workspace/dataset/test/test_read_format_cpio_svr4c_Z.c.ifdefed" startline="36" endline="60" function="DEFINE_TEST" hash="2346892441521967150"></source>
			<source file="../../workspace/dataset/test/test_read_format_tz.c.ifdefed" startline="37" endline="59" function="DEFINE_TEST" hash="6995586292582933971"></source>
			<source file="../../workspace/dataset/test/test_read_format_cpio_bin_Z.c.ifdefed" startline="34" endline="59" function="DEFINE_TEST" hash="897659498883090571"></source>
		</class>
	</version>
	<version nr="1280" hash="4297a932" evolution="Add" change="Same">
		<class nclones="4">
			<source file="../../workspace/dataset/test/test_read_format_cpio_svr4c_Z.c.ifdefed" startline="36" endline="60" function="DEFINE_TEST" hash="2346892441521967150"></source>
			<source file="../../workspace/dataset/test/test_read_format_cpio_bin_Z.c.ifdefed" startline="34" endline="59" function="DEFINE_TEST" hash="897659498883090571"></source>
			<source file="../../workspace/dataset/test/test_read_format_tz.c.ifdefed" startline="37" endline="59" function="DEFINE_TEST" hash="6995586292582933971"></source>
			<source file="../../workspace/dataset/test/test_read_uu.c.ifdefed" startline="57" endline="79" function="DEFINE_TEST" hash="6995586292582933971"></source>
		</class>
	</version>
	<version nr="1290" hash="e945241e" evolution="Subtract" change="Same">
		<class nclones="3">
			<source file="../../workspace/dataset/test/test_read_format_cpio_svr4c_Z.c.ifdefed" startline="36" endline="60" function="DEFINE_TEST" hash="2346892441521967150"></source>
			<source file="../../workspace/dataset/test/test_read_format_cpio_bin_Z.c.ifdefed" startline="34" endline="59" function="DEFINE_TEST" hash="897659498883090571"></source>
			<source file="../../workspace/dataset/test/test_read_format_tz.c.ifdefed" startline="37" endline="59" function="DEFINE_TEST" hash="6995586292582933971"></source>
		</class>
	</version>
	<version nr="1570" hash="92ad55bb" evolution="Same" change="Same">
		<class nclones="3">
			<source file="../../workspace/dataset/test/test_read_format_cpio_svr4c_Z.c.ifdefed" startline="36" endline="60" function="DEFINE_TEST" hash="2346892441521967150"></source>
			<source file="../../workspace/dataset/test/test_read_format_cpio_bin_Z.c.ifdefed" startline="34" endline="59" function="DEFINE_TEST" hash="897659498883090571"></source>
			<source file="../../workspace/dataset/test/test_read_format_tz.c.ifdefed" startline="37" endline="59" function="DEFINE_TEST" hash="6995586292582933971"></source>
		</class>
	</version>
	<version nr="1580" hash="9890b31f" evolution="Same" change="Consistent">
		<class nclones="3">
			<source file="../../workspace/dataset/test/test_read_format_cpio_svr4c_Z.c.ifdefed" startline="36" endline="56" function="DEFINE_TEST" hash="1026135105230738303"></source>
			<source file="../../workspace/dataset/test/test_read_format_cpio_bin_Z.c.ifdefed" startline="34" endline="55" function="DEFINE_TEST" hash="-6854309124850213450"></source>
			<source file="../../workspace/dataset/test/test_read_format_tz.c.ifdefed" startline="37" endline="55" function="DEFINE_TEST" hash="8672955418799111714"></source>
		</class>
	</version>
	<version nr="2280" hash="934ed638" evolution="Same" change="Same">
		<class nclones="3">
			<source file="../../workspace/dataset/test/test_read_format_cpio_svr4c_Z.c.ifdefed" startline="36" endline="56" function="DEFINE_TEST" hash="1026135105230738303"></source>
			<source file="../../workspace/dataset/test/test_read_format_cpio_bin_Z.c.ifdefed" startline="34" endline="55" function="DEFINE_TEST" hash="-6854309124850213450"></source>
			<source file="../../workspace/dataset/test/test_read_format_tz.c.ifdefed" startline="37" endline="55" function="DEFINE_TEST" hash="8672955418799111714"></source>
		</class>
	</version>
	<version nr="2290" hash="323c72ca" evolution="Same" change="Consistent">
		<class nclones="3">
			<source file="../../workspace/dataset/test/test_read_format_cpio_svr4c_Z.c.ifdefed" startline="36" endline="56" function="DEFINE_TEST" hash="-4392572021569070806"></source>
			<source file="../../workspace/dataset/test/test_read_format_cpio_bin_Z.c.ifdefed" startline="34" endline="55" function="DEFINE_TEST" hash="-3454394559737888085"></source>
			<source file="../../workspace/dataset/test/test_read_format_tz.c.ifdefed" startline="37" endline="55" function="DEFINE_TEST" hash="1036607525093149415"></source>
		</class>
	</version>
	<version nr="2570" hash="b3d3adb4" evolution="Same" change="Same">
		<class nclones="3">
			<source file="../../workspace/dataset/test/test_read_format_cpio_svr4c_Z.c.ifdefed" startline="36" endline="56" function="DEFINE_TEST" hash="-4392572021569070806"></source>
			<source file="../../workspace/dataset/test/test_read_format_tz.c.ifdefed" startline="37" endline="55" function="DEFINE_TEST" hash="1036607525093149415"></source>
			<source file="../../workspace/dataset/test/test_read_format_cpio_bin_Z.c.ifdefed" startline="34" endline="55" function="DEFINE_TEST" hash="-3454394559737888085"></source>
		</class>
	</version>
	<version nr="2580" hash="ff3b75e9" evolution="Same" change="Inconsistent">
		<class nclones="3">
			<source file="../../workspace/dataset/test/test_read_format_cpio_svr4c_Z.c.ifdefed" startline="36" endline="56" function="DEFINE_TEST" hash="-4392572021569070806"></source>
			<source file="../../workspace/dataset/test/test_read_format_cpio_bin_Z.c.ifdefed" startline="34" endline="56" function="DEFINE_TEST" hash="5338313065787706238"></source>
			<source file="../../workspace/dataset/test/test_read_format_tz.c.ifdefed" startline="37" endline="56" function="DEFINE_TEST" hash="-5821203428598048462"></source>
		</class>
	</version>
	<version nr="3330" hash="66b1a0b7" evolution="Same" change="Same">
		<class nclones="3">
			<source file="../../workspace/dataset/test/test_read_format_cpio_svr4c_Z.c.ifdefed" startline="36" endline="56" function="DEFINE_TEST" hash="-4392572021569070806"></source>
			<source file="../../workspace/dataset/test/test_read_format_cpio_bin_Z.c.ifdefed" startline="34" endline="56" function="DEFINE_TEST" hash="5338313065787706238"></source>
			<source file="../../workspace/dataset/test/test_read_format_tz.c.ifdefed" startline="37" endline="56" function="DEFINE_TEST" hash="-5821203428598048462"></source>
		</class>
	</version>
	<version nr="3340" hash="737e1a51" evolution="Same" change="Consistent">
		<class nclones="3">
			<source file="../../workspace/dataset/test/test_read_format_cpio_svr4c_Z.c.ifdefed" startline="36" endline="56" function="DEFINE_TEST" hash="-8268345867123925044"></source>
			<source file="../../workspace/dataset/test/test_read_format_cpio_bin_Z.c.ifdefed" startline="34" endline="56" function="DEFINE_TEST" hash="-2529330193540597160"></source>
			<source file="../../workspace/dataset/test/test_read_format_tz.c.ifdefed" startline="37" endline="56" function="DEFINE_TEST" hash="-334431334740737784"></source>
		</class>
	</version>
	<version nr="3350" hash="42b5086d" evolution="Same" change="Same">
		<class nclones="3">
			<source file="../../workspace/dataset/test/test_read_format_cpio_svr4c_Z.c.ifdefed" startline="36" endline="56" function="DEFINE_TEST" hash="-8268345867123925044"></source>
			<source file="../../workspace/dataset/test/test_read_format_cpio_bin_Z.c.ifdefed" startline="34" endline="56" function="DEFINE_TEST" hash="-2529330193540597160"></source>
			<source file="../../workspace/dataset/test/test_read_format_tz.c.ifdefed" startline="37" endline="56" function="DEFINE_TEST" hash="-334431334740737784"></source>
		</class>
	</version>
	<version nr="3360" hash="7a90710e" evolution="Add" change="Consistent">
		<class nclones="4">
			<source file="../../workspace/dataset/test/test_read_format_cpio_svr4c_Z.c.ifdefed" startline="36" endline="58" function="DEFINE_TEST" hash="3628883222968013401"></source>
			<source file="../../workspace/dataset/test/test_read_format_cpio_bin_Z.c.ifdefed" startline="34" endline="58" function="DEFINE_TEST" hash="8129322226261191569"></source>
			<source file="../../workspace/dataset/test/test_read_format_tz.c.ifdefed" startline="37" endline="58" function="DEFINE_TEST" hash="6204336690454515265"></source>
			<source file="../../workspace/dataset/test/test_read_format_iso_Z.c.ifdefed" startline="28" endline="54" function="test1" hash="1953034486649615862"></source>
		</class>
	</version>
	<version nr="4600" hash="fd8fe9c5" evolution="Same" change="Same">
		<class nclones="4">
			<source file="../../workspace/dataset/test/test_read_format_cpio_svr4c_Z.c.ifdefed" startline="36" endline="58" function="DEFINE_TEST" hash="3628883222968013401"></source>
			<source file="../../workspace/dataset/test/test_read_format_cpio_bin_Z.c.ifdefed" startline="34" endline="58" function="DEFINE_TEST" hash="8129322226261191569"></source>
			<source file="../../workspace/dataset/test/test_read_format_tz.c.ifdefed" startline="37" endline="58" function="DEFINE_TEST" hash="6204336690454515265"></source>
			<source file="../../workspace/dataset/test/test_read_format_iso_Z.c.ifdefed" startline="28" endline="54" function="test1" hash="1953034486649615862"></source>
		</class>
	</version>
</lineage>
<lineage>
	<version nr="0" hash="8f776fd9" evolution="None" change="None">
		<class nclones="3">
			<source file="../../workspace/dataset/test/test_read_format_tar.c.ifdefed" startline="161" endline="173" function="verify3" hash="2649029115327424173"></source>
			<source file="../../workspace/dataset/test/test_read_format_tar.c.ifdefed" startline="245" endline="257" function="verify6" hash="5164378216227912483"></source>
			<source file="../../workspace/dataset/test/test_read_format_tar.c.ifdefed" startline="190" endline="202" function="verify4" hash="-242837924099408651"></source>
		</class>
	</version>
	<version nr="1050" hash="c19e6a17" evolution="Same" change="Same">
		<class nclones="3">
			<source file="../../workspace/dataset/test/test_read_format_tar.c.ifdefed" startline="161" endline="173" function="verify3" hash="2649029115327424173"></source>
			<source file="../../workspace/dataset/test/test_read_format_tar.c.ifdefed" startline="245" endline="257" function="verify6" hash="5164378216227912483"></source>
			<source file="../../workspace/dataset/test/test_read_format_tar.c.ifdefed" startline="190" endline="202" function="verify4" hash="-242837924099408651"></source>
		</class>
	</version>
	<version nr="1060" hash="77418695" evolution="Same" change="Consistent">
		<class nclones="3">
			<source file="../../workspace/dataset/test/test_read_format_tar.c.ifdefed" startline="162" endline="174" function="verify3" hash="-3477264834299307701"></source>
			<source file="../../workspace/dataset/test/test_read_format_tar.c.ifdefed" startline="191" endline="203" function="verify4" hash="5776142127145606271"></source>
			<source file="../../workspace/dataset/test/test_read_format_tar.c.ifdefed" startline="246" endline="258" function="verify6" hash="-5694990273497179136"></source>
		</class>
	</version>
	<version nr="4600" hash="fd8fe9c5" evolution="Same" change="Same">
		<class nclones="3">
			<source file="../../workspace/dataset/test/test_read_format_tar.c.ifdefed" startline="162" endline="174" function="verify3" hash="-3477264834299307701"></source>
			<source file="../../workspace/dataset/test/test_read_format_tar.c.ifdefed" startline="191" endline="203" function="verify4" hash="5776142127145606271"></source>
			<source file="../../workspace/dataset/test/test_read_format_tar.c.ifdefed" startline="246" endline="258" function="verify6" hash="-5694990273497179136"></source>
		</class>
	</version>
</lineage>
<lineage>
	<version nr="0" hash="8f776fd9" evolution="None" change="None">
		<class nclones="2">
			<source file="../../workspace/dataset/test/test_read_format_tar.c.ifdefed" startline="316" endline="336" function="verifyK" hash="1185309697939632548"></source>
			<source file="../../workspace/dataset/test/test_read_format_tar.c.ifdefed" startline="402" endline="422" function="verifyxL" hash="1185309697939632548"></source>
		</class>
	</version>
	<version nr="1050" hash="c19e6a17" evolution="Same" change="Same">
		<class nclones="2">
			<source file="../../workspace/dataset/test/test_read_format_tar.c.ifdefed" startline="316" endline="336" function="verifyK" hash="1185309697939632548"></source>
			<source file="../../workspace/dataset/test/test_read_format_tar.c.ifdefed" startline="402" endline="422" function="verifyxL" hash="1185309697939632548"></source>
		</class>
	</version>
	<version nr="1060" hash="77418695" evolution="Same" change="Consistent">
		<class nclones="2">
			<source file="../../workspace/dataset/test/test_read_format_tar.c.ifdefed" startline="317" endline="337" function="verifyK" hash="-7311829559428165082"></source>
			<source file="../../workspace/dataset/test/test_read_format_tar.c.ifdefed" startline="403" endline="423" function="verifyxL" hash="-7311829559428165082"></source>
		</class>
	</version>
	<version nr="4600" hash="fd8fe9c5" evolution="Same" change="Same">
		<class nclones="2">
			<source file="../../workspace/dataset/test/test_read_format_tar.c.ifdefed" startline="317" endline="337" function="verifyK" hash="-7311829559428165082"></source>
			<source file="../../workspace/dataset/test/test_read_format_tar.c.ifdefed" startline="403" endline="423" function="verifyxL" hash="-7311829559428165082"></source>
		</class>
	</version>
</lineage>
<lineage>
	<version nr="0" hash="8f776fd9" evolution="None" change="None">
		<class nclones="8">
			<source file="../../workspace/dataset/test/test_read_format_pax_bz2.c.ifdefed" startline="43" endline="60" function="DEFINE_TEST" hash="525590966082849795"></source>
			<source file="../../workspace/dataset/test/test_read_format_cpio_bin_bz2.c.ifdefed" startline="35" endline="52" function="DEFINE_TEST" hash="5996951785783514462"></source>
			<source file="../../workspace/dataset/test/test_read_format_cpio_svr4_gzip.c.ifdefed" startline="35" endline="52" function="DEFINE_TEST" hash="-9149877813352657998"></source>
			<source file="../../workspace/dataset/test/test_read_format_tbz.c.ifdefed" startline="36" endline="53" function="DEFINE_TEST" hash="-4605876845012428686"></source>
			<source file="../../workspace/dataset/test/test_read_format_gtar_gz.c.ifdefed" startline="35" endline="52" function="DEFINE_TEST" hash="3669283169362765463"></source>
			<source file="../../workspace/dataset/test/test_read_format_iso_gz.c.ifdefed" startline="54" endline="71" function="DEFINE_TEST" hash="5185069545657663733"></source>
			<source file="../../workspace/dataset/test/test_read_format_tgz.c.ifdefed" startline="35" endline="52" function="DEFINE_TEST" hash="4680285886702440084"></source>
			<source file="../../workspace/dataset/test/test_read_format_cpio_bin_gz.c.ifdefed" startline="34" endline="51" function="DEFINE_TEST" hash="5425672140737078244"></source>
		</class>
	</version>
	<version nr="190" hash="0d6b5cc7" evolution="Same" change="Same">
		<class nclones="8">
			<source file="../../workspace/dataset/test/test_read_format_pax_bz2.c.ifdefed" startline="43" endline="60" function="DEFINE_TEST" hash="525590966082849795"></source>
			<source file="../../workspace/dataset/test/test_read_format_cpio_bin_bz2.c.ifdefed" startline="35" endline="52" function="DEFINE_TEST" hash="5996951785783514462"></source>
			<source file="../../workspace/dataset/test/test_read_format_gtar_gz.c.ifdefed" startline="35" endline="52" function="DEFINE_TEST" hash="3669283169362765463"></source>
			<source file="../../workspace/dataset/test/test_read_format_tbz.c.ifdefed" startline="36" endline="53" function="DEFINE_TEST" hash="-4605876845012428686"></source>
			<source file="../../workspace/dataset/test/test_read_format_cpio_svr4_gzip.c.ifdefed" startline="35" endline="52" function="DEFINE_TEST" hash="-9149877813352657998"></source>
			<source file="../../workspace/dataset/test/test_read_format_tgz.c.ifdefed" startline="35" endline="52" function="DEFINE_TEST" hash="4680285886702440084"></source>
			<source file="../../workspace/dataset/test/test_read_format_cpio_bin_gz.c.ifdefed" startline="34" endline="51" function="DEFINE_TEST" hash="5425672140737078244"></source>
			<source file="../../workspace/dataset/test/test_read_format_iso_gz.c.ifdefed" startline="54" endline="71" function="DEFINE_TEST" hash="5185069545657663733"></source>
		</class>
	</version>
	<version nr="200" hash="1ffff99b" evolution="Same" change="Consistent">
		<class nclones="8">
			<source file="../../workspace/dataset/test/test_read_format_pax_bz2.c.ifdefed" startline="43" endline="60" function="DEFINE_TEST" hash="1121483799581703449"></source>
			<source file="../../workspace/dataset/test/test_read_format_gtar_gz.c.ifdefed" startline="35" endline="52" function="DEFINE_TEST" hash="-3448573189390913871"></source>
			<source file="../../workspace/dataset/test/test_read_format_cpio_bin_bz2.c.ifdefed" startline="35" endline="52" function="DEFINE_TEST" hash="-9035051647963002"></source>
			<source file="../../workspace/dataset/test/test_read_format_iso_gz.c.ifdefed" startline="54" endline="71" function="DEFINE_TEST" hash="3253581761620065483"></source>
			<source file="../../workspace/dataset/test/test_read_format_tgz.c.ifdefed" startline="35" endline="52" function="DEFINE_TEST" hash="833144705417930416"></source>
			<source file="../../workspace/dataset/test/test_read_format_tbz.c.ifdefed" startline="36" endline="53" function="DEFINE_TEST" hash="-3767888210589990126"></source>
			<source file="../../workspace/dataset/test/test_read_format_cpio_svr4_gzip.c.ifdefed" startline="35" endline="52" function="DEFINE_TEST" hash="7641800533698446378"></source>
			<source file="../../workspace/dataset/test/test_read_format_cpio_bin_gz.c.ifdefed" startline="34" endline="51" function="DEFINE_TEST" hash="-1799531723442910248"></source>
		</class>
	</version>
	<version nr="230" hash="b5b5ee12" evolution="Same" change="Same">
		<class nclones="8">
			<source file="../../workspace/dataset/test/test_read_format_pax_bz2.c.ifdefed" startline="43" endline="60" function="DEFINE_TEST" hash="1121483799581703449"></source>
			<source file="../../workspace/dataset/test/test_read_format_iso_gz.c.ifdefed" startline="54" endline="71" function="DEFINE_TEST" hash="3253581761620065483"></source>
			<source file="../../workspace/dataset/test/test_read_format_tbz.c.ifdefed" startline="36" endline="53" function="DEFINE_TEST" hash="-3767888210589990126"></source>
			<source file="../../workspace/dataset/test/test_read_format_gtar_gz.c.ifdefed" startline="35" endline="52" function="DEFINE_TEST" hash="-3448573189390913871"></source>
			<source file="../../workspace/dataset/test/test_read_format_cpio_bin_bz2.c.ifdefed" startline="35" endline="52" function="DEFINE_TEST" hash="-9035051647963002"></source>
			<source file="../../workspace/dataset/test/test_read_format_cpio_bin_gz.c.ifdefed" startline="34" endline="51" function="DEFINE_TEST" hash="-1799531723442910248"></source>
			<source file="../../workspace/dataset/test/test_read_format_cpio_svr4_gzip.c.ifdefed" startline="35" endline="52" function="DEFINE_TEST" hash="7641800533698446378"></source>
			<source file="../../workspace/dataset/test/test_read_format_tgz.c.ifdefed" startline="35" endline="52" function="DEFINE_TEST" hash="833144705417930416"></source>
		</class>
	</version>
	<version nr="240" hash="2b15ccf4" evolution="Subtract" change="Same">
		<class nclones="7">
			<source file="../../workspace/dataset/test/test_read_format_pax_bz2.c.ifdefed" startline="43" endline="60" function="DEFINE_TEST" hash="1121483799581703449"></source>
			<source file="../../workspace/dataset/test/test_read_format_tbz.c.ifdefed" startline="36" endline="53" function="DEFINE_TEST" hash="-3767888210589990126"></source>
			<source file="../../workspace/dataset/test/test_read_format_cpio_svr4_gzip.c.ifdefed" startline="35" endline="52" function="DEFINE_TEST" hash="7641800533698446378"></source>
			<source file="../../workspace/dataset/test/test_read_format_iso_gz.c.ifdefed" startline="54" endline="71" function="DEFINE_TEST" hash="3253581761620065483"></source>
			<source file="../../workspace/dataset/test/test_read_format_tgz.c.ifdefed" startline="35" endline="52" function="DEFINE_TEST" hash="833144705417930416"></source>
			<source file="../../workspace/dataset/test/test_read_format_gtar_gz.c.ifdefed" startline="35" endline="52" function="DEFINE_TEST" hash="-3448573189390913871"></source>
			<source file="../../workspace/dataset/test/test_read_format_cpio_bin_gz.c.ifdefed" startline="34" endline="51" function="DEFINE_TEST" hash="-1799531723442910248"></source>
		</class>
	</version>
	<version nr="320" hash="4e56f595" evolution="Same" change="Same">
		<class nclones="7">
			<source file="../../workspace/dataset/test/test_read_format_pax_bz2.c.ifdefed" startline="43" endline="60" function="DEFINE_TEST" hash="1121483799581703449"></source>
			<source file="../../workspace/dataset/test/test_read_format_tbz.c.ifdefed" startline="36" endline="53" function="DEFINE_TEST" hash="-3767888210589990126"></source>
			<source file="../../workspace/dataset/test/test_read_format_cpio_svr4_gzip.c.ifdefed" startline="35" endline="52" function="DEFINE_TEST" hash="7641800533698446378"></source>
			<source file="../../workspace/dataset/test/test_read_format_iso_gz.c.ifdefed" startline="54" endline="71" function="DEFINE_TEST" hash="3253581761620065483"></source>
			<source file="../../workspace/dataset/test/test_read_format_tgz.c.ifdefed" startline="35" endline="52" function="DEFINE_TEST" hash="833144705417930416"></source>
			<source file="../../workspace/dataset/test/test_read_format_gtar_gz.c.ifdefed" startline="35" endline="52" function="DEFINE_TEST" hash="-3448573189390913871"></source>
			<source file="../../workspace/dataset/test/test_read_format_cpio_bin_gz.c.ifdefed" startline="34" endline="51" function="DEFINE_TEST" hash="-1799531723442910248"></source>
		</class>
	</version>
	<version nr="590" hash="190f9593" evolution="Add" change="Consistent">
		<class nclones="8">
			<source file="../../workspace/dataset/test/test_read_format_pax_bz2.c.ifdefed" startline="43" endline="73" function="DEFINE_TEST" hash="-2459887376332589301"></source>
			<source file="../../workspace/dataset/test/test_read_format_cpio_bin_gz.c.ifdefed" startline="34" endline="65" function="DEFINE_TEST" hash="-1544734241043325232"></source>
			<source file="../../workspace/dataset/test/test_read_format_cpio_svr4_gzip.c.ifdefed" startline="35" endline="65" function="DEFINE_TEST" hash="-1537577308386514218"></source>
			<source file="../../workspace/dataset/test/test_read_format_tgz.c.ifdefed" startline="35" endline="65" function="DEFINE_TEST" hash="6991326800989454000"></source>
			<source file="../../workspace/dataset/test/test_read_format_tbz.c.ifdefed" startline="36" endline="66" function="DEFINE_TEST" hash="5187356125919158590"></source>
			<source file="../../workspace/dataset/test/test_read_format_cpio_bin_xz.c.ifdefed" startline="47" endline="78" function="DEFINE_TEST" hash="6568087589857398136"></source>
			<source file="../../workspace/dataset/test/test_read_format_gtar_gz.c.ifdefed" startline="35" endline="65" function="DEFINE_TEST" hash="7212535740914100063"></source>
			<source file="../../workspace/dataset/test/test_read_format_txz.c.ifdefed" startline="41" endline="72" function="DEFINE_TEST" hash="-2198926509535745909"></source>
		</class>
	</version>
	<version nr="600" hash="7f2a31f4" evolution="Same" change="Consistent">
		<class nclones="8">
			<source file="../../workspace/dataset/test/test_read_format_pax_bz2.c.ifdefed" startline="43" endline="70" function="DEFINE_TEST" hash="-7023519262071205203"></source>
			<source file="../../workspace/dataset/test/test_read_format_cpio_svr4_gzip.c.ifdefed" startline="35" endline="62" function="DEFINE_TEST" hash="5286821276806591084"></source>
			<source file="../../workspace/dataset/test/test_read_format_txz.c.ifdefed" startline="41" endline="68" function="DEFINE_TEST" hash="8075630985789063518"></source>
			<source file="../../workspace/dataset/test/test_read_format_tgz.c.ifdefed" startline="35" endline="62" function="DEFINE_TEST" hash="3670686661139548286"></source>
			<source file="../../workspace/dataset/test/test_read_format_cpio_bin_xz.c.ifdefed" startline="47" endline="74" function="DEFINE_TEST" hash="-7366613011977550682"></source>
			<source file="../../workspace/dataset/test/test_read_format_gtar_gz.c.ifdefed" startline="35" endline="62" function="DEFINE_TEST" hash="4844289024219279569"></source>
			<source file="../../workspace/dataset/test/test_read_format_cpio_bin_gz.c.ifdefed" startline="34" endline="61" function="DEFINE_TEST" hash="-2827791513949132994"></source>
			<source file="../../workspace/dataset/test/test_read_format_tbz.c.ifdefed" startline="36" endline="63" function="DEFINE_TEST" hash="3488124459328048452"></source>
		</class>
	</version>
	<version nr="780" hash="ddfe5e49" evolution="Same" change="Same">
		<class nclones="8">
			<source file="../../workspace/dataset/test/test_read_format_pax_bz2.c.ifdefed" startline="43" endline="70" function="DEFINE_TEST" hash="-7023519262071205203"></source>
			<source file="../../workspace/dataset/test/test_read_format_cpio_svr4_gzip.c.ifdefed" startline="35" endline="62" function="DEFINE_TEST" hash="5286821276806591084"></source>
			<source file="../../workspace/dataset/test/test_read_format_txz.c.ifdefed" startline="41" endline="68" function="DEFINE_TEST" hash="8075630985789063518"></source>
			<source file="../../workspace/dataset/test/test_read_format_tgz.c.ifdefed" startline="35" endline="62" function="DEFINE_TEST" hash="3670686661139548286"></source>
			<source file="../../workspace/dataset/test/test_read_format_cpio_bin_xz.c.ifdefed" startline="47" endline="74" function="DEFINE_TEST" hash="-7366613011977550682"></source>
			<source file="../../workspace/dataset/test/test_read_format_gtar_gz.c.ifdefed" startline="35" endline="62" function="DEFINE_TEST" hash="4844289024219279569"></source>
			<source file="../../workspace/dataset/test/test_read_format_cpio_bin_gz.c.ifdefed" startline="34" endline="61" function="DEFINE_TEST" hash="-2827791513949132994"></source>
			<source file="../../workspace/dataset/test/test_read_format_tbz.c.ifdefed" startline="36" endline="63" function="DEFINE_TEST" hash="3488124459328048452"></source>
		</class>
	</version>
	<version nr="790" hash="21da38e5" evolution="Subtract" change="Consistent">
		<class nclones="2">
			<source file="../../workspace/dataset/test/test_read_format_cpio_bin_xz.c.ifdefed" startline="47" endline="69" function="DEFINE_TEST" hash="-3996541387293849506"></source>
			<source file="../../workspace/dataset/test/test_read_format_txz.c.ifdefed" startline="41" endline="63" function="DEFINE_TEST" hash="-9205206879446748774"></source>
		</class>
	</version>
	<version nr="1310" hash="bbaefa15" evolution="Same" change="Same">
		<class nclones="2">
			<source file="../../workspace/dataset/test/test_read_format_cpio_bin_xz.c.ifdefed" startline="47" endline="69" function="DEFINE_TEST" hash="-3996541387293849506"></source>
			<source file="../../workspace/dataset/test/test_read_format_txz.c.ifdefed" startline="41" endline="63" function="DEFINE_TEST" hash="-9205206879446748774"></source>
		</class>
	</version>
	<version nr="1320" hash="24dbaced" evolution="Add" change="Same">
		<class nclones="4">
			<source file="../../workspace/dataset/test/test_read_format_cpio_bin_xz.c.ifdefed" startline="47" endline="69" function="DEFINE_TEST" hash="-3996541387293849506"></source>
			<source file="../../workspace/dataset/test/test_read_format_tlz.c.ifdefed" startline="38" endline="60" function="DEFINE_TEST" hash="4581081674952524034"></source>
			<source file="../../workspace/dataset/test/test_read_format_txz.c.ifdefed" startline="41" endline="63" function="DEFINE_TEST" hash="-9205206879446748774"></source>
			<source file="../../workspace/dataset/test/test_read_format_cpio_bin_lzma.c.ifdefed" startline="37" endline="59" function="DEFINE_TEST" hash="-1364952947125336610"></source>
		</class>
	</version>
	<version nr="1570" hash="92ad55bb" evolution="Same" change="Same">
		<class nclones="4">
			<source file="../../workspace/dataset/test/test_read_format_cpio_bin_xz.c.ifdefed" startline="47" endline="69" function="DEFINE_TEST" hash="-3996541387293849506"></source>
			<source file="../../workspace/dataset/test/test_read_format_tlz.c.ifdefed" startline="38" endline="60" function="DEFINE_TEST" hash="4581081674952524034"></source>
			<source file="../../workspace/dataset/test/test_read_format_txz.c.ifdefed" startline="41" endline="63" function="DEFINE_TEST" hash="-9205206879446748774"></source>
			<source file="../../workspace/dataset/test/test_read_format_cpio_bin_lzma.c.ifdefed" startline="37" endline="59" function="DEFINE_TEST" hash="-1364952947125336610"></source>
		</class>
	</version>
	<version nr="1580" hash="9890b31f" evolution="Same" change="Consistent">
		<class nclones="4">
			<source file="../../workspace/dataset/test/test_read_format_cpio_bin_xz.c.ifdefed" startline="47" endline="69" function="DEFINE_TEST" hash="-1147425452121089562"></source>
			<source file="../../workspace/dataset/test/test_read_format_tlz.c.ifdefed" startline="38" endline="60" function="DEFINE_TEST" hash="-943929568927962770"></source>
			<source file="../../workspace/dataset/test/test_read_format_cpio_bin_lzma.c.ifdefed" startline="37" endline="59" function="DEFINE_TEST" hash="-5582587472258150018"></source>
			<source file="../../workspace/dataset/test/test_read_format_txz.c.ifdefed" startline="41" endline="63" function="DEFINE_TEST" hash="2110673879127354934"></source>
		</class>
	</version>
	<version nr="1820" hash="4bd4adf1" evolution="Same" change="Same">
		<class nclones="4">
			<source file="../../workspace/dataset/test/test_read_format_cpio_bin_xz.c.ifdefed" startline="47" endline="69" function="DEFINE_TEST" hash="-1147425452121089562"></source>
			<source file="../../workspace/dataset/test/test_read_format_tlz.c.ifdefed" startline="38" endline="60" function="DEFINE_TEST" hash="-943929568927962770"></source>
			<source file="../../workspace/dataset/test/test_read_format_cpio_bin_lzma.c.ifdefed" startline="37" endline="59" function="DEFINE_TEST" hash="-5582587472258150018"></source>
			<source file="../../workspace/dataset/test/test_read_format_txz.c.ifdefed" startline="41" endline="63" function="DEFINE_TEST" hash="2110673879127354934"></source>
		</class>
	</version>
	<version nr="1830" hash="ee2fdc45" evolution="Add" change="Same">
		<class nclones="5">
			<source file="../../workspace/dataset/test/test_read_format_cpio_bin_lzip.c.ifdefed" startline="38" endline="60" function="DEFINE_TEST" hash="-2214565936458536871"></source>
			<source file="../../workspace/dataset/test/test_read_format_tlz.c.ifdefed" startline="38" endline="60" function="DEFINE_TEST" hash="-943929568927962770"></source>
			<source file="../../workspace/dataset/test/test_read_format_cpio_bin_xz.c.ifdefed" startline="47" endline="69" function="DEFINE_TEST" hash="-1147425452121089562"></source>
			<source file="../../workspace/dataset/test/test_read_format_cpio_bin_lzma.c.ifdefed" startline="37" endline="59" function="DEFINE_TEST" hash="-5582587472258150018"></source>
			<source file="../../workspace/dataset/test/test_read_format_txz.c.ifdefed" startline="41" endline="63" function="DEFINE_TEST" hash="2110673879127354934"></source>
		</class>
	</version>
	<version nr="2280" hash="934ed638" evolution="Same" change="Same">
		<class nclones="5">
			<source file="../../workspace/dataset/test/test_read_format_cpio_bin_lzip.c.ifdefed" startline="38" endline="60" function="DEFINE_TEST" hash="-2214565936458536871"></source>
			<source file="../../workspace/dataset/test/test_read_format_tlz.c.ifdefed" startline="38" endline="60" function="DEFINE_TEST" hash="-943929568927962770"></source>
			<source file="../../workspace/dataset/test/test_read_format_cpio_bin_xz.c.ifdefed" startline="47" endline="69" function="DEFINE_TEST" hash="-1147425452121089562"></source>
			<source file="../../workspace/dataset/test/test_read_format_cpio_bin_lzma.c.ifdefed" startline="37" endline="59" function="DEFINE_TEST" hash="-5582587472258150018"></source>
			<source file="../../workspace/dataset/test/test_read_format_txz.c.ifdefed" startline="41" endline="63" function="DEFINE_TEST" hash="2110673879127354934"></source>
		</class>
	</version>
	<version nr="2290" hash="323c72ca" evolution="Same" change="Consistent">
		<class nclones="5">
			<source file="../../workspace/dataset/test/test_read_format_cpio_bin_lzip.c.ifdefed" startline="38" endline="60" function="DEFINE_TEST" hash="-425890484154029121"></source>
			<source file="../../workspace/dataset/test/test_read_format_cpio_bin_xz.c.ifdefed" startline="47" endline="69" function="DEFINE_TEST" hash="-9143218837998477388"></source>
			<source file="../../workspace/dataset/test/test_read_format_tlz.c.ifdefed" startline="38" endline="60" function="DEFINE_TEST" hash="3081808884673376428"></source>
			<source file="../../workspace/dataset/test/test_read_format_cpio_bin_lzma.c.ifdefed" startline="37" endline="59" function="DEFINE_TEST" hash="-8658884071565567384"></source>
			<source file="../../workspace/dataset/test/test_read_format_txz.c.ifdefed" startline="41" endline="63" function="DEFINE_TEST" hash="5725601239144054432"></source>
		</class>
	</version>
	<version nr="2570" hash="b3d3adb4" evolution="Same" change="Same">
		<class nclones="5">
			<source file="../../workspace/dataset/test/test_read_format_cpio_bin_lzip.c.ifdefed" startline="38" endline="60" function="DEFINE_TEST" hash="-425890484154029121"></source>
			<source file="../../workspace/dataset/test/test_read_format_tlz.c.ifdefed" startline="38" endline="60" function="DEFINE_TEST" hash="3081808884673376428"></source>
			<source file="../../workspace/dataset/test/test_read_format_cpio_bin_xz.c.ifdefed" startline="47" endline="69" function="DEFINE_TEST" hash="-9143218837998477388"></source>
			<source file="../../workspace/dataset/test/test_read_format_txz.c.ifdefed" startline="41" endline="63" function="DEFINE_TEST" hash="5725601239144054432"></source>
			<source file="../../workspace/dataset/test/test_read_format_cpio_bin_lzma.c.ifdefed" startline="37" endline="59" function="DEFINE_TEST" hash="-8658884071565567384"></source>
		</class>
	</version>
	<version nr="2580" hash="ff3b75e9" evolution="Same" change="Inconsistent">
		<class nclones="5">
			<source file="../../workspace/dataset/test/test_read_format_cpio_bin_lzip.c.ifdefed" startline="38" endline="60" function="DEFINE_TEST" hash="-425890484154029121"></source>
			<source file="../../workspace/dataset/test/test_read_format_txz.c.ifdefed" startline="41" endline="64" function="DEFINE_TEST" hash="-9046586020116544605"></source>
			<source file="../../workspace/dataset/test/test_read_format_cpio_bin_lzma.c.ifdefed" startline="37" endline="59" function="DEFINE_TEST" hash="-8658884071565567384"></source>
			<source file="../../workspace/dataset/test/test_read_format_cpio_bin_xz.c.ifdefed" startline="47" endline="69" function="DEFINE_TEST" hash="-9143218837998477388"></source>
			<source file="../../workspace/dataset/test/test_read_format_tlz.c.ifdefed" startline="38" endline="61" function="DEFINE_TEST" hash="951446904282782539"></source>
		</class>
	</version>
	<version nr="3330" hash="66b1a0b7" evolution="Same" change="Same">
		<class nclones="5">
			<source file="../../workspace/dataset/test/test_read_format_cpio_bin_lzip.c.ifdefed" startline="38" endline="60" function="DEFINE_TEST" hash="-425890484154029121"></source>
			<source file="../../workspace/dataset/test/test_read_format_cpio_bin_xz.c.ifdefed" startline="47" endline="69" function="DEFINE_TEST" hash="-9143218837998477388"></source>
			<source file="../../workspace/dataset/test/test_read_format_txz.c.ifdefed" startline="41" endline="64" function="DEFINE_TEST" hash="-9046586020116544605"></source>
			<source file="../../workspace/dataset/test/test_read_format_tlz.c.ifdefed" startline="38" endline="61" function="DEFINE_TEST" hash="951446904282782539"></source>
			<source file="../../workspace/dataset/test/test_read_format_cpio_bin_lzma.c.ifdefed" startline="37" endline="59" function="DEFINE_TEST" hash="-8658884071565567384"></source>
		</class>
	</version>
	<version nr="3340" hash="737e1a51" evolution="Same" change="Consistent">
		<class nclones="5">
			<source file="../../workspace/dataset/test/test_read_format_cpio_bin_lzip.c.ifdefed" startline="38" endline="60" function="DEFINE_TEST" hash="37666825152973993"></source>
			<source file="../../workspace/dataset/test/test_read_format_cpio_bin_lzma.c.ifdefed" startline="37" endline="59" function="DEFINE_TEST" hash="-3994406443899801438"></source>
			<source file="../../workspace/dataset/test/test_read_format_tlz.c.ifdefed" startline="38" endline="61" function="DEFINE_TEST" hash="1374055856958075281"></source>
			<source file="../../workspace/dataset/test/test_read_format_cpio_bin_xz.c.ifdefed" startline="47" endline="69" function="DEFINE_TEST" hash="4075043697033619762"></source>
			<source file="../../workspace/dataset/test/test_read_format_txz.c.ifdefed" startline="41" endline="64" function="DEFINE_TEST" hash="-3043580226036133059"></source>
		</class>
	</version>
	<version nr="3350" hash="42b5086d" evolution="Same" change="Same">
		<class nclones="5">
			<source file="../../workspace/dataset/test/test_read_format_cpio_bin_lzip.c.ifdefed" startline="38" endline="60" function="DEFINE_TEST" hash="37666825152973993"></source>
			<source file="../../workspace/dataset/test/test_read_format_txz.c.ifdefed" startline="41" endline="64" function="DEFINE_TEST" hash="-3043580226036133059"></source>
			<source file="../../workspace/dataset/test/test_read_format_cpio_bin_lzma.c.ifdefed" startline="37" endline="59" function="DEFINE_TEST" hash="-3994406443899801438"></source>
			<source file="../../workspace/dataset/test/test_read_format_tlz.c.ifdefed" startline="38" endline="61" function="DEFINE_TEST" hash="1374055856958075281"></source>
			<source file="../../workspace/dataset/test/test_read_format_cpio_bin_xz.c.ifdefed" startline="47" endline="69" function="DEFINE_TEST" hash="4075043697033619762"></source>
		</class>
	</version>
	<version nr="3360" hash="7a90710e" evolution="Same" change="Consistent">
		<class nclones="5">
			<source file="../../workspace/dataset/test/test_read_format_cpio_bin_lzip.c.ifdefed" startline="38" endline="62" function="DEFINE_TEST" hash="-8067965541810818482"></source>
			<source file="../../workspace/dataset/test/test_read_format_cpio_bin_xz.c.ifdefed" startline="47" endline="71" function="DEFINE_TEST" hash="-610857471461646325"></source>
			<source file="../../workspace/dataset/test/test_read_format_cpio_bin_lzma.c.ifdefed" startline="37" endline="61" function="DEFINE_TEST" hash="7618916097002577623"></source>
			<source file="../../workspace/dataset/test/test_read_format_tlz.c.ifdefed" startline="38" endline="63" function="DEFINE_TEST" hash="5944261922940757160"></source>
			<source file="../../workspace/dataset/test/test_read_format_txz.c.ifdefed" startline="41" endline="66" function="DEFINE_TEST" hash="-4780500208028411104"></source>
		</class>
	</version>
	<version nr="4600" hash="fd8fe9c5" evolution="Same" change="Same">
		<class nclones="5">
			<source file="../../workspace/dataset/test/test_read_format_cpio_bin_lzip.c.ifdefed" startline="38" endline="62" function="DEFINE_TEST" hash="-8067965541810818482"></source>
			<source file="../../workspace/dataset/test/test_read_format_cpio_bin_xz.c.ifdefed" startline="47" endline="71" function="DEFINE_TEST" hash="-610857471461646325"></source>
			<source file="../../workspace/dataset/test/test_read_format_tlz.c.ifdefed" startline="38" endline="63" function="DEFINE_TEST" hash="5944261922940757160"></source>
			<source file="../../workspace/dataset/test/test_read_format_txz.c.ifdefed" startline="41" endline="66" function="DEFINE_TEST" hash="-4780500208028411104"></source>
			<source file="../../workspace/dataset/test/test_read_format_cpio_bin_lzma.c.ifdefed" startline="37" endline="61" function="DEFINE_TEST" hash="7618916097002577623"></source>
		</class>
	</version>
</lineage>
<lineage>
	<version nr="0" hash="8f776fd9" evolution="None" change="None">
		<class nclones="2">
			<source file="../../workspace/dataset/test/test_acl_pax.c.ifdefed" startline="318" endline="344" function="acl_match" hash="1020565832682849843"></source>
			<source file="../../workspace/dataset/test/test_acl_basic.c.ifdefed" startline="93" endline="119" function="acl_match" hash="1020565832682849843"></source>
		</class>
	</version>
	<version nr="3830" hash="412c186d" evolution="Same" change="Consistent">
		<class nclones="2">
			<source file="../../workspace/dataset/test/test_acl_pax.c.ifdefed" startline="94" endline="116" function="acl_match" hash="-3229746702349140689"></source>
			<source file="../../workspace/dataset/test/test_compat_star_acl_posix1e.c.ifdefed" startline="87" endline="109" function="acl_match" hash="734211370431013422"></source>
		</class>
	</version>
	<version nr="3860" hash="30528ed7" evolution="Same" change="Same">
		<class nclones="2">
			<source file="../../workspace/dataset/test/test_acl_pax.c.ifdefed" startline="94" endline="116" function="acl_match" hash="-3229746702349140689"></source>
			<source file="../../workspace/dataset/test/test_compat_star_acl_posix1e.c.ifdefed" startline="87" endline="109" function="acl_match" hash="734211370431013422"></source>
		</class>
	</version>
</lineage>
<lineage>
	<version nr="0" hash="8f776fd9" evolution="None" change="None">
		<class nclones="2">
			<source file="../../workspace/dataset/test/test_acl_pax.c.ifdefed" startline="346" endline="406" function="compare_acls" hash="-8033844526120310763"></source>
			<source file="../../workspace/dataset/test/test_acl_basic.c.ifdefed" startline="121" endline="181" function="compare_acls" hash="-8033844526120310763"></source>
		</class>
	</version>
	<version nr="1570" hash="92ad55bb" evolution="Same" change="Same">
		<class nclones="2">
			<source file="../../workspace/dataset/test/test_acl_pax.c.ifdefed" startline="342" endline="402" function="compare_acls" hash="-8033844526120310763"></source>
			<source file="../../workspace/dataset/test/test_acl_basic.c.ifdefed" startline="121" endline="181" function="compare_acls" hash="-8033844526120310763"></source>
		</class>
	</version>
	<version nr="1580" hash="9890b31f" evolution="Same" change="Consistent">
		<class nclones="2">
			<source file="../../workspace/dataset/test/test_acl_pax.c.ifdefed" startline="342" endline="397" function="compare_acls" hash="-9081056905764318784"></source>
			<source file="../../workspace/dataset/test/test_acl_basic.c.ifdefed" startline="120" endline="175" function="compare_acls" hash="-9081056905764318784"></source>
		</class>
	</version>
	<version nr="3170" hash="1ec54f09" evolution="Same" change="Same">
		<class nclones="2">
			<source file="../../workspace/dataset/test/test_acl_pax.c.ifdefed" startline="342" endline="397" function="compare_acls" hash="-9081056905764318784"></source>
			<source file="../../workspace/dataset/test/test_acl_basic.c.ifdefed" startline="120" endline="175" function="compare_acls" hash="-9081056905764318784"></source>
		</class>
	</version>
	<version nr="3180" hash="3439b41d" evolution="Same" change="Consistent">
		<class nclones="2">
			<source file="../../workspace/dataset/test/test_acl_posix1e.c.ifdefed" startline="148" endline="203" function="compare_acls" hash="-6852997336968429815"></source>
			<source file="../../workspace/dataset/test/test_acl_pax.c.ifdefed" startline="118" endline="173" function="compare_acls" hash="-6852997336968429815"></source>
		</class>
	</version>
	<version nr="3820" hash="ba3dec44" evolution="Same" change="Same">
		<class nclones="2">
			<source file="../../workspace/dataset/test/test_acl_posix1e.c.ifdefed" startline="148" endline="203" function="compare_acls" hash="-6852997336968429815"></source>
			<source file="../../workspace/dataset/test/test_acl_pax.c.ifdefed" startline="118" endline="173" function="compare_acls" hash="-6852997336968429815"></source>
		</class>
	</version>
	<version nr="3830" hash="412c186d" evolution="Add" change="Same">
		<class nclones="3">
			<source file="../../workspace/dataset/test/test_acl_posix1e.c.ifdefed" startline="150" endline="205" function="compare_acls" hash="-6852997336968429815"></source>
			<source file="../../workspace/dataset/test/test_compat_star_acl_posix1e.c.ifdefed" startline="111" endline="172" function="compare_acls" hash="-8769697160693170123"></source>
			<source file="../../workspace/dataset/test/test_acl_pax.c.ifdefed" startline="118" endline="173" function="compare_acls" hash="-6852997336968429815"></source>
		</class>
	</version>
	<version nr="3860" hash="30528ed7" evolution="Same" change="Same">
		<class nclones="3">
			<source file="../../workspace/dataset/test/test_acl_posix1e.c.ifdefed" startline="150" endline="205" function="compare_acls" hash="-6852997336968429815"></source>
			<source file="../../workspace/dataset/test/test_compat_star_acl_posix1e.c.ifdefed" startline="111" endline="172" function="compare_acls" hash="-8769697160693170123"></source>
			<source file="../../workspace/dataset/test/test_acl_pax.c.ifdefed" startline="118" endline="173" function="compare_acls" hash="-6852997336968429815"></source>
		</class>
	</version>
</lineage>
<lineage>
	<version nr="10" hash="88d7f886" evolution="None" change="None">
		<class nclones="2">
			<source file="../../workspace/dataset/test/test_option_help.c.ifdefed" startline="46" endline="81" function="DEFINE_TEST" hash="-2289483344001783920"></source>
			<source file="../../workspace/dataset/test/test_help.c.ifdefed" startline="46" endline="81" function="DEFINE_TEST" hash="8698245063409614320"></source>
		</class>
	</version>
	<version nr="1500" hash="8a2b69d2" evolution="Same" change="Same">
		<class nclones="2">
			<source file="../../workspace/dataset/test/test_option_help.c.ifdefed" startline="46" endline="81" function="DEFINE_TEST" hash="-2289483344001783920"></source>
			<source file="../../workspace/dataset/test/test_help.c.ifdefed" startline="46" endline="81" function="DEFINE_TEST" hash="8698245063409614320"></source>
		</class>
	</version>
	<version nr="1510" hash="57a2f651" evolution="Same" change="Consistent">
		<class nclones="2">
			<source file="../../workspace/dataset/test/test_option_help.c.ifdefed" startline="46" endline="84" function="DEFINE_TEST" hash="-4429620402532704003"></source>
			<source file="../../workspace/dataset/test/test_help.c.ifdefed" startline="46" endline="84" function="DEFINE_TEST" hash="-4920468755787048419"></source>
		</class>
	</version>
	<version nr="3400" hash="7687c84c" evolution="Same" change="Same">
		<class nclones="2">
			<source file="../../workspace/dataset/test/test_option_help.c.ifdefed" startline="46" endline="84" function="DEFINE_TEST" hash="-4429620402532704003"></source>
			<source file="../../workspace/dataset/test/test_help.c.ifdefed" startline="46" endline="84" function="DEFINE_TEST" hash="-4920468755787048419"></source>
		</class>
	</version>
</lineage>
<lineage>
	<version nr="110" hash="538aae05" evolution="None" change="None">
		<class nclones="2">
			<source file="../../workspace/dataset/test/main.c.ifdefed" startline="544" endline="563" function="test_assert_file_exists" hash="-2397811696793133184"></source>
			<source file="../../workspace/dataset/test/main.c.ifdefed" startline="565" endline="584" function="test_assert_file_not_exists" hash="1677866510647000359"></source>
		</class>
	</version>
	<version nr="1040" hash="dfb8fc79" evolution="Same" change="Same">
		<class nclones="2">
			<source file="../../workspace/dataset/test/main.c.ifdefed" startline="544" endline="563" function="test_assert_file_exists" hash="-2397811696793133184"></source>
			<source file="../../workspace/dataset/test/main.c.ifdefed" startline="565" endline="584" function="test_assert_file_not_exists" hash="1677866510647000359"></source>
		</class>
	</version>
	<version nr="1050" hash="c19e6a17" evolution="Same" change="Consistent">
		<class nclones="2">
			<source file="../../workspace/dataset/test/main.c.ifdefed" startline="634" endline="653" function="test_assert_file_exists" hash="5137120164309187688"></source>
			<source file="../../workspace/dataset/test/main.c.ifdefed" startline="655" endline="674" function="test_assert_file_not_exists" hash="-6177387026692198065"></source>
		</class>
	</version>
	<version nr="1070" hash="46bdaad4" evolution="Same" change="Same">
		<class nclones="2">
			<source file="../../workspace/dataset/test/main.c.ifdefed" startline="634" endline="653" function="test_assert_file_exists" hash="5137120164309187688"></source>
			<source file="../../workspace/dataset/test/main.c.ifdefed" startline="655" endline="674" function="test_assert_file_not_exists" hash="-6177387026692198065"></source>
		</class>
	</version>
	<version nr="1080" hash="e4c04edb" evolution="Same" change="Consistent">
		<class nclones="2">
			<source file="../../workspace/dataset/test/main.c.ifdefed" startline="672" endline="698" function="test_assert_file_exists" hash="4235572005133638463"></source>
			<source file="../../workspace/dataset/test/main.c.ifdefed" startline="700" endline="726" function="test_assert_file_not_exists" hash="5454210116861437466"></source>
		</class>
	</version>
	<version nr="1130" hash="0f7a479b" evolution="Same" change="Same">
		<class nclones="2">
			<source file="../../workspace/dataset/test/main.c.ifdefed" startline="672" endline="698" function="test_assert_file_exists" hash="4235572005133638463"></source>
			<source file="../../workspace/dataset/test/main.c.ifdefed" startline="700" endline="726" function="test_assert_file_not_exists" hash="5454210116861437466"></source>
		</class>
	</version>
	<version nr="1140" hash="216ce7bb" evolution="Same" change="Consistent">
		<class nclones="2">
			<source file="../../workspace/dataset/test/main.c.ifdefed" startline="633" endline="656" function="test_assert_file_exists" hash="7455994084084233583"></source>
			<source file="../../workspace/dataset/test/main.c.ifdefed" startline="658" endline="681" function="test_assert_file_not_exists" hash="-462321084821498581"></source>
		</class>
	</version>
	<version nr="1190" hash="805ea8e1" evolution="Same" change="Same">
		<class nclones="2">
			<source file="../../workspace/dataset/test/main.c.ifdefed" startline="633" endline="656" function="test_assert_file_exists" hash="7455994084084233583"></source>
			<source file="../../workspace/dataset/test/main.c.ifdefed" startline="658" endline="681" function="test_assert_file_not_exists" hash="-462321084821498581"></source>
		</class>
	</version>
</lineage>
<lineage>
	<version nr="260" hash="2d96c65b" evolution="None" change="None">
		<class nclones="2">
			<source file="../../workspace/dataset/test/test_compat_bzip2.c.ifdefed" startline="41" endline="80" function="compat_bzip2" hash="8783769160348888792"></source>
			<source file="../../workspace/dataset/test/test_compat_gzip.c.ifdefed" startline="41" endline="80" function="verify" hash="420656372238990231"></source>
		</class>
	</version>
	<version nr="580" hash="d6806284" evolution="Same" change="Same">
		<class nclones="2">
			<source file="../../workspace/dataset/test/test_compat_bzip2.c.ifdefed" startline="41" endline="80" function="compat_bzip2" hash="8783769160348888792"></source>
			<source file="../../workspace/dataset/test/test_compat_gzip.c.ifdefed" startline="41" endline="80" function="verify" hash="420656372238990231"></source>
		</class>
	</version>
	<version nr="590" hash="190f9593" evolution="Add" change="Consistent">
		<class nclones="3">
			<source file="../../workspace/dataset/test/test_compat_bzip2.c.ifdefed" startline="41" endline="91" function="compat_bzip2" hash="-8640246334830892264"></source>
			<source file="../../workspace/dataset/test/test_compat_xz.c.ifdefed" startline="40" endline="90" function="compat_xz" hash="-9012623139735590664"></source>
			<source file="../../workspace/dataset/test/test_compat_gzip.c.ifdefed" startline="41" endline="91" function="verify" hash="-8288077937359630267"></source>
		</class>
	</version>
	<version nr="600" hash="7f2a31f4" evolution="Same" change="Consistent">
		<class nclones="3">
			<source file="../../workspace/dataset/test/test_compat_bzip2.c.ifdefed" startline="41" endline="88" function="compat_bzip2" hash="2185113323364317437"></source>
			<source file="../../workspace/dataset/test/test_compat_xz.c.ifdefed" startline="40" endline="87" function="compat_xz" hash="1938977621285775733"></source>
			<source file="../../workspace/dataset/test/test_compat_gzip.c.ifdefed" startline="41" endline="88" function="verify" hash="-2442760660338093192"></source>
		</class>
	</version>
	<version nr="780" hash="ddfe5e49" evolution="Same" change="Same">
		<class nclones="3">
			<source file="../../workspace/dataset/test/test_compat_bzip2.c.ifdefed" startline="41" endline="88" function="compat_bzip2" hash="2185113323364317437"></source>
			<source file="../../workspace/dataset/test/test_compat_xz.c.ifdefed" startline="40" endline="87" function="compat_xz" hash="1938977621285775733"></source>
			<source file="../../workspace/dataset/test/test_compat_gzip.c.ifdefed" startline="41" endline="88" function="verify" hash="-2442760660338093192"></source>
		</class>
	</version>
	<version nr="1320" hash="24dbaced" evolution="Subtract" change="Consistent">
		<class nclones="2">
			<source file="../../workspace/dataset/test/test_compat_xz.c.ifdefed" startline="40" endline="78" function="compat_xz" hash="-64822621344329975"></source>
			<source file="../../workspace/dataset/test/test_compat_lzma.c.ifdefed" startline="101" endline="139" function="compat_lzma" hash="5814101260169544869"></source>
		</class>
	</version>
	<version nr="1570" hash="92ad55bb" evolution="Same" change="Same">
		<class nclones="2">
			<source file="../../workspace/dataset/test/test_compat_xz.c.ifdefed" startline="40" endline="78" function="compat_xz" hash="-64822621344329975"></source>
			<source file="../../workspace/dataset/test/test_compat_lzma.c.ifdefed" startline="101" endline="139" function="compat_lzma" hash="5814101260169544869"></source>
		</class>
	</version>
	<version nr="1580" hash="9890b31f" evolution="Same" change="Consistent">
		<class nclones="2">
			<source file="../../workspace/dataset/test/test_compat_xz.c.ifdefed" startline="40" endline="78" function="compat_xz" hash="-539271191672313149"></source>
			<source file="../../workspace/dataset/test/test_compat_lzma.c.ifdefed" startline="101" endline="139" function="compat_lzma" hash="8518530286147294451"></source>
		</class>
	</version>
	<version nr="1820" hash="4bd4adf1" evolution="Same" change="Same">
		<class nclones="2">
			<source file="../../workspace/dataset/test/test_compat_xz.c.ifdefed" startline="40" endline="78" function="compat_xz" hash="-539271191672313149"></source>
			<source file="../../workspace/dataset/test/test_compat_lzma.c.ifdefed" startline="101" endline="139" function="compat_lzma" hash="8518530286147294451"></source>
		</class>
	</version>
	<version nr="1830" hash="ee2fdc45" evolution="Add" change="Same">
		<class nclones="3">
			<source file="../../workspace/dataset/test/test_compat_xz.c.ifdefed" startline="40" endline="78" function="compat_xz" hash="-539271191672313149"></source>
			<source file="../../workspace/dataset/test/test_compat_lzip.c.ifdefed" startline="92" endline="130" function="compat_lzip" hash="8938138936208757674"></source>
			<source file="../../workspace/dataset/test/test_compat_lzma.c.ifdefed" startline="101" endline="139" function="compat_lzma" hash="8518530286147294451"></source>
		</class>
	</version>
	<version nr="2280" hash="934ed638" evolution="Same" change="Same">
		<class nclones="3">
			<source file="../../workspace/dataset/test/test_compat_xz.c.ifdefed" startline="40" endline="78" function="compat_xz" hash="-539271191672313149"></source>
			<source file="../../workspace/dataset/test/test_compat_lzip.c.ifdefed" startline="92" endline="130" function="compat_lzip" hash="8938138936208757674"></source>
			<source file="../../workspace/dataset/test/test_compat_lzma.c.ifdefed" startline="101" endline="139" function="compat_lzma" hash="8518530286147294451"></source>
		</class>
	</version>
	<version nr="2290" hash="323c72ca" evolution="Same" change="Consistent">
		<class nclones="3">
			<source file="../../workspace/dataset/test/test_compat_xz.c.ifdefed" startline="40" endline="78" function="compat_xz" hash="6655199838975216625"></source>
			<source file="../../workspace/dataset/test/test_compat_lzip.c.ifdefed" startline="92" endline="130" function="compat_lzip" hash="2711050553272306240"></source>
			<source file="../../workspace/dataset/test/test_compat_lzma.c.ifdefed" startline="101" endline="139" function="compat_lzma" hash="8831503445686915981"></source>
		</class>
	</version>
	<version nr="3330" hash="66b1a0b7" evolution="Same" change="Same">
		<class nclones="3">
			<source file="../../workspace/dataset/test/test_compat_xz.c.ifdefed" startline="40" endline="78" function="compat_xz" hash="6655199838975216625"></source>
			<source file="../../workspace/dataset/test/test_compat_lzma.c.ifdefed" startline="101" endline="139" function="compat_lzma" hash="8831503445686915981"></source>
			<source file="../../workspace/dataset/test/test_compat_lzip.c.ifdefed" startline="92" endline="130" function="compat_lzip" hash="2711050553272306240"></source>
		</class>
	</version>
	<version nr="3340" hash="737e1a51" evolution="Same" change="Consistent">
		<class nclones="3">
			<source file="../../workspace/dataset/test/test_compat_xz.c.ifdefed" startline="40" endline="78" function="compat_xz" hash="2063102335427178587"></source>
			<source file="../../workspace/dataset/test/test_compat_lzip.c.ifdefed" startline="92" endline="130" function="compat_lzip" hash="2282436383901007118"></source>
			<source file="../../workspace/dataset/test/test_compat_lzma.c.ifdefed" startline="101" endline="139" function="compat_lzma" hash="-1807395612624777713"></source>
		</class>
	</version>
	<version nr="4060" hash="d8c7f2e5" evolution="Same" change="Same">
		<class nclones="3">
			<source file="../../workspace/dataset/test/test_compat_xz.c.ifdefed" startline="40" endline="78" function="compat_xz" hash="2063102335427178587"></source>
			<source file="../../workspace/dataset/test/test_compat_lzip.c.ifdefed" startline="92" endline="130" function="compat_lzip" hash="2282436383901007118"></source>
			<source file="../../workspace/dataset/test/test_compat_lzma.c.ifdefed" startline="101" endline="139" function="compat_lzma" hash="-1807395612624777713"></source>
		</class>
	</version>
	<version nr="4070" hash="227d33ae" evolution="Add" change="Same">
		<class nclones="4">
			<source file="../../workspace/dataset/test/test_compat_zstd.c.ifdefed" startline="36" endline="74" function="compat_zstd" hash="-6246268336572808670"></source>
			<source file="../../workspace/dataset/test/test_compat_lzma.c.ifdefed" startline="101" endline="139" function="compat_lzma" hash="-1807395612624777713"></source>
			<source file="../../workspace/dataset/test/test_compat_lzip.c.ifdefed" startline="92" endline="130" function="compat_lzip" hash="2282436383901007118"></source>
			<source file="../../workspace/dataset/test/test_compat_xz.c.ifdefed" startline="40" endline="78" function="compat_xz" hash="2063102335427178587"></source>
		</class>
	</version>
	<version nr="4600" hash="fd8fe9c5" evolution="Same" change="Same">
		<class nclones="4">
			<source file="../../workspace/dataset/test/test_compat_zstd.c.ifdefed" startline="36" endline="74" function="compat_zstd" hash="-6246268336572808670"></source>
			<source file="../../workspace/dataset/test/test_compat_lzma.c.ifdefed" startline="101" endline="139" function="compat_lzma" hash="-1807395612624777713"></source>
			<source file="../../workspace/dataset/test/test_compat_lzip.c.ifdefed" startline="92" endline="130" function="compat_lzip" hash="2282436383901007118"></source>
			<source file="../../workspace/dataset/test/test_compat_xz.c.ifdefed" startline="40" endline="78" function="compat_xz" hash="2063102335427178587"></source>
		</class>
	</version>
</lineage>
<lineage>
	<version nr="340" hash="10afaa57" evolution="None" change="None">
		<class nclones="2">
			<source file="../../workspace/dataset/test/test_read_format_cpio_odc.c.ifdefed" startline="49" endline="66" function="DEFINE_TEST" hash="5977425288433887824"></source>
			<source file="../../workspace/dataset/test/test_read_format_cpio_bin.c.ifdefed" startline="45" endline="62" function="DEFINE_TEST" hash="5630131358024948418"></source>
		</class>
	</version>
	<version nr="1570" hash="92ad55bb" evolution="Same" change="Same">
		<class nclones="2">
			<source file="../../workspace/dataset/test/test_read_format_cpio_odc.c.ifdefed" startline="49" endline="66" function="DEFINE_TEST" hash="5977425288433887824"></source>
			<source file="../../workspace/dataset/test/test_read_format_cpio_bin.c.ifdefed" startline="45" endline="62" function="DEFINE_TEST" hash="5630131358024948418"></source>
		</class>
	</version>
	<version nr="1580" hash="9890b31f" evolution="Same" change="Consistent">
		<class nclones="2">
			<source file="../../workspace/dataset/test/test_read_format_cpio_odc.c.ifdefed" startline="49" endline="62" function="DEFINE_TEST" hash="4063729166064393429"></source>
			<source file="../../workspace/dataset/test/test_read_format_cpio_bin.c.ifdefed" startline="45" endline="58" function="DEFINE_TEST" hash="-7959367981734485797"></source>
		</class>
	</version>
	<version nr="2280" hash="934ed638" evolution="Same" change="Same">
		<class nclones="2">
			<source file="../../workspace/dataset/test/test_read_format_cpio_odc.c.ifdefed" startline="49" endline="62" function="DEFINE_TEST" hash="4063729166064393429"></source>
			<source file="../../workspace/dataset/test/test_read_format_cpio_bin.c.ifdefed" startline="45" endline="58" function="DEFINE_TEST" hash="-7959367981734485797"></source>
		</class>
	</version>
	<version nr="2290" hash="323c72ca" evolution="Same" change="Consistent">
		<class nclones="2">
			<source file="../../workspace/dataset/test/test_read_format_cpio_odc.c.ifdefed" startline="49" endline="62" function="DEFINE_TEST" hash="-5227695289637865548"></source>
			<source file="../../workspace/dataset/test/test_read_format_cpio_bin.c.ifdefed" startline="45" endline="58" function="DEFINE_TEST" hash="3600846618229170366"></source>
		</class>
	</version>
	<version nr="2570" hash="b3d3adb4" evolution="Same" change="Same">
		<class nclones="2">
			<source file="../../workspace/dataset/test/test_read_format_cpio_odc.c.ifdefed" startline="49" endline="62" function="DEFINE_TEST" hash="-5227695289637865548"></source>
			<source file="../../workspace/dataset/test/test_read_format_cpio_bin.c.ifdefed" startline="45" endline="58" function="DEFINE_TEST" hash="3600846618229170366"></source>
		</class>
	</version>
	<version nr="2580" hash="ff3b75e9" evolution="Same" change="Inconsistent">
		<class nclones="2">
			<source file="../../workspace/dataset/test/test_read_format_cpio_odc.c.ifdefed" startline="49" endline="62" function="DEFINE_TEST" hash="-5227695289637865548"></source>
			<source file="../../workspace/dataset/test/test_read_format_cpio_bin.c.ifdefed" startline="45" endline="59" function="DEFINE_TEST" hash="9123247924190115209"></source>
		</class>
	</version>
	<version nr="2770" hash="c72af9e1" evolution="Same" change="Same">
		<class nclones="2">
			<source file="../../workspace/dataset/test/test_read_format_cpio_odc.c.ifdefed" startline="49" endline="62" function="DEFINE_TEST" hash="-5227695289637865548"></source>
			<source file="../../workspace/dataset/test/test_read_format_cpio_bin.c.ifdefed" startline="45" endline="59" function="DEFINE_TEST" hash="9123247924190115209"></source>
		</class>
	</version>
	<version nr="3360" hash="7a90710e" evolution="Same" change="Consistent">
		<class nclones="2">
			<source file="../../workspace/dataset/test/test_read_format_cpio_odc.c.ifdefed" startline="49" endline="64" function="DEFINE_TEST" hash="-5547123873443733493"></source>
			<source file="../../workspace/dataset/test/test_read_format_empty.c.ifdefed" startline="30" endline="45" function="DEFINE_TEST" hash="7385370984697598613"></source>
		</class>
	</version>
	<version nr="4600" hash="fd8fe9c5" evolution="Same" change="Same">
		<class nclones="2">
			<source file="../../workspace/dataset/test/test_read_format_cpio_odc.c.ifdefed" startline="49" endline="64" function="DEFINE_TEST" hash="-5547123873443733493"></source>
			<source file="../../workspace/dataset/test/test_read_format_empty.c.ifdefed" startline="30" endline="45" function="DEFINE_TEST" hash="7385370984697598613"></source>
		</class>
	</version>
</lineage>
<lineage>
	<version nr="510" hash="325e5c14" evolution="None" change="None">
		<class nclones="2">
			<source file="../../workspace/dataset/test/test_read_format_isorr_bz2.c.ifdefed" startline="46" endline="146" function="DEFINE_TEST" hash="5895048497723634346"></source>
			<source file="../../workspace/dataset/test/test_read_format_isojoliet_bz2.c.ifdefed" startline="54" endline="176" function="joliettest" hash="-7458091904942786435"></source>
		</class>
	</version>
	<version nr="780" hash="ddfe5e49" evolution="Same" change="Same">
		<class nclones="2">
			<source file="../../workspace/dataset/test/test_read_format_isorr_bz2.c.ifdefed" startline="46" endline="146" function="DEFINE_TEST" hash="5895048497723634346"></source>
			<source file="../../workspace/dataset/test/test_read_format_isojoliet_bz2.c.ifdefed" startline="54" endline="176" function="joliettest" hash="-7458091904942786435"></source>
		</class>
	</version>
	<version nr="790" hash="21da38e5" evolution="Same" change="Consistent">
		<class nclones="2">
			<source file="../../workspace/dataset/test/test_read_format_isorr_bz2.c.ifdefed" startline="46" endline="147" function="DEFINE_TEST" hash="382498110172764760"></source>
			<source file="../../workspace/dataset/test/test_read_format_isojoliet_bz2.c.ifdefed" startline="54" endline="173" function="joliettest" hash="-5711834371045552599"></source>
		</class>
	</version>
	<version nr="860" hash="4e47abbe" evolution="Same" change="Same">
		<class nclones="2">
			<source file="../../workspace/dataset/test/test_read_format_isorr_bz2.c.ifdefed" startline="46" endline="147" function="DEFINE_TEST" hash="382498110172764760"></source>
			<source file="../../workspace/dataset/test/test_read_format_isojoliet_bz2.c.ifdefed" startline="54" endline="173" function="joliettest" hash="-5711834371045552599"></source>
		</class>
	</version>
	<version nr="870" hash="1567f45e" evolution="Same" change="Inconsistent">
		<class nclones="2">
			<source file="../../workspace/dataset/test/test_read_format_isorr_bz2.c.ifdefed" startline="47" endline="147" function="DEFINE_TEST" hash="-1570151809906001841"></source>
			<source file="../../workspace/dataset/test/test_read_format_isojoliet_bz2.c.ifdefed" startline="54" endline="173" function="joliettest" hash="-5711834371045552599"></source>
		</class>
	</version>
	<version nr="970" hash="8b0b3b28" evolution="Same" change="Same">
		<class nclones="2">
			<source file="../../workspace/dataset/test/test_read_format_isorr_bz2.c.ifdefed" startline="47" endline="147" function="DEFINE_TEST" hash="-1570151809906001841"></source>
			<source file="../../workspace/dataset/test/test_read_format_isojoliet_bz2.c.ifdefed" startline="54" endline="173" function="joliettest" hash="-5711834371045552599"></source>
		</class>
	</version>
	<version nr="980" hash="23b0f858" evolution="Same" change="Inconsistent">
		<class nclones="2">
			<source file="../../workspace/dataset/test/test_read_format_isorr_bz2.c.ifdefed" startline="47" endline="147" function="DEFINE_TEST" hash="-1570151809906001841"></source>
			<source file="../../workspace/dataset/test/test_read_format_isojoliet_bz2.c.ifdefed" startline="54" endline="175" function="joliettest" hash="-6618908309870982855"></source>
		</class>
	</version>
	<version nr="1040" hash="dfb8fc79" evolution="Same" change="Same">
		<class nclones="2">
			<source file="../../workspace/dataset/test/test_read_format_isorr_bz2.c.ifdefed" startline="47" endline="147" function="DEFINE_TEST" hash="-1570151809906001841"></source>
			<source file="../../workspace/dataset/test/test_read_format_isojoliet_bz2.c.ifdefed" startline="54" endline="175" function="joliettest" hash="-6618908309870982855"></source>
		</class>
	</version>
	<version nr="1160" hash="c031c46a" evolution="Same" change="Consistent">
		<class nclones="2">
			<source file="../../workspace/dataset/test/test_read_format_isozisofs_bz2.c.ifdefed" startline="54" endline="186" function="DEFINE_TEST" hash="-2479824589687956583"></source>
			<source file="../../workspace/dataset/test/test_read_format_isorr_bz2.c.ifdefed" startline="50" endline="183" function="DEFINE_TEST" hash="-31220708566224092"></source>
		</class>
	</version>
	<version nr="1210" hash="25d86a24" evolution="Same" change="Same">
		<class nclones="2">
			<source file="../../workspace/dataset/test/test_read_format_isozisofs_bz2.c.ifdefed" startline="54" endline="186" function="DEFINE_TEST" hash="-2479824589687956583"></source>
			<source file="../../workspace/dataset/test/test_read_format_isorr_bz2.c.ifdefed" startline="50" endline="183" function="DEFINE_TEST" hash="-31220708566224092"></source>
		</class>
	</version>
	<version nr="1220" hash="c7440e0e" evolution="Same" change="Inconsistent">
		<class nclones="2">
			<source file="../../workspace/dataset/test/test_read_format_isozisofs_bz2.c.ifdefed" startline="54" endline="186" function="DEFINE_TEST" hash="-2479824589687956583"></source>
			<source file="../../workspace/dataset/test/test_read_format_isorr_bz2.c.ifdefed" startline="52" endline="204" function="DEFINE_TEST" hash="-5278009911757326920"></source>
		</class>
	</version>
	<version nr="1230" hash="03175e5a" evolution="Add" change="Same">
		<class nclones="3">
			<source file="../../workspace/dataset/test/test_read_format_isozisofs_bz2.c.ifdefed" startline="54" endline="186" function="DEFINE_TEST" hash="-2479824589687956583"></source>
			<source file="../../workspace/dataset/test/test_read_format_isorr_bz2.c.ifdefed" startline="55" endline="207" function="DEFINE_TEST" hash="-5278009911757326920"></source>
			<source file="../../workspace/dataset/test/test_read_format_isorr_new_bz2.c.ifdefed" startline="54" endline="206" function="DEFINE_TEST" hash="188671059831452197"></source>
		</class>
	</version>
	<version nr="1240" hash="cdfc0900" evolution="Same" change="Consistent">
		<class nclones="3">
			<source file="../../workspace/dataset/test/test_read_format_isozisofs_bz2.c.ifdefed" startline="54" endline="187" function="DEFINE_TEST" hash="-3951592503311965267"></source>
			<source file="../../workspace/dataset/test/test_read_format_isorr_new_bz2.c.ifdefed" startline="54" endline="207" function="DEFINE_TEST" hash="-4934025092882632061"></source>
			<source file="../../workspace/dataset/test/test_read_format_isorr_bz2.c.ifdefed" startline="55" endline="208" function="DEFINE_TEST" hash="5561473371993845624"></source>
		</class>
	</version>
	<version nr="1260" hash="d2da5277" evolution="Same" change="Same">
		<class nclones="3">
			<source file="../../workspace/dataset/test/test_read_format_isozisofs_bz2.c.ifdefed" startline="54" endline="187" function="DEFINE_TEST" hash="-3951592503311965267"></source>
			<source file="../../workspace/dataset/test/test_read_format_isorr_new_bz2.c.ifdefed" startline="54" endline="207" function="DEFINE_TEST" hash="-4934025092882632061"></source>
			<source file="../../workspace/dataset/test/test_read_format_isorr_bz2.c.ifdefed" startline="55" endline="208" function="DEFINE_TEST" hash="5561473371993845624"></source>
		</class>
	</version>
	<version nr="1270" hash="5f8a5813" evolution="Same" change="Consistent">
		<class nclones="3">
			<source file="../../workspace/dataset/test/test_read_format_isozisofs_bz2.c.ifdefed" startline="54" endline="187" function="DEFINE_TEST" hash="-6992346249123047480"></source>
			<source file="../../workspace/dataset/test/test_read_format_isorr_new_bz2.c.ifdefed" startline="54" endline="207" function="DEFINE_TEST" hash="-6392995116471784210"></source>
			<source file="../../workspace/dataset/test/test_read_format_isorr_bz2.c.ifdefed" startline="55" endline="208" function="DEFINE_TEST" hash="-7340572708279298025"></source>
		</class>
	</version>
	<version nr="1310" hash="bbaefa15" evolution="Same" change="Same">
		<class nclones="3">
			<source file="../../workspace/dataset/test/test_read_format_isozisofs_bz2.c.ifdefed" startline="54" endline="187" function="DEFINE_TEST" hash="-6992346249123047480"></source>
			<source file="../../workspace/dataset/test/test_read_format_isorr_new_bz2.c.ifdefed" startline="54" endline="207" function="DEFINE_TEST" hash="-6392995116471784210"></source>
			<source file="../../workspace/dataset/test/test_read_format_isorr_bz2.c.ifdefed" startline="55" endline="208" function="DEFINE_TEST" hash="-7340572708279298025"></source>
		</class>
	</version>
	<version nr="1320" hash="24dbaced" evolution="Same" change="Consistent">
		<class nclones="3">
			<source file="../../workspace/dataset/test/test_read_format_isozisofs_bz2.c.ifdefed" startline="54" endline="180" function="DEFINE_TEST" hash="8633924595809926554"></source>
			<source file="../../workspace/dataset/test/test_read_format_isorr_new_bz2.c.ifdefed" startline="54" endline="200" function="DEFINE_TEST" hash="-7664948266605015313"></source>
			<source file="../../workspace/dataset/test/test_read_format_isorr_bz2.c.ifdefed" startline="55" endline="201" function="DEFINE_TEST" hash="-199619412392666806"></source>
		</class>
	</version>
	<version nr="1410" hash="3f8c3c70" evolution="Same" change="Same">
		<class nclones="3">
			<source file="../../workspace/dataset/test/test_read_format_isozisofs_bz2.c.ifdefed" startline="54" endline="180" function="DEFINE_TEST" hash="8633924595809926554"></source>
			<source file="../../workspace/dataset/test/test_read_format_isorr_new_bz2.c.ifdefed" startline="54" endline="200" function="DEFINE_TEST" hash="-7664948266605015313"></source>
			<source file="../../workspace/dataset/test/test_read_format_isorr_bz2.c.ifdefed" startline="55" endline="201" function="DEFINE_TEST" hash="-199619412392666806"></source>
		</class>
	</version>
	<version nr="1420" hash="faed5b81" evolution="Same" change="Inconsistent">
		<class nclones="3">
			<source file="../../workspace/dataset/test/test_read_format_isozisofs_bz2.c.ifdefed" startline="54" endline="185" function="DEFINE_TEST" hash="-1947651695961201476"></source>
			<source file="../../workspace/dataset/test/test_read_format_isorr_new_bz2.c.ifdefed" startline="54" endline="200" function="DEFINE_TEST" hash="-7664948266605015313"></source>
			<source file="../../workspace/dataset/test/test_read_format_isorr_bz2.c.ifdefed" startline="55" endline="201" function="DEFINE_TEST" hash="-199619412392666806"></source>
		</class>
	</version>
	<version nr="1570" hash="92ad55bb" evolution="Same" change="Same">
		<class nclones="3">
			<source file="../../workspace/dataset/test/test_read_format_isozisofs_bz2.c.ifdefed" startline="54" endline="185" function="DEFINE_TEST" hash="-1947651695961201476"></source>
			<source file="../../workspace/dataset/test/test_read_format_isorr_new_bz2.c.ifdefed" startline="54" endline="200" function="DEFINE_TEST" hash="-7664948266605015313"></source>
			<source file="../../workspace/dataset/test/test_read_format_isorr_bz2.c.ifdefed" startline="55" endline="201" function="DEFINE_TEST" hash="-199619412392666806"></source>
		</class>
	</version>
	<version nr="1580" hash="9890b31f" evolution="Same" change="Consistent">
		<class nclones="3">
			<source file="../../workspace/dataset/test/test_read_format_isozisofs_bz2.c.ifdefed" startline="54" endline="185" function="DEFINE_TEST" hash="-3115874663075908865"></source>
			<source file="../../workspace/dataset/test/test_read_format_isorr_bz2.c.ifdefed" startline="55" endline="201" function="DEFINE_TEST" hash="3694470684110442757"></source>
			<source file="../../workspace/dataset/test/test_read_format_isorr_new_bz2.c.ifdefed" startline="56" endline="202" function="DEFINE_TEST" hash="7389784605545800656"></source>
		</class>
	</version>
	<version nr="1650" hash="452d2fb0" evolution="Same" change="Same">
		<class nclones="3">
			<source file="../../workspace/dataset/test/test_read_format_isozisofs_bz2.c.ifdefed" startline="54" endline="185" function="DEFINE_TEST" hash="-3115874663075908865"></source>
			<source file="../../workspace/dataset/test/test_read_format_isorr_bz2.c.ifdefed" startline="55" endline="201" function="DEFINE_TEST" hash="3694470684110442757"></source>
			<source file="../../workspace/dataset/test/test_read_format_isorr_new_bz2.c.ifdefed" startline="56" endline="202" function="DEFINE_TEST" hash="7389784605545800656"></source>
		</class>
	</version>
	<version nr="1660" hash="cdc2c15a" evolution="Same" change="Consistent">
		<class nclones="3">
			<source file="../../workspace/dataset/test/test_read_format_isozisofs_bz2.c.ifdefed" startline="54" endline="189" function="DEFINE_TEST" hash="876233995719279733"></source>
			<source file="../../workspace/dataset/test/test_read_format_isorr_new_bz2.c.ifdefed" startline="56" endline="206" function="DEFINE_TEST" hash="-930785332580458734"></source>
			<source file="../../workspace/dataset/test/test_read_format_isorr_bz2.c.ifdefed" startline="55" endline="205" function="DEFINE_TEST" hash="1901073783287762755"></source>
		</class>
	</version>
	<version nr="2280" hash="934ed638" evolution="Same" change="Same">
		<class nclones="3">
			<source file="../../workspace/dataset/test/test_read_format_isozisofs_bz2.c.ifdefed" startline="54" endline="189" function="DEFINE_TEST" hash="876233995719279733"></source>
			<source file="../../workspace/dataset/test/test_read_format_isorr_new_bz2.c.ifdefed" startline="56" endline="206" function="DEFINE_TEST" hash="-930785332580458734"></source>
			<source file="../../workspace/dataset/test/test_read_format_isorr_bz2.c.ifdefed" startline="55" endline="205" function="DEFINE_TEST" hash="1901073783287762755"></source>
		</class>
	</version>
	<version nr="2290" hash="323c72ca" evolution="Same" change="Consistent">
		<class nclones="3">
			<source file="../../workspace/dataset/test/test_read_format_isozisofs_bz2.c.ifdefed" startline="54" endline="189" function="DEFINE_TEST" hash="-1288262805846511432"></source>
			<source file="../../workspace/dataset/test/test_read_format_isorr_new_bz2.c.ifdefed" startline="56" endline="206" function="DEFINE_TEST" hash="485695490370964905"></source>
			<source file="../../workspace/dataset/test/test_read_format_isorr_bz2.c.ifdefed" startline="55" endline="205" function="DEFINE_TEST" hash="-9178652612676609352"></source>
		</class>
	</version>
	<version nr="2350" hash="83c67d6c" evolution="Same" change="Same">
		<class nclones="3">
			<source file="../../workspace/dataset/test/test_read_format_isozisofs_bz2.c.ifdefed" startline="54" endline="189" function="DEFINE_TEST" hash="-1288262805846511432"></source>
			<source file="../../workspace/dataset/test/test_read_format_isorr_bz2.c.ifdefed" startline="55" endline="205" function="DEFINE_TEST" hash="-9178652612676609352"></source>
			<source file="../../workspace/dataset/test/test_read_format_isorr_new_bz2.c.ifdefed" startline="56" endline="206" function="DEFINE_TEST" hash="485695490370964905"></source>
		</class>
	</version>
	<version nr="2360" hash="492ccc59" evolution="Same" change="Consistent">
		<class nclones="3">
			<source file="../../workspace/dataset/test/test_read_format_isozisofs_bz2.c.ifdefed" startline="54" endline="185" function="DEFINE_TEST" hash="-2069158479536788794"></source>
			<source file="../../workspace/dataset/test/test_read_format_isorr_bz2.c.ifdefed" startline="55" endline="201" function="DEFINE_TEST" hash="1277838276801905802"></source>
			<source file="../../workspace/dataset/test/test_read_format_isorr_new_bz2.c.ifdefed" startline="56" endline="202" function="DEFINE_TEST" hash="6192680758423953907"></source>
		</class>
	</version>
	<version nr="2740" hash="df03ccee" evolution="Same" change="Same">
		<class nclones="3">
			<source file="../../workspace/dataset/test/test_read_format_isozisofs_bz2.c.ifdefed" startline="54" endline="185" function="DEFINE_TEST" hash="-2069158479536788794"></source>
			<source file="../../workspace/dataset/test/test_read_format_isorr_bz2.c.ifdefed" startline="55" endline="201" function="DEFINE_TEST" hash="1277838276801905802"></source>
			<source file="../../workspace/dataset/test/test_read_format_isorr_new_bz2.c.ifdefed" startline="56" endline="202" function="DEFINE_TEST" hash="6192680758423953907"></source>
		</class>
	</version>
	<version nr="2750" hash="3544209a" evolution="Same" change="Consistent">
		<class nclones="3">
			<source file="../../workspace/dataset/test/test_read_format_isozisofs_bz2.c.ifdefed" startline="54" endline="185" function="DEFINE_TEST" hash="7928651628519949021"></source>
			<source file="../../workspace/dataset/test/test_read_format_isorr_bz2.c.ifdefed" startline="55" endline="201" function="DEFINE_TEST" hash="-2758164935055262261"></source>
			<source file="../../workspace/dataset/test/test_read_format_isorr_new_bz2.c.ifdefed" startline="56" endline="202" function="DEFINE_TEST" hash="1242267167657742608"></source>
		</class>
	</version>
	<version nr="3330" hash="66b1a0b7" evolution="Same" change="Same">
		<class nclones="3">
			<source file="../../workspace/dataset/test/test_read_format_isozisofs_bz2.c.ifdefed" startline="54" endline="185" function="DEFINE_TEST" hash="7928651628519949021"></source>
			<source file="../../workspace/dataset/test/test_read_format_isorr_bz2.c.ifdefed" startline="55" endline="201" function="DEFINE_TEST" hash="-2758164935055262261"></source>
			<source file="../../workspace/dataset/test/test_read_format_isorr_new_bz2.c.ifdefed" startline="56" endline="202" function="DEFINE_TEST" hash="1242267167657742608"></source>
		</class>
	</version>
	<version nr="3340" hash="737e1a51" evolution="Same" change="Consistent">
		<class nclones="3">
			<source file="../../workspace/dataset/test/test_read_format_isozisofs_bz2.c.ifdefed" startline="54" endline="185" function="DEFINE_TEST" hash="-1732564993492483713"></source>
			<source file="../../workspace/dataset/test/test_read_format_isorr_bz2.c.ifdefed" startline="55" endline="201" function="DEFINE_TEST" hash="-3915644725052294887"></source>
			<source file="../../workspace/dataset/test/test_read_format_isorr_new_bz2.c.ifdefed" startline="56" endline="202" function="DEFINE_TEST" hash="6100948275198797622"></source>
		</class>
	</version>
	<version nr="3350" hash="42b5086d" evolution="Same" change="Same">
		<class nclones="3">
			<source file="../../workspace/dataset/test/test_read_format_isozisofs_bz2.c.ifdefed" startline="54" endline="185" function="DEFINE_TEST" hash="-1732564993492483713"></source>
			<source file="../../workspace/dataset/test/test_read_format_isorr_bz2.c.ifdefed" startline="55" endline="201" function="DEFINE_TEST" hash="-3915644725052294887"></source>
			<source file="../../workspace/dataset/test/test_read_format_isorr_new_bz2.c.ifdefed" startline="56" endline="202" function="DEFINE_TEST" hash="6100948275198797622"></source>
		</class>
	</version>
	<version nr="3360" hash="7a90710e" evolution="Same" change="Consistent">
		<class nclones="3">
			<source file="../../workspace/dataset/test/test_read_format_isozisofs_bz2.c.ifdefed" startline="54" endline="188" function="DEFINE_TEST" hash="3002184530435077348"></source>
			<source file="../../workspace/dataset/test/test_read_format_isorr_bz2.c.ifdefed" startline="55" endline="204" function="DEFINE_TEST" hash="-8397143894896578904"></source>
			<source file="../../workspace/dataset/test/test_read_format_isorr_new_bz2.c.ifdefed" startline="56" endline="205" function="DEFINE_TEST" hash="8487861329891065441"></source>
		</class>
	</version>
	<version nr="4600" hash="fd8fe9c5" evolution="Same" change="Same">
		<class nclones="3">
			<source file="../../workspace/dataset/test/test_read_format_isozisofs_bz2.c.ifdefed" startline="54" endline="188" function="DEFINE_TEST" hash="3002184530435077348"></source>
			<source file="../../workspace/dataset/test/test_read_format_isorr_new_bz2.c.ifdefed" startline="56" endline="205" function="DEFINE_TEST" hash="8487861329891065441"></source>
			<source file="../../workspace/dataset/test/test_read_format_isorr_bz2.c.ifdefed" startline="55" endline="204" function="DEFINE_TEST" hash="-8397143894896578904"></source>
		</class>
	</version>
</lineage>
<lineage>
	<version nr="580" hash="d6806284" evolution="None" change="None">
		<class nclones="2">
			<source file="../../workspace/dataset/test/test_read_format_cpio_bin_xz.c.ifdefed" startline="47" endline="79" function="DEFINE_TEST" hash="-3658146544033807529"></source>
			<source file="../../workspace/dataset/test/test_read_format_txz.c.ifdefed" startline="41" endline="72" function="DEFINE_TEST" hash="-2198926509535745909"></source>
		</class>
	</version>
</lineage>
<lineage>
	<version nr="590" hash="190f9593" evolution="None" change="None">
		<class nclones="2">
			<source file="../../workspace/dataset/test/test_read_format_iso_gz.c.ifdefed" startline="54" endline="87" function="DEFINE_TEST" hash="3341143934680618250"></source>
			<source file="../../workspace/dataset/test/test_read_format_cpio_bin_bz2.c.ifdefed" startline="35" endline="67" function="DEFINE_TEST" hash="6709840044984392228"></source>
		</class>
	</version>
	<version nr="600" hash="7f2a31f4" evolution="Same" change="Consistent">
		<class nclones="2">
			<source file="../../workspace/dataset/test/test_read_format_iso_gz.c.ifdefed" startline="54" endline="84" function="DEFINE_TEST" hash="6213247340783134156"></source>
			<source file="../../workspace/dataset/test/test_read_format_cpio_bin_bz2.c.ifdefed" startline="35" endline="64" function="DEFINE_TEST" hash="-7406122301765183682"></source>
		</class>
	</version>
	<version nr="760" hash="e7906478" evolution="Same" change="Same">
		<class nclones="2">
			<source file="../../workspace/dataset/test/test_read_format_iso_gz.c.ifdefed" startline="54" endline="84" function="DEFINE_TEST" hash="6213247340783134156"></source>
			<source file="../../workspace/dataset/test/test_read_format_cpio_bin_bz2.c.ifdefed" startline="35" endline="64" function="DEFINE_TEST" hash="-7406122301765183682"></source>
		</class>
	</version>
	<version nr="970" hash="8b0b3b28" evolution="Add" change="Consistent">
		<class nclones="3">
			<source file="../../workspace/dataset/test/test_read_format_pax_bz2.c.ifdefed" startline="43" endline="64" function="DEFINE_TEST" hash="-3018415778440322373"></source>
			<source file="../../workspace/dataset/test/test_read_format_cpio_bin_bz2.c.ifdefed" startline="35" endline="56" function="DEFINE_TEST" hash="-8824429305572869838"></source>
			<source file="../../workspace/dataset/test/test_read_format_tbz.c.ifdefed" startline="36" endline="57" function="DEFINE_TEST" hash="1205605417542030167"></source>
		</class>
	</version>
	<version nr="1570" hash="92ad55bb" evolution="Same" change="Same">
		<class nclones="3">
			<source file="../../workspace/dataset/test/test_read_format_pax_bz2.c.ifdefed" startline="43" endline="64" function="DEFINE_TEST" hash="-3018415778440322373"></source>
			<source file="../../workspace/dataset/test/test_read_format_cpio_bin_bz2.c.ifdefed" startline="35" endline="56" function="DEFINE_TEST" hash="-8824429305572869838"></source>
			<source file="../../workspace/dataset/test/test_read_format_tbz.c.ifdefed" startline="36" endline="57" function="DEFINE_TEST" hash="1205605417542030167"></source>
		</class>
	</version>
	<version nr="1580" hash="9890b31f" evolution="Same" change="Consistent">
		<class nclones="3">
			<source file="../../workspace/dataset/test/test_read_format_pax_bz2.c.ifdefed" startline="43" endline="64" function="DEFINE_TEST" hash="-4710774506616613062"></source>
			<source file="../../workspace/dataset/test/test_read_format_cpio_bin_bz2.c.ifdefed" startline="35" endline="56" function="DEFINE_TEST" hash="8640835772053203388"></source>
			<source file="../../workspace/dataset/test/test_read_format_tbz.c.ifdefed" startline="36" endline="57" function="DEFINE_TEST" hash="3402126237174149103"></source>
		</class>
	</version>
	<version nr="2280" hash="934ed638" evolution="Same" change="Same">
		<class nclones="3">
			<source file="../../workspace/dataset/test/test_read_format_pax_bz2.c.ifdefed" startline="43" endline="64" function="DEFINE_TEST" hash="-4710774506616613062"></source>
			<source file="../../workspace/dataset/test/test_read_format_cpio_bin_bz2.c.ifdefed" startline="35" endline="56" function="DEFINE_TEST" hash="8640835772053203388"></source>
			<source file="../../workspace/dataset/test/test_read_format_tbz.c.ifdefed" startline="36" endline="57" function="DEFINE_TEST" hash="3402126237174149103"></source>
		</class>
	</version>
	<version nr="2290" hash="323c72ca" evolution="Same" change="Consistent">
		<class nclones="3">
			<source file="../../workspace/dataset/test/test_read_format_pax_bz2.c.ifdefed" startline="43" endline="64" function="DEFINE_TEST" hash="2726947333764959111"></source>
			<source file="../../workspace/dataset/test/test_read_format_tbz.c.ifdefed" startline="36" endline="57" function="DEFINE_TEST" hash="1737075965463750888"></source>
			<source file="../../workspace/dataset/test/test_read_format_cpio_bin_bz2.c.ifdefed" startline="35" endline="56" function="DEFINE_TEST" hash="204513388496225633"></source>
		</class>
	</version>
	<version nr="2570" hash="b3d3adb4" evolution="Same" change="Same">
		<class nclones="3">
			<source file="../../workspace/dataset/test/test_read_format_pax_bz2.c.ifdefed" startline="43" endline="64" function="DEFINE_TEST" hash="2726947333764959111"></source>
			<source file="../../workspace/dataset/test/test_read_format_cpio_bin_bz2.c.ifdefed" startline="35" endline="56" function="DEFINE_TEST" hash="204513388496225633"></source>
			<source file="../../workspace/dataset/test/test_read_format_tbz.c.ifdefed" startline="36" endline="57" function="DEFINE_TEST" hash="1737075965463750888"></source>
		</class>
	</version>
	<version nr="2580" hash="ff3b75e9" evolution="Same" change="Inconsistent">
		<class nclones="3">
			<source file="../../workspace/dataset/test/test_read_format_pax_bz2.c.ifdefed" startline="43" endline="65" function="DEFINE_TEST" hash="2227233004991986878"></source>
			<source file="../../workspace/dataset/test/test_read_format_cpio_bin_bz2.c.ifdefed" startline="35" endline="56" function="DEFINE_TEST" hash="204513388496225633"></source>
			<source file="../../workspace/dataset/test/test_read_format_tbz.c.ifdefed" startline="36" endline="58" function="DEFINE_TEST" hash="8481254265519566037"></source>
		</class>
	</version>
	<version nr="3330" hash="66b1a0b7" evolution="Same" change="Same">
		<class nclones="3">
			<source file="../../workspace/dataset/test/test_read_format_pax_bz2.c.ifdefed" startline="43" endline="65" function="DEFINE_TEST" hash="2227233004991986878"></source>
			<source file="../../workspace/dataset/test/test_read_format_tbz.c.ifdefed" startline="36" endline="58" function="DEFINE_TEST" hash="8481254265519566037"></source>
			<source file="../../workspace/dataset/test/test_read_format_cpio_bin_bz2.c.ifdefed" startline="35" endline="56" function="DEFINE_TEST" hash="204513388496225633"></source>
		</class>
	</version>
	<version nr="3340" hash="737e1a51" evolution="Same" change="Consistent">
		<class nclones="3">
			<source file="../../workspace/dataset/test/test_read_format_pax_bz2.c.ifdefed" startline="43" endline="65" function="DEFINE_TEST" hash="-666628341883036116"></source>
			<source file="../../workspace/dataset/test/test_read_format_tbz.c.ifdefed" startline="36" endline="58" function="DEFINE_TEST" hash="5037184884269398671"></source>
			<source file="../../workspace/dataset/test/test_read_format_cpio_bin_bz2.c.ifdefed" startline="35" endline="56" function="DEFINE_TEST" hash="549313534718883803"></source>
		</class>
	</version>
	<version nr="3350" hash="42b5086d" evolution="Same" change="Same">
		<class nclones="3">
			<source file="../../workspace/dataset/test/test_read_format_pax_bz2.c.ifdefed" startline="43" endline="65" function="DEFINE_TEST" hash="-666628341883036116"></source>
			<source file="../../workspace/dataset/test/test_read_format_tbz.c.ifdefed" startline="36" endline="58" function="DEFINE_TEST" hash="5037184884269398671"></source>
			<source file="../../workspace/dataset/test/test_read_format_cpio_bin_bz2.c.ifdefed" startline="35" endline="56" function="DEFINE_TEST" hash="549313534718883803"></source>
		</class>
	</version>
	<version nr="3360" hash="7a90710e" evolution="Same" change="Consistent">
		<class nclones="3">
			<source file="../../workspace/dataset/test/test_read_format_pax_bz2.c.ifdefed" startline="43" endline="67" function="DEFINE_TEST" hash="-4644423032829056233"></source>
			<source file="../../workspace/dataset/test/test_read_format_tbz.c.ifdefed" startline="36" endline="60" function="DEFINE_TEST" hash="983204854908041746"></source>
			<source file="../../workspace/dataset/test/test_read_format_cpio_bin_bz2.c.ifdefed" startline="35" endline="58" function="DEFINE_TEST" hash="-4395698049154515370"></source>
		</class>
	</version>
	<version nr="4600" hash="fd8fe9c5" evolution="Same" change="Same">
		<class nclones="3">
			<source file="../../workspace/dataset/test/test_read_format_pax_bz2.c.ifdefed" startline="43" endline="67" function="DEFINE_TEST" hash="-4644423032829056233"></source>
			<source file="../../workspace/dataset/test/test_read_format_cpio_bin_bz2.c.ifdefed" startline="35" endline="58" function="DEFINE_TEST" hash="-4395698049154515370"></source>
			<source file="../../workspace/dataset/test/test_read_format_tbz.c.ifdefed" startline="36" endline="60" function="DEFINE_TEST" hash="983204854908041746"></source>
		</class>
	</version>
</lineage>
<lineage>
	<version nr="770" hash="95a9ec72" evolution="None" change="None">
		<class nclones="3">
			<source file="../../workspace/dataset/test/test_open_file.c.ifdefed" startline="28" endline="105" function="DEFINE_TEST" hash="4491067177619925959"></source>
			<source file="../../workspace/dataset/test/test_open_fd.c.ifdefed" startline="29" endline="117" function="DEFINE_TEST" hash="-7321744244615686395"></source>
			<source file="../../workspace/dataset/test/test_open_filename.c.ifdefed" startline="28" endline="109" function="DEFINE_TEST" hash="-5435114239163901379"></source>
		</class>
	</version>
	<version nr="820" hash="b72f49bf" evolution="Same" change="Same">
		<class nclones="3">
			<source file="../../workspace/dataset/test/test_open_file.c.ifdefed" startline="28" endline="105" function="DEFINE_TEST" hash="4491067177619925959"></source>
			<source file="../../workspace/dataset/test/test_open_filename.c.ifdefed" startline="28" endline="109" function="DEFINE_TEST" hash="-5435114239163901379"></source>
			<source file="../../workspace/dataset/test/test_open_fd.c.ifdefed" startline="29" endline="117" function="DEFINE_TEST" hash="-7321744244615686395"></source>
		</class>
	</version>
	<version nr="830" hash="39487355" evolution="Same" change="Inconsistent">
		<class nclones="3">
			<source file="../../workspace/dataset/test/test_open_file.c.ifdefed" startline="28" endline="108" function="DEFINE_TEST" hash="-7031546085564329091"></source>
			<source file="../../workspace/dataset/test/test_open_fd.c.ifdefed" startline="29" endline="117" function="DEFINE_TEST" hash="-7321744244615686395"></source>
			<source file="../../workspace/dataset/test/test_open_filename.c.ifdefed" startline="28" endline="109" function="DEFINE_TEST" hash="-5435114239163901379"></source>
		</class>
	</version>
	<version nr="910" hash="0e8026a8" evolution="Same" change="Same">
		<class nclones="3">
			<source file="../../workspace/dataset/test/test_open_file.c.ifdefed" startline="28" endline="108" function="DEFINE_TEST" hash="-7031546085564329091"></source>
			<source file="../../workspace/dataset/test/test_open_filename.c.ifdefed" startline="28" endline="109" function="DEFINE_TEST" hash="-5435114239163901379"></source>
			<source file="../../workspace/dataset/test/test_open_fd.c.ifdefed" startline="29" endline="117" function="DEFINE_TEST" hash="-7321744244615686395"></source>
		</class>
	</version>
	<version nr="920" hash="dea5e6d0" evolution="Same" change="Inconsistent">
		<class nclones="3">
			<source file="../../workspace/dataset/test/test_open_file.c.ifdefed" startline="28" endline="108" function="DEFINE_TEST" hash="-5676455548981091465"></source>
			<source file="../../workspace/dataset/test/test_open_filename.c.ifdefed" startline="28" endline="109" function="DEFINE_TEST" hash="-5435114239163901379"></source>
			<source file="../../workspace/dataset/test/test_open_fd.c.ifdefed" startline="29" endline="117" function="DEFINE_TEST" hash="5535159960242654853"></source>
		</class>
	</version>
	<version nr="1450" hash="07df1de4" evolution="Same" change="Same">
		<class nclones="3">
			<source file="../../workspace/dataset/test/test_open_file.c.ifdefed" startline="28" endline="108" function="DEFINE_TEST" hash="-5676455548981091465"></source>
			<source file="../../workspace/dataset/test/test_open_filename.c.ifdefed" startline="28" endline="109" function="DEFINE_TEST" hash="-5435114239163901379"></source>
			<source file="../../workspace/dataset/test/test_open_fd.c.ifdefed" startline="29" endline="117" function="DEFINE_TEST" hash="5535159960242654853"></source>
		</class>
	</version>
	<version nr="1460" hash="dd63f1c5" evolution="Same" change="Inconsistent">
		<class nclones="3">
			<source file="../../workspace/dataset/test/test_open_file.c.ifdefed" startline="28" endline="108" function="DEFINE_TEST" hash="-5676455548981091465"></source>
			<source file="../../workspace/dataset/test/test_open_filename.c.ifdefed" startline="28" endline="109" function="DEFINE_TEST" hash="-5435114239163901379"></source>
			<source file="../../workspace/dataset/test/test_open_fd.c.ifdefed" startline="34" endline="126" function="DEFINE_TEST" hash="-2271333159175686657"></source>
		</class>
	</version>
	<version nr="1570" hash="92ad55bb" evolution="Same" change="Same">
		<class nclones="3">
			<source file="../../workspace/dataset/test/test_open_file.c.ifdefed" startline="28" endline="108" function="DEFINE_TEST" hash="-5676455548981091465"></source>
			<source file="../../workspace/dataset/test/test_open_filename.c.ifdefed" startline="28" endline="109" function="DEFINE_TEST" hash="-5435114239163901379"></source>
			<source file="../../workspace/dataset/test/test_open_fd.c.ifdefed" startline="34" endline="126" function="DEFINE_TEST" hash="-2271333159175686657"></source>
		</class>
	</version>
	<version nr="1580" hash="9890b31f" evolution="Same" change="Consistent">
		<class nclones="3">
			<source file="../../workspace/dataset/test/test_open_file.c.ifdefed" startline="28" endline="108" function="DEFINE_TEST" hash="1068020128249895927"></source>
			<source file="../../workspace/dataset/test/test_open_filename.c.ifdefed" startline="28" endline="109" function="DEFINE_TEST" hash="-779238213373840440"></source>
			<source file="../../workspace/dataset/test/test_open_fd.c.ifdefed" startline="36" endline="128" function="DEFINE_TEST" hash="-8149666679698983896"></source>
		</class>
	</version>
	<version nr="2280" hash="934ed638" evolution="Same" change="Same">
		<class nclones="3">
			<source file="../../workspace/dataset/test/test_open_file.c.ifdefed" startline="28" endline="108" function="DEFINE_TEST" hash="1068020128249895927"></source>
			<source file="../../workspace/dataset/test/test_open_filename.c.ifdefed" startline="28" endline="109" function="DEFINE_TEST" hash="-779238213373840440"></source>
			<source file="../../workspace/dataset/test/test_open_fd.c.ifdefed" startline="36" endline="128" function="DEFINE_TEST" hash="-8149666679698983896"></source>
		</class>
	</version>
	<version nr="2290" hash="323c72ca" evolution="Same" change="Consistent">
		<class nclones="3">
			<source file="../../workspace/dataset/test/test_open_file.c.ifdefed" startline="28" endline="108" function="DEFINE_TEST" hash="-3776535495347681056"></source>
			<source file="../../workspace/dataset/test/test_open_filename.c.ifdefed" startline="28" endline="109" function="DEFINE_TEST" hash="-8479627118709329950"></source>
			<source file="../../workspace/dataset/test/test_open_fd.c.ifdefed" startline="36" endline="128" function="DEFINE_TEST" hash="-79819229040508812"></source>
		</class>
	</version>
	<version nr="2870" hash="e25778e4" evolution="Same" change="Same">
		<class nclones="3">
			<source file="../../workspace/dataset/test/test_open_file.c.ifdefed" startline="28" endline="108" function="DEFINE_TEST" hash="-3776535495347681056"></source>
			<source file="../../workspace/dataset/test/test_open_filename.c.ifdefed" startline="28" endline="109" function="DEFINE_TEST" hash="-8479627118709329950"></source>
			<source file="../../workspace/dataset/test/test_open_fd.c.ifdefed" startline="36" endline="128" function="DEFINE_TEST" hash="-79819229040508812"></source>
		</class>
	</version>
	<version nr="2880" hash="46897d64" evolution="Add" change="Inconsistent">
		<class nclones="4">
			<source file="../../workspace/dataset/test/test_open_file.c.ifdefed" startline="28" endline="108" function="DEFINE_TEST" hash="-3776535495347681056"></source>
			<source file="../../workspace/dataset/test/test_open_fd.c.ifdefed" startline="36" endline="128" function="DEFINE_TEST" hash="-79819229040508812"></source>
			<source file="../../workspace/dataset/test/test_open_filename.c.ifdefed" startline="28" endline="110" function="test_open_filename_mbs" hash="-2668994416628252507"></source>
			<source file="../../workspace/dataset/test/test_open_filename.c.ifdefed" startline="112" endline="194" function="test_open_filename_wcs" hash="179641156026669119"></source>
		</class>
	</version>
	<version nr="3330" hash="66b1a0b7" evolution="Same" change="Same">
		<class nclones="4">
			<source file="../../workspace/dataset/test/test_open_file.c.ifdefed" startline="28" endline="108" function="DEFINE_TEST" hash="-3776535495347681056"></source>
			<source file="../../workspace/dataset/test/test_open_filename.c.ifdefed" startline="28" endline="110" function="test_open_filename_mbs" hash="-2668994416628252507"></source>
			<source file="../../workspace/dataset/test/test_open_fd.c.ifdefed" startline="36" endline="128" function="DEFINE_TEST" hash="-79819229040508812"></source>
			<source file="../../workspace/dataset/test/test_open_filename.c.ifdefed" startline="112" endline="194" function="test_open_filename_wcs" hash="179641156026669119"></source>
		</class>
	</version>
	<version nr="3340" hash="737e1a51" evolution="Same" change="Consistent">
		<class nclones="4">
			<source file="../../workspace/dataset/test/test_open_file.c.ifdefed" startline="28" endline="108" function="DEFINE_TEST" hash="-1940522862600588884"></source>
			<source file="../../workspace/dataset/test/test_open_filename.c.ifdefed" startline="28" endline="110" function="test_open_filename_mbs" hash="8267270511338047387"></source>
			<source file="../../workspace/dataset/test/test_open_fd.c.ifdefed" startline="39" endline="131" function="DEFINE_TEST" hash="-3402568793656992216"></source>
			<source file="../../workspace/dataset/test/test_open_filename.c.ifdefed" startline="112" endline="194" function="test_open_filename_wcs" hash="6783302617511151263"></source>
		</class>
	</version>
	<version nr="4330" hash="aa11d991" evolution="Same" change="Same">
		<class nclones="4">
			<source file="../../workspace/dataset/test/test_open_file.c.ifdefed" startline="28" endline="108" function="DEFINE_TEST" hash="-1940522862600588884"></source>
			<source file="../../workspace/dataset/test/test_open_filename.c.ifdefed" startline="28" endline="110" function="test_open_filename_mbs" hash="8267270511338047387"></source>
			<source file="../../workspace/dataset/test/test_open_fd.c.ifdefed" startline="39" endline="131" function="DEFINE_TEST" hash="-3402568793656992216"></source>
			<source file="../../workspace/dataset/test/test_open_filename.c.ifdefed" startline="112" endline="194" function="test_open_filename_wcs" hash="6783302617511151263"></source>
		</class>
	</version>
	<version nr="4340" hash="22b1db9d" evolution="Same" change="Inconsistent">
		<class nclones="4">
			<source file="../../workspace/dataset/test/test_open_file.c.ifdefed" startline="28" endline="108" function="DEFINE_TEST" hash="-1940522862600588884"></source>
			<source file="../../workspace/dataset/test/test_open_fd.c.ifdefed" startline="39" endline="134" function="DEFINE_TEST" hash="-2677983439734904463"></source>
			<source file="../../workspace/dataset/test/test_open_filename.c.ifdefed" startline="28" endline="110" function="test_open_filename_mbs" hash="8267270511338047387"></source>
			<source file="../../workspace/dataset/test/test_open_filename.c.ifdefed" startline="112" endline="194" function="test_open_filename_wcs" hash="6783302617511151263"></source>
		</class>
	</version>
	<version nr="4600" hash="fd8fe9c5" evolution="Same" change="Same">
		<class nclones="4">
			<source file="../../workspace/dataset/test/test_open_file.c.ifdefed" startline="28" endline="108" function="DEFINE_TEST" hash="-1940522862600588884"></source>
			<source file="../../workspace/dataset/test/test_open_fd.c.ifdefed" startline="39" endline="134" function="DEFINE_TEST" hash="-2677983439734904463"></source>
			<source file="../../workspace/dataset/test/test_open_filename.c.ifdefed" startline="28" endline="110" function="test_open_filename_mbs" hash="8267270511338047387"></source>
			<source file="../../workspace/dataset/test/test_open_filename.c.ifdefed" startline="112" endline="194" function="test_open_filename_wcs" hash="6783302617511151263"></source>
		</class>
	</version>
</lineage>
<lineage>
	<version nr="770" hash="95a9ec72" evolution="None" change="None">
		<class nclones="2">
			<source file="../../workspace/dataset/test/test_write_compress_gzip.c.ifdefed" startline="36" endline="197" function="DEFINE_TEST" hash="5029963696642405426"></source>
			<source file="../../workspace/dataset/test/test_write_compress_bzip2.c.ifdefed" startline="36" endline="197" function="DEFINE_TEST" hash="-2435182398593053117"></source>
		</class>
	</version>
	<version nr="780" hash="ddfe5e49" evolution="Same" change="Same">
		<class nclones="2">
			<source file="../../workspace/dataset/test/test_write_compress_gzip.c.ifdefed" startline="36" endline="197" function="DEFINE_TEST" hash="5029963696642405426"></source>
			<source file="../../workspace/dataset/test/test_write_compress_bzip2.c.ifdefed" startline="36" endline="197" function="DEFINE_TEST" hash="-2435182398593053117"></source>
		</class>
	</version>
	<version nr="800" hash="88504f81" evolution="Add" change="Consistent">
		<class nclones="3">
			<source file="../../workspace/dataset/test/test_write_compress_lzma.c.ifdefed" startline="35" endline="219" function="DEFINE_TEST" hash="6147015301518442490"></source>
			<source file="../../workspace/dataset/test/test_write_compress_gzip.c.ifdefed" startline="36" endline="226" function="DEFINE_TEST" hash="1526374043669690683"></source>
			<source file="../../workspace/dataset/test/test_write_compress_xz.c.ifdefed" startline="36" endline="227" function="DEFINE_TEST" hash="-1078079427335417048"></source>
		</class>
	</version>
	<version nr="820" hash="b72f49bf" evolution="Same" change="Same">
		<class nclones="3">
			<source file="../../workspace/dataset/test/test_write_compress_lzma.c.ifdefed" startline="35" endline="219" function="DEFINE_TEST" hash="6147015301518442490"></source>
			<source file="../../workspace/dataset/test/test_write_compress_gzip.c.ifdefed" startline="36" endline="226" function="DEFINE_TEST" hash="1526374043669690683"></source>
			<source file="../../workspace/dataset/test/test_write_compress_xz.c.ifdefed" startline="36" endline="227" function="DEFINE_TEST" hash="-1078079427335417048"></source>
		</class>
	</version>
	<version nr="830" hash="39487355" evolution="Same" change="Consistent">
		<class nclones="3">
			<source file="../../workspace/dataset/test/test_write_compress_lzma.c.ifdefed" startline="35" endline="245" function="DEFINE_TEST" hash="-4750705654498104129"></source>
			<source file="../../workspace/dataset/test/test_write_compress_gzip.c.ifdefed" startline="36" endline="252" function="DEFINE_TEST" hash="1575038612832616034"></source>
			<source file="../../workspace/dataset/test/test_write_compress_xz.c.ifdefed" startline="36" endline="253" function="DEFINE_TEST" hash="-114874893245461331"></source>
		</class>
	</version>
	<version nr="1570" hash="92ad55bb" evolution="Same" change="Same">
		<class nclones="3">
			<source file="../../workspace/dataset/test/test_write_compress_lzma.c.ifdefed" startline="35" endline="245" function="DEFINE_TEST" hash="-4750705654498104129"></source>
			<source file="../../workspace/dataset/test/test_write_compress_gzip.c.ifdefed" startline="36" endline="252" function="DEFINE_TEST" hash="1575038612832616034"></source>
			<source file="../../workspace/dataset/test/test_write_compress_xz.c.ifdefed" startline="36" endline="253" function="DEFINE_TEST" hash="-114874893245461331"></source>
		</class>
	</version>
	<version nr="1580" hash="9890b31f" evolution="Add" change="Consistent">
		<class nclones="4">
			<source file="../../workspace/dataset/test/test_write_compress_lzma.c.ifdefed" startline="35" endline="245" function="DEFINE_TEST" hash="8441385055091876801"></source>
			<source file="../../workspace/dataset/test/test_write_compress_bzip2.c.ifdefed" startline="36" endline="228" function="DEFINE_TEST" hash="-6330556557444294882"></source>
			<source file="../../workspace/dataset/test/test_write_compress_gzip.c.ifdefed" startline="36" endline="252" function="DEFINE_TEST" hash="-3112110451381800734"></source>
			<source file="../../workspace/dataset/test/test_write_compress_xz.c.ifdefed" startline="36" endline="253" function="DEFINE_TEST" hash="-4861207886677831257"></source>
		</class>
	</version>
	<version nr="1590" hash="8802de51" evolution="Same" change="Same">
		<class nclones="4">
			<source file="../../workspace/dataset/test/test_write_compress_lzma.c.ifdefed" startline="35" endline="245" function="DEFINE_TEST" hash="8441385055091876801"></source>
			<source file="../../workspace/dataset/test/test_write_compress_bzip2.c.ifdefed" startline="36" endline="228" function="DEFINE_TEST" hash="-6330556557444294882"></source>
			<source file="../../workspace/dataset/test/test_write_compress_gzip.c.ifdefed" startline="36" endline="252" function="DEFINE_TEST" hash="-3112110451381800734"></source>
			<source file="../../workspace/dataset/test/test_write_compress_xz.c.ifdefed" startline="36" endline="253" function="DEFINE_TEST" hash="-4861207886677831257"></source>
		</class>
	</version>
	<version nr="1600" hash="24fb86d3" evolution="Same" change="Inconsistent">
		<class nclones="4">
			<source file="../../workspace/dataset/test/test_write_compress_lzma.c.ifdefed" startline="35" endline="246" function="DEFINE_TEST" hash="1208734031664045614"></source>
			<source file="../../workspace/dataset/test/test_write_compress_bzip2.c.ifdefed" startline="36" endline="228" function="DEFINE_TEST" hash="-6330556557444294882"></source>
			<source file="../../workspace/dataset/test/test_write_compress_gzip.c.ifdefed" startline="36" endline="252" function="DEFINE_TEST" hash="3505713204551446939"></source>
			<source file="../../workspace/dataset/test/test_write_compress_xz.c.ifdefed" startline="36" endline="253" function="DEFINE_TEST" hash="-4861207886677831257"></source>
		</class>
	</version>
	<version nr="1820" hash="4bd4adf1" evolution="Same" change="Same">
		<class nclones="4">
			<source file="../../workspace/dataset/test/test_write_compress_lzma.c.ifdefed" startline="35" endline="246" function="DEFINE_TEST" hash="1208734031664045614"></source>
			<source file="../../workspace/dataset/test/test_write_compress_bzip2.c.ifdefed" startline="36" endline="228" function="DEFINE_TEST" hash="-6330556557444294882"></source>
			<source file="../../workspace/dataset/test/test_write_compress_gzip.c.ifdefed" startline="36" endline="252" function="DEFINE_TEST" hash="3505713204551446939"></source>
			<source file="../../workspace/dataset/test/test_write_compress_xz.c.ifdefed" startline="36" endline="253" function="DEFINE_TEST" hash="-4861207886677831257"></source>
		</class>
	</version>
	<version nr="1830" hash="ee2fdc45" evolution="Add" change="Same">
		<class nclones="5">
			<source file="../../workspace/dataset/test/test_write_compress_lzma.c.ifdefed" startline="35" endline="246" function="DEFINE_TEST" hash="1208734031664045614"></source>
			<source file="../../workspace/dataset/test/test_write_compress_bzip2.c.ifdefed" startline="36" endline="228" function="DEFINE_TEST" hash="-6330556557444294882"></source>
			<source file="../../workspace/dataset/test/test_write_compress_lzip.c.ifdefed" startline="36" endline="247" function="DEFINE_TEST" hash="8065108730285394283"></source>
			<source file="../../workspace/dataset/test/test_write_compress_gzip.c.ifdefed" startline="36" endline="252" function="DEFINE_TEST" hash="3505713204551446939"></source>
			<source file="../../workspace/dataset/test/test_write_compress_xz.c.ifdefed" startline="36" endline="253" function="DEFINE_TEST" hash="-4861207886677831257"></source>
		</class>
	</version>
	<version nr="2010" hash="47727a1d" evolution="Same" change="Same">
		<class nclones="5">
			<source file="../../workspace/dataset/test/test_write_compress_lzma.c.ifdefed" startline="35" endline="246" function="DEFINE_TEST" hash="1208734031664045614"></source>
			<source file="../../workspace/dataset/test/test_write_compress_bzip2.c.ifdefed" startline="36" endline="228" function="DEFINE_TEST" hash="-6330556557444294882"></source>
			<source file="../../workspace/dataset/test/test_write_compress_lzip.c.ifdefed" startline="36" endline="247" function="DEFINE_TEST" hash="8065108730285394283"></source>
			<source file="../../workspace/dataset/test/test_write_compress_gzip.c.ifdefed" startline="36" endline="252" function="DEFINE_TEST" hash="3505713204551446939"></source>
			<source file="../../workspace/dataset/test/test_write_compress_xz.c.ifdefed" startline="36" endline="253" function="DEFINE_TEST" hash="-4861207886677831257"></source>
		</class>
	</version>
	<version nr="2020" hash="73d99a29" evolution="Same" change="Inconsistent">
		<class nclones="5">
			<source file="../../workspace/dataset/test/test_write_compress_lzma.c.ifdefed" startline="35" endline="251" function="DEFINE_TEST" hash="-989916627866854255"></source>
			<source file="../../workspace/dataset/test/test_write_compress_bzip2.c.ifdefed" startline="36" endline="228" function="DEFINE_TEST" hash="-6330556557444294882"></source>
			<source file="../../workspace/dataset/test/test_write_compress_lzip.c.ifdefed" startline="36" endline="247" function="DEFINE_TEST" hash="8065108730285394283"></source>
			<source file="../../workspace/dataset/test/test_write_compress_gzip.c.ifdefed" startline="36" endline="252" function="DEFINE_TEST" hash="3505713204551446939"></source>
			<source file="../../workspace/dataset/test/test_write_compress_xz.c.ifdefed" startline="36" endline="257" function="DEFINE_TEST" hash="250353337163184842"></source>
		</class>
	</version>
	<version nr="2200" hash="495b28cf" evolution="Same" change="Same">
		<class nclones="5">
			<source file="../../workspace/dataset/test/test_write_compress_lzma.c.ifdefed" startline="35" endline="251" function="DEFINE_TEST" hash="-989916627866854255"></source>
			<source file="../../workspace/dataset/test/test_write_compress_bzip2.c.ifdefed" startline="36" endline="228" function="DEFINE_TEST" hash="-6330556557444294882"></source>
			<source file="../../workspace/dataset/test/test_write_compress_lzip.c.ifdefed" startline="36" endline="247" function="DEFINE_TEST" hash="8065108730285394283"></source>
			<source file="../../workspace/dataset/test/test_write_compress_gzip.c.ifdefed" startline="36" endline="252" function="DEFINE_TEST" hash="3505713204551446939"></source>
			<source file="../../workspace/dataset/test/test_write_compress_xz.c.ifdefed" startline="36" endline="257" function="DEFINE_TEST" hash="250353337163184842"></source>
		</class>
	</version>
	<version nr="2210" hash="c6b4037d" evolution="Same" change="Consistent">
		<class nclones="5">
			<source file="../../workspace/dataset/test/test_write_compress_lzma.c.ifdefed" startline="35" endline="251" function="DEFINE_TEST" hash="-4640770210104531954"></source>
			<source file="../../workspace/dataset/test/test_write_compress_xz.c.ifdefed" startline="36" endline="257" function="DEFINE_TEST" hash="-7225795532146862885"></source>
			<source file="../../workspace/dataset/test/test_write_compress_lzip.c.ifdefed" startline="36" endline="247" function="DEFINE_TEST" hash="-4501064005395790350"></source>
			<source file="../../workspace/dataset/test/test_write_compress_bzip2.c.ifdefed" startline="36" endline="228" function="DEFINE_TEST" hash="-5679440694516183167"></source>
			<source file="../../workspace/dataset/test/test_write_compress_gzip.c.ifdefed" startline="36" endline="256" function="DEFINE_TEST" hash="3454997661752209255"></source>
		</class>
	</version>
	<version nr="2280" hash="934ed638" evolution="Same" change="Same">
		<class nclones="5">
			<source file="../../workspace/dataset/test/test_write_compress_lzma.c.ifdefed" startline="35" endline="251" function="DEFINE_TEST" hash="-4640770210104531954"></source>
			<source file="../../workspace/dataset/test/test_write_compress_bzip2.c.ifdefed" startline="36" endline="228" function="DEFINE_TEST" hash="-5679440694516183167"></source>
			<source file="../../workspace/dataset/test/test_write_compress_gzip.c.ifdefed" startline="36" endline="256" function="DEFINE_TEST" hash="3454997661752209255"></source>
			<source file="../../workspace/dataset/test/test_write_compress_lzip.c.ifdefed" startline="36" endline="247" function="DEFINE_TEST" hash="-4501064005395790350"></source>
			<source file="../../workspace/dataset/test/test_write_compress_xz.c.ifdefed" startline="36" endline="257" function="DEFINE_TEST" hash="-7225795532146862885"></source>
		</class>
	</version>
	<version nr="2290" hash="323c72ca" evolution="Same" change="Consistent">
		<class nclones="5">
			<source file="../../workspace/dataset/test/test_write_compress_lzma.c.ifdefed" startline="35" endline="251" function="DEFINE_TEST" hash="-3572092763862687418"></source>
			<source file="../../workspace/dataset/test/test_write_compress_gzip.c.ifdefed" startline="36" endline="256" function="DEFINE_TEST" hash="-2248189417529668210"></source>
			<source file="../../workspace/dataset/test/test_write_compress_bzip2.c.ifdefed" startline="36" endline="228" function="DEFINE_TEST" hash="906750451852944012"></source>
			<source file="../../workspace/dataset/test/test_write_compress_xz.c.ifdefed" startline="36" endline="257" function="DEFINE_TEST" hash="-164776541002590109"></source>
			<source file="../../workspace/dataset/test/test_write_compress_lzip.c.ifdefed" startline="36" endline="247" function="DEFINE_TEST" hash="8005451347082698984"></source>
		</class>
	</version>
	<version nr="3330" hash="66b1a0b7" evolution="Same" change="Same">
		<class nclones="5">
			<source file="../../workspace/dataset/test/test_write_compress_lzma.c.ifdefed" startline="35" endline="251" function="DEFINE_TEST" hash="-3572092763862687418"></source>
			<source file="../../workspace/dataset/test/test_write_compress_lzip.c.ifdefed" startline="36" endline="247" function="DEFINE_TEST" hash="8005451347082698984"></source>
			<source file="../../workspace/dataset/test/test_write_compress_xz.c.ifdefed" startline="36" endline="257" function="DEFINE_TEST" hash="-164776541002590109"></source>
			<source file="../../workspace/dataset/test/test_write_compress_bzip2.c.ifdefed" startline="36" endline="228" function="DEFINE_TEST" hash="906750451852944012"></source>
			<source file="../../workspace/dataset/test/test_write_compress_gzip.c.ifdefed" startline="36" endline="256" function="DEFINE_TEST" hash="-2248189417529668210"></source>
		</class>
	</version>
</lineage>
<lineage>
	<version nr="790" hash="21da38e5" evolution="None" change="None">
		<class nclones="4">
			<source file="../../workspace/dataset/test/test_read_format_cpio_bin_gz.c.ifdefed" startline="34" endline="59" function="DEFINE_TEST" hash="6761684062442912157"></source>
			<source file="../../workspace/dataset/test/test_read_format_tgz.c.ifdefed" startline="35" endline="58" function="DEFINE_TEST" hash="-8755557154879450080"></source>
			<source file="../../workspace/dataset/test/test_read_format_cpio_svr4_gzip.c.ifdefed" startline="35" endline="59" function="DEFINE_TEST" hash="-2046659598337218734"></source>
			<source file="../../workspace/dataset/test/test_read_format_gtar_gz.c.ifdefed" startline="35" endline="58" function="DEFINE_TEST" hash="-6124867107417396264"></source>
		</class>
	</version>
	<version nr="1570" hash="92ad55bb" evolution="Same" change="Same">
		<class nclones="4">
			<source file="../../workspace/dataset/test/test_read_format_cpio_bin_gz.c.ifdefed" startline="34" endline="59" function="DEFINE_TEST" hash="6761684062442912157"></source>
			<source file="../../workspace/dataset/test/test_read_format_tgz.c.ifdefed" startline="35" endline="58" function="DEFINE_TEST" hash="-8755557154879450080"></source>
			<source file="../../workspace/dataset/test/test_read_format_gtar_gz.c.ifdefed" startline="35" endline="58" function="DEFINE_TEST" hash="-6124867107417396264"></source>
			<source file="../../workspace/dataset/test/test_read_format_cpio_svr4_gzip.c.ifdefed" startline="35" endline="59" function="DEFINE_TEST" hash="-2046659598337218734"></source>
		</class>
	</version>
	<version nr="1580" hash="9890b31f" evolution="Same" change="Consistent">
		<class nclones="4">
			<source file="../../workspace/dataset/test/test_read_format_cpio_bin_gz.c.ifdefed" startline="34" endline="59" function="DEFINE_TEST" hash="-4435314269961883211"></source>
			<source file="../../workspace/dataset/test/test_read_format_gtar_gz.c.ifdefed" startline="35" endline="58" function="DEFINE_TEST" hash="9061618266147057420"></source>
			<source file="../../workspace/dataset/test/test_read_format_tgz.c.ifdefed" startline="35" endline="58" function="DEFINE_TEST" hash="3419445792821998840"></source>
			<source file="../../workspace/dataset/test/test_read_format_cpio_svr4_gzip.c.ifdefed" startline="35" endline="59" function="DEFINE_TEST" hash="5623095125564584462"></source>
		</class>
	</version>
	<version nr="2280" hash="934ed638" evolution="Same" change="Same">
		<class nclones="4">
			<source file="../../workspace/dataset/test/test_read_format_cpio_bin_gz.c.ifdefed" startline="34" endline="59" function="DEFINE_TEST" hash="-4435314269961883211"></source>
			<source file="../../workspace/dataset/test/test_read_format_gtar_gz.c.ifdefed" startline="35" endline="58" function="DEFINE_TEST" hash="9061618266147057420"></source>
			<source file="../../workspace/dataset/test/test_read_format_tgz.c.ifdefed" startline="35" endline="58" function="DEFINE_TEST" hash="3419445792821998840"></source>
			<source file="../../workspace/dataset/test/test_read_format_cpio_svr4_gzip.c.ifdefed" startline="35" endline="59" function="DEFINE_TEST" hash="5623095125564584462"></source>
		</class>
	</version>
	<version nr="2290" hash="323c72ca" evolution="Same" change="Consistent">
		<class nclones="4">
			<source file="../../workspace/dataset/test/test_read_format_cpio_bin_gz.c.ifdefed" startline="34" endline="59" function="DEFINE_TEST" hash="637859242759382064"></source>
			<source file="../../workspace/dataset/test/test_read_format_cpio_svr4_gzip.c.ifdefed" startline="35" endline="59" function="DEFINE_TEST" hash="7220558404479138140"></source>
			<source file="../../workspace/dataset/test/test_read_format_gtar_gz.c.ifdefed" startline="35" endline="58" function="DEFINE_TEST" hash="4078220126916714838"></source>
			<source file="../../workspace/dataset/test/test_read_format_tgz.c.ifdefed" startline="35" endline="58" function="DEFINE_TEST" hash="6932322331165535790"></source>
		</class>
	</version>
	<version nr="2570" hash="b3d3adb4" evolution="Same" change="Same">
		<class nclones="4">
			<source file="../../workspace/dataset/test/test_read_format_cpio_bin_gz.c.ifdefed" startline="34" endline="59" function="DEFINE_TEST" hash="637859242759382064"></source>
			<source file="../../workspace/dataset/test/test_read_format_tgz.c.ifdefed" startline="35" endline="58" function="DEFINE_TEST" hash="6932322331165535790"></source>
			<source file="../../workspace/dataset/test/test_read_format_cpio_svr4_gzip.c.ifdefed" startline="35" endline="59" function="DEFINE_TEST" hash="7220558404479138140"></source>
			<source file="../../workspace/dataset/test/test_read_format_gtar_gz.c.ifdefed" startline="35" endline="58" function="DEFINE_TEST" hash="4078220126916714838"></source>
		</class>
	</version>
	<version nr="2580" hash="ff3b75e9" evolution="Same" change="Inconsistent">
		<class nclones="4">
			<source file="../../workspace/dataset/test/test_read_format_cpio_bin_gz.c.ifdefed" startline="34" endline="59" function="DEFINE_TEST" hash="637859242759382064"></source>
			<source file="../../workspace/dataset/test/test_read_format_tgz.c.ifdefed" startline="35" endline="59" function="DEFINE_TEST" hash="-3504763271344474291"></source>
			<source file="../../workspace/dataset/test/test_read_format_gtar_gz.c.ifdefed" startline="35" endline="59" function="DEFINE_TEST" hash="8939983920063004713"></source>
			<source file="../../workspace/dataset/test/test_read_format_cpio_svr4_gzip.c.ifdefed" startline="35" endline="59" function="DEFINE_TEST" hash="7220558404479138140"></source>
		</class>
	</version>
	<version nr="3330" hash="66b1a0b7" evolution="Same" change="Same">
		<class nclones="4">
			<source file="../../workspace/dataset/test/test_read_format_cpio_bin_gz.c.ifdefed" startline="34" endline="59" function="DEFINE_TEST" hash="637859242759382064"></source>
			<source file="../../workspace/dataset/test/test_read_format_tgz.c.ifdefed" startline="35" endline="59" function="DEFINE_TEST" hash="-3504763271344474291"></source>
			<source file="../../workspace/dataset/test/test_read_format_gtar_gz.c.ifdefed" startline="35" endline="59" function="DEFINE_TEST" hash="8939983920063004713"></source>
			<source file="../../workspace/dataset/test/test_read_format_cpio_svr4_gzip.c.ifdefed" startline="35" endline="59" function="DEFINE_TEST" hash="7220558404479138140"></source>
		</class>
	</version>
	<version nr="3340" hash="737e1a51" evolution="Add" change="Consistent">
		<class nclones="5">
			<source file="../../workspace/dataset/test/test_read_format_cpio_bin_gz.c.ifdefed" startline="34" endline="59" function="DEFINE_TEST" hash="5472406742576221698"></source>
			<source file="../../workspace/dataset/test/test_read_format_gtar_gz.c.ifdefed" startline="35" endline="59" function="DEFINE_TEST" hash="-6205215937291276081"></source>
			<source file="../../workspace/dataset/test/test_read_format_cpio_svr4_gzip.c.ifdefed" startline="35" endline="59" function="DEFINE_TEST" hash="4593965978011135942"></source>
			<source file="../../workspace/dataset/test/test_read_format_tgz.c.ifdefed" startline="35" endline="59" function="DEFINE_TEST" hash="7670645711944871095"></source>
			<source file="../../workspace/dataset/test/test_read_set_format.c.ifdefed" startline="127" endline="149" function="DEFINE_TEST" hash="4627860358634319119"></source>
		</class>
	</version>
	<version nr="3350" hash="42b5086d" evolution="Same" change="Same">
		<class nclones="5">
			<source file="../../workspace/dataset/test/test_read_format_cpio_bin_gz.c.ifdefed" startline="34" endline="59" function="DEFINE_TEST" hash="5472406742576221698"></source>
			<source file="../../workspace/dataset/test/test_read_format_gtar_gz.c.ifdefed" startline="35" endline="59" function="DEFINE_TEST" hash="-6205215937291276081"></source>
			<source file="../../workspace/dataset/test/test_read_format_cpio_svr4_gzip.c.ifdefed" startline="35" endline="59" function="DEFINE_TEST" hash="4593965978011135942"></source>
			<source file="../../workspace/dataset/test/test_read_format_tgz.c.ifdefed" startline="35" endline="59" function="DEFINE_TEST" hash="7670645711944871095"></source>
			<source file="../../workspace/dataset/test/test_read_set_format.c.ifdefed" startline="127" endline="149" function="DEFINE_TEST" hash="4627860358634319119"></source>
		</class>
	</version>
	<version nr="3360" hash="7a90710e" evolution="Subtract" change="Consistent">
		<class nclones="4">
			<source file="../../workspace/dataset/test/test_read_format_cpio_bin_gz.c.ifdefed" startline="34" endline="61" function="DEFINE_TEST" hash="1335556293111423263"></source>
			<source file="../../workspace/dataset/test/test_read_format_cpio_svr4_gzip.c.ifdefed" startline="35" endline="61" function="DEFINE_TEST" hash="4774662426864610863"></source>
			<source file="../../workspace/dataset/test/test_read_format_tgz.c.ifdefed" startline="35" endline="61" function="DEFINE_TEST" hash="6233473645644292960"></source>
			<source file="../../workspace/dataset/test/test_read_format_gtar_gz.c.ifdefed" startline="35" endline="61" function="DEFINE_TEST" hash="5128239637016912306"></source>
		</class>
	</version>
	<version nr="4600" hash="fd8fe9c5" evolution="Same" change="Same">
		<class nclones="4">
			<source file="../../workspace/dataset/test/test_read_format_cpio_bin_gz.c.ifdefed" startline="34" endline="61" function="DEFINE_TEST" hash="1335556293111423263"></source>
			<source file="../../workspace/dataset/test/test_read_format_gtar_gz.c.ifdefed" startline="35" endline="61" function="DEFINE_TEST" hash="5128239637016912306"></source>
			<source file="../../workspace/dataset/test/test_read_format_cpio_svr4_gzip.c.ifdefed" startline="35" endline="61" function="DEFINE_TEST" hash="4774662426864610863"></source>
			<source file="../../workspace/dataset/test/test_read_format_tgz.c.ifdefed" startline="35" endline="61" function="DEFINE_TEST" hash="6233473645644292960"></source>
		</class>
	</version>
</lineage>
<lineage>
	<version nr="820" hash="b72f49bf" evolution="None" change="None">
		<class nclones="2">
			<source file="../../workspace/dataset/test/test_option_z.c.ifdefed" startline="28" endline="59" function="DEFINE_TEST" hash="-3149389592724283747"></source>
			<source file="../../workspace/dataset/test/test_option_Z_upper.c.ifdefed" startline="28" endline="59" function="DEFINE_TEST" hash="3043734270086516631"></source>
		</class>
	</version>
	<version nr="850" hash="92c56fb7" evolution="Same" change="Same">
		<class nclones="2">
			<source file="../../workspace/dataset/test/test_option_z.c.ifdefed" startline="28" endline="59" function="DEFINE_TEST" hash="-3149389592724283747"></source>
			<source file="../../workspace/dataset/test/test_option_Z_upper.c.ifdefed" startline="28" endline="59" function="DEFINE_TEST" hash="3043734270086516631"></source>
		</class>
	</version>
	<version nr="860" hash="4e47abbe" evolution="Add" change="Consistent">
		<class nclones="5">
			<source file="../../workspace/dataset/test/test_option_y.c.ifdefed" startline="28" endline="61" function="DEFINE_TEST" hash="597695560225049423"></source>
			<source file="../../workspace/dataset/test/test_option_lzma.c.ifdefed" startline="28" endline="60" function="DEFINE_TEST" hash="2188874672243057470"></source>
			<source file="../../workspace/dataset/test/test_option_Z_upper.c.ifdefed" startline="28" endline="60" function="DEFINE_TEST" hash="-8935013485601600686"></source>
			<source file="../../workspace/dataset/test/test_option_J_upper.c.ifdefed" startline="28" endline="60" function="DEFINE_TEST" hash="-7181455959752361734"></source>
			<source file="../../workspace/dataset/test/test_option_z.c.ifdefed" startline="28" endline="60" function="DEFINE_TEST" hash="-4403250051138408791"></source>
		</class>
	</version>
	<version nr="870" hash="1567f45e" evolution="Same" change="Same">
		<class nclones="5">
			<source file="../../workspace/dataset/test/test_option_y.c.ifdefed" startline="28" endline="61" function="DEFINE_TEST" hash="597695560225049423"></source>
			<source file="../../workspace/dataset/test/test_option_J_upper.c.ifdefed" startline="28" endline="60" function="DEFINE_TEST" hash="-7181455959752361734"></source>
			<source file="../../workspace/dataset/test/test_option_Z_upper.c.ifdefed" startline="28" endline="60" function="DEFINE_TEST" hash="-8935013485601600686"></source>
			<source file="../../workspace/dataset/test/test_option_z.c.ifdefed" startline="28" endline="60" function="DEFINE_TEST" hash="-4403250051138408791"></source>
			<source file="../../workspace/dataset/test/test_option_lzma.c.ifdefed" startline="28" endline="60" function="DEFINE_TEST" hash="2188874672243057470"></source>
		</class>
	</version>
	<version nr="880" hash="d45747d1" evolution="Same" change="Inconsistent">
		<class nclones="5">
			<source file="../../workspace/dataset/test/test_option_y.c.ifdefed" startline="28" endline="61" function="DEFINE_TEST" hash="597695560225049423"></source>
			<source file="../../workspace/dataset/test/test_option_z.c.ifdefed" startline="28" endline="60" function="DEFINE_TEST" hash="-4403250051138408791"></source>
			<source file="../../workspace/dataset/test/test_option_J_upper.c.ifdefed" startline="28" endline="60" function="DEFINE_TEST" hash="-3357645882507436623"></source>
			<source file="../../workspace/dataset/test/test_option_lzma.c.ifdefed" startline="28" endline="60" function="DEFINE_TEST" hash="-7405454890319459240"></source>
			<source file="../../workspace/dataset/test/test_option_Z_upper.c.ifdefed" startline="28" endline="60" function="DEFINE_TEST" hash="-8935013485601600686"></source>
		</class>
	</version>
	<version nr="1090" hash="5d5d8ed2" evolution="Same" change="Same">
		<class nclones="5">
			<source file="../../workspace/dataset/test/test_option_y.c.ifdefed" startline="28" endline="61" function="DEFINE_TEST" hash="597695560225049423"></source>
			<source file="../../workspace/dataset/test/test_option_z.c.ifdefed" startline="28" endline="60" function="DEFINE_TEST" hash="-4403250051138408791"></source>
			<source file="../../workspace/dataset/test/test_option_Z_upper.c.ifdefed" startline="28" endline="60" function="DEFINE_TEST" hash="-8935013485601600686"></source>
			<source file="../../workspace/dataset/test/test_option_J_upper.c.ifdefed" startline="28" endline="60" function="DEFINE_TEST" hash="-3357645882507436623"></source>
			<source file="../../workspace/dataset/test/test_option_lzma.c.ifdefed" startline="28" endline="60" function="DEFINE_TEST" hash="-7405454890319459240"></source>
		</class>
	</version>
	<version nr="1100" hash="b9795baa" evolution="Subtract" change="Same">
		<class nclones="3">
			<source file="../../workspace/dataset/test/test_option_y.c.ifdefed" startline="28" endline="61" function="DEFINE_TEST" hash="597695560225049423"></source>
			<source file="../../workspace/dataset/test/test_option_z.c.ifdefed" startline="28" endline="60" function="DEFINE_TEST" hash="-4403250051138408791"></source>
			<source file="../../workspace/dataset/test/test_option_lzma.c.ifdefed" startline="28" endline="60" function="DEFINE_TEST" hash="-7405454890319459240"></source>
		</class>
	</version>
	<version nr="1110" hash="004eb435" evolution="Add" change="Consistent">
		<class nclones="5">
			<source file="../../workspace/dataset/test/test_option_y.c.ifdefed" startline="28" endline="57" function="DEFINE_TEST" hash="1691392103694110296"></source>
			<source file="../../workspace/dataset/test/test_option_J_upper.c.ifdefed" startline="28" endline="56" function="DEFINE_TEST" hash="9149076448841642620"></source>
			<source file="../../workspace/dataset/test/test_option_Z_upper.c.ifdefed" startline="28" endline="56" function="DEFINE_TEST" hash="-6944062536854675479"></source>
			<source file="../../workspace/dataset/test/test_option_lzma.c.ifdefed" startline="28" endline="56" function="DEFINE_TEST" hash="6940955713170929997"></source>
			<source file="../../workspace/dataset/test/test_option_z.c.ifdefed" startline="28" endline="56" function="DEFINE_TEST" hash="-7920718455610671050"></source>
		</class>
	</version>
	<version nr="3330" hash="66b1a0b7" evolution="Same" change="Same">
		<class nclones="5">
			<source file="../../workspace/dataset/test/test_option_y.c.ifdefed" startline="28" endline="57" function="DEFINE_TEST" hash="1691392103694110296"></source>
			<source file="../../workspace/dataset/test/test_option_J_upper.c.ifdefed" startline="28" endline="56" function="DEFINE_TEST" hash="9149076448841642620"></source>
			<source file="../../workspace/dataset/test/test_option_Z_upper.c.ifdefed" startline="28" endline="56" function="DEFINE_TEST" hash="-6944062536854675479"></source>
			<source file="../../workspace/dataset/test/test_option_lzma.c.ifdefed" startline="28" endline="56" function="DEFINE_TEST" hash="6940955713170929997"></source>
			<source file="../../workspace/dataset/test/test_option_z.c.ifdefed" startline="28" endline="56" function="DEFINE_TEST" hash="-7920718455610671050"></source>
		</class>
	</version>
	<version nr="3340" hash="737e1a51" evolution="Subtract" change="Consistent">
		<class nclones="2">
			<source file="../../workspace/dataset/test/test_option_y.c.ifdefed" startline="28" endline="56" function="DEFINE_TEST" hash="6080830069628156148"></source>
			<source file="../../workspace/dataset/test/test_option_j.c.ifdefed" startline="29" endline="56" function="DEFINE_TEST" hash="1543301196176853383"></source>
		</class>
	</version>
	<version nr="3850" hash="e9a5a70f" evolution="Same" change="Same">
		<class nclones="2">
			<source file="../../workspace/dataset/test/test_option_y.c.ifdefed" startline="28" endline="56" function="DEFINE_TEST" hash="6080830069628156148"></source>
			<source file="../../workspace/dataset/test/test_option_j.c.ifdefed" startline="29" endline="56" function="DEFINE_TEST" hash="1543301196176853383"></source>
		</class>
	</version>
	<version nr="3860" hash="30528ed7" evolution="Add" change="Consistent">
		<class nclones="4">
			<source file="../../workspace/dataset/test/test_option_y.c.ifdefed" startline="28" endline="59" function="DEFINE_TEST" hash="7626363727603398399"></source>
			<source file="../../workspace/dataset/test/test_option_J_upper.c.ifdefed" startline="28" endline="59" function="DEFINE_TEST" hash="9179864879681972473"></source>
			<source file="../../workspace/dataset/test/test_option_Z_upper.c.ifdefed" startline="28" endline="59" function="DEFINE_TEST" hash="4569004057577930920"></source>
			<source file="../../workspace/dataset/test/test_option_j.c.ifdefed" startline="29" endline="59" function="DEFINE_TEST" hash="8162538092054581966"></source>
		</class>
	</version>
	<version nr="4040" hash="f1428f75" evolution="Same" change="Same">
		<class nclones="4">
			<source file="../../workspace/dataset/test/test_option_y.c.ifdefed" startline="28" endline="59" function="DEFINE_TEST" hash="7626363727603398399"></source>
			<source file="../../workspace/dataset/test/test_option_Z_upper.c.ifdefed" startline="28" endline="59" function="DEFINE_TEST" hash="4569004057577930920"></source>
			<source file="../../workspace/dataset/test/test_option_J_upper.c.ifdefed" startline="28" endline="59" function="DEFINE_TEST" hash="9179864879681972473"></source>
			<source file="../../workspace/dataset/test/test_option_j.c.ifdefed" startline="29" endline="59" function="DEFINE_TEST" hash="8162538092054581966"></source>
		</class>
	</version>
	<version nr="4050" hash="c253f0aa" evolution="Same" change="Inconsistent">
		<class nclones="4">
			<source file="../../workspace/dataset/test/test_option_xz.c.ifdefed" startline="29" endline="61" function="DEFINE_TEST" hash="-6086693112008444048"></source>
			<source file="../../workspace/dataset/test/test_option_lzma.c.ifdefed" startline="28" endline="60" function="DEFINE_TEST" hash="7013304587860066949"></source>
			<source file="../../workspace/dataset/test/test_option_J_upper.c.ifdefed" startline="28" endline="59" function="DEFINE_TEST" hash="9179864879681972473"></source>
			<source file="../../workspace/dataset/test/test_option_Z_upper.c.ifdefed" startline="28" endline="60" function="DEFINE_TEST" hash="6108024793913251653"></source>
		</class>
	</version>
	<version nr="4600" hash="fd8fe9c5" evolution="Same" change="Same">
		<class nclones="4">
			<source file="../../workspace/dataset/test/test_option_xz.c.ifdefed" startline="29" endline="61" function="DEFINE_TEST" hash="-6086693112008444048"></source>
			<source file="../../workspace/dataset/test/test_option_lzma.c.ifdefed" startline="28" endline="60" function="DEFINE_TEST" hash="7013304587860066949"></source>
			<source file="../../workspace/dataset/test/test_option_J_upper.c.ifdefed" startline="28" endline="59" function="DEFINE_TEST" hash="9179864879681972473"></source>
			<source file="../../workspace/dataset/test/test_option_Z_upper.c.ifdefed" startline="28" endline="60" function="DEFINE_TEST" hash="6108024793913251653"></source>
		</class>
	</version>
</lineage>
<lineage>
	<version nr="1080" hash="e4c04edb" evolution="None" change="None">
		<class nclones="2">
			<source file="../../workspace/dataset/test/main.c.ifdefed" startline="869" endline="887" function="test_assert_file_nlinks" hash="-1507025181713123694"></source>
			<source file="../../workspace/dataset/test/main.c.ifdefed" startline="889" endline="907" function="test_assert_file_size" hash="-6631616592639265965"></source>
		</class>
	</version>
	<version nr="1130" hash="0f7a479b" evolution="Same" change="Same">
		<class nclones="2">
			<source file="../../workspace/dataset/test/main.c.ifdefed" startline="869" endline="887" function="test_assert_file_nlinks" hash="-1507025181713123694"></source>
			<source file="../../workspace/dataset/test/main.c.ifdefed" startline="889" endline="907" function="test_assert_file_size" hash="-6631616592639265965"></source>
		</class>
	</version>
	<version nr="1140" hash="216ce7bb" evolution="Same" change="Consistent">
		<class nclones="2">
			<source file="../../workspace/dataset/test/main.c.ifdefed" startline="807" endline="822" function="test_assert_file_nlinks" hash="-9117975653898840225"></source>
			<source file="../../workspace/dataset/test/main.c.ifdefed" startline="824" endline="839" function="test_assert_file_size" hash="8169729525325930122"></source>
		</class>
	</version>
	<version nr="1190" hash="805ea8e1" evolution="Same" change="Same">
		<class nclones="2">
			<source file="../../workspace/dataset/test/main.c.ifdefed" startline="807" endline="822" function="test_assert_file_nlinks" hash="-9117975653898840225"></source>
			<source file="../../workspace/dataset/test/main.c.ifdefed" startline="824" endline="839" function="test_assert_file_size" hash="8169729525325930122"></source>
		</class>
	</version>
</lineage>
<lineage>
	<version nr="1080" hash="e4c04edb" evolution="None" change="None">
		<class nclones="2">
			<source file="../../workspace/dataset/test/main.c.ifdefed" startline="1078" endline="1104" function="test_assert_make_hardlink" hash="-4136101507285292284"></source>
			<source file="../../workspace/dataset/test/main.c.ifdefed" startline="1107" endline="1135" function="test_assert_make_symlink" hash="824833958307608384"></source>
		</class>
	</version>
	<version nr="1130" hash="0f7a479b" evolution="Same" change="Same">
		<class nclones="2">
			<source file="../../workspace/dataset/test/main.c.ifdefed" startline="1139" endline="1165" function="test_assert_make_hardlink" hash="-4136101507285292284"></source>
			<source file="../../workspace/dataset/test/main.c.ifdefed" startline="1168" endline="1196" function="test_assert_make_symlink" hash="824833958307608384"></source>
		</class>
	</version>
</lineage>
<lineage>
	<version nr="1100" hash="b9795baa" evolution="None" change="None">
		<class nclones="2">
			<source file="../../workspace/dataset/test/test_option_Z_upper.c.ifdefed" startline="28" endline="56" function="DEFINE_TEST" hash="-6944062536854675479"></source>
			<source file="../../workspace/dataset/test/test_option_J_upper.c.ifdefed" startline="28" endline="56" function="DEFINE_TEST" hash="9149076448841642620"></source>
		</class>
	</version>
	<version nr="3340" hash="737e1a51" evolution="Add" change="Same">
		<class nclones="5">
			<source file="../../workspace/dataset/test/test_option_xz.c.ifdefed" startline="29" endline="57" function="DEFINE_TEST" hash="-8953890975402238358"></source>
			<source file="../../workspace/dataset/test/test_option_J_upper.c.ifdefed" startline="28" endline="56" function="DEFINE_TEST" hash="9149076448841642620"></source>
			<source file="../../workspace/dataset/test/test_option_lzma.c.ifdefed" startline="28" endline="56" function="DEFINE_TEST" hash="6940955713170929997"></source>
			<source file="../../workspace/dataset/test/test_option_lzop.c.ifdefed" startline="29" endline="56" function="DEFINE_TEST" hash="-3190316953378557505"></source>
			<source file="../../workspace/dataset/test/test_option_Z_upper.c.ifdefed" startline="28" endline="56" function="DEFINE_TEST" hash="-6944062536854675479"></source>
		</class>
	</version>
	<version nr="3450" hash="fa9e61aa" evolution="Same" change="Same">
		<class nclones="5">
			<source file="../../workspace/dataset/test/test_option_xz.c.ifdefed" startline="29" endline="57" function="DEFINE_TEST" hash="-8953890975402238358"></source>
			<source file="../../workspace/dataset/test/test_option_lzma.c.ifdefed" startline="28" endline="56" function="DEFINE_TEST" hash="6940955713170929997"></source>
			<source file="../../workspace/dataset/test/test_option_lzop.c.ifdefed" startline="29" endline="56" function="DEFINE_TEST" hash="-3190316953378557505"></source>
			<source file="../../workspace/dataset/test/test_option_J_upper.c.ifdefed" startline="28" endline="56" function="DEFINE_TEST" hash="9149076448841642620"></source>
			<source file="../../workspace/dataset/test/test_option_Z_upper.c.ifdefed" startline="28" endline="56" function="DEFINE_TEST" hash="-6944062536854675479"></source>
		</class>
	</version>
	<version nr="3460" hash="1d2939fd" evolution="Add" change="Same">
		<class nclones="6">
			<source file="../../workspace/dataset/test/test_option_xz.c.ifdefed" startline="29" endline="57" function="DEFINE_TEST" hash="-8953890975402238358"></source>
			<source file="../../workspace/dataset/test/test_option_lzma.c.ifdefed" startline="28" endline="56" function="DEFINE_TEST" hash="6940955713170929997"></source>
			<source file="../../workspace/dataset/test/test_option_Z_upper.c.ifdefed" startline="28" endline="56" function="DEFINE_TEST" hash="-6944062536854675479"></source>
			<source file="../../workspace/dataset/test/test_option_lzop.c.ifdefed" startline="29" endline="56" function="DEFINE_TEST" hash="-3190316953378557505"></source>
			<source file="../../workspace/dataset/test/test_option_lz4.c.ifdefed" startline="28" endline="56" function="DEFINE_TEST" hash="2310390772880286023"></source>
			<source file="../../workspace/dataset/test/test_option_J_upper.c.ifdefed" startline="28" endline="56" function="DEFINE_TEST" hash="9149076448841642620"></source>
		</class>
	</version>
	<version nr="3550" hash="6e06b1c8" evolution="Same" change="Same">
		<class nclones="6">
			<source file="../../workspace/dataset/test/test_option_xz.c.ifdefed" startline="29" endline="57" function="DEFINE_TEST" hash="-8953890975402238358"></source>
			<source file="../../workspace/dataset/test/test_option_lzma.c.ifdefed" startline="28" endline="56" function="DEFINE_TEST" hash="6940955713170929997"></source>
			<source file="../../workspace/dataset/test/test_option_J_upper.c.ifdefed" startline="28" endline="56" function="DEFINE_TEST" hash="9149076448841642620"></source>
			<source file="../../workspace/dataset/test/test_option_Z_upper.c.ifdefed" startline="28" endline="56" function="DEFINE_TEST" hash="-6944062536854675479"></source>
			<source file="../../workspace/dataset/test/test_option_lzop.c.ifdefed" startline="29" endline="56" function="DEFINE_TEST" hash="-3190316953378557505"></source>
			<source file="../../workspace/dataset/test/test_option_lz4.c.ifdefed" startline="28" endline="56" function="DEFINE_TEST" hash="2310390772880286023"></source>
		</class>
	</version>
	<version nr="3560" hash="3865cf2b" evolution="Subtract" change="Same">
		<class nclones="5">
			<source file="../../workspace/dataset/test/test_option_xz.c.ifdefed" startline="29" endline="57" function="DEFINE_TEST" hash="-8953890975402238358"></source>
			<source file="../../workspace/dataset/test/test_option_Z_upper.c.ifdefed" startline="28" endline="56" function="DEFINE_TEST" hash="-6944062536854675479"></source>
			<source file="../../workspace/dataset/test/test_option_J_upper.c.ifdefed" startline="28" endline="56" function="DEFINE_TEST" hash="9149076448841642620"></source>
			<source file="../../workspace/dataset/test/test_option_lzop.c.ifdefed" startline="29" endline="56" function="DEFINE_TEST" hash="-3190316953378557505"></source>
			<source file="../../workspace/dataset/test/test_option_lzma.c.ifdefed" startline="28" endline="56" function="DEFINE_TEST" hash="6940955713170929997"></source>
		</class>
	</version>
	<version nr="3850" hash="e9a5a70f" evolution="Same" change="Same">
		<class nclones="5">
			<source file="../../workspace/dataset/test/test_option_xz.c.ifdefed" startline="29" endline="57" function="DEFINE_TEST" hash="-8953890975402238358"></source>
			<source file="../../workspace/dataset/test/test_option_Z_upper.c.ifdefed" startline="28" endline="56" function="DEFINE_TEST" hash="-6944062536854675479"></source>
			<source file="../../workspace/dataset/test/test_option_J_upper.c.ifdefed" startline="28" endline="56" function="DEFINE_TEST" hash="9149076448841642620"></source>
			<source file="../../workspace/dataset/test/test_option_lzop.c.ifdefed" startline="29" endline="56" function="DEFINE_TEST" hash="-3190316953378557505"></source>
			<source file="../../workspace/dataset/test/test_option_lzma.c.ifdefed" startline="28" endline="56" function="DEFINE_TEST" hash="6940955713170929997"></source>
		</class>
	</version>
	<version nr="3860" hash="30528ed7" evolution="Subtract" change="Same">
		<class nclones="3">
			<source file="../../workspace/dataset/test/test_option_xz.c.ifdefed" startline="29" endline="57" function="DEFINE_TEST" hash="-8953890975402238358"></source>
			<source file="../../workspace/dataset/test/test_option_lzop.c.ifdefed" startline="29" endline="56" function="DEFINE_TEST" hash="-3190316953378557505"></source>
			<source file="../../workspace/dataset/test/test_option_lzma.c.ifdefed" startline="28" endline="56" function="DEFINE_TEST" hash="6940955713170929997"></source>
		</class>
	</version>
	<version nr="4040" hash="f1428f75" evolution="Same" change="Same">
		<class nclones="3">
			<source file="../../workspace/dataset/test/test_option_xz.c.ifdefed" startline="29" endline="57" function="DEFINE_TEST" hash="-8953890975402238358"></source>
			<source file="../../workspace/dataset/test/test_option_lzma.c.ifdefed" startline="28" endline="56" function="DEFINE_TEST" hash="6940955713170929997"></source>
			<source file="../../workspace/dataset/test/test_option_lzop.c.ifdefed" startline="29" endline="56" function="DEFINE_TEST" hash="-3190316953378557505"></source>
		</class>
	</version>
</lineage>
<lineage>
	<version nr="1200" hash="e44c5d7f" evolution="None" change="None">
		<class nclones="2">
			<source file="../../workspace/dataset/test/main.c.ifdefed" startline="672" endline="693" function="assertion_file_exists" hash="-188875799032292192"></source>
			<source file="../../workspace/dataset/test/main.c.ifdefed" startline="696" endline="717" function="assertion_file_not_exists" hash="-7026057485817711651"></source>
		</class>
	</version>
	<version nr="1980" hash="efaf972d" evolution="Same" change="Same">
		<class nclones="2">
			<source file="../../workspace/dataset/test/main.c.ifdefed" startline="672" endline="693" function="assertion_file_exists" hash="-188875799032292192"></source>
			<source file="../../workspace/dataset/test/main.c.ifdefed" startline="696" endline="717" function="assertion_file_not_exists" hash="-7026057485817711651"></source>
		</class>
	</version>
</lineage>
<lineage>
	<version nr="1200" hash="e44c5d7f" evolution="None" change="None">
		<class nclones="2">
			<source file="../../workspace/dataset/test/main.c.ifdefed" startline="1025" endline="1054" function="assertion_file_nlinks" hash="7635173331040985499"></source>
			<source file="../../workspace/dataset/test/main.c.ifdefed" startline="1057" endline="1071" function="assertion_file_size" hash="-8506024242286366479"></source>
		</class>
	</version>
	<version nr="1210" hash="25d86a24" evolution="Same" change="Same">
		<class nclones="2">
			<source file="../../workspace/dataset/test/main.c.ifdefed" startline="1025" endline="1054" function="assertion_file_nlinks" hash="7635173331040985499"></source>
			<source file="../../workspace/dataset/test/main.c.ifdefed" startline="1057" endline="1071" function="assertion_file_size" hash="-8506024242286366479"></source>
		</class>
	</version>
</lineage>
<lineage>
	<version nr="1240" hash="cdfc0900" evolution="None" change="None">
		<class nclones="3">
			<source file="../../workspace/dataset/test/test_read_format_isojoliet_long.c.ifdefed" startline="58" endline="145" function="DEFINE_TEST" hash="9119749641796095127"></source>
			<source file="../../workspace/dataset/test/test_read_format_isojoliet_bz2.c.ifdefed" startline="54" endline="138" function="DEFINE_TEST" hash="5809820138936540843"></source>
			<source file="../../workspace/dataset/test/test_read_format_isojoliet_rr.c.ifdefed" startline="57" endline="163" function="DEFINE_TEST" hash="-604062145415716369"></source>
		</class>
	</version>
	<version nr="1250" hash="5a98dcf8" evolution="Same" change="Inconsistent">
		<class nclones="3">
			<source file="../../workspace/dataset/test/test_read_format_isojoliet_long.c.ifdefed" startline="58" endline="145" function="DEFINE_TEST" hash="-6257252232386390508"></source>
			<source file="../../workspace/dataset/test/test_read_format_isojoliet_bz2.c.ifdefed" startline="54" endline="138" function="DEFINE_TEST" hash="-7415374741918389022"></source>
			<source file="../../workspace/dataset/test/test_read_format_isojoliet_rr.c.ifdefed" startline="57" endline="163" function="DEFINE_TEST" hash="-604062145415716369"></source>
		</class>
	</version>
	<version nr="1260" hash="d2da5277" evolution="Same" change="Same">
		<class nclones="3">
			<source file="../../workspace/dataset/test/test_read_format_isojoliet_long.c.ifdefed" startline="58" endline="145" function="DEFINE_TEST" hash="-6257252232386390508"></source>
			<source file="../../workspace/dataset/test/test_read_format_isojoliet_bz2.c.ifdefed" startline="54" endline="138" function="DEFINE_TEST" hash="-7415374741918389022"></source>
			<source file="../../workspace/dataset/test/test_read_format_isojoliet_rr.c.ifdefed" startline="57" endline="163" function="DEFINE_TEST" hash="-604062145415716369"></source>
		</class>
	</version>
	<version nr="1270" hash="5f8a5813" evolution="Same" change="Consistent">
		<class nclones="3">
			<source file="../../workspace/dataset/test/test_read_format_isojoliet_long.c.ifdefed" startline="58" endline="145" function="DEFINE_TEST" hash="8900330694718516890"></source>
			<source file="../../workspace/dataset/test/test_read_format_isojoliet_bz2.c.ifdefed" startline="54" endline="139" function="DEFINE_TEST" hash="616618845920407636"></source>
			<source file="../../workspace/dataset/test/test_read_format_isojoliet_rr.c.ifdefed" startline="57" endline="164" function="DEFINE_TEST" hash="-6406488284013981579"></source>
		</class>
	</version>
	<version nr="1310" hash="bbaefa15" evolution="Same" change="Same">
		<class nclones="3">
			<source file="../../workspace/dataset/test/test_read_format_isojoliet_long.c.ifdefed" startline="58" endline="145" function="DEFINE_TEST" hash="8900330694718516890"></source>
			<source file="../../workspace/dataset/test/test_read_format_isojoliet_bz2.c.ifdefed" startline="54" endline="139" function="DEFINE_TEST" hash="616618845920407636"></source>
			<source file="../../workspace/dataset/test/test_read_format_isojoliet_rr.c.ifdefed" startline="57" endline="164" function="DEFINE_TEST" hash="-6406488284013981579"></source>
		</class>
	</version>
	<version nr="1320" hash="24dbaced" evolution="Same" change="Consistent">
		<class nclones="3">
			<source file="../../workspace/dataset/test/test_read_format_isojoliet_long.c.ifdefed" startline="58" endline="139" function="DEFINE_TEST" hash="-1788485479022020939"></source>
			<source file="../../workspace/dataset/test/test_read_format_isojoliet_bz2.c.ifdefed" startline="54" endline="132" function="DEFINE_TEST" hash="8672929963468366626"></source>
			<source file="../../workspace/dataset/test/test_read_format_isojoliet_rr.c.ifdefed" startline="57" endline="157" function="DEFINE_TEST" hash="6039558765668387629"></source>
		</class>
	</version>
	<version nr="1570" hash="92ad55bb" evolution="Same" change="Same">
		<class nclones="3">
			<source file="../../workspace/dataset/test/test_read_format_isojoliet_long.c.ifdefed" startline="58" endline="139" function="DEFINE_TEST" hash="-1788485479022020939"></source>
			<source file="../../workspace/dataset/test/test_read_format_isojoliet_bz2.c.ifdefed" startline="54" endline="132" function="DEFINE_TEST" hash="8672929963468366626"></source>
			<source file="../../workspace/dataset/test/test_read_format_isojoliet_rr.c.ifdefed" startline="57" endline="157" function="DEFINE_TEST" hash="6039558765668387629"></source>
		</class>
	</version>
	<version nr="1580" hash="9890b31f" evolution="Same" change="Consistent">
		<class nclones="3">
			<source file="../../workspace/dataset/test/test_read_format_isojoliet_long.c.ifdefed" startline="59" endline="140" function="DEFINE_TEST" hash="8759053933459576154"></source>
			<source file="../../workspace/dataset/test/test_read_format_isojoliet_bz2.c.ifdefed" startline="55" endline="133" function="DEFINE_TEST" hash="2258875888968693089"></source>
			<source file="../../workspace/dataset/test/test_read_format_isojoliet_rr.c.ifdefed" startline="58" endline="158" function="DEFINE_TEST" hash="-2187684298669573142"></source>
		</class>
	</version>
	<version nr="1650" hash="452d2fb0" evolution="Same" change="Same">
		<class nclones="3">
			<source file="../../workspace/dataset/test/test_read_format_isojoliet_long.c.ifdefed" startline="59" endline="140" function="DEFINE_TEST" hash="8759053933459576154"></source>
			<source file="../../workspace/dataset/test/test_read_format_isojoliet_bz2.c.ifdefed" startline="55" endline="133" function="DEFINE_TEST" hash="2258875888968693089"></source>
			<source file="../../workspace/dataset/test/test_read_format_isojoliet_rr.c.ifdefed" startline="58" endline="158" function="DEFINE_TEST" hash="-2187684298669573142"></source>
		</class>
	</version>
	<version nr="1660" hash="cdc2c15a" evolution="Same" change="Consistent">
		<class nclones="3">
			<source file="../../workspace/dataset/test/test_read_format_isojoliet_long.c.ifdefed" startline="59" endline="144" function="DEFINE_TEST" hash="7417853443690700572"></source>
			<source file="../../workspace/dataset/test/test_read_format_isojoliet_bz2.c.ifdefed" startline="55" endline="137" function="DEFINE_TEST" hash="1449960442477105175"></source>
			<source file="../../workspace/dataset/test/test_read_format_isojoliet_rr.c.ifdefed" startline="58" endline="162" function="DEFINE_TEST" hash="-7389290833991628772"></source>
		</class>
	</version>
	<version nr="1690" hash="d5dd1e70" evolution="Same" change="Same">
		<class nclones="3">
			<source file="../../workspace/dataset/test/test_read_format_isojoliet_long.c.ifdefed" startline="59" endline="144" function="DEFINE_TEST" hash="7417853443690700572"></source>
			<source file="../../workspace/dataset/test/test_read_format_isojoliet_bz2.c.ifdefed" startline="55" endline="137" function="DEFINE_TEST" hash="1449960442477105175"></source>
			<source file="../../workspace/dataset/test/test_read_format_isojoliet_rr.c.ifdefed" startline="58" endline="162" function="DEFINE_TEST" hash="-7389290833991628772"></source>
		</class>
	</version>
	<version nr="1700" hash="1111af87" evolution="Same" change="Inconsistent">
		<class nclones="3">
			<source file="../../workspace/dataset/test/test_read_format_isojoliet_long.c.ifdefed" startline="59" endline="144" function="DEFINE_TEST" hash="7417853443690700572"></source>
			<source file="../../workspace/dataset/test/test_read_format_isojoliet_bz2.c.ifdefed" startline="55" endline="137" function="DEFINE_TEST" hash="4701448806659832374"></source>
			<source file="../../workspace/dataset/test/test_read_format_isojoliet_rr.c.ifdefed" startline="58" endline="162" function="DEFINE_TEST" hash="2275719312168945817"></source>
		</class>
	</version>
	<version nr="2200" hash="495b28cf" evolution="Same" change="Same">
		<class nclones="3">
			<source file="../../workspace/dataset/test/test_read_format_isojoliet_long.c.ifdefed" startline="59" endline="144" function="DEFINE_TEST" hash="7417853443690700572"></source>
			<source file="../../workspace/dataset/test/test_read_format_isojoliet_bz2.c.ifdefed" startline="55" endline="137" function="DEFINE_TEST" hash="4701448806659832374"></source>
			<source file="../../workspace/dataset/test/test_read_format_isojoliet_rr.c.ifdefed" startline="58" endline="162" function="DEFINE_TEST" hash="2275719312168945817"></source>
		</class>
	</version>
	<version nr="2210" hash="c6b4037d" evolution="Subtract" change="Inconsistent">
		<class nclones="2">
			<source file="../../workspace/dataset/test/test_read_format_isojoliet_bz2.c.ifdefed" startline="55" endline="137" function="DEFINE_TEST" hash="3706569220138437994"></source>
			<source file="../../workspace/dataset/test/test_read_format_isojoliet_rr.c.ifdefed" startline="58" endline="162" function="DEFINE_TEST" hash="2275719312168945817"></source>
		</class>
	</version>
	<version nr="2280" hash="934ed638" evolution="Same" change="Same">
		<class nclones="2">
			<source file="../../workspace/dataset/test/test_read_format_isojoliet_bz2.c.ifdefed" startline="55" endline="137" function="DEFINE_TEST" hash="3706569220138437994"></source>
			<source file="../../workspace/dataset/test/test_read_format_isojoliet_rr.c.ifdefed" startline="58" endline="162" function="DEFINE_TEST" hash="2275719312168945817"></source>
		</class>
	</version>
	<version nr="2290" hash="323c72ca" evolution="Same" change="Consistent">
		<class nclones="2">
			<source file="../../workspace/dataset/test/test_read_format_isojoliet_bz2.c.ifdefed" startline="55" endline="137" function="DEFINE_TEST" hash="7674516078731375445"></source>
			<source file="../../workspace/dataset/test/test_read_format_isojoliet_rr.c.ifdefed" startline="58" endline="162" function="DEFINE_TEST" hash="-1143178187644667150"></source>
		</class>
	</version>
	<version nr="2350" hash="83c67d6c" evolution="Same" change="Same">
		<class nclones="2">
			<source file="../../workspace/dataset/test/test_read_format_isojoliet_bz2.c.ifdefed" startline="55" endline="137" function="DEFINE_TEST" hash="7674516078731375445"></source>
			<source file="../../workspace/dataset/test/test_read_format_isojoliet_rr.c.ifdefed" startline="58" endline="162" function="DEFINE_TEST" hash="-1143178187644667150"></source>
		</class>
	</version>
	<version nr="2360" hash="492ccc59" evolution="Same" change="Consistent">
		<class nclones="2">
			<source file="../../workspace/dataset/test/test_read_format_isojoliet_bz2.c.ifdefed" startline="55" endline="133" function="DEFINE_TEST" hash="5904881909188922647"></source>
			<source file="../../workspace/dataset/test/test_read_format_isojoliet_rr.c.ifdefed" startline="58" endline="158" function="DEFINE_TEST" hash="2324868173661013476"></source>
		</class>
	</version>
	<version nr="2470" hash="dcbe69a7" evolution="Same" change="Same">
		<class nclones="2">
			<source file="../../workspace/dataset/test/test_read_format_isojoliet_bz2.c.ifdefed" startline="55" endline="133" function="DEFINE_TEST" hash="5904881909188922647"></source>
			<source file="../../workspace/dataset/test/test_read_format_isojoliet_rr.c.ifdefed" startline="58" endline="158" function="DEFINE_TEST" hash="2324868173661013476"></source>
		</class>
	</version>
	<version nr="2480" hash="963e8089" evolution="Add" change="Same">
		<class nclones="3">
			<source file="../../workspace/dataset/test/test_read_format_isojoliet_long.c.ifdefed" startline="59" endline="140" function="DEFINE_TEST" hash="-1694328095342829000"></source>
			<source file="../../workspace/dataset/test/test_read_format_isojoliet_bz2.c.ifdefed" startline="55" endline="133" function="DEFINE_TEST" hash="5904881909188922647"></source>
			<source file="../../workspace/dataset/test/test_read_format_isojoliet_rr.c.ifdefed" startline="58" endline="158" function="DEFINE_TEST" hash="2324868173661013476"></source>
		</class>
	</version>
	<version nr="2740" hash="df03ccee" evolution="Same" change="Same">
		<class nclones="3">
			<source file="../../workspace/dataset/test/test_read_format_isojoliet_long.c.ifdefed" startline="59" endline="140" function="DEFINE_TEST" hash="-1694328095342829000"></source>
			<source file="../../workspace/dataset/test/test_read_format_isojoliet_bz2.c.ifdefed" startline="55" endline="133" function="DEFINE_TEST" hash="5904881909188922647"></source>
			<source file="../../workspace/dataset/test/test_read_format_isojoliet_rr.c.ifdefed" startline="58" endline="158" function="DEFINE_TEST" hash="2324868173661013476"></source>
		</class>
	</version>
	<version nr="2750" hash="3544209a" evolution="Same" change="Consistent">
		<class nclones="3">
			<source file="../../workspace/dataset/test/test_read_format_isojoliet_long.c.ifdefed" startline="59" endline="140" function="DEFINE_TEST" hash="-5662807397441271845"></source>
			<source file="../../workspace/dataset/test/test_read_format_isojoliet_bz2.c.ifdefed" startline="55" endline="134" function="DEFINE_TEST" hash="-1378746221599641853"></source>
			<source file="../../workspace/dataset/test/test_read_format_isojoliet_rr.c.ifdefed" startline="58" endline="159" function="DEFINE_TEST" hash="-5426078703100132600"></source>
		</class>
	</version>
	<version nr="3330" hash="66b1a0b7" evolution="Same" change="Same">
		<class nclones="3">
			<source file="../../workspace/dataset/test/test_read_format_isojoliet_long.c.ifdefed" startline="59" endline="140" function="DEFINE_TEST" hash="-5662807397441271845"></source>
			<source file="../../workspace/dataset/test/test_read_format_isojoliet_bz2.c.ifdefed" startline="55" endline="134" function="DEFINE_TEST" hash="-1378746221599641853"></source>
			<source file="../../workspace/dataset/test/test_read_format_isojoliet_rr.c.ifdefed" startline="58" endline="159" function="DEFINE_TEST" hash="-5426078703100132600"></source>
		</class>
	</version>
	<version nr="3340" hash="737e1a51" evolution="Same" change="Consistent">
		<class nclones="3">
			<source file="../../workspace/dataset/test/test_read_format_isojoliet_long.c.ifdefed" startline="59" endline="140" function="DEFINE_TEST" hash="4935518482595530625"></source>
			<source file="../../workspace/dataset/test/test_read_format_isojoliet_bz2.c.ifdefed" startline="55" endline="134" function="DEFINE_TEST" hash="-920997274956983751"></source>
			<source file="../../workspace/dataset/test/test_read_format_isojoliet_rr.c.ifdefed" startline="58" endline="159" function="DEFINE_TEST" hash="-5409077387187993170"></source>
		</class>
	</version>
	<version nr="3350" hash="42b5086d" evolution="Same" change="Same">
		<class nclones="3">
			<source file="../../workspace/dataset/test/test_read_format_isojoliet_long.c.ifdefed" startline="59" endline="140" function="DEFINE_TEST" hash="4935518482595530625"></source>
			<source file="../../workspace/dataset/test/test_read_format_isojoliet_bz2.c.ifdefed" startline="55" endline="134" function="DEFINE_TEST" hash="-920997274956983751"></source>
			<source file="../../workspace/dataset/test/test_read_format_isojoliet_rr.c.ifdefed" startline="58" endline="159" function="DEFINE_TEST" hash="-5409077387187993170"></source>
		</class>
	</version>
	<version nr="3360" hash="7a90710e" evolution="Subtract" change="Consistent">
		<class nclones="2">
			<source file="../../workspace/dataset/test/test_read_format_isojoliet_long.c.ifdefed" startline="59" endline="148" function="DEFINE_TEST" hash="1777547845854269855"></source>
			<source file="../../workspace/dataset/test/test_read_format_isojoliet_bz2.c.ifdefed" startline="55" endline="140" function="DEFINE_TEST" hash="-3605748856486423962"></source>
		</class>
	</version>
	<version nr="4600" hash="fd8fe9c5" evolution="Same" change="Same">
		<class nclones="2">
			<source file="../../workspace/dataset/test/test_read_format_isojoliet_long.c.ifdefed" startline="59" endline="148" function="DEFINE_TEST" hash="1777547845854269855"></source>
			<source file="../../workspace/dataset/test/test_read_format_isojoliet_bz2.c.ifdefed" startline="55" endline="140" function="DEFINE_TEST" hash="-3605748856486423962"></source>
		</class>
	</version>
</lineage>
<lineage>
	<version nr="1420" hash="faed5b81" evolution="None" change="None">
		<class nclones="2">
			<source file="../../workspace/dataset/test/test_read_format_cpio_svr4_gzip_rpm.c.ifdefed" startline="85" endline="126" function="DEFINE_TEST" hash="8222453936557598175"></source>
			<source file="../../workspace/dataset/test/test_read_format_cpio_svr4_bzip2_rpm.c.ifdefed" startline="85" endline="126" function="DEFINE_TEST" hash="-3953429051199229729"></source>
		</class>
	</version>
	<version nr="1570" hash="92ad55bb" evolution="Same" change="Same">
		<class nclones="2">
			<source file="../../workspace/dataset/test/test_read_format_cpio_svr4_gzip_rpm.c.ifdefed" startline="85" endline="126" function="DEFINE_TEST" hash="8222453936557598175"></source>
			<source file="../../workspace/dataset/test/test_read_format_cpio_svr4_bzip2_rpm.c.ifdefed" startline="85" endline="126" function="DEFINE_TEST" hash="-3953429051199229729"></source>
		</class>
	</version>
	<version nr="1580" hash="9890b31f" evolution="Same" change="Consistent">
		<class nclones="2">
			<source file="../../workspace/dataset/test/test_read_format_cpio_svr4_gzip_rpm.c.ifdefed" startline="85" endline="126" function="DEFINE_TEST" hash="-8135080145214435493"></source>
			<source file="../../workspace/dataset/test/test_read_format_cpio_svr4_bzip2_rpm.c.ifdefed" startline="85" endline="126" function="DEFINE_TEST" hash="2738354210376112699"></source>
		</class>
	</version>
	<version nr="2280" hash="934ed638" evolution="Same" change="Same">
		<class nclones="2">
			<source file="../../workspace/dataset/test/test_read_format_cpio_svr4_gzip_rpm.c.ifdefed" startline="85" endline="126" function="DEFINE_TEST" hash="-8135080145214435493"></source>
			<source file="../../workspace/dataset/test/test_read_format_cpio_svr4_bzip2_rpm.c.ifdefed" startline="85" endline="126" function="DEFINE_TEST" hash="2738354210376112699"></source>
		</class>
	</version>
	<version nr="2290" hash="323c72ca" evolution="Same" change="Consistent">
		<class nclones="2">
			<source file="../../workspace/dataset/test/test_read_format_cpio_svr4_gzip_rpm.c.ifdefed" startline="85" endline="126" function="DEFINE_TEST" hash="-3846256062029059203"></source>
			<source file="../../workspace/dataset/test/test_read_format_cpio_svr4_bzip2_rpm.c.ifdefed" startline="85" endline="126" function="DEFINE_TEST" hash="-1202667018927854743"></source>
		</class>
	</version>
	<version nr="3330" hash="66b1a0b7" evolution="Same" change="Same">
		<class nclones="2">
			<source file="../../workspace/dataset/test/test_read_format_cpio_svr4_gzip_rpm.c.ifdefed" startline="85" endline="126" function="DEFINE_TEST" hash="-3846256062029059203"></source>
			<source file="../../workspace/dataset/test/test_read_format_cpio_svr4_bzip2_rpm.c.ifdefed" startline="85" endline="126" function="DEFINE_TEST" hash="-1202667018927854743"></source>
		</class>
	</version>
	<version nr="3340" hash="737e1a51" evolution="Same" change="Consistent">
		<class nclones="2">
			<source file="../../workspace/dataset/test/test_read_format_cpio_svr4_gzip_rpm.c.ifdefed" startline="85" endline="126" function="DEFINE_TEST" hash="2075073189882097079"></source>
			<source file="../../workspace/dataset/test/test_read_format_cpio_svr4_bzip2_rpm.c.ifdefed" startline="85" endline="126" function="DEFINE_TEST" hash="-1404878792944466409"></source>
		</class>
	</version>
	<version nr="3350" hash="42b5086d" evolution="Same" change="Same">
		<class nclones="2">
			<source file="../../workspace/dataset/test/test_read_format_cpio_svr4_gzip_rpm.c.ifdefed" startline="85" endline="126" function="DEFINE_TEST" hash="2075073189882097079"></source>
			<source file="../../workspace/dataset/test/test_read_format_cpio_svr4_bzip2_rpm.c.ifdefed" startline="85" endline="126" function="DEFINE_TEST" hash="-1404878792944466409"></source>
		</class>
	</version>
	<version nr="3360" hash="7a90710e" evolution="Same" change="Consistent">
		<class nclones="2">
			<source file="../../workspace/dataset/test/test_read_format_cpio_svr4_gzip_rpm.c.ifdefed" startline="85" endline="128" function="DEFINE_TEST" hash="5552580087790395514"></source>
			<source file="../../workspace/dataset/test/test_read_format_cpio_svr4_bzip2_rpm.c.ifdefed" startline="85" endline="128" function="DEFINE_TEST" hash="-5053728743612594154"></source>
		</class>
	</version>
	<version nr="4600" hash="fd8fe9c5" evolution="Same" change="Same">
		<class nclones="2">
			<source file="../../workspace/dataset/test/test_read_format_cpio_svr4_gzip_rpm.c.ifdefed" startline="85" endline="128" function="DEFINE_TEST" hash="5552580087790395514"></source>
			<source file="../../workspace/dataset/test/test_read_format_cpio_svr4_bzip2_rpm.c.ifdefed" startline="85" endline="128" function="DEFINE_TEST" hash="-5053728743612594154"></source>
		</class>
	</version>
</lineage>
<lineage>
	<version nr="1440" hash="3bbdd6b3" evolution="None" change="None">
		<class nclones="2">
			<source file="../../workspace/dataset/test/test_read_format_xar.c.ifdefed" startline="223" endline="236" function="verify3" hash="-1256319932019647538"></source>
			<source file="../../workspace/dataset/test/test_read_format_xar.c.ifdefed" startline="273" endline="286" function="verify4" hash="4381073719552633016"></source>
		</class>
	</version>
	<version nr="4600" hash="fd8fe9c5" evolution="Same" change="Same">
		<class nclones="2">
			<source file="../../workspace/dataset/test/test_read_format_xar.c.ifdefed" startline="223" endline="236" function="verify3" hash="-1256319932019647538"></source>
			<source file="../../workspace/dataset/test/test_read_format_xar.c.ifdefed" startline="273" endline="286" function="verify4" hash="4381073719552633016"></source>
		</class>
	</version>
</lineage>
<lineage>
	<version nr="2020" hash="73d99a29" evolution="None" change="None">
		<class nclones="2">
			<source file="../../workspace/dataset/test/test_acl_posix1e.c.ifdefed" startline="120" endline="146" function="acl_match" hash="1020565832682849843"></source>
			<source file="../../workspace/dataset/test/test_acl_nfs4.c.ifdefed" startline="176" endline="202" function="acl_match" hash="2099601836334673903"></source>
		</class>
	</version>
	<version nr="3330" hash="66b1a0b7" evolution="Same" change="Same">
		<class nclones="2">
			<source file="../../workspace/dataset/test/test_acl_posix1e.c.ifdefed" startline="120" endline="146" function="acl_match" hash="1020565832682849843"></source>
			<source file="../../workspace/dataset/test/test_acl_nfs4.c.ifdefed" startline="176" endline="202" function="acl_match" hash="2099601836334673903"></source>
		</class>
	</version>
	<version nr="3340" hash="737e1a51" evolution="Same" change="Consistent">
		<class nclones="2">
			<source file="../../workspace/dataset/test/test_acl_posix1e.c.ifdefed" startline="120" endline="148" function="acl_match" hash="-1259489681280072757"></source>
			<source file="../../workspace/dataset/test/test_acl_nfs4.c.ifdefed" startline="176" endline="207" function="acl_match" hash="162512236993640213"></source>
		</class>
	</version>
	<version nr="3860" hash="30528ed7" evolution="Same" change="Same">
		<class nclones="2">
			<source file="../../workspace/dataset/test/test_acl_posix1e.c.ifdefed" startline="120" endline="148" function="acl_match" hash="-1259489681280072757"></source>
			<source file="../../workspace/dataset/test/test_acl_nfs4.c.ifdefed" startline="176" endline="207" function="acl_match" hash="162512236993640213"></source>
		</class>
	</version>
</lineage>
<lineage>
	<version nr="2180" hash="b5465f2f" evolution="None" change="None">
		<class nclones="2">
			<source file="../../workspace/dataset/test/test_archive_read_close_twice_open_filename.c.ifdefed" startline="36" endline="53" function="DEFINE_TEST" hash="-1214984085031155087"></source>
			<source file="../../workspace/dataset/test/test_archive_read_close_twice_open_fd.c.ifdefed" startline="36" endline="53" function="DEFINE_TEST" hash="2179749090606696878"></source>
		</class>
	</version>
	<version nr="2190" hash="21467bd9" evolution="Same" change="Consistent">
		<class nclones="2">
			<source file="../../workspace/dataset/test/test_archive_read_close_twice_open_filename.c.ifdefed" startline="29" endline="47" function="DEFINE_TEST" hash="-8054128294900634319"></source>
			<source file="../../workspace/dataset/test/test_archive_read_close_twice_open_fd.c.ifdefed" startline="29" endline="47" function="DEFINE_TEST" hash="-4164870457922283538"></source>
		</class>
	</version>
	<version nr="3330" hash="66b1a0b7" evolution="Same" change="Same">
		<class nclones="2">
			<source file="../../workspace/dataset/test/test_archive_read_close_twice_open_filename.c.ifdefed" startline="29" endline="47" function="DEFINE_TEST" hash="-8054128294900634319"></source>
			<source file="../../workspace/dataset/test/test_archive_read_close_twice_open_fd.c.ifdefed" startline="29" endline="47" function="DEFINE_TEST" hash="-4164870457922283538"></source>
		</class>
	</version>
	<version nr="3340" hash="737e1a51" evolution="Same" change="Consistent">
		<class nclones="2">
			<source file="../../workspace/dataset/test/test_archive_read_close_twice_open_filename.c.ifdefed" startline="29" endline="47" function="DEFINE_TEST" hash="-1163510402516758748"></source>
			<source file="../../workspace/dataset/test/test_archive_read_close_twice_open_fd.c.ifdefed" startline="29" endline="47" function="DEFINE_TEST" hash="139643724159839343"></source>
		</class>
	</version>
	<version nr="4050" hash="c253f0aa" evolution="Same" change="Same">
		<class nclones="2">
			<source file="../../workspace/dataset/test/test_archive_read_close_twice_open_filename.c.ifdefed" startline="29" endline="47" function="DEFINE_TEST" hash="-1163510402516758748"></source>
			<source file="../../workspace/dataset/test/test_archive_read_close_twice_open_fd.c.ifdefed" startline="29" endline="47" function="DEFINE_TEST" hash="139643724159839343"></source>
		</class>
	</version>
	<version nr="4060" hash="d8c7f2e5" evolution="Same" change="Inconsistent">
		<class nclones="2">
			<source file="../../workspace/dataset/test/test_archive_read_close_twice_open_filename.c.ifdefed" startline="29" endline="49" function="DEFINE_TEST" hash="3326051391931632555"></source>
			<source file="../../workspace/dataset/test/test_archive_read_close_twice_open_fd.c.ifdefed" startline="29" endline="47" function="DEFINE_TEST" hash="139643724159839343"></source>
		</class>
	</version>
	<version nr="4600" hash="fd8fe9c5" evolution="Same" change="Same">
		<class nclones="2">
			<source file="../../workspace/dataset/test/test_archive_read_close_twice_open_filename.c.ifdefed" startline="29" endline="49" function="DEFINE_TEST" hash="3326051391931632555"></source>
			<source file="../../workspace/dataset/test/test_archive_read_close_twice_open_fd.c.ifdefed" startline="29" endline="47" function="DEFINE_TEST" hash="139643724159839343"></source>
		</class>
	</version>
</lineage>
<lineage>
	<version nr="2180" hash="b5465f2f" evolution="None" change="None">
		<class nclones="2">
			<source file="../../workspace/dataset/test/test_read_format_mtree.c.ifdefed" startline="28" endline="110" function="test_read_format_mtree1" hash="-8071663097846478754"></source>
			<source file="../../workspace/dataset/test/test_read_format_mtree.c.ifdefed" startline="180" endline="258" function="test_read_format_mtree4" hash="-2880430900875320679"></source>
		</class>
	</version>
	<version nr="2280" hash="934ed638" evolution="Same" change="Same">
		<class nclones="2">
			<source file="../../workspace/dataset/test/test_read_format_mtree.c.ifdefed" startline="28" endline="110" function="test_read_format_mtree1" hash="-8071663097846478754"></source>
			<source file="../../workspace/dataset/test/test_read_format_mtree.c.ifdefed" startline="180" endline="258" function="test_read_format_mtree4" hash="-2880430900875320679"></source>
		</class>
	</version>
	<version nr="2290" hash="323c72ca" evolution="Same" change="Consistent">
		<class nclones="2">
			<source file="../../workspace/dataset/test/test_read_format_mtree.c.ifdefed" startline="28" endline="110" function="test_read_format_mtree1" hash="-664868494505513051"></source>
			<source file="../../workspace/dataset/test/test_read_format_mtree.c.ifdefed" startline="180" endline="258" function="test_read_format_mtree4" hash="-4240701818173400410"></source>
		</class>
	</version>
	<version nr="2570" hash="b3d3adb4" evolution="Same" change="Same">
		<class nclones="2">
			<source file="../../workspace/dataset/test/test_read_format_mtree.c.ifdefed" startline="28" endline="110" function="test_read_format_mtree1" hash="-664868494505513051"></source>
			<source file="../../workspace/dataset/test/test_read_format_mtree.c.ifdefed" startline="180" endline="258" function="test_read_format_mtree4" hash="-4240701818173400410"></source>
		</class>
	</version>
	<version nr="2580" hash="ff3b75e9" evolution="Same" change="Consistent">
		<class nclones="2">
			<source file="../../workspace/dataset/test/test_read_format_mtree.c.ifdefed" startline="28" endline="111" function="test_read_format_mtree1" hash="-5625642890842351669"></source>
			<source file="../../workspace/dataset/test/test_read_format_mtree.c.ifdefed" startline="183" endline="262" function="test_read_format_mtree4" hash="6164796760235211804"></source>
		</class>
	</version>
	<version nr="2760" hash="ded05417" evolution="Same" change="Same">
		<class nclones="2">
			<source file="../../workspace/dataset/test/test_read_format_mtree.c.ifdefed" startline="28" endline="111" function="test_read_format_mtree1" hash="-5625642890842351669"></source>
			<source file="../../workspace/dataset/test/test_read_format_mtree.c.ifdefed" startline="183" endline="262" function="test_read_format_mtree4" hash="6164796760235211804"></source>
		</class>
	</version>
</lineage>
<lineage>
	<version nr="2190" hash="21467bd9" evolution="None" change="None">
		<class nclones="2">
			<source file="../../workspace/dataset/test/test_archive_read_next_header_empty.c.ifdefed" startline="46" endline="67" function="test_empty_file2" hash="8527030366825482859"></source>
			<source file="../../workspace/dataset/test/test_archive_read_next_header_empty.c.ifdefed" startline="69" endline="89" function="test_empty_tarfile" hash="6354179796586300589"></source>
		</class>
	</version>
	<version nr="4470" hash="4c38de35" evolution="Same" change="Same">
		<class nclones="2">
			<source file="../../workspace/dataset/test/test_archive_read_next_header_empty.c.ifdefed" startline="46" endline="67" function="test_empty_file2" hash="8527030366825482859"></source>
			<source file="../../workspace/dataset/test/test_archive_read_next_header_empty.c.ifdefed" startline="69" endline="89" function="test_empty_tarfile" hash="6354179796586300589"></source>
		</class>
	</version>
	<version nr="4480" hash="bd87817a" evolution="Same" change="Inconsistent">
		<class nclones="2">
			<source file="../../workspace/dataset/test/test_archive_read_next_header_empty.c.ifdefed" startline="46" endline="62" function="test_empty_file2_check" hash="-4302011055014154221"></source>
			<source file="../../workspace/dataset/test/test_archive_read_next_header_empty.c.ifdefed" startline="83" endline="103" function="test_empty_tarfile" hash="6354179796586300589"></source>
		</class>
	</version>
	<version nr="4600" hash="fd8fe9c5" evolution="Same" change="Same">
		<class nclones="2">
			<source file="../../workspace/dataset/test/test_archive_read_next_header_empty.c.ifdefed" startline="46" endline="62" function="test_empty_file2_check" hash="-4302011055014154221"></source>
			<source file="../../workspace/dataset/test/test_archive_read_next_header_empty.c.ifdefed" startline="83" endline="103" function="test_empty_tarfile" hash="6354179796586300589"></source>
		</class>
	</version>
</lineage>
<lineage>
	<version nr="2210" hash="c6b4037d" evolution="None" change="None">
		<class nclones="2">
			<source file="../../workspace/dataset/test/test_read_format_zip_filename.c.ifdefed" startline="30" endline="121" function="DEFINE_TEST" hash="-5625683284234171547"></source>
			<source file="../../workspace/dataset/test/test_read_format_cab_filename.c.ifdefed" startline="30" endline="121" function="DEFINE_TEST" hash="4351419222387837749"></source>
		</class>
	</version>
	<version nr="2220" hash="415c2905" evolution="Add" change="Consistent">
		<class nclones="3">
			<source file="../../workspace/dataset/test/test_read_format_zip_filename.c.ifdefed" startline="30" endline="131" function="DEFINE_TEST" hash="-7038195177209887101"></source>
			<source file="../../workspace/dataset/test/test_read_format_lha_filename.c.ifdefed" startline="30" endline="124" function="DEFINE_TEST" hash="7473394787406442350"></source>
			<source file="../../workspace/dataset/test/test_read_format_cab_filename.c.ifdefed" startline="30" endline="131" function="DEFINE_TEST" hash="222239253548850971"></source>
		</class>
	</version>
	<version nr="3500" hash="d42fdee2" evolution="Add" change="Consistent">
		<class nclones="51">
			<source file="../../workspace/dataset/test/test_read_format_zip_filename.c.ifdefed" startline="30" endline="88" function="DEFINE_TEST" hash="-1095228099073714567"></source>
			<source file="../../workspace/dataset/test/test_read_format_zip_filename.c.ifdefed" startline="742" endline="799" function="DEFINE_TEST" hash="3604136106580428905"></source>
			<source file="../../workspace/dataset/test/test_read_format_zip_filename.c.ifdefed" startline="90" endline="166" function="DEFINE_TEST" hash="-3899718179772033436"></source>
			<source file="../../workspace/dataset/test/test_read_format_zip_filename.c.ifdefed" startline="991" endline="1046" function="DEFINE_TEST" hash="6533633568510227106"></source>
			<source file="../../workspace/dataset/test/test_read_format_zip_filename.c.ifdefed" startline="394" endline="448" function="DEFINE_TEST" hash="-5901123524858243853"></source>
			<source file="../../workspace/dataset/test/test_read_format_zip_filename.c.ifdefed" startline="450" endline="505" function="DEFINE_TEST" hash="6735550550493546422"></source>
			<source file="../../workspace/dataset/test/test_read_format_zip_filename.c.ifdefed" startline="337" endline="392" function="DEFINE_TEST" hash="2303173972049431002"></source>
			<source file="../../workspace/dataset/test/test_read_format_zip_filename.c.ifdefed" startline="878" endline="933" function="DEFINE_TEST" hash="-1189403126200577398"></source>
			<source file="../../workspace/dataset/test/test_read_format_zip_filename.c.ifdefed" startline="507" endline="561" function="DEFINE_TEST" hash="2963150123923234793"></source>
			<source file="../../workspace/dataset/test/test_read_format_zip_filename.c.ifdefed" startline="243" endline="335" function="DEFINE_TEST" hash="2617337608771242945"></source>
			<source file="../../workspace/dataset/test/test_read_format_cab_filename.c.ifdefed" startline="87" endline="163" function="test_read_format_cab_filename_CP932_UTF8" hash="-1608430449940027619"></source>
			<source file="../../workspace/dataset/test/test_read_format_ustar_filename.c.ifdefed" startline="470" endline="524" function="test_read_format_ustar_filename_KOI8R_CP1251" hash="-155672902965366392"></source>
			<source file="../../workspace/dataset/test/test_read_format_cpio_filename.c.ifdefed" startline="755" endline="806" function="DEFINE_TEST" hash="-8213659954660509065"></source>
			<source file="../../workspace/dataset/test/test_read_format_zip_filename.c.ifdefed" startline="1048" endline="1110" function="DEFINE_TEST" hash="8088568380674854993"></source>
			<source file="../../workspace/dataset/test/test_read_format_gtar_filename.c.ifdefed" startline="449" endline="500" function="DEFINE_TEST" hash="227391003087100863"></source>
			<source file="../../workspace/dataset/test/test_read_format_cpio_filename.c.ifdefed" startline="238" endline="288" function="DEFINE_TEST" hash="-7401343787605871120"></source>
			<source file="../../workspace/dataset/test/test_read_format_gtar_filename.c.ifdefed" startline="136" endline="186" function="DEFINE_TEST" hash="7024569170383296404"></source>
			<source file="../../workspace/dataset/test/test_read_format_zip_filename.c.ifdefed" startline="941" endline="989" function="DEFINE_TEST" hash="-3700091386579500797"></source>
			<source file="../../workspace/dataset/test/test_read_format_cpio_filename.c.ifdefed" startline="343" endline="393" function="DEFINE_TEST" hash="-3409679029154181398"></source>
			<source file="../../workspace/dataset/test/test_read_format_ustar_filename.c.ifdefed" startline="139" endline="192" function="test_read_format_ustar_filename_CP866_UTF8" hash="-3497411295408107902"></source>
			<source file="../../workspace/dataset/test/test_read_format_zip_filename.c.ifdefed" startline="690" endline="740" function="DEFINE_TEST" hash="161842681900690630"></source>
			<source file="../../workspace/dataset/test/test_read_format_zip_filename.c.ifdefed" startline="625" endline="688" function="DEFINE_TEST" hash="-6132517007395761161"></source>
			<source file="../../workspace/dataset/test/test_read_format_gtar_filename.c.ifdefed" startline="188" endline="239" function="DEFINE_TEST" hash="-2197997586846662393"></source>
			<source file="../../workspace/dataset/test/test_read_format_cpio_filename.c.ifdefed" startline="290" endline="341" function="DEFINE_TEST" hash="6619756054316212327"></source>
			<source file="../../workspace/dataset/test/test_read_format_ustar_filename.c.ifdefed" startline="194" endline="248" function="test_read_format_ustar_filename_KOI8R_CP866" hash="4533672912891759428"></source>
			<source file="../../workspace/dataset/test/test_read_format_zip_filename.c.ifdefed" startline="563" endline="623" function="DEFINE_TEST" hash="1921669272497188510"></source>
			<source file="../../workspace/dataset/test/test_read_format_ustar_filename.c.ifdefed" startline="84" endline="137" function="test_read_format_ustar_filename_CP866_KOI8R" hash="-2224580235555239984"></source>
			<source file="../../workspace/dataset/test/test_read_format_cpio_filename.c.ifdefed" startline="185" endline="236" function="DEFINE_TEST" hash="-1611402585311330069"></source>
			<source file="../../workspace/dataset/test/test_read_format_cpio_filename.c.ifdefed" startline="395" endline="446" function="DEFINE_TEST" hash="-4281745263491548133"></source>
			<source file="../../workspace/dataset/test/test_read_format_gtar_filename.c.ifdefed" startline="83" endline="134" function="DEFINE_TEST" hash="-4462445969793222249"></source>
			<source file="../../workspace/dataset/test/test_read_format_cpio_filename.c.ifdefed" startline="650" endline="701" function="DEFINE_TEST" hash="4088494332129441775"></source>
			<source file="../../workspace/dataset/test/test_read_format_gtar_filename.c.ifdefed" startline="344" endline="395" function="DEFINE_TEST" hash="9073656535269078723"></source>
			<source file="../../workspace/dataset/test/test_read_format_cpio_filename.c.ifdefed" startline="808" endline="859" function="DEFINE_TEST" hash="-702683412287713713"></source>
			<source file="../../workspace/dataset/test/test_read_format_ustar_filename.c.ifdefed" startline="359" endline="413" function="test_read_format_ustar_filename_CP866_CP1251" hash="1190043295236487704"></source>
			<source file="../../workspace/dataset/test/test_read_format_gtar_filename.c.ifdefed" startline="241" endline="291" function="DEFINE_TEST" hash="-2732391944870569934"></source>
			<source file="../../workspace/dataset/test/test_read_format_ustar_filename.c.ifdefed" startline="250" endline="303" function="test_read_format_ustar_filename_KOI8R_UTF8" hash="1409193329832710460"></source>
			<source file="../../workspace/dataset/test/test_read_format_cab_filename.c.ifdefed" startline="30" endline="85" function="test_read_format_cab_filename_CP932_eucJP" hash="-8193011489976998053"></source>
			<source file="../../workspace/dataset/test/test_read_format_ustar_filename.c.ifdefed" startline="305" endline="357" function="test_read_format_ustar_filename_eucJP_CP932" hash="1629150743429068977"></source>
			<source file="../../workspace/dataset/test/test_read_format_ustar_filename.c.ifdefed" startline="30" endline="82" function="test_read_format_ustar_filename_eucJP_UTF8" hash="6912601857966989287"></source>
			<source file="../../workspace/dataset/test/test_read_format_cpio_filename.c.ifdefed" startline="709" endline="753" function="DEFINE_TEST" hash="-4903924268557585798"></source>
			<source file="../../workspace/dataset/test/test_read_format_cpio_filename.c.ifdefed" startline="448" endline="499" function="DEFINE_TEST" hash="5085850319784165599"></source>
			<source file="../../workspace/dataset/test/test_read_format_cpio_filename.c.ifdefed" startline="501" endline="545" function="DEFINE_TEST" hash="5503066673038622793"></source>
			<source file="../../workspace/dataset/test/test_read_format_ustar_filename.c.ifdefed" startline="421" endline="468" function="test_read_format_ustar_filename_CP866_CP1251_win" hash="4227398884153130314"></source>
			<source file="../../workspace/dataset/test/test_read_format_gtar_filename.c.ifdefed" startline="403" endline="447" function="DEFINE_TEST" hash="7802827894698654658"></source>
			<source file="../../workspace/dataset/test/test_read_format_cpio_filename.c.ifdefed" startline="598" endline="648" function="DEFINE_TEST" hash="5092016945731114718"></source>
			<source file="../../workspace/dataset/test/test_read_format_gtar_filename.c.ifdefed" startline="30" endline="81" function="DEFINE_TEST" hash="-5646190280825672898"></source>
			<source file="../../workspace/dataset/test/test_read_format_cpio_filename.c.ifdefed" startline="547" endline="596" function="DEFINE_TEST" hash="4240129398597720696"></source>
			<source file="../../workspace/dataset/test/test_read_format_cpio_filename.c.ifdefed" startline="30" endline="83" function="DEFINE_TEST" hash="7067224252731325949"></source>
			<source file="../../workspace/dataset/test/test_read_format_gtar_filename.c.ifdefed" startline="293" endline="342" function="DEFINE_TEST" hash="5537818904721360088"></source>
			<source file="../../workspace/dataset/test/test_read_format_cpio_filename.c.ifdefed" startline="138" endline="183" function="DEFINE_TEST" hash="-8289909474881144847"></source>
			<source file="../../workspace/dataset/test/test_read_format_cpio_filename.c.ifdefed" startline="85" endline="136" function="DEFINE_TEST" hash="1491378294816904084"></source>
		</class>
	</version>
	<version nr="4600" hash="fd8fe9c5" evolution="Same" change="Same">
		<class nclones="51">
			<source file="../../workspace/dataset/test/test_read_format_zip_filename.c.ifdefed" startline="30" endline="88" function="DEFINE_TEST" hash="-1095228099073714567"></source>
			<source file="../../workspace/dataset/test/test_read_format_zip_filename.c.ifdefed" startline="90" endline="166" function="DEFINE_TEST" hash="-3899718179772033436"></source>
			<source file="../../workspace/dataset/test/test_read_format_zip_filename.c.ifdefed" startline="742" endline="799" function="DEFINE_TEST" hash="3604136106580428905"></source>
			<source file="../../workspace/dataset/test/test_read_format_zip_filename.c.ifdefed" startline="450" endline="505" function="DEFINE_TEST" hash="6735550550493546422"></source>
			<source file="../../workspace/dataset/test/test_read_format_zip_filename.c.ifdefed" startline="878" endline="933" function="DEFINE_TEST" hash="-1189403126200577398"></source>
			<source file="../../workspace/dataset/test/test_read_format_zip_filename.c.ifdefed" startline="337" endline="392" function="DEFINE_TEST" hash="2303173972049431002"></source>
			<source file="../../workspace/dataset/test/test_read_format_zip_filename.c.ifdefed" startline="991" endline="1046" function="DEFINE_TEST" hash="6533633568510227106"></source>
			<source file="../../workspace/dataset/test/test_read_format_cab_filename.c.ifdefed" startline="87" endline="163" function="test_read_format_cab_filename_CP932_UTF8" hash="-1608430449940027619"></source>
			<source file="../../workspace/dataset/test/test_read_format_zip_filename.c.ifdefed" startline="243" endline="335" function="DEFINE_TEST" hash="2617337608771242945"></source>
			<source file="../../workspace/dataset/test/test_read_format_zip_filename.c.ifdefed" startline="394" endline="448" function="DEFINE_TEST" hash="-5901123524858243853"></source>
			<source file="../../workspace/dataset/test/test_read_format_zip_filename.c.ifdefed" startline="507" endline="561" function="DEFINE_TEST" hash="2963150123923234793"></source>
			<source file="../../workspace/dataset/test/test_read_format_gtar_filename.c.ifdefed" startline="188" endline="239" function="DEFINE_TEST" hash="-2197997586846662393"></source>
			<source file="../../workspace/dataset/test/test_read_format_ustar_filename.c.ifdefed" startline="194" endline="248" function="test_read_format_ustar_filename_KOI8R_CP866" hash="4533672912891759428"></source>
			<source file="../../workspace/dataset/test/test_read_format_zip_filename.c.ifdefed" startline="625" endline="688" function="DEFINE_TEST" hash="-6132517007395761161"></source>
			<source file="../../workspace/dataset/test/test_read_format_cpio_filename.c.ifdefed" startline="290" endline="341" function="DEFINE_TEST" hash="6619756054316212327"></source>
			<source file="../../workspace/dataset/test/test_read_format_zip_filename.c.ifdefed" startline="1048" endline="1110" function="DEFINE_TEST" hash="8088568380674854993"></source>
			<source file="../../workspace/dataset/test/test_read_format_ustar_filename.c.ifdefed" startline="359" endline="413" function="test_read_format_ustar_filename_CP866_CP1251" hash="1190043295236487704"></source>
			<source file="../../workspace/dataset/test/test_read_format_cpio_filename.c.ifdefed" startline="755" endline="806" function="DEFINE_TEST" hash="-8213659954660509065"></source>
			<source file="../../workspace/dataset/test/test_read_format_gtar_filename.c.ifdefed" startline="344" endline="395" function="DEFINE_TEST" hash="9073656535269078723"></source>
			<source file="../../workspace/dataset/test/test_read_format_cpio_filename.c.ifdefed" startline="808" endline="859" function="DEFINE_TEST" hash="-702683412287713713"></source>
			<source file="../../workspace/dataset/test/test_read_format_cpio_filename.c.ifdefed" startline="650" endline="701" function="DEFINE_TEST" hash="4088494332129441775"></source>
			<source file="../../workspace/dataset/test/test_read_format_zip_filename.c.ifdefed" startline="941" endline="989" function="DEFINE_TEST" hash="-3700091386579500797"></source>
			<source file="../../workspace/dataset/test/test_read_format_ustar_filename.c.ifdefed" startline="84" endline="137" function="test_read_format_ustar_filename_CP866_KOI8R" hash="-2224580235555239984"></source>
			<source file="../../workspace/dataset/test/test_read_format_zip_filename.c.ifdefed" startline="563" endline="623" function="DEFINE_TEST" hash="1921669272497188510"></source>
			<source file="../../workspace/dataset/test/test_read_format_cpio_filename.c.ifdefed" startline="395" endline="446" function="DEFINE_TEST" hash="-4281745263491548133"></source>
			<source file="../../workspace/dataset/test/test_read_format_cpio_filename.c.ifdefed" startline="185" endline="236" function="DEFINE_TEST" hash="-1611402585311330069"></source>
			<source file="../../workspace/dataset/test/test_read_format_gtar_filename.c.ifdefed" startline="83" endline="134" function="DEFINE_TEST" hash="-4462445969793222249"></source>
			<source file="../../workspace/dataset/test/test_read_format_ustar_filename.c.ifdefed" startline="470" endline="524" function="test_read_format_ustar_filename_KOI8R_CP1251" hash="-155672902965366392"></source>
			<source file="../../workspace/dataset/test/test_read_format_gtar_filename.c.ifdefed" startline="449" endline="500" function="DEFINE_TEST" hash="227391003087100863"></source>
			<source file="../../workspace/dataset/test/test_read_format_cab_filename.c.ifdefed" startline="30" endline="85" function="test_read_format_cab_filename_CP932_eucJP" hash="-8193011489976998053"></source>
			<source file="../../workspace/dataset/test/test_read_format_cpio_filename.c.ifdefed" startline="343" endline="393" function="DEFINE_TEST" hash="-3409679029154181398"></source>
			<source file="../../workspace/dataset/test/test_read_format_ustar_filename.c.ifdefed" startline="139" endline="192" function="test_read_format_ustar_filename_CP866_UTF8" hash="-3497411295408107902"></source>
			<source file="../../workspace/dataset/test/test_read_format_cpio_filename.c.ifdefed" startline="238" endline="288" function="DEFINE_TEST" hash="-7401343787605871120"></source>
			<source file="../../workspace/dataset/test/test_read_format_gtar_filename.c.ifdefed" startline="136" endline="186" function="DEFINE_TEST" hash="7024569170383296404"></source>
			<source file="../../workspace/dataset/test/test_read_format_zip_filename.c.ifdefed" startline="690" endline="740" function="DEFINE_TEST" hash="161842681900690630"></source>
			<source file="../../workspace/dataset/test/test_read_format_ustar_filename.c.ifdefed" startline="250" endline="303" function="test_read_format_ustar_filename_KOI8R_UTF8" hash="1409193329832710460"></source>
			<source file="../../workspace/dataset/test/test_read_format_gtar_filename.c.ifdefed" startline="241" endline="291" function="DEFINE_TEST" hash="-2732391944870569934"></source>
			<source file="../../workspace/dataset/test/test_read_format_cpio_filename.c.ifdefed" startline="448" endline="499" function="DEFINE_TEST" hash="5085850319784165599"></source>
			<source file="../../workspace/dataset/test/test_read_format_ustar_filename.c.ifdefed" startline="30" endline="82" function="test_read_format_ustar_filename_eucJP_UTF8" hash="6912601857966989287"></source>
			<source file="../../workspace/dataset/test/test_read_format_ustar_filename.c.ifdefed" startline="305" endline="357" function="test_read_format_ustar_filename_eucJP_CP932" hash="1629150743429068977"></source>
			<source file="../../workspace/dataset/test/test_read_format_ustar_filename.c.ifdefed" startline="421" endline="468" function="test_read_format_ustar_filename_CP866_CP1251_win" hash="4227398884153130314"></source>
			<source file="../../workspace/dataset/test/test_read_format_cpio_filename.c.ifdefed" startline="709" endline="753" function="DEFINE_TEST" hash="-4903924268557585798"></source>
			<source file="../../workspace/dataset/test/test_read_format_gtar_filename.c.ifdefed" startline="403" endline="447" function="DEFINE_TEST" hash="7802827894698654658"></source>
			<source file="../../workspace/dataset/test/test_read_format_cpio_filename.c.ifdefed" startline="501" endline="545" function="DEFINE_TEST" hash="5503066673038622793"></source>
			<source file="../../workspace/dataset/test/test_read_format_cpio_filename.c.ifdefed" startline="30" endline="83" function="DEFINE_TEST" hash="7067224252731325949"></source>
			<source file="../../workspace/dataset/test/test_read_format_gtar_filename.c.ifdefed" startline="30" endline="81" function="DEFINE_TEST" hash="-5646190280825672898"></source>
			<source file="../../workspace/dataset/test/test_read_format_cpio_filename.c.ifdefed" startline="598" endline="648" function="DEFINE_TEST" hash="5092016945731114718"></source>
			<source file="../../workspace/dataset/test/test_read_format_cpio_filename.c.ifdefed" startline="547" endline="596" function="DEFINE_TEST" hash="4240129398597720696"></source>
			<source file="../../workspace/dataset/test/test_read_format_gtar_filename.c.ifdefed" startline="293" endline="342" function="DEFINE_TEST" hash="5537818904721360088"></source>
			<source file="../../workspace/dataset/test/test_read_format_cpio_filename.c.ifdefed" startline="138" endline="183" function="DEFINE_TEST" hash="-8289909474881144847"></source>
			<source file="../../workspace/dataset/test/test_read_format_cpio_filename.c.ifdefed" startline="85" endline="136" function="DEFINE_TEST" hash="1491378294816904084"></source>
		</class>
	</version>
</lineage>
<lineage>
	<version nr="2210" hash="c6b4037d" evolution="None" change="None">
		<class nclones="4">
			<source file="../../workspace/dataset/test/test_archive_write_set_option.c.ifdefed" startline="32" endline="63" function="test" hash="-4020457878085243999"></source>
			<source file="../../workspace/dataset/test/test_archive_write_set_format_option.c.ifdefed" startline="32" endline="61" function="test" hash="9142871880166756258"></source>
			<source file="../../workspace/dataset/test/test_archive_read_set_option.c.ifdefed" startline="32" endline="63" function="test" hash="2785665105901172336"></source>
			<source file="../../workspace/dataset/test/test_archive_read_set_format_option.c.ifdefed" startline="32" endline="61" function="test" hash="-105091310946108994"></source>
		</class>
	</version>
	<version nr="2280" hash="934ed638" evolution="Same" change="Same">
		<class nclones="4">
			<source file="../../workspace/dataset/test/test_archive_write_set_option.c.ifdefed" startline="32" endline="63" function="test" hash="-4020457878085243999"></source>
			<source file="../../workspace/dataset/test/test_archive_read_set_option.c.ifdefed" startline="32" endline="63" function="test" hash="2785665105901172336"></source>
			<source file="../../workspace/dataset/test/test_archive_write_set_format_option.c.ifdefed" startline="32" endline="61" function="test" hash="9142871880166756258"></source>
			<source file="../../workspace/dataset/test/test_archive_read_set_format_option.c.ifdefed" startline="32" endline="61" function="test" hash="-105091310946108994"></source>
		</class>
	</version>
	<version nr="2290" hash="323c72ca" evolution="Same" change="Inconsistent">
		<class nclones="4">
			<source file="../../workspace/dataset/test/test_archive_write_set_option.c.ifdefed" startline="32" endline="63" function="test" hash="-4020457878085243999"></source>
			<source file="../../workspace/dataset/test/test_archive_write_set_format_option.c.ifdefed" startline="32" endline="61" function="test" hash="9142871880166756258"></source>
			<source file="../../workspace/dataset/test/test_archive_read_set_option.c.ifdefed" startline="32" endline="63" function="test" hash="-7207997082226439099"></source>
			<source file="../../workspace/dataset/test/test_archive_read_set_format_option.c.ifdefed" startline="32" endline="61" function="test" hash="-105091310946108994"></source>
		</class>
	</version>
	<version nr="3330" hash="66b1a0b7" evolution="Same" change="Same">
		<class nclones="4">
			<source file="../../workspace/dataset/test/test_archive_write_set_option.c.ifdefed" startline="32" endline="63" function="test" hash="-4020457878085243999"></source>
			<source file="../../workspace/dataset/test/test_archive_read_set_option.c.ifdefed" startline="32" endline="63" function="test" hash="-7207997082226439099"></source>
			<source file="../../workspace/dataset/test/test_archive_write_set_format_option.c.ifdefed" startline="32" endline="61" function="test" hash="9142871880166756258"></source>
			<source file="../../workspace/dataset/test/test_archive_read_set_format_option.c.ifdefed" startline="32" endline="61" function="test" hash="-105091310946108994"></source>
		</class>
	</version>
	<version nr="3340" hash="737e1a51" evolution="Same" change="Consistent">
		<class nclones="4">
			<source file="../../workspace/dataset/test/test_archive_write_set_option.c.ifdefed" startline="32" endline="63" function="test" hash="-6782890177884474956"></source>
			<source file="../../workspace/dataset/test/test_archive_read_set_option.c.ifdefed" startline="32" endline="63" function="test" hash="-9032713567689241974"></source>
			<source file="../../workspace/dataset/test/test_archive_write_set_format_option.c.ifdefed" startline="32" endline="61" function="test" hash="2111393747607002801"></source>
			<source file="../../workspace/dataset/test/test_archive_read_set_format_option.c.ifdefed" startline="32" endline="61" function="test" hash="-6642034120275919971"></source>
		</class>
	</version>
	<version nr="4600" hash="fd8fe9c5" evolution="Same" change="Same">
		<class nclones="4">
			<source file="../../workspace/dataset/test/test_archive_write_set_option.c.ifdefed" startline="32" endline="63" function="test" hash="-6782890177884474956"></source>
			<source file="../../workspace/dataset/test/test_archive_read_set_option.c.ifdefed" startline="32" endline="63" function="test" hash="-9032713567689241974"></source>
			<source file="../../workspace/dataset/test/test_archive_write_set_format_option.c.ifdefed" startline="32" endline="61" function="test" hash="2111393747607002801"></source>
			<source file="../../workspace/dataset/test/test_archive_read_set_format_option.c.ifdefed" startline="32" endline="61" function="test" hash="-6642034120275919971"></source>
		</class>
	</version>
</lineage>
<lineage>
	<version nr="2210" hash="c6b4037d" evolution="None" change="None">
		<class nclones="2">
			<source file="../../workspace/dataset/test/test_archive_write_set_filter_option.c.ifdefed" startline="32" endline="49" function="test" hash="-1822137867379094348"></source>
			<source file="../../workspace/dataset/test/test_archive_read_set_filter_option.c.ifdefed" startline="32" endline="49" function="test" hash="7489280975209310797"></source>
		</class>
	</version>
	<version nr="2280" hash="934ed638" evolution="Same" change="Same">
		<class nclones="2">
			<source file="../../workspace/dataset/test/test_archive_write_set_filter_option.c.ifdefed" startline="32" endline="49" function="test" hash="-1822137867379094348"></source>
			<source file="../../workspace/dataset/test/test_archive_read_set_filter_option.c.ifdefed" startline="32" endline="49" function="test" hash="7489280975209310797"></source>
		</class>
	</version>
	<version nr="2290" hash="323c72ca" evolution="Same" change="Inconsistent">
		<class nclones="2">
			<source file="../../workspace/dataset/test/test_archive_write_set_filter_option.c.ifdefed" startline="32" endline="49" function="test" hash="-1822137867379094348"></source>
			<source file="../../workspace/dataset/test/test_archive_read_set_filter_option.c.ifdefed" startline="32" endline="49" function="test" hash="4687544939648465994"></source>
		</class>
	</version>
	<version nr="3330" hash="66b1a0b7" evolution="Same" change="Same">
		<class nclones="2">
			<source file="../../workspace/dataset/test/test_archive_write_set_filter_option.c.ifdefed" startline="32" endline="49" function="test" hash="-1822137867379094348"></source>
			<source file="../../workspace/dataset/test/test_archive_read_set_filter_option.c.ifdefed" startline="32" endline="49" function="test" hash="4687544939648465994"></source>
		</class>
	</version>
	<version nr="3340" hash="737e1a51" evolution="Same" change="Consistent">
		<class nclones="2">
			<source file="../../workspace/dataset/test/test_archive_write_set_filter_option.c.ifdefed" startline="32" endline="49" function="test" hash="8043298104384213895"></source>
			<source file="../../workspace/dataset/test/test_archive_read_set_filter_option.c.ifdefed" startline="32" endline="49" function="test" hash="2837205719223842089"></source>
		</class>
	</version>
	<version nr="4600" hash="fd8fe9c5" evolution="Same" change="Same">
		<class nclones="2">
			<source file="../../workspace/dataset/test/test_archive_write_set_filter_option.c.ifdefed" startline="32" endline="49" function="test" hash="8043298104384213895"></source>
			<source file="../../workspace/dataset/test/test_archive_read_set_filter_option.c.ifdefed" startline="32" endline="49" function="test" hash="2837205719223842089"></source>
		</class>
	</version>
</lineage>
<lineage>
	<version nr="2210" hash="c6b4037d" evolution="None" change="None">
		<class nclones="2">
			<source file="../../workspace/dataset/test/test_archive_read_set_options.c.ifdefed" startline="32" endline="73" function="test" hash="-5201515189183787237"></source>
			<source file="../../workspace/dataset/test/test_archive_write_set_options.c.ifdefed" startline="32" endline="73" function="test" hash="-2861530107503801568"></source>
		</class>
	</version>
	<version nr="2280" hash="934ed638" evolution="Same" change="Same">
		<class nclones="2">
			<source file="../../workspace/dataset/test/test_archive_read_set_options.c.ifdefed" startline="32" endline="73" function="test" hash="-5201515189183787237"></source>
			<source file="../../workspace/dataset/test/test_archive_write_set_options.c.ifdefed" startline="32" endline="73" function="test" hash="-2861530107503801568"></source>
		</class>
	</version>
	<version nr="2290" hash="323c72ca" evolution="Same" change="Inconsistent">
		<class nclones="2">
			<source file="../../workspace/dataset/test/test_archive_read_set_options.c.ifdefed" startline="32" endline="73" function="test" hash="50362737825546838"></source>
			<source file="../../workspace/dataset/test/test_archive_write_set_options.c.ifdefed" startline="32" endline="73" function="test" hash="-2861530107503801568"></source>
		</class>
	</version>
	<version nr="3170" hash="1ec54f09" evolution="Same" change="Same">
		<class nclones="2">
			<source file="../../workspace/dataset/test/test_archive_read_set_options.c.ifdefed" startline="32" endline="73" function="test" hash="50362737825546838"></source>
			<source file="../../workspace/dataset/test/test_archive_write_set_options.c.ifdefed" startline="32" endline="73" function="test" hash="-2861530107503801568"></source>
		</class>
	</version>
	<version nr="3180" hash="3439b41d" evolution="Same" change="Consistent">
		<class nclones="2">
			<source file="../../workspace/dataset/test/test_archive_read_set_options.c.ifdefed" startline="32" endline="120" function="test" hash="-6815240652482705463"></source>
			<source file="../../workspace/dataset/test/test_archive_write_set_options.c.ifdefed" startline="32" endline="120" function="test" hash="-1999142585591454907"></source>
		</class>
	</version>
	<version nr="3330" hash="66b1a0b7" evolution="Same" change="Same">
		<class nclones="2">
			<source file="../../workspace/dataset/test/test_archive_read_set_options.c.ifdefed" startline="32" endline="120" function="test" hash="-6815240652482705463"></source>
			<source file="../../workspace/dataset/test/test_archive_write_set_options.c.ifdefed" startline="32" endline="120" function="test" hash="-1999142585591454907"></source>
		</class>
	</version>
	<version nr="3340" hash="737e1a51" evolution="Same" change="Consistent">
		<class nclones="2">
			<source file="../../workspace/dataset/test/test_archive_read_set_options.c.ifdefed" startline="32" endline="120" function="test" hash="-2805021408517510010"></source>
			<source file="../../workspace/dataset/test/test_archive_write_set_options.c.ifdefed" startline="32" endline="120" function="test" hash="-6592843017999245284"></source>
		</class>
	</version>
	<version nr="4600" hash="fd8fe9c5" evolution="Same" change="Same">
		<class nclones="2">
			<source file="../../workspace/dataset/test/test_archive_read_set_options.c.ifdefed" startline="32" endline="120" function="test" hash="-2805021408517510010"></source>
			<source file="../../workspace/dataset/test/test_archive_write_set_options.c.ifdefed" startline="32" endline="120" function="test" hash="-6592843017999245284"></source>
		</class>
	</version>
</lineage>
<lineage>
	<version nr="2230" hash="cfcba9b5" evolution="None" change="None">
		<class nclones="4">
			<source file="../../workspace/dataset/test/test_read_format_zip_filename.c.ifdefed" startline="30" endline="81" function="test_read_format_zip_filename_CP932_eucJP" hash="4567590193323154671"></source>
			<source file="../../workspace/dataset/test/test_read_format_cab_filename.c.ifdefed" startline="30" endline="81" function="test_read_format_cab_filename_CP932_eucJP" hash="4195151129891608910"></source>
			<source file="../../workspace/dataset/test/test_read_format_cab_filename.c.ifdefed" startline="83" endline="134" function="test_read_format_cab_filename_CP932_UTF8" hash="7153978580511773535"></source>
			<source file="../../workspace/dataset/test/test_read_format_zip_filename.c.ifdefed" startline="83" endline="134" function="test_read_format_zip_filename_CP932_UTF8" hash="8090252786056612232"></source>
		</class>
	</version>
	<version nr="2240" hash="e4ac4ade" evolution="Add" change="Inconsistent">
		<class nclones="5">
			<source file="../../workspace/dataset/test/test_read_format_zip_filename.c.ifdefed" startline="30" endline="81" function="test_read_format_zip_filename_CP932_eucJP" hash="5393791927304409609"></source>
			<source file="../../workspace/dataset/test/test_read_format_cab_filename.c.ifdefed" startline="30" endline="81" function="test_read_format_cab_filename_CP932_eucJP" hash="4195151129891608910"></source>
			<source file="../../workspace/dataset/test/test_read_format_cab_filename.c.ifdefed" startline="83" endline="134" function="test_read_format_cab_filename_CP932_UTF8" hash="7153978580511773535"></source>
			<source file="../../workspace/dataset/test/test_read_format_zip_filename.c.ifdefed" startline="83" endline="134" function="test_read_format_zip_filename_CP932_UTF8" hash="1124171779527907836"></source>
			<source file="../../workspace/dataset/test/test_read_format_zip_filename.c.ifdefed" startline="203" endline="259" function="test_read_format_zip_filename_UTF8_UTF8" hash="3295878237031512981"></source>
		</class>
	</version>
	<version nr="2280" hash="934ed638" evolution="Same" change="Same">
		<class nclones="5">
			<source file="../../workspace/dataset/test/test_read_format_zip_filename.c.ifdefed" startline="30" endline="81" function="test_read_format_zip_filename_CP932_eucJP" hash="5393791927304409609"></source>
			<source file="../../workspace/dataset/test/test_read_format_zip_filename.c.ifdefed" startline="83" endline="134" function="test_read_format_zip_filename_CP932_UTF8" hash="1124171779527907836"></source>
			<source file="../../workspace/dataset/test/test_read_format_cab_filename.c.ifdefed" startline="30" endline="81" function="test_read_format_cab_filename_CP932_eucJP" hash="4195151129891608910"></source>
			<source file="../../workspace/dataset/test/test_read_format_cab_filename.c.ifdefed" startline="83" endline="134" function="test_read_format_cab_filename_CP932_UTF8" hash="7153978580511773535"></source>
			<source file="../../workspace/dataset/test/test_read_format_zip_filename.c.ifdefed" startline="203" endline="259" function="test_read_format_zip_filename_UTF8_UTF8" hash="3295878237031512981"></source>
		</class>
	</version>
	<version nr="2290" hash="323c72ca" evolution="Same" change="Consistent">
		<class nclones="5">
			<source file="../../workspace/dataset/test/test_read_format_zip_filename.c.ifdefed" startline="30" endline="81" function="test_read_format_zip_filename_CP932_eucJP" hash="6848005734546616782"></source>
			<source file="../../workspace/dataset/test/test_read_format_cab_filename.c.ifdefed" startline="30" endline="81" function="test_read_format_cab_filename_CP932_eucJP" hash="4835209043693264699"></source>
			<source file="../../workspace/dataset/test/test_read_format_cab_filename.c.ifdefed" startline="83" endline="134" function="test_read_format_cab_filename_CP932_UTF8" hash="3239873646967620934"></source>
			<source file="../../workspace/dataset/test/test_read_format_zip_filename.c.ifdefed" startline="83" endline="134" function="test_read_format_zip_filename_CP932_UTF8" hash="-2118433521814088793"></source>
			<source file="../../workspace/dataset/test/test_read_format_zip_filename.c.ifdefed" startline="203" endline="259" function="test_read_format_zip_filename_UTF8_UTF8" hash="-7127386962113164824"></source>
		</class>
	</version>
	<version nr="2320" hash="2026f227" evolution="Same" change="Same">
		<class nclones="5">
			<source file="../../workspace/dataset/test/test_read_format_zip_filename.c.ifdefed" startline="30" endline="81" function="test_read_format_zip_filename_CP932_eucJP" hash="6848005734546616782"></source>
			<source file="../../workspace/dataset/test/test_read_format_cab_filename.c.ifdefed" startline="83" endline="134" function="test_read_format_cab_filename_CP932_UTF8" hash="3239873646967620934"></source>
			<source file="../../workspace/dataset/test/test_read_format_zip_filename.c.ifdefed" startline="83" endline="134" function="test_read_format_zip_filename_CP932_UTF8" hash="-2118433521814088793"></source>
			<source file="../../workspace/dataset/test/test_read_format_cab_filename.c.ifdefed" startline="30" endline="81" function="test_read_format_cab_filename_CP932_eucJP" hash="4835209043693264699"></source>
			<source file="../../workspace/dataset/test/test_read_format_zip_filename.c.ifdefed" startline="203" endline="259" function="test_read_format_zip_filename_UTF8_UTF8" hash="-7127386962113164824"></source>
		</class>
	</version>
	<version nr="2330" hash="1ec70123" evolution="Same" change="Inconsistent">
		<class nclones="5">
			<source file="../../workspace/dataset/test/test_read_format_zip_filename.c.ifdefed" startline="30" endline="81" function="test_read_format_zip_filename_CP932_eucJP" hash="-5859521433420698334"></source>
			<source file="../../workspace/dataset/test/test_read_format_zip_filename.c.ifdefed" startline="83" endline="134" function="test_read_format_zip_filename_CP932_UTF8" hash="-1689838800449467065"></source>
			<source file="../../workspace/dataset/test/test_read_format_cab_filename.c.ifdefed" startline="30" endline="81" function="test_read_format_cab_filename_CP932_eucJP" hash="-3321615289999882009"></source>
			<source file="../../workspace/dataset/test/test_read_format_cab_filename.c.ifdefed" startline="83" endline="134" function="test_read_format_cab_filename_CP932_UTF8" hash="-9142597455540638682"></source>
			<source file="../../workspace/dataset/test/test_read_format_zip_filename.c.ifdefed" startline="203" endline="259" function="test_read_format_zip_filename_UTF8_UTF8" hash="-7127386962113164824"></source>
		</class>
	</version>
	<version nr="2340" hash="293c71b1" evolution="Same" change="Same">
		<class nclones="5">
			<source file="../../workspace/dataset/test/test_read_format_zip_filename.c.ifdefed" startline="30" endline="81" function="test_read_format_zip_filename_CP932_eucJP" hash="-5859521433420698334"></source>
			<source file="../../workspace/dataset/test/test_read_format_cab_filename.c.ifdefed" startline="30" endline="81" function="test_read_format_cab_filename_CP932_eucJP" hash="-3321615289999882009"></source>
			<source file="../../workspace/dataset/test/test_read_format_cab_filename.c.ifdefed" startline="83" endline="134" function="test_read_format_cab_filename_CP932_UTF8" hash="-9142597455540638682"></source>
			<source file="../../workspace/dataset/test/test_read_format_zip_filename.c.ifdefed" startline="83" endline="134" function="test_read_format_zip_filename_CP932_UTF8" hash="-1689838800449467065"></source>
			<source file="../../workspace/dataset/test/test_read_format_zip_filename.c.ifdefed" startline="203" endline="259" function="test_read_format_zip_filename_UTF8_UTF8" hash="-7127386962113164824"></source>
		</class>
	</version>
	<version nr="2350" hash="83c67d6c" evolution="Add" change="Same">
		<class nclones="6">
			<source file="../../workspace/dataset/test/test_read_format_zip_filename.c.ifdefed" startline="30" endline="81" function="test_read_format_zip_filename_CP932_eucJP" hash="-5859521433420698334"></source>
			<source file="../../workspace/dataset/test/test_read_format_cab_filename.c.ifdefed" startline="83" endline="134" function="test_read_format_cab_filename_CP932_UTF8" hash="-9142597455540638682"></source>
			<source file="../../workspace/dataset/test/test_read_format_zip_filename.c.ifdefed" startline="627" endline="679" function="test_read_format_zip_filename_CP932_CP932" hash="-631472267599375989"></source>
			<source file="../../workspace/dataset/test/test_read_format_cab_filename.c.ifdefed" startline="30" endline="81" function="test_read_format_cab_filename_CP932_eucJP" hash="-3321615289999882009"></source>
			<source file="../../workspace/dataset/test/test_read_format_zip_filename.c.ifdefed" startline="83" endline="134" function="test_read_format_zip_filename_CP932_UTF8" hash="-1689838800449467065"></source>
			<source file="../../workspace/dataset/test/test_read_format_zip_filename.c.ifdefed" startline="203" endline="259" function="test_read_format_zip_filename_UTF8_UTF8" hash="-7127386962113164824"></source>
		</class>
	</version>
	<version nr="2360" hash="492ccc59" evolution="Same" change="Inconsistent">
		<class nclones="6">
			<source file="../../workspace/dataset/test/test_read_format_zip_filename.c.ifdefed" startline="30" endline="81" function="test_read_format_zip_filename_CP932_eucJP" hash="2839932516401107540"></source>
			<source file="../../workspace/dataset/test/test_read_format_cab_filename.c.ifdefed" startline="30" endline="81" function="test_read_format_cab_filename_CP932_eucJP" hash="-3321615289999882009"></source>
			<source file="../../workspace/dataset/test/test_read_format_zip_filename.c.ifdefed" startline="83" endline="134" function="test_read_format_zip_filename_CP932_UTF8" hash="-3047115043620814815"></source>
			<source file="../../workspace/dataset/test/test_read_format_zip_filename.c.ifdefed" startline="631" endline="683" function="test_read_format_zip_filename_CP932_CP932" hash="-3687457978987240213"></source>
			<source file="../../workspace/dataset/test/test_read_format_cab_filename.c.ifdefed" startline="83" endline="134" function="test_read_format_cab_filename_CP932_UTF8" hash="-9142597455540638682"></source>
			<source file="../../workspace/dataset/test/test_read_format_zip_filename.c.ifdefed" startline="203" endline="259" function="test_read_format_zip_filename_UTF8_UTF8" hash="-6739358282063202407"></source>
		</class>
	</version>
	<version nr="2380" hash="b5876a16" evolution="Same" change="Same">
		<class nclones="6">
			<source file="../../workspace/dataset/test/test_read_format_zip_filename.c.ifdefed" startline="30" endline="81" function="test_read_format_zip_filename_CP932_eucJP" hash="2839932516401107540"></source>
			<source file="../../workspace/dataset/test/test_read_format_zip_filename.c.ifdefed" startline="83" endline="134" function="test_read_format_zip_filename_CP932_UTF8" hash="-3047115043620814815"></source>
			<source file="../../workspace/dataset/test/test_read_format_cab_filename.c.ifdefed" startline="83" endline="134" function="test_read_format_cab_filename_CP932_UTF8" hash="-9142597455540638682"></source>
			<source file="../../workspace/dataset/test/test_read_format_cab_filename.c.ifdefed" startline="30" endline="81" function="test_read_format_cab_filename_CP932_eucJP" hash="-3321615289999882009"></source>
			<source file="../../workspace/dataset/test/test_read_format_zip_filename.c.ifdefed" startline="631" endline="683" function="test_read_format_zip_filename_CP932_CP932" hash="-3687457978987240213"></source>
			<source file="../../workspace/dataset/test/test_read_format_zip_filename.c.ifdefed" startline="203" endline="259" function="test_read_format_zip_filename_UTF8_UTF8" hash="-6739358282063202407"></source>
		</class>
	</version>
	<version nr="2390" hash="7f590844" evolution="Add" change="Same">
		<class nclones="13">
			<source file="../../workspace/dataset/test/test_read_format_zip_filename.c.ifdefed" startline="30" endline="81" function="test_read_format_zip_filename_CP932_eucJP" hash="2839932516401107540"></source>
			<source file="../../workspace/dataset/test/test_read_format_zip_filename.c.ifdefed" startline="83" endline="134" function="test_read_format_zip_filename_CP932_UTF8" hash="-3047115043620814815"></source>
			<source file="../../workspace/dataset/test/test_read_format_cab_filename.c.ifdefed" startline="30" endline="81" function="test_read_format_cab_filename_CP932_eucJP" hash="-3321615289999882009"></source>
			<source file="../../workspace/dataset/test/test_read_format_zip_filename.c.ifdefed" startline="631" endline="683" function="test_read_format_zip_filename_CP932_CP932" hash="-3687457978987240213"></source>
			<source file="../../workspace/dataset/test/test_read_format_cab_filename.c.ifdefed" startline="83" endline="134" function="test_read_format_cab_filename_CP932_UTF8" hash="-9142597455540638682"></source>
			<source file="../../workspace/dataset/test/test_read_format_zip_filename.c.ifdefed" startline="203" endline="259" function="test_read_format_zip_filename_UTF8_UTF8" hash="-6739358282063202407"></source>
			<source file="../../workspace/dataset/test/test_read_format_cpio_filename.c.ifdefed" startline="30" endline="78" function="test_read_format_cpio_filename_eucJP_UTF8" hash="5285837480492443301"></source>
			<source file="../../workspace/dataset/test/test_read_format_cpio_filename.c.ifdefed" startline="532" endline="580" function="test_read_format_cpio_filename_eucJP_CP932" hash="3438464248082383529"></source>
			<source file="../../workspace/dataset/test/test_read_format_cpio_filename.c.ifdefed" startline="80" endline="129" function="test_read_format_cpio_filename_UTF8_eucJP" hash="-6669128795462475531"></source>
			<source file="../../workspace/dataset/test/test_read_format_cpio_filename.c.ifdefed" startline="131" endline="175" function="test_read_format_cpio_filename_UTF8_UTF8_jp" hash="-2004080859027993885"></source>
			<source file="../../workspace/dataset/test/test_read_format_gtar_filename.c.ifdefed" startline="286" endline="334" function="test_read_format_gtar_filename_eucJP_CP932" hash="125869628612465124"></source>
			<source file="../../workspace/dataset/test/test_read_format_gtar_filename.c.ifdefed" startline="30" endline="78" function="test_read_format_gtar_filename_eucJP_UTF8" hash="4883005978493525506"></source>
			<source file="../../workspace/dataset/test/test_read_format_cpio_filename.c.ifdefed" startline="582" endline="631" function="test_read_format_cpio_filename_UTF8_CP932" hash="3551729278403374497"></source>
		</class>
	</version>
	<version nr="2410" hash="2e60d43b" evolution="Same" change="Same">
		<class nclones="13">
			<source file="../../workspace/dataset/test/test_read_format_zip_filename.c.ifdefed" startline="30" endline="81" function="test_read_format_zip_filename_CP932_eucJP" hash="2839932516401107540"></source>
			<source file="../../workspace/dataset/test/test_read_format_zip_filename.c.ifdefed" startline="631" endline="683" function="test_read_format_zip_filename_CP932_CP932" hash="-3687457978987240213"></source>
			<source file="../../workspace/dataset/test/test_read_format_cab_filename.c.ifdefed" startline="83" endline="134" function="test_read_format_cab_filename_CP932_UTF8" hash="-9142597455540638682"></source>
			<source file="../../workspace/dataset/test/test_read_format_zip_filename.c.ifdefed" startline="83" endline="134" function="test_read_format_zip_filename_CP932_UTF8" hash="-3047115043620814815"></source>
			<source file="../../workspace/dataset/test/test_read_format_cab_filename.c.ifdefed" startline="30" endline="81" function="test_read_format_cab_filename_CP932_eucJP" hash="-3321615289999882009"></source>
			<source file="../../workspace/dataset/test/test_read_format_cpio_filename.c.ifdefed" startline="532" endline="580" function="test_read_format_cpio_filename_eucJP_CP932" hash="3438464248082383529"></source>
			<source file="../../workspace/dataset/test/test_read_format_cpio_filename.c.ifdefed" startline="30" endline="78" function="test_read_format_cpio_filename_eucJP_UTF8" hash="5285837480492443301"></source>
			<source file="../../workspace/dataset/test/test_read_format_zip_filename.c.ifdefed" startline="203" endline="259" function="test_read_format_zip_filename_UTF8_UTF8" hash="-6739358282063202407"></source>
			<source file="../../workspace/dataset/test/test_read_format_gtar_filename.c.ifdefed" startline="30" endline="78" function="test_read_format_gtar_filename_eucJP_UTF8" hash="4883005978493525506"></source>
			<source file="../../workspace/dataset/test/test_read_format_cpio_filename.c.ifdefed" startline="80" endline="129" function="test_read_format_cpio_filename_UTF8_eucJP" hash="-6669128795462475531"></source>
			<source file="../../workspace/dataset/test/test_read_format_gtar_filename.c.ifdefed" startline="286" endline="334" function="test_read_format_gtar_filename_eucJP_CP932" hash="125869628612465124"></source>
			<source file="../../workspace/dataset/test/test_read_format_cpio_filename.c.ifdefed" startline="582" endline="631" function="test_read_format_cpio_filename_UTF8_CP932" hash="3551729278403374497"></source>
			<source file="../../workspace/dataset/test/test_read_format_cpio_filename.c.ifdefed" startline="131" endline="175" function="test_read_format_cpio_filename_UTF8_UTF8_jp" hash="-2004080859027993885"></source>
		</class>
	</version>
	<version nr="2420" hash="57ee447d" evolution="Add" change="Same">
		<class nclones="15">
			<source file="../../workspace/dataset/test/test_read_format_zip_filename.c.ifdefed" startline="30" endline="81" function="test_read_format_zip_filename_CP932_eucJP" hash="2839932516401107540"></source>
			<source file="../../workspace/dataset/test/test_read_format_cab_filename.c.ifdefed" startline="30" endline="81" function="test_read_format_cab_filename_CP932_eucJP" hash="-3321615289999882009"></source>
			<source file="../../workspace/dataset/test/test_read_format_cab_filename.c.ifdefed" startline="83" endline="134" function="test_read_format_cab_filename_CP932_UTF8" hash="-9142597455540638682"></source>
			<source file="../../workspace/dataset/test/test_read_format_zip_filename.c.ifdefed" startline="83" endline="134" function="test_read_format_zip_filename_CP932_UTF8" hash="-3047115043620814815"></source>
			<source file="../../workspace/dataset/test/test_read_format_zip_filename.c.ifdefed" startline="631" endline="683" function="test_read_format_zip_filename_CP932_CP932" hash="-3687457978987240213"></source>
			<source file="../../workspace/dataset/test/test_read_format_cpio_filename.c.ifdefed" startline="30" endline="78" function="test_read_format_cpio_filename_eucJP_UTF8" hash="5285837480492443301"></source>
			<source file="../../workspace/dataset/test/test_read_format_zip_filename.c.ifdefed" startline="203" endline="259" function="test_read_format_zip_filename_UTF8_UTF8" hash="-6739358282063202407"></source>
			<source file="../../workspace/dataset/test/test_read_format_cpio_filename.c.ifdefed" startline="532" endline="580" function="test_read_format_cpio_filename_eucJP_CP932" hash="3438464248082383529"></source>
			<source file="../../workspace/dataset/test/test_read_format_gtar_filename.c.ifdefed" startline="286" endline="334" function="test_read_format_gtar_filename_eucJP_CP932" hash="125869628612465124"></source>
			<source file="../../workspace/dataset/test/test_read_format_cpio_filename.c.ifdefed" startline="582" endline="631" function="test_read_format_cpio_filename_UTF8_CP932" hash="3551729278403374497"></source>
			<source file="../../workspace/dataset/test/test_read_format_ustar_filename.c.ifdefed" startline="30" endline="78" function="test_read_format_ustar_filename_eucJP_UTF8" hash="-1094582363140323447"></source>
			<source file="../../workspace/dataset/test/test_read_format_gtar_filename.c.ifdefed" startline="30" endline="78" function="test_read_format_gtar_filename_eucJP_UTF8" hash="4883005978493525506"></source>
			<source file="../../workspace/dataset/test/test_read_format_cpio_filename.c.ifdefed" startline="80" endline="129" function="test_read_format_cpio_filename_UTF8_eucJP" hash="-6669128795462475531"></source>
			<source file="../../workspace/dataset/test/test_read_format_ustar_filename.c.ifdefed" startline="286" endline="334" function="test_read_format_ustar_filename_eucJP_CP932" hash="2116780102535733363"></source>
			<source file="../../workspace/dataset/test/test_read_format_cpio_filename.c.ifdefed" startline="131" endline="175" function="test_read_format_cpio_filename_UTF8_UTF8_jp" hash="-2004080859027993885"></source>
		</class>
	</version>
	<version nr="2450" hash="ae543941" evolution="Same" change="Same">
		<class nclones="15">
			<source file="../../workspace/dataset/test/test_read_format_zip_filename.c.ifdefed" startline="30" endline="81" function="test_read_format_zip_filename_CP932_eucJP" hash="2839932516401107540"></source>
			<source file="../../workspace/dataset/test/test_read_format_zip_filename.c.ifdefed" startline="83" endline="134" function="test_read_format_zip_filename_CP932_UTF8" hash="-3047115043620814815"></source>
			<source file="../../workspace/dataset/test/test_read_format_cab_filename.c.ifdefed" startline="83" endline="134" function="test_read_format_cab_filename_CP932_UTF8" hash="-9142597455540638682"></source>
			<source file="../../workspace/dataset/test/test_read_format_cab_filename.c.ifdefed" startline="30" endline="81" function="test_read_format_cab_filename_CP932_eucJP" hash="-3321615289999882009"></source>
			<source file="../../workspace/dataset/test/test_read_format_zip_filename.c.ifdefed" startline="631" endline="683" function="test_read_format_zip_filename_CP932_CP932" hash="-3687457978987240213"></source>
			<source file="../../workspace/dataset/test/test_read_format_zip_filename.c.ifdefed" startline="203" endline="259" function="test_read_format_zip_filename_UTF8_UTF8" hash="-6739358282063202407"></source>
			<source file="../../workspace/dataset/test/test_read_format_cpio_filename.c.ifdefed" startline="30" endline="78" function="test_read_format_cpio_filename_eucJP_UTF8" hash="5285837480492443301"></source>
			<source file="../../workspace/dataset/test/test_read_format_cpio_filename.c.ifdefed" startline="532" endline="580" function="test_read_format_cpio_filename_eucJP_CP932" hash="3438464248082383529"></source>
			<source file="../../workspace/dataset/test/test_read_format_gtar_filename.c.ifdefed" startline="286" endline="334" function="test_read_format_gtar_filename_eucJP_CP932" hash="125869628612465124"></source>
			<source file="../../workspace/dataset/test/test_read_format_ustar_filename.c.ifdefed" startline="30" endline="78" function="test_read_format_ustar_filename_eucJP_UTF8" hash="-1094582363140323447"></source>
			<source file="../../workspace/dataset/test/test_read_format_cpio_filename.c.ifdefed" startline="80" endline="129" function="test_read_format_cpio_filename_UTF8_eucJP" hash="-6669128795462475531"></source>
			<source file="../../workspace/dataset/test/test_read_format_gtar_filename.c.ifdefed" startline="30" endline="78" function="test_read_format_gtar_filename_eucJP_UTF8" hash="4883005978493525506"></source>
			<source file="../../workspace/dataset/test/test_read_format_cpio_filename.c.ifdefed" startline="582" endline="631" function="test_read_format_cpio_filename_UTF8_CP932" hash="3551729278403374497"></source>
			<source file="../../workspace/dataset/test/test_read_format_ustar_filename.c.ifdefed" startline="286" endline="334" function="test_read_format_ustar_filename_eucJP_CP932" hash="2116780102535733363"></source>
			<source file="../../workspace/dataset/test/test_read_format_cpio_filename.c.ifdefed" startline="131" endline="175" function="test_read_format_cpio_filename_UTF8_UTF8_jp" hash="-2004080859027993885"></source>
		</class>
	</version>
	<version nr="2460" hash="b7c59fe6" evolution="Subtract" change="Inconsistent">
		<class nclones="14">
			<source file="../../workspace/dataset/test/test_read_format_zip_filename.c.ifdefed" startline="30" endline="81" function="test_read_format_zip_filename_CP932_eucJP" hash="2839932516401107540"></source>
			<source file="../../workspace/dataset/test/test_read_format_cab_filename.c.ifdefed" startline="83" endline="134" function="test_read_format_cab_filename_CP932_UTF8" hash="1508427483293752754"></source>
			<source file="../../workspace/dataset/test/test_read_format_zip_filename.c.ifdefed" startline="83" endline="134" function="test_read_format_zip_filename_CP932_UTF8" hash="3302825739935746029"></source>
			<source file="../../workspace/dataset/test/test_read_format_cab_filename.c.ifdefed" startline="30" endline="81" function="test_read_format_cab_filename_CP932_eucJP" hash="-3321615289999882009"></source>
			<source file="../../workspace/dataset/test/test_read_format_zip_filename.c.ifdefed" startline="631" endline="683" function="test_read_format_zip_filename_CP932_CP932" hash="-3687457978987240213"></source>
			<source file="../../workspace/dataset/test/test_read_format_cpio_filename.c.ifdefed" startline="30" endline="78" function="test_read_format_cpio_filename_eucJP_UTF8" hash="5285837480492443301"></source>
			<source file="../../workspace/dataset/test/test_read_format_cpio_filename.c.ifdefed" startline="532" endline="580" function="test_read_format_cpio_filename_eucJP_CP932" hash="3438464248082383529"></source>
			<source file="../../workspace/dataset/test/test_read_format_gtar_filename.c.ifdefed" startline="286" endline="334" function="test_read_format_gtar_filename_eucJP_CP932" hash="125869628612465124"></source>
			<source file="../../workspace/dataset/test/test_read_format_ustar_filename.c.ifdefed" startline="286" endline="334" function="test_read_format_ustar_filename_eucJP_CP932" hash="2116780102535733363"></source>
			<source file="../../workspace/dataset/test/test_read_format_cpio_filename.c.ifdefed" startline="131" endline="175" function="test_read_format_cpio_filename_UTF8_UTF8_jp" hash="-2004080859027993885"></source>
			<source file="../../workspace/dataset/test/test_read_format_cpio_filename.c.ifdefed" startline="582" endline="631" function="test_read_format_cpio_filename_UTF8_CP932" hash="3551729278403374497"></source>
			<source file="../../workspace/dataset/test/test_read_format_gtar_filename.c.ifdefed" startline="30" endline="78" function="test_read_format_gtar_filename_eucJP_UTF8" hash="4883005978493525506"></source>
			<source file="../../workspace/dataset/test/test_read_format_ustar_filename.c.ifdefed" startline="30" endline="78" function="test_read_format_ustar_filename_eucJP_UTF8" hash="-1094582363140323447"></source>
			<source file="../../workspace/dataset/test/test_read_format_cpio_filename.c.ifdefed" startline="80" endline="129" function="test_read_format_cpio_filename_UTF8_eucJP" hash="-6669128795462475531"></source>
		</class>
	</version>
	<version nr="2470" hash="dcbe69a7" evolution="Same" change="Same">
		<class nclones="14">
			<source file="../../workspace/dataset/test/test_read_format_zip_filename.c.ifdefed" startline="30" endline="81" function="test_read_format_zip_filename_CP932_eucJP" hash="2839932516401107540"></source>
			<source file="../../workspace/dataset/test/test_read_format_cab_filename.c.ifdefed" startline="83" endline="134" function="test_read_format_cab_filename_CP932_UTF8" hash="1508427483293752754"></source>
			<source file="../../workspace/dataset/test/test_read_format_zip_filename.c.ifdefed" startline="83" endline="134" function="test_read_format_zip_filename_CP932_UTF8" hash="3302825739935746029"></source>
			<source file="../../workspace/dataset/test/test_read_format_cab_filename.c.ifdefed" startline="30" endline="81" function="test_read_format_cab_filename_CP932_eucJP" hash="-3321615289999882009"></source>
			<source file="../../workspace/dataset/test/test_read_format_zip_filename.c.ifdefed" startline="631" endline="683" function="test_read_format_zip_filename_CP932_CP932" hash="-3687457978987240213"></source>
			<source file="../../workspace/dataset/test/test_read_format_cpio_filename.c.ifdefed" startline="30" endline="78" function="test_read_format_cpio_filename_eucJP_UTF8" hash="5285837480492443301"></source>
			<source file="../../workspace/dataset/test/test_read_format_cpio_filename.c.ifdefed" startline="532" endline="580" function="test_read_format_cpio_filename_eucJP_CP932" hash="3438464248082383529"></source>
			<source file="../../workspace/dataset/test/test_read_format_gtar_filename.c.ifdefed" startline="286" endline="334" function="test_read_format_gtar_filename_eucJP_CP932" hash="125869628612465124"></source>
			<source file="../../workspace/dataset/test/test_read_format_ustar_filename.c.ifdefed" startline="286" endline="334" function="test_read_format_ustar_filename_eucJP_CP932" hash="2116780102535733363"></source>
			<source file="../../workspace/dataset/test/test_read_format_cpio_filename.c.ifdefed" startline="131" endline="175" function="test_read_format_cpio_filename_UTF8_UTF8_jp" hash="-2004080859027993885"></source>
			<source file="../../workspace/dataset/test/test_read_format_cpio_filename.c.ifdefed" startline="582" endline="631" function="test_read_format_cpio_filename_UTF8_CP932" hash="3551729278403374497"></source>
			<source file="../../workspace/dataset/test/test_read_format_gtar_filename.c.ifdefed" startline="30" endline="78" function="test_read_format_gtar_filename_eucJP_UTF8" hash="4883005978493525506"></source>
			<source file="../../workspace/dataset/test/test_read_format_ustar_filename.c.ifdefed" startline="30" endline="78" function="test_read_format_ustar_filename_eucJP_UTF8" hash="-1094582363140323447"></source>
			<source file="../../workspace/dataset/test/test_read_format_cpio_filename.c.ifdefed" startline="80" endline="129" function="test_read_format_cpio_filename_UTF8_eucJP" hash="-6669128795462475531"></source>
		</class>
	</version>
	<version nr="2480" hash="963e8089" evolution="Same" change="Inconsistent">
		<class nclones="14">
			<source file="../../workspace/dataset/test/test_read_format_zip_filename.c.ifdefed" startline="30" endline="81" function="test_read_format_zip_filename_CP932_eucJP" hash="2839932516401107540"></source>
			<source file="../../workspace/dataset/test/test_read_format_zip_filename.c.ifdefed" startline="83" endline="154" function="test_read_format_zip_filename_CP932_UTF8" hash="8895694759164732253"></source>
			<source file="../../workspace/dataset/test/test_read_format_cab_filename.c.ifdefed" startline="83" endline="155" function="test_read_format_cab_filename_CP932_UTF8" hash="-8226236383931975277"></source>
			<source file="../../workspace/dataset/test/test_read_format_cab_filename.c.ifdefed" startline="30" endline="81" function="test_read_format_cab_filename_CP932_eucJP" hash="-3321615289999882009"></source>
			<source file="../../workspace/dataset/test/test_read_format_zip_filename.c.ifdefed" startline="651" endline="703" function="test_read_format_zip_filename_CP932_CP932" hash="-3687457978987240213"></source>
			<source file="../../workspace/dataset/test/test_read_format_cpio_filename.c.ifdefed" startline="30" endline="78" function="test_read_format_cpio_filename_eucJP_UTF8" hash="5285837480492443301"></source>
			<source file="../../workspace/dataset/test/test_read_format_cpio_filename.c.ifdefed" startline="532" endline="580" function="test_read_format_cpio_filename_eucJP_CP932" hash="3438464248082383529"></source>
			<source file="../../workspace/dataset/test/test_read_format_ustar_filename.c.ifdefed" startline="286" endline="334" function="test_read_format_ustar_filename_eucJP_CP932" hash="2116780102535733363"></source>
			<source file="../../workspace/dataset/test/test_read_format_cpio_filename.c.ifdefed" startline="131" endline="175" function="test_read_format_cpio_filename_UTF8_UTF8_jp" hash="-2004080859027993885"></source>
			<source file="../../workspace/dataset/test/test_read_format_ustar_filename.c.ifdefed" startline="30" endline="78" function="test_read_format_ustar_filename_eucJP_UTF8" hash="-1094582363140323447"></source>
			<source file="../../workspace/dataset/test/test_read_format_gtar_filename.c.ifdefed" startline="286" endline="334" function="test_read_format_gtar_filename_eucJP_CP932" hash="125869628612465124"></source>
			<source file="../../workspace/dataset/test/test_read_format_cpio_filename.c.ifdefed" startline="80" endline="129" function="test_read_format_cpio_filename_UTF8_eucJP" hash="-6669128795462475531"></source>
			<source file="../../workspace/dataset/test/test_read_format_gtar_filename.c.ifdefed" startline="30" endline="78" function="test_read_format_gtar_filename_eucJP_UTF8" hash="4883005978493525506"></source>
			<source file="../../workspace/dataset/test/test_read_format_cpio_filename.c.ifdefed" startline="582" endline="631" function="test_read_format_cpio_filename_UTF8_CP932" hash="3551729278403374497"></source>
		</class>
	</version>
	<version nr="2490" hash="d707a9a9" evolution="Same" change="Same">
		<class nclones="14">
			<source file="../../workspace/dataset/test/test_read_format_zip_filename.c.ifdefed" startline="30" endline="81" function="test_read_format_zip_filename_CP932_eucJP" hash="2839932516401107540"></source>
			<source file="../../workspace/dataset/test/test_read_format_zip_filename.c.ifdefed" startline="83" endline="154" function="test_read_format_zip_filename_CP932_UTF8" hash="8895694759164732253"></source>
			<source file="../../workspace/dataset/test/test_read_format_cab_filename.c.ifdefed" startline="83" endline="155" function="test_read_format_cab_filename_CP932_UTF8" hash="-8226236383931975277"></source>
			<source file="../../workspace/dataset/test/test_read_format_cab_filename.c.ifdefed" startline="30" endline="81" function="test_read_format_cab_filename_CP932_eucJP" hash="-3321615289999882009"></source>
			<source file="../../workspace/dataset/test/test_read_format_zip_filename.c.ifdefed" startline="651" endline="703" function="test_read_format_zip_filename_CP932_CP932" hash="-3687457978987240213"></source>
			<source file="../../workspace/dataset/test/test_read_format_cpio_filename.c.ifdefed" startline="30" endline="78" function="test_read_format_cpio_filename_eucJP_UTF8" hash="5285837480492443301"></source>
			<source file="../../workspace/dataset/test/test_read_format_cpio_filename.c.ifdefed" startline="532" endline="580" function="test_read_format_cpio_filename_eucJP_CP932" hash="3438464248082383529"></source>
			<source file="../../workspace/dataset/test/test_read_format_ustar_filename.c.ifdefed" startline="286" endline="334" function="test_read_format_ustar_filename_eucJP_CP932" hash="2116780102535733363"></source>
			<source file="../../workspace/dataset/test/test_read_format_cpio_filename.c.ifdefed" startline="131" endline="175" function="test_read_format_cpio_filename_UTF8_UTF8_jp" hash="-2004080859027993885"></source>
			<source file="../../workspace/dataset/test/test_read_format_ustar_filename.c.ifdefed" startline="30" endline="78" function="test_read_format_ustar_filename_eucJP_UTF8" hash="-1094582363140323447"></source>
			<source file="../../workspace/dataset/test/test_read_format_gtar_filename.c.ifdefed" startline="286" endline="334" function="test_read_format_gtar_filename_eucJP_CP932" hash="125869628612465124"></source>
			<source file="../../workspace/dataset/test/test_read_format_cpio_filename.c.ifdefed" startline="80" endline="129" function="test_read_format_cpio_filename_UTF8_eucJP" hash="-6669128795462475531"></source>
			<source file="../../workspace/dataset/test/test_read_format_gtar_filename.c.ifdefed" startline="30" endline="78" function="test_read_format_gtar_filename_eucJP_UTF8" hash="4883005978493525506"></source>
			<source file="../../workspace/dataset/test/test_read_format_cpio_filename.c.ifdefed" startline="582" endline="631" function="test_read_format_cpio_filename_UTF8_CP932" hash="3551729278403374497"></source>
		</class>
	</version>
	<version nr="2500" hash="ec63acf7" evolution="Add" change="Inconsistent">
		<class nclones="50">
			<source file="../../workspace/dataset/test/test_read_format_zip_filename.c.ifdefed" startline="30" endline="81" function="test_read_format_zip_filename_CP932_eucJP" hash="2839932516401107540"></source>
			<source file="../../workspace/dataset/test/test_read_format_zip_filename.c.ifdefed" startline="83" endline="154" function="test_read_format_zip_filename_CP932_UTF8" hash="-7190519491444943991"></source>
			<source file="../../workspace/dataset/test/test_read_format_zip_filename.c.ifdefed" startline="651" endline="703" function="test_read_format_zip_filename_CP932_CP932" hash="-3687457978987240213"></source>
			<source file="../../workspace/dataset/test/test_read_format_cab_filename.c.ifdefed" startline="30" endline="81" function="test_read_format_cab_filename_CP932_eucJP" hash="-3321615289999882009"></source>
			<source file="../../workspace/dataset/test/test_read_format_cab_filename.c.ifdefed" startline="83" endline="155" function="test_read_format_cab_filename_CP932_UTF8" hash="-7576009492620954297"></source>
			<source file="../../workspace/dataset/test/test_read_format_cpio_filename.c.ifdefed" startline="30" endline="78" function="test_read_format_cpio_filename_eucJP_UTF8" hash="-1587646453316113583"></source>
			<source file="../../workspace/dataset/test/test_read_format_cpio_filename.c.ifdefed" startline="332" endline="381" function="test_read_format_cpio_filename_KOI8R_UTF8" hash="-4387585799380168088"></source>
			<source file="../../workspace/dataset/test/test_read_format_cpio_filename.c.ifdefed" startline="229" endline="278" function="test_read_format_cpio_filename_CP866_UTF8" hash="-5508915541950618650"></source>
			<source file="../../workspace/dataset/test/test_read_format_zip_filename.c.ifdefed" startline="436" endline="485" function="test_read_format_zip_filename_KOI8R_UTF8" hash="-7623735857114615086"></source>
			<source file="../../workspace/dataset/test/test_read_format_zip_filename.c.ifdefed" startline="333" endline="382" function="test_read_format_zip_filename_CP866_UTF8" hash="7703544181717586716"></source>
			<source file="../../workspace/dataset/test/test_read_format_cpio_filename.c.ifdefed" startline="532" endline="580" function="test_read_format_cpio_filename_eucJP_CP932" hash="3438464248082383529"></source>
			<source file="../../workspace/dataset/test/test_read_format_ustar_filename.c.ifdefed" startline="30" endline="78" function="test_read_format_ustar_filename_eucJP_UTF8" hash="-3910162390002652083"></source>
			<source file="../../workspace/dataset/test/test_read_format_ustar_filename.c.ifdefed" startline="286" endline="334" function="test_read_format_ustar_filename_eucJP_CP932" hash="2116780102535733363"></source>
			<source file="../../workspace/dataset/test/test_read_format_cpio_filename.c.ifdefed" startline="131" endline="175" function="test_read_format_cpio_filename_UTF8_UTF8_jp" hash="-8858777115214656777"></source>
			<source file="../../workspace/dataset/test/test_read_format_gtar_filename.c.ifdefed" startline="30" endline="78" function="test_read_format_gtar_filename_eucJP_UTF8" hash="-2543896535514683626"></source>
			<source file="../../workspace/dataset/test/test_read_format_gtar_filename.c.ifdefed" startline="286" endline="334" function="test_read_format_gtar_filename_eucJP_CP932" hash="125869628612465124"></source>
			<source file="../../workspace/dataset/test/test_read_format_cpio_filename.c.ifdefed" startline="80" endline="129" function="test_read_format_cpio_filename_UTF8_eucJP" hash="-6669128795462475531"></source>
			<source file="../../workspace/dataset/test/test_read_format_cpio_filename.c.ifdefed" startline="582" endline="631" function="test_read_format_cpio_filename_UTF8_CP932" hash="3551729278403374497"></source>
			<source file="../../workspace/dataset/test/test_read_format_gtar_filename.c.ifdefed" startline="235" endline="284" function="test_read_format_gtar_filename_KOI8R_UTF8" hash="-6876914422278284351"></source>
			<source file="../../workspace/dataset/test/test_read_format_gtar_filename.c.ifdefed" startline="439" endline="489" function="test_read_format_gtar_filename_KOI8R_CP1251" hash="-1961983828692610995"></source>
			<source file="../../workspace/dataset/test/test_read_format_cpio_filename.c.ifdefed" startline="633" endline="683" function="test_read_format_cpio_filename_CP866_CP1251" hash="-2380889629885728316"></source>
			<source file="../../workspace/dataset/test/test_read_format_cpio_filename.c.ifdefed" startline="435" endline="485" function="test_read_format_cpio_filename_UTF8_CP866" hash="-6333781349372469957"></source>
			<source file="../../workspace/dataset/test/test_read_format_cpio_filename.c.ifdefed" startline="487" endline="530" function="test_read_format_cpio_filename_UTF8_UTF8_ru" hash="-1037038100849286267"></source>
			<source file="../../workspace/dataset/test/test_read_format_zip_filename.c.ifdefed" startline="604" endline="649" function="test_read_format_zip_filename_UTF8_UTF8_ru" hash="-217056392676825713"></source>
			<source file="../../workspace/dataset/test/test_read_format_ustar_filename.c.ifdefed" startline="439" endline="489" function="test_read_format_ustar_filename_KOI8R_CP1251" hash="-4075396790488849656"></source>
			<source file="../../workspace/dataset/test/test_read_format_zip_filename.c.ifdefed" startline="775" endline="825" function="test_read_format_zip_filename_CP866_CP1251" hash="5787625553147128870"></source>
			<source file="../../workspace/dataset/test/test_read_format_cpio_filename.c.ifdefed" startline="177" endline="227" function="test_read_format_cpio_filename_CP866_KOI8R" hash="-7326599286641712494"></source>
			<source file="../../workspace/dataset/test/test_read_format_gtar_filename.c.ifdefed" startline="183" endline="233" function="test_read_format_gtar_filename_KOI8R_CP866" hash="-246862080494170751"></source>
			<source file="../../workspace/dataset/test/test_read_format_gtar_filename.c.ifdefed" startline="132" endline="181" function="test_read_format_gtar_filename_CP866_UTF8" hash="-4950037585010431229"></source>
			<source file="../../workspace/dataset/test/test_read_format_cpio_filename.c.ifdefed" startline="736" endline="786" function="test_read_format_cpio_filename_KOI8R_CP1251" hash="-548616130777309148"></source>
			<source file="../../workspace/dataset/test/test_read_format_cpio_filename.c.ifdefed" startline="788" endline="838" function="test_read_format_cpio_filename_UTF8_CP1251" hash="-6015480135637890657"></source>
			<source file="../../workspace/dataset/test/test_read_format_ustar_filename.c.ifdefed" startline="235" endline="284" function="test_read_format_ustar_filename_KOI8R_UTF8" hash="-2332195184950766756"></source>
			<source file="../../workspace/dataset/test/test_read_format_zip_filename.c.ifdefed" startline="281" endline="331" function="test_read_format_zip_filename_CP866_KOI8R" hash="-5800160017968049754"></source>
			<source file="../../workspace/dataset/test/test_read_format_ustar_filename.c.ifdefed" startline="183" endline="233" function="test_read_format_ustar_filename_KOI8R_CP866" hash="4398825177393493444"></source>
			<source file="../../workspace/dataset/test/test_read_format_cpio_filename.c.ifdefed" startline="280" endline="330" function="test_read_format_cpio_filename_KOI8R_CP866" hash="-1357983921796230030"></source>
			<source file="../../workspace/dataset/test/test_read_format_ustar_filename.c.ifdefed" startline="132" endline="181" function="test_read_format_ustar_filename_CP866_UTF8" hash="-4301690462607279982"></source>
			<source file="../../workspace/dataset/test/test_read_format_zip_filename.c.ifdefed" startline="384" endline="434" function="test_read_format_zip_filename_KOI8R_CP866" hash="7404152899122932562"></source>
			<source file="../../workspace/dataset/test/test_read_format_cpio_filename.c.ifdefed" startline="383" endline="433" function="test_read_format_cpio_filename_UTF8_KOI8R" hash="5304162641336267043"></source>
			<source file="../../workspace/dataset/test/test_read_format_zip_filename.c.ifdefed" startline="878" endline="928" function="test_read_format_zip_filename_KOI8R_CP1251" hash="-6803073405280236258"></source>
			<source file="../../workspace/dataset/test/test_read_format_gtar_filename.c.ifdefed" startline="336" endline="386" function="test_read_format_gtar_filename_CP866_CP1251" hash="6725901449361543985"></source>
			<source file="../../workspace/dataset/test/test_read_format_ustar_filename.c.ifdefed" startline="80" endline="130" function="test_read_format_ustar_filename_CP866_KOI8R" hash="5290059353504608004"></source>
			<source file="../../workspace/dataset/test/test_read_format_gtar_filename.c.ifdefed" startline="80" endline="130" function="test_read_format_gtar_filename_CP866_KOI8R" hash="496295492441128893"></source>
			<source file="../../workspace/dataset/test/test_read_format_ustar_filename.c.ifdefed" startline="336" endline="386" function="test_read_format_ustar_filename_CP866_CP1251" hash="4587227081487094472"></source>
			<source file="../../workspace/dataset/test/test_read_format_zip_filename.c.ifdefed" startline="930" endline="987" function="test_read_format_zip_filename_UTF8_CP1251" hash="1713778419841046984"></source>
			<source file="../../workspace/dataset/test/test_read_format_cpio_filename.c.ifdefed" startline="691" endline="734" function="test_read_format_cpio_filename_CP866_CP1251_win" hash="-1876215304857599218"></source>
			<source file="../../workspace/dataset/test/test_read_format_zip_filename.c.ifdefed" startline="544" endline="602" function="test_read_format_zip_filename_UTF8_CP866" hash="-8184023501251526242"></source>
			<source file="../../workspace/dataset/test/test_read_format_zip_filename.c.ifdefed" startline="833" endline="876" function="test_read_format_zip_filename_CP866_CP1251_win" hash="3027946774776012776"></source>
			<source file="../../workspace/dataset/test/test_read_format_zip_filename.c.ifdefed" startline="487" endline="542" function="test_read_format_zip_filename_UTF8_KOI8R" hash="1786197392200672701"></source>
			<source file="../../workspace/dataset/test/test_read_format_gtar_filename.c.ifdefed" startline="394" endline="437" function="test_read_format_gtar_filename_CP866_CP1251_win" hash="-2765244453237871807"></source>
			<source file="../../workspace/dataset/test/test_read_format_ustar_filename.c.ifdefed" startline="394" endline="437" function="test_read_format_ustar_filename_CP866_CP1251_win" hash="-7917369537098737550"></source>
		</class>
	</version>
	<version nr="2510" hash="42d9d566" evolution="Same" change="Same">
		<class nclones="50">
			<source file="../../workspace/dataset/test/test_read_format_zip_filename.c.ifdefed" startline="30" endline="81" function="test_read_format_zip_filename_CP932_eucJP" hash="2839932516401107540"></source>
			<source file="../../workspace/dataset/test/test_read_format_zip_filename.c.ifdefed" startline="83" endline="154" function="test_read_format_zip_filename_CP932_UTF8" hash="-7190519491444943991"></source>
			<source file="../../workspace/dataset/test/test_read_format_zip_filename.c.ifdefed" startline="651" endline="703" function="test_read_format_zip_filename_CP932_CP932" hash="-3687457978987240213"></source>
			<source file="../../workspace/dataset/test/test_read_format_cab_filename.c.ifdefed" startline="30" endline="81" function="test_read_format_cab_filename_CP932_eucJP" hash="-3321615289999882009"></source>
			<source file="../../workspace/dataset/test/test_read_format_cab_filename.c.ifdefed" startline="83" endline="155" function="test_read_format_cab_filename_CP932_UTF8" hash="-7576009492620954297"></source>
			<source file="../../workspace/dataset/test/test_read_format_cpio_filename.c.ifdefed" startline="30" endline="78" function="test_read_format_cpio_filename_eucJP_UTF8" hash="-1587646453316113583"></source>
			<source file="../../workspace/dataset/test/test_read_format_cpio_filename.c.ifdefed" startline="332" endline="381" function="test_read_format_cpio_filename_KOI8R_UTF8" hash="-4387585799380168088"></source>
			<source file="../../workspace/dataset/test/test_read_format_cpio_filename.c.ifdefed" startline="229" endline="278" function="test_read_format_cpio_filename_CP866_UTF8" hash="-5508915541950618650"></source>
			<source file="../../workspace/dataset/test/test_read_format_zip_filename.c.ifdefed" startline="436" endline="485" function="test_read_format_zip_filename_KOI8R_UTF8" hash="-7623735857114615086"></source>
			<source file="../../workspace/dataset/test/test_read_format_zip_filename.c.ifdefed" startline="333" endline="382" function="test_read_format_zip_filename_CP866_UTF8" hash="7703544181717586716"></source>
			<source file="../../workspace/dataset/test/test_read_format_cpio_filename.c.ifdefed" startline="532" endline="580" function="test_read_format_cpio_filename_eucJP_CP932" hash="3438464248082383529"></source>
			<source file="../../workspace/dataset/test/test_read_format_ustar_filename.c.ifdefed" startline="30" endline="78" function="test_read_format_ustar_filename_eucJP_UTF8" hash="-3910162390002652083"></source>
			<source file="../../workspace/dataset/test/test_read_format_ustar_filename.c.ifdefed" startline="286" endline="334" function="test_read_format_ustar_filename_eucJP_CP932" hash="2116780102535733363"></source>
			<source file="../../workspace/dataset/test/test_read_format_cpio_filename.c.ifdefed" startline="131" endline="175" function="test_read_format_cpio_filename_UTF8_UTF8_jp" hash="-8858777115214656777"></source>
			<source file="../../workspace/dataset/test/test_read_format_gtar_filename.c.ifdefed" startline="30" endline="78" function="test_read_format_gtar_filename_eucJP_UTF8" hash="-2543896535514683626"></source>
			<source file="../../workspace/dataset/test/test_read_format_gtar_filename.c.ifdefed" startline="286" endline="334" function="test_read_format_gtar_filename_eucJP_CP932" hash="125869628612465124"></source>
			<source file="../../workspace/dataset/test/test_read_format_cpio_filename.c.ifdefed" startline="80" endline="129" function="test_read_format_cpio_filename_UTF8_eucJP" hash="-6669128795462475531"></source>
			<source file="../../workspace/dataset/test/test_read_format_cpio_filename.c.ifdefed" startline="582" endline="631" function="test_read_format_cpio_filename_UTF8_CP932" hash="3551729278403374497"></source>
			<source file="../../workspace/dataset/test/test_read_format_gtar_filename.c.ifdefed" startline="235" endline="284" function="test_read_format_gtar_filename_KOI8R_UTF8" hash="-6876914422278284351"></source>
			<source file="../../workspace/dataset/test/test_read_format_gtar_filename.c.ifdefed" startline="439" endline="489" function="test_read_format_gtar_filename_KOI8R_CP1251" hash="-1961983828692610995"></source>
			<source file="../../workspace/dataset/test/test_read_format_cpio_filename.c.ifdefed" startline="633" endline="683" function="test_read_format_cpio_filename_CP866_CP1251" hash="-2380889629885728316"></source>
			<source file="../../workspace/dataset/test/test_read_format_cpio_filename.c.ifdefed" startline="435" endline="485" function="test_read_format_cpio_filename_UTF8_CP866" hash="-6333781349372469957"></source>
			<source file="../../workspace/dataset/test/test_read_format_cpio_filename.c.ifdefed" startline="487" endline="530" function="test_read_format_cpio_filename_UTF8_UTF8_ru" hash="-1037038100849286267"></source>
			<source file="../../workspace/dataset/test/test_read_format_zip_filename.c.ifdefed" startline="604" endline="649" function="test_read_format_zip_filename_UTF8_UTF8_ru" hash="-217056392676825713"></source>
			<source file="../../workspace/dataset/test/test_read_format_ustar_filename.c.ifdefed" startline="439" endline="489" function="test_read_format_ustar_filename_KOI8R_CP1251" hash="-4075396790488849656"></source>
			<source file="../../workspace/dataset/test/test_read_format_zip_filename.c.ifdefed" startline="775" endline="825" function="test_read_format_zip_filename_CP866_CP1251" hash="5787625553147128870"></source>
			<source file="../../workspace/dataset/test/test_read_format_cpio_filename.c.ifdefed" startline="177" endline="227" function="test_read_format_cpio_filename_CP866_KOI8R" hash="-7326599286641712494"></source>
			<source file="../../workspace/dataset/test/test_read_format_gtar_filename.c.ifdefed" startline="183" endline="233" function="test_read_format_gtar_filename_KOI8R_CP866" hash="-246862080494170751"></source>
			<source file="../../workspace/dataset/test/test_read_format_gtar_filename.c.ifdefed" startline="132" endline="181" function="test_read_format_gtar_filename_CP866_UTF8" hash="-4950037585010431229"></source>
			<source file="../../workspace/dataset/test/test_read_format_cpio_filename.c.ifdefed" startline="736" endline="786" function="test_read_format_cpio_filename_KOI8R_CP1251" hash="-548616130777309148"></source>
			<source file="../../workspace/dataset/test/test_read_format_cpio_filename.c.ifdefed" startline="788" endline="838" function="test_read_format_cpio_filename_UTF8_CP1251" hash="-6015480135637890657"></source>
			<source file="../../workspace/dataset/test/test_read_format_ustar_filename.c.ifdefed" startline="235" endline="284" function="test_read_format_ustar_filename_KOI8R_UTF8" hash="-2332195184950766756"></source>
			<source file="../../workspace/dataset/test/test_read_format_zip_filename.c.ifdefed" startline="281" endline="331" function="test_read_format_zip_filename_CP866_KOI8R" hash="-5800160017968049754"></source>
			<source file="../../workspace/dataset/test/test_read_format_ustar_filename.c.ifdefed" startline="183" endline="233" function="test_read_format_ustar_filename_KOI8R_CP866" hash="4398825177393493444"></source>
			<source file="../../workspace/dataset/test/test_read_format_cpio_filename.c.ifdefed" startline="280" endline="330" function="test_read_format_cpio_filename_KOI8R_CP866" hash="-1357983921796230030"></source>
			<source file="../../workspace/dataset/test/test_read_format_ustar_filename.c.ifdefed" startline="132" endline="181" function="test_read_format_ustar_filename_CP866_UTF8" hash="-4301690462607279982"></source>
			<source file="../../workspace/dataset/test/test_read_format_zip_filename.c.ifdefed" startline="384" endline="434" function="test_read_format_zip_filename_KOI8R_CP866" hash="7404152899122932562"></source>
			<source file="../../workspace/dataset/test/test_read_format_cpio_filename.c.ifdefed" startline="383" endline="433" function="test_read_format_cpio_filename_UTF8_KOI8R" hash="5304162641336267043"></source>
			<source file="../../workspace/dataset/test/test_read_format_zip_filename.c.ifdefed" startline="878" endline="928" function="test_read_format_zip_filename_KOI8R_CP1251" hash="-6803073405280236258"></source>
			<source file="../../workspace/dataset/test/test_read_format_gtar_filename.c.ifdefed" startline="336" endline="386" function="test_read_format_gtar_filename_CP866_CP1251" hash="6725901449361543985"></source>
			<source file="../../workspace/dataset/test/test_read_format_ustar_filename.c.ifdefed" startline="80" endline="130" function="test_read_format_ustar_filename_CP866_KOI8R" hash="5290059353504608004"></source>
			<source file="../../workspace/dataset/test/test_read_format_gtar_filename.c.ifdefed" startline="80" endline="130" function="test_read_format_gtar_filename_CP866_KOI8R" hash="496295492441128893"></source>
			<source file="../../workspace/dataset/test/test_read_format_ustar_filename.c.ifdefed" startline="336" endline="386" function="test_read_format_ustar_filename_CP866_CP1251" hash="4587227081487094472"></source>
			<source file="../../workspace/dataset/test/test_read_format_zip_filename.c.ifdefed" startline="930" endline="987" function="test_read_format_zip_filename_UTF8_CP1251" hash="1713778419841046984"></source>
			<source file="../../workspace/dataset/test/test_read_format_cpio_filename.c.ifdefed" startline="691" endline="734" function="test_read_format_cpio_filename_CP866_CP1251_win" hash="-1876215304857599218"></source>
			<source file="../../workspace/dataset/test/test_read_format_zip_filename.c.ifdefed" startline="544" endline="602" function="test_read_format_zip_filename_UTF8_CP866" hash="-8184023501251526242"></source>
			<source file="../../workspace/dataset/test/test_read_format_zip_filename.c.ifdefed" startline="833" endline="876" function="test_read_format_zip_filename_CP866_CP1251_win" hash="3027946774776012776"></source>
			<source file="../../workspace/dataset/test/test_read_format_zip_filename.c.ifdefed" startline="487" endline="542" function="test_read_format_zip_filename_UTF8_KOI8R" hash="1786197392200672701"></source>
			<source file="../../workspace/dataset/test/test_read_format_gtar_filename.c.ifdefed" startline="394" endline="437" function="test_read_format_gtar_filename_CP866_CP1251_win" hash="-2765244453237871807"></source>
			<source file="../../workspace/dataset/test/test_read_format_ustar_filename.c.ifdefed" startline="394" endline="437" function="test_read_format_ustar_filename_CP866_CP1251_win" hash="-7917369537098737550"></source>
		</class>
	</version>
	<version nr="2520" hash="edf50894" evolution="Add" change="Same">
		<class nclones="51">
			<source file="../../workspace/dataset/test/test_read_format_zip_filename.c.ifdefed" startline="30" endline="81" function="test_read_format_zip_filename_CP932_eucJP" hash="2839932516401107540"></source>
			<source file="../../workspace/dataset/test/test_read_format_zip_filename.c.ifdefed" startline="83" endline="154" function="test_read_format_zip_filename_CP932_UTF8" hash="-7190519491444943991"></source>
			<source file="../../workspace/dataset/test/test_read_format_zip_filename.c.ifdefed" startline="680" endline="732" function="test_read_format_zip_filename_CP932_CP932" hash="-3687457978987240213"></source>
			<source file="../../workspace/dataset/test/test_read_format_cab_filename.c.ifdefed" startline="30" endline="81" function="test_read_format_cab_filename_CP932_eucJP" hash="-3321615289999882009"></source>
			<source file="../../workspace/dataset/test/test_read_format_cab_filename.c.ifdefed" startline="83" endline="155" function="test_read_format_cab_filename_CP932_UTF8" hash="-7576009492620954297"></source>
			<source file="../../workspace/dataset/test/test_read_format_cpio_filename.c.ifdefed" startline="30" endline="78" function="test_read_format_cpio_filename_eucJP_UTF8" hash="-1587646453316113583"></source>
			<source file="../../workspace/dataset/test/test_read_format_cpio_filename.c.ifdefed" startline="332" endline="381" function="test_read_format_cpio_filename_KOI8R_UTF8" hash="-4387585799380168088"></source>
			<source file="../../workspace/dataset/test/test_read_format_cpio_filename.c.ifdefed" startline="229" endline="278" function="test_read_format_cpio_filename_CP866_UTF8" hash="-5508915541950618650"></source>
			<source file="../../workspace/dataset/test/test_read_format_zip_filename.c.ifdefed" startline="465" endline="514" function="test_read_format_zip_filename_KOI8R_UTF8" hash="-7623735857114615086"></source>
			<source file="../../workspace/dataset/test/test_read_format_zip_filename.c.ifdefed" startline="362" endline="411" function="test_read_format_zip_filename_CP866_UTF8" hash="7703544181717586716"></source>
			<source file="../../workspace/dataset/test/test_read_format_zip_filename.c.ifdefed" startline="223" endline="308" function="test_read_format_zip_filename_UTF8_UTF8" hash="6585662845267972289"></source>
			<source file="../../workspace/dataset/test/test_read_format_cpio_filename.c.ifdefed" startline="532" endline="580" function="test_read_format_cpio_filename_eucJP_CP932" hash="3438464248082383529"></source>
			<source file="../../workspace/dataset/test/test_read_format_gtar_filename.c.ifdefed" startline="286" endline="334" function="test_read_format_gtar_filename_eucJP_CP932" hash="125869628612465124"></source>
			<source file="../../workspace/dataset/test/test_read_format_ustar_filename.c.ifdefed" startline="286" endline="334" function="test_read_format_ustar_filename_eucJP_CP932" hash="2116780102535733363"></source>
			<source file="../../workspace/dataset/test/test_read_format_cpio_filename.c.ifdefed" startline="131" endline="175" function="test_read_format_cpio_filename_UTF8_UTF8_jp" hash="-8858777115214656777"></source>
			<source file="../../workspace/dataset/test/test_read_format_ustar_filename.c.ifdefed" startline="30" endline="78" function="test_read_format_ustar_filename_eucJP_UTF8" hash="-3910162390002652083"></source>
			<source file="../../workspace/dataset/test/test_read_format_cpio_filename.c.ifdefed" startline="80" endline="129" function="test_read_format_cpio_filename_UTF8_eucJP" hash="-6669128795462475531"></source>
			<source file="../../workspace/dataset/test/test_read_format_gtar_filename.c.ifdefed" startline="30" endline="78" function="test_read_format_gtar_filename_eucJP_UTF8" hash="-2543896535514683626"></source>
			<source file="../../workspace/dataset/test/test_read_format_cpio_filename.c.ifdefed" startline="582" endline="631" function="test_read_format_cpio_filename_UTF8_CP932" hash="3551729278403374497"></source>
			<source file="../../workspace/dataset/test/test_read_format_cpio_filename.c.ifdefed" startline="177" endline="227" function="test_read_format_cpio_filename_CP866_KOI8R" hash="-7326599286641712494"></source>
			<source file="../../workspace/dataset/test/test_read_format_gtar_filename.c.ifdefed" startline="235" endline="284" function="test_read_format_gtar_filename_KOI8R_UTF8" hash="-6876914422278284351"></source>
			<source file="../../workspace/dataset/test/test_read_format_gtar_filename.c.ifdefed" startline="439" endline="489" function="test_read_format_gtar_filename_KOI8R_CP1251" hash="-1961983828692610995"></source>
			<source file="../../workspace/dataset/test/test_read_format_cpio_filename.c.ifdefed" startline="633" endline="683" function="test_read_format_cpio_filename_CP866_CP1251" hash="-2380889629885728316"></source>
			<source file="../../workspace/dataset/test/test_read_format_cpio_filename.c.ifdefed" startline="435" endline="485" function="test_read_format_cpio_filename_UTF8_CP866" hash="-6333781349372469957"></source>
			<source file="../../workspace/dataset/test/test_read_format_cpio_filename.c.ifdefed" startline="487" endline="530" function="test_read_format_cpio_filename_UTF8_UTF8_ru" hash="-1037038100849286267"></source>
			<source file="../../workspace/dataset/test/test_read_format_zip_filename.c.ifdefed" startline="633" endline="678" function="test_read_format_zip_filename_UTF8_UTF8_ru" hash="-217056392676825713"></source>
			<source file="../../workspace/dataset/test/test_read_format_ustar_filename.c.ifdefed" startline="439" endline="489" function="test_read_format_ustar_filename_KOI8R_CP1251" hash="-4075396790488849656"></source>
			<source file="../../workspace/dataset/test/test_read_format_zip_filename.c.ifdefed" startline="804" endline="854" function="test_read_format_zip_filename_CP866_CP1251" hash="5787625553147128870"></source>
			<source file="../../workspace/dataset/test/test_read_format_gtar_filename.c.ifdefed" startline="183" endline="233" function="test_read_format_gtar_filename_KOI8R_CP866" hash="-246862080494170751"></source>
			<source file="../../workspace/dataset/test/test_read_format_gtar_filename.c.ifdefed" startline="132" endline="181" function="test_read_format_gtar_filename_CP866_UTF8" hash="-4950037585010431229"></source>
			<source file="../../workspace/dataset/test/test_read_format_cpio_filename.c.ifdefed" startline="736" endline="786" function="test_read_format_cpio_filename_KOI8R_CP1251" hash="-548616130777309148"></source>
			<source file="../../workspace/dataset/test/test_read_format_cpio_filename.c.ifdefed" startline="788" endline="838" function="test_read_format_cpio_filename_UTF8_CP1251" hash="-6015480135637890657"></source>
			<source file="../../workspace/dataset/test/test_read_format_zip_filename.c.ifdefed" startline="310" endline="360" function="test_read_format_zip_filename_CP866_KOI8R" hash="-5800160017968049754"></source>
			<source file="../../workspace/dataset/test/test_read_format_ustar_filename.c.ifdefed" startline="235" endline="284" function="test_read_format_ustar_filename_KOI8R_UTF8" hash="-2332195184950766756"></source>
			<source file="../../workspace/dataset/test/test_read_format_cpio_filename.c.ifdefed" startline="280" endline="330" function="test_read_format_cpio_filename_KOI8R_CP866" hash="-1357983921796230030"></source>
			<source file="../../workspace/dataset/test/test_read_format_ustar_filename.c.ifdefed" startline="183" endline="233" function="test_read_format_ustar_filename_KOI8R_CP866" hash="4398825177393493444"></source>
			<source file="../../workspace/dataset/test/test_read_format_zip_filename.c.ifdefed" startline="413" endline="463" function="test_read_format_zip_filename_KOI8R_CP866" hash="7404152899122932562"></source>
			<source file="../../workspace/dataset/test/test_read_format_ustar_filename.c.ifdefed" startline="132" endline="181" function="test_read_format_ustar_filename_CP866_UTF8" hash="-4301690462607279982"></source>
			<source file="../../workspace/dataset/test/test_read_format_cpio_filename.c.ifdefed" startline="383" endline="433" function="test_read_format_cpio_filename_UTF8_KOI8R" hash="5304162641336267043"></source>
			<source file="../../workspace/dataset/test/test_read_format_zip_filename.c.ifdefed" startline="907" endline="957" function="test_read_format_zip_filename_KOI8R_CP1251" hash="-6803073405280236258"></source>
			<source file="../../workspace/dataset/test/test_read_format_gtar_filename.c.ifdefed" startline="336" endline="386" function="test_read_format_gtar_filename_CP866_CP1251" hash="6725901449361543985"></source>
			<source file="../../workspace/dataset/test/test_read_format_ustar_filename.c.ifdefed" startline="336" endline="386" function="test_read_format_ustar_filename_CP866_CP1251" hash="4587227081487094472"></source>
			<source file="../../workspace/dataset/test/test_read_format_ustar_filename.c.ifdefed" startline="80" endline="130" function="test_read_format_ustar_filename_CP866_KOI8R" hash="5290059353504608004"></source>
			<source file="../../workspace/dataset/test/test_read_format_gtar_filename.c.ifdefed" startline="80" endline="130" function="test_read_format_gtar_filename_CP866_KOI8R" hash="496295492441128893"></source>
			<source file="../../workspace/dataset/test/test_read_format_zip_filename.c.ifdefed" startline="516" endline="571" function="test_read_format_zip_filename_UTF8_KOI8R" hash="1786197392200672701"></source>
			<source file="../../workspace/dataset/test/test_read_format_cpio_filename.c.ifdefed" startline="691" endline="734" function="test_read_format_cpio_filename_CP866_CP1251_win" hash="-1876215304857599218"></source>
			<source file="../../workspace/dataset/test/test_read_format_zip_filename.c.ifdefed" startline="959" endline="1016" function="test_read_format_zip_filename_UTF8_CP1251" hash="1713778419841046984"></source>
			<source file="../../workspace/dataset/test/test_read_format_zip_filename.c.ifdefed" startline="573" endline="631" function="test_read_format_zip_filename_UTF8_CP866" hash="-8184023501251526242"></source>
			<source file="../../workspace/dataset/test/test_read_format_zip_filename.c.ifdefed" startline="862" endline="905" function="test_read_format_zip_filename_CP866_CP1251_win" hash="3027946774776012776"></source>
			<source file="../../workspace/dataset/test/test_read_format_gtar_filename.c.ifdefed" startline="394" endline="437" function="test_read_format_gtar_filename_CP866_CP1251_win" hash="-2765244453237871807"></source>
			<source file="../../workspace/dataset/test/test_read_format_ustar_filename.c.ifdefed" startline="394" endline="437" function="test_read_format_ustar_filename_CP866_CP1251_win" hash="-7917369537098737550"></source>
		</class>
	</version>
	<version nr="3330" hash="66b1a0b7" evolution="Same" change="Same">
		<class nclones="51">
			<source file="../../workspace/dataset/test/test_read_format_zip_filename.c.ifdefed" startline="30" endline="81" function="test_read_format_zip_filename_CP932_eucJP" hash="2839932516401107540"></source>
			<source file="../../workspace/dataset/test/test_read_format_zip_filename.c.ifdefed" startline="83" endline="154" function="test_read_format_zip_filename_CP932_UTF8" hash="-7190519491444943991"></source>
			<source file="../../workspace/dataset/test/test_read_format_zip_filename.c.ifdefed" startline="680" endline="732" function="test_read_format_zip_filename_CP932_CP932" hash="-3687457978987240213"></source>
			<source file="../../workspace/dataset/test/test_read_format_cab_filename.c.ifdefed" startline="30" endline="81" function="test_read_format_cab_filename_CP932_eucJP" hash="-3321615289999882009"></source>
			<source file="../../workspace/dataset/test/test_read_format_cab_filename.c.ifdefed" startline="83" endline="155" function="test_read_format_cab_filename_CP932_UTF8" hash="-7576009492620954297"></source>
			<source file="../../workspace/dataset/test/test_read_format_cpio_filename.c.ifdefed" startline="30" endline="78" function="test_read_format_cpio_filename_eucJP_UTF8" hash="-1587646453316113583"></source>
			<source file="../../workspace/dataset/test/test_read_format_cpio_filename.c.ifdefed" startline="332" endline="381" function="test_read_format_cpio_filename_KOI8R_UTF8" hash="-4387585799380168088"></source>
			<source file="../../workspace/dataset/test/test_read_format_cpio_filename.c.ifdefed" startline="229" endline="278" function="test_read_format_cpio_filename_CP866_UTF8" hash="-5508915541950618650"></source>
			<source file="../../workspace/dataset/test/test_read_format_zip_filename.c.ifdefed" startline="465" endline="514" function="test_read_format_zip_filename_KOI8R_UTF8" hash="-7623735857114615086"></source>
			<source file="../../workspace/dataset/test/test_read_format_zip_filename.c.ifdefed" startline="362" endline="411" function="test_read_format_zip_filename_CP866_UTF8" hash="7703544181717586716"></source>
			<source file="../../workspace/dataset/test/test_read_format_zip_filename.c.ifdefed" startline="223" endline="308" function="test_read_format_zip_filename_UTF8_UTF8" hash="6585662845267972289"></source>
			<source file="../../workspace/dataset/test/test_read_format_cpio_filename.c.ifdefed" startline="532" endline="580" function="test_read_format_cpio_filename_eucJP_CP932" hash="3438464248082383529"></source>
			<source file="../../workspace/dataset/test/test_read_format_gtar_filename.c.ifdefed" startline="286" endline="334" function="test_read_format_gtar_filename_eucJP_CP932" hash="125869628612465124"></source>
			<source file="../../workspace/dataset/test/test_read_format_ustar_filename.c.ifdefed" startline="286" endline="334" function="test_read_format_ustar_filename_eucJP_CP932" hash="2116780102535733363"></source>
			<source file="../../workspace/dataset/test/test_read_format_cpio_filename.c.ifdefed" startline="131" endline="175" function="test_read_format_cpio_filename_UTF8_UTF8_jp" hash="-8858777115214656777"></source>
			<source file="../../workspace/dataset/test/test_read_format_ustar_filename.c.ifdefed" startline="30" endline="78" function="test_read_format_ustar_filename_eucJP_UTF8" hash="-3910162390002652083"></source>
			<source file="../../workspace/dataset/test/test_read_format_cpio_filename.c.ifdefed" startline="80" endline="129" function="test_read_format_cpio_filename_UTF8_eucJP" hash="-6669128795462475531"></source>
			<source file="../../workspace/dataset/test/test_read_format_gtar_filename.c.ifdefed" startline="30" endline="78" function="test_read_format_gtar_filename_eucJP_UTF8" hash="-2543896535514683626"></source>
			<source file="../../workspace/dataset/test/test_read_format_cpio_filename.c.ifdefed" startline="582" endline="631" function="test_read_format_cpio_filename_UTF8_CP932" hash="3551729278403374497"></source>
			<source file="../../workspace/dataset/test/test_read_format_cpio_filename.c.ifdefed" startline="177" endline="227" function="test_read_format_cpio_filename_CP866_KOI8R" hash="-7326599286641712494"></source>
			<source file="../../workspace/dataset/test/test_read_format_gtar_filename.c.ifdefed" startline="235" endline="284" function="test_read_format_gtar_filename_KOI8R_UTF8" hash="-6876914422278284351"></source>
			<source file="../../workspace/dataset/test/test_read_format_gtar_filename.c.ifdefed" startline="439" endline="489" function="test_read_format_gtar_filename_KOI8R_CP1251" hash="-1961983828692610995"></source>
			<source file="../../workspace/dataset/test/test_read_format_cpio_filename.c.ifdefed" startline="633" endline="683" function="test_read_format_cpio_filename_CP866_CP1251" hash="-2380889629885728316"></source>
			<source file="../../workspace/dataset/test/test_read_format_cpio_filename.c.ifdefed" startline="435" endline="485" function="test_read_format_cpio_filename_UTF8_CP866" hash="-6333781349372469957"></source>
			<source file="../../workspace/dataset/test/test_read_format_cpio_filename.c.ifdefed" startline="487" endline="530" function="test_read_format_cpio_filename_UTF8_UTF8_ru" hash="-1037038100849286267"></source>
			<source file="../../workspace/dataset/test/test_read_format_zip_filename.c.ifdefed" startline="633" endline="678" function="test_read_format_zip_filename_UTF8_UTF8_ru" hash="-217056392676825713"></source>
			<source file="../../workspace/dataset/test/test_read_format_ustar_filename.c.ifdefed" startline="439" endline="489" function="test_read_format_ustar_filename_KOI8R_CP1251" hash="-4075396790488849656"></source>
			<source file="../../workspace/dataset/test/test_read_format_zip_filename.c.ifdefed" startline="804" endline="854" function="test_read_format_zip_filename_CP866_CP1251" hash="5787625553147128870"></source>
			<source file="../../workspace/dataset/test/test_read_format_gtar_filename.c.ifdefed" startline="183" endline="233" function="test_read_format_gtar_filename_KOI8R_CP866" hash="-246862080494170751"></source>
			<source file="../../workspace/dataset/test/test_read_format_gtar_filename.c.ifdefed" startline="132" endline="181" function="test_read_format_gtar_filename_CP866_UTF8" hash="-4950037585010431229"></source>
			<source file="../../workspace/dataset/test/test_read_format_cpio_filename.c.ifdefed" startline="736" endline="786" function="test_read_format_cpio_filename_KOI8R_CP1251" hash="-548616130777309148"></source>
			<source file="../../workspace/dataset/test/test_read_format_cpio_filename.c.ifdefed" startline="788" endline="838" function="test_read_format_cpio_filename_UTF8_CP1251" hash="-6015480135637890657"></source>
			<source file="../../workspace/dataset/test/test_read_format_zip_filename.c.ifdefed" startline="310" endline="360" function="test_read_format_zip_filename_CP866_KOI8R" hash="-5800160017968049754"></source>
			<source file="../../workspace/dataset/test/test_read_format_ustar_filename.c.ifdefed" startline="235" endline="284" function="test_read_format_ustar_filename_KOI8R_UTF8" hash="-2332195184950766756"></source>
			<source file="../../workspace/dataset/test/test_read_format_cpio_filename.c.ifdefed" startline="280" endline="330" function="test_read_format_cpio_filename_KOI8R_CP866" hash="-1357983921796230030"></source>
			<source file="../../workspace/dataset/test/test_read_format_ustar_filename.c.ifdefed" startline="183" endline="233" function="test_read_format_ustar_filename_KOI8R_CP866" hash="4398825177393493444"></source>
			<source file="../../workspace/dataset/test/test_read_format_zip_filename.c.ifdefed" startline="413" endline="463" function="test_read_format_zip_filename_KOI8R_CP866" hash="7404152899122932562"></source>
			<source file="../../workspace/dataset/test/test_read_format_ustar_filename.c.ifdefed" startline="132" endline="181" function="test_read_format_ustar_filename_CP866_UTF8" hash="-4301690462607279982"></source>
			<source file="../../workspace/dataset/test/test_read_format_cpio_filename.c.ifdefed" startline="383" endline="433" function="test_read_format_cpio_filename_UTF8_KOI8R" hash="5304162641336267043"></source>
			<source file="../../workspace/dataset/test/test_read_format_zip_filename.c.ifdefed" startline="907" endline="957" function="test_read_format_zip_filename_KOI8R_CP1251" hash="-6803073405280236258"></source>
			<source file="../../workspace/dataset/test/test_read_format_gtar_filename.c.ifdefed" startline="336" endline="386" function="test_read_format_gtar_filename_CP866_CP1251" hash="6725901449361543985"></source>
			<source file="../../workspace/dataset/test/test_read_format_ustar_filename.c.ifdefed" startline="336" endline="386" function="test_read_format_ustar_filename_CP866_CP1251" hash="4587227081487094472"></source>
			<source file="../../workspace/dataset/test/test_read_format_ustar_filename.c.ifdefed" startline="80" endline="130" function="test_read_format_ustar_filename_CP866_KOI8R" hash="5290059353504608004"></source>
			<source file="../../workspace/dataset/test/test_read_format_gtar_filename.c.ifdefed" startline="80" endline="130" function="test_read_format_gtar_filename_CP866_KOI8R" hash="496295492441128893"></source>
			<source file="../../workspace/dataset/test/test_read_format_zip_filename.c.ifdefed" startline="516" endline="571" function="test_read_format_zip_filename_UTF8_KOI8R" hash="1786197392200672701"></source>
			<source file="../../workspace/dataset/test/test_read_format_cpio_filename.c.ifdefed" startline="691" endline="734" function="test_read_format_cpio_filename_CP866_CP1251_win" hash="-1876215304857599218"></source>
			<source file="../../workspace/dataset/test/test_read_format_zip_filename.c.ifdefed" startline="959" endline="1016" function="test_read_format_zip_filename_UTF8_CP1251" hash="1713778419841046984"></source>
			<source file="../../workspace/dataset/test/test_read_format_zip_filename.c.ifdefed" startline="573" endline="631" function="test_read_format_zip_filename_UTF8_CP866" hash="-8184023501251526242"></source>
			<source file="../../workspace/dataset/test/test_read_format_zip_filename.c.ifdefed" startline="862" endline="905" function="test_read_format_zip_filename_CP866_CP1251_win" hash="3027946774776012776"></source>
			<source file="../../workspace/dataset/test/test_read_format_gtar_filename.c.ifdefed" startline="394" endline="437" function="test_read_format_gtar_filename_CP866_CP1251_win" hash="-2765244453237871807"></source>
			<source file="../../workspace/dataset/test/test_read_format_ustar_filename.c.ifdefed" startline="394" endline="437" function="test_read_format_ustar_filename_CP866_CP1251_win" hash="-7917369537098737550"></source>
		</class>
	</version>
	<version nr="3340" hash="737e1a51" evolution="Same" change="Inconsistent">
		<class nclones="51">
			<source file="../../workspace/dataset/test/test_read_format_zip_filename.c.ifdefed" startline="30" endline="81" function="test_read_format_zip_filename_CP932_eucJP" hash="3975246385547588064"></source>
			<source file="../../workspace/dataset/test/test_read_format_cab_filename.c.ifdefed" startline="30" endline="81" function="test_read_format_cab_filename_CP932_eucJP" hash="4801926081503381479"></source>
			<source file="../../workspace/dataset/test/test_read_format_zip_filename.c.ifdefed" startline="83" endline="154" function="test_read_format_zip_filename_CP932_UTF8" hash="3806065604627526257"></source>
			<source file="../../workspace/dataset/test/test_read_format_zip_filename.c.ifdefed" startline="680" endline="732" function="test_read_format_zip_filename_CP932_CP932" hash="-8891005562729532717"></source>
			<source file="../../workspace/dataset/test/test_read_format_cab_filename.c.ifdefed" startline="83" endline="155" function="test_read_format_cab_filename_CP932_UTF8" hash="-3439313055150606333"></source>
			<source file="../../workspace/dataset/test/test_read_format_zip_filename.c.ifdefed" startline="465" endline="514" function="test_read_format_zip_filename_KOI8R_UTF8" hash="3783510594824035702"></source>
			<source file="../../workspace/dataset/test/test_read_format_zip_filename.c.ifdefed" startline="223" endline="308" function="test_read_format_zip_filename_UTF8_UTF8" hash="4994459770470377849"></source>
			<source file="../../workspace/dataset/test/test_read_format_cpio_filename.c.ifdefed" startline="332" endline="381" function="test_read_format_cpio_filename_KOI8R_UTF8" hash="-4416308213428185780"></source>
			<source file="../../workspace/dataset/test/test_read_format_cpio_filename.c.ifdefed" startline="229" endline="278" function="test_read_format_cpio_filename_CP866_UTF8" hash="-7433140412183144894"></source>
			<source file="../../workspace/dataset/test/test_read_format_cpio_filename.c.ifdefed" startline="30" endline="78" function="test_read_format_cpio_filename_eucJP_UTF8" hash="7415384226359926069"></source>
			<source file="../../workspace/dataset/test/test_read_format_zip_filename.c.ifdefed" startline="362" endline="411" function="test_read_format_zip_filename_CP866_UTF8" hash="-7889054786042833384"></source>
			<source file="../../workspace/dataset/test/test_read_format_cpio_filename.c.ifdefed" startline="532" endline="580" function="test_read_format_cpio_filename_eucJP_CP932" hash="-1829583936072765519"></source>
			<source file="../../workspace/dataset/test/test_read_format_cpio_filename.c.ifdefed" startline="177" endline="227" function="test_read_format_cpio_filename_CP866_KOI8R" hash="4312728397845078226"></source>
			<source file="../../workspace/dataset/test/test_read_format_cpio_filename.c.ifdefed" startline="633" endline="683" function="test_read_format_cpio_filename_CP866_CP1251" hash="4202585689305209320"></source>
			<source file="../../workspace/dataset/test/test_read_format_cpio_filename.c.ifdefed" startline="435" endline="485" function="test_read_format_cpio_filename_UTF8_CP866" hash="-5201946083119688737"></source>
			<source file="../../workspace/dataset/test/test_read_format_zip_filename.c.ifdefed" startline="804" endline="854" function="test_read_format_zip_filename_CP866_CP1251" hash="-5878026301917118966"></source>
			<source file="../../workspace/dataset/test/test_read_format_cpio_filename.c.ifdefed" startline="280" endline="330" function="test_read_format_cpio_filename_KOI8R_CP866" hash="-7025608799261056394"></source>
			<source file="../../workspace/dataset/test/test_read_format_cpio_filename.c.ifdefed" startline="383" endline="433" function="test_read_format_cpio_filename_UTF8_KOI8R" hash="-4931170574061571101"></source>
			<source file="../../workspace/dataset/test/test_read_format_zip_filename.c.ifdefed" startline="907" endline="957" function="test_read_format_zip_filename_KOI8R_CP1251" hash="2712819448123426530"></source>
			<source file="../../workspace/dataset/test/test_read_format_cpio_filename.c.ifdefed" startline="736" endline="786" function="test_read_format_cpio_filename_KOI8R_CP1251" hash="9081991525505124184"></source>
			<source file="../../workspace/dataset/test/test_read_format_zip_filename.c.ifdefed" startline="310" endline="360" function="test_read_format_zip_filename_CP866_KOI8R" hash="6592164489253089082"></source>
			<source file="../../workspace/dataset/test/test_read_format_cpio_filename.c.ifdefed" startline="788" endline="838" function="test_read_format_cpio_filename_UTF8_CP1251" hash="-5061224460085089205"></source>
			<source file="../../workspace/dataset/test/test_read_format_zip_filename.c.ifdefed" startline="413" endline="463" function="test_read_format_zip_filename_KOI8R_CP866" hash="2926160726660964650"></source>
			<source file="../../workspace/dataset/test/test_read_format_gtar_filename.c.ifdefed" startline="439" endline="489" function="test_read_format_gtar_filename_KOI8R_CP1251" hash="-1961983828692610995"></source>
			<source file="../../workspace/dataset/test/test_read_format_ustar_filename.c.ifdefed" startline="183" endline="233" function="test_read_format_ustar_filename_KOI8R_CP866" hash="4398825177393493444"></source>
			<source file="../../workspace/dataset/test/test_read_format_ustar_filename.c.ifdefed" startline="132" endline="181" function="test_read_format_ustar_filename_CP866_UTF8" hash="-4301690462607279982"></source>
			<source file="../../workspace/dataset/test/test_read_format_gtar_filename.c.ifdefed" startline="235" endline="284" function="test_read_format_gtar_filename_KOI8R_UTF8" hash="-6876914422278284351"></source>
			<source file="../../workspace/dataset/test/test_read_format_gtar_filename.c.ifdefed" startline="132" endline="181" function="test_read_format_gtar_filename_CP866_UTF8" hash="-4950037585010431229"></source>
			<source file="../../workspace/dataset/test/test_read_format_ustar_filename.c.ifdefed" startline="235" endline="284" function="test_read_format_ustar_filename_KOI8R_UTF8" hash="-2332195184950766756"></source>
			<source file="../../workspace/dataset/test/test_read_format_zip_filename.c.ifdefed" startline="633" endline="678" function="test_read_format_zip_filename_UTF8_UTF8_ru" hash="4488676980199909659"></source>
			<source file="../../workspace/dataset/test/test_read_format_ustar_filename.c.ifdefed" startline="439" endline="489" function="test_read_format_ustar_filename_KOI8R_CP1251" hash="-4075396790488849656"></source>
			<source file="../../workspace/dataset/test/test_read_format_gtar_filename.c.ifdefed" startline="183" endline="233" function="test_read_format_gtar_filename_KOI8R_CP866" hash="-246862080494170751"></source>
			<source file="../../workspace/dataset/test/test_read_format_cpio_filename.c.ifdefed" startline="487" endline="530" function="test_read_format_cpio_filename_UTF8_UTF8_ru" hash="-1633350960322644175"></source>
			<source file="../../workspace/dataset/test/test_read_format_gtar_filename.c.ifdefed" startline="80" endline="130" function="test_read_format_gtar_filename_CP866_KOI8R" hash="496295492441128893"></source>
			<source file="../../workspace/dataset/test/test_read_format_ustar_filename.c.ifdefed" startline="336" endline="386" function="test_read_format_ustar_filename_CP866_CP1251" hash="4587227081487094472"></source>
			<source file="../../workspace/dataset/test/test_read_format_gtar_filename.c.ifdefed" startline="336" endline="386" function="test_read_format_gtar_filename_CP866_CP1251" hash="6725901449361543985"></source>
			<source file="../../workspace/dataset/test/test_read_format_ustar_filename.c.ifdefed" startline="80" endline="130" function="test_read_format_ustar_filename_CP866_KOI8R" hash="5290059353504608004"></source>
			<source file="../../workspace/dataset/test/test_read_format_cpio_filename.c.ifdefed" startline="582" endline="631" function="test_read_format_cpio_filename_UTF8_CP932" hash="5806410509576376237"></source>
			<source file="../../workspace/dataset/test/test_read_format_gtar_filename.c.ifdefed" startline="286" endline="334" function="test_read_format_gtar_filename_eucJP_CP932" hash="125869628612465124"></source>
			<source file="../../workspace/dataset/test/test_read_format_cpio_filename.c.ifdefed" startline="80" endline="129" function="test_read_format_cpio_filename_UTF8_eucJP" hash="-1669200520076227667"></source>
			<source file="../../workspace/dataset/test/test_read_format_gtar_filename.c.ifdefed" startline="30" endline="78" function="test_read_format_gtar_filename_eucJP_UTF8" hash="-2543896535514683626"></source>
			<source file="../../workspace/dataset/test/test_read_format_ustar_filename.c.ifdefed" startline="286" endline="334" function="test_read_format_ustar_filename_eucJP_CP932" hash="2116780102535733363"></source>
			<source file="../../workspace/dataset/test/test_read_format_cpio_filename.c.ifdefed" startline="131" endline="175" function="test_read_format_cpio_filename_UTF8_UTF8_jp" hash="3048574131625828887"></source>
			<source file="../../workspace/dataset/test/test_read_format_ustar_filename.c.ifdefed" startline="30" endline="78" function="test_read_format_ustar_filename_eucJP_UTF8" hash="-3910162390002652083"></source>
			<source file="../../workspace/dataset/test/test_read_format_zip_filename.c.ifdefed" startline="516" endline="571" function="test_read_format_zip_filename_UTF8_KOI8R" hash="8997552965039552121"></source>
			<source file="../../workspace/dataset/test/test_read_format_cpio_filename.c.ifdefed" startline="691" endline="734" function="test_read_format_cpio_filename_CP866_CP1251_win" hash="-1726764330813898494"></source>
			<source file="../../workspace/dataset/test/test_read_format_zip_filename.c.ifdefed" startline="959" endline="1016" function="test_read_format_zip_filename_UTF8_CP1251" hash="3148976094821896872"></source>
			<source file="../../workspace/dataset/test/test_read_format_zip_filename.c.ifdefed" startline="573" endline="631" function="test_read_format_zip_filename_UTF8_CP866" hash="-8612054971423291490"></source>
			<source file="../../workspace/dataset/test/test_read_format_zip_filename.c.ifdefed" startline="862" endline="905" function="test_read_format_zip_filename_CP866_CP1251_win" hash="8338788804830811636"></source>
			<source file="../../workspace/dataset/test/test_read_format_ustar_filename.c.ifdefed" startline="394" endline="437" function="test_read_format_ustar_filename_CP866_CP1251_win" hash="-7917369537098737550"></source>
			<source file="../../workspace/dataset/test/test_read_format_gtar_filename.c.ifdefed" startline="394" endline="437" function="test_read_format_gtar_filename_CP866_CP1251_win" hash="-2765244453237871807"></source>
		</class>
	</version>
	<version nr="3350" hash="42b5086d" evolution="Same" change="Same">
		<class nclones="51">
			<source file="../../workspace/dataset/test/test_read_format_zip_filename.c.ifdefed" startline="30" endline="81" function="test_read_format_zip_filename_CP932_eucJP" hash="3975246385547588064"></source>
			<source file="../../workspace/dataset/test/test_read_format_cab_filename.c.ifdefed" startline="83" endline="155" function="test_read_format_cab_filename_CP932_UTF8" hash="-3439313055150606333"></source>
			<source file="../../workspace/dataset/test/test_read_format_cab_filename.c.ifdefed" startline="30" endline="81" function="test_read_format_cab_filename_CP932_eucJP" hash="4801926081503381479"></source>
			<source file="../../workspace/dataset/test/test_read_format_zip_filename.c.ifdefed" startline="680" endline="732" function="test_read_format_zip_filename_CP932_CP932" hash="-8891005562729532717"></source>
			<source file="../../workspace/dataset/test/test_read_format_zip_filename.c.ifdefed" startline="83" endline="154" function="test_read_format_zip_filename_CP932_UTF8" hash="3806065604627526257"></source>
			<source file="../../workspace/dataset/test/test_read_format_cpio_filename.c.ifdefed" startline="532" endline="580" function="test_read_format_cpio_filename_eucJP_CP932" hash="-1829583936072765519"></source>
			<source file="../../workspace/dataset/test/test_read_format_cpio_filename.c.ifdefed" startline="229" endline="278" function="test_read_format_cpio_filename_CP866_UTF8" hash="-7433140412183144894"></source>
			<source file="../../workspace/dataset/test/test_read_format_cpio_filename.c.ifdefed" startline="332" endline="381" function="test_read_format_cpio_filename_KOI8R_UTF8" hash="-4416308213428185780"></source>
			<source file="../../workspace/dataset/test/test_read_format_cpio_filename.c.ifdefed" startline="30" endline="78" function="test_read_format_cpio_filename_eucJP_UTF8" hash="7415384226359926069"></source>
			<source file="../../workspace/dataset/test/test_read_format_zip_filename.c.ifdefed" startline="465" endline="514" function="test_read_format_zip_filename_KOI8R_UTF8" hash="3783510594824035702"></source>
			<source file="../../workspace/dataset/test/test_read_format_zip_filename.c.ifdefed" startline="362" endline="411" function="test_read_format_zip_filename_CP866_UTF8" hash="-7889054786042833384"></source>
			<source file="../../workspace/dataset/test/test_read_format_zip_filename.c.ifdefed" startline="223" endline="308" function="test_read_format_zip_filename_UTF8_UTF8" hash="4994459770470377849"></source>
			<source file="../../workspace/dataset/test/test_read_format_cpio_filename.c.ifdefed" startline="80" endline="129" function="test_read_format_cpio_filename_UTF8_eucJP" hash="-1669200520076227667"></source>
			<source file="../../workspace/dataset/test/test_read_format_cpio_filename.c.ifdefed" startline="582" endline="631" function="test_read_format_cpio_filename_UTF8_CP932" hash="5806410509576376237"></source>
			<source file="../../workspace/dataset/test/test_read_format_ustar_filename.c.ifdefed" startline="286" endline="334" function="test_read_format_ustar_filename_eucJP_CP932" hash="2116780102535733363"></source>
			<source file="../../workspace/dataset/test/test_read_format_gtar_filename.c.ifdefed" startline="286" endline="334" function="test_read_format_gtar_filename_eucJP_CP932" hash="125869628612465124"></source>
			<source file="../../workspace/dataset/test/test_read_format_ustar_filename.c.ifdefed" startline="30" endline="78" function="test_read_format_ustar_filename_eucJP_UTF8" hash="-3910162390002652083"></source>
			<source file="../../workspace/dataset/test/test_read_format_gtar_filename.c.ifdefed" startline="30" endline="78" function="test_read_format_gtar_filename_eucJP_UTF8" hash="-2543896535514683626"></source>
			<source file="../../workspace/dataset/test/test_read_format_cpio_filename.c.ifdefed" startline="736" endline="786" function="test_read_format_cpio_filename_KOI8R_CP1251" hash="9081991525505124184"></source>
			<source file="../../workspace/dataset/test/test_read_format_cpio_filename.c.ifdefed" startline="383" endline="433" function="test_read_format_cpio_filename_UTF8_KOI8R" hash="-4931170574061571101"></source>
			<source file="../../workspace/dataset/test/test_read_format_cpio_filename.c.ifdefed" startline="177" endline="227" function="test_read_format_cpio_filename_CP866_KOI8R" hash="4312728397845078226"></source>
			<source file="../../workspace/dataset/test/test_read_format_cpio_filename.c.ifdefed" startline="788" endline="838" function="test_read_format_cpio_filename_UTF8_CP1251" hash="-5061224460085089205"></source>
			<source file="../../workspace/dataset/test/test_read_format_cpio_filename.c.ifdefed" startline="280" endline="330" function="test_read_format_cpio_filename_KOI8R_CP866" hash="-7025608799261056394"></source>
			<source file="../../workspace/dataset/test/test_read_format_gtar_filename.c.ifdefed" startline="235" endline="284" function="test_read_format_gtar_filename_KOI8R_UTF8" hash="-6876914422278284351"></source>
			<source file="../../workspace/dataset/test/test_read_format_ustar_filename.c.ifdefed" startline="336" endline="386" function="test_read_format_ustar_filename_CP866_CP1251" hash="4587227081487094472"></source>
			<source file="../../workspace/dataset/test/test_read_format_cpio_filename.c.ifdefed" startline="435" endline="485" function="test_read_format_cpio_filename_UTF8_CP866" hash="-5201946083119688737"></source>
			<source file="../../workspace/dataset/test/test_read_format_ustar_filename.c.ifdefed" startline="235" endline="284" function="test_read_format_ustar_filename_KOI8R_UTF8" hash="-2332195184950766756"></source>
			<source file="../../workspace/dataset/test/test_read_format_zip_filename.c.ifdefed" startline="413" endline="463" function="test_read_format_zip_filename_KOI8R_CP866" hash="2926160726660964650"></source>
			<source file="../../workspace/dataset/test/test_read_format_cpio_filename.c.ifdefed" startline="633" endline="683" function="test_read_format_cpio_filename_CP866_CP1251" hash="4202585689305209320"></source>
			<source file="../../workspace/dataset/test/test_read_format_ustar_filename.c.ifdefed" startline="132" endline="181" function="test_read_format_ustar_filename_CP866_UTF8" hash="-4301690462607279982"></source>
			<source file="../../workspace/dataset/test/test_read_format_zip_filename.c.ifdefed" startline="633" endline="678" function="test_read_format_zip_filename_UTF8_UTF8_ru" hash="4488676980199909659"></source>
			<source file="../../workspace/dataset/test/test_read_format_ustar_filename.c.ifdefed" startline="80" endline="130" function="test_read_format_ustar_filename_CP866_KOI8R" hash="5290059353504608004"></source>
			<source file="../../workspace/dataset/test/test_read_format_zip_filename.c.ifdefed" startline="907" endline="957" function="test_read_format_zip_filename_KOI8R_CP1251" hash="2712819448123426530"></source>
			<source file="../../workspace/dataset/test/test_read_format_gtar_filename.c.ifdefed" startline="336" endline="386" function="test_read_format_gtar_filename_CP866_CP1251" hash="6725901449361543985"></source>
			<source file="../../workspace/dataset/test/test_read_format_cpio_filename.c.ifdefed" startline="487" endline="530" function="test_read_format_cpio_filename_UTF8_UTF8_ru" hash="-1633350960322644175"></source>
			<source file="../../workspace/dataset/test/test_read_format_gtar_filename.c.ifdefed" startline="132" endline="181" function="test_read_format_gtar_filename_CP866_UTF8" hash="-4950037585010431229"></source>
			<source file="../../workspace/dataset/test/test_read_format_zip_filename.c.ifdefed" startline="310" endline="360" function="test_read_format_zip_filename_CP866_KOI8R" hash="6592164489253089082"></source>
			<source file="../../workspace/dataset/test/test_read_format_gtar_filename.c.ifdefed" startline="80" endline="130" function="test_read_format_gtar_filename_CP866_KOI8R" hash="496295492441128893"></source>
			<source file="../../workspace/dataset/test/test_read_format_zip_filename.c.ifdefed" startline="804" endline="854" function="test_read_format_zip_filename_CP866_CP1251" hash="-5878026301917118966"></source>
			<source file="../../workspace/dataset/test/test_read_format_gtar_filename.c.ifdefed" startline="439" endline="489" function="test_read_format_gtar_filename_KOI8R_CP1251" hash="-1961983828692610995"></source>
			<source file="../../workspace/dataset/test/test_read_format_ustar_filename.c.ifdefed" startline="183" endline="233" function="test_read_format_ustar_filename_KOI8R_CP866" hash="4398825177393493444"></source>
			<source file="../../workspace/dataset/test/test_read_format_gtar_filename.c.ifdefed" startline="183" endline="233" function="test_read_format_gtar_filename_KOI8R_CP866" hash="-246862080494170751"></source>
			<source file="../../workspace/dataset/test/test_read_format_ustar_filename.c.ifdefed" startline="439" endline="489" function="test_read_format_ustar_filename_KOI8R_CP1251" hash="-4075396790488849656"></source>
			<source file="../../workspace/dataset/test/test_read_format_cpio_filename.c.ifdefed" startline="131" endline="175" function="test_read_format_cpio_filename_UTF8_UTF8_jp" hash="3048574131625828887"></source>
			<source file="../../workspace/dataset/test/test_read_format_zip_filename.c.ifdefed" startline="959" endline="1016" function="test_read_format_zip_filename_UTF8_CP1251" hash="3148976094821896872"></source>
			<source file="../../workspace/dataset/test/test_read_format_cpio_filename.c.ifdefed" startline="691" endline="734" function="test_read_format_cpio_filename_CP866_CP1251_win" hash="-1726764330813898494"></source>
			<source file="../../workspace/dataset/test/test_read_format_zip_filename.c.ifdefed" startline="516" endline="571" function="test_read_format_zip_filename_UTF8_KOI8R" hash="8997552965039552121"></source>
			<source file="../../workspace/dataset/test/test_read_format_zip_filename.c.ifdefed" startline="573" endline="631" function="test_read_format_zip_filename_UTF8_CP866" hash="-8612054971423291490"></source>
			<source file="../../workspace/dataset/test/test_read_format_ustar_filename.c.ifdefed" startline="394" endline="437" function="test_read_format_ustar_filename_CP866_CP1251_win" hash="-7917369537098737550"></source>
			<source file="../../workspace/dataset/test/test_read_format_zip_filename.c.ifdefed" startline="862" endline="905" function="test_read_format_zip_filename_CP866_CP1251_win" hash="8338788804830811636"></source>
			<source file="../../workspace/dataset/test/test_read_format_gtar_filename.c.ifdefed" startline="394" endline="437" function="test_read_format_gtar_filename_CP866_CP1251_win" hash="-2765244453237871807"></source>
		</class>
	</version>
	<version nr="3360" hash="7a90710e" evolution="Same" change="Inconsistent">
		<class nclones="51">
			<source file="../../workspace/dataset/test/test_read_format_zip_filename.c.ifdefed" startline="30" endline="87" function="test_read_format_zip_filename_CP932_eucJP" hash="-3073742724430558231"></source>
			<source file="../../workspace/dataset/test/test_read_format_zip_filename.c.ifdefed" startline="89" endline="164" function="test_read_format_zip_filename_CP932_UTF8" hash="-5411839968509552649"></source>
			<source file="../../workspace/dataset/test/test_read_format_cab_filename.c.ifdefed" startline="30" endline="85" function="test_read_format_cab_filename_CP932_eucJP" hash="-8193011489976998053"></source>
			<source file="../../workspace/dataset/test/test_read_format_zip_filename.c.ifdefed" startline="730" endline="786" function="test_read_format_zip_filename_CP932_CP932" hash="-2081945229953944345"></source>
			<source file="../../workspace/dataset/test/test_read_format_zip_filename.c.ifdefed" startline="239" endline="330" function="test_read_format_zip_filename_UTF8_UTF8" hash="-5420951119299740482"></source>
			<source file="../../workspace/dataset/test/test_read_format_zip_filename.c.ifdefed" startline="443" endline="497" function="test_read_format_zip_filename_KOI8R_CP866" hash="-4302226621758806274"></source>
			<source file="../../workspace/dataset/test/test_read_format_zip_filename.c.ifdefed" startline="499" endline="552" function="test_read_format_zip_filename_KOI8R_UTF8" hash="5492674862065045714"></source>
			<source file="../../workspace/dataset/test/test_read_format_zip_filename.c.ifdefed" startline="975" endline="1029" function="test_read_format_zip_filename_KOI8R_CP1251" hash="-947485777642758986"></source>
			<source file="../../workspace/dataset/test/test_read_format_cab_filename.c.ifdefed" startline="87" endline="163" function="test_read_format_cab_filename_CP932_UTF8" hash="-1608430449940027619"></source>
			<source file="../../workspace/dataset/test/test_read_format_zip_filename.c.ifdefed" startline="864" endline="918" function="test_read_format_zip_filename_CP866_CP1251" hash="-8207111978920367194"></source>
			<source file="../../workspace/dataset/test/test_read_format_zip_filename.c.ifdefed" startline="332" endline="386" function="test_read_format_zip_filename_CP866_KOI8R" hash="-1543674314966996962"></source>
			<source file="../../workspace/dataset/test/test_read_format_zip_filename.c.ifdefed" startline="388" endline="441" function="test_read_format_zip_filename_CP866_UTF8" hash="4424880152223294776"></source>
			<source file="../../workspace/dataset/test/test_read_format_zip_filename.c.ifdefed" startline="615" endline="677" function="test_read_format_zip_filename_UTF8_CP866" hash="5263823246209342746"></source>
			<source file="../../workspace/dataset/test/test_read_format_ustar_filename.c.ifdefed" startline="194" endline="248" function="test_read_format_ustar_filename_KOI8R_CP866" hash="4533672912891759428"></source>
			<source file="../../workspace/dataset/test/test_read_format_cpio_filename.c.ifdefed" startline="284" endline="334" function="test_read_format_cpio_filename_KOI8R_CP866" hash="-7025608799261056394"></source>
			<source file="../../workspace/dataset/test/test_read_format_gtar_filename.c.ifdefed" startline="185" endline="235" function="test_read_format_gtar_filename_KOI8R_CP866" hash="-246862080494170751"></source>
			<source file="../../workspace/dataset/test/test_read_format_ustar_filename.c.ifdefed" startline="250" endline="303" function="test_read_format_ustar_filename_KOI8R_UTF8" hash="1409193329832710460"></source>
			<source file="../../workspace/dataset/test/test_read_format_ustar_filename.c.ifdefed" startline="139" endline="192" function="test_read_format_ustar_filename_CP866_UTF8" hash="-3497411295408107902"></source>
			<source file="../../workspace/dataset/test/test_read_format_gtar_filename.c.ifdefed" startline="237" endline="286" function="test_read_format_gtar_filename_KOI8R_UTF8" hash="-6876914422278284351"></source>
			<source file="../../workspace/dataset/test/test_read_format_cpio_filename.c.ifdefed" startline="336" endline="385" function="test_read_format_cpio_filename_KOI8R_UTF8" hash="-4416308213428185780"></source>
			<source file="../../workspace/dataset/test/test_read_format_zip_filename.c.ifdefed" startline="679" endline="728" function="test_read_format_zip_filename_UTF8_UTF8_ru" hash="755490085650332063"></source>
			<source file="../../workspace/dataset/test/test_read_format_ustar_filename.c.ifdefed" startline="470" endline="524" function="test_read_format_ustar_filename_KOI8R_CP1251" hash="-155672902965366392"></source>
			<source file="../../workspace/dataset/test/test_read_format_ustar_filename.c.ifdefed" startline="359" endline="413" function="test_read_format_ustar_filename_CP866_CP1251" hash="1190043295236487704"></source>
			<source file="../../workspace/dataset/test/test_read_format_cpio_filename.c.ifdefed" startline="740" endline="790" function="test_read_format_cpio_filename_KOI8R_CP1251" hash="9081991525505124184"></source>
			<source file="../../workspace/dataset/test/test_read_format_gtar_filename.c.ifdefed" startline="441" endline="491" function="test_read_format_gtar_filename_KOI8R_CP1251" hash="-1961983828692610995"></source>
			<source file="../../workspace/dataset/test/test_read_format_zip_filename.c.ifdefed" startline="1031" endline="1092" function="test_read_format_zip_filename_UTF8_CP1251" hash="-1006909510258042512"></source>
			<source file="../../workspace/dataset/test/test_read_format_cpio_filename.c.ifdefed" startline="30" endline="82" function="test_read_format_cpio_filename_eucJP_UTF8" hash="7358591307870270799"></source>
			<source file="../../workspace/dataset/test/test_read_format_gtar_filename.c.ifdefed" startline="338" endline="388" function="test_read_format_gtar_filename_CP866_CP1251" hash="6725901449361543985"></source>
			<source file="../../workspace/dataset/test/test_read_format_cpio_filename.c.ifdefed" startline="792" endline="842" function="test_read_format_cpio_filename_UTF8_CP1251" hash="-5061224460085089205"></source>
			<source file="../../workspace/dataset/test/test_read_format_cpio_filename.c.ifdefed" startline="637" endline="687" function="test_read_format_cpio_filename_CP866_CP1251" hash="4202585689305209320"></source>
			<source file="../../workspace/dataset/test/test_read_format_zip_filename.c.ifdefed" startline="926" endline="973" function="test_read_format_zip_filename_CP866_CP1251_win" hash="-3847381059453844020"></source>
			<source file="../../workspace/dataset/test/test_read_format_zip_filename.c.ifdefed" startline="554" endline="613" function="test_read_format_zip_filename_UTF8_KOI8R" hash="4329854035695867813"></source>
			<source file="../../workspace/dataset/test/test_read_format_ustar_filename.c.ifdefed" startline="84" endline="137" function="test_read_format_ustar_filename_CP866_KOI8R" hash="-2224580235555239984"></source>
			<source file="../../workspace/dataset/test/test_read_format_gtar_filename.c.ifdefed" startline="82" endline="132" function="test_read_format_gtar_filename_CP866_KOI8R" hash="496295492441128893"></source>
			<source file="../../workspace/dataset/test/test_read_format_cpio_filename.c.ifdefed" startline="387" endline="437" function="test_read_format_cpio_filename_UTF8_KOI8R" hash="-4931170574061571101"></source>
			<source file="../../workspace/dataset/test/test_read_format_cpio_filename.c.ifdefed" startline="181" endline="231" function="test_read_format_cpio_filename_CP866_KOI8R" hash="4312728397845078226"></source>
			<source file="../../workspace/dataset/test/test_read_format_cpio_filename.c.ifdefed" startline="233" endline="282" function="test_read_format_cpio_filename_CP866_UTF8" hash="-7433140412183144894"></source>
			<source file="../../workspace/dataset/test/test_read_format_gtar_filename.c.ifdefed" startline="134" endline="183" function="test_read_format_gtar_filename_CP866_UTF8" hash="-4950037585010431229"></source>
			<source file="../../workspace/dataset/test/test_read_format_cpio_filename.c.ifdefed" startline="439" endline="489" function="test_read_format_cpio_filename_UTF8_CP866" hash="-5201946083119688737"></source>
			<source file="../../workspace/dataset/test/test_read_format_ustar_filename.c.ifdefed" startline="305" endline="357" function="test_read_format_ustar_filename_eucJP_CP932" hash="1629150743429068977"></source>
			<source file="../../workspace/dataset/test/test_read_format_ustar_filename.c.ifdefed" startline="30" endline="82" function="test_read_format_ustar_filename_eucJP_UTF8" hash="6912601857966989287"></source>
			<source file="../../workspace/dataset/test/test_read_format_gtar_filename.c.ifdefed" startline="30" endline="80" function="test_read_format_gtar_filename_eucJP_UTF8" hash="905113584965289323"></source>
			<source file="../../workspace/dataset/test/test_read_format_cpio_filename.c.ifdefed" startline="491" endline="534" function="test_read_format_cpio_filename_UTF8_UTF8_ru" hash="-1633350960322644175"></source>
			<source file="../../workspace/dataset/test/test_read_format_ustar_filename.c.ifdefed" startline="421" endline="468" function="test_read_format_ustar_filename_CP866_CP1251_win" hash="4227398884153130314"></source>
			<source file="../../workspace/dataset/test/test_read_format_cpio_filename.c.ifdefed" startline="695" endline="738" function="test_read_format_cpio_filename_CP866_CP1251_win" hash="-1726764330813898494"></source>
			<source file="../../workspace/dataset/test/test_read_format_gtar_filename.c.ifdefed" startline="396" endline="439" function="test_read_format_gtar_filename_CP866_CP1251_win" hash="-2765244453237871807"></source>
			<source file="../../workspace/dataset/test/test_read_format_cpio_filename.c.ifdefed" startline="536" endline="584" function="test_read_format_cpio_filename_eucJP_CP932" hash="-1829583936072765519"></source>
			<source file="../../workspace/dataset/test/test_read_format_gtar_filename.c.ifdefed" startline="288" endline="336" function="test_read_format_gtar_filename_eucJP_CP932" hash="125869628612465124"></source>
			<source file="../../workspace/dataset/test/test_read_format_cpio_filename.c.ifdefed" startline="586" endline="635" function="test_read_format_cpio_filename_UTF8_CP932" hash="5806410509576376237"></source>
			<source file="../../workspace/dataset/test/test_read_format_cpio_filename.c.ifdefed" startline="135" endline="179" function="test_read_format_cpio_filename_UTF8_UTF8_jp" hash="3048574131625828887"></source>
			<source file="../../workspace/dataset/test/test_read_format_cpio_filename.c.ifdefed" startline="84" endline="133" function="test_read_format_cpio_filename_UTF8_eucJP" hash="-1669200520076227667"></source>
		</class>
	</version>
	<version nr="3450" hash="fa9e61aa" evolution="Same" change="Same">
		<class nclones="51">
			<source file="../../workspace/dataset/test/test_read_format_zip_filename.c.ifdefed" startline="30" endline="87" function="test_read_format_zip_filename_CP932_eucJP" hash="-3073742724430558231"></source>
			<source file="../../workspace/dataset/test/test_read_format_zip_filename.c.ifdefed" startline="89" endline="164" function="test_read_format_zip_filename_CP932_UTF8" hash="-5411839968509552649"></source>
			<source file="../../workspace/dataset/test/test_read_format_cab_filename.c.ifdefed" startline="30" endline="85" function="test_read_format_cab_filename_CP932_eucJP" hash="-8193011489976998053"></source>
			<source file="../../workspace/dataset/test/test_read_format_zip_filename.c.ifdefed" startline="730" endline="786" function="test_read_format_zip_filename_CP932_CP932" hash="-2081945229953944345"></source>
			<source file="../../workspace/dataset/test/test_read_format_zip_filename.c.ifdefed" startline="239" endline="330" function="test_read_format_zip_filename_UTF8_UTF8" hash="-5420951119299740482"></source>
			<source file="../../workspace/dataset/test/test_read_format_cab_filename.c.ifdefed" startline="87" endline="163" function="test_read_format_cab_filename_CP932_UTF8" hash="-1608430449940027619"></source>
			<source file="../../workspace/dataset/test/test_read_format_zip_filename.c.ifdefed" startline="864" endline="918" function="test_read_format_zip_filename_CP866_CP1251" hash="-8207111978920367194"></source>
			<source file="../../workspace/dataset/test/test_read_format_zip_filename.c.ifdefed" startline="388" endline="441" function="test_read_format_zip_filename_CP866_UTF8" hash="4424880152223294776"></source>
			<source file="../../workspace/dataset/test/test_read_format_zip_filename.c.ifdefed" startline="443" endline="497" function="test_read_format_zip_filename_KOI8R_CP866" hash="-4302226621758806274"></source>
			<source file="../../workspace/dataset/test/test_read_format_zip_filename.c.ifdefed" startline="975" endline="1029" function="test_read_format_zip_filename_KOI8R_CP1251" hash="-947485777642758986"></source>
			<source file="../../workspace/dataset/test/test_read_format_zip_filename.c.ifdefed" startline="499" endline="552" function="test_read_format_zip_filename_KOI8R_UTF8" hash="5492674862065045714"></source>
			<source file="../../workspace/dataset/test/test_read_format_zip_filename.c.ifdefed" startline="332" endline="386" function="test_read_format_zip_filename_CP866_KOI8R" hash="-1543674314966996962"></source>
			<source file="../../workspace/dataset/test/test_read_format_cpio_filename.c.ifdefed" startline="30" endline="82" function="test_read_format_cpio_filename_eucJP_UTF8" hash="7358591307870270799"></source>
			<source file="../../workspace/dataset/test/test_read_format_cpio_filename.c.ifdefed" startline="637" endline="687" function="test_read_format_cpio_filename_CP866_CP1251" hash="4202585689305209320"></source>
			<source file="../../workspace/dataset/test/test_read_format_cpio_filename.c.ifdefed" startline="740" endline="790" function="test_read_format_cpio_filename_KOI8R_CP1251" hash="9081991525505124184"></source>
			<source file="../../workspace/dataset/test/test_read_format_zip_filename.c.ifdefed" startline="1031" endline="1092" function="test_read_format_zip_filename_UTF8_CP1251" hash="-1006909510258042512"></source>
			<source file="../../workspace/dataset/test/test_read_format_cpio_filename.c.ifdefed" startline="792" endline="842" function="test_read_format_cpio_filename_UTF8_CP1251" hash="-5061224460085089205"></source>
			<source file="../../workspace/dataset/test/test_read_format_gtar_filename.c.ifdefed" startline="338" endline="388" function="test_read_format_gtar_filename_CP866_CP1251" hash="6725901449361543985"></source>
			<source file="../../workspace/dataset/test/test_read_format_ustar_filename.c.ifdefed" startline="470" endline="524" function="test_read_format_ustar_filename_KOI8R_CP1251" hash="-155672902965366392"></source>
			<source file="../../workspace/dataset/test/test_read_format_zip_filename.c.ifdefed" startline="926" endline="973" function="test_read_format_zip_filename_CP866_CP1251_win" hash="-3847381059453844020"></source>
			<source file="../../workspace/dataset/test/test_read_format_ustar_filename.c.ifdefed" startline="359" endline="413" function="test_read_format_ustar_filename_CP866_CP1251" hash="1190043295236487704"></source>
			<source file="../../workspace/dataset/test/test_read_format_ustar_filename.c.ifdefed" startline="250" endline="303" function="test_read_format_ustar_filename_KOI8R_UTF8" hash="1409193329832710460"></source>
			<source file="../../workspace/dataset/test/test_read_format_gtar_filename.c.ifdefed" startline="134" endline="183" function="test_read_format_gtar_filename_CP866_UTF8" hash="-4950037585010431229"></source>
			<source file="../../workspace/dataset/test/test_read_format_cpio_filename.c.ifdefed" startline="233" endline="282" function="test_read_format_cpio_filename_CP866_UTF8" hash="-7433140412183144894"></source>
			<source file="../../workspace/dataset/test/test_read_format_ustar_filename.c.ifdefed" startline="139" endline="192" function="test_read_format_ustar_filename_CP866_UTF8" hash="-3497411295408107902"></source>
			<source file="../../workspace/dataset/test/test_read_format_cpio_filename.c.ifdefed" startline="336" endline="385" function="test_read_format_cpio_filename_KOI8R_UTF8" hash="-4416308213428185780"></source>
			<source file="../../workspace/dataset/test/test_read_format_zip_filename.c.ifdefed" startline="679" endline="728" function="test_read_format_zip_filename_UTF8_UTF8_ru" hash="755490085650332063"></source>
			<source file="../../workspace/dataset/test/test_read_format_zip_filename.c.ifdefed" startline="615" endline="677" function="test_read_format_zip_filename_UTF8_CP866" hash="5263823246209342746"></source>
			<source file="../../workspace/dataset/test/test_read_format_ustar_filename.c.ifdefed" startline="194" endline="248" function="test_read_format_ustar_filename_KOI8R_CP866" hash="4533672912891759428"></source>
			<source file="../../workspace/dataset/test/test_read_format_gtar_filename.c.ifdefed" startline="185" endline="235" function="test_read_format_gtar_filename_KOI8R_CP866" hash="-246862080494170751"></source>
			<source file="../../workspace/dataset/test/test_read_format_cpio_filename.c.ifdefed" startline="284" endline="334" function="test_read_format_cpio_filename_KOI8R_CP866" hash="-7025608799261056394"></source>
			<source file="../../workspace/dataset/test/test_read_format_gtar_filename.c.ifdefed" startline="441" endline="491" function="test_read_format_gtar_filename_KOI8R_CP1251" hash="-1961983828692610995"></source>
			<source file="../../workspace/dataset/test/test_read_format_gtar_filename.c.ifdefed" startline="237" endline="286" function="test_read_format_gtar_filename_KOI8R_UTF8" hash="-6876914422278284351"></source>
			<source file="../../workspace/dataset/test/test_read_format_ustar_filename.c.ifdefed" startline="84" endline="137" function="test_read_format_ustar_filename_CP866_KOI8R" hash="-2224580235555239984"></source>
			<source file="../../workspace/dataset/test/test_read_format_zip_filename.c.ifdefed" startline="554" endline="613" function="test_read_format_zip_filename_UTF8_KOI8R" hash="4329854035695867813"></source>
			<source file="../../workspace/dataset/test/test_read_format_gtar_filename.c.ifdefed" startline="82" endline="132" function="test_read_format_gtar_filename_CP866_KOI8R" hash="496295492441128893"></source>
			<source file="../../workspace/dataset/test/test_read_format_cpio_filename.c.ifdefed" startline="387" endline="437" function="test_read_format_cpio_filename_UTF8_KOI8R" hash="-4931170574061571101"></source>
			<source file="../../workspace/dataset/test/test_read_format_cpio_filename.c.ifdefed" startline="181" endline="231" function="test_read_format_cpio_filename_CP866_KOI8R" hash="4312728397845078226"></source>
			<source file="../../workspace/dataset/test/test_read_format_gtar_filename.c.ifdefed" startline="30" endline="80" function="test_read_format_gtar_filename_eucJP_UTF8" hash="905113584965289323"></source>
			<source file="../../workspace/dataset/test/test_read_format_ustar_filename.c.ifdefed" startline="305" endline="357" function="test_read_format_ustar_filename_eucJP_CP932" hash="1629150743429068977"></source>
			<source file="../../workspace/dataset/test/test_read_format_ustar_filename.c.ifdefed" startline="30" endline="82" function="test_read_format_ustar_filename_eucJP_UTF8" hash="6912601857966989287"></source>
			<source file="../../workspace/dataset/test/test_read_format_cpio_filename.c.ifdefed" startline="439" endline="489" function="test_read_format_cpio_filename_UTF8_CP866" hash="-5201946083119688737"></source>
			<source file="../../workspace/dataset/test/test_read_format_cpio_filename.c.ifdefed" startline="695" endline="738" function="test_read_format_cpio_filename_CP866_CP1251_win" hash="-1726764330813898494"></source>
			<source file="../../workspace/dataset/test/test_read_format_gtar_filename.c.ifdefed" startline="396" endline="439" function="test_read_format_gtar_filename_CP866_CP1251_win" hash="-2765244453237871807"></source>
			<source file="../../workspace/dataset/test/test_read_format_ustar_filename.c.ifdefed" startline="421" endline="468" function="test_read_format_ustar_filename_CP866_CP1251_win" hash="4227398884153130314"></source>
			<source file="../../workspace/dataset/test/test_read_format_cpio_filename.c.ifdefed" startline="491" endline="534" function="test_read_format_cpio_filename_UTF8_UTF8_ru" hash="-1633350960322644175"></source>
			<source file="../../workspace/dataset/test/test_read_format_gtar_filename.c.ifdefed" startline="288" endline="336" function="test_read_format_gtar_filename_eucJP_CP932" hash="125869628612465124"></source>
			<source file="../../workspace/dataset/test/test_read_format_cpio_filename.c.ifdefed" startline="586" endline="635" function="test_read_format_cpio_filename_UTF8_CP932" hash="5806410509576376237"></source>
			<source file="../../workspace/dataset/test/test_read_format_cpio_filename.c.ifdefed" startline="536" endline="584" function="test_read_format_cpio_filename_eucJP_CP932" hash="-1829583936072765519"></source>
			<source file="../../workspace/dataset/test/test_read_format_cpio_filename.c.ifdefed" startline="135" endline="179" function="test_read_format_cpio_filename_UTF8_UTF8_jp" hash="3048574131625828887"></source>
			<source file="../../workspace/dataset/test/test_read_format_cpio_filename.c.ifdefed" startline="84" endline="133" function="test_read_format_cpio_filename_UTF8_eucJP" hash="-1669200520076227667"></source>
		</class>
	</version>
	<version nr="3460" hash="1d2939fd" evolution="Same" change="Inconsistent">
		<class nclones="51">
			<source file="../../workspace/dataset/test/test_read_format_zip_filename.c.ifdefed" startline="30" endline="87" function="test_read_format_zip_filename_CP932_eucJP" hash="-3073742724430558231"></source>
			<source file="../../workspace/dataset/test/test_read_format_zip_filename.c.ifdefed" startline="730" endline="786" function="test_read_format_zip_filename_CP932_CP932" hash="-2081945229953944345"></source>
			<source file="../../workspace/dataset/test/test_read_format_cab_filename.c.ifdefed" startline="30" endline="85" function="test_read_format_cab_filename_CP932_eucJP" hash="-8193011489976998053"></source>
			<source file="../../workspace/dataset/test/test_read_format_zip_filename.c.ifdefed" startline="89" endline="164" function="test_read_format_zip_filename_CP932_UTF8" hash="-5411839968509552649"></source>
			<source file="../../workspace/dataset/test/test_read_format_zip_filename.c.ifdefed" startline="388" endline="441" function="test_read_format_zip_filename_CP866_UTF8" hash="4424880152223294776"></source>
			<source file="../../workspace/dataset/test/test_read_format_zip_filename.c.ifdefed" startline="332" endline="386" function="test_read_format_zip_filename_CP866_KOI8R" hash="-1543674314966996962"></source>
			<source file="../../workspace/dataset/test/test_read_format_zip_filename.c.ifdefed" startline="499" endline="552" function="test_read_format_zip_filename_KOI8R_UTF8" hash="5492674862065045714"></source>
			<source file="../../workspace/dataset/test/test_read_format_zip_filename.c.ifdefed" startline="864" endline="918" function="test_read_format_zip_filename_CP866_CP1251" hash="-8207111978920367194"></source>
			<source file="../../workspace/dataset/test/test_read_format_zip_filename.c.ifdefed" startline="443" endline="497" function="test_read_format_zip_filename_KOI8R_CP866" hash="-4302226621758806274"></source>
			<source file="../../workspace/dataset/test/test_read_format_zip_filename.c.ifdefed" startline="975" endline="1029" function="test_read_format_zip_filename_KOI8R_CP1251" hash="-947485777642758986"></source>
			<source file="../../workspace/dataset/test/test_read_format_cab_filename.c.ifdefed" startline="87" endline="163" function="test_read_format_cab_filename_CP932_UTF8" hash="-1608430449940027619"></source>
			<source file="../../workspace/dataset/test/test_read_format_zip_filename.c.ifdefed" startline="239" endline="330" function="test_read_format_zip_filename_UTF8_UTF8" hash="-5420951119299740482"></source>
			<source file="../../workspace/dataset/test/test_read_format_gtar_filename.c.ifdefed" startline="136" endline="186" function="DEFINE_TEST" hash="7024569170383296404"></source>
			<source file="../../workspace/dataset/test/test_read_format_zip_filename.c.ifdefed" startline="679" endline="728" function="test_read_format_zip_filename_UTF8_UTF8_ru" hash="755490085650332063"></source>
			<source file="../../workspace/dataset/test/test_read_format_ustar_filename.c.ifdefed" startline="250" endline="303" function="test_read_format_ustar_filename_KOI8R_UTF8" hash="1409193329832710460"></source>
			<source file="../../workspace/dataset/test/test_read_format_cpio_filename.c.ifdefed" startline="343" endline="393" function="DEFINE_TEST" hash="-3409679029154181398"></source>
			<source file="../../workspace/dataset/test/test_read_format_cpio_filename.c.ifdefed" startline="238" endline="288" function="DEFINE_TEST" hash="-7401343787605871120"></source>
			<source file="../../workspace/dataset/test/test_read_format_ustar_filename.c.ifdefed" startline="139" endline="192" function="test_read_format_ustar_filename_CP866_UTF8" hash="-3497411295408107902"></source>
			<source file="../../workspace/dataset/test/test_read_format_zip_filename.c.ifdefed" startline="554" endline="613" function="test_read_format_zip_filename_UTF8_KOI8R" hash="4329854035695867813"></source>
			<source file="../../workspace/dataset/test/test_read_format_gtar_filename.c.ifdefed" startline="83" endline="134" function="DEFINE_TEST" hash="-4462445969793222249"></source>
			<source file="../../workspace/dataset/test/test_read_format_cpio_filename.c.ifdefed" startline="395" endline="446" function="DEFINE_TEST" hash="-4281745263491548133"></source>
			<source file="../../workspace/dataset/test/test_read_format_ustar_filename.c.ifdefed" startline="84" endline="137" function="test_read_format_ustar_filename_CP866_KOI8R" hash="-2224580235555239984"></source>
			<source file="../../workspace/dataset/test/test_read_format_cpio_filename.c.ifdefed" startline="185" endline="236" function="DEFINE_TEST" hash="-1611402585311330069"></source>
			<source file="../../workspace/dataset/test/test_read_format_gtar_filename.c.ifdefed" startline="241" endline="291" function="DEFINE_TEST" hash="-2732391944870569934"></source>
			<source file="../../workspace/dataset/test/test_read_format_ustar_filename.c.ifdefed" startline="359" endline="413" function="test_read_format_ustar_filename_CP866_CP1251" hash="1190043295236487704"></source>
			<source file="../../workspace/dataset/test/test_read_format_ustar_filename.c.ifdefed" startline="470" endline="524" function="test_read_format_ustar_filename_KOI8R_CP1251" hash="-155672902965366392"></source>
			<source file="../../workspace/dataset/test/test_read_format_gtar_filename.c.ifdefed" startline="344" endline="395" function="DEFINE_TEST" hash="9073656535269078723"></source>
			<source file="../../workspace/dataset/test/test_read_format_cpio_filename.c.ifdefed" startline="755" endline="806" function="DEFINE_TEST" hash="-8213659954660509065"></source>
			<source file="../../workspace/dataset/test/test_read_format_cpio_filename.c.ifdefed" startline="650" endline="701" function="DEFINE_TEST" hash="4088494332129441775"></source>
			<source file="../../workspace/dataset/test/test_read_format_cpio_filename.c.ifdefed" startline="808" endline="859" function="DEFINE_TEST" hash="-702683412287713713"></source>
			<source file="../../workspace/dataset/test/test_read_format_zip_filename.c.ifdefed" startline="926" endline="973" function="test_read_format_zip_filename_CP866_CP1251_win" hash="-3847381059453844020"></source>
			<source file="../../workspace/dataset/test/test_read_format_zip_filename.c.ifdefed" startline="1031" endline="1092" function="test_read_format_zip_filename_UTF8_CP1251" hash="-1006909510258042512"></source>
			<source file="../../workspace/dataset/test/test_read_format_zip_filename.c.ifdefed" startline="615" endline="677" function="test_read_format_zip_filename_UTF8_CP866" hash="5263823246209342746"></source>
			<source file="../../workspace/dataset/test/test_read_format_cpio_filename.c.ifdefed" startline="290" endline="341" function="DEFINE_TEST" hash="6619756054316212327"></source>
			<source file="../../workspace/dataset/test/test_read_format_gtar_filename.c.ifdefed" startline="188" endline="239" function="DEFINE_TEST" hash="-2197997586846662393"></source>
			<source file="../../workspace/dataset/test/test_read_format_ustar_filename.c.ifdefed" startline="194" endline="248" function="test_read_format_ustar_filename_KOI8R_CP866" hash="4533672912891759428"></source>
			<source file="../../workspace/dataset/test/test_read_format_gtar_filename.c.ifdefed" startline="449" endline="500" function="DEFINE_TEST" hash="227391003087100863"></source>
			<source file="../../workspace/dataset/test/test_read_format_cpio_filename.c.ifdefed" startline="501" endline="545" function="DEFINE_TEST" hash="5503066673038622793"></source>
			<source file="../../workspace/dataset/test/test_read_format_ustar_filename.c.ifdefed" startline="30" endline="82" function="test_read_format_ustar_filename_eucJP_UTF8" hash="6912601857966989287"></source>
			<source file="../../workspace/dataset/test/test_read_format_ustar_filename.c.ifdefed" startline="305" endline="357" function="test_read_format_ustar_filename_eucJP_CP932" hash="1629150743429068977"></source>
			<source file="../../workspace/dataset/test/test_read_format_cpio_filename.c.ifdefed" startline="448" endline="499" function="DEFINE_TEST" hash="5085850319784165599"></source>
			<source file="../../workspace/dataset/test/test_read_format_ustar_filename.c.ifdefed" startline="421" endline="468" function="test_read_format_ustar_filename_CP866_CP1251_win" hash="4227398884153130314"></source>
			<source file="../../workspace/dataset/test/test_read_format_gtar_filename.c.ifdefed" startline="403" endline="447" function="DEFINE_TEST" hash="7802827894698654658"></source>
			<source file="../../workspace/dataset/test/test_read_format_cpio_filename.c.ifdefed" startline="709" endline="753" function="DEFINE_TEST" hash="-4903924268557585798"></source>
			<source file="../../workspace/dataset/test/test_read_format_cpio_filename.c.ifdefed" startline="138" endline="183" function="DEFINE_TEST" hash="-8289909474881144847"></source>
			<source file="../../workspace/dataset/test/test_read_format_gtar_filename.c.ifdefed" startline="30" endline="81" function="DEFINE_TEST" hash="-5646190280825672898"></source>
			<source file="../../workspace/dataset/test/test_read_format_cpio_filename.c.ifdefed" startline="30" endline="83" function="DEFINE_TEST" hash="7067224252731325949"></source>
			<source file="../../workspace/dataset/test/test_read_format_cpio_filename.c.ifdefed" startline="598" endline="648" function="DEFINE_TEST" hash="5092016945731114718"></source>
			<source file="../../workspace/dataset/test/test_read_format_cpio_filename.c.ifdefed" startline="547" endline="596" function="DEFINE_TEST" hash="4240129398597720696"></source>
			<source file="../../workspace/dataset/test/test_read_format_gtar_filename.c.ifdefed" startline="293" endline="342" function="DEFINE_TEST" hash="5537818904721360088"></source>
			<source file="../../workspace/dataset/test/test_read_format_cpio_filename.c.ifdefed" startline="85" endline="136" function="DEFINE_TEST" hash="1491378294816904084"></source>
		</class>
	</version>
	<version nr="3490" hash="59d96678" evolution="Same" change="Same">
		<class nclones="51">
			<source file="../../workspace/dataset/test/test_read_format_zip_filename.c.ifdefed" startline="30" endline="87" function="test_read_format_zip_filename_CP932_eucJP" hash="-3073742724430558231"></source>
			<source file="../../workspace/dataset/test/test_read_format_cab_filename.c.ifdefed" startline="30" endline="85" function="test_read_format_cab_filename_CP932_eucJP" hash="-8193011489976998053"></source>
			<source file="../../workspace/dataset/test/test_read_format_zip_filename.c.ifdefed" startline="730" endline="786" function="test_read_format_zip_filename_CP932_CP932" hash="-2081945229953944345"></source>
			<source file="../../workspace/dataset/test/test_read_format_zip_filename.c.ifdefed" startline="89" endline="164" function="test_read_format_zip_filename_CP932_UTF8" hash="-5411839968509552649"></source>
			<source file="../../workspace/dataset/test/test_read_format_cab_filename.c.ifdefed" startline="87" endline="163" function="test_read_format_cab_filename_CP932_UTF8" hash="-1608430449940027619"></source>
			<source file="../../workspace/dataset/test/test_read_format_zip_filename.c.ifdefed" startline="332" endline="386" function="test_read_format_zip_filename_CP866_KOI8R" hash="-1543674314966996962"></source>
			<source file="../../workspace/dataset/test/test_read_format_zip_filename.c.ifdefed" startline="388" endline="441" function="test_read_format_zip_filename_CP866_UTF8" hash="4424880152223294776"></source>
			<source file="../../workspace/dataset/test/test_read_format_zip_filename.c.ifdefed" startline="975" endline="1029" function="test_read_format_zip_filename_KOI8R_CP1251" hash="-947485777642758986"></source>
			<source file="../../workspace/dataset/test/test_read_format_zip_filename.c.ifdefed" startline="864" endline="918" function="test_read_format_zip_filename_CP866_CP1251" hash="-8207111978920367194"></source>
			<source file="../../workspace/dataset/test/test_read_format_zip_filename.c.ifdefed" startline="443" endline="497" function="test_read_format_zip_filename_KOI8R_CP866" hash="-4302226621758806274"></source>
			<source file="../../workspace/dataset/test/test_read_format_zip_filename.c.ifdefed" startline="499" endline="552" function="test_read_format_zip_filename_KOI8R_UTF8" hash="5492674862065045714"></source>
			<source file="../../workspace/dataset/test/test_read_format_zip_filename.c.ifdefed" startline="239" endline="330" function="test_read_format_zip_filename_UTF8_UTF8" hash="-5420951119299740482"></source>
			<source file="../../workspace/dataset/test/test_read_format_zip_filename.c.ifdefed" startline="554" endline="613" function="test_read_format_zip_filename_UTF8_KOI8R" hash="4329854035695867813"></source>
			<source file="../../workspace/dataset/test/test_read_format_cpio_filename.c.ifdefed" startline="185" endline="236" function="DEFINE_TEST" hash="-1611402585311330069"></source>
			<source file="../../workspace/dataset/test/test_read_format_gtar_filename.c.ifdefed" startline="83" endline="134" function="DEFINE_TEST" hash="-4462445969793222249"></source>
			<source file="../../workspace/dataset/test/test_read_format_cpio_filename.c.ifdefed" startline="395" endline="446" function="DEFINE_TEST" hash="-4281745263491548133"></source>
			<source file="../../workspace/dataset/test/test_read_format_ustar_filename.c.ifdefed" startline="84" endline="137" function="test_read_format_ustar_filename_CP866_KOI8R" hash="-2224580235555239984"></source>
			<source file="../../workspace/dataset/test/test_read_format_gtar_filename.c.ifdefed" startline="136" endline="186" function="DEFINE_TEST" hash="7024569170383296404"></source>
			<source file="../../workspace/dataset/test/test_read_format_cpio_filename.c.ifdefed" startline="238" endline="288" function="DEFINE_TEST" hash="-7401343787605871120"></source>
			<source file="../../workspace/dataset/test/test_read_format_cpio_filename.c.ifdefed" startline="343" endline="393" function="DEFINE_TEST" hash="-3409679029154181398"></source>
			<source file="../../workspace/dataset/test/test_read_format_ustar_filename.c.ifdefed" startline="139" endline="192" function="test_read_format_ustar_filename_CP866_UTF8" hash="-3497411295408107902"></source>
			<source file="../../workspace/dataset/test/test_read_format_zip_filename.c.ifdefed" startline="679" endline="728" function="test_read_format_zip_filename_UTF8_UTF8_ru" hash="755490085650332063"></source>
			<source file="../../workspace/dataset/test/test_read_format_ustar_filename.c.ifdefed" startline="250" endline="303" function="test_read_format_ustar_filename_KOI8R_UTF8" hash="1409193329832710460"></source>
			<source file="../../workspace/dataset/test/test_read_format_zip_filename.c.ifdefed" startline="1031" endline="1092" function="test_read_format_zip_filename_UTF8_CP1251" hash="-1006909510258042512"></source>
			<source file="../../workspace/dataset/test/test_read_format_ustar_filename.c.ifdefed" startline="470" endline="524" function="test_read_format_ustar_filename_KOI8R_CP1251" hash="-155672902965366392"></source>
			<source file="../../workspace/dataset/test/test_read_format_ustar_filename.c.ifdefed" startline="359" endline="413" function="test_read_format_ustar_filename_CP866_CP1251" hash="1190043295236487704"></source>
			<source file="../../workspace/dataset/test/test_read_format_gtar_filename.c.ifdefed" startline="449" endline="500" function="DEFINE_TEST" hash="227391003087100863"></source>
			<source file="../../workspace/dataset/test/test_read_format_cpio_filename.c.ifdefed" startline="755" endline="806" function="DEFINE_TEST" hash="-8213659954660509065"></source>
			<source file="../../workspace/dataset/test/test_read_format_gtar_filename.c.ifdefed" startline="344" endline="395" function="DEFINE_TEST" hash="9073656535269078723"></source>
			<source file="../../workspace/dataset/test/test_read_format_cpio_filename.c.ifdefed" startline="808" endline="859" function="DEFINE_TEST" hash="-702683412287713713"></source>
			<source file="../../workspace/dataset/test/test_read_format_cpio_filename.c.ifdefed" startline="650" endline="701" function="DEFINE_TEST" hash="4088494332129441775"></source>
			<source file="../../workspace/dataset/test/test_read_format_zip_filename.c.ifdefed" startline="926" endline="973" function="test_read_format_zip_filename_CP866_CP1251_win" hash="-3847381059453844020"></source>
			<source file="../../workspace/dataset/test/test_read_format_ustar_filename.c.ifdefed" startline="194" endline="248" function="test_read_format_ustar_filename_KOI8R_CP866" hash="4533672912891759428"></source>
			<source file="../../workspace/dataset/test/test_read_format_gtar_filename.c.ifdefed" startline="188" endline="239" function="DEFINE_TEST" hash="-2197997586846662393"></source>
			<source file="../../workspace/dataset/test/test_read_format_cpio_filename.c.ifdefed" startline="290" endline="341" function="DEFINE_TEST" hash="6619756054316212327"></source>
			<source file="../../workspace/dataset/test/test_read_format_zip_filename.c.ifdefed" startline="615" endline="677" function="test_read_format_zip_filename_UTF8_CP866" hash="5263823246209342746"></source>
			<source file="../../workspace/dataset/test/test_read_format_gtar_filename.c.ifdefed" startline="241" endline="291" function="DEFINE_TEST" hash="-2732391944870569934"></source>
			<source file="../../workspace/dataset/test/test_read_format_cpio_filename.c.ifdefed" startline="448" endline="499" function="DEFINE_TEST" hash="5085850319784165599"></source>
			<source file="../../workspace/dataset/test/test_read_format_ustar_filename.c.ifdefed" startline="305" endline="357" function="test_read_format_ustar_filename_eucJP_CP932" hash="1629150743429068977"></source>
			<source file="../../workspace/dataset/test/test_read_format_ustar_filename.c.ifdefed" startline="30" endline="82" function="test_read_format_ustar_filename_eucJP_UTF8" hash="6912601857966989287"></source>
			<source file="../../workspace/dataset/test/test_read_format_cpio_filename.c.ifdefed" startline="501" endline="545" function="DEFINE_TEST" hash="5503066673038622793"></source>
			<source file="../../workspace/dataset/test/test_read_format_ustar_filename.c.ifdefed" startline="421" endline="468" function="test_read_format_ustar_filename_CP866_CP1251_win" hash="4227398884153130314"></source>
			<source file="../../workspace/dataset/test/test_read_format_cpio_filename.c.ifdefed" startline="709" endline="753" function="DEFINE_TEST" hash="-4903924268557585798"></source>
			<source file="../../workspace/dataset/test/test_read_format_gtar_filename.c.ifdefed" startline="403" endline="447" function="DEFINE_TEST" hash="7802827894698654658"></source>
			<source file="../../workspace/dataset/test/test_read_format_gtar_filename.c.ifdefed" startline="293" endline="342" function="DEFINE_TEST" hash="5537818904721360088"></source>
			<source file="../../workspace/dataset/test/test_read_format_cpio_filename.c.ifdefed" startline="547" endline="596" function="DEFINE_TEST" hash="4240129398597720696"></source>
			<source file="../../workspace/dataset/test/test_read_format_cpio_filename.c.ifdefed" startline="598" endline="648" function="DEFINE_TEST" hash="5092016945731114718"></source>
			<source file="../../workspace/dataset/test/test_read_format_cpio_filename.c.ifdefed" startline="30" endline="83" function="DEFINE_TEST" hash="7067224252731325949"></source>
			<source file="../../workspace/dataset/test/test_read_format_gtar_filename.c.ifdefed" startline="30" endline="81" function="DEFINE_TEST" hash="-5646190280825672898"></source>
			<source file="../../workspace/dataset/test/test_read_format_cpio_filename.c.ifdefed" startline="138" endline="183" function="DEFINE_TEST" hash="-8289909474881144847"></source>
			<source file="../../workspace/dataset/test/test_read_format_cpio_filename.c.ifdefed" startline="85" endline="136" function="DEFINE_TEST" hash="1491378294816904084"></source>
		</class>
	</version>
</lineage>
<lineage>
	<version nr="2230" hash="cfcba9b5" evolution="None" change="None">
		<class nclones="2">
			<source file="../../workspace/dataset/test/test_read_format_lha_filename.c.ifdefed" startline="30" endline="88" function="test_read_format_lha_filename_CP932_eucJP" hash="-8722802270466737131"></source>
			<source file="../../workspace/dataset/test/test_read_format_lha_filename.c.ifdefed" startline="90" endline="148" function="test_read_format_lha_filename_CP932_UTF8" hash="6761003812369495274"></source>
		</class>
	</version>
	<version nr="2280" hash="934ed638" evolution="Same" change="Same">
		<class nclones="2">
			<source file="../../workspace/dataset/test/test_read_format_lha_filename.c.ifdefed" startline="30" endline="88" function="test_read_format_lha_filename_CP932_eucJP" hash="-8722802270466737131"></source>
			<source file="../../workspace/dataset/test/test_read_format_lha_filename.c.ifdefed" startline="90" endline="148" function="test_read_format_lha_filename_CP932_UTF8" hash="6761003812369495274"></source>
		</class>
	</version>
	<version nr="2290" hash="323c72ca" evolution="Same" change="Consistent">
		<class nclones="2">
			<source file="../../workspace/dataset/test/test_read_format_lha_filename.c.ifdefed" startline="30" endline="88" function="test_read_format_lha_filename_CP932_eucJP" hash="-6541737632925771898"></source>
			<source file="../../workspace/dataset/test/test_read_format_lha_filename.c.ifdefed" startline="90" endline="148" function="test_read_format_lha_filename_CP932_UTF8" hash="-7855214396736339139"></source>
		</class>
	</version>
	<version nr="2320" hash="2026f227" evolution="Same" change="Same">
		<class nclones="2">
			<source file="../../workspace/dataset/test/test_read_format_lha_filename.c.ifdefed" startline="30" endline="88" function="test_read_format_lha_filename_CP932_eucJP" hash="-6541737632925771898"></source>
			<source file="../../workspace/dataset/test/test_read_format_lha_filename.c.ifdefed" startline="90" endline="148" function="test_read_format_lha_filename_CP932_UTF8" hash="-7855214396736339139"></source>
		</class>
	</version>
	<version nr="2330" hash="1ec70123" evolution="Same" change="Consistent">
		<class nclones="2">
			<source file="../../workspace/dataset/test/test_read_format_lha_filename.c.ifdefed" startline="30" endline="88" function="test_read_format_lha_filename_CP932_eucJP" hash="6705578238983343383"></source>
			<source file="../../workspace/dataset/test/test_read_format_lha_filename.c.ifdefed" startline="90" endline="148" function="test_read_format_lha_filename_CP932_UTF8" hash="-971024763020327254"></source>
		</class>
	</version>
	<version nr="2490" hash="d707a9a9" evolution="Same" change="Same">
		<class nclones="2">
			<source file="../../workspace/dataset/test/test_read_format_lha_filename.c.ifdefed" startline="30" endline="88" function="test_read_format_lha_filename_CP932_eucJP" hash="6705578238983343383"></source>
			<source file="../../workspace/dataset/test/test_read_format_lha_filename.c.ifdefed" startline="90" endline="148" function="test_read_format_lha_filename_CP932_UTF8" hash="-971024763020327254"></source>
		</class>
	</version>
	<version nr="2500" hash="ec63acf7" evolution="Same" change="Inconsistent">
		<class nclones="2">
			<source file="../../workspace/dataset/test/test_read_format_lha_filename.c.ifdefed" startline="30" endline="88" function="test_read_format_lha_filename_CP932_eucJP" hash="6705578238983343383"></source>
			<source file="../../workspace/dataset/test/test_read_format_lha_filename.c.ifdefed" startline="90" endline="148" function="test_read_format_lha_filename_CP932_UTF8" hash="3720123113584124678"></source>
		</class>
	</version>
	<version nr="3330" hash="66b1a0b7" evolution="Same" change="Same">
		<class nclones="2">
			<source file="../../workspace/dataset/test/test_read_format_lha_filename.c.ifdefed" startline="30" endline="88" function="test_read_format_lha_filename_CP932_eucJP" hash="6705578238983343383"></source>
			<source file="../../workspace/dataset/test/test_read_format_lha_filename.c.ifdefed" startline="90" endline="148" function="test_read_format_lha_filename_CP932_UTF8" hash="3720123113584124678"></source>
		</class>
	</version>
	<version nr="3340" hash="737e1a51" evolution="Same" change="Consistent">
		<class nclones="2">
			<source file="../../workspace/dataset/test/test_read_format_lha_filename.c.ifdefed" startline="30" endline="88" function="test_read_format_lha_filename_CP932_eucJP" hash="5037389525099157999"></source>
			<source file="../../workspace/dataset/test/test_read_format_lha_filename.c.ifdefed" startline="90" endline="148" function="test_read_format_lha_filename_CP932_UTF8" hash="-4020917037089060362"></source>
		</class>
	</version>
	<version nr="3350" hash="42b5086d" evolution="Same" change="Same">
		<class nclones="2">
			<source file="../../workspace/dataset/test/test_read_format_lha_filename.c.ifdefed" startline="30" endline="88" function="test_read_format_lha_filename_CP932_eucJP" hash="5037389525099157999"></source>
			<source file="../../workspace/dataset/test/test_read_format_lha_filename.c.ifdefed" startline="90" endline="148" function="test_read_format_lha_filename_CP932_UTF8" hash="-4020917037089060362"></source>
		</class>
	</version>
	<version nr="3360" hash="7a90710e" evolution="Same" change="Inconsistent">
		<class nclones="2">
			<source file="../../workspace/dataset/test/test_read_format_lha_filename.c.ifdefed" startline="30" endline="91" function="test_read_format_lha_filename_CP932_eucJP" hash="-5057839814806402611"></source>
			<source file="../../workspace/dataset/test/test_read_format_lha_filename.c.ifdefed" startline="93" endline="151" function="test_read_format_lha_filename_CP932_UTF8" hash="-4020917037089060362"></source>
		</class>
	</version>
	<version nr="4600" hash="fd8fe9c5" evolution="Same" change="Same">
		<class nclones="2">
			<source file="../../workspace/dataset/test/test_read_format_lha_filename.c.ifdefed" startline="30" endline="91" function="test_read_format_lha_filename_CP932_eucJP" hash="-5057839814806402611"></source>
			<source file="../../workspace/dataset/test/test_read_format_lha_filename.c.ifdefed" startline="93" endline="151" function="test_read_format_lha_filename_CP932_UTF8" hash="-4020917037089060362"></source>
		</class>
	</version>
</lineage>
<lineage>
	<version nr="2240" hash="e4ac4ade" evolution="None" change="None">
		<class nclones="2">
			<source file="../../workspace/dataset/test/test_pax_filename_encoding.c.ifdefed" startline="331" endline="365" function="test_pax_filename_encoding_ru_RU" hash="6803617537446713217"></source>
			<source file="../../workspace/dataset/test/test_pax_filename_encoding.c.ifdefed" startline="370" endline="407" function="test_pax_filename_encoding_ja_JP" hash="8721028927653215064"></source>
		</class>
	</version>
	<version nr="2250" hash="23707f1e" evolution="Same" change="Inconsistent">
		<class nclones="2">
			<source file="../../workspace/dataset/test/test_pax_filename_encoding.c.ifdefed" startline="333" endline="367" function="test_pax_filename_encoding_ru_RU" hash="6803617537446713217"></source>
			<source file="../../workspace/dataset/test/test_pax_filename_encoding.c.ifdefed" startline="372" endline="407" function="test_pax_filename_encoding_ja_JP" hash="-2936185915959020954"></source>
		</class>
	</version>
	<version nr="2320" hash="2026f227" evolution="Same" change="Same">
		<class nclones="2">
			<source file="../../workspace/dataset/test/test_pax_filename_encoding.c.ifdefed" startline="333" endline="367" function="test_pax_filename_encoding_ru_RU" hash="6803617537446713217"></source>
			<source file="../../workspace/dataset/test/test_pax_filename_encoding.c.ifdefed" startline="372" endline="407" function="test_pax_filename_encoding_ja_JP" hash="-2936185915959020954"></source>
		</class>
	</version>
	<version nr="2330" hash="1ec70123" evolution="Same" change="Consistent">
		<class nclones="2">
			<source file="../../workspace/dataset/test/test_pax_filename_encoding.c.ifdefed" startline="333" endline="367" function="test_pax_filename_encoding_ru_RU" hash="7994035523855738848"></source>
			<source file="../../workspace/dataset/test/test_pax_filename_encoding.c.ifdefed" startline="372" endline="407" function="test_pax_filename_encoding_ja_JP" hash="-9141150101964392209"></source>
		</class>
	</version>
	<version nr="2340" hash="293c71b1" evolution="Same" change="Consistent">
		<class nclones="2">
			<source file="../../workspace/dataset/test/test_pax_filename_encoding.c.ifdefed" startline="333" endline="374" function="test_pax_filename_encoding_ru_RU" hash="-2413194850185258973"></source>
			<source file="../../workspace/dataset/test/test_pax_filename_encoding.c.ifdefed" startline="379" endline="421" function="test_pax_filename_encoding_ja_JP" hash="-7883299686740157312"></source>
		</class>
	</version>
	<version nr="2350" hash="83c67d6c" evolution="Same" change="Same">
		<class nclones="2">
			<source file="../../workspace/dataset/test/test_pax_filename_encoding.c.ifdefed" startline="333" endline="374" function="test_pax_filename_encoding_ru_RU" hash="-2413194850185258973"></source>
			<source file="../../workspace/dataset/test/test_pax_filename_encoding.c.ifdefed" startline="379" endline="421" function="test_pax_filename_encoding_ja_JP" hash="-7883299686740157312"></source>
		</class>
	</version>
</lineage>
<lineage>
	<version nr="2340" hash="293c71b1" evolution="None" change="None">
		<class nclones="7">
			<source file="../../workspace/dataset/test/test_read_format_zip_filename.c.ifdefed" startline="261" endline="310" function="test_read_format_zip_filename_CP866_KOI8R" hash="6853469075267903650"></source>
			<source file="../../workspace/dataset/test/test_read_format_zip_filename.c.ifdefed" startline="312" endline="361" function="test_read_format_zip_filename_CP866_UTF8" hash="4587065027734728625"></source>
			<source file="../../workspace/dataset/test/test_read_format_zip_filename.c.ifdefed" startline="363" endline="412" function="test_read_format_zip_filename_KOI8R_CP866" hash="-4986399768306436376"></source>
			<source file="../../workspace/dataset/test/test_read_format_zip_filename.c.ifdefed" startline="465" endline="519" function="test_read_format_zip_filename_UTF8_KOI8R" hash="-7942326084164449054"></source>
			<source file="../../workspace/dataset/test/test_read_format_zip_filename.c.ifdefed" startline="414" endline="463" function="test_read_format_zip_filename_KOI8R_UTF8" hash="1738119777017151341"></source>
			<source file="../../workspace/dataset/test/test_read_format_zip_filename.c.ifdefed" startline="580" endline="625" function="test_read_format_zip_filename_UTF8_UTF8_ru" hash="-3474502494095899697"></source>
			<source file="../../workspace/dataset/test/test_read_format_zip_filename.c.ifdefed" startline="521" endline="578" function="test_read_format_zip_filename_UTF8_CP866" hash="-438955024061624265"></source>
		</class>
	</version>
	<version nr="2350" hash="83c67d6c" evolution="Add" change="Same">
		<class nclones="10">
			<source file="../../workspace/dataset/test/test_read_format_zip_filename.c.ifdefed" startline="261" endline="310" function="test_read_format_zip_filename_CP866_KOI8R" hash="6853469075267903650"></source>
			<source file="../../workspace/dataset/test/test_read_format_zip_filename.c.ifdefed" startline="751" endline="801" function="test_read_format_zip_filename_CP866_CP1251" hash="2094872605700040949"></source>
			<source file="../../workspace/dataset/test/test_read_format_zip_filename.c.ifdefed" startline="414" endline="463" function="test_read_format_zip_filename_KOI8R_UTF8" hash="1738119777017151341"></source>
			<source file="../../workspace/dataset/test/test_read_format_zip_filename.c.ifdefed" startline="465" endline="519" function="test_read_format_zip_filename_UTF8_KOI8R" hash="-7942326084164449054"></source>
			<source file="../../workspace/dataset/test/test_read_format_zip_filename.c.ifdefed" startline="803" endline="853" function="test_read_format_zip_filename_KOI8R_CP1251" hash="3157061305988947371"></source>
			<source file="../../workspace/dataset/test/test_read_format_zip_filename.c.ifdefed" startline="312" endline="361" function="test_read_format_zip_filename_CP866_UTF8" hash="4587065027734728625"></source>
			<source file="../../workspace/dataset/test/test_read_format_zip_filename.c.ifdefed" startline="363" endline="412" function="test_read_format_zip_filename_KOI8R_CP866" hash="-4986399768306436376"></source>
			<source file="../../workspace/dataset/test/test_read_format_zip_filename.c.ifdefed" startline="855" endline="912" function="test_read_format_zip_filename_UTF8_CP1251" hash="-1797437647782056592"></source>
			<source file="../../workspace/dataset/test/test_read_format_zip_filename.c.ifdefed" startline="580" endline="625" function="test_read_format_zip_filename_UTF8_UTF8_ru" hash="-3474502494095899697"></source>
			<source file="../../workspace/dataset/test/test_read_format_zip_filename.c.ifdefed" startline="521" endline="578" function="test_read_format_zip_filename_UTF8_CP866" hash="-438955024061624265"></source>
		</class>
	</version>
	<version nr="2360" hash="492ccc59" evolution="Add" change="Consistent">
		<class nclones="11">
			<source file="../../workspace/dataset/test/test_read_format_zip_filename.c.ifdefed" startline="261" endline="311" function="test_read_format_zip_filename_CP866_KOI8R" hash="-5800160017968049754"></source>
			<source file="../../workspace/dataset/test/test_read_format_zip_filename.c.ifdefed" startline="313" endline="362" function="test_read_format_zip_filename_CP866_UTF8" hash="8458425019213771545"></source>
			<source file="../../workspace/dataset/test/test_read_format_zip_filename.c.ifdefed" startline="364" endline="414" function="test_read_format_zip_filename_KOI8R_CP866" hash="7404152899122932562"></source>
			<source file="../../workspace/dataset/test/test_read_format_zip_filename.c.ifdefed" startline="416" endline="465" function="test_read_format_zip_filename_KOI8R_UTF8" hash="1824821948747302141"></source>
			<source file="../../workspace/dataset/test/test_read_format_zip_filename.c.ifdefed" startline="755" endline="805" function="test_read_format_zip_filename_CP866_CP1251" hash="5787625553147128870"></source>
			<source file="../../workspace/dataset/test/test_read_format_zip_filename.c.ifdefed" startline="467" endline="522" function="test_read_format_zip_filename_UTF8_KOI8R" hash="1786197392200672701"></source>
			<source file="../../workspace/dataset/test/test_read_format_zip_filename.c.ifdefed" startline="858" endline="908" function="test_read_format_zip_filename_KOI8R_CP1251" hash="-6803073405280236258"></source>
			<source file="../../workspace/dataset/test/test_read_format_zip_filename.c.ifdefed" startline="584" endline="629" function="test_read_format_zip_filename_UTF8_UTF8_ru" hash="-4868326738583464808"></source>
			<source file="../../workspace/dataset/test/test_read_format_zip_filename.c.ifdefed" startline="524" endline="582" function="test_read_format_zip_filename_UTF8_CP866" hash="-8184023501251526242"></source>
			<source file="../../workspace/dataset/test/test_read_format_zip_filename.c.ifdefed" startline="910" endline="967" function="test_read_format_zip_filename_UTF8_CP1251" hash="1713778419841046984"></source>
			<source file="../../workspace/dataset/test/test_read_format_zip_filename.c.ifdefed" startline="813" endline="856" function="test_read_format_zip_filename_CP866_CP1251_win" hash="3027946774776012776"></source>
		</class>
	</version>
	<version nr="2380" hash="b5876a16" evolution="Same" change="Same">
		<class nclones="11">
			<source file="../../workspace/dataset/test/test_read_format_zip_filename.c.ifdefed" startline="261" endline="311" function="test_read_format_zip_filename_CP866_KOI8R" hash="-5800160017968049754"></source>
			<source file="../../workspace/dataset/test/test_read_format_zip_filename.c.ifdefed" startline="858" endline="908" function="test_read_format_zip_filename_KOI8R_CP1251" hash="-6803073405280236258"></source>
			<source file="../../workspace/dataset/test/test_read_format_zip_filename.c.ifdefed" startline="755" endline="805" function="test_read_format_zip_filename_CP866_CP1251" hash="5787625553147128870"></source>
			<source file="../../workspace/dataset/test/test_read_format_zip_filename.c.ifdefed" startline="467" endline="522" function="test_read_format_zip_filename_UTF8_KOI8R" hash="1786197392200672701"></source>
			<source file="../../workspace/dataset/test/test_read_format_zip_filename.c.ifdefed" startline="416" endline="465" function="test_read_format_zip_filename_KOI8R_UTF8" hash="1824821948747302141"></source>
			<source file="../../workspace/dataset/test/test_read_format_zip_filename.c.ifdefed" startline="313" endline="362" function="test_read_format_zip_filename_CP866_UTF8" hash="8458425019213771545"></source>
			<source file="../../workspace/dataset/test/test_read_format_zip_filename.c.ifdefed" startline="364" endline="414" function="test_read_format_zip_filename_KOI8R_CP866" hash="7404152899122932562"></source>
			<source file="../../workspace/dataset/test/test_read_format_zip_filename.c.ifdefed" startline="813" endline="856" function="test_read_format_zip_filename_CP866_CP1251_win" hash="3027946774776012776"></source>
			<source file="../../workspace/dataset/test/test_read_format_zip_filename.c.ifdefed" startline="910" endline="967" function="test_read_format_zip_filename_UTF8_CP1251" hash="1713778419841046984"></source>
			<source file="../../workspace/dataset/test/test_read_format_zip_filename.c.ifdefed" startline="524" endline="582" function="test_read_format_zip_filename_UTF8_CP866" hash="-8184023501251526242"></source>
			<source file="../../workspace/dataset/test/test_read_format_zip_filename.c.ifdefed" startline="584" endline="629" function="test_read_format_zip_filename_UTF8_UTF8_ru" hash="-4868326738583464808"></source>
		</class>
	</version>
	<version nr="2390" hash="7f590844" evolution="Add" change="Same">
		<class nclones="29">
			<source file="../../workspace/dataset/test/test_read_format_zip_filename.c.ifdefed" startline="261" endline="311" function="test_read_format_zip_filename_CP866_KOI8R" hash="-5800160017968049754"></source>
			<source file="../../workspace/dataset/test/test_read_format_zip_filename.c.ifdefed" startline="416" endline="465" function="test_read_format_zip_filename_KOI8R_UTF8" hash="1824821948747302141"></source>
			<source file="../../workspace/dataset/test/test_read_format_gtar_filename.c.ifdefed" startline="336" endline="386" function="test_read_format_gtar_filename_CP866_CP1251" hash="6725901449361543985"></source>
			<source file="../../workspace/dataset/test/test_read_format_zip_filename.c.ifdefed" startline="313" endline="362" function="test_read_format_zip_filename_CP866_UTF8" hash="8458425019213771545"></source>
			<source file="../../workspace/dataset/test/test_read_format_zip_filename.c.ifdefed" startline="364" endline="414" function="test_read_format_zip_filename_KOI8R_CP866" hash="7404152899122932562"></source>
			<source file="../../workspace/dataset/test/test_read_format_cpio_filename.c.ifdefed" startline="435" endline="485" function="test_read_format_cpio_filename_UTF8_CP866" hash="-6333781349372469957"></source>
			<source file="../../workspace/dataset/test/test_read_format_gtar_filename.c.ifdefed" startline="132" endline="181" function="test_read_format_gtar_filename_CP866_UTF8" hash="7113609823213708656"></source>
			<source file="../../workspace/dataset/test/test_read_format_cpio_filename.c.ifdefed" startline="633" endline="683" function="test_read_format_cpio_filename_CP866_CP1251" hash="-2380889629885728316"></source>
			<source file="../../workspace/dataset/test/test_read_format_cpio_filename.c.ifdefed" startline="383" endline="433" function="test_read_format_cpio_filename_UTF8_KOI8R" hash="5304162641336267043"></source>
			<source file="../../workspace/dataset/test/test_read_format_gtar_filename.c.ifdefed" startline="80" endline="130" function="test_read_format_gtar_filename_CP866_KOI8R" hash="496295492441128893"></source>
			<source file="../../workspace/dataset/test/test_read_format_cpio_filename.c.ifdefed" startline="332" endline="381" function="test_read_format_cpio_filename_KOI8R_UTF8" hash="-9074417310176621171"></source>
			<source file="../../workspace/dataset/test/test_read_format_cpio_filename.c.ifdefed" startline="736" endline="786" function="test_read_format_cpio_filename_KOI8R_CP1251" hash="-548616130777309148"></source>
			<source file="../../workspace/dataset/test/test_read_format_zip_filename.c.ifdefed" startline="755" endline="805" function="test_read_format_zip_filename_CP866_CP1251" hash="5787625553147128870"></source>
			<source file="../../workspace/dataset/test/test_read_format_cpio_filename.c.ifdefed" startline="788" endline="838" function="test_read_format_cpio_filename_UTF8_CP1251" hash="-6015480135637890657"></source>
			<source file="../../workspace/dataset/test/test_read_format_cpio_filename.c.ifdefed" startline="280" endline="330" function="test_read_format_cpio_filename_KOI8R_CP866" hash="-1357983921796230030"></source>
			<source file="../../workspace/dataset/test/test_read_format_zip_filename.c.ifdefed" startline="858" endline="908" function="test_read_format_zip_filename_KOI8R_CP1251" hash="-6803073405280236258"></source>
			<source file="../../workspace/dataset/test/test_read_format_cpio_filename.c.ifdefed" startline="177" endline="227" function="test_read_format_cpio_filename_CP866_KOI8R" hash="-7326599286641712494"></source>
			<source file="../../workspace/dataset/test/test_read_format_cpio_filename.c.ifdefed" startline="229" endline="278" function="test_read_format_cpio_filename_CP866_UTF8" hash="3574930841088307505"></source>
			<source file="../../workspace/dataset/test/test_read_format_zip_filename.c.ifdefed" startline="467" endline="522" function="test_read_format_zip_filename_UTF8_KOI8R" hash="1786197392200672701"></source>
			<source file="../../workspace/dataset/test/test_read_format_gtar_filename.c.ifdefed" startline="183" endline="233" function="test_read_format_gtar_filename_KOI8R_CP866" hash="-246862080494170751"></source>
			<source file="../../workspace/dataset/test/test_read_format_gtar_filename.c.ifdefed" startline="439" endline="489" function="test_read_format_gtar_filename_KOI8R_CP1251" hash="-1961983828692610995"></source>
			<source file="../../workspace/dataset/test/test_read_format_gtar_filename.c.ifdefed" startline="235" endline="284" function="test_read_format_gtar_filename_KOI8R_UTF8" hash="-652434665605267404"></source>
			<source file="../../workspace/dataset/test/test_read_format_zip_filename.c.ifdefed" startline="584" endline="629" function="test_read_format_zip_filename_UTF8_UTF8_ru" hash="-4868326738583464808"></source>
			<source file="../../workspace/dataset/test/test_read_format_gtar_filename.c.ifdefed" startline="394" endline="437" function="test_read_format_gtar_filename_CP866_CP1251_win" hash="-2765244453237871807"></source>
			<source file="../../workspace/dataset/test/test_read_format_cpio_filename.c.ifdefed" startline="487" endline="530" function="test_read_format_cpio_filename_UTF8_UTF8_ru" hash="-2623167753680122334"></source>
			<source file="../../workspace/dataset/test/test_read_format_zip_filename.c.ifdefed" startline="524" endline="582" function="test_read_format_zip_filename_UTF8_CP866" hash="-8184023501251526242"></source>
			<source file="../../workspace/dataset/test/test_read_format_zip_filename.c.ifdefed" startline="910" endline="967" function="test_read_format_zip_filename_UTF8_CP1251" hash="1713778419841046984"></source>
			<source file="../../workspace/dataset/test/test_read_format_cpio_filename.c.ifdefed" startline="691" endline="734" function="test_read_format_cpio_filename_CP866_CP1251_win" hash="-1876215304857599218"></source>
			<source file="../../workspace/dataset/test/test_read_format_zip_filename.c.ifdefed" startline="813" endline="856" function="test_read_format_zip_filename_CP866_CP1251_win" hash="3027946774776012776"></source>
		</class>
	</version>
	<version nr="2410" hash="2e60d43b" evolution="Same" change="Same">
		<class nclones="29">
			<source file="../../workspace/dataset/test/test_read_format_zip_filename.c.ifdefed" startline="261" endline="311" function="test_read_format_zip_filename_CP866_KOI8R" hash="-5800160017968049754"></source>
			<source file="../../workspace/dataset/test/test_read_format_cpio_filename.c.ifdefed" startline="332" endline="381" function="test_read_format_cpio_filename_KOI8R_UTF8" hash="-9074417310176621171"></source>
			<source file="../../workspace/dataset/test/test_read_format_zip_filename.c.ifdefed" startline="313" endline="362" function="test_read_format_zip_filename_CP866_UTF8" hash="8458425019213771545"></source>
			<source file="../../workspace/dataset/test/test_read_format_zip_filename.c.ifdefed" startline="467" endline="522" function="test_read_format_zip_filename_UTF8_KOI8R" hash="1786197392200672701"></source>
			<source file="../../workspace/dataset/test/test_read_format_zip_filename.c.ifdefed" startline="755" endline="805" function="test_read_format_zip_filename_CP866_CP1251" hash="5787625553147128870"></source>
			<source file="../../workspace/dataset/test/test_read_format_zip_filename.c.ifdefed" startline="364" endline="414" function="test_read_format_zip_filename_KOI8R_CP866" hash="7404152899122932562"></source>
			<source file="../../workspace/dataset/test/test_read_format_gtar_filename.c.ifdefed" startline="336" endline="386" function="test_read_format_gtar_filename_CP866_CP1251" hash="6725901449361543985"></source>
			<source file="../../workspace/dataset/test/test_read_format_zip_filename.c.ifdefed" startline="416" endline="465" function="test_read_format_zip_filename_KOI8R_UTF8" hash="1824821948747302141"></source>
			<source file="../../workspace/dataset/test/test_read_format_cpio_filename.c.ifdefed" startline="736" endline="786" function="test_read_format_cpio_filename_KOI8R_CP1251" hash="-548616130777309148"></source>
			<source file="../../workspace/dataset/test/test_read_format_cpio_filename.c.ifdefed" startline="633" endline="683" function="test_read_format_cpio_filename_CP866_CP1251" hash="-2380889629885728316"></source>
			<source file="../../workspace/dataset/test/test_read_format_cpio_filename.c.ifdefed" startline="788" endline="838" function="test_read_format_cpio_filename_UTF8_CP1251" hash="-6015480135637890657"></source>
			<source file="../../workspace/dataset/test/test_read_format_cpio_filename.c.ifdefed" startline="177" endline="227" function="test_read_format_cpio_filename_CP866_KOI8R" hash="-7326599286641712494"></source>
			<source file="../../workspace/dataset/test/test_read_format_gtar_filename.c.ifdefed" startline="80" endline="130" function="test_read_format_gtar_filename_CP866_KOI8R" hash="496295492441128893"></source>
			<source file="../../workspace/dataset/test/test_read_format_gtar_filename.c.ifdefed" startline="132" endline="181" function="test_read_format_gtar_filename_CP866_UTF8" hash="7113609823213708656"></source>
			<source file="../../workspace/dataset/test/test_read_format_cpio_filename.c.ifdefed" startline="383" endline="433" function="test_read_format_cpio_filename_UTF8_KOI8R" hash="5304162641336267043"></source>
			<source file="../../workspace/dataset/test/test_read_format_cpio_filename.c.ifdefed" startline="435" endline="485" function="test_read_format_cpio_filename_UTF8_CP866" hash="-6333781349372469957"></source>
			<source file="../../workspace/dataset/test/test_read_format_cpio_filename.c.ifdefed" startline="229" endline="278" function="test_read_format_cpio_filename_CP866_UTF8" hash="3574930841088307505"></source>
			<source file="../../workspace/dataset/test/test_read_format_zip_filename.c.ifdefed" startline="858" endline="908" function="test_read_format_zip_filename_KOI8R_CP1251" hash="-6803073405280236258"></source>
			<source file="../../workspace/dataset/test/test_read_format_cpio_filename.c.ifdefed" startline="280" endline="330" function="test_read_format_cpio_filename_KOI8R_CP866" hash="-1357983921796230030"></source>
			<source file="../../workspace/dataset/test/test_read_format_gtar_filename.c.ifdefed" startline="235" endline="284" function="test_read_format_gtar_filename_KOI8R_UTF8" hash="-652434665605267404"></source>
			<source file="../../workspace/dataset/test/test_read_format_gtar_filename.c.ifdefed" startline="439" endline="489" function="test_read_format_gtar_filename_KOI8R_CP1251" hash="-1961983828692610995"></source>
			<source file="../../workspace/dataset/test/test_read_format_gtar_filename.c.ifdefed" startline="183" endline="233" function="test_read_format_gtar_filename_KOI8R_CP866" hash="-246862080494170751"></source>
			<source file="../../workspace/dataset/test/test_read_format_zip_filename.c.ifdefed" startline="584" endline="629" function="test_read_format_zip_filename_UTF8_UTF8_ru" hash="-4868326738583464808"></source>
			<source file="../../workspace/dataset/test/test_read_format_cpio_filename.c.ifdefed" startline="487" endline="530" function="test_read_format_cpio_filename_UTF8_UTF8_ru" hash="-2623167753680122334"></source>
			<source file="../../workspace/dataset/test/test_read_format_zip_filename.c.ifdefed" startline="524" endline="582" function="test_read_format_zip_filename_UTF8_CP866" hash="-8184023501251526242"></source>
			<source file="../../workspace/dataset/test/test_read_format_zip_filename.c.ifdefed" startline="910" endline="967" function="test_read_format_zip_filename_UTF8_CP1251" hash="1713778419841046984"></source>
			<source file="../../workspace/dataset/test/test_read_format_zip_filename.c.ifdefed" startline="813" endline="856" function="test_read_format_zip_filename_CP866_CP1251_win" hash="3027946774776012776"></source>
			<source file="../../workspace/dataset/test/test_read_format_gtar_filename.c.ifdefed" startline="394" endline="437" function="test_read_format_gtar_filename_CP866_CP1251_win" hash="-2765244453237871807"></source>
			<source file="../../workspace/dataset/test/test_read_format_cpio_filename.c.ifdefed" startline="691" endline="734" function="test_read_format_cpio_filename_CP866_CP1251_win" hash="-1876215304857599218"></source>
		</class>
	</version>
	<version nr="2420" hash="57ee447d" evolution="Add" change="Same">
		<class nclones="36">
			<source file="../../workspace/dataset/test/test_read_format_zip_filename.c.ifdefed" startline="261" endline="311" function="test_read_format_zip_filename_CP866_KOI8R" hash="-5800160017968049754"></source>
			<source file="../../workspace/dataset/test/test_read_format_zip_filename.c.ifdefed" startline="467" endline="522" function="test_read_format_zip_filename_UTF8_KOI8R" hash="1786197392200672701"></source>
			<source file="../../workspace/dataset/test/test_read_format_cpio_filename.c.ifdefed" startline="177" endline="227" function="test_read_format_cpio_filename_CP866_KOI8R" hash="-7326599286641712494"></source>
			<source file="../../workspace/dataset/test/test_read_format_cpio_filename.c.ifdefed" startline="788" endline="838" function="test_read_format_cpio_filename_UTF8_CP1251" hash="-6015480135637890657"></source>
			<source file="../../workspace/dataset/test/test_read_format_gtar_filename.c.ifdefed" startline="132" endline="181" function="test_read_format_gtar_filename_CP866_UTF8" hash="7113609823213708656"></source>
			<source file="../../workspace/dataset/test/test_read_format_ustar_filename.c.ifdefed" startline="80" endline="130" function="test_read_format_ustar_filename_CP866_KOI8R" hash="5290059353504608004"></source>
			<source file="../../workspace/dataset/test/test_read_format_zip_filename.c.ifdefed" startline="364" endline="414" function="test_read_format_zip_filename_KOI8R_CP866" hash="7404152899122932562"></source>
			<source file="../../workspace/dataset/test/test_read_format_ustar_filename.c.ifdefed" startline="132" endline="181" function="test_read_format_ustar_filename_CP866_UTF8" hash="7136278709279925203"></source>
			<source file="../../workspace/dataset/test/test_read_format_cpio_filename.c.ifdefed" startline="332" endline="381" function="test_read_format_cpio_filename_KOI8R_UTF8" hash="-9074417310176621171"></source>
			<source file="../../workspace/dataset/test/test_read_format_cpio_filename.c.ifdefed" startline="736" endline="786" function="test_read_format_cpio_filename_KOI8R_CP1251" hash="-548616130777309148"></source>
			<source file="../../workspace/dataset/test/test_read_format_cpio_filename.c.ifdefed" startline="229" endline="278" function="test_read_format_cpio_filename_CP866_UTF8" hash="3574930841088307505"></source>
			<source file="../../workspace/dataset/test/test_read_format_cpio_filename.c.ifdefed" startline="383" endline="433" function="test_read_format_cpio_filename_UTF8_KOI8R" hash="5304162641336267043"></source>
			<source file="../../workspace/dataset/test/test_read_format_ustar_filename.c.ifdefed" startline="336" endline="386" function="test_read_format_ustar_filename_CP866_CP1251" hash="4587227081487094472"></source>
			<source file="../../workspace/dataset/test/test_read_format_cpio_filename.c.ifdefed" startline="435" endline="485" function="test_read_format_cpio_filename_UTF8_CP866" hash="-6333781349372469957"></source>
			<source file="../../workspace/dataset/test/test_read_format_zip_filename.c.ifdefed" startline="313" endline="362" function="test_read_format_zip_filename_CP866_UTF8" hash="8458425019213771545"></source>
			<source file="../../workspace/dataset/test/test_read_format_zip_filename.c.ifdefed" startline="755" endline="805" function="test_read_format_zip_filename_CP866_CP1251" hash="5787625553147128870"></source>
			<source file="../../workspace/dataset/test/test_read_format_cpio_filename.c.ifdefed" startline="280" endline="330" function="test_read_format_cpio_filename_KOI8R_CP866" hash="-1357983921796230030"></source>
			<source file="../../workspace/dataset/test/test_read_format_zip_filename.c.ifdefed" startline="416" endline="465" function="test_read_format_zip_filename_KOI8R_UTF8" hash="1824821948747302141"></source>
			<source file="../../workspace/dataset/test/test_read_format_gtar_filename.c.ifdefed" startline="80" endline="130" function="test_read_format_gtar_filename_CP866_KOI8R" hash="496295492441128893"></source>
			<source file="../../workspace/dataset/test/test_read_format_gtar_filename.c.ifdefed" startline="336" endline="386" function="test_read_format_gtar_filename_CP866_CP1251" hash="6725901449361543985"></source>
			<source file="../../workspace/dataset/test/test_read_format_zip_filename.c.ifdefed" startline="858" endline="908" function="test_read_format_zip_filename_KOI8R_CP1251" hash="-6803073405280236258"></source>
			<source file="../../workspace/dataset/test/test_read_format_cpio_filename.c.ifdefed" startline="633" endline="683" function="test_read_format_cpio_filename_CP866_CP1251" hash="-2380889629885728316"></source>
			<source file="../../workspace/dataset/test/test_read_format_zip_filename.c.ifdefed" startline="910" endline="967" function="test_read_format_zip_filename_UTF8_CP1251" hash="1713778419841046984"></source>
			<source file="../../workspace/dataset/test/test_read_format_zip_filename.c.ifdefed" startline="524" endline="582" function="test_read_format_zip_filename_UTF8_CP866" hash="-8184023501251526242"></source>
			<source file="../../workspace/dataset/test/test_read_format_gtar_filename.c.ifdefed" startline="439" endline="489" function="test_read_format_gtar_filename_KOI8R_CP1251" hash="-1961983828692610995"></source>
			<source file="../../workspace/dataset/test/test_read_format_ustar_filename.c.ifdefed" startline="439" endline="489" function="test_read_format_ustar_filename_KOI8R_CP1251" hash="-4075396790488849656"></source>
			<source file="../../workspace/dataset/test/test_read_format_cpio_filename.c.ifdefed" startline="691" endline="734" function="test_read_format_cpio_filename_CP866_CP1251_win" hash="-1876215304857599218"></source>
			<source file="../../workspace/dataset/test/test_read_format_gtar_filename.c.ifdefed" startline="183" endline="233" function="test_read_format_gtar_filename_KOI8R_CP866" hash="-246862080494170751"></source>
			<source file="../../workspace/dataset/test/test_read_format_cpio_filename.c.ifdefed" startline="487" endline="530" function="test_read_format_cpio_filename_UTF8_UTF8_ru" hash="-2623167753680122334"></source>
			<source file="../../workspace/dataset/test/test_read_format_zip_filename.c.ifdefed" startline="584" endline="629" function="test_read_format_zip_filename_UTF8_UTF8_ru" hash="-4868326738583464808"></source>
			<source file="../../workspace/dataset/test/test_read_format_ustar_filename.c.ifdefed" startline="183" endline="233" function="test_read_format_ustar_filename_KOI8R_CP866" hash="4398825177393493444"></source>
			<source file="../../workspace/dataset/test/test_read_format_gtar_filename.c.ifdefed" startline="235" endline="284" function="test_read_format_gtar_filename_KOI8R_UTF8" hash="-652434665605267404"></source>
			<source file="../../workspace/dataset/test/test_read_format_ustar_filename.c.ifdefed" startline="235" endline="284" function="test_read_format_ustar_filename_KOI8R_UTF8" hash="1921176713661962599"></source>
			<source file="../../workspace/dataset/test/test_read_format_ustar_filename.c.ifdefed" startline="394" endline="437" function="test_read_format_ustar_filename_CP866_CP1251_win" hash="-7917369537098737550"></source>
			<source file="../../workspace/dataset/test/test_read_format_zip_filename.c.ifdefed" startline="813" endline="856" function="test_read_format_zip_filename_CP866_CP1251_win" hash="3027946774776012776"></source>
			<source file="../../workspace/dataset/test/test_read_format_gtar_filename.c.ifdefed" startline="394" endline="437" function="test_read_format_gtar_filename_CP866_CP1251_win" hash="-2765244453237871807"></source>
		</class>
	</version>
	<version nr="2490" hash="d707a9a9" evolution="Same" change="Same">
		<class nclones="36">
			<source file="../../workspace/dataset/test/test_read_format_zip_filename.c.ifdefed" startline="261" endline="311" function="test_read_format_zip_filename_CP866_KOI8R" hash="-5800160017968049754"></source>
			<source file="../../workspace/dataset/test/test_read_format_cpio_filename.c.ifdefed" startline="280" endline="330" function="test_read_format_cpio_filename_KOI8R_CP866" hash="-1357983921796230030"></source>
			<source file="../../workspace/dataset/test/test_read_format_cpio_filename.c.ifdefed" startline="736" endline="786" function="test_read_format_cpio_filename_KOI8R_CP1251" hash="-548616130777309148"></source>
			<source file="../../workspace/dataset/test/test_read_format_zip_filename.c.ifdefed" startline="416" endline="465" function="test_read_format_zip_filename_KOI8R_UTF8" hash="1824821948747302141"></source>
			<source file="../../workspace/dataset/test/test_read_format_zip_filename.c.ifdefed" startline="313" endline="362" function="test_read_format_zip_filename_CP866_UTF8" hash="8458425019213771545"></source>
			<source file="../../workspace/dataset/test/test_read_format_gtar_filename.c.ifdefed" startline="80" endline="130" function="test_read_format_gtar_filename_CP866_KOI8R" hash="496295492441128893"></source>
			<source file="../../workspace/dataset/test/test_read_format_zip_filename.c.ifdefed" startline="858" endline="908" function="test_read_format_zip_filename_KOI8R_CP1251" hash="-6803073405280236258"></source>
			<source file="../../workspace/dataset/test/test_read_format_cpio_filename.c.ifdefed" startline="229" endline="278" function="test_read_format_cpio_filename_CP866_UTF8" hash="3574930841088307505"></source>
			<source file="../../workspace/dataset/test/test_read_format_zip_filename.c.ifdefed" startline="467" endline="522" function="test_read_format_zip_filename_UTF8_KOI8R" hash="1786197392200672701"></source>
			<source file="../../workspace/dataset/test/test_read_format_ustar_filename.c.ifdefed" startline="336" endline="386" function="test_read_format_ustar_filename_CP866_CP1251" hash="4587227081487094472"></source>
			<source file="../../workspace/dataset/test/test_read_format_gtar_filename.c.ifdefed" startline="336" endline="386" function="test_read_format_gtar_filename_CP866_CP1251" hash="6725901449361543985"></source>
			<source file="../../workspace/dataset/test/test_read_format_ustar_filename.c.ifdefed" startline="132" endline="181" function="test_read_format_ustar_filename_CP866_UTF8" hash="7136278709279925203"></source>
			<source file="../../workspace/dataset/test/test_read_format_ustar_filename.c.ifdefed" startline="80" endline="130" function="test_read_format_ustar_filename_CP866_KOI8R" hash="5290059353504608004"></source>
			<source file="../../workspace/dataset/test/test_read_format_zip_filename.c.ifdefed" startline="755" endline="805" function="test_read_format_zip_filename_CP866_CP1251" hash="5787625553147128870"></source>
			<source file="../../workspace/dataset/test/test_read_format_cpio_filename.c.ifdefed" startline="788" endline="838" function="test_read_format_cpio_filename_UTF8_CP1251" hash="-6015480135637890657"></source>
			<source file="../../workspace/dataset/test/test_read_format_cpio_filename.c.ifdefed" startline="383" endline="433" function="test_read_format_cpio_filename_UTF8_KOI8R" hash="5304162641336267043"></source>
			<source file="../../workspace/dataset/test/test_read_format_cpio_filename.c.ifdefed" startline="633" endline="683" function="test_read_format_cpio_filename_CP866_CP1251" hash="-2380889629885728316"></source>
			<source file="../../workspace/dataset/test/test_read_format_cpio_filename.c.ifdefed" startline="332" endline="381" function="test_read_format_cpio_filename_KOI8R_UTF8" hash="-9074417310176621171"></source>
			<source file="../../workspace/dataset/test/test_read_format_cpio_filename.c.ifdefed" startline="435" endline="485" function="test_read_format_cpio_filename_UTF8_CP866" hash="-6333781349372469957"></source>
			<source file="../../workspace/dataset/test/test_read_format_gtar_filename.c.ifdefed" startline="132" endline="181" function="test_read_format_gtar_filename_CP866_UTF8" hash="7113609823213708656"></source>
			<source file="../../workspace/dataset/test/test_read_format_zip_filename.c.ifdefed" startline="364" endline="414" function="test_read_format_zip_filename_KOI8R_CP866" hash="7404152899122932562"></source>
			<source file="../../workspace/dataset/test/test_read_format_cpio_filename.c.ifdefed" startline="177" endline="227" function="test_read_format_cpio_filename_CP866_KOI8R" hash="-7326599286641712494"></source>
			<source file="../../workspace/dataset/test/test_read_format_ustar_filename.c.ifdefed" startline="183" endline="233" function="test_read_format_ustar_filename_KOI8R_CP866" hash="4398825177393493444"></source>
			<source file="../../workspace/dataset/test/test_read_format_gtar_filename.c.ifdefed" startline="183" endline="233" function="test_read_format_gtar_filename_KOI8R_CP866" hash="-246862080494170751"></source>
			<source file="../../workspace/dataset/test/test_read_format_ustar_filename.c.ifdefed" startline="235" endline="284" function="test_read_format_ustar_filename_KOI8R_UTF8" hash="1921176713661962599"></source>
			<source file="../../workspace/dataset/test/test_read_format_ustar_filename.c.ifdefed" startline="439" endline="489" function="test_read_format_ustar_filename_KOI8R_CP1251" hash="-4075396790488849656"></source>
			<source file="../../workspace/dataset/test/test_read_format_gtar_filename.c.ifdefed" startline="235" endline="284" function="test_read_format_gtar_filename_KOI8R_UTF8" hash="-652434665605267404"></source>
			<source file="../../workspace/dataset/test/test_read_format_gtar_filename.c.ifdefed" startline="439" endline="489" function="test_read_format_gtar_filename_KOI8R_CP1251" hash="-1961983828692610995"></source>
			<source file="../../workspace/dataset/test/test_read_format_zip_filename.c.ifdefed" startline="524" endline="582" function="test_read_format_zip_filename_UTF8_CP866" hash="-8184023501251526242"></source>
			<source file="../../workspace/dataset/test/test_read_format_zip_filename.c.ifdefed" startline="910" endline="967" function="test_read_format_zip_filename_UTF8_CP1251" hash="1713778419841046984"></source>
			<source file="../../workspace/dataset/test/test_read_format_cpio_filename.c.ifdefed" startline="691" endline="734" function="test_read_format_cpio_filename_CP866_CP1251_win" hash="-1876215304857599218"></source>
			<source file="../../workspace/dataset/test/test_read_format_zip_filename.c.ifdefed" startline="584" endline="629" function="test_read_format_zip_filename_UTF8_UTF8_ru" hash="-4868326738583464808"></source>
			<source file="../../workspace/dataset/test/test_read_format_cpio_filename.c.ifdefed" startline="487" endline="530" function="test_read_format_cpio_filename_UTF8_UTF8_ru" hash="-2623167753680122334"></source>
			<source file="../../workspace/dataset/test/test_read_format_ustar_filename.c.ifdefed" startline="394" endline="437" function="test_read_format_ustar_filename_CP866_CP1251_win" hash="-7917369537098737550"></source>
			<source file="../../workspace/dataset/test/test_read_format_gtar_filename.c.ifdefed" startline="394" endline="437" function="test_read_format_gtar_filename_CP866_CP1251_win" hash="-2765244453237871807"></source>
			<source file="../../workspace/dataset/test/test_read_format_zip_filename.c.ifdefed" startline="813" endline="856" function="test_read_format_zip_filename_CP866_CP1251_win" hash="3027946774776012776"></source>
		</class>
	</version>
</lineage>
<lineage>
	<version nr="2350" hash="83c67d6c" evolution="None" change="None">
		<class nclones="2">
			<source file="../../workspace/dataset/test/test_read_format_zip_filename.c.ifdefed" startline="136" endline="201" function="test_read_format_zip_filename_UTF8_eucJP" hash="-7156795143453056123"></source>
			<source file="../../workspace/dataset/test/test_read_format_zip_filename.c.ifdefed" startline="681" endline="749" function="test_read_format_zip_filename_UTF8_CP932" hash="-8047624910001063771"></source>
		</class>
	</version>
	<version nr="2360" hash="492ccc59" evolution="Same" change="Consistent">
		<class nclones="2">
			<source file="../../workspace/dataset/test/test_read_format_zip_filename.c.ifdefed" startline="136" endline="201" function="test_read_format_zip_filename_UTF8_eucJP" hash="-7119903796167129608"></source>
			<source file="../../workspace/dataset/test/test_read_format_zip_filename.c.ifdefed" startline="685" endline="753" function="test_read_format_zip_filename_UTF8_CP932" hash="2912386262647652826"></source>
		</class>
	</version>
	<version nr="2410" hash="2e60d43b" evolution="Same" change="Same">
		<class nclones="2">
			<source file="../../workspace/dataset/test/test_read_format_zip_filename.c.ifdefed" startline="136" endline="201" function="test_read_format_zip_filename_UTF8_eucJP" hash="-7119903796167129608"></source>
			<source file="../../workspace/dataset/test/test_read_format_zip_filename.c.ifdefed" startline="685" endline="753" function="test_read_format_zip_filename_UTF8_CP932" hash="2912386262647652826"></source>
		</class>
	</version>
	<version nr="2420" hash="57ee447d" evolution="Same" change="Inconsistent">
		<class nclones="2">
			<source file="../../workspace/dataset/test/test_read_format_zip_filename.c.ifdefed" startline="136" endline="201" function="test_read_format_zip_filename_UTF8_eucJP" hash="-5340031152669418815"></source>
			<source file="../../workspace/dataset/test/test_read_format_zip_filename.c.ifdefed" startline="685" endline="753" function="test_read_format_zip_filename_UTF8_CP932" hash="2912386262647652826"></source>
		</class>
	</version>
	<version nr="3330" hash="66b1a0b7" evolution="Same" change="Same">
		<class nclones="2">
			<source file="../../workspace/dataset/test/test_read_format_zip_filename.c.ifdefed" startline="136" endline="201" function="test_read_format_zip_filename_UTF8_eucJP" hash="-5340031152669418815"></source>
			<source file="../../workspace/dataset/test/test_read_format_zip_filename.c.ifdefed" startline="685" endline="753" function="test_read_format_zip_filename_UTF8_CP932" hash="2912386262647652826"></source>
		</class>
	</version>
	<version nr="3340" hash="737e1a51" evolution="Same" change="Consistent">
		<class nclones="2">
			<source file="../../workspace/dataset/test/test_read_format_zip_filename.c.ifdefed" startline="156" endline="221" function="test_read_format_zip_filename_UTF8_eucJP" hash="6693940064646648973"></source>
			<source file="../../workspace/dataset/test/test_read_format_zip_filename.c.ifdefed" startline="734" endline="802" function="test_read_format_zip_filename_UTF8_CP932" hash="-8456698074255222930"></source>
		</class>
	</version>
	<version nr="3350" hash="42b5086d" evolution="Same" change="Same">
		<class nclones="2">
			<source file="../../workspace/dataset/test/test_read_format_zip_filename.c.ifdefed" startline="156" endline="221" function="test_read_format_zip_filename_UTF8_eucJP" hash="6693940064646648973"></source>
			<source file="../../workspace/dataset/test/test_read_format_zip_filename.c.ifdefed" startline="734" endline="802" function="test_read_format_zip_filename_UTF8_CP932" hash="-8456698074255222930"></source>
		</class>
	</version>
	<version nr="3360" hash="7a90710e" evolution="Same" change="Consistent">
		<class nclones="2">
			<source file="../../workspace/dataset/test/test_read_format_zip_filename.c.ifdefed" startline="166" endline="237" function="test_read_format_zip_filename_UTF8_eucJP" hash="2148939517556254882"></source>
			<source file="../../workspace/dataset/test/test_read_format_zip_filename.c.ifdefed" startline="788" endline="862" function="test_read_format_zip_filename_UTF8_CP932" hash="-6683637934000783727"></source>
		</class>
	</version>
	<version nr="3490" hash="59d96678" evolution="Same" change="Same">
		<class nclones="2">
			<source file="../../workspace/dataset/test/test_read_format_zip_filename.c.ifdefed" startline="166" endline="237" function="test_read_format_zip_filename_UTF8_eucJP" hash="2148939517556254882"></source>
			<source file="../../workspace/dataset/test/test_read_format_zip_filename.c.ifdefed" startline="788" endline="862" function="test_read_format_zip_filename_UTF8_CP932" hash="-6683637934000783727"></source>
		</class>
	</version>
</lineage>
<lineage>
	<version nr="2350" hash="83c67d6c" evolution="None" change="None">
		<class nclones="3">
			<source file="../../workspace/dataset/test/test_zip_filename_encoding.c.ifdefed" startline="30" endline="118" function="test_zip_filename_encoding_UTF8" hash="3301082540767217912"></source>
			<source file="../../workspace/dataset/test/test_zip_filename_encoding.c.ifdefed" startline="120" endline="213" function="test_zip_filename_encoding_KOI8R" hash="3835717085041344071"></source>
			<source file="../../workspace/dataset/test/test_zip_filename_encoding.c.ifdefed" startline="215" endline="310" function="test_zip_filename_encoding_EUCJP" hash="-7887275859698231292"></source>
		</class>
	</version>
	<version nr="2360" hash="492ccc59" evolution="Same" change="Consistent">
		<class nclones="3">
			<source file="../../workspace/dataset/test/test_zip_filename_encoding.c.ifdefed" startline="30" endline="117" function="test_zip_filename_encoding_UTF8" hash="-5151478637817881991"></source>
			<source file="../../workspace/dataset/test/test_zip_filename_encoding.c.ifdefed" startline="292" endline="390" function="test_zip_filename_encoding_EUCJP" hash="7373364263352677033"></source>
			<source file="../../workspace/dataset/test/test_zip_filename_encoding.c.ifdefed" startline="119" endline="215" function="test_zip_filename_encoding_KOI8R" hash="7933563978997704664"></source>
		</class>
	</version>
	<version nr="2370" hash="4edc7390" evolution="Add" change="Same">
		<class nclones="4">
			<source file="../../workspace/dataset/test/test_zip_filename_encoding.c.ifdefed" startline="30" endline="117" function="test_zip_filename_encoding_UTF8" hash="-5151478637817881991"></source>
			<source file="../../workspace/dataset/test/test_zip_filename_encoding.c.ifdefed" startline="434" endline="533" function="test_zip_filename_encoding_CP932" hash="5775020509821439800"></source>
			<source file="../../workspace/dataset/test/test_zip_filename_encoding.c.ifdefed" startline="119" endline="215" function="test_zip_filename_encoding_KOI8R" hash="7933563978997704664"></source>
			<source file="../../workspace/dataset/test/test_zip_filename_encoding.c.ifdefed" startline="334" endline="432" function="test_zip_filename_encoding_EUCJP" hash="7373364263352677033"></source>
		</class>
	</version>
	<version nr="2490" hash="d707a9a9" evolution="Same" change="Same">
		<class nclones="4">
			<source file="../../workspace/dataset/test/test_zip_filename_encoding.c.ifdefed" startline="30" endline="117" function="test_zip_filename_encoding_UTF8" hash="-5151478637817881991"></source>
			<source file="../../workspace/dataset/test/test_zip_filename_encoding.c.ifdefed" startline="434" endline="533" function="test_zip_filename_encoding_CP932" hash="5775020509821439800"></source>
			<source file="../../workspace/dataset/test/test_zip_filename_encoding.c.ifdefed" startline="119" endline="215" function="test_zip_filename_encoding_KOI8R" hash="7933563978997704664"></source>
			<source file="../../workspace/dataset/test/test_zip_filename_encoding.c.ifdefed" startline="334" endline="432" function="test_zip_filename_encoding_EUCJP" hash="7373364263352677033"></source>
		</class>
	</version>
	<version nr="2500" hash="ec63acf7" evolution="Same" change="Inconsistent">
		<class nclones="4">
			<source file="../../workspace/dataset/test/test_zip_filename_encoding.c.ifdefed" startline="30" endline="117" function="test_zip_filename_encoding_UTF8" hash="-6346807834235639449"></source>
			<source file="../../workspace/dataset/test/test_zip_filename_encoding.c.ifdefed" startline="434" endline="533" function="test_zip_filename_encoding_CP932" hash="5775020509821439800"></source>
			<source file="../../workspace/dataset/test/test_zip_filename_encoding.c.ifdefed" startline="334" endline="432" function="test_zip_filename_encoding_EUCJP" hash="7373364263352677033"></source>
			<source file="../../workspace/dataset/test/test_zip_filename_encoding.c.ifdefed" startline="119" endline="215" function="test_zip_filename_encoding_KOI8R" hash="7933563978997704664"></source>
		</class>
	</version>
	<version nr="2520" hash="edf50894" evolution="Same" change="Same">
		<class nclones="4">
			<source file="../../workspace/dataset/test/test_zip_filename_encoding.c.ifdefed" startline="30" endline="117" function="test_zip_filename_encoding_UTF8" hash="-6346807834235639449"></source>
			<source file="../../workspace/dataset/test/test_zip_filename_encoding.c.ifdefed" startline="434" endline="533" function="test_zip_filename_encoding_CP932" hash="5775020509821439800"></source>
			<source file="../../workspace/dataset/test/test_zip_filename_encoding.c.ifdefed" startline="334" endline="432" function="test_zip_filename_encoding_EUCJP" hash="7373364263352677033"></source>
			<source file="../../workspace/dataset/test/test_zip_filename_encoding.c.ifdefed" startline="119" endline="215" function="test_zip_filename_encoding_KOI8R" hash="7933563978997704664"></source>
		</class>
	</version>
	<version nr="2530" hash="644994a5" evolution="Same" change="Consistent">
		<class nclones="4">
			<source file="../../workspace/dataset/test/test_zip_filename_encoding.c.ifdefed" startline="30" endline="117" function="test_zip_filename_encoding_UTF8" hash="7999220867360517073"></source>
			<source file="../../workspace/dataset/test/test_zip_filename_encoding.c.ifdefed" startline="434" endline="533" function="test_zip_filename_encoding_CP932" hash="4792369586454926822"></source>
			<source file="../../workspace/dataset/test/test_zip_filename_encoding.c.ifdefed" startline="334" endline="432" function="test_zip_filename_encoding_EUCJP" hash="-914612047259922545"></source>
			<source file="../../workspace/dataset/test/test_zip_filename_encoding.c.ifdefed" startline="119" endline="215" function="test_zip_filename_encoding_KOI8R" hash="7497011159187566618"></source>
		</class>
	</version>
	<version nr="3050" hash="a21919fb" evolution="Same" change="Same">
		<class nclones="4">
			<source file="../../workspace/dataset/test/test_zip_filename_encoding.c.ifdefed" startline="30" endline="117" function="test_zip_filename_encoding_UTF8" hash="7999220867360517073"></source>
			<source file="../../workspace/dataset/test/test_zip_filename_encoding.c.ifdefed" startline="119" endline="215" function="test_zip_filename_encoding_KOI8R" hash="7497011159187566618"></source>
			<source file="../../workspace/dataset/test/test_zip_filename_encoding.c.ifdefed" startline="434" endline="533" function="test_zip_filename_encoding_CP932" hash="4792369586454926822"></source>
			<source file="../../workspace/dataset/test/test_zip_filename_encoding.c.ifdefed" startline="334" endline="432" function="test_zip_filename_encoding_EUCJP" hash="-914612047259922545"></source>
		</class>
	</version>
	<version nr="3060" hash="53d452a7" evolution="Same" change="Consistent">
		<class nclones="4">
			<source file="../../workspace/dataset/test/test_zip_filename_encoding.c.ifdefed" startline="30" endline="117" function="test_zip_filename_encoding_UTF8" hash="6108216866629931570"></source>
			<source file="../../workspace/dataset/test/test_zip_filename_encoding.c.ifdefed" startline="434" endline="533" function="test_zip_filename_encoding_CP932" hash="-5132452954228755804"></source>
			<source file="../../workspace/dataset/test/test_zip_filename_encoding.c.ifdefed" startline="119" endline="215" function="test_zip_filename_encoding_KOI8R" hash="695886758187438242"></source>
			<source file="../../workspace/dataset/test/test_zip_filename_encoding.c.ifdefed" startline="334" endline="432" function="test_zip_filename_encoding_EUCJP" hash="2287427980857515987"></source>
		</class>
	</version>
	<version nr="3450" hash="fa9e61aa" evolution="Same" change="Same">
		<class nclones="4">
			<source file="../../workspace/dataset/test/test_zip_filename_encoding.c.ifdefed" startline="30" endline="117" function="test_zip_filename_encoding_UTF8" hash="6108216866629931570"></source>
			<source file="../../workspace/dataset/test/test_zip_filename_encoding.c.ifdefed" startline="334" endline="432" function="test_zip_filename_encoding_EUCJP" hash="2287427980857515987"></source>
			<source file="../../workspace/dataset/test/test_zip_filename_encoding.c.ifdefed" startline="119" endline="215" function="test_zip_filename_encoding_KOI8R" hash="695886758187438242"></source>
			<source file="../../workspace/dataset/test/test_zip_filename_encoding.c.ifdefed" startline="434" endline="533" function="test_zip_filename_encoding_CP932" hash="-5132452954228755804"></source>
		</class>
	</version>
</lineage>
<lineage>
	<version nr="2360" hash="492ccc59" evolution="None" change="None">
		<class nclones="10">
			<source file="../../workspace/dataset/test/test_pax_filename_encoding.c.ifdefed" startline="332" endline="373" function="test_pax_filename_encoding_KOI8R" hash="-6937432596290398681"></source>
			<source file="../../workspace/dataset/test/test_gnutar_filename_encoding.c.ifdefed" startline="156" endline="197" function="test_gnutar_filename_encoding_CP1251_UTF8" hash="-635081924154718627"></source>
			<source file="../../workspace/dataset/test/test_pax_filename_encoding.c.ifdefed" startline="378" endline="420" function="test_pax_filename_encoding_CP1251" hash="3728875373141894485"></source>
			<source file="../../workspace/dataset/test/test_gnutar_filename_encoding.c.ifdefed" startline="114" endline="154" function="test_gnutar_filename_encoding_KOI8R_CP866" hash="6535374618612092438"></source>
			<source file="../../workspace/dataset/test/test_gnutar_filename_encoding.c.ifdefed" startline="72" endline="112" function="test_gnutar_filename_encoding_KOI8R_UTF8" hash="-797140602451143239"></source>
			<source file="../../workspace/dataset/test/test_pax_filename_encoding.c.ifdefed" startline="472" endline="515" function="test_pax_filename_encoding_CP932" hash="-5866465556028057447"></source>
			<source file="../../workspace/dataset/test/test_pax_filename_encoding.c.ifdefed" startline="425" endline="467" function="test_pax_filename_encoding_EUCJP" hash="8916649830473445048"></source>
			<source file="../../workspace/dataset/test/test_gnutar_filename_encoding.c.ifdefed" startline="30" endline="70" function="test_gnutar_filename_encoding_UTF8_CP866" hash="6612927632673931307"></source>
			<source file="../../workspace/dataset/test/test_gnutar_filename_encoding.c.ifdefed" startline="279" endline="318" function="test_gnutar_filename_encoding_EUCJP_UTF8" hash="7636244240096915194"></source>
			<source file="../../workspace/dataset/test/test_gnutar_filename_encoding.c.ifdefed" startline="320" endline="359" function="test_gnutar_filename_encoding_EUCJP_CP932" hash="8606598050404475966"></source>
		</class>
	</version>
	<version nr="2370" hash="4edc7390" evolution="Add" change="Same">
		<class nclones="18">
			<source file="../../workspace/dataset/test/test_pax_filename_encoding.c.ifdefed" startline="332" endline="373" function="test_pax_filename_encoding_KOI8R" hash="-6937432596290398681"></source>
			<source file="../../workspace/dataset/test/test_pax_filename_encoding.c.ifdefed" startline="378" endline="420" function="test_pax_filename_encoding_CP1251" hash="3728875373141894485"></source>
			<source file="../../workspace/dataset/test/test_ustar_filename_encoding.c.ifdefed" startline="114" endline="154" function="test_ustar_filename_encoding_KOI8R_CP866" hash="-1749655676311660098"></source>
			<source file="../../workspace/dataset/test/test_ustar_filename_encoding.c.ifdefed" startline="156" endline="197" function="test_ustar_filename_encoding_CP1251_UTF8" hash="-6015189159013204745"></source>
			<source file="../../workspace/dataset/test/test_gnutar_filename_encoding.c.ifdefed" startline="72" endline="112" function="test_gnutar_filename_encoding_KOI8R_UTF8" hash="-797140602451143239"></source>
			<source file="../../workspace/dataset/test/test_pax_filename_encoding.c.ifdefed" startline="425" endline="467" function="test_pax_filename_encoding_EUCJP" hash="8916649830473445048"></source>
			<source file="../../workspace/dataset/test/test_gnutar_filename_encoding.c.ifdefed" startline="114" endline="154" function="test_gnutar_filename_encoding_KOI8R_CP866" hash="6535374618612092438"></source>
			<source file="../../workspace/dataset/test/test_pax_filename_encoding.c.ifdefed" startline="472" endline="515" function="test_pax_filename_encoding_CP932" hash="-5866465556028057447"></source>
			<source file="../../workspace/dataset/test/test_ustar_filename_encoding.c.ifdefed" startline="72" endline="112" function="test_ustar_filename_encoding_KOI8R_UTF8" hash="-8181837355389036639"></source>
			<source file="../../workspace/dataset/test/test_gnutar_filename_encoding.c.ifdefed" startline="156" endline="197" function="test_gnutar_filename_encoding_CP1251_UTF8" hash="-635081924154718627"></source>
			<source file="../../workspace/dataset/test/test_gnutar_filename_encoding.c.ifdefed" startline="30" endline="70" function="test_gnutar_filename_encoding_UTF8_CP866" hash="6612927632673931307"></source>
			<source file="../../workspace/dataset/test/test_ustar_filename_encoding.c.ifdefed" startline="361" endline="401" function="test_ustar_filename_encoding_CP932_UTF8" hash="-3048424121516109297"></source>
			<source file="../../workspace/dataset/test/test_ustar_filename_encoding.c.ifdefed" startline="30" endline="70" function="test_ustar_filename_encoding_UTF8_CP866" hash="5311513547461624405"></source>
			<source file="../../workspace/dataset/test/test_ustar_filename_encoding.c.ifdefed" startline="279" endline="318" function="test_ustar_filename_encoding_EUCJP_UTF8" hash="-6504118541505996766"></source>
			<source file="../../workspace/dataset/test/test_ustar_filename_encoding.c.ifdefed" startline="320" endline="359" function="test_ustar_filename_encoding_EUCJP_CP932" hash="-8094608538695478316"></source>
			<source file="../../workspace/dataset/test/test_gnutar_filename_encoding.c.ifdefed" startline="279" endline="318" function="test_gnutar_filename_encoding_EUCJP_UTF8" hash="7636244240096915194"></source>
			<source file="../../workspace/dataset/test/test_gnutar_filename_encoding.c.ifdefed" startline="361" endline="401" function="test_gnutar_filename_encoding_CP932_UTF8" hash="7621175354609999848"></source>
			<source file="../../workspace/dataset/test/test_gnutar_filename_encoding.c.ifdefed" startline="320" endline="359" function="test_gnutar_filename_encoding_EUCJP_CP932" hash="8606598050404475966"></source>
		</class>
	</version>
	<version nr="2410" hash="2e60d43b" evolution="Same" change="Same">
		<class nclones="18">
			<source file="../../workspace/dataset/test/test_pax_filename_encoding.c.ifdefed" startline="332" endline="373" function="test_pax_filename_encoding_KOI8R" hash="-6937432596290398681"></source>
			<source file="../../workspace/dataset/test/test_pax_filename_encoding.c.ifdefed" startline="378" endline="420" function="test_pax_filename_encoding_CP1251" hash="3728875373141894485"></source>
			<source file="../../workspace/dataset/test/test_ustar_filename_encoding.c.ifdefed" startline="114" endline="154" function="test_ustar_filename_encoding_KOI8R_CP866" hash="-1749655676311660098"></source>
			<source file="../../workspace/dataset/test/test_ustar_filename_encoding.c.ifdefed" startline="156" endline="197" function="test_ustar_filename_encoding_CP1251_UTF8" hash="-6015189159013204745"></source>
			<source file="../../workspace/dataset/test/test_gnutar_filename_encoding.c.ifdefed" startline="72" endline="112" function="test_gnutar_filename_encoding_KOI8R_UTF8" hash="-797140602451143239"></source>
			<source file="../../workspace/dataset/test/test_pax_filename_encoding.c.ifdefed" startline="425" endline="467" function="test_pax_filename_encoding_EUCJP" hash="8916649830473445048"></source>
			<source file="../../workspace/dataset/test/test_gnutar_filename_encoding.c.ifdefed" startline="114" endline="154" function="test_gnutar_filename_encoding_KOI8R_CP866" hash="6535374618612092438"></source>
			<source file="../../workspace/dataset/test/test_pax_filename_encoding.c.ifdefed" startline="472" endline="515" function="test_pax_filename_encoding_CP932" hash="-5866465556028057447"></source>
			<source file="../../workspace/dataset/test/test_ustar_filename_encoding.c.ifdefed" startline="72" endline="112" function="test_ustar_filename_encoding_KOI8R_UTF8" hash="-8181837355389036639"></source>
			<source file="../../workspace/dataset/test/test_gnutar_filename_encoding.c.ifdefed" startline="156" endline="197" function="test_gnutar_filename_encoding_CP1251_UTF8" hash="-635081924154718627"></source>
			<source file="../../workspace/dataset/test/test_gnutar_filename_encoding.c.ifdefed" startline="30" endline="70" function="test_gnutar_filename_encoding_UTF8_CP866" hash="6612927632673931307"></source>
			<source file="../../workspace/dataset/test/test_ustar_filename_encoding.c.ifdefed" startline="361" endline="401" function="test_ustar_filename_encoding_CP932_UTF8" hash="-3048424121516109297"></source>
			<source file="../../workspace/dataset/test/test_ustar_filename_encoding.c.ifdefed" startline="30" endline="70" function="test_ustar_filename_encoding_UTF8_CP866" hash="5311513547461624405"></source>
			<source file="../../workspace/dataset/test/test_ustar_filename_encoding.c.ifdefed" startline="279" endline="318" function="test_ustar_filename_encoding_EUCJP_UTF8" hash="-6504118541505996766"></source>
			<source file="../../workspace/dataset/test/test_ustar_filename_encoding.c.ifdefed" startline="320" endline="359" function="test_ustar_filename_encoding_EUCJP_CP932" hash="-8094608538695478316"></source>
			<source file="../../workspace/dataset/test/test_gnutar_filename_encoding.c.ifdefed" startline="279" endline="318" function="test_gnutar_filename_encoding_EUCJP_UTF8" hash="7636244240096915194"></source>
			<source file="../../workspace/dataset/test/test_gnutar_filename_encoding.c.ifdefed" startline="361" endline="401" function="test_gnutar_filename_encoding_CP932_UTF8" hash="7621175354609999848"></source>
			<source file="../../workspace/dataset/test/test_gnutar_filename_encoding.c.ifdefed" startline="320" endline="359" function="test_gnutar_filename_encoding_EUCJP_CP932" hash="8606598050404475966"></source>
		</class>
	</version>
	<version nr="2420" hash="57ee447d" evolution="Same" change="Inconsistent">
		<class nclones="18">
			<source file="../../workspace/dataset/test/test_pax_filename_encoding.c.ifdefed" startline="338" endline="380" function="test_pax_filename_encoding_KOI8R" hash="2172060030808184844"></source>
			<source file="../../workspace/dataset/test/test_pax_filename_encoding.c.ifdefed" startline="385" endline="428" function="test_pax_filename_encoding_CP1251" hash="-8231691457762350658"></source>
			<source file="../../workspace/dataset/test/test_ustar_filename_encoding.c.ifdefed" startline="156" endline="197" function="test_ustar_filename_encoding_CP1251_UTF8" hash="-6015189159013204745"></source>
			<source file="../../workspace/dataset/test/test_gnutar_filename_encoding.c.ifdefed" startline="156" endline="197" function="test_gnutar_filename_encoding_CP1251_UTF8" hash="-635081924154718627"></source>
			<source file="../../workspace/dataset/test/test_ustar_filename_encoding.c.ifdefed" startline="114" endline="154" function="test_ustar_filename_encoding_KOI8R_CP866" hash="-1749655676311660098"></source>
			<source file="../../workspace/dataset/test/test_gnutar_filename_encoding.c.ifdefed" startline="72" endline="112" function="test_gnutar_filename_encoding_KOI8R_UTF8" hash="-797140602451143239"></source>
			<source file="../../workspace/dataset/test/test_pax_filename_encoding.c.ifdefed" startline="433" endline="476" function="test_pax_filename_encoding_EUCJP" hash="2740570259807762882"></source>
			<source file="../../workspace/dataset/test/test_pax_filename_encoding.c.ifdefed" startline="481" endline="525" function="test_pax_filename_encoding_CP932" hash="2800596640265713354"></source>
			<source file="../../workspace/dataset/test/test_ustar_filename_encoding.c.ifdefed" startline="72" endline="112" function="test_ustar_filename_encoding_KOI8R_UTF8" hash="-8181837355389036639"></source>
			<source file="../../workspace/dataset/test/test_gnutar_filename_encoding.c.ifdefed" startline="114" endline="154" function="test_gnutar_filename_encoding_KOI8R_CP866" hash="6535374618612092438"></source>
			<source file="../../workspace/dataset/test/test_ustar_filename_encoding.c.ifdefed" startline="361" endline="401" function="test_ustar_filename_encoding_CP932_UTF8" hash="-3048424121516109297"></source>
			<source file="../../workspace/dataset/test/test_ustar_filename_encoding.c.ifdefed" startline="279" endline="318" function="test_ustar_filename_encoding_EUCJP_UTF8" hash="-6504118541505996766"></source>
			<source file="../../workspace/dataset/test/test_ustar_filename_encoding.c.ifdefed" startline="320" endline="359" function="test_ustar_filename_encoding_EUCJP_CP932" hash="-8094608538695478316"></source>
			<source file="../../workspace/dataset/test/test_gnutar_filename_encoding.c.ifdefed" startline="361" endline="401" function="test_gnutar_filename_encoding_CP932_UTF8" hash="7621175354609999848"></source>
			<source file="../../workspace/dataset/test/test_gnutar_filename_encoding.c.ifdefed" startline="279" endline="318" function="test_gnutar_filename_encoding_EUCJP_UTF8" hash="7636244240096915194"></source>
			<source file="../../workspace/dataset/test/test_ustar_filename_encoding.c.ifdefed" startline="30" endline="70" function="test_ustar_filename_encoding_UTF8_CP866" hash="5311513547461624405"></source>
			<source file="../../workspace/dataset/test/test_gnutar_filename_encoding.c.ifdefed" startline="30" endline="70" function="test_gnutar_filename_encoding_UTF8_CP866" hash="6612927632673931307"></source>
			<source file="../../workspace/dataset/test/test_gnutar_filename_encoding.c.ifdefed" startline="320" endline="359" function="test_gnutar_filename_encoding_EUCJP_CP932" hash="8606598050404475966"></source>
		</class>
	</version>
	<version nr="2490" hash="d707a9a9" evolution="Same" change="Same">
		<class nclones="18">
			<source file="../../workspace/dataset/test/test_pax_filename_encoding.c.ifdefed" startline="338" endline="380" function="test_pax_filename_encoding_KOI8R" hash="2172060030808184844"></source>
			<source file="../../workspace/dataset/test/test_gnutar_filename_encoding.c.ifdefed" startline="156" endline="197" function="test_gnutar_filename_encoding_CP1251_UTF8" hash="-635081924154718627"></source>
			<source file="../../workspace/dataset/test/test_pax_filename_encoding.c.ifdefed" startline="385" endline="428" function="test_pax_filename_encoding_CP1251" hash="-8231691457762350658"></source>
			<source file="../../workspace/dataset/test/test_gnutar_filename_encoding.c.ifdefed" startline="114" endline="154" function="test_gnutar_filename_encoding_KOI8R_CP866" hash="6535374618612092438"></source>
			<source file="../../workspace/dataset/test/test_pax_filename_encoding.c.ifdefed" startline="433" endline="476" function="test_pax_filename_encoding_EUCJP" hash="2740570259807762882"></source>
			<source file="../../workspace/dataset/test/test_gnutar_filename_encoding.c.ifdefed" startline="72" endline="112" function="test_gnutar_filename_encoding_KOI8R_UTF8" hash="-797140602451143239"></source>
			<source file="../../workspace/dataset/test/test_pax_filename_encoding.c.ifdefed" startline="481" endline="525" function="test_pax_filename_encoding_CP932" hash="2800596640265713354"></source>
			<source file="../../workspace/dataset/test/test_ustar_filename_encoding.c.ifdefed" startline="156" endline="197" function="test_ustar_filename_encoding_CP1251_UTF8" hash="-6015189159013204745"></source>
			<source file="../../workspace/dataset/test/test_ustar_filename_encoding.c.ifdefed" startline="72" endline="112" function="test_ustar_filename_encoding_KOI8R_UTF8" hash="-8181837355389036639"></source>
			<source file="../../workspace/dataset/test/test_ustar_filename_encoding.c.ifdefed" startline="114" endline="154" function="test_ustar_filename_encoding_KOI8R_CP866" hash="-1749655676311660098"></source>
			<source file="../../workspace/dataset/test/test_ustar_filename_encoding.c.ifdefed" startline="279" endline="318" function="test_ustar_filename_encoding_EUCJP_UTF8" hash="-6504118541505996766"></source>
			<source file="../../workspace/dataset/test/test_gnutar_filename_encoding.c.ifdefed" startline="30" endline="70" function="test_gnutar_filename_encoding_UTF8_CP866" hash="6612927632673931307"></source>
			<source file="../../workspace/dataset/test/test_ustar_filename_encoding.c.ifdefed" startline="361" endline="401" function="test_ustar_filename_encoding_CP932_UTF8" hash="-3048424121516109297"></source>
			<source file="../../workspace/dataset/test/test_gnutar_filename_encoding.c.ifdefed" startline="320" endline="359" function="test_gnutar_filename_encoding_EUCJP_CP932" hash="8606598050404475966"></source>
			<source file="../../workspace/dataset/test/test_gnutar_filename_encoding.c.ifdefed" startline="361" endline="401" function="test_gnutar_filename_encoding_CP932_UTF8" hash="7621175354609999848"></source>
			<source file="../../workspace/dataset/test/test_gnutar_filename_encoding.c.ifdefed" startline="279" endline="318" function="test_gnutar_filename_encoding_EUCJP_UTF8" hash="7636244240096915194"></source>
			<source file="../../workspace/dataset/test/test_ustar_filename_encoding.c.ifdefed" startline="30" endline="70" function="test_ustar_filename_encoding_UTF8_CP866" hash="5311513547461624405"></source>
			<source file="../../workspace/dataset/test/test_ustar_filename_encoding.c.ifdefed" startline="320" endline="359" function="test_ustar_filename_encoding_EUCJP_CP932" hash="-8094608538695478316"></source>
		</class>
	</version>
	<version nr="2500" hash="ec63acf7" evolution="Same" change="Inconsistent">
		<class nclones="18">
			<source file="../../workspace/dataset/test/test_pax_filename_encoding.c.ifdefed" startline="338" endline="380" function="test_pax_filename_encoding_KOI8R" hash="2172060030808184844"></source>
			<source file="../../workspace/dataset/test/test_pax_filename_encoding.c.ifdefed" startline="433" endline="476" function="test_pax_filename_encoding_EUCJP" hash="2740570259807762882"></source>
			<source file="../../workspace/dataset/test/test_ustar_filename_encoding.c.ifdefed" startline="156" endline="197" function="test_ustar_filename_encoding_CP1251_UTF8" hash="-6015189159013204745"></source>
			<source file="../../workspace/dataset/test/test_ustar_filename_encoding.c.ifdefed" startline="114" endline="154" function="test_ustar_filename_encoding_KOI8R_CP866" hash="-1749655676311660098"></source>
			<source file="../../workspace/dataset/test/test_ustar_filename_encoding.c.ifdefed" startline="72" endline="112" function="test_ustar_filename_encoding_KOI8R_UTF8" hash="-8181837355389036639"></source>
			<source file="../../workspace/dataset/test/test_gnutar_filename_encoding.c.ifdefed" startline="72" endline="112" function="test_gnutar_filename_encoding_KOI8R_UTF8" hash="-797140602451143239"></source>
			<source file="../../workspace/dataset/test/test_gnutar_filename_encoding.c.ifdefed" startline="114" endline="154" function="test_gnutar_filename_encoding_KOI8R_CP866" hash="6535374618612092438"></source>
			<source file="../../workspace/dataset/test/test_gnutar_filename_encoding.c.ifdefed" startline="156" endline="197" function="test_gnutar_filename_encoding_CP1251_UTF8" hash="-635081924154718627"></source>
			<source file="../../workspace/dataset/test/test_pax_filename_encoding.c.ifdefed" startline="481" endline="525" function="test_pax_filename_encoding_CP932" hash="2800596640265713354"></source>
			<source file="../../workspace/dataset/test/test_pax_filename_encoding.c.ifdefed" startline="385" endline="428" function="test_pax_filename_encoding_CP1251" hash="-8231691457762350658"></source>
			<source file="../../workspace/dataset/test/test_gnutar_filename_encoding.c.ifdefed" startline="279" endline="318" function="test_gnutar_filename_encoding_EUCJP_UTF8" hash="7636244240096915194"></source>
			<source file="../../workspace/dataset/test/test_gnutar_filename_encoding.c.ifdefed" startline="320" endline="359" function="test_gnutar_filename_encoding_EUCJP_CP932" hash="8606598050404475966"></source>
			<source file="../../workspace/dataset/test/test_ustar_filename_encoding.c.ifdefed" startline="320" endline="359" function="test_ustar_filename_encoding_EUCJP_CP932" hash="-8094608538695478316"></source>
			<source file="../../workspace/dataset/test/test_ustar_filename_encoding.c.ifdefed" startline="279" endline="318" function="test_ustar_filename_encoding_EUCJP_UTF8" hash="-6504118541505996766"></source>
			<source file="../../workspace/dataset/test/test_gnutar_filename_encoding.c.ifdefed" startline="361" endline="401" function="test_gnutar_filename_encoding_CP932_UTF8" hash="7621175354609999848"></source>
			<source file="../../workspace/dataset/test/test_ustar_filename_encoding.c.ifdefed" startline="30" endline="70" function="test_ustar_filename_encoding_UTF8_CP866" hash="5736772550429719091"></source>
			<source file="../../workspace/dataset/test/test_ustar_filename_encoding.c.ifdefed" startline="361" endline="401" function="test_ustar_filename_encoding_CP932_UTF8" hash="-3048424121516109297"></source>
			<source file="../../workspace/dataset/test/test_gnutar_filename_encoding.c.ifdefed" startline="30" endline="70" function="test_gnutar_filename_encoding_UTF8_CP866" hash="-8436737743981354867"></source>
		</class>
	</version>
	<version nr="2520" hash="edf50894" evolution="Same" change="Same">
		<class nclones="18">
			<source file="../../workspace/dataset/test/test_pax_filename_encoding.c.ifdefed" startline="338" endline="380" function="test_pax_filename_encoding_KOI8R" hash="2172060030808184844"></source>
			<source file="../../workspace/dataset/test/test_pax_filename_encoding.c.ifdefed" startline="433" endline="476" function="test_pax_filename_encoding_EUCJP" hash="2740570259807762882"></source>
			<source file="../../workspace/dataset/test/test_ustar_filename_encoding.c.ifdefed" startline="156" endline="197" function="test_ustar_filename_encoding_CP1251_UTF8" hash="-6015189159013204745"></source>
			<source file="../../workspace/dataset/test/test_ustar_filename_encoding.c.ifdefed" startline="114" endline="154" function="test_ustar_filename_encoding_KOI8R_CP866" hash="-1749655676311660098"></source>
			<source file="../../workspace/dataset/test/test_ustar_filename_encoding.c.ifdefed" startline="72" endline="112" function="test_ustar_filename_encoding_KOI8R_UTF8" hash="-8181837355389036639"></source>
			<source file="../../workspace/dataset/test/test_gnutar_filename_encoding.c.ifdefed" startline="72" endline="112" function="test_gnutar_filename_encoding_KOI8R_UTF8" hash="-797140602451143239"></source>
			<source file="../../workspace/dataset/test/test_gnutar_filename_encoding.c.ifdefed" startline="114" endline="154" function="test_gnutar_filename_encoding_KOI8R_CP866" hash="6535374618612092438"></source>
			<source file="../../workspace/dataset/test/test_gnutar_filename_encoding.c.ifdefed" startline="156" endline="197" function="test_gnutar_filename_encoding_CP1251_UTF8" hash="-635081924154718627"></source>
			<source file="../../workspace/dataset/test/test_pax_filename_encoding.c.ifdefed" startline="481" endline="525" function="test_pax_filename_encoding_CP932" hash="2800596640265713354"></source>
			<source file="../../workspace/dataset/test/test_pax_filename_encoding.c.ifdefed" startline="385" endline="428" function="test_pax_filename_encoding_CP1251" hash="-8231691457762350658"></source>
			<source file="../../workspace/dataset/test/test_gnutar_filename_encoding.c.ifdefed" startline="279" endline="318" function="test_gnutar_filename_encoding_EUCJP_UTF8" hash="7636244240096915194"></source>
			<source file="../../workspace/dataset/test/test_gnutar_filename_encoding.c.ifdefed" startline="320" endline="359" function="test_gnutar_filename_encoding_EUCJP_CP932" hash="8606598050404475966"></source>
			<source file="../../workspace/dataset/test/test_ustar_filename_encoding.c.ifdefed" startline="320" endline="359" function="test_ustar_filename_encoding_EUCJP_CP932" hash="-8094608538695478316"></source>
			<source file="../../workspace/dataset/test/test_ustar_filename_encoding.c.ifdefed" startline="279" endline="318" function="test_ustar_filename_encoding_EUCJP_UTF8" hash="-6504118541505996766"></source>
			<source file="../../workspace/dataset/test/test_gnutar_filename_encoding.c.ifdefed" startline="361" endline="401" function="test_gnutar_filename_encoding_CP932_UTF8" hash="7621175354609999848"></source>
			<source file="../../workspace/dataset/test/test_ustar_filename_encoding.c.ifdefed" startline="30" endline="70" function="test_ustar_filename_encoding_UTF8_CP866" hash="5736772550429719091"></source>
			<source file="../../workspace/dataset/test/test_ustar_filename_encoding.c.ifdefed" startline="361" endline="401" function="test_ustar_filename_encoding_CP932_UTF8" hash="-3048424121516109297"></source>
			<source file="../../workspace/dataset/test/test_gnutar_filename_encoding.c.ifdefed" startline="30" endline="70" function="test_gnutar_filename_encoding_UTF8_CP866" hash="-8436737743981354867"></source>
		</class>
	</version>
	<version nr="2530" hash="644994a5" evolution="Same" change="Consistent">
		<class nclones="18">
			<source file="../../workspace/dataset/test/test_pax_filename_encoding.c.ifdefed" startline="338" endline="380" function="test_pax_filename_encoding_KOI8R" hash="-4253927617580637050"></source>
			<source file="../../workspace/dataset/test/test_pax_filename_encoding.c.ifdefed" startline="433" endline="476" function="test_pax_filename_encoding_EUCJP" hash="2264934585800142790"></source>
			<source file="../../workspace/dataset/test/test_ustar_filename_encoding.c.ifdefed" startline="156" endline="197" function="test_ustar_filename_encoding_CP1251_UTF8" hash="-2702795288041045263"></source>
			<source file="../../workspace/dataset/test/test_ustar_filename_encoding.c.ifdefed" startline="114" endline="154" function="test_ustar_filename_encoding_KOI8R_CP866" hash="2896634862748341736"></source>
			<source file="../../workspace/dataset/test/test_ustar_filename_encoding.c.ifdefed" startline="72" endline="112" function="test_ustar_filename_encoding_KOI8R_UTF8" hash="2223252146598839819"></source>
			<source file="../../workspace/dataset/test/test_gnutar_filename_encoding.c.ifdefed" startline="72" endline="112" function="test_gnutar_filename_encoding_KOI8R_UTF8" hash="4127569203648093327"></source>
			<source file="../../workspace/dataset/test/test_gnutar_filename_encoding.c.ifdefed" startline="114" endline="154" function="test_gnutar_filename_encoding_KOI8R_CP866" hash="8211326971741026884"></source>
			<source file="../../workspace/dataset/test/test_gnutar_filename_encoding.c.ifdefed" startline="156" endline="197" function="test_gnutar_filename_encoding_CP1251_UTF8" hash="-2496889305977951101"></source>
			<source file="../../workspace/dataset/test/test_pax_filename_encoding.c.ifdefed" startline="481" endline="525" function="test_pax_filename_encoding_CP932" hash="-3314756561800301432"></source>
			<source file="../../workspace/dataset/test/test_pax_filename_encoding.c.ifdefed" startline="385" endline="428" function="test_pax_filename_encoding_CP1251" hash="3055902118231195864"></source>
			<source file="../../workspace/dataset/test/test_ustar_filename_encoding.c.ifdefed" startline="279" endline="318" function="test_ustar_filename_encoding_EUCJP_UTF8" hash="6185203811046616196"></source>
			<source file="../../workspace/dataset/test/test_ustar_filename_encoding.c.ifdefed" startline="320" endline="359" function="test_ustar_filename_encoding_EUCJP_CP932" hash="45439303098390066"></source>
			<source file="../../workspace/dataset/test/test_gnutar_filename_encoding.c.ifdefed" startline="279" endline="318" function="test_gnutar_filename_encoding_EUCJP_UTF8" hash="-609311462763698744"></source>
			<source file="../../workspace/dataset/test/test_gnutar_filename_encoding.c.ifdefed" startline="320" endline="359" function="test_gnutar_filename_encoding_EUCJP_CP932" hash="-6561717128707995936"></source>
			<source file="../../workspace/dataset/test/test_ustar_filename_encoding.c.ifdefed" startline="30" endline="70" function="test_ustar_filename_encoding_UTF8_CP866" hash="3682032224372029925"></source>
			<source file="../../workspace/dataset/test/test_gnutar_filename_encoding.c.ifdefed" startline="361" endline="401" function="test_gnutar_filename_encoding_CP932_UTF8" hash="7730310181555052838"></source>
			<source file="../../workspace/dataset/test/test_ustar_filename_encoding.c.ifdefed" startline="361" endline="401" function="test_ustar_filename_encoding_CP932_UTF8" hash="6258774985634287057"></source>
			<source file="../../workspace/dataset/test/test_gnutar_filename_encoding.c.ifdefed" startline="30" endline="70" function="test_gnutar_filename_encoding_UTF8_CP866" hash="5540493109113527403"></source>
		</class>
	</version>
	<version nr="3450" hash="fa9e61aa" evolution="Same" change="Same">
		<class nclones="18">
			<source file="../../workspace/dataset/test/test_pax_filename_encoding.c.ifdefed" startline="338" endline="380" function="test_pax_filename_encoding_KOI8R" hash="-4253927617580637050"></source>
			<source file="../../workspace/dataset/test/test_gnutar_filename_encoding.c.ifdefed" startline="114" endline="154" function="test_gnutar_filename_encoding_KOI8R_CP866" hash="8211326971741026884"></source>
			<source file="../../workspace/dataset/test/test_gnutar_filename_encoding.c.ifdefed" startline="156" endline="197" function="test_gnutar_filename_encoding_CP1251_UTF8" hash="-2496889305977951101"></source>
			<source file="../../workspace/dataset/test/test_pax_filename_encoding.c.ifdefed" startline="481" endline="525" function="test_pax_filename_encoding_CP932" hash="-3314756561800301432"></source>
			<source file="../../workspace/dataset/test/test_pax_filename_encoding.c.ifdefed" startline="385" endline="428" function="test_pax_filename_encoding_CP1251" hash="3055902118231195864"></source>
			<source file="../../workspace/dataset/test/test_ustar_filename_encoding.c.ifdefed" startline="72" endline="112" function="test_ustar_filename_encoding_KOI8R_UTF8" hash="2223252146598839819"></source>
			<source file="../../workspace/dataset/test/test_ustar_filename_encoding.c.ifdefed" startline="156" endline="197" function="test_ustar_filename_encoding_CP1251_UTF8" hash="-2702795288041045263"></source>
			<source file="../../workspace/dataset/test/test_gnutar_filename_encoding.c.ifdefed" startline="72" endline="112" function="test_gnutar_filename_encoding_KOI8R_UTF8" hash="4127569203648093327"></source>
			<source file="../../workspace/dataset/test/test_ustar_filename_encoding.c.ifdefed" startline="114" endline="154" function="test_ustar_filename_encoding_KOI8R_CP866" hash="2896634862748341736"></source>
			<source file="../../workspace/dataset/test/test_pax_filename_encoding.c.ifdefed" startline="433" endline="476" function="test_pax_filename_encoding_EUCJP" hash="2264934585800142790"></source>
			<source file="../../workspace/dataset/test/test_ustar_filename_encoding.c.ifdefed" startline="30" endline="70" function="test_ustar_filename_encoding_UTF8_CP866" hash="3682032224372029925"></source>
			<source file="../../workspace/dataset/test/test_gnutar_filename_encoding.c.ifdefed" startline="320" endline="359" function="test_gnutar_filename_encoding_EUCJP_CP932" hash="-6561717128707995936"></source>
			<source file="../../workspace/dataset/test/test_gnutar_filename_encoding.c.ifdefed" startline="361" endline="401" function="test_gnutar_filename_encoding_CP932_UTF8" hash="7730310181555052838"></source>
			<source file="../../workspace/dataset/test/test_gnutar_filename_encoding.c.ifdefed" startline="30" endline="70" function="test_gnutar_filename_encoding_UTF8_CP866" hash="5540493109113527403"></source>
			<source file="../../workspace/dataset/test/test_gnutar_filename_encoding.c.ifdefed" startline="279" endline="318" function="test_gnutar_filename_encoding_EUCJP_UTF8" hash="-609311462763698744"></source>
			<source file="../../workspace/dataset/test/test_ustar_filename_encoding.c.ifdefed" startline="279" endline="318" function="test_ustar_filename_encoding_EUCJP_UTF8" hash="6185203811046616196"></source>
			<source file="../../workspace/dataset/test/test_ustar_filename_encoding.c.ifdefed" startline="361" endline="401" function="test_ustar_filename_encoding_CP932_UTF8" hash="6258774985634287057"></source>
			<source file="../../workspace/dataset/test/test_ustar_filename_encoding.c.ifdefed" startline="320" endline="359" function="test_ustar_filename_encoding_EUCJP_CP932" hash="45439303098390066"></source>
		</class>
	</version>
</lineage>
<lineage>
	<version nr="2360" hash="492ccc59" evolution="None" change="None">
		<class nclones="2">
			<source file="../../workspace/dataset/test/test_gnutar_filename_encoding.c.ifdefed" startline="202" endline="236" function="test_gnutar_filename_encoding_ru_RU_CP1251" hash="-1918997767694263274"></source>
			<source file="../../workspace/dataset/test/test_gnutar_filename_encoding.c.ifdefed" startline="243" endline="277" function="test_gnutar_filename_encoding_Russian_Russia" hash="6189550743236813383"></source>
		</class>
	</version>
	<version nr="2370" hash="4edc7390" evolution="Add" change="Same">
		<class nclones="5">
			<source file="../../workspace/dataset/test/test_zip_filename_encoding.c.ifdefed" startline="220" endline="257" function="test_zip_filename_encoding_ru_RU_CP1251" hash="-8069274997120383594"></source>
			<source file="../../workspace/dataset/test/test_ustar_filename_encoding.c.ifdefed" startline="202" endline="236" function="test_ustar_filename_encoding_ru_RU_CP1251" hash="1555393448982353618"></source>
			<source file="../../workspace/dataset/test/test_gnutar_filename_encoding.c.ifdefed" startline="202" endline="236" function="test_gnutar_filename_encoding_ru_RU_CP1251" hash="-1918997767694263274"></source>
			<source file="../../workspace/dataset/test/test_ustar_filename_encoding.c.ifdefed" startline="243" endline="277" function="test_ustar_filename_encoding_Russian_Russia" hash="2629108547576313253"></source>
			<source file="../../workspace/dataset/test/test_gnutar_filename_encoding.c.ifdefed" startline="243" endline="277" function="test_gnutar_filename_encoding_Russian_Russia" hash="6189550743236813383"></source>
		</class>
	</version>
	<version nr="2520" hash="edf50894" evolution="Same" change="Same">
		<class nclones="5">
			<source file="../../workspace/dataset/test/test_zip_filename_encoding.c.ifdefed" startline="220" endline="257" function="test_zip_filename_encoding_ru_RU_CP1251" hash="-8069274997120383594"></source>
			<source file="../../workspace/dataset/test/test_ustar_filename_encoding.c.ifdefed" startline="202" endline="236" function="test_ustar_filename_encoding_ru_RU_CP1251" hash="1555393448982353618"></source>
			<source file="../../workspace/dataset/test/test_gnutar_filename_encoding.c.ifdefed" startline="202" endline="236" function="test_gnutar_filename_encoding_ru_RU_CP1251" hash="-1918997767694263274"></source>
			<source file="../../workspace/dataset/test/test_ustar_filename_encoding.c.ifdefed" startline="243" endline="277" function="test_ustar_filename_encoding_Russian_Russia" hash="2629108547576313253"></source>
			<source file="../../workspace/dataset/test/test_gnutar_filename_encoding.c.ifdefed" startline="243" endline="277" function="test_gnutar_filename_encoding_Russian_Russia" hash="6189550743236813383"></source>
		</class>
	</version>
	<version nr="2530" hash="644994a5" evolution="Same" change="Consistent">
		<class nclones="5">
			<source file="../../workspace/dataset/test/test_zip_filename_encoding.c.ifdefed" startline="220" endline="257" function="test_zip_filename_encoding_ru_RU_CP1251" hash="-3447451078437809084"></source>
			<source file="../../workspace/dataset/test/test_ustar_filename_encoding.c.ifdefed" startline="243" endline="277" function="test_ustar_filename_encoding_Russian_Russia" hash="-5107713815749950781"></source>
			<source file="../../workspace/dataset/test/test_gnutar_filename_encoding.c.ifdefed" startline="202" endline="236" function="test_gnutar_filename_encoding_ru_RU_CP1251" hash="-9137210993987324996"></source>
			<source file="../../workspace/dataset/test/test_ustar_filename_encoding.c.ifdefed" startline="202" endline="236" function="test_ustar_filename_encoding_ru_RU_CP1251" hash="-5878047747771679212"></source>
			<source file="../../workspace/dataset/test/test_gnutar_filename_encoding.c.ifdefed" startline="243" endline="277" function="test_gnutar_filename_encoding_Russian_Russia" hash="-8792196240429681599"></source>
		</class>
	</version>
	<version nr="3050" hash="a21919fb" evolution="Same" change="Same">
		<class nclones="5">
			<source file="../../workspace/dataset/test/test_zip_filename_encoding.c.ifdefed" startline="220" endline="257" function="test_zip_filename_encoding_ru_RU_CP1251" hash="-3447451078437809084"></source>
			<source file="../../workspace/dataset/test/test_ustar_filename_encoding.c.ifdefed" startline="202" endline="236" function="test_ustar_filename_encoding_ru_RU_CP1251" hash="-5878047747771679212"></source>
			<source file="../../workspace/dataset/test/test_gnutar_filename_encoding.c.ifdefed" startline="202" endline="236" function="test_gnutar_filename_encoding_ru_RU_CP1251" hash="-9137210993987324996"></source>
			<source file="../../workspace/dataset/test/test_ustar_filename_encoding.c.ifdefed" startline="243" endline="277" function="test_ustar_filename_encoding_Russian_Russia" hash="-5107713815749950781"></source>
			<source file="../../workspace/dataset/test/test_gnutar_filename_encoding.c.ifdefed" startline="243" endline="277" function="test_gnutar_filename_encoding_Russian_Russia" hash="-8792196240429681599"></source>
		</class>
	</version>
	<version nr="3060" hash="53d452a7" evolution="Same" change="Inconsistent">
		<class nclones="5">
			<source file="../../workspace/dataset/test/test_zip_filename_encoding.c.ifdefed" startline="220" endline="257" function="test_zip_filename_encoding_ru_RU_CP1251" hash="325682744129806775"></source>
			<source file="../../workspace/dataset/test/test_gnutar_filename_encoding.c.ifdefed" startline="202" endline="236" function="test_gnutar_filename_encoding_ru_RU_CP1251" hash="-9137210993987324996"></source>
			<source file="../../workspace/dataset/test/test_ustar_filename_encoding.c.ifdefed" startline="243" endline="277" function="test_ustar_filename_encoding_Russian_Russia" hash="-5107713815749950781"></source>
			<source file="../../workspace/dataset/test/test_ustar_filename_encoding.c.ifdefed" startline="202" endline="236" function="test_ustar_filename_encoding_ru_RU_CP1251" hash="-5878047747771679212"></source>
			<source file="../../workspace/dataset/test/test_gnutar_filename_encoding.c.ifdefed" startline="243" endline="277" function="test_gnutar_filename_encoding_Russian_Russia" hash="-8792196240429681599"></source>
		</class>
	</version>
	<version nr="3450" hash="fa9e61aa" evolution="Same" change="Same">
		<class nclones="5">
			<source file="../../workspace/dataset/test/test_zip_filename_encoding.c.ifdefed" startline="220" endline="257" function="test_zip_filename_encoding_ru_RU_CP1251" hash="325682744129806775"></source>
			<source file="../../workspace/dataset/test/test_ustar_filename_encoding.c.ifdefed" startline="243" endline="277" function="test_ustar_filename_encoding_Russian_Russia" hash="-5107713815749950781"></source>
			<source file="../../workspace/dataset/test/test_gnutar_filename_encoding.c.ifdefed" startline="202" endline="236" function="test_gnutar_filename_encoding_ru_RU_CP1251" hash="-9137210993987324996"></source>
			<source file="../../workspace/dataset/test/test_gnutar_filename_encoding.c.ifdefed" startline="243" endline="277" function="test_gnutar_filename_encoding_Russian_Russia" hash="-8792196240429681599"></source>
			<source file="../../workspace/dataset/test/test_ustar_filename_encoding.c.ifdefed" startline="202" endline="236" function="test_ustar_filename_encoding_ru_RU_CP1251" hash="-5878047747771679212"></source>
		</class>
	</version>
</lineage>
<lineage>
	<version nr="2400" hash="8b7c3f6c" evolution="None" change="None">
		<class nclones="2">
			<source file="../../workspace/dataset/test/test_read_format_zip_filename.c.ifdefed" startline="979" endline="1072" function="test_read_format_zip_filename_KOI8R_UTF8_2" hash="5699706061927006006"></source>
			<source file="../../workspace/dataset/test/test_read_format_tar_filename.c.ifdefed" startline="150" endline="244" function="test_read_format_tar_filename_KOI8R_UTF8" hash="-2358452349134587422"></source>
		</class>
	</version>
	<version nr="2490" hash="d707a9a9" evolution="Same" change="Same">
		<class nclones="2">
			<source file="../../workspace/dataset/test/test_read_format_zip_filename.c.ifdefed" startline="979" endline="1072" function="test_read_format_zip_filename_KOI8R_UTF8_2" hash="5699706061927006006"></source>
			<source file="../../workspace/dataset/test/test_read_format_tar_filename.c.ifdefed" startline="150" endline="244" function="test_read_format_tar_filename_KOI8R_UTF8" hash="-2358452349134587422"></source>
		</class>
	</version>
	<version nr="2500" hash="ec63acf7" evolution="Same" change="Consistent">
		<class nclones="2">
			<source file="../../workspace/dataset/test/test_read_format_zip_filename.c.ifdefed" startline="999" endline="1092" function="test_read_format_zip_filename_KOI8R_UTF8_2" hash="409285093514035708"></source>
			<source file="../../workspace/dataset/test/test_read_format_tar_filename.c.ifdefed" startline="150" endline="244" function="test_read_format_tar_filename_KOI8R_UTF8" hash="-3905900122140320800"></source>
		</class>
	</version>
	<version nr="3330" hash="66b1a0b7" evolution="Same" change="Same">
		<class nclones="2">
			<source file="../../workspace/dataset/test/test_read_format_zip_filename.c.ifdefed" startline="999" endline="1092" function="test_read_format_zip_filename_KOI8R_UTF8_2" hash="409285093514035708"></source>
			<source file="../../workspace/dataset/test/test_read_format_tar_filename.c.ifdefed" startline="150" endline="244" function="test_read_format_tar_filename_KOI8R_UTF8" hash="-3905900122140320800"></source>
		</class>
	</version>
	<version nr="3340" hash="737e1a51" evolution="Same" change="Inconsistent">
		<class nclones="2">
			<source file="../../workspace/dataset/test/test_read_format_zip_filename.c.ifdefed" startline="1028" endline="1121" function="test_read_format_zip_filename_KOI8R_UTF8_2" hash="-7086657981630356352"></source>
			<source file="../../workspace/dataset/test/test_read_format_tar_filename.c.ifdefed" startline="150" endline="244" function="test_read_format_tar_filename_KOI8R_UTF8" hash="-3905900122140320800"></source>
		</class>
	</version>
	<version nr="3350" hash="42b5086d" evolution="Same" change="Same">
		<class nclones="2">
			<source file="../../workspace/dataset/test/test_read_format_zip_filename.c.ifdefed" startline="1028" endline="1121" function="test_read_format_zip_filename_KOI8R_UTF8_2" hash="-7086657981630356352"></source>
			<source file="../../workspace/dataset/test/test_read_format_tar_filename.c.ifdefed" startline="150" endline="244" function="test_read_format_tar_filename_KOI8R_UTF8" hash="-3905900122140320800"></source>
		</class>
	</version>
	<version nr="3360" hash="7a90710e" evolution="Same" change="Consistent">
		<class nclones="2">
			<source file="../../workspace/dataset/test/test_read_format_zip_filename.c.ifdefed" startline="1104" endline="1205" function="test_read_format_zip_filename_KOI8R_UTF8_2" hash="1466731305767934856"></source>
			<source file="../../workspace/dataset/test/test_read_format_tar_filename.c.ifdefed" startline="158" endline="267" function="test_read_format_tar_filename_KOI8R_UTF8" hash="145990525058515899"></source>
		</class>
	</version>
	<version nr="3490" hash="59d96678" evolution="Same" change="Same">
		<class nclones="2">
			<source file="../../workspace/dataset/test/test_read_format_zip_filename.c.ifdefed" startline="1104" endline="1205" function="test_read_format_zip_filename_KOI8R_UTF8_2" hash="1466731305767934856"></source>
			<source file="../../workspace/dataset/test/test_read_format_tar_filename.c.ifdefed" startline="158" endline="267" function="test_read_format_tar_filename_KOI8R_UTF8" hash="145990525058515899"></source>
		</class>
	</version>
	<version nr="3500" hash="d42fdee2" evolution="Same" change="Inconsistent">
		<class nclones="2">
			<source file="../../workspace/dataset/test/test_read_format_zip_filename.c.ifdefed" startline="1122" endline="1224" function="DEFINE_TEST" hash="6824216247068969433"></source>
			<source file="../../workspace/dataset/test/test_read_format_tar_filename.c.ifdefed" startline="158" endline="267" function="test_read_format_tar_filename_KOI8R_UTF8" hash="145990525058515899"></source>
		</class>
	</version>
	<version nr="4600" hash="fd8fe9c5" evolution="Same" change="Same">
		<class nclones="2">
			<source file="../../workspace/dataset/test/test_read_format_zip_filename.c.ifdefed" startline="1122" endline="1224" function="DEFINE_TEST" hash="6824216247068969433"></source>
			<source file="../../workspace/dataset/test/test_read_format_tar_filename.c.ifdefed" startline="158" endline="267" function="test_read_format_tar_filename_KOI8R_UTF8" hash="145990525058515899"></source>
		</class>
	</version>
</lineage>
<lineage>
	<version nr="2400" hash="8b7c3f6c" evolution="None" change="None">
		<class nclones="2">
			<source file="../../workspace/dataset/test/test_read_format_tar_filename.c.ifdefed" startline="40" endline="148" function="test_read_format_tar_filename_KOI8R_CP866" hash="1867557216566508687"></source>
			<source file="../../workspace/dataset/test/test_read_format_tar_filename.c.ifdefed" startline="246" endline="352" function="test_read_format_tar_filename_KOI8R_CP1251" hash="-4082816353899426666"></source>
		</class>
	</version>
	<version nr="3350" hash="42b5086d" evolution="Same" change="Same">
		<class nclones="2">
			<source file="../../workspace/dataset/test/test_read_format_tar_filename.c.ifdefed" startline="40" endline="148" function="test_read_format_tar_filename_KOI8R_CP866" hash="1867557216566508687"></source>
			<source file="../../workspace/dataset/test/test_read_format_tar_filename.c.ifdefed" startline="246" endline="352" function="test_read_format_tar_filename_KOI8R_CP1251" hash="-4082816353899426666"></source>
		</class>
	</version>
	<version nr="3360" hash="7a90710e" evolution="Same" change="Consistent">
		<class nclones="2">
			<source file="../../workspace/dataset/test/test_read_format_tar_filename.c.ifdefed" startline="40" endline="156" function="test_read_format_tar_filename_KOI8R_CP866" hash="3327232859184605947"></source>
			<source file="../../workspace/dataset/test/test_read_format_tar_filename.c.ifdefed" startline="269" endline="383" function="test_read_format_tar_filename_KOI8R_CP1251" hash="2799818155318361742"></source>
		</class>
	</version>
	<version nr="4600" hash="fd8fe9c5" evolution="Same" change="Same">
		<class nclones="2">
			<source file="../../workspace/dataset/test/test_read_format_tar_filename.c.ifdefed" startline="40" endline="156" function="test_read_format_tar_filename_KOI8R_CP866" hash="3327232859184605947"></source>
			<source file="../../workspace/dataset/test/test_read_format_tar_filename.c.ifdefed" startline="269" endline="383" function="test_read_format_tar_filename_KOI8R_CP1251" hash="2799818155318361742"></source>
		</class>
	</version>
</lineage>
<lineage>
	<version nr="2570" hash="b3d3adb4" evolution="None" change="None">
		<class nclones="2">
			<source file="../../workspace/dataset/test/test_write_format_iso9660_zisofs.c.ifdefed" startline="93" endline="321" function="test_write_format_iso9660_zisofs_1" hash="7584404652072025834"></source>
			<source file="../../workspace/dataset/test/test_write_format_iso9660_zisofs.c.ifdefed" startline="323" endline="563" function="test_write_format_iso9660_zisofs_2" hash="5598784208928429049"></source>
		</class>
	</version>
	<version nr="2580" hash="ff3b75e9" evolution="Same" change="Inconsistent">
		<class nclones="2">
			<source file="../../workspace/dataset/test/test_write_format_iso9660_zisofs.c.ifdefed" startline="93" endline="321" function="test_write_format_iso9660_zisofs_1" hash="7584404652072025834"></source>
			<source file="../../workspace/dataset/test/test_write_format_iso9660_zisofs.c.ifdefed" startline="323" endline="567" function="test_write_format_iso9660_zisofs_2" hash="-7572140320826911253"></source>
		</class>
	</version>
	<version nr="2840" hash="b0f3a5e1" evolution="Same" change="Same">
		<class nclones="2">
			<source file="../../workspace/dataset/test/test_write_format_iso9660_zisofs.c.ifdefed" startline="93" endline="321" function="test_write_format_iso9660_zisofs_1" hash="7584404652072025834"></source>
			<source file="../../workspace/dataset/test/test_write_format_iso9660_zisofs.c.ifdefed" startline="323" endline="567" function="test_write_format_iso9660_zisofs_2" hash="-7572140320826911253"></source>
		</class>
	</version>
	<version nr="2850" hash="76d3f996" evolution="Same" change="Inconsistent">
		<class nclones="2">
			<source file="../../workspace/dataset/test/test_write_format_iso9660_zisofs.c.ifdefed" startline="93" endline="321" function="test_write_format_iso9660_zisofs_1" hash="-5954389724515021694"></source>
			<source file="../../workspace/dataset/test/test_write_format_iso9660_zisofs.c.ifdefed" startline="323" endline="567" function="test_write_format_iso9660_zisofs_2" hash="-7572140320826911253"></source>
		</class>
	</version>
	<version nr="3160" hash="b4d25a74" evolution="Same" change="Same">
		<class nclones="2">
			<source file="../../workspace/dataset/test/test_write_format_iso9660_zisofs.c.ifdefed" startline="93" endline="321" function="test_write_format_iso9660_zisofs_1" hash="-5954389724515021694"></source>
			<source file="../../workspace/dataset/test/test_write_format_iso9660_zisofs.c.ifdefed" startline="323" endline="567" function="test_write_format_iso9660_zisofs_2" hash="-7572140320826911253"></source>
		</class>
	</version>
	<version nr="3170" hash="1ec54f09" evolution="Same" change="Inconsistent">
		<class nclones="2">
			<source file="../../workspace/dataset/test/test_write_format_iso9660_zisofs.c.ifdefed" startline="93" endline="321" function="test_write_format_iso9660_zisofs_1" hash="-5954389724515021694"></source>
			<source file="../../workspace/dataset/test/test_write_format_iso9660_zisofs.c.ifdefed" startline="323" endline="567" function="test_write_format_iso9660_zisofs_2" hash="-501947322240325551"></source>
		</class>
	</version>
	<version nr="3330" hash="66b1a0b7" evolution="Same" change="Same">
		<class nclones="2">
			<source file="../../workspace/dataset/test/test_write_format_iso9660_zisofs.c.ifdefed" startline="93" endline="321" function="test_write_format_iso9660_zisofs_1" hash="-5954389724515021694"></source>
			<source file="../../workspace/dataset/test/test_write_format_iso9660_zisofs.c.ifdefed" startline="323" endline="567" function="test_write_format_iso9660_zisofs_2" hash="-501947322240325551"></source>
		</class>
	</version>
	<version nr="3340" hash="737e1a51" evolution="Same" change="Consistent">
		<class nclones="2">
			<source file="../../workspace/dataset/test/test_write_format_iso9660_zisofs.c.ifdefed" startline="93" endline="324" function="test_write_format_iso9660_zisofs_1" hash="-9056457917844705289"></source>
			<source file="../../workspace/dataset/test/test_write_format_iso9660_zisofs.c.ifdefed" startline="326" endline="573" function="test_write_format_iso9660_zisofs_2" hash="-3161417187129805074"></source>
		</class>
	</version>
	<version nr="4600" hash="fd8fe9c5" evolution="Same" change="Same">
		<class nclones="2">
			<source file="../../workspace/dataset/test/test_write_format_iso9660_zisofs.c.ifdefed" startline="93" endline="324" function="test_write_format_iso9660_zisofs_1" hash="-9056457917844705289"></source>
			<source file="../../workspace/dataset/test/test_write_format_iso9660_zisofs.c.ifdefed" startline="326" endline="573" function="test_write_format_iso9660_zisofs_2" hash="-3161417187129805074"></source>
		</class>
	</version>
</lineage>
<lineage>
	<version nr="2590" hash="351053ae" evolution="None" change="None">
		<class nclones="2">
			<source file="../../workspace/dataset/test/test_read_format_rar.c.ifdefed" startline="101" endline="133" function="test_subblock" hash="2871777632456898108"></source>
			<source file="../../workspace/dataset/test/test_read_format_rar.c.ifdefed" startline="135" endline="167" function="test_noeof" hash="266074705037435114"></source>
		</class>
	</version>
	<version nr="2600" hash="0501e668" evolution="Same" change="Consistent">
		<class nclones="2">
			<source file="../../workspace/dataset/test/test_read_format_rar.c.ifdefed" startline="101" endline="133" function="test_subblock" hash="-7723681654472727511"></source>
			<source file="../../workspace/dataset/test/test_read_format_rar.c.ifdefed" startline="135" endline="167" function="test_noeof" hash="-1444202021158336837"></source>
		</class>
	</version>
	<version nr="3310" hash="221f63f2" evolution="Same" change="Same">
		<class nclones="2">
			<source file="../../workspace/dataset/test/test_read_format_rar.c.ifdefed" startline="101" endline="133" function="test_subblock" hash="-7723681654472727511"></source>
			<source file="../../workspace/dataset/test/test_read_format_rar.c.ifdefed" startline="135" endline="167" function="test_noeof" hash="-1444202021158336837"></source>
		</class>
	</version>
</lineage>
<lineage>
	<version nr="2630" hash="39ed0686" evolution="None" change="None">
		<class nclones="2">
			<source file="../../workspace/dataset/test/test_read_format_rar.c.ifdefed" startline="171" endline="237" function="test_unicode_UTF8" hash="2391783881867630480"></source>
			<source file="../../workspace/dataset/test/test_read_format_rar.c.ifdefed" startline="239" endline="319" function="test_unicode_CP932" hash="-6928826002662770886"></source>
		</class>
	</version>
	<version nr="2690" hash="8aca0e98" evolution="Same" change="Same">
		<class nclones="2">
			<source file="../../workspace/dataset/test/test_read_format_rar.c.ifdefed" startline="171" endline="237" function="test_unicode_UTF8" hash="2391783881867630480"></source>
			<source file="../../workspace/dataset/test/test_read_format_rar.c.ifdefed" startline="239" endline="319" function="test_unicode_CP932" hash="-6928826002662770886"></source>
		</class>
	</version>
	<version nr="2700" hash="dbc2434d" evolution="Same" change="Consistent">
		<class nclones="2">
			<source file="../../workspace/dataset/test/test_read_format_rar.c.ifdefed" startline="172" endline="252" function="test_unicode_UTF8" hash="7447041614545805977"></source>
			<source file="../../workspace/dataset/test/test_read_format_rar.c.ifdefed" startline="254" endline="338" function="test_unicode_CP932" hash="6016401295146575729"></source>
		</class>
	</version>
	<version nr="2790" hash="6b04cb99" evolution="Same" change="Same">
		<class nclones="2">
			<source file="../../workspace/dataset/test/test_read_format_rar.c.ifdefed" startline="172" endline="252" function="test_unicode_UTF8" hash="7447041614545805977"></source>
			<source file="../../workspace/dataset/test/test_read_format_rar.c.ifdefed" startline="254" endline="338" function="test_unicode_CP932" hash="6016401295146575729"></source>
		</class>
	</version>
	<version nr="2800" hash="c3a6c2f3" evolution="Same" change="Inconsistent">
		<class nclones="2">
			<source file="../../workspace/dataset/test/test_read_format_rar.c.ifdefed" startline="172" endline="286" function="test_unicode_UTF8" hash="-411361969618950562"></source>
			<source file="../../workspace/dataset/test/test_read_format_rar.c.ifdefed" startline="288" endline="372" function="test_unicode_CP932" hash="6016401295146575729"></source>
		</class>
	</version>
	<version nr="3240" hash="1dc1e2df" evolution="Same" change="Same">
		<class nclones="2">
			<source file="../../workspace/dataset/test/test_read_format_rar.c.ifdefed" startline="172" endline="286" function="test_unicode_UTF8" hash="-411361969618950562"></source>
			<source file="../../workspace/dataset/test/test_read_format_rar.c.ifdefed" startline="288" endline="372" function="test_unicode_CP932" hash="6016401295146575729"></source>
		</class>
	</version>
	<version nr="3250" hash="aa50f8f4" evolution="Same" change="Consistent">
		<class nclones="2">
			<source file="../../workspace/dataset/test/test_read_format_rar.c.ifdefed" startline="173" endline="297" function="test_unicode_UTF8" hash="-8094962308480669331"></source>
			<source file="../../workspace/dataset/test/test_read_format_rar.c.ifdefed" startline="299" endline="393" function="test_unicode_CP932" hash="-7915763998306736975"></source>
		</class>
	</version>
	<version nr="3310" hash="221f63f2" evolution="Same" change="Same">
		<class nclones="2">
			<source file="../../workspace/dataset/test/test_read_format_rar.c.ifdefed" startline="173" endline="297" function="test_unicode_UTF8" hash="-8094962308480669331"></source>
			<source file="../../workspace/dataset/test/test_read_format_rar.c.ifdefed" startline="299" endline="393" function="test_unicode_CP932" hash="-7915763998306736975"></source>
		</class>
	</version>
</lineage>
<lineage>
	<version nr="2660" hash="d483c48a" evolution="None" change="None">
		<class nclones="2">
			<source file="../../workspace/dataset/test/test_read_format_rar.c.ifdefed" startline="321" endline="413" function="test_compress_normal" hash="5120571937531962140"></source>
			<source file="../../workspace/dataset/test/test_read_format_rar.c.ifdefed" startline="457" endline="549" function="test_compress_best" hash="3879501437441620020"></source>
		</class>
	</version>
	<version nr="2690" hash="8aca0e98" evolution="Same" change="Same">
		<class nclones="2">
			<source file="../../workspace/dataset/test/test_read_format_rar.c.ifdefed" startline="321" endline="413" function="test_compress_normal" hash="5120571937531962140"></source>
			<source file="../../workspace/dataset/test/test_read_format_rar.c.ifdefed" startline="457" endline="549" function="test_compress_best" hash="3879501437441620020"></source>
		</class>
	</version>
	<version nr="2700" hash="dbc2434d" evolution="Same" change="Consistent">
		<class nclones="2">
			<source file="../../workspace/dataset/test/test_read_format_rar.c.ifdefed" startline="340" endline="433" function="test_compress_normal" hash="-2617142311538828096"></source>
			<source file="../../workspace/dataset/test/test_read_format_rar.c.ifdefed" startline="477" endline="570" function="test_compress_best" hash="-241998849090511960"></source>
		</class>
	</version>
	<version nr="2710" hash="8ecd7359" evolution="Same" change="Same">
		<class nclones="2">
			<source file="../../workspace/dataset/test/test_read_format_rar.c.ifdefed" startline="340" endline="433" function="test_compress_normal" hash="-2617142311538828096"></source>
			<source file="../../workspace/dataset/test/test_read_format_rar.c.ifdefed" startline="477" endline="570" function="test_compress_best" hash="-241998849090511960"></source>
		</class>
	</version>
	<version nr="2720" hash="a0b2ef61" evolution="Same" change="Consistent">
		<class nclones="2">
			<source file="../../workspace/dataset/test/test_read_format_rar.c.ifdefed" startline="340" endline="433" function="test_compress_normal" hash="5549988129910546994"></source>
			<source file="../../workspace/dataset/test/test_read_format_rar.c.ifdefed" startline="477" endline="570" function="test_compress_best" hash="-8207278251929207094"></source>
		</class>
	</version>
	<version nr="3270" hash="613b157a" evolution="Same" change="Same">
		<class nclones="2">
			<source file="../../workspace/dataset/test/test_read_format_rar.c.ifdefed" startline="340" endline="433" function="test_compress_normal" hash="5549988129910546994"></source>
			<source file="../../workspace/dataset/test/test_read_format_rar.c.ifdefed" startline="477" endline="570" function="test_compress_best" hash="-8207278251929207094"></source>
		</class>
	</version>
	<version nr="3280" hash="73875693" evolution="Add" change="Same">
		<class nclones="4">
			<source file="../../workspace/dataset/test/test_read_format_rar.c.ifdefed" startline="395" endline="488" function="test_compress_normal" hash="5549988129910546994"></source>
			<source file="../../workspace/dataset/test/test_read_format_rar.c.ifdefed" startline="532" endline="625" function="test_compress_best" hash="-8207278251929207094"></source>
			<source file="../../workspace/dataset/test/test_read_format_rar.c.ifdefed" startline="925" endline="1019" function="test_multivolume_rar_skip" hash="-3831449486190108955"></source>
			<source file="../../workspace/dataset/test/test_read_format_rar.c.ifdefed" startline="801" endline="923" function="test_multivolume_rar" hash="-4661411339203853167"></source>
		</class>
	</version>
	<version nr="3310" hash="221f63f2" evolution="Same" change="Same">
		<class nclones="4">
			<source file="../../workspace/dataset/test/test_read_format_rar.c.ifdefed" startline="395" endline="488" function="test_compress_normal" hash="5549988129910546994"></source>
			<source file="../../workspace/dataset/test/test_read_format_rar.c.ifdefed" startline="925" endline="1019" function="test_multivolume_rar_skip" hash="-3831449486190108955"></source>
			<source file="../../workspace/dataset/test/test_read_format_rar.c.ifdefed" startline="532" endline="625" function="test_compress_best" hash="-8207278251929207094"></source>
			<source file="../../workspace/dataset/test/test_read_format_rar.c.ifdefed" startline="801" endline="923" function="test_multivolume_rar" hash="-4661411339203853167"></source>
		</class>
	</version>
</lineage>
<lineage>
	<version nr="2660" hash="d483c48a" evolution="None" change="None">
		<class nclones="2">
			<source file="../../workspace/dataset/test/test_read_format_rar.c.ifdefed" startline="418" endline="455" function="test_multi_lzss_blocks" hash="7657375489659421901"></source>
			<source file="../../workspace/dataset/test/test_read_format_rar.c.ifdefed" startline="554" endline="592" function="test_ppmd_lzss_conversion" hash="5708318288298051731"></source>
		</class>
	</version>
	<version nr="2670" hash="3ee2350b" evolution="Same" change="Inconsistent">
		<class nclones="2">
			<source file="../../workspace/dataset/test/test_read_format_rar.c.ifdefed" startline="418" endline="455" function="test_multi_lzss_blocks" hash="7657375489659421901"></source>
			<source file="../../workspace/dataset/test/test_read_format_rar.c.ifdefed" startline="554" endline="592" function="test_ppmd_lzss_conversion" hash="9005989862499566297"></source>
		</class>
	</version>
	<version nr="3270" hash="613b157a" evolution="Same" change="Same">
		<class nclones="2">
			<source file="../../workspace/dataset/test/test_read_format_rar.c.ifdefed" startline="418" endline="455" function="test_multi_lzss_blocks" hash="7657375489659421901"></source>
			<source file="../../workspace/dataset/test/test_read_format_rar.c.ifdefed" startline="554" endline="592" function="test_ppmd_lzss_conversion" hash="9005989862499566297"></source>
		</class>
	</version>
	<version nr="3280" hash="73875693" evolution="Add" change="Same">
		<class nclones="3">
			<source file="../../workspace/dataset/test/test_read_format_rar.c.ifdefed" startline="493" endline="530" function="test_multi_lzss_blocks" hash="7657375489659421901"></source>
			<source file="../../workspace/dataset/test/test_archive_read_multiple_data_objects.c.ifdefed" startline="118" endline="164" function="test_large_splitted_file" hash="-1879463542919024284"></source>
			<source file="../../workspace/dataset/test/test_read_format_rar.c.ifdefed" startline="630" endline="668" function="test_ppmd_lzss_conversion" hash="9005989862499566297"></source>
		</class>
	</version>
	<version nr="3310" hash="221f63f2" evolution="Same" change="Same">
		<class nclones="3">
			<source file="../../workspace/dataset/test/test_read_format_rar.c.ifdefed" startline="493" endline="530" function="test_multi_lzss_blocks" hash="7657375489659421901"></source>
			<source file="../../workspace/dataset/test/test_read_format_rar.c.ifdefed" startline="630" endline="668" function="test_ppmd_lzss_conversion" hash="9005989862499566297"></source>
			<source file="../../workspace/dataset/test/test_archive_read_multiple_data_objects.c.ifdefed" startline="118" endline="164" function="test_large_splitted_file" hash="-1879463542919024284"></source>
		</class>
	</version>
	<version nr="3320" hash="bbe315f7" evolution="Same" change="Inconsistent">
		<class nclones="3">
			<source file="../../workspace/dataset/test/test_read_format_rar.c.ifdefed" startline="487" endline="523" function="DEFINE_TEST" hash="7958029502868226782"></source>
			<source file="../../workspace/dataset/test/test_archive_read_multiple_data_objects.c.ifdefed" startline="118" endline="164" function="test_large_splitted_file" hash="-1879463542919024284"></source>
			<source file="../../workspace/dataset/test/test_read_format_rar.c.ifdefed" startline="622" endline="659" function="DEFINE_TEST" hash="9142320364605374427"></source>
		</class>
	</version>
	<version nr="3330" hash="66b1a0b7" evolution="Add" change="Consistent">
		<class nclones="5">
			<source file="../../workspace/dataset/test/test_read_format_rar.c.ifdefed" startline="31" endline="102" function="DEFINE_TEST" hash="-1714647051739152582"></source>
			<source file="../../workspace/dataset/test/test_archive_read_multiple_data_objects.c.ifdefed" startline="250" endline="349" function="test_customized_multiple_data_objects" hash="-3785884956904370651"></source>
			<source file="../../workspace/dataset/test/test_read_format_rar.c.ifdefed" startline="1008" endline="1078" function="DEFINE_TEST" hash="-7692255302132890009"></source>
			<source file="../../workspace/dataset/test/test_archive_read_multiple_data_objects.c.ifdefed" startline="37" endline="116" function="test_splitted_file" hash="-5642290133250822820"></source>
			<source file="../../workspace/dataset/test/test_read_format_rar.c.ifdefed" startline="718" endline="788" function="DEFINE_TEST" hash="-4639527765934655994"></source>
		</class>
	</version>
	<version nr="3330" hash="66b1a0b7" evolution="Subtract" change="Consistent">
		<class nclones="2">
			<source file="../../workspace/dataset/test/test_read_format_rar.c.ifdefed" startline="104" endline="135" function="DEFINE_TEST" hash="-5991371007923040805"></source>
			<source file="../../workspace/dataset/test/test_read_format_rar.c.ifdefed" startline="137" endline="168" function="DEFINE_TEST" hash="-3921341957523288524"></source>
		</class>
	</version>
	<version nr="3330" hash="66b1a0b7" evolution="Same" change="Consistent">
		<class nclones="2">
			<source file="../../workspace/dataset/test/test_read_format_rar.c.ifdefed" startline="170" endline="293" function="DEFINE_TEST" hash="-2165792158662729609"></source>
			<source file="../../workspace/dataset/test/test_read_format_rar.c.ifdefed" startline="295" endline="388" function="DEFINE_TEST" hash="-1911943528816988870"></source>
		</class>
	</version>
	<version nr="3330" hash="66b1a0b7" evolution="Add" change="Consistent">
		<class nclones="4">
			<source file="../../workspace/dataset/test/test_read_format_rar.c.ifdefed" startline="390" endline="482" function="DEFINE_TEST" hash="9008208408150027276"></source>
			<source file="../../workspace/dataset/test/test_read_format_rar.c.ifdefed" startline="525" endline="617" function="DEFINE_TEST" hash="7537013854574235787"></source>
			<source file="../../workspace/dataset/test/test_read_format_rar.c.ifdefed" startline="913" endline="1006" function="DEFINE_TEST" hash="6504258853123146097"></source>
			<source file="../../workspace/dataset/test/test_read_format_rar.c.ifdefed" startline="790" endline="911" function="DEFINE_TEST" hash="-417186645294881678"></source>
		</class>
	</version>
	<version nr="3330" hash="66b1a0b7" evolution="Subtract" change="Consistent">
		<class nclones="3">
			<source file="../../workspace/dataset/test/test_read_format_rar.c.ifdefed" startline="487" endline="523" function="DEFINE_TEST" hash="7958029502868226782"></source>
			<source file="../../workspace/dataset/test/test_read_format_rar.c.ifdefed" startline="622" endline="659" function="DEFINE_TEST" hash="9142320364605374427"></source>
			<source file="../../workspace/dataset/test/test_archive_read_multiple_data_objects.c.ifdefed" startline="118" endline="164" function="test_large_splitted_file" hash="-1879463542919024284"></source>
		</class>
	</version>
	<version nr="3330" hash="66b1a0b7" evolution="Subtract" change="Consistent">
		<class nclones="2">
			<source file="../../workspace/dataset/test/test_read_format_rar.c.ifdefed" startline="1080" endline="1121" function="DEFINE_TEST" hash="-7102606428278457032"></source>
			<source file="../../workspace/dataset/test/test_read_format_rar.c.ifdefed" startline="1123" endline="1156" function="DEFINE_TEST" hash="-5604185988022444565"></source>
		</class>
	</version>
	<version nr="3340" hash="737e1a51" evolution="Add" change="Consistent">
		<class nclones="5">
			<source file="../../workspace/dataset/test/test_read_set_format.c.ifdefed" startline="29" endline="100" function="DEFINE_TEST" hash="2333526279395416625"></source>
			<source file="../../workspace/dataset/test/test_read_format_rar.c.ifdefed" startline="718" endline="788" function="DEFINE_TEST" hash="-6621846814492902911"></source>
			<source file="../../workspace/dataset/test/test_read_format_rar.c.ifdefed" startline="1008" endline="1078" function="DEFINE_TEST" hash="8461617457365531172"></source>
			<source file="../../workspace/dataset/test/test_archive_read_multiple_data_objects.c.ifdefed" startline="42" endline="121" function="test_splitted_file" hash="-5642290133250822820"></source>
			<source file="../../workspace/dataset/test/test_read_format_rar.c.ifdefed" startline="31" endline="102" function="DEFINE_TEST" hash="-3753432115759519669"></source>
		</class>
	</version>
	<version nr="3340" hash="737e1a51" evolution="Subtract" change="Consistent">
		<class nclones="2">
			<source file="../../workspace/dataset/test/test_read_format_rar.c.ifdefed" startline="104" endline="135" function="DEFINE_TEST" hash="8827949925997568418"></source>
			<source file="../../workspace/dataset/test/test_read_format_rar.c.ifdefed" startline="137" endline="168" function="DEFINE_TEST" hash="-7199953894410865363"></source>
		</class>
	</version>
	<version nr="3340" hash="737e1a51" evolution="Same" change="Consistent">
		<class nclones="2">
			<source file="../../workspace/dataset/test/test_read_format_rar.c.ifdefed" startline="170" endline="293" function="DEFINE_TEST" hash="-4561374819421185486"></source>
			<source file="../../workspace/dataset/test/test_read_format_rar.c.ifdefed" startline="295" endline="388" function="DEFINE_TEST" hash="5088138967602577845"></source>
		</class>
	</version>
	<version nr="3340" hash="737e1a51" evolution="Add" change="Consistent">
		<class nclones="4">
			<source file="../../workspace/dataset/test/test_read_format_rar.c.ifdefed" startline="390" endline="482" function="DEFINE_TEST" hash="2066716128613788849"></source>
			<source file="../../workspace/dataset/test/test_read_format_rar.c.ifdefed" startline="913" endline="1006" function="DEFINE_TEST" hash="6504258853123146097"></source>
			<source file="../../workspace/dataset/test/test_read_format_rar.c.ifdefed" startline="525" endline="617" function="DEFINE_TEST" hash="-4308752858597413074"></source>
			<source file="../../workspace/dataset/test/test_read_format_rar.c.ifdefed" startline="790" endline="911" function="DEFINE_TEST" hash="-417186645294881678"></source>
		</class>
	</version>
	<version nr="3340" hash="737e1a51" evolution="Subtract" change="Consistent">
		<class nclones="3">
			<source file="../../workspace/dataset/test/test_read_format_rar.c.ifdefed" startline="487" endline="523" function="DEFINE_TEST" hash="7372779905711960311"></source>
			<source file="../../workspace/dataset/test/test_read_format_rar.c.ifdefed" startline="622" endline="659" function="DEFINE_TEST" hash="-2463530816524669938"></source>
			<source file="../../workspace/dataset/test/test_archive_read_multiple_data_objects.c.ifdefed" startline="123" endline="169" function="test_large_splitted_file" hash="-1879463542919024284"></source>
		</class>
	</version>
	<version nr="3340" hash="737e1a51" evolution="Subtract" change="Consistent">
		<class nclones="2">
			<source file="../../workspace/dataset/test/test_read_format_rar.c.ifdefed" startline="1080" endline="1121" function="DEFINE_TEST" hash="-7102606428278457032"></source>
			<source file="../../workspace/dataset/test/test_read_format_rar.c.ifdefed" startline="1123" endline="1156" function="DEFINE_TEST" hash="-5604185988022444565"></source>
		</class>
	</version>
	<version nr="3350" hash="42b5086d" evolution="Add" change="Consistent">
		<class nclones="5">
			<source file="../../workspace/dataset/test/test_read_set_format.c.ifdefed" startline="29" endline="100" function="DEFINE_TEST" hash="2333526279395416625"></source>
			<source file="../../workspace/dataset/test/test_archive_read_multiple_data_objects.c.ifdefed" startline="42" endline="121" function="test_splitted_file" hash="-5642290133250822820"></source>
			<source file="../../workspace/dataset/test/test_read_format_rar.c.ifdefed" startline="1008" endline="1078" function="DEFINE_TEST" hash="8461617457365531172"></source>
			<source file="../../workspace/dataset/test/test_read_format_rar.c.ifdefed" startline="718" endline="788" function="DEFINE_TEST" hash="-6621846814492902911"></source>
			<source file="../../workspace/dataset/test/test_read_format_rar.c.ifdefed" startline="31" endline="102" function="DEFINE_TEST" hash="-3753432115759519669"></source>
		</class>
	</version>
	<version nr="3350" hash="42b5086d" evolution="Subtract" change="Consistent">
		<class nclones="2">
			<source file="../../workspace/dataset/test/test_read_format_rar.c.ifdefed" startline="104" endline="135" function="DEFINE_TEST" hash="8827949925997568418"></source>
			<source file="../../workspace/dataset/test/test_read_format_rar.c.ifdefed" startline="137" endline="168" function="DEFINE_TEST" hash="-7199953894410865363"></source>
		</class>
	</version>
	<version nr="3350" hash="42b5086d" evolution="Same" change="Consistent">
		<class nclones="2">
			<source file="../../workspace/dataset/test/test_read_format_rar.c.ifdefed" startline="170" endline="293" function="DEFINE_TEST" hash="-4561374819421185486"></source>
			<source file="../../workspace/dataset/test/test_read_format_rar.c.ifdefed" startline="295" endline="388" function="DEFINE_TEST" hash="5088138967602577845"></source>
		</class>
	</version>
	<version nr="3350" hash="42b5086d" evolution="Add" change="Consistent">
		<class nclones="4">
			<source file="../../workspace/dataset/test/test_read_format_rar.c.ifdefed" startline="390" endline="482" function="DEFINE_TEST" hash="2066716128613788849"></source>
			<source file="../../workspace/dataset/test/test_read_format_rar.c.ifdefed" startline="913" endline="1006" function="DEFINE_TEST" hash="6504258853123146097"></source>
			<source file="../../workspace/dataset/test/test_read_format_rar.c.ifdefed" startline="525" endline="617" function="DEFINE_TEST" hash="-4308752858597413074"></source>
			<source file="../../workspace/dataset/test/test_read_format_rar.c.ifdefed" startline="790" endline="911" function="DEFINE_TEST" hash="-417186645294881678"></source>
		</class>
	</version>
	<version nr="3350" hash="42b5086d" evolution="Subtract" change="Consistent">
		<class nclones="3">
			<source file="../../workspace/dataset/test/test_read_format_rar.c.ifdefed" startline="487" endline="523" function="DEFINE_TEST" hash="7372779905711960311"></source>
			<source file="../../workspace/dataset/test/test_read_format_rar.c.ifdefed" startline="622" endline="659" function="DEFINE_TEST" hash="-2463530816524669938"></source>
			<source file="../../workspace/dataset/test/test_archive_read_multiple_data_objects.c.ifdefed" startline="123" endline="169" function="test_large_splitted_file" hash="-1879463542919024284"></source>
		</class>
	</version>
	<version nr="3350" hash="42b5086d" evolution="Subtract" change="Consistent">
		<class nclones="2">
			<source file="../../workspace/dataset/test/test_read_format_rar.c.ifdefed" startline="1080" endline="1121" function="DEFINE_TEST" hash="-7102606428278457032"></source>
			<source file="../../workspace/dataset/test/test_read_format_rar.c.ifdefed" startline="1123" endline="1156" function="DEFINE_TEST" hash="-5604185988022444565"></source>
		</class>
	</version>
	<version nr="3360" hash="7a90710e" evolution="Add" change="Consistent">
		<class nclones="5">
			<source file="../../workspace/dataset/test/test_read_set_format.c.ifdefed" startline="29" endline="100" function="DEFINE_TEST" hash="2333526279395416625"></source>
			<source file="../../workspace/dataset/test/test_read_format_rar.c.ifdefed" startline="31" endline="112" function="DEFINE_TEST" hash="-7455731038030152052"></source>
			<source file="../../workspace/dataset/test/test_archive_read_multiple_data_objects.c.ifdefed" startline="42" endline="121" function="test_splitted_file" hash="-5642290133250822820"></source>
			<source file="../../workspace/dataset/test/test_read_format_rar.c.ifdefed" startline="782" endline="862" function="DEFINE_TEST" hash="5688425904423569062"></source>
			<source file="../../workspace/dataset/test/test_read_format_rar.c.ifdefed" startline="1110" endline="1190" function="DEFINE_TEST" hash="5258517205543878417"></source>
		</class>
	</version>
	<version nr="3360" hash="7a90710e" evolution="Subtract" change="Consistent">
		<class nclones="2">
			<source file="../../workspace/dataset/test/test_read_format_rar.c.ifdefed" startline="114" endline="147" function="DEFINE_TEST" hash="7347787519050389751"></source>
			<source file="../../workspace/dataset/test/test_read_format_rar.c.ifdefed" startline="149" endline="182" function="DEFINE_TEST" hash="-8326657658909896514"></source>
		</class>
	</version>
	<version nr="3360" hash="7a90710e" evolution="Add" change="Consistent">
		<class nclones="4">
			<source file="../../workspace/dataset/test/test_read_format_rar.c.ifdefed" startline="422" endline="526" function="DEFINE_TEST" hash="-634553122039628821"></source>
			<source file="../../workspace/dataset/test/test_read_format_rar.c.ifdefed" startline="571" endline="675" function="DEFINE_TEST" hash="-6430192971850206728"></source>
			<source file="../../workspace/dataset/test/test_read_format_rar.c.ifdefed" startline="1001" endline="1108" function="DEFINE_TEST" hash="8178492710978744946"></source>
			<source file="../../workspace/dataset/test/test_read_format_rar.c.ifdefed" startline="864" endline="999" function="DEFINE_TEST" hash="-2577482925625549261"></source>
		</class>
	</version>
	<version nr="3360" hash="7a90710e" evolution="Subtract" change="Consistent">
		<class nclones="3">
			<source file="../../workspace/dataset/test/test_read_format_rar.c.ifdefed" startline="531" endline="569" function="DEFINE_TEST" hash="-8154355082158996682"></source>
			<source file="../../workspace/dataset/test/test_archive_read_multiple_data_objects.c.ifdefed" startline="123" endline="169" function="test_large_splitted_file" hash="-1879463542919024284"></source>
			<source file="../../workspace/dataset/test/test_read_format_rar.c.ifdefed" startline="680" endline="719" function="DEFINE_TEST" hash="-5019404797213644931"></source>
		</class>
	</version>
	<version nr="3360" hash="7a90710e" evolution="Subtract" change="Consistent">
		<class nclones="2">
			<source file="../../workspace/dataset/test/test_read_format_rar.c.ifdefed" startline="1192" endline="1235" function="DEFINE_TEST" hash="-5308602354601454993"></source>
			<source file="../../workspace/dataset/test/test_read_format_rar.c.ifdefed" startline="1237" endline="1272" function="DEFINE_TEST" hash="8842446203963963948"></source>
		</class>
	</version>
	<version nr="3370" hash="78128f8d" evolution="Add" change="Consistent">
		<class nclones="5">
			<source file="../../workspace/dataset/test/test_read_set_format.c.ifdefed" startline="29" endline="100" function="DEFINE_TEST" hash="2333526279395416625"></source>
			<source file="../../workspace/dataset/test/test_archive_read_multiple_data_objects.c.ifdefed" startline="42" endline="121" function="test_splitted_file" hash="-5642290133250822820"></source>
			<source file="../../workspace/dataset/test/test_read_format_rar.c.ifdefed" startline="31" endline="112" function="DEFINE_TEST" hash="-7455731038030152052"></source>
			<source file="../../workspace/dataset/test/test_read_format_rar.c.ifdefed" startline="782" endline="862" function="DEFINE_TEST" hash="5688425904423569062"></source>
			<source file="../../workspace/dataset/test/test_read_format_rar.c.ifdefed" startline="1110" endline="1190" function="DEFINE_TEST" hash="5258517205543878417"></source>
		</class>
	</version>
	<version nr="3370" hash="78128f8d" evolution="Subtract" change="Consistent">
		<class nclones="2">
			<source file="../../workspace/dataset/test/test_read_format_rar.c.ifdefed" startline="114" endline="147" function="DEFINE_TEST" hash="7347787519050389751"></source>
			<source file="../../workspace/dataset/test/test_read_format_rar.c.ifdefed" startline="149" endline="182" function="DEFINE_TEST" hash="-8326657658909896514"></source>
		</class>
	</version>
	<version nr="3370" hash="78128f8d" evolution="Add" change="Consistent">
		<class nclones="4">
			<source file="../../workspace/dataset/test/test_read_format_rar.c.ifdefed" startline="422" endline="526" function="DEFINE_TEST" hash="-634553122039628821"></source>
			<source file="../../workspace/dataset/test/test_read_format_rar.c.ifdefed" startline="571" endline="675" function="DEFINE_TEST" hash="-6430192971850206728"></source>
			<source file="../../workspace/dataset/test/test_read_format_rar.c.ifdefed" startline="1001" endline="1108" function="DEFINE_TEST" hash="8178492710978744946"></source>
			<source file="../../workspace/dataset/test/test_read_format_rar.c.ifdefed" startline="864" endline="999" function="DEFINE_TEST" hash="-2577482925625549261"></source>
		</class>
	</version>
	<version nr="3370" hash="78128f8d" evolution="Subtract" change="Consistent">
		<class nclones="3">
			<source file="../../workspace/dataset/test/test_read_format_rar.c.ifdefed" startline="531" endline="569" function="DEFINE_TEST" hash="-8154355082158996682"></source>
			<source file="../../workspace/dataset/test/test_archive_read_multiple_data_objects.c.ifdefed" startline="123" endline="169" function="test_large_splitted_file" hash="-1879463542919024284"></source>
			<source file="../../workspace/dataset/test/test_read_format_rar.c.ifdefed" startline="680" endline="719" function="DEFINE_TEST" hash="-5019404797213644931"></source>
		</class>
	</version>
	<version nr="3370" hash="78128f8d" evolution="Subtract" change="Consistent">
		<class nclones="2">
			<source file="../../workspace/dataset/test/test_read_format_rar.c.ifdefed" startline="1192" endline="1235" function="DEFINE_TEST" hash="-5308602354601454993"></source>
			<source file="../../workspace/dataset/test/test_read_format_rar.c.ifdefed" startline="1237" endline="1272" function="DEFINE_TEST" hash="8842446203963963948"></source>
		</class>
	</version>
	<version nr="3380" hash="77874fb8" evolution="Add" change="Consistent">
		<class nclones="5">
			<source file="../../workspace/dataset/test/test_read_set_format.c.ifdefed" startline="29" endline="100" function="DEFINE_TEST" hash="2333526279395416625"></source>
			<source file="../../workspace/dataset/test/test_read_format_rar.c.ifdefed" startline="31" endline="112" function="DEFINE_TEST" hash="-7455731038030152052"></source>
			<source file="../../workspace/dataset/test/test_archive_read_multiple_data_objects.c.ifdefed" startline="42" endline="121" function="test_splitted_file" hash="-5642290133250822820"></source>
			<source file="../../workspace/dataset/test/test_read_format_rar.c.ifdefed" startline="1112" endline="1192" function="DEFINE_TEST" hash="5258517205543878417"></source>
			<source file="../../workspace/dataset/test/test_read_format_rar.c.ifdefed" startline="784" endline="864" function="DEFINE_TEST" hash="5688425904423569062"></source>
		</class>
	</version>
	<version nr="3380" hash="77874fb8" evolution="Subtract" change="Consistent">
		<class nclones="2">
			<source file="../../workspace/dataset/test/test_read_format_rar.c.ifdefed" startline="114" endline="147" function="DEFINE_TEST" hash="7347787519050389751"></source>
			<source file="../../workspace/dataset/test/test_read_format_rar.c.ifdefed" startline="149" endline="182" function="DEFINE_TEST" hash="-8326657658909896514"></source>
		</class>
	</version>
	<version nr="3380" hash="77874fb8" evolution="Add" change="Consistent">
		<class nclones="4">
			<source file="../../workspace/dataset/test/test_read_format_rar.c.ifdefed" startline="422" endline="526" function="DEFINE_TEST" hash="-634553122039628821"></source>
			<source file="../../workspace/dataset/test/test_read_format_rar.c.ifdefed" startline="571" endline="675" function="DEFINE_TEST" hash="-6430192971850206728"></source>
			<source file="../../workspace/dataset/test/test_read_format_rar.c.ifdefed" startline="1003" endline="1110" function="DEFINE_TEST" hash="8178492710978744946"></source>
			<source file="../../workspace/dataset/test/test_read_format_rar.c.ifdefed" startline="866" endline="1001" function="DEFINE_TEST" hash="-2577482925625549261"></source>
		</class>
	</version>
	<version nr="3380" hash="77874fb8" evolution="Subtract" change="Consistent">
		<class nclones="3">
			<source file="../../workspace/dataset/test/test_read_format_rar.c.ifdefed" startline="531" endline="569" function="DEFINE_TEST" hash="-8154355082158996682"></source>
			<source file="../../workspace/dataset/test/test_archive_read_multiple_data_objects.c.ifdefed" startline="123" endline="169" function="test_large_splitted_file" hash="-1879463542919024284"></source>
			<source file="../../workspace/dataset/test/test_read_format_rar.c.ifdefed" startline="680" endline="719" function="DEFINE_TEST" hash="-5019404797213644931"></source>
		</class>
	</version>
	<version nr="3380" hash="77874fb8" evolution="Subtract" change="Consistent">
		<class nclones="2">
			<source file="../../workspace/dataset/test/test_read_format_rar.c.ifdefed" startline="1194" endline="1237" function="DEFINE_TEST" hash="-5308602354601454993"></source>
			<source file="../../workspace/dataset/test/test_read_format_rar.c.ifdefed" startline="1239" endline="1274" function="DEFINE_TEST" hash="8842446203963963948"></source>
		</class>
	</version>
	<version nr="3390" hash="d4f23b41" evolution="Add" change="Consistent">
		<class nclones="5">
			<source file="../../workspace/dataset/test/test_read_set_format.c.ifdefed" startline="29" endline="100" function="DEFINE_TEST" hash="2333526279395416625"></source>
			<source file="../../workspace/dataset/test/test_read_format_rar.c.ifdefed" startline="31" endline="112" function="DEFINE_TEST" hash="-7455731038030152052"></source>
			<source file="../../workspace/dataset/test/test_archive_read_multiple_data_objects.c.ifdefed" startline="42" endline="121" function="test_splitted_file" hash="-5642290133250822820"></source>
			<source file="../../workspace/dataset/test/test_read_format_rar.c.ifdefed" startline="784" endline="864" function="DEFINE_TEST" hash="5688425904423569062"></source>
			<source file="../../workspace/dataset/test/test_read_format_rar.c.ifdefed" startline="1112" endline="1192" function="DEFINE_TEST" hash="5258517205543878417"></source>
		</class>
	</version>
	<version nr="3390" hash="d4f23b41" evolution="Subtract" change="Consistent">
		<class nclones="2">
			<source file="../../workspace/dataset/test/test_read_format_rar.c.ifdefed" startline="114" endline="147" function="DEFINE_TEST" hash="7347787519050389751"></source>
			<source file="../../workspace/dataset/test/test_read_format_rar.c.ifdefed" startline="149" endline="182" function="DEFINE_TEST" hash="-8326657658909896514"></source>
		</class>
	</version>
	<version nr="3390" hash="d4f23b41" evolution="Add" change="Consistent">
		<class nclones="4">
			<source file="../../workspace/dataset/test/test_read_format_rar.c.ifdefed" startline="422" endline="526" function="DEFINE_TEST" hash="-634553122039628821"></source>
			<source file="../../workspace/dataset/test/test_read_format_rar.c.ifdefed" startline="1003" endline="1110" function="DEFINE_TEST" hash="8178492710978744946"></source>
			<source file="../../workspace/dataset/test/test_read_format_rar.c.ifdefed" startline="571" endline="675" function="DEFINE_TEST" hash="-6430192971850206728"></source>
			<source file="../../workspace/dataset/test/test_read_format_rar.c.ifdefed" startline="866" endline="1001" function="DEFINE_TEST" hash="-2577482925625549261"></source>
		</class>
	</version>
	<version nr="3390" hash="d4f23b41" evolution="Subtract" change="Consistent">
		<class nclones="3">
			<source file="../../workspace/dataset/test/test_read_format_rar.c.ifdefed" startline="531" endline="569" function="DEFINE_TEST" hash="-8154355082158996682"></source>
			<source file="../../workspace/dataset/test/test_archive_read_multiple_data_objects.c.ifdefed" startline="123" endline="169" function="test_large_splitted_file" hash="-1879463542919024284"></source>
			<source file="../../workspace/dataset/test/test_read_format_rar.c.ifdefed" startline="680" endline="719" function="DEFINE_TEST" hash="-5019404797213644931"></source>
		</class>
	</version>
	<version nr="3390" hash="d4f23b41" evolution="Subtract" change="Consistent">
		<class nclones="2">
			<source file="../../workspace/dataset/test/test_read_format_rar.c.ifdefed" startline="1194" endline="1237" function="DEFINE_TEST" hash="-5308602354601454993"></source>
			<source file="../../workspace/dataset/test/test_read_format_rar.c.ifdefed" startline="1239" endline="1274" function="DEFINE_TEST" hash="8842446203963963948"></source>
		</class>
	</version>
	<version nr="3400" hash="7687c84c" evolution="Add" change="Consistent">
		<class nclones="5">
			<source file="../../workspace/dataset/test/test_read_set_format.c.ifdefed" startline="29" endline="100" function="DEFINE_TEST" hash="2333526279395416625"></source>
			<source file="../../workspace/dataset/test/test_read_format_rar.c.ifdefed" startline="31" endline="112" function="DEFINE_TEST" hash="-7455731038030152052"></source>
			<source file="../../workspace/dataset/test/test_archive_read_multiple_data_objects.c.ifdefed" startline="42" endline="121" function="test_splitted_file" hash="-5642290133250822820"></source>
			<source file="../../workspace/dataset/test/test_read_format_rar.c.ifdefed" startline="784" endline="864" function="DEFINE_TEST" hash="5688425904423569062"></source>
			<source file="../../workspace/dataset/test/test_read_format_rar.c.ifdefed" startline="1112" endline="1192" function="DEFINE_TEST" hash="5258517205543878417"></source>
		</class>
	</version>
	<version nr="3400" hash="7687c84c" evolution="Subtract" change="Consistent">
		<class nclones="2">
			<source file="../../workspace/dataset/test/test_read_format_rar.c.ifdefed" startline="114" endline="147" function="DEFINE_TEST" hash="7347787519050389751"></source>
			<source file="../../workspace/dataset/test/test_read_format_rar.c.ifdefed" startline="149" endline="182" function="DEFINE_TEST" hash="-8326657658909896514"></source>
		</class>
	</version>
	<version nr="3400" hash="7687c84c" evolution="Add" change="Consistent">
		<class nclones="4">
			<source file="../../workspace/dataset/test/test_read_format_rar.c.ifdefed" startline="422" endline="526" function="DEFINE_TEST" hash="-634553122039628821"></source>
			<source file="../../workspace/dataset/test/test_read_format_rar.c.ifdefed" startline="1003" endline="1110" function="DEFINE_TEST" hash="8178492710978744946"></source>
			<source file="../../workspace/dataset/test/test_read_format_rar.c.ifdefed" startline="571" endline="675" function="DEFINE_TEST" hash="-6430192971850206728"></source>
			<source file="../../workspace/dataset/test/test_read_format_rar.c.ifdefed" startline="866" endline="1001" function="DEFINE_TEST" hash="-2577482925625549261"></source>
		</class>
	</version>
	<version nr="3400" hash="7687c84c" evolution="Subtract" change="Consistent">
		<class nclones="3">
			<source file="../../workspace/dataset/test/test_read_format_rar.c.ifdefed" startline="531" endline="569" function="DEFINE_TEST" hash="-8154355082158996682"></source>
			<source file="../../workspace/dataset/test/test_archive_read_multiple_data_objects.c.ifdefed" startline="123" endline="169" function="test_large_splitted_file" hash="-1879463542919024284"></source>
			<source file="../../workspace/dataset/test/test_read_format_rar.c.ifdefed" startline="680" endline="719" function="DEFINE_TEST" hash="-5019404797213644931"></source>
		</class>
	</version>
	<version nr="3400" hash="7687c84c" evolution="Subtract" change="Consistent">
		<class nclones="2">
			<source file="../../workspace/dataset/test/test_read_format_rar.c.ifdefed" startline="1194" endline="1237" function="DEFINE_TEST" hash="-5308602354601454993"></source>
			<source file="../../workspace/dataset/test/test_read_format_rar.c.ifdefed" startline="1239" endline="1274" function="DEFINE_TEST" hash="8842446203963963948"></source>
		</class>
	</version>
	<version nr="3410" hash="75de90ac" evolution="Add" change="Consistent">
		<class nclones="5">
			<source file="../../workspace/dataset/test/test_read_set_format.c.ifdefed" startline="29" endline="100" function="DEFINE_TEST" hash="2333526279395416625"></source>
			<source file="../../workspace/dataset/test/test_archive_read_multiple_data_objects.c.ifdefed" startline="42" endline="121" function="test_splitted_file" hash="-5642290133250822820"></source>
			<source file="../../workspace/dataset/test/test_read_format_rar.c.ifdefed" startline="31" endline="112" function="DEFINE_TEST" hash="-7455731038030152052"></source>
			<source file="../../workspace/dataset/test/test_read_format_rar.c.ifdefed" startline="1112" endline="1192" function="DEFINE_TEST" hash="5258517205543878417"></source>
			<source file="../../workspace/dataset/test/test_read_format_rar.c.ifdefed" startline="784" endline="864" function="DEFINE_TEST" hash="5688425904423569062"></source>
		</class>
	</version>
	<version nr="3410" hash="75de90ac" evolution="Subtract" change="Consistent">
		<class nclones="2">
			<source file="../../workspace/dataset/test/test_read_format_rar.c.ifdefed" startline="114" endline="147" function="DEFINE_TEST" hash="7347787519050389751"></source>
			<source file="../../workspace/dataset/test/test_read_format_rar.c.ifdefed" startline="149" endline="182" function="DEFINE_TEST" hash="-8326657658909896514"></source>
		</class>
	</version>
	<version nr="3410" hash="75de90ac" evolution="Add" change="Consistent">
		<class nclones="4">
			<source file="../../workspace/dataset/test/test_read_format_rar.c.ifdefed" startline="422" endline="526" function="DEFINE_TEST" hash="-634553122039628821"></source>
			<source file="../../workspace/dataset/test/test_read_format_rar.c.ifdefed" startline="1003" endline="1110" function="DEFINE_TEST" hash="8178492710978744946"></source>
			<source file="../../workspace/dataset/test/test_read_format_rar.c.ifdefed" startline="571" endline="675" function="DEFINE_TEST" hash="-6430192971850206728"></source>
			<source file="../../workspace/dataset/test/test_read_format_rar.c.ifdefed" startline="866" endline="1001" function="DEFINE_TEST" hash="-2577482925625549261"></source>
		</class>
	</version>
	<version nr="3410" hash="75de90ac" evolution="Subtract" change="Consistent">
		<class nclones="3">
			<source file="../../workspace/dataset/test/test_read_format_rar.c.ifdefed" startline="531" endline="569" function="DEFINE_TEST" hash="-8154355082158996682"></source>
			<source file="../../workspace/dataset/test/test_archive_read_multiple_data_objects.c.ifdefed" startline="123" endline="169" function="test_large_splitted_file" hash="-1879463542919024284"></source>
			<source file="../../workspace/dataset/test/test_read_format_rar.c.ifdefed" startline="680" endline="719" function="DEFINE_TEST" hash="-5019404797213644931"></source>
		</class>
	</version>
	<version nr="3410" hash="75de90ac" evolution="Subtract" change="Consistent">
		<class nclones="2">
			<source file="../../workspace/dataset/test/test_read_format_rar.c.ifdefed" startline="1194" endline="1237" function="DEFINE_TEST" hash="-5308602354601454993"></source>
			<source file="../../workspace/dataset/test/test_read_format_rar.c.ifdefed" startline="1239" endline="1274" function="DEFINE_TEST" hash="8842446203963963948"></source>
		</class>
	</version>
	<version nr="3420" hash="5c80ecf3" evolution="Add" change="Consistent">
		<class nclones="5">
			<source file="../../workspace/dataset/test/test_read_set_format.c.ifdefed" startline="29" endline="100" function="DEFINE_TEST" hash="2333526279395416625"></source>
			<source file="../../workspace/dataset/test/test_read_format_rar.c.ifdefed" startline="31" endline="112" function="DEFINE_TEST" hash="-7455731038030152052"></source>
			<source file="../../workspace/dataset/test/test_archive_read_multiple_data_objects.c.ifdefed" startline="42" endline="121" function="test_splitted_file" hash="-5642290133250822820"></source>
			<source file="../../workspace/dataset/test/test_read_format_rar.c.ifdefed" startline="1112" endline="1192" function="DEFINE_TEST" hash="5258517205543878417"></source>
			<source file="../../workspace/dataset/test/test_read_format_rar.c.ifdefed" startline="784" endline="864" function="DEFINE_TEST" hash="5688425904423569062"></source>
		</class>
	</version>
	<version nr="3420" hash="5c80ecf3" evolution="Subtract" change="Consistent">
		<class nclones="2">
			<source file="../../workspace/dataset/test/test_read_format_rar.c.ifdefed" startline="114" endline="147" function="DEFINE_TEST" hash="7347787519050389751"></source>
			<source file="../../workspace/dataset/test/test_read_format_rar.c.ifdefed" startline="149" endline="182" function="DEFINE_TEST" hash="-8326657658909896514"></source>
		</class>
	</version>
	<version nr="3420" hash="5c80ecf3" evolution="Add" change="Consistent">
		<class nclones="4">
			<source file="../../workspace/dataset/test/test_read_format_rar.c.ifdefed" startline="422" endline="526" function="DEFINE_TEST" hash="-634553122039628821"></source>
			<source file="../../workspace/dataset/test/test_read_format_rar.c.ifdefed" startline="1003" endline="1110" function="DEFINE_TEST" hash="8178492710978744946"></source>
			<source file="../../workspace/dataset/test/test_read_format_rar.c.ifdefed" startline="571" endline="675" function="DEFINE_TEST" hash="-6430192971850206728"></source>
			<source file="../../workspace/dataset/test/test_read_format_rar.c.ifdefed" startline="866" endline="1001" function="DEFINE_TEST" hash="-2577482925625549261"></source>
		</class>
	</version>
	<version nr="3420" hash="5c80ecf3" evolution="Subtract" change="Consistent">
		<class nclones="3">
			<source file="../../workspace/dataset/test/test_read_format_rar.c.ifdefed" startline="531" endline="569" function="DEFINE_TEST" hash="-8154355082158996682"></source>
			<source file="../../workspace/dataset/test/test_read_format_rar.c.ifdefed" startline="680" endline="719" function="DEFINE_TEST" hash="-5019404797213644931"></source>
			<source file="../../workspace/dataset/test/test_archive_read_multiple_data_objects.c.ifdefed" startline="123" endline="169" function="test_large_splitted_file" hash="-1879463542919024284"></source>
		</class>
	</version>
	<version nr="3420" hash="5c80ecf3" evolution="Subtract" change="Consistent">
		<class nclones="2">
			<source file="../../workspace/dataset/test/test_read_format_rar.c.ifdefed" startline="1194" endline="1237" function="DEFINE_TEST" hash="-5308602354601454993"></source>
			<source file="../../workspace/dataset/test/test_read_format_rar.c.ifdefed" startline="1239" endline="1274" function="DEFINE_TEST" hash="8842446203963963948"></source>
		</class>
	</version>
	<version nr="3430" hash="7679625d" evolution="Add" change="Consistent">
		<class nclones="5">
			<source file="../../workspace/dataset/test/test_read_set_format.c.ifdefed" startline="29" endline="100" function="DEFINE_TEST" hash="2333526279395416625"></source>
			<source file="../../workspace/dataset/test/test_read_format_rar.c.ifdefed" startline="31" endline="112" function="DEFINE_TEST" hash="-7455731038030152052"></source>
			<source file="../../workspace/dataset/test/test_archive_read_multiple_data_objects.c.ifdefed" startline="42" endline="121" function="test_splitted_file" hash="-5642290133250822820"></source>
			<source file="../../workspace/dataset/test/test_read_format_rar.c.ifdefed" startline="1112" endline="1192" function="DEFINE_TEST" hash="5258517205543878417"></source>
			<source file="../../workspace/dataset/test/test_read_format_rar.c.ifdefed" startline="784" endline="864" function="DEFINE_TEST" hash="5688425904423569062"></source>
		</class>
	</version>
	<version nr="3430" hash="7679625d" evolution="Subtract" change="Consistent">
		<class nclones="2">
			<source file="../../workspace/dataset/test/test_read_format_rar.c.ifdefed" startline="114" endline="147" function="DEFINE_TEST" hash="7347787519050389751"></source>
			<source file="../../workspace/dataset/test/test_read_format_rar.c.ifdefed" startline="149" endline="182" function="DEFINE_TEST" hash="-8326657658909896514"></source>
		</class>
	</version>
	<version nr="3430" hash="7679625d" evolution="Add" change="Consistent">
		<class nclones="4">
			<source file="../../workspace/dataset/test/test_read_format_rar.c.ifdefed" startline="422" endline="526" function="DEFINE_TEST" hash="-634553122039628821"></source>
			<source file="../../workspace/dataset/test/test_read_format_rar.c.ifdefed" startline="1003" endline="1110" function="DEFINE_TEST" hash="8178492710978744946"></source>
			<source file="../../workspace/dataset/test/test_read_format_rar.c.ifdefed" startline="571" endline="675" function="DEFINE_TEST" hash="-6430192971850206728"></source>
			<source file="../../workspace/dataset/test/test_read_format_rar.c.ifdefed" startline="866" endline="1001" function="DEFINE_TEST" hash="-2577482925625549261"></source>
		</class>
	</version>
	<version nr="3430" hash="7679625d" evolution="Subtract" change="Consistent">
		<class nclones="3">
			<source file="../../workspace/dataset/test/test_read_format_rar.c.ifdefed" startline="531" endline="569" function="DEFINE_TEST" hash="-8154355082158996682"></source>
			<source file="../../workspace/dataset/test/test_read_format_rar.c.ifdefed" startline="680" endline="719" function="DEFINE_TEST" hash="-5019404797213644931"></source>
			<source file="../../workspace/dataset/test/test_archive_read_multiple_data_objects.c.ifdefed" startline="123" endline="169" function="test_large_splitted_file" hash="-1879463542919024284"></source>
		</class>
	</version>
	<version nr="3430" hash="7679625d" evolution="Subtract" change="Consistent">
		<class nclones="2">
			<source file="../../workspace/dataset/test/test_read_format_rar.c.ifdefed" startline="1194" endline="1237" function="DEFINE_TEST" hash="-5308602354601454993"></source>
			<source file="../../workspace/dataset/test/test_read_format_rar.c.ifdefed" startline="1239" endline="1274" function="DEFINE_TEST" hash="8842446203963963948"></source>
		</class>
	</version>
	<version nr="3440" hash="31272aca" evolution="Add" change="Consistent">
		<class nclones="5">
			<source file="../../workspace/dataset/test/test_read_set_format.c.ifdefed" startline="29" endline="100" function="DEFINE_TEST" hash="2333526279395416625"></source>
			<source file="../../workspace/dataset/test/test_read_format_rar.c.ifdefed" startline="31" endline="112" function="DEFINE_TEST" hash="-7455731038030152052"></source>
			<source file="../../workspace/dataset/test/test_archive_read_multiple_data_objects.c.ifdefed" startline="42" endline="121" function="test_splitted_file" hash="-5642290133250822820"></source>
			<source file="../../workspace/dataset/test/test_read_format_rar.c.ifdefed" startline="784" endline="864" function="DEFINE_TEST" hash="5688425904423569062"></source>
			<source file="../../workspace/dataset/test/test_read_format_rar.c.ifdefed" startline="1112" endline="1192" function="DEFINE_TEST" hash="5258517205543878417"></source>
		</class>
	</version>
	<version nr="3440" hash="31272aca" evolution="Subtract" change="Consistent">
		<class nclones="2">
			<source file="../../workspace/dataset/test/test_read_format_rar.c.ifdefed" startline="114" endline="147" function="DEFINE_TEST" hash="7347787519050389751"></source>
			<source file="../../workspace/dataset/test/test_read_format_rar.c.ifdefed" startline="149" endline="182" function="DEFINE_TEST" hash="-8326657658909896514"></source>
		</class>
	</version>
	<version nr="3440" hash="31272aca" evolution="Add" change="Consistent">
		<class nclones="4">
			<source file="../../workspace/dataset/test/test_read_format_rar.c.ifdefed" startline="422" endline="526" function="DEFINE_TEST" hash="-634553122039628821"></source>
			<source file="../../workspace/dataset/test/test_read_format_rar.c.ifdefed" startline="1003" endline="1110" function="DEFINE_TEST" hash="8178492710978744946"></source>
			<source file="../../workspace/dataset/test/test_read_format_rar.c.ifdefed" startline="571" endline="675" function="DEFINE_TEST" hash="-6430192971850206728"></source>
			<source file="../../workspace/dataset/test/test_read_format_rar.c.ifdefed" startline="866" endline="1001" function="DEFINE_TEST" hash="-2577482925625549261"></source>
		</class>
	</version>
	<version nr="3440" hash="31272aca" evolution="Subtract" change="Consistent">
		<class nclones="3">
			<source file="../../workspace/dataset/test/test_read_format_rar.c.ifdefed" startline="531" endline="569" function="DEFINE_TEST" hash="-8154355082158996682"></source>
			<source file="../../workspace/dataset/test/test_read_format_rar.c.ifdefed" startline="680" endline="719" function="DEFINE_TEST" hash="-5019404797213644931"></source>
			<source file="../../workspace/dataset/test/test_archive_read_multiple_data_objects.c.ifdefed" startline="123" endline="169" function="test_large_splitted_file" hash="-1879463542919024284"></source>
		</class>
	</version>
	<version nr="3440" hash="31272aca" evolution="Subtract" change="Consistent">
		<class nclones="2">
			<source file="../../workspace/dataset/test/test_read_format_rar.c.ifdefed" startline="1194" endline="1237" function="DEFINE_TEST" hash="-5308602354601454993"></source>
			<source file="../../workspace/dataset/test/test_read_format_rar.c.ifdefed" startline="1239" endline="1274" function="DEFINE_TEST" hash="8842446203963963948"></source>
		</class>
	</version>
	<version nr="3450" hash="fa9e61aa" evolution="Add" change="Consistent">
		<class nclones="5">
			<source file="../../workspace/dataset/test/test_read_set_format.c.ifdefed" startline="29" endline="100" function="DEFINE_TEST" hash="2333526279395416625"></source>
			<source file="../../workspace/dataset/test/test_archive_read_multiple_data_objects.c.ifdefed" startline="42" endline="121" function="test_splitted_file" hash="-5642290133250822820"></source>
			<source file="../../workspace/dataset/test/test_read_format_rar.c.ifdefed" startline="31" endline="112" function="DEFINE_TEST" hash="-7455731038030152052"></source>
			<source file="../../workspace/dataset/test/test_read_format_rar.c.ifdefed" startline="1112" endline="1192" function="DEFINE_TEST" hash="5258517205543878417"></source>
			<source file="../../workspace/dataset/test/test_read_format_rar.c.ifdefed" startline="784" endline="864" function="DEFINE_TEST" hash="5688425904423569062"></source>
		</class>
	</version>
	<version nr="3450" hash="fa9e61aa" evolution="Subtract" change="Consistent">
		<class nclones="2">
			<source file="../../workspace/dataset/test/test_read_format_rar.c.ifdefed" startline="114" endline="147" function="DEFINE_TEST" hash="7347787519050389751"></source>
			<source file="../../workspace/dataset/test/test_read_format_rar.c.ifdefed" startline="149" endline="182" function="DEFINE_TEST" hash="-8326657658909896514"></source>
		</class>
	</version>
	<version nr="3450" hash="fa9e61aa" evolution="Add" change="Consistent">
		<class nclones="4">
			<source file="../../workspace/dataset/test/test_read_format_rar.c.ifdefed" startline="422" endline="526" function="DEFINE_TEST" hash="-634553122039628821"></source>
			<source file="../../workspace/dataset/test/test_read_format_rar.c.ifdefed" startline="571" endline="675" function="DEFINE_TEST" hash="-6430192971850206728"></source>
			<source file="../../workspace/dataset/test/test_read_format_rar.c.ifdefed" startline="1003" endline="1110" function="DEFINE_TEST" hash="8178492710978744946"></source>
			<source file="../../workspace/dataset/test/test_read_format_rar.c.ifdefed" startline="866" endline="1001" function="DEFINE_TEST" hash="-2577482925625549261"></source>
		</class>
	</version>
	<version nr="3450" hash="fa9e61aa" evolution="Subtract" change="Consistent">
		<class nclones="3">
			<source file="../../workspace/dataset/test/test_read_format_rar.c.ifdefed" startline="531" endline="569" function="DEFINE_TEST" hash="-8154355082158996682"></source>
			<source file="../../workspace/dataset/test/test_archive_read_multiple_data_objects.c.ifdefed" startline="123" endline="169" function="test_large_splitted_file" hash="-1879463542919024284"></source>
			<source file="../../workspace/dataset/test/test_read_format_rar.c.ifdefed" startline="680" endline="719" function="DEFINE_TEST" hash="-5019404797213644931"></source>
		</class>
	</version>
	<version nr="3450" hash="fa9e61aa" evolution="Subtract" change="Consistent">
		<class nclones="2">
			<source file="../../workspace/dataset/test/test_read_format_rar.c.ifdefed" startline="1194" endline="1237" function="DEFINE_TEST" hash="-5308602354601454993"></source>
			<source file="../../workspace/dataset/test/test_read_format_rar.c.ifdefed" startline="1239" endline="1274" function="DEFINE_TEST" hash="8842446203963963948"></source>
		</class>
	</version>
	<version nr="3460" hash="1d2939fd" evolution="Add" change="Consistent">
		<class nclones="5">
			<source file="../../workspace/dataset/test/test_read_set_format.c.ifdefed" startline="29" endline="100" function="DEFINE_TEST" hash="2333526279395416625"></source>
			<source file="../../workspace/dataset/test/test_archive_read_multiple_data_objects.c.ifdefed" startline="42" endline="121" function="test_splitted_file" hash="-5642290133250822820"></source>
			<source file="../../workspace/dataset/test/test_read_format_rar.c.ifdefed" startline="31" endline="112" function="DEFINE_TEST" hash="-7455731038030152052"></source>
			<source file="../../workspace/dataset/test/test_read_format_rar.c.ifdefed" startline="784" endline="864" function="DEFINE_TEST" hash="5688425904423569062"></source>
			<source file="../../workspace/dataset/test/test_read_format_rar.c.ifdefed" startline="1112" endline="1192" function="DEFINE_TEST" hash="5258517205543878417"></source>
		</class>
	</version>
	<version nr="3460" hash="1d2939fd" evolution="Subtract" change="Consistent">
		<class nclones="2">
			<source file="../../workspace/dataset/test/test_read_format_rar.c.ifdefed" startline="114" endline="147" function="DEFINE_TEST" hash="7347787519050389751"></source>
			<source file="../../workspace/dataset/test/test_read_format_rar.c.ifdefed" startline="149" endline="182" function="DEFINE_TEST" hash="-8326657658909896514"></source>
		</class>
	</version>
	<version nr="3460" hash="1d2939fd" evolution="Add" change="Consistent">
		<class nclones="4">
			<source file="../../workspace/dataset/test/test_read_format_rar.c.ifdefed" startline="422" endline="526" function="DEFINE_TEST" hash="-634553122039628821"></source>
			<source file="../../workspace/dataset/test/test_read_format_rar.c.ifdefed" startline="1003" endline="1110" function="DEFINE_TEST" hash="8178492710978744946"></source>
			<source file="../../workspace/dataset/test/test_read_format_rar.c.ifdefed" startline="571" endline="675" function="DEFINE_TEST" hash="-6430192971850206728"></source>
			<source file="../../workspace/dataset/test/test_read_format_rar.c.ifdefed" startline="866" endline="1001" function="DEFINE_TEST" hash="-2577482925625549261"></source>
		</class>
	</version>
	<version nr="3460" hash="1d2939fd" evolution="Subtract" change="Consistent">
		<class nclones="3">
			<source file="../../workspace/dataset/test/test_read_format_rar.c.ifdefed" startline="531" endline="569" function="DEFINE_TEST" hash="-8154355082158996682"></source>
			<source file="../../workspace/dataset/test/test_read_format_rar.c.ifdefed" startline="680" endline="719" function="DEFINE_TEST" hash="-5019404797213644931"></source>
			<source file="../../workspace/dataset/test/test_archive_read_multiple_data_objects.c.ifdefed" startline="123" endline="169" function="test_large_splitted_file" hash="-1879463542919024284"></source>
		</class>
	</version>
	<version nr="3460" hash="1d2939fd" evolution="Subtract" change="Consistent">
		<class nclones="2">
			<source file="../../workspace/dataset/test/test_read_format_rar.c.ifdefed" startline="1194" endline="1237" function="DEFINE_TEST" hash="-5308602354601454993"></source>
			<source file="../../workspace/dataset/test/test_read_format_rar.c.ifdefed" startline="1239" endline="1274" function="DEFINE_TEST" hash="8842446203963963948"></source>
		</class>
	</version>
	<version nr="3470" hash="bacaab46" evolution="Add" change="Consistent">
		<class nclones="5">
			<source file="../../workspace/dataset/test/test_read_set_format.c.ifdefed" startline="29" endline="100" function="DEFINE_TEST" hash="2333526279395416625"></source>
			<source file="../../workspace/dataset/test/test_read_format_rar.c.ifdefed" startline="31" endline="112" function="DEFINE_TEST" hash="-7455731038030152052"></source>
			<source file="../../workspace/dataset/test/test_archive_read_multiple_data_objects.c.ifdefed" startline="42" endline="121" function="test_splitted_file" hash="-5642290133250822820"></source>
			<source file="../../workspace/dataset/test/test_read_format_rar.c.ifdefed" startline="1112" endline="1192" function="DEFINE_TEST" hash="5258517205543878417"></source>
			<source file="../../workspace/dataset/test/test_read_format_rar.c.ifdefed" startline="784" endline="864" function="DEFINE_TEST" hash="5688425904423569062"></source>
		</class>
	</version>
	<version nr="3470" hash="bacaab46" evolution="Subtract" change="Consistent">
		<class nclones="2">
			<source file="../../workspace/dataset/test/test_read_format_rar.c.ifdefed" startline="114" endline="147" function="DEFINE_TEST" hash="7347787519050389751"></source>
			<source file="../../workspace/dataset/test/test_read_format_rar.c.ifdefed" startline="149" endline="182" function="DEFINE_TEST" hash="-8326657658909896514"></source>
		</class>
	</version>
	<version nr="3470" hash="bacaab46" evolution="Add" change="Consistent">
		<class nclones="4">
			<source file="../../workspace/dataset/test/test_read_format_rar.c.ifdefed" startline="422" endline="526" function="DEFINE_TEST" hash="-634553122039628821"></source>
			<source file="../../workspace/dataset/test/test_read_format_rar.c.ifdefed" startline="571" endline="675" function="DEFINE_TEST" hash="-6430192971850206728"></source>
			<source file="../../workspace/dataset/test/test_read_format_rar.c.ifdefed" startline="1003" endline="1110" function="DEFINE_TEST" hash="8178492710978744946"></source>
			<source file="../../workspace/dataset/test/test_read_format_rar.c.ifdefed" startline="866" endline="1001" function="DEFINE_TEST" hash="-2577482925625549261"></source>
		</class>
	</version>
	<version nr="3470" hash="bacaab46" evolution="Subtract" change="Consistent">
		<class nclones="3">
			<source file="../../workspace/dataset/test/test_read_format_rar.c.ifdefed" startline="531" endline="569" function="DEFINE_TEST" hash="-8154355082158996682"></source>
			<source file="../../workspace/dataset/test/test_archive_read_multiple_data_objects.c.ifdefed" startline="123" endline="169" function="test_large_splitted_file" hash="-1879463542919024284"></source>
			<source file="../../workspace/dataset/test/test_read_format_rar.c.ifdefed" startline="680" endline="719" function="DEFINE_TEST" hash="-5019404797213644931"></source>
		</class>
	</version>
	<version nr="3470" hash="bacaab46" evolution="Subtract" change="Consistent">
		<class nclones="2">
			<source file="../../workspace/dataset/test/test_read_format_rar.c.ifdefed" startline="1194" endline="1237" function="DEFINE_TEST" hash="-5308602354601454993"></source>
			<source file="../../workspace/dataset/test/test_read_format_rar.c.ifdefed" startline="1239" endline="1274" function="DEFINE_TEST" hash="8842446203963963948"></source>
		</class>
	</version>
	<version nr="3480" hash="ea4701e7" evolution="Add" change="Consistent">
		<class nclones="5">
			<source file="../../workspace/dataset/test/test_read_set_format.c.ifdefed" startline="29" endline="100" function="DEFINE_TEST" hash="2333526279395416625"></source>
			<source file="../../workspace/dataset/test/test_archive_read_multiple_data_objects.c.ifdefed" startline="42" endline="121" function="test_splitted_file" hash="-5642290133250822820"></source>
			<source file="../../workspace/dataset/test/test_read_format_rar.c.ifdefed" startline="31" endline="112" function="DEFINE_TEST" hash="-7455731038030152052"></source>
			<source file="../../workspace/dataset/test/test_read_format_rar.c.ifdefed" startline="784" endline="864" function="DEFINE_TEST" hash="5688425904423569062"></source>
			<source file="../../workspace/dataset/test/test_read_format_rar.c.ifdefed" startline="1112" endline="1192" function="DEFINE_TEST" hash="5258517205543878417"></source>
		</class>
	</version>
	<version nr="3480" hash="ea4701e7" evolution="Subtract" change="Consistent">
		<class nclones="2">
			<source file="../../workspace/dataset/test/test_read_format_rar.c.ifdefed" startline="114" endline="147" function="DEFINE_TEST" hash="7347787519050389751"></source>
			<source file="../../workspace/dataset/test/test_read_format_rar.c.ifdefed" startline="149" endline="182" function="DEFINE_TEST" hash="-8326657658909896514"></source>
		</class>
	</version>
	<version nr="3480" hash="ea4701e7" evolution="Add" change="Consistent">
		<class nclones="4">
			<source file="../../workspace/dataset/test/test_read_format_rar.c.ifdefed" startline="422" endline="526" function="DEFINE_TEST" hash="-634553122039628821"></source>
			<source file="../../workspace/dataset/test/test_read_format_rar.c.ifdefed" startline="571" endline="675" function="DEFINE_TEST" hash="-6430192971850206728"></source>
			<source file="../../workspace/dataset/test/test_read_format_rar.c.ifdefed" startline="1003" endline="1110" function="DEFINE_TEST" hash="8178492710978744946"></source>
			<source file="../../workspace/dataset/test/test_read_format_rar.c.ifdefed" startline="866" endline="1001" function="DEFINE_TEST" hash="-2577482925625549261"></source>
		</class>
	</version>
	<version nr="3480" hash="ea4701e7" evolution="Subtract" change="Consistent">
		<class nclones="3">
			<source file="../../workspace/dataset/test/test_read_format_rar.c.ifdefed" startline="531" endline="569" function="DEFINE_TEST" hash="-8154355082158996682"></source>
			<source file="../../workspace/dataset/test/test_read_format_rar.c.ifdefed" startline="680" endline="719" function="DEFINE_TEST" hash="-5019404797213644931"></source>
			<source file="../../workspace/dataset/test/test_archive_read_multiple_data_objects.c.ifdefed" startline="123" endline="169" function="test_large_splitted_file" hash="-1879463542919024284"></source>
		</class>
	</version>
	<version nr="3480" hash="ea4701e7" evolution="Subtract" change="Consistent">
		<class nclones="2">
			<source file="../../workspace/dataset/test/test_read_format_rar.c.ifdefed" startline="1194" endline="1237" function="DEFINE_TEST" hash="-5308602354601454993"></source>
			<source file="../../workspace/dataset/test/test_read_format_rar.c.ifdefed" startline="1239" endline="1274" function="DEFINE_TEST" hash="8842446203963963948"></source>
		</class>
	</version>
	<version nr="3490" hash="59d96678" evolution="Add" change="Consistent">
		<class nclones="5">
			<source file="../../workspace/dataset/test/test_read_set_format.c.ifdefed" startline="29" endline="100" function="DEFINE_TEST" hash="2333526279395416625"></source>
			<source file="../../workspace/dataset/test/test_archive_read_multiple_data_objects.c.ifdefed" startline="42" endline="121" function="test_splitted_file" hash="-5642290133250822820"></source>
			<source file="../../workspace/dataset/test/test_read_format_rar.c.ifdefed" startline="31" endline="112" function="DEFINE_TEST" hash="-7455731038030152052"></source>
			<source file="../../workspace/dataset/test/test_read_format_rar.c.ifdefed" startline="784" endline="864" function="DEFINE_TEST" hash="5688425904423569062"></source>
			<source file="../../workspace/dataset/test/test_read_format_rar.c.ifdefed" startline="1112" endline="1192" function="DEFINE_TEST" hash="5258517205543878417"></source>
		</class>
	</version>
	<version nr="3490" hash="59d96678" evolution="Subtract" change="Consistent">
		<class nclones="2">
			<source file="../../workspace/dataset/test/test_read_format_rar.c.ifdefed" startline="114" endline="147" function="DEFINE_TEST" hash="7347787519050389751"></source>
			<source file="../../workspace/dataset/test/test_read_format_rar.c.ifdefed" startline="149" endline="182" function="DEFINE_TEST" hash="-8326657658909896514"></source>
		</class>
	</version>
	<version nr="3490" hash="59d96678" evolution="Add" change="Consistent">
		<class nclones="4">
			<source file="../../workspace/dataset/test/test_read_format_rar.c.ifdefed" startline="422" endline="526" function="DEFINE_TEST" hash="-634553122039628821"></source>
			<source file="../../workspace/dataset/test/test_read_format_rar.c.ifdefed" startline="1003" endline="1110" function="DEFINE_TEST" hash="8178492710978744946"></source>
			<source file="../../workspace/dataset/test/test_read_format_rar.c.ifdefed" startline="571" endline="675" function="DEFINE_TEST" hash="-6430192971850206728"></source>
			<source file="../../workspace/dataset/test/test_read_format_rar.c.ifdefed" startline="866" endline="1001" function="DEFINE_TEST" hash="-2577482925625549261"></source>
		</class>
	</version>
	<version nr="3490" hash="59d96678" evolution="Subtract" change="Consistent">
		<class nclones="3">
			<source file="../../workspace/dataset/test/test_read_format_rar.c.ifdefed" startline="531" endline="569" function="DEFINE_TEST" hash="-8154355082158996682"></source>
			<source file="../../workspace/dataset/test/test_archive_read_multiple_data_objects.c.ifdefed" startline="123" endline="169" function="test_large_splitted_file" hash="-1879463542919024284"></source>
			<source file="../../workspace/dataset/test/test_read_format_rar.c.ifdefed" startline="680" endline="719" function="DEFINE_TEST" hash="-5019404797213644931"></source>
		</class>
	</version>
	<version nr="3490" hash="59d96678" evolution="Subtract" change="Consistent">
		<class nclones="2">
			<source file="../../workspace/dataset/test/test_read_format_rar.c.ifdefed" startline="1194" endline="1237" function="DEFINE_TEST" hash="-5308602354601454993"></source>
			<source file="../../workspace/dataset/test/test_read_format_rar.c.ifdefed" startline="1239" endline="1274" function="DEFINE_TEST" hash="8842446203963963948"></source>
		</class>
	</version>
	<version nr="3500" hash="d42fdee2" evolution="Add" change="Consistent">
		<class nclones="5">
			<source file="../../workspace/dataset/test/test_read_set_format.c.ifdefed" startline="29" endline="100" function="DEFINE_TEST" hash="2333526279395416625"></source>
			<source file="../../workspace/dataset/test/test_read_format_rar.c.ifdefed" startline="31" endline="112" function="DEFINE_TEST" hash="-7455731038030152052"></source>
			<source file="../../workspace/dataset/test/test_archive_read_multiple_data_objects.c.ifdefed" startline="42" endline="121" function="test_splitted_file" hash="-5642290133250822820"></source>
			<source file="../../workspace/dataset/test/test_read_format_rar.c.ifdefed" startline="784" endline="864" function="DEFINE_TEST" hash="5688425904423569062"></source>
			<source file="../../workspace/dataset/test/test_read_format_rar.c.ifdefed" startline="1112" endline="1192" function="DEFINE_TEST" hash="5258517205543878417"></source>
		</class>
	</version>
	<version nr="3500" hash="d42fdee2" evolution="Subtract" change="Consistent">
		<class nclones="2">
			<source file="../../workspace/dataset/test/test_read_format_rar.c.ifdefed" startline="114" endline="147" function="DEFINE_TEST" hash="7347787519050389751"></source>
			<source file="../../workspace/dataset/test/test_read_format_rar.c.ifdefed" startline="149" endline="182" function="DEFINE_TEST" hash="-8326657658909896514"></source>
		</class>
	</version>
	<version nr="3500" hash="d42fdee2" evolution="Add" change="Consistent">
		<class nclones="4">
			<source file="../../workspace/dataset/test/test_read_format_rar.c.ifdefed" startline="422" endline="526" function="DEFINE_TEST" hash="-634553122039628821"></source>
			<source file="../../workspace/dataset/test/test_read_format_rar.c.ifdefed" startline="1003" endline="1110" function="DEFINE_TEST" hash="8178492710978744946"></source>
			<source file="../../workspace/dataset/test/test_read_format_rar.c.ifdefed" startline="571" endline="675" function="DEFINE_TEST" hash="-6430192971850206728"></source>
			<source file="../../workspace/dataset/test/test_read_format_rar.c.ifdefed" startline="866" endline="1001" function="DEFINE_TEST" hash="-2577482925625549261"></source>
		</class>
	</version>
	<version nr="3500" hash="d42fdee2" evolution="Subtract" change="Consistent">
		<class nclones="3">
			<source file="../../workspace/dataset/test/test_read_format_rar.c.ifdefed" startline="531" endline="569" function="DEFINE_TEST" hash="-8154355082158996682"></source>
			<source file="../../workspace/dataset/test/test_read_format_rar.c.ifdefed" startline="680" endline="719" function="DEFINE_TEST" hash="-5019404797213644931"></source>
			<source file="../../workspace/dataset/test/test_archive_read_multiple_data_objects.c.ifdefed" startline="123" endline="169" function="test_large_splitted_file" hash="-1879463542919024284"></source>
		</class>
	</version>
	<version nr="3500" hash="d42fdee2" evolution="Subtract" change="Consistent">
		<class nclones="2">
			<source file="../../workspace/dataset/test/test_read_format_rar.c.ifdefed" startline="1194" endline="1237" function="DEFINE_TEST" hash="-5308602354601454993"></source>
			<source file="../../workspace/dataset/test/test_read_format_rar.c.ifdefed" startline="1239" endline="1274" function="DEFINE_TEST" hash="8842446203963963948"></source>
		</class>
	</version>
	<version nr="3510" hash="c966ff4b" evolution="Add" change="Consistent">
		<class nclones="5">
			<source file="../../workspace/dataset/test/test_read_set_format.c.ifdefed" startline="29" endline="100" function="DEFINE_TEST" hash="2333526279395416625"></source>
			<source file="../../workspace/dataset/test/test_archive_read_multiple_data_objects.c.ifdefed" startline="42" endline="121" function="test_splitted_file" hash="-5642290133250822820"></source>
			<source file="../../workspace/dataset/test/test_read_format_rar.c.ifdefed" startline="31" endline="112" function="DEFINE_TEST" hash="-7455731038030152052"></source>
			<source file="../../workspace/dataset/test/test_read_format_rar.c.ifdefed" startline="1112" endline="1192" function="DEFINE_TEST" hash="5258517205543878417"></source>
			<source file="../../workspace/dataset/test/test_read_format_rar.c.ifdefed" startline="784" endline="864" function="DEFINE_TEST" hash="5688425904423569062"></source>
		</class>
	</version>
	<version nr="3510" hash="c966ff4b" evolution="Subtract" change="Consistent">
		<class nclones="2">
			<source file="../../workspace/dataset/test/test_read_format_rar.c.ifdefed" startline="114" endline="147" function="DEFINE_TEST" hash="7347787519050389751"></source>
			<source file="../../workspace/dataset/test/test_read_format_rar.c.ifdefed" startline="149" endline="182" function="DEFINE_TEST" hash="-8326657658909896514"></source>
		</class>
	</version>
	<version nr="3510" hash="c966ff4b" evolution="Add" change="Consistent">
		<class nclones="4">
			<source file="../../workspace/dataset/test/test_read_format_rar.c.ifdefed" startline="422" endline="526" function="DEFINE_TEST" hash="-634553122039628821"></source>
			<source file="../../workspace/dataset/test/test_read_format_rar.c.ifdefed" startline="1003" endline="1110" function="DEFINE_TEST" hash="8178492710978744946"></source>
			<source file="../../workspace/dataset/test/test_read_format_rar.c.ifdefed" startline="571" endline="675" function="DEFINE_TEST" hash="-6430192971850206728"></source>
			<source file="../../workspace/dataset/test/test_read_format_rar.c.ifdefed" startline="866" endline="1001" function="DEFINE_TEST" hash="-2577482925625549261"></source>
		</class>
	</version>
	<version nr="3510" hash="c966ff4b" evolution="Subtract" change="Consistent">
		<class nclones="3">
			<source file="../../workspace/dataset/test/test_read_format_rar.c.ifdefed" startline="531" endline="569" function="DEFINE_TEST" hash="-8154355082158996682"></source>
			<source file="../../workspace/dataset/test/test_read_format_rar.c.ifdefed" startline="680" endline="719" function="DEFINE_TEST" hash="-5019404797213644931"></source>
			<source file="../../workspace/dataset/test/test_archive_read_multiple_data_objects.c.ifdefed" startline="123" endline="169" function="test_large_splitted_file" hash="-1879463542919024284"></source>
		</class>
	</version>
	<version nr="3510" hash="c966ff4b" evolution="Subtract" change="Consistent">
		<class nclones="2">
			<source file="../../workspace/dataset/test/test_read_format_rar.c.ifdefed" startline="1194" endline="1237" function="DEFINE_TEST" hash="-5308602354601454993"></source>
			<source file="../../workspace/dataset/test/test_read_format_rar.c.ifdefed" startline="1239" endline="1274" function="DEFINE_TEST" hash="8842446203963963948"></source>
		</class>
	</version>
	<version nr="3520" hash="359f8c0a" evolution="Add" change="Consistent">
		<class nclones="5">
			<source file="../../workspace/dataset/test/test_read_set_format.c.ifdefed" startline="29" endline="100" function="DEFINE_TEST" hash="2333526279395416625"></source>
			<source file="../../workspace/dataset/test/test_archive_read_multiple_data_objects.c.ifdefed" startline="42" endline="121" function="test_splitted_file" hash="-5642290133250822820"></source>
			<source file="../../workspace/dataset/test/test_read_format_rar.c.ifdefed" startline="31" endline="112" function="DEFINE_TEST" hash="-7455731038030152052"></source>
			<source file="../../workspace/dataset/test/test_read_format_rar.c.ifdefed" startline="1112" endline="1192" function="DEFINE_TEST" hash="5258517205543878417"></source>
			<source file="../../workspace/dataset/test/test_read_format_rar.c.ifdefed" startline="784" endline="864" function="DEFINE_TEST" hash="5688425904423569062"></source>
		</class>
	</version>
	<version nr="3520" hash="359f8c0a" evolution="Subtract" change="Consistent">
		<class nclones="2">
			<source file="../../workspace/dataset/test/test_read_format_rar.c.ifdefed" startline="114" endline="147" function="DEFINE_TEST" hash="7347787519050389751"></source>
			<source file="../../workspace/dataset/test/test_read_format_rar.c.ifdefed" startline="149" endline="182" function="DEFINE_TEST" hash="-8326657658909896514"></source>
		</class>
	</version>
	<version nr="3520" hash="359f8c0a" evolution="Add" change="Consistent">
		<class nclones="4">
			<source file="../../workspace/dataset/test/test_read_format_rar.c.ifdefed" startline="422" endline="526" function="DEFINE_TEST" hash="-634553122039628821"></source>
			<source file="../../workspace/dataset/test/test_read_format_rar.c.ifdefed" startline="1003" endline="1110" function="DEFINE_TEST" hash="8178492710978744946"></source>
			<source file="../../workspace/dataset/test/test_read_format_rar.c.ifdefed" startline="571" endline="675" function="DEFINE_TEST" hash="-6430192971850206728"></source>
			<source file="../../workspace/dataset/test/test_read_format_rar.c.ifdefed" startline="866" endline="1001" function="DEFINE_TEST" hash="-2577482925625549261"></source>
		</class>
	</version>
	<version nr="3520" hash="359f8c0a" evolution="Subtract" change="Consistent">
		<class nclones="3">
			<source file="../../workspace/dataset/test/test_read_format_rar.c.ifdefed" startline="531" endline="569" function="DEFINE_TEST" hash="-8154355082158996682"></source>
			<source file="../../workspace/dataset/test/test_archive_read_multiple_data_objects.c.ifdefed" startline="123" endline="169" function="test_large_splitted_file" hash="-1879463542919024284"></source>
			<source file="../../workspace/dataset/test/test_read_format_rar.c.ifdefed" startline="680" endline="719" function="DEFINE_TEST" hash="-5019404797213644931"></source>
		</class>
	</version>
	<version nr="3520" hash="359f8c0a" evolution="Subtract" change="Consistent">
		<class nclones="2">
			<source file="../../workspace/dataset/test/test_read_format_rar.c.ifdefed" startline="1194" endline="1237" function="DEFINE_TEST" hash="-5308602354601454993"></source>
			<source file="../../workspace/dataset/test/test_read_format_rar.c.ifdefed" startline="1239" endline="1274" function="DEFINE_TEST" hash="8842446203963963948"></source>
		</class>
	</version>
	<version nr="3530" hash="d095d6a4" evolution="Add" change="Consistent">
		<class nclones="5">
			<source file="../../workspace/dataset/test/test_read_set_format.c.ifdefed" startline="29" endline="100" function="DEFINE_TEST" hash="2333526279395416625"></source>
			<source file="../../workspace/dataset/test/test_read_format_rar.c.ifdefed" startline="31" endline="112" function="DEFINE_TEST" hash="-7455731038030152052"></source>
			<source file="../../workspace/dataset/test/test_archive_read_multiple_data_objects.c.ifdefed" startline="42" endline="121" function="test_splitted_file" hash="-5642290133250822820"></source>
			<source file="../../workspace/dataset/test/test_read_format_rar.c.ifdefed" startline="1112" endline="1192" function="DEFINE_TEST" hash="5258517205543878417"></source>
			<source file="../../workspace/dataset/test/test_read_format_rar.c.ifdefed" startline="784" endline="864" function="DEFINE_TEST" hash="5688425904423569062"></source>
		</class>
	</version>
	<version nr="3530" hash="d095d6a4" evolution="Subtract" change="Consistent">
		<class nclones="2">
			<source file="../../workspace/dataset/test/test_read_format_rar.c.ifdefed" startline="114" endline="147" function="DEFINE_TEST" hash="7347787519050389751"></source>
			<source file="../../workspace/dataset/test/test_read_format_rar.c.ifdefed" startline="149" endline="182" function="DEFINE_TEST" hash="-8326657658909896514"></source>
		</class>
	</version>
	<version nr="3530" hash="d095d6a4" evolution="Add" change="Consistent">
		<class nclones="4">
			<source file="../../workspace/dataset/test/test_read_format_rar.c.ifdefed" startline="422" endline="526" function="DEFINE_TEST" hash="-634553122039628821"></source>
			<source file="../../workspace/dataset/test/test_read_format_rar.c.ifdefed" startline="1003" endline="1110" function="DEFINE_TEST" hash="8178492710978744946"></source>
			<source file="../../workspace/dataset/test/test_read_format_rar.c.ifdefed" startline="571" endline="675" function="DEFINE_TEST" hash="-6430192971850206728"></source>
			<source file="../../workspace/dataset/test/test_read_format_rar.c.ifdefed" startline="866" endline="1001" function="DEFINE_TEST" hash="-2577482925625549261"></source>
		</class>
	</version>
	<version nr="3530" hash="d095d6a4" evolution="Subtract" change="Consistent">
		<class nclones="3">
			<source file="../../workspace/dataset/test/test_read_format_rar.c.ifdefed" startline="531" endline="569" function="DEFINE_TEST" hash="-8154355082158996682"></source>
			<source file="../../workspace/dataset/test/test_archive_read_multiple_data_objects.c.ifdefed" startline="123" endline="169" function="test_large_splitted_file" hash="-1879463542919024284"></source>
			<source file="../../workspace/dataset/test/test_read_format_rar.c.ifdefed" startline="680" endline="719" function="DEFINE_TEST" hash="-5019404797213644931"></source>
		</class>
	</version>
	<version nr="3530" hash="d095d6a4" evolution="Subtract" change="Consistent">
		<class nclones="2">
			<source file="../../workspace/dataset/test/test_read_format_rar.c.ifdefed" startline="1194" endline="1237" function="DEFINE_TEST" hash="-5308602354601454993"></source>
			<source file="../../workspace/dataset/test/test_read_format_rar.c.ifdefed" startline="1239" endline="1274" function="DEFINE_TEST" hash="8842446203963963948"></source>
		</class>
	</version>
	<version nr="3540" hash="6df44013" evolution="Add" change="Consistent">
		<class nclones="5">
			<source file="../../workspace/dataset/test/test_read_set_format.c.ifdefed" startline="29" endline="100" function="DEFINE_TEST" hash="2333526279395416625"></source>
			<source file="../../workspace/dataset/test/test_archive_read_multiple_data_objects.c.ifdefed" startline="42" endline="121" function="test_splitted_file" hash="-5642290133250822820"></source>
			<source file="../../workspace/dataset/test/test_read_format_rar.c.ifdefed" startline="31" endline="112" function="DEFINE_TEST" hash="-7455731038030152052"></source>
			<source file="../../workspace/dataset/test/test_read_format_rar.c.ifdefed" startline="1112" endline="1192" function="DEFINE_TEST" hash="5258517205543878417"></source>
			<source file="../../workspace/dataset/test/test_read_format_rar.c.ifdefed" startline="784" endline="864" function="DEFINE_TEST" hash="5688425904423569062"></source>
		</class>
	</version>
	<version nr="3540" hash="6df44013" evolution="Subtract" change="Consistent">
		<class nclones="2">
			<source file="../../workspace/dataset/test/test_read_format_rar.c.ifdefed" startline="114" endline="147" function="DEFINE_TEST" hash="7347787519050389751"></source>
			<source file="../../workspace/dataset/test/test_read_format_rar.c.ifdefed" startline="149" endline="182" function="DEFINE_TEST" hash="-8326657658909896514"></source>
		</class>
	</version>
	<version nr="3540" hash="6df44013" evolution="Add" change="Consistent">
		<class nclones="4">
			<source file="../../workspace/dataset/test/test_read_format_rar.c.ifdefed" startline="422" endline="526" function="DEFINE_TEST" hash="-634553122039628821"></source>
			<source file="../../workspace/dataset/test/test_read_format_rar.c.ifdefed" startline="571" endline="675" function="DEFINE_TEST" hash="-6430192971850206728"></source>
			<source file="../../workspace/dataset/test/test_read_format_rar.c.ifdefed" startline="1003" endline="1110" function="DEFINE_TEST" hash="8178492710978744946"></source>
			<source file="../../workspace/dataset/test/test_read_format_rar.c.ifdefed" startline="866" endline="1001" function="DEFINE_TEST" hash="-2577482925625549261"></source>
		</class>
	</version>
	<version nr="3540" hash="6df44013" evolution="Subtract" change="Consistent">
		<class nclones="3">
			<source file="../../workspace/dataset/test/test_read_format_rar.c.ifdefed" startline="531" endline="569" function="DEFINE_TEST" hash="-8154355082158996682"></source>
			<source file="../../workspace/dataset/test/test_archive_read_multiple_data_objects.c.ifdefed" startline="123" endline="169" function="test_large_splitted_file" hash="-1879463542919024284"></source>
			<source file="../../workspace/dataset/test/test_read_format_rar.c.ifdefed" startline="680" endline="719" function="DEFINE_TEST" hash="-5019404797213644931"></source>
		</class>
	</version>
	<version nr="3540" hash="6df44013" evolution="Subtract" change="Consistent">
		<class nclones="2">
			<source file="../../workspace/dataset/test/test_read_format_rar.c.ifdefed" startline="1194" endline="1237" function="DEFINE_TEST" hash="-5308602354601454993"></source>
			<source file="../../workspace/dataset/test/test_read_format_rar.c.ifdefed" startline="1239" endline="1274" function="DEFINE_TEST" hash="8842446203963963948"></source>
		</class>
	</version>
	<version nr="3550" hash="6e06b1c8" evolution="Add" change="Consistent">
		<class nclones="5">
			<source file="../../workspace/dataset/test/test_read_set_format.c.ifdefed" startline="29" endline="100" function="DEFINE_TEST" hash="2333526279395416625"></source>
			<source file="../../workspace/dataset/test/test_archive_read_multiple_data_objects.c.ifdefed" startline="42" endline="121" function="test_splitted_file" hash="-5642290133250822820"></source>
			<source file="../../workspace/dataset/test/test_read_format_rar.c.ifdefed" startline="31" endline="112" function="DEFINE_TEST" hash="-7455731038030152052"></source>
			<source file="../../workspace/dataset/test/test_read_format_rar.c.ifdefed" startline="784" endline="864" function="DEFINE_TEST" hash="5688425904423569062"></source>
			<source file="../../workspace/dataset/test/test_read_format_rar.c.ifdefed" startline="1112" endline="1192" function="DEFINE_TEST" hash="5258517205543878417"></source>
		</class>
	</version>
	<version nr="3550" hash="6e06b1c8" evolution="Subtract" change="Consistent">
		<class nclones="2">
			<source file="../../workspace/dataset/test/test_read_format_rar.c.ifdefed" startline="114" endline="147" function="DEFINE_TEST" hash="7347787519050389751"></source>
			<source file="../../workspace/dataset/test/test_read_format_rar.c.ifdefed" startline="149" endline="182" function="DEFINE_TEST" hash="-8326657658909896514"></source>
		</class>
	</version>
	<version nr="3550" hash="6e06b1c8" evolution="Add" change="Consistent">
		<class nclones="4">
			<source file="../../workspace/dataset/test/test_read_format_rar.c.ifdefed" startline="422" endline="526" function="DEFINE_TEST" hash="-634553122039628821"></source>
			<source file="../../workspace/dataset/test/test_read_format_rar.c.ifdefed" startline="571" endline="675" function="DEFINE_TEST" hash="-6430192971850206728"></source>
			<source file="../../workspace/dataset/test/test_read_format_rar.c.ifdefed" startline="1003" endline="1110" function="DEFINE_TEST" hash="8178492710978744946"></source>
			<source file="../../workspace/dataset/test/test_read_format_rar.c.ifdefed" startline="866" endline="1001" function="DEFINE_TEST" hash="-2577482925625549261"></source>
		</class>
	</version>
	<version nr="3550" hash="6e06b1c8" evolution="Subtract" change="Consistent">
		<class nclones="3">
			<source file="../../workspace/dataset/test/test_read_format_rar.c.ifdefed" startline="531" endline="569" function="DEFINE_TEST" hash="-8154355082158996682"></source>
			<source file="../../workspace/dataset/test/test_read_format_rar.c.ifdefed" startline="680" endline="719" function="DEFINE_TEST" hash="-5019404797213644931"></source>
			<source file="../../workspace/dataset/test/test_archive_read_multiple_data_objects.c.ifdefed" startline="123" endline="169" function="test_large_splitted_file" hash="-1879463542919024284"></source>
		</class>
	</version>
	<version nr="3550" hash="6e06b1c8" evolution="Subtract" change="Consistent">
		<class nclones="2">
			<source file="../../workspace/dataset/test/test_read_format_rar.c.ifdefed" startline="1194" endline="1237" function="DEFINE_TEST" hash="-5308602354601454993"></source>
			<source file="../../workspace/dataset/test/test_read_format_rar.c.ifdefed" startline="1239" endline="1274" function="DEFINE_TEST" hash="8842446203963963948"></source>
		</class>
	</version>
	<version nr="3560" hash="3865cf2b" evolution="Add" change="Consistent">
		<class nclones="5">
			<source file="../../workspace/dataset/test/test_read_set_format.c.ifdefed" startline="29" endline="100" function="DEFINE_TEST" hash="2333526279395416625"></source>
			<source file="../../workspace/dataset/test/test_read_format_rar.c.ifdefed" startline="31" endline="112" function="DEFINE_TEST" hash="-7455731038030152052"></source>
			<source file="../../workspace/dataset/test/test_archive_read_multiple_data_objects.c.ifdefed" startline="42" endline="121" function="test_splitted_file" hash="-5642290133250822820"></source>
			<source file="../../workspace/dataset/test/test_read_format_rar.c.ifdefed" startline="784" endline="864" function="DEFINE_TEST" hash="5688425904423569062"></source>
			<source file="../../workspace/dataset/test/test_read_format_rar.c.ifdefed" startline="1112" endline="1192" function="DEFINE_TEST" hash="5258517205543878417"></source>
		</class>
	</version>
	<version nr="3560" hash="3865cf2b" evolution="Subtract" change="Consistent">
		<class nclones="2">
			<source file="../../workspace/dataset/test/test_read_format_rar.c.ifdefed" startline="114" endline="147" function="DEFINE_TEST" hash="7347787519050389751"></source>
			<source file="../../workspace/dataset/test/test_read_format_rar.c.ifdefed" startline="149" endline="182" function="DEFINE_TEST" hash="-8326657658909896514"></source>
		</class>
	</version>
	<version nr="3560" hash="3865cf2b" evolution="Add" change="Consistent">
		<class nclones="4">
			<source file="../../workspace/dataset/test/test_read_format_rar.c.ifdefed" startline="422" endline="526" function="DEFINE_TEST" hash="-634553122039628821"></source>
			<source file="../../workspace/dataset/test/test_read_format_rar.c.ifdefed" startline="1003" endline="1110" function="DEFINE_TEST" hash="8178492710978744946"></source>
			<source file="../../workspace/dataset/test/test_read_format_rar.c.ifdefed" startline="571" endline="675" function="DEFINE_TEST" hash="-6430192971850206728"></source>
			<source file="../../workspace/dataset/test/test_read_format_rar.c.ifdefed" startline="866" endline="1001" function="DEFINE_TEST" hash="-2577482925625549261"></source>
		</class>
	</version>
	<version nr="3560" hash="3865cf2b" evolution="Subtract" change="Consistent">
		<class nclones="3">
			<source file="../../workspace/dataset/test/test_read_format_rar.c.ifdefed" startline="531" endline="569" function="DEFINE_TEST" hash="-8154355082158996682"></source>
			<source file="../../workspace/dataset/test/test_read_format_rar.c.ifdefed" startline="680" endline="719" function="DEFINE_TEST" hash="-5019404797213644931"></source>
			<source file="../../workspace/dataset/test/test_archive_read_multiple_data_objects.c.ifdefed" startline="123" endline="169" function="test_large_splitted_file" hash="-1879463542919024284"></source>
		</class>
	</version>
	<version nr="3560" hash="3865cf2b" evolution="Subtract" change="Consistent">
		<class nclones="2">
			<source file="../../workspace/dataset/test/test_read_format_rar.c.ifdefed" startline="1194" endline="1237" function="DEFINE_TEST" hash="-5308602354601454993"></source>
			<source file="../../workspace/dataset/test/test_read_format_rar.c.ifdefed" startline="1239" endline="1274" function="DEFINE_TEST" hash="8842446203963963948"></source>
		</class>
	</version>
	<version nr="3570" hash="e8a2e4d2" evolution="Add" change="Consistent">
		<class nclones="5">
			<source file="../../workspace/dataset/test/test_read_set_format.c.ifdefed" startline="29" endline="100" function="DEFINE_TEST" hash="2333526279395416625"></source>
			<source file="../../workspace/dataset/test/test_read_format_rar.c.ifdefed" startline="31" endline="112" function="DEFINE_TEST" hash="-7455731038030152052"></source>
			<source file="../../workspace/dataset/test/test_archive_read_multiple_data_objects.c.ifdefed" startline="42" endline="121" function="test_splitted_file" hash="-5642290133250822820"></source>
			<source file="../../workspace/dataset/test/test_read_format_rar.c.ifdefed" startline="784" endline="864" function="DEFINE_TEST" hash="5688425904423569062"></source>
			<source file="../../workspace/dataset/test/test_read_format_rar.c.ifdefed" startline="1112" endline="1192" function="DEFINE_TEST" hash="5258517205543878417"></source>
		</class>
	</version>
	<version nr="3570" hash="e8a2e4d2" evolution="Subtract" change="Consistent">
		<class nclones="2">
			<source file="../../workspace/dataset/test/test_read_format_rar.c.ifdefed" startline="114" endline="147" function="DEFINE_TEST" hash="7347787519050389751"></source>
			<source file="../../workspace/dataset/test/test_read_format_rar.c.ifdefed" startline="149" endline="182" function="DEFINE_TEST" hash="-8326657658909896514"></source>
		</class>
	</version>
	<version nr="3570" hash="e8a2e4d2" evolution="Add" change="Consistent">
		<class nclones="4">
			<source file="../../workspace/dataset/test/test_read_format_rar.c.ifdefed" startline="422" endline="526" function="DEFINE_TEST" hash="-634553122039628821"></source>
			<source file="../../workspace/dataset/test/test_read_format_rar.c.ifdefed" startline="1003" endline="1110" function="DEFINE_TEST" hash="8178492710978744946"></source>
			<source file="../../workspace/dataset/test/test_read_format_rar.c.ifdefed" startline="571" endline="675" function="DEFINE_TEST" hash="-6430192971850206728"></source>
			<source file="../../workspace/dataset/test/test_read_format_rar.c.ifdefed" startline="866" endline="1001" function="DEFINE_TEST" hash="-2577482925625549261"></source>
		</class>
	</version>
	<version nr="3570" hash="e8a2e4d2" evolution="Subtract" change="Consistent">
		<class nclones="3">
			<source file="../../workspace/dataset/test/test_read_format_rar.c.ifdefed" startline="531" endline="569" function="DEFINE_TEST" hash="-8154355082158996682"></source>
			<source file="../../workspace/dataset/test/test_read_format_rar.c.ifdefed" startline="680" endline="719" function="DEFINE_TEST" hash="-5019404797213644931"></source>
			<source file="../../workspace/dataset/test/test_archive_read_multiple_data_objects.c.ifdefed" startline="123" endline="169" function="test_large_splitted_file" hash="-1879463542919024284"></source>
		</class>
	</version>
	<version nr="3570" hash="e8a2e4d2" evolution="Subtract" change="Consistent">
		<class nclones="2">
			<source file="../../workspace/dataset/test/test_read_format_rar.c.ifdefed" startline="1194" endline="1237" function="DEFINE_TEST" hash="-5308602354601454993"></source>
			<source file="../../workspace/dataset/test/test_read_format_rar.c.ifdefed" startline="1239" endline="1274" function="DEFINE_TEST" hash="8842446203963963948"></source>
		</class>
	</version>
	<version nr="3580" hash="fc04ba09" evolution="Add" change="Consistent">
		<class nclones="5">
			<source file="../../workspace/dataset/test/test_read_set_format.c.ifdefed" startline="29" endline="100" function="DEFINE_TEST" hash="2333526279395416625"></source>
			<source file="../../workspace/dataset/test/test_archive_read_multiple_data_objects.c.ifdefed" startline="42" endline="121" function="test_splitted_file" hash="-5642290133250822820"></source>
			<source file="../../workspace/dataset/test/test_read_format_rar.c.ifdefed" startline="31" endline="112" function="DEFINE_TEST" hash="-7455731038030152052"></source>
			<source file="../../workspace/dataset/test/test_read_format_rar.c.ifdefed" startline="1112" endline="1192" function="DEFINE_TEST" hash="5258517205543878417"></source>
			<source file="../../workspace/dataset/test/test_read_format_rar.c.ifdefed" startline="784" endline="864" function="DEFINE_TEST" hash="5688425904423569062"></source>
		</class>
	</version>
	<version nr="3580" hash="fc04ba09" evolution="Subtract" change="Consistent">
		<class nclones="2">
			<source file="../../workspace/dataset/test/test_read_format_rar.c.ifdefed" startline="114" endline="147" function="DEFINE_TEST" hash="7347787519050389751"></source>
			<source file="../../workspace/dataset/test/test_read_format_rar.c.ifdefed" startline="149" endline="182" function="DEFINE_TEST" hash="-8326657658909896514"></source>
		</class>
	</version>
	<version nr="3580" hash="fc04ba09" evolution="Add" change="Consistent">
		<class nclones="4">
			<source file="../../workspace/dataset/test/test_read_format_rar.c.ifdefed" startline="422" endline="526" function="DEFINE_TEST" hash="-634553122039628821"></source>
			<source file="../../workspace/dataset/test/test_read_format_rar.c.ifdefed" startline="1003" endline="1110" function="DEFINE_TEST" hash="8178492710978744946"></source>
			<source file="../../workspace/dataset/test/test_read_format_rar.c.ifdefed" startline="571" endline="675" function="DEFINE_TEST" hash="-6430192971850206728"></source>
			<source file="../../workspace/dataset/test/test_read_format_rar.c.ifdefed" startline="866" endline="1001" function="DEFINE_TEST" hash="-2577482925625549261"></source>
		</class>
	</version>
	<version nr="3580" hash="fc04ba09" evolution="Subtract" change="Consistent">
		<class nclones="3">
			<source file="../../workspace/dataset/test/test_read_format_rar.c.ifdefed" startline="531" endline="569" function="DEFINE_TEST" hash="-8154355082158996682"></source>
			<source file="../../workspace/dataset/test/test_read_format_rar.c.ifdefed" startline="680" endline="719" function="DEFINE_TEST" hash="-5019404797213644931"></source>
			<source file="../../workspace/dataset/test/test_archive_read_multiple_data_objects.c.ifdefed" startline="123" endline="169" function="test_large_splitted_file" hash="-1879463542919024284"></source>
		</class>
	</version>
	<version nr="3580" hash="fc04ba09" evolution="Subtract" change="Consistent">
		<class nclones="2">
			<source file="../../workspace/dataset/test/test_read_format_rar.c.ifdefed" startline="1194" endline="1237" function="DEFINE_TEST" hash="-5308602354601454993"></source>
			<source file="../../workspace/dataset/test/test_read_format_rar.c.ifdefed" startline="1239" endline="1274" function="DEFINE_TEST" hash="8842446203963963948"></source>
		</class>
	</version>
	<version nr="3590" hash="1572069f" evolution="Add" change="Consistent">
		<class nclones="5">
			<source file="../../workspace/dataset/test/test_read_set_format.c.ifdefed" startline="29" endline="100" function="DEFINE_TEST" hash="2333526279395416625"></source>
			<source file="../../workspace/dataset/test/test_archive_read_multiple_data_objects.c.ifdefed" startline="42" endline="121" function="test_splitted_file" hash="-5642290133250822820"></source>
			<source file="../../workspace/dataset/test/test_read_format_rar.c.ifdefed" startline="31" endline="112" function="DEFINE_TEST" hash="-7455731038030152052"></source>
			<source file="../../workspace/dataset/test/test_read_format_rar.c.ifdefed" startline="1112" endline="1192" function="DEFINE_TEST" hash="5258517205543878417"></source>
			<source file="../../workspace/dataset/test/test_read_format_rar.c.ifdefed" startline="784" endline="864" function="DEFINE_TEST" hash="5688425904423569062"></source>
		</class>
	</version>
	<version nr="3590" hash="1572069f" evolution="Subtract" change="Consistent">
		<class nclones="2">
			<source file="../../workspace/dataset/test/test_read_format_rar.c.ifdefed" startline="114" endline="147" function="DEFINE_TEST" hash="7347787519050389751"></source>
			<source file="../../workspace/dataset/test/test_read_format_rar.c.ifdefed" startline="149" endline="182" function="DEFINE_TEST" hash="-8326657658909896514"></source>
		</class>
	</version>
	<version nr="3590" hash="1572069f" evolution="Add" change="Consistent">
		<class nclones="4">
			<source file="../../workspace/dataset/test/test_read_format_rar.c.ifdefed" startline="422" endline="526" function="DEFINE_TEST" hash="-634553122039628821"></source>
			<source file="../../workspace/dataset/test/test_read_format_rar.c.ifdefed" startline="1003" endline="1110" function="DEFINE_TEST" hash="8178492710978744946"></source>
			<source file="../../workspace/dataset/test/test_read_format_rar.c.ifdefed" startline="571" endline="675" function="DEFINE_TEST" hash="-6430192971850206728"></source>
			<source file="../../workspace/dataset/test/test_read_format_rar.c.ifdefed" startline="866" endline="1001" function="DEFINE_TEST" hash="-2577482925625549261"></source>
		</class>
	</version>
	<version nr="3590" hash="1572069f" evolution="Subtract" change="Consistent">
		<class nclones="3">
			<source file="../../workspace/dataset/test/test_read_format_rar.c.ifdefed" startline="531" endline="569" function="DEFINE_TEST" hash="-8154355082158996682"></source>
			<source file="../../workspace/dataset/test/test_read_format_rar.c.ifdefed" startline="680" endline="719" function="DEFINE_TEST" hash="-5019404797213644931"></source>
			<source file="../../workspace/dataset/test/test_archive_read_multiple_data_objects.c.ifdefed" startline="123" endline="169" function="test_large_splitted_file" hash="-1879463542919024284"></source>
		</class>
	</version>
	<version nr="3590" hash="1572069f" evolution="Subtract" change="Consistent">
		<class nclones="2">
			<source file="../../workspace/dataset/test/test_read_format_rar.c.ifdefed" startline="1194" endline="1237" function="DEFINE_TEST" hash="-5308602354601454993"></source>
			<source file="../../workspace/dataset/test/test_read_format_rar.c.ifdefed" startline="1239" endline="1274" function="DEFINE_TEST" hash="8842446203963963948"></source>
		</class>
	</version>
	<version nr="3600" hash="d3e0c595" evolution="Add" change="Consistent">
		<class nclones="5">
			<source file="../../workspace/dataset/test/test_read_set_format.c.ifdefed" startline="29" endline="100" function="DEFINE_TEST" hash="2333526279395416625"></source>
			<source file="../../workspace/dataset/test/test_read_format_rar.c.ifdefed" startline="31" endline="112" function="DEFINE_TEST" hash="-7455731038030152052"></source>
			<source file="../../workspace/dataset/test/test_archive_read_multiple_data_objects.c.ifdefed" startline="42" endline="121" function="test_splitted_file" hash="-5642290133250822820"></source>
			<source file="../../workspace/dataset/test/test_read_format_rar.c.ifdefed" startline="784" endline="864" function="DEFINE_TEST" hash="5688425904423569062"></source>
			<source file="../../workspace/dataset/test/test_read_format_rar.c.ifdefed" startline="1112" endline="1192" function="DEFINE_TEST" hash="5258517205543878417"></source>
		</class>
	</version>
	<version nr="3600" hash="d3e0c595" evolution="Subtract" change="Consistent">
		<class nclones="2">
			<source file="../../workspace/dataset/test/test_read_format_rar.c.ifdefed" startline="114" endline="147" function="DEFINE_TEST" hash="7347787519050389751"></source>
			<source file="../../workspace/dataset/test/test_read_format_rar.c.ifdefed" startline="149" endline="182" function="DEFINE_TEST" hash="-8326657658909896514"></source>
		</class>
	</version>
	<version nr="3600" hash="d3e0c595" evolution="Add" change="Consistent">
		<class nclones="4">
			<source file="../../workspace/dataset/test/test_read_format_rar.c.ifdefed" startline="422" endline="526" function="DEFINE_TEST" hash="-634553122039628821"></source>
			<source file="../../workspace/dataset/test/test_read_format_rar.c.ifdefed" startline="571" endline="675" function="DEFINE_TEST" hash="-6430192971850206728"></source>
			<source file="../../workspace/dataset/test/test_read_format_rar.c.ifdefed" startline="1003" endline="1110" function="DEFINE_TEST" hash="8178492710978744946"></source>
			<source file="../../workspace/dataset/test/test_read_format_rar.c.ifdefed" startline="866" endline="1001" function="DEFINE_TEST" hash="-2577482925625549261"></source>
		</class>
	</version>
	<version nr="3600" hash="d3e0c595" evolution="Subtract" change="Consistent">
		<class nclones="3">
			<source file="../../workspace/dataset/test/test_read_format_rar.c.ifdefed" startline="531" endline="569" function="DEFINE_TEST" hash="-8154355082158996682"></source>
			<source file="../../workspace/dataset/test/test_archive_read_multiple_data_objects.c.ifdefed" startline="123" endline="169" function="test_large_splitted_file" hash="-1879463542919024284"></source>
			<source file="../../workspace/dataset/test/test_read_format_rar.c.ifdefed" startline="680" endline="719" function="DEFINE_TEST" hash="-5019404797213644931"></source>
		</class>
	</version>
	<version nr="3600" hash="d3e0c595" evolution="Subtract" change="Consistent">
		<class nclones="2">
			<source file="../../workspace/dataset/test/test_read_format_rar.c.ifdefed" startline="1194" endline="1237" function="DEFINE_TEST" hash="-5308602354601454993"></source>
			<source file="../../workspace/dataset/test/test_read_format_rar.c.ifdefed" startline="1239" endline="1274" function="DEFINE_TEST" hash="8842446203963963948"></source>
		</class>
	</version>
	<version nr="3610" hash="fc59e39b" evolution="Add" change="Consistent">
		<class nclones="5">
			<source file="../../workspace/dataset/test/test_read_set_format.c.ifdefed" startline="29" endline="100" function="DEFINE_TEST" hash="2333526279395416625"></source>
			<source file="../../workspace/dataset/test/test_read_format_rar.c.ifdefed" startline="31" endline="112" function="DEFINE_TEST" hash="-7455731038030152052"></source>
			<source file="../../workspace/dataset/test/test_archive_read_multiple_data_objects.c.ifdefed" startline="42" endline="121" function="test_splitted_file" hash="-5642290133250822820"></source>
			<source file="../../workspace/dataset/test/test_read_format_rar.c.ifdefed" startline="784" endline="864" function="DEFINE_TEST" hash="5688425904423569062"></source>
			<source file="../../workspace/dataset/test/test_read_format_rar.c.ifdefed" startline="1112" endline="1192" function="DEFINE_TEST" hash="5258517205543878417"></source>
		</class>
	</version>
	<version nr="3610" hash="fc59e39b" evolution="Subtract" change="Consistent">
		<class nclones="2">
			<source file="../../workspace/dataset/test/test_read_format_rar.c.ifdefed" startline="114" endline="147" function="DEFINE_TEST" hash="7347787519050389751"></source>
			<source file="../../workspace/dataset/test/test_read_format_rar.c.ifdefed" startline="149" endline="182" function="DEFINE_TEST" hash="-8326657658909896514"></source>
		</class>
	</version>
	<version nr="3610" hash="fc59e39b" evolution="Add" change="Consistent">
		<class nclones="4">
			<source file="../../workspace/dataset/test/test_read_format_rar.c.ifdefed" startline="422" endline="526" function="DEFINE_TEST" hash="-634553122039628821"></source>
			<source file="../../workspace/dataset/test/test_read_format_rar.c.ifdefed" startline="571" endline="675" function="DEFINE_TEST" hash="-6430192971850206728"></source>
			<source file="../../workspace/dataset/test/test_read_format_rar.c.ifdefed" startline="1003" endline="1110" function="DEFINE_TEST" hash="8178492710978744946"></source>
			<source file="../../workspace/dataset/test/test_read_format_rar.c.ifdefed" startline="866" endline="1001" function="DEFINE_TEST" hash="-2577482925625549261"></source>
		</class>
	</version>
	<version nr="3610" hash="fc59e39b" evolution="Subtract" change="Consistent">
		<class nclones="3">
			<source file="../../workspace/dataset/test/test_read_format_rar.c.ifdefed" startline="531" endline="569" function="DEFINE_TEST" hash="-8154355082158996682"></source>
			<source file="../../workspace/dataset/test/test_archive_read_multiple_data_objects.c.ifdefed" startline="123" endline="169" function="test_large_splitted_file" hash="-1879463542919024284"></source>
			<source file="../../workspace/dataset/test/test_read_format_rar.c.ifdefed" startline="680" endline="719" function="DEFINE_TEST" hash="-5019404797213644931"></source>
		</class>
	</version>
	<version nr="3610" hash="fc59e39b" evolution="Subtract" change="Consistent">
		<class nclones="2">
			<source file="../../workspace/dataset/test/test_read_format_rar.c.ifdefed" startline="1194" endline="1237" function="DEFINE_TEST" hash="-5308602354601454993"></source>
			<source file="../../workspace/dataset/test/test_read_format_rar.c.ifdefed" startline="1239" endline="1274" function="DEFINE_TEST" hash="8842446203963963948"></source>
		</class>
	</version>
	<version nr="3620" hash="8633f3a3" evolution="Add" change="Consistent">
		<class nclones="5">
			<source file="../../workspace/dataset/test/test_read_set_format.c.ifdefed" startline="29" endline="100" function="DEFINE_TEST" hash="2333526279395416625"></source>
			<source file="../../workspace/dataset/test/test_read_format_rar.c.ifdefed" startline="31" endline="112" function="DEFINE_TEST" hash="-7455731038030152052"></source>
			<source file="../../workspace/dataset/test/test_archive_read_multiple_data_objects.c.ifdefed" startline="42" endline="121" function="test_splitted_file" hash="-5642290133250822820"></source>
			<source file="../../workspace/dataset/test/test_read_format_rar.c.ifdefed" startline="784" endline="864" function="DEFINE_TEST" hash="5688425904423569062"></source>
			<source file="../../workspace/dataset/test/test_read_format_rar.c.ifdefed" startline="1112" endline="1192" function="DEFINE_TEST" hash="5258517205543878417"></source>
		</class>
	</version>
	<version nr="3620" hash="8633f3a3" evolution="Subtract" change="Consistent">
		<class nclones="2">
			<source file="../../workspace/dataset/test/test_read_format_rar.c.ifdefed" startline="114" endline="147" function="DEFINE_TEST" hash="7347787519050389751"></source>
			<source file="../../workspace/dataset/test/test_read_format_rar.c.ifdefed" startline="149" endline="182" function="DEFINE_TEST" hash="-8326657658909896514"></source>
		</class>
	</version>
	<version nr="3620" hash="8633f3a3" evolution="Add" change="Consistent">
		<class nclones="4">
			<source file="../../workspace/dataset/test/test_read_format_rar.c.ifdefed" startline="422" endline="526" function="DEFINE_TEST" hash="-634553122039628821"></source>
			<source file="../../workspace/dataset/test/test_read_format_rar.c.ifdefed" startline="1003" endline="1110" function="DEFINE_TEST" hash="8178492710978744946"></source>
			<source file="../../workspace/dataset/test/test_read_format_rar.c.ifdefed" startline="571" endline="675" function="DEFINE_TEST" hash="-6430192971850206728"></source>
			<source file="../../workspace/dataset/test/test_read_format_rar.c.ifdefed" startline="866" endline="1001" function="DEFINE_TEST" hash="-2577482925625549261"></source>
		</class>
	</version>
	<version nr="3620" hash="8633f3a3" evolution="Subtract" change="Consistent">
		<class nclones="3">
			<source file="../../workspace/dataset/test/test_read_format_rar.c.ifdefed" startline="531" endline="569" function="DEFINE_TEST" hash="-8154355082158996682"></source>
			<source file="../../workspace/dataset/test/test_archive_read_multiple_data_objects.c.ifdefed" startline="123" endline="169" function="test_large_splitted_file" hash="-1879463542919024284"></source>
			<source file="../../workspace/dataset/test/test_read_format_rar.c.ifdefed" startline="680" endline="719" function="DEFINE_TEST" hash="-5019404797213644931"></source>
		</class>
	</version>
	<version nr="3620" hash="8633f3a3" evolution="Subtract" change="Consistent">
		<class nclones="2">
			<source file="../../workspace/dataset/test/test_read_format_rar.c.ifdefed" startline="1194" endline="1237" function="DEFINE_TEST" hash="-5308602354601454993"></source>
			<source file="../../workspace/dataset/test/test_read_format_rar.c.ifdefed" startline="1239" endline="1274" function="DEFINE_TEST" hash="8842446203963963948"></source>
		</class>
	</version>
	<version nr="3630" hash="c25539bf" evolution="Add" change="Consistent">
		<class nclones="5">
			<source file="../../workspace/dataset/test/test_read_set_format.c.ifdefed" startline="29" endline="100" function="DEFINE_TEST" hash="2333526279395416625"></source>
			<source file="../../workspace/dataset/test/test_read_format_rar.c.ifdefed" startline="31" endline="112" function="DEFINE_TEST" hash="-7455731038030152052"></source>
			<source file="../../workspace/dataset/test/test_archive_read_multiple_data_objects.c.ifdefed" startline="42" endline="121" function="test_splitted_file" hash="-5642290133250822820"></source>
			<source file="../../workspace/dataset/test/test_read_format_rar.c.ifdefed" startline="784" endline="864" function="DEFINE_TEST" hash="5688425904423569062"></source>
			<source file="../../workspace/dataset/test/test_read_format_rar.c.ifdefed" startline="1112" endline="1192" function="DEFINE_TEST" hash="5258517205543878417"></source>
		</class>
	</version>
	<version nr="3630" hash="c25539bf" evolution="Subtract" change="Consistent">
		<class nclones="2">
			<source file="../../workspace/dataset/test/test_read_format_rar.c.ifdefed" startline="114" endline="147" function="DEFINE_TEST" hash="7347787519050389751"></source>
			<source file="../../workspace/dataset/test/test_read_format_rar.c.ifdefed" startline="149" endline="182" function="DEFINE_TEST" hash="-8326657658909896514"></source>
		</class>
	</version>
	<version nr="3630" hash="c25539bf" evolution="Add" change="Consistent">
		<class nclones="4">
			<source file="../../workspace/dataset/test/test_read_format_rar.c.ifdefed" startline="422" endline="526" function="DEFINE_TEST" hash="-634553122039628821"></source>
			<source file="../../workspace/dataset/test/test_read_format_rar.c.ifdefed" startline="1003" endline="1110" function="DEFINE_TEST" hash="8178492710978744946"></source>
			<source file="../../workspace/dataset/test/test_read_format_rar.c.ifdefed" startline="571" endline="675" function="DEFINE_TEST" hash="-6430192971850206728"></source>
			<source file="../../workspace/dataset/test/test_read_format_rar.c.ifdefed" startline="866" endline="1001" function="DEFINE_TEST" hash="-2577482925625549261"></source>
		</class>
	</version>
	<version nr="3630" hash="c25539bf" evolution="Subtract" change="Consistent">
		<class nclones="3">
			<source file="../../workspace/dataset/test/test_read_format_rar.c.ifdefed" startline="531" endline="569" function="DEFINE_TEST" hash="-8154355082158996682"></source>
			<source file="../../workspace/dataset/test/test_archive_read_multiple_data_objects.c.ifdefed" startline="123" endline="169" function="test_large_splitted_file" hash="-1879463542919024284"></source>
			<source file="../../workspace/dataset/test/test_read_format_rar.c.ifdefed" startline="680" endline="719" function="DEFINE_TEST" hash="-5019404797213644931"></source>
		</class>
	</version>
	<version nr="3630" hash="c25539bf" evolution="Subtract" change="Consistent">
		<class nclones="2">
			<source file="../../workspace/dataset/test/test_read_format_rar.c.ifdefed" startline="1194" endline="1237" function="DEFINE_TEST" hash="-5308602354601454993"></source>
			<source file="../../workspace/dataset/test/test_read_format_rar.c.ifdefed" startline="1239" endline="1274" function="DEFINE_TEST" hash="8842446203963963948"></source>
		</class>
	</version>
	<version nr="3640" hash="1880dfc5" evolution="Add" change="Consistent">
		<class nclones="5">
			<source file="../../workspace/dataset/test/test_read_set_format.c.ifdefed" startline="29" endline="100" function="DEFINE_TEST" hash="2333526279395416625"></source>
			<source file="../../workspace/dataset/test/test_read_format_rar.c.ifdefed" startline="31" endline="112" function="DEFINE_TEST" hash="-7455731038030152052"></source>
			<source file="../../workspace/dataset/test/test_archive_read_multiple_data_objects.c.ifdefed" startline="42" endline="121" function="test_splitted_file" hash="-5642290133250822820"></source>
			<source file="../../workspace/dataset/test/test_read_format_rar.c.ifdefed" startline="784" endline="864" function="DEFINE_TEST" hash="5688425904423569062"></source>
			<source file="../../workspace/dataset/test/test_read_format_rar.c.ifdefed" startline="1112" endline="1192" function="DEFINE_TEST" hash="5258517205543878417"></source>
		</class>
	</version>
	<version nr="3640" hash="1880dfc5" evolution="Subtract" change="Consistent">
		<class nclones="2">
			<source file="../../workspace/dataset/test/test_read_format_rar.c.ifdefed" startline="114" endline="147" function="DEFINE_TEST" hash="7347787519050389751"></source>
			<source file="../../workspace/dataset/test/test_read_format_rar.c.ifdefed" startline="149" endline="182" function="DEFINE_TEST" hash="-8326657658909896514"></source>
		</class>
	</version>
	<version nr="3640" hash="1880dfc5" evolution="Add" change="Consistent">
		<class nclones="4">
			<source file="../../workspace/dataset/test/test_read_format_rar.c.ifdefed" startline="422" endline="526" function="DEFINE_TEST" hash="-634553122039628821"></source>
			<source file="../../workspace/dataset/test/test_read_format_rar.c.ifdefed" startline="571" endline="675" function="DEFINE_TEST" hash="-6430192971850206728"></source>
			<source file="../../workspace/dataset/test/test_read_format_rar.c.ifdefed" startline="1003" endline="1110" function="DEFINE_TEST" hash="8178492710978744946"></source>
			<source file="../../workspace/dataset/test/test_read_format_rar.c.ifdefed" startline="866" endline="1001" function="DEFINE_TEST" hash="-2577482925625549261"></source>
		</class>
	</version>
	<version nr="3640" hash="1880dfc5" evolution="Subtract" change="Consistent">
		<class nclones="3">
			<source file="../../workspace/dataset/test/test_read_format_rar.c.ifdefed" startline="531" endline="569" function="DEFINE_TEST" hash="-8154355082158996682"></source>
			<source file="../../workspace/dataset/test/test_read_format_rar.c.ifdefed" startline="680" endline="719" function="DEFINE_TEST" hash="-5019404797213644931"></source>
			<source file="../../workspace/dataset/test/test_archive_read_multiple_data_objects.c.ifdefed" startline="123" endline="169" function="test_large_splitted_file" hash="-1879463542919024284"></source>
		</class>
	</version>
	<version nr="3640" hash="1880dfc5" evolution="Subtract" change="Consistent">
		<class nclones="2">
			<source file="../../workspace/dataset/test/test_read_format_rar.c.ifdefed" startline="1194" endline="1237" function="DEFINE_TEST" hash="-5308602354601454993"></source>
			<source file="../../workspace/dataset/test/test_read_format_rar.c.ifdefed" startline="1239" endline="1274" function="DEFINE_TEST" hash="8842446203963963948"></source>
		</class>
	</version>
	<version nr="3650" hash="3ce2e63b" evolution="Add" change="Consistent">
		<class nclones="5">
			<source file="../../workspace/dataset/test/test_read_set_format.c.ifdefed" startline="29" endline="100" function="DEFINE_TEST" hash="2333526279395416625"></source>
			<source file="../../workspace/dataset/test/test_read_format_rar.c.ifdefed" startline="31" endline="112" function="DEFINE_TEST" hash="-7455731038030152052"></source>
			<source file="../../workspace/dataset/test/test_archive_read_multiple_data_objects.c.ifdefed" startline="42" endline="121" function="test_splitted_file" hash="-5642290133250822820"></source>
			<source file="../../workspace/dataset/test/test_read_format_rar.c.ifdefed" startline="784" endline="864" function="DEFINE_TEST" hash="5688425904423569062"></source>
			<source file="../../workspace/dataset/test/test_read_format_rar.c.ifdefed" startline="1112" endline="1192" function="DEFINE_TEST" hash="5258517205543878417"></source>
		</class>
	</version>
	<version nr="3650" hash="3ce2e63b" evolution="Subtract" change="Consistent">
		<class nclones="2">
			<source file="../../workspace/dataset/test/test_read_format_rar.c.ifdefed" startline="114" endline="147" function="DEFINE_TEST" hash="7347787519050389751"></source>
			<source file="../../workspace/dataset/test/test_read_format_rar.c.ifdefed" startline="149" endline="182" function="DEFINE_TEST" hash="-8326657658909896514"></source>
		</class>
	</version>
	<version nr="3650" hash="3ce2e63b" evolution="Add" change="Consistent">
		<class nclones="4">
			<source file="../../workspace/dataset/test/test_read_format_rar.c.ifdefed" startline="422" endline="526" function="DEFINE_TEST" hash="-634553122039628821"></source>
			<source file="../../workspace/dataset/test/test_read_format_rar.c.ifdefed" startline="571" endline="675" function="DEFINE_TEST" hash="-6430192971850206728"></source>
			<source file="../../workspace/dataset/test/test_read_format_rar.c.ifdefed" startline="1003" endline="1110" function="DEFINE_TEST" hash="8178492710978744946"></source>
			<source file="../../workspace/dataset/test/test_read_format_rar.c.ifdefed" startline="866" endline="1001" function="DEFINE_TEST" hash="-2577482925625549261"></source>
		</class>
	</version>
	<version nr="3650" hash="3ce2e63b" evolution="Subtract" change="Consistent">
		<class nclones="3">
			<source file="../../workspace/dataset/test/test_read_format_rar.c.ifdefed" startline="531" endline="569" function="DEFINE_TEST" hash="-8154355082158996682"></source>
			<source file="../../workspace/dataset/test/test_read_format_rar.c.ifdefed" startline="680" endline="719" function="DEFINE_TEST" hash="-5019404797213644931"></source>
			<source file="../../workspace/dataset/test/test_archive_read_multiple_data_objects.c.ifdefed" startline="123" endline="169" function="test_large_splitted_file" hash="-1879463542919024284"></source>
		</class>
	</version>
	<version nr="3650" hash="3ce2e63b" evolution="Subtract" change="Consistent">
		<class nclones="2">
			<source file="../../workspace/dataset/test/test_read_format_rar.c.ifdefed" startline="1194" endline="1237" function="DEFINE_TEST" hash="-5308602354601454993"></source>
			<source file="../../workspace/dataset/test/test_read_format_rar.c.ifdefed" startline="1239" endline="1274" function="DEFINE_TEST" hash="8842446203963963948"></source>
		</class>
	</version>
	<version nr="3660" hash="a2004af2" evolution="Add" change="Consistent">
		<class nclones="5">
			<source file="../../workspace/dataset/test/test_read_set_format.c.ifdefed" startline="29" endline="100" function="DEFINE_TEST" hash="2333526279395416625"></source>
			<source file="../../workspace/dataset/test/test_read_format_rar.c.ifdefed" startline="31" endline="112" function="DEFINE_TEST" hash="-7455731038030152052"></source>
			<source file="../../workspace/dataset/test/test_archive_read_multiple_data_objects.c.ifdefed" startline="42" endline="121" function="test_splitted_file" hash="-5642290133250822820"></source>
			<source file="../../workspace/dataset/test/test_read_format_rar.c.ifdefed" startline="784" endline="864" function="DEFINE_TEST" hash="5688425904423569062"></source>
			<source file="../../workspace/dataset/test/test_read_format_rar.c.ifdefed" startline="1112" endline="1192" function="DEFINE_TEST" hash="5258517205543878417"></source>
		</class>
	</version>
	<version nr="3660" hash="a2004af2" evolution="Subtract" change="Consistent">
		<class nclones="2">
			<source file="../../workspace/dataset/test/test_read_format_rar.c.ifdefed" startline="114" endline="147" function="DEFINE_TEST" hash="7347787519050389751"></source>
			<source file="../../workspace/dataset/test/test_read_format_rar.c.ifdefed" startline="149" endline="182" function="DEFINE_TEST" hash="-8326657658909896514"></source>
		</class>
	</version>
	<version nr="3660" hash="a2004af2" evolution="Add" change="Consistent">
		<class nclones="4">
			<source file="../../workspace/dataset/test/test_read_format_rar.c.ifdefed" startline="422" endline="526" function="DEFINE_TEST" hash="-634553122039628821"></source>
			<source file="../../workspace/dataset/test/test_read_format_rar.c.ifdefed" startline="571" endline="675" function="DEFINE_TEST" hash="-6430192971850206728"></source>
			<source file="../../workspace/dataset/test/test_read_format_rar.c.ifdefed" startline="1003" endline="1110" function="DEFINE_TEST" hash="8178492710978744946"></source>
			<source file="../../workspace/dataset/test/test_read_format_rar.c.ifdefed" startline="866" endline="1001" function="DEFINE_TEST" hash="-2577482925625549261"></source>
		</class>
	</version>
	<version nr="3660" hash="a2004af2" evolution="Subtract" change="Consistent">
		<class nclones="3">
			<source file="../../workspace/dataset/test/test_read_format_rar.c.ifdefed" startline="531" endline="569" function="DEFINE_TEST" hash="-8154355082158996682"></source>
			<source file="../../workspace/dataset/test/test_read_format_rar.c.ifdefed" startline="680" endline="719" function="DEFINE_TEST" hash="-5019404797213644931"></source>
			<source file="../../workspace/dataset/test/test_archive_read_multiple_data_objects.c.ifdefed" startline="123" endline="169" function="test_large_splitted_file" hash="-1879463542919024284"></source>
		</class>
	</version>
	<version nr="3660" hash="a2004af2" evolution="Subtract" change="Consistent">
		<class nclones="2">
			<source file="../../workspace/dataset/test/test_read_format_rar.c.ifdefed" startline="1194" endline="1237" function="DEFINE_TEST" hash="-5308602354601454993"></source>
			<source file="../../workspace/dataset/test/test_read_format_rar.c.ifdefed" startline="1239" endline="1274" function="DEFINE_TEST" hash="8842446203963963948"></source>
		</class>
	</version>
	<version nr="3670" hash="2a6f2361" evolution="Add" change="Consistent">
		<class nclones="5">
			<source file="../../workspace/dataset/test/test_read_set_format.c.ifdefed" startline="29" endline="100" function="DEFINE_TEST" hash="2333526279395416625"></source>
			<source file="../../workspace/dataset/test/test_read_format_rar.c.ifdefed" startline="31" endline="112" function="DEFINE_TEST" hash="-7455731038030152052"></source>
			<source file="../../workspace/dataset/test/test_archive_read_multiple_data_objects.c.ifdefed" startline="42" endline="121" function="test_splitted_file" hash="-5642290133250822820"></source>
			<source file="../../workspace/dataset/test/test_read_format_rar.c.ifdefed" startline="784" endline="864" function="DEFINE_TEST" hash="5688425904423569062"></source>
			<source file="../../workspace/dataset/test/test_read_format_rar.c.ifdefed" startline="1112" endline="1192" function="DEFINE_TEST" hash="5258517205543878417"></source>
		</class>
	</version>
	<version nr="3670" hash="2a6f2361" evolution="Subtract" change="Consistent">
		<class nclones="2">
			<source file="../../workspace/dataset/test/test_read_format_rar.c.ifdefed" startline="114" endline="147" function="DEFINE_TEST" hash="7347787519050389751"></source>
			<source file="../../workspace/dataset/test/test_read_format_rar.c.ifdefed" startline="149" endline="182" function="DEFINE_TEST" hash="-8326657658909896514"></source>
		</class>
	</version>
	<version nr="3670" hash="2a6f2361" evolution="Add" change="Consistent">
		<class nclones="4">
			<source file="../../workspace/dataset/test/test_read_format_rar.c.ifdefed" startline="422" endline="526" function="DEFINE_TEST" hash="-634553122039628821"></source>
			<source file="../../workspace/dataset/test/test_read_format_rar.c.ifdefed" startline="571" endline="675" function="DEFINE_TEST" hash="-6430192971850206728"></source>
			<source file="../../workspace/dataset/test/test_read_format_rar.c.ifdefed" startline="1003" endline="1110" function="DEFINE_TEST" hash="8178492710978744946"></source>
			<source file="../../workspace/dataset/test/test_read_format_rar.c.ifdefed" startline="866" endline="1001" function="DEFINE_TEST" hash="-2577482925625549261"></source>
		</class>
	</version>
	<version nr="3670" hash="2a6f2361" evolution="Subtract" change="Consistent">
		<class nclones="3">
			<source file="../../workspace/dataset/test/test_read_format_rar.c.ifdefed" startline="531" endline="569" function="DEFINE_TEST" hash="-8154355082158996682"></source>
			<source file="../../workspace/dataset/test/test_read_format_rar.c.ifdefed" startline="680" endline="719" function="DEFINE_TEST" hash="-5019404797213644931"></source>
			<source file="../../workspace/dataset/test/test_archive_read_multiple_data_objects.c.ifdefed" startline="123" endline="169" function="test_large_splitted_file" hash="-1879463542919024284"></source>
		</class>
	</version>
	<version nr="3670" hash="2a6f2361" evolution="Subtract" change="Consistent">
		<class nclones="2">
			<source file="../../workspace/dataset/test/test_read_format_rar.c.ifdefed" startline="1194" endline="1237" function="DEFINE_TEST" hash="-5308602354601454993"></source>
			<source file="../../workspace/dataset/test/test_read_format_rar.c.ifdefed" startline="1239" endline="1274" function="DEFINE_TEST" hash="8842446203963963948"></source>
		</class>
	</version>
	<version nr="3680" hash="d3bd6194" evolution="Add" change="Consistent">
		<class nclones="5">
			<source file="../../workspace/dataset/test/test_read_set_format.c.ifdefed" startline="29" endline="100" function="DEFINE_TEST" hash="2333526279395416625"></source>
			<source file="../../workspace/dataset/test/test_read_format_rar.c.ifdefed" startline="31" endline="112" function="DEFINE_TEST" hash="-7455731038030152052"></source>
			<source file="../../workspace/dataset/test/test_archive_read_multiple_data_objects.c.ifdefed" startline="42" endline="121" function="test_splitted_file" hash="-5642290133250822820"></source>
			<source file="../../workspace/dataset/test/test_read_format_rar.c.ifdefed" startline="784" endline="864" function="DEFINE_TEST" hash="5688425904423569062"></source>
			<source file="../../workspace/dataset/test/test_read_format_rar.c.ifdefed" startline="1112" endline="1192" function="DEFINE_TEST" hash="5258517205543878417"></source>
		</class>
	</version>
	<version nr="3680" hash="d3bd6194" evolution="Subtract" change="Consistent">
		<class nclones="2">
			<source file="../../workspace/dataset/test/test_read_format_rar.c.ifdefed" startline="114" endline="147" function="DEFINE_TEST" hash="7347787519050389751"></source>
			<source file="../../workspace/dataset/test/test_read_format_rar.c.ifdefed" startline="149" endline="182" function="DEFINE_TEST" hash="-8326657658909896514"></source>
		</class>
	</version>
	<version nr="3680" hash="d3bd6194" evolution="Add" change="Consistent">
		<class nclones="4">
			<source file="../../workspace/dataset/test/test_read_format_rar.c.ifdefed" startline="422" endline="526" function="DEFINE_TEST" hash="-634553122039628821"></source>
			<source file="../../workspace/dataset/test/test_read_format_rar.c.ifdefed" startline="571" endline="675" function="DEFINE_TEST" hash="-6430192971850206728"></source>
			<source file="../../workspace/dataset/test/test_read_format_rar.c.ifdefed" startline="1003" endline="1110" function="DEFINE_TEST" hash="8178492710978744946"></source>
			<source file="../../workspace/dataset/test/test_read_format_rar.c.ifdefed" startline="866" endline="1001" function="DEFINE_TEST" hash="-2577482925625549261"></source>
		</class>
	</version>
	<version nr="3680" hash="d3bd6194" evolution="Subtract" change="Consistent">
		<class nclones="3">
			<source file="../../workspace/dataset/test/test_read_format_rar.c.ifdefed" startline="531" endline="569" function="DEFINE_TEST" hash="-8154355082158996682"></source>
			<source file="../../workspace/dataset/test/test_read_format_rar.c.ifdefed" startline="680" endline="719" function="DEFINE_TEST" hash="-5019404797213644931"></source>
			<source file="../../workspace/dataset/test/test_archive_read_multiple_data_objects.c.ifdefed" startline="123" endline="169" function="test_large_splitted_file" hash="-1879463542919024284"></source>
		</class>
	</version>
	<version nr="3680" hash="d3bd6194" evolution="Subtract" change="Consistent">
		<class nclones="2">
			<source file="../../workspace/dataset/test/test_read_format_rar.c.ifdefed" startline="1194" endline="1237" function="DEFINE_TEST" hash="-5308602354601454993"></source>
			<source file="../../workspace/dataset/test/test_read_format_rar.c.ifdefed" startline="1239" endline="1274" function="DEFINE_TEST" hash="8842446203963963948"></source>
		</class>
	</version>
	<version nr="3690" hash="cdf9f0e1" evolution="Add" change="Consistent">
		<class nclones="5">
			<source file="../../workspace/dataset/test/test_read_set_format.c.ifdefed" startline="29" endline="100" function="DEFINE_TEST" hash="2333526279395416625"></source>
			<source file="../../workspace/dataset/test/test_read_format_rar.c.ifdefed" startline="31" endline="112" function="DEFINE_TEST" hash="-7455731038030152052"></source>
			<source file="../../workspace/dataset/test/test_archive_read_multiple_data_objects.c.ifdefed" startline="42" endline="121" function="test_splitted_file" hash="-5642290133250822820"></source>
			<source file="../../workspace/dataset/test/test_read_format_rar.c.ifdefed" startline="1112" endline="1192" function="DEFINE_TEST" hash="5258517205543878417"></source>
			<source file="../../workspace/dataset/test/test_read_format_rar.c.ifdefed" startline="784" endline="864" function="DEFINE_TEST" hash="5688425904423569062"></source>
		</class>
	</version>
	<version nr="3690" hash="cdf9f0e1" evolution="Subtract" change="Consistent">
		<class nclones="2">
			<source file="../../workspace/dataset/test/test_read_format_rar.c.ifdefed" startline="114" endline="147" function="DEFINE_TEST" hash="7347787519050389751"></source>
			<source file="../../workspace/dataset/test/test_read_format_rar.c.ifdefed" startline="149" endline="182" function="DEFINE_TEST" hash="-8326657658909896514"></source>
		</class>
	</version>
	<version nr="3690" hash="cdf9f0e1" evolution="Add" change="Consistent">
		<class nclones="4">
			<source file="../../workspace/dataset/test/test_read_format_rar.c.ifdefed" startline="422" endline="526" function="DEFINE_TEST" hash="-634553122039628821"></source>
			<source file="../../workspace/dataset/test/test_read_format_rar.c.ifdefed" startline="1003" endline="1110" function="DEFINE_TEST" hash="8178492710978744946"></source>
			<source file="../../workspace/dataset/test/test_read_format_rar.c.ifdefed" startline="571" endline="675" function="DEFINE_TEST" hash="-6430192971850206728"></source>
			<source file="../../workspace/dataset/test/test_read_format_rar.c.ifdefed" startline="866" endline="1001" function="DEFINE_TEST" hash="-2577482925625549261"></source>
		</class>
	</version>
	<version nr="3690" hash="cdf9f0e1" evolution="Subtract" change="Consistent">
		<class nclones="3">
			<source file="../../workspace/dataset/test/test_read_format_rar.c.ifdefed" startline="531" endline="569" function="DEFINE_TEST" hash="-8154355082158996682"></source>
			<source file="../../workspace/dataset/test/test_read_format_rar.c.ifdefed" startline="680" endline="719" function="DEFINE_TEST" hash="-5019404797213644931"></source>
			<source file="../../workspace/dataset/test/test_archive_read_multiple_data_objects.c.ifdefed" startline="123" endline="169" function="test_large_splitted_file" hash="-1879463542919024284"></source>
		</class>
	</version>
	<version nr="3690" hash="cdf9f0e1" evolution="Subtract" change="Consistent">
		<class nclones="2">
			<source file="../../workspace/dataset/test/test_read_format_rar.c.ifdefed" startline="1194" endline="1237" function="DEFINE_TEST" hash="-5308602354601454993"></source>
			<source file="../../workspace/dataset/test/test_read_format_rar.c.ifdefed" startline="1239" endline="1274" function="DEFINE_TEST" hash="8842446203963963948"></source>
		</class>
	</version>
	<version nr="3700" hash="d838ef20" evolution="Add" change="Consistent">
		<class nclones="5">
			<source file="../../workspace/dataset/test/test_read_set_format.c.ifdefed" startline="29" endline="100" function="DEFINE_TEST" hash="2333526279395416625"></source>
			<source file="../../workspace/dataset/test/test_read_format_rar.c.ifdefed" startline="31" endline="112" function="DEFINE_TEST" hash="-7455731038030152052"></source>
			<source file="../../workspace/dataset/test/test_archive_read_multiple_data_objects.c.ifdefed" startline="42" endline="121" function="test_splitted_file" hash="-5642290133250822820"></source>
			<source file="../../workspace/dataset/test/test_read_format_rar.c.ifdefed" startline="1112" endline="1192" function="DEFINE_TEST" hash="5258517205543878417"></source>
			<source file="../../workspace/dataset/test/test_read_format_rar.c.ifdefed" startline="784" endline="864" function="DEFINE_TEST" hash="5688425904423569062"></source>
		</class>
	</version>
	<version nr="3700" hash="d838ef20" evolution="Subtract" change="Consistent">
		<class nclones="2">
			<source file="../../workspace/dataset/test/test_read_format_rar.c.ifdefed" startline="114" endline="147" function="DEFINE_TEST" hash="7347787519050389751"></source>
			<source file="../../workspace/dataset/test/test_read_format_rar.c.ifdefed" startline="149" endline="182" function="DEFINE_TEST" hash="-8326657658909896514"></source>
		</class>
	</version>
	<version nr="3700" hash="d838ef20" evolution="Add" change="Consistent">
		<class nclones="4">
			<source file="../../workspace/dataset/test/test_read_format_rar.c.ifdefed" startline="422" endline="526" function="DEFINE_TEST" hash="-634553122039628821"></source>
			<source file="../../workspace/dataset/test/test_read_format_rar.c.ifdefed" startline="1003" endline="1110" function="DEFINE_TEST" hash="8178492710978744946"></source>
			<source file="../../workspace/dataset/test/test_read_format_rar.c.ifdefed" startline="571" endline="675" function="DEFINE_TEST" hash="-6430192971850206728"></source>
			<source file="../../workspace/dataset/test/test_read_format_rar.c.ifdefed" startline="866" endline="1001" function="DEFINE_TEST" hash="-2577482925625549261"></source>
		</class>
	</version>
	<version nr="3700" hash="d838ef20" evolution="Subtract" change="Consistent">
		<class nclones="3">
			<source file="../../workspace/dataset/test/test_read_format_rar.c.ifdefed" startline="531" endline="569" function="DEFINE_TEST" hash="-8154355082158996682"></source>
			<source file="../../workspace/dataset/test/test_archive_read_multiple_data_objects.c.ifdefed" startline="123" endline="169" function="test_large_splitted_file" hash="-1879463542919024284"></source>
			<source file="../../workspace/dataset/test/test_read_format_rar.c.ifdefed" startline="680" endline="719" function="DEFINE_TEST" hash="-5019404797213644931"></source>
		</class>
	</version>
	<version nr="3700" hash="d838ef20" evolution="Subtract" change="Consistent">
		<class nclones="2">
			<source file="../../workspace/dataset/test/test_read_format_rar.c.ifdefed" startline="1194" endline="1237" function="DEFINE_TEST" hash="-5308602354601454993"></source>
			<source file="../../workspace/dataset/test/test_read_format_rar.c.ifdefed" startline="1239" endline="1274" function="DEFINE_TEST" hash="8842446203963963948"></source>
		</class>
	</version>
	<version nr="3710" hash="b281f94c" evolution="Add" change="Consistent">
		<class nclones="5">
			<source file="../../workspace/dataset/test/test_read_set_format.c.ifdefed" startline="29" endline="100" function="DEFINE_TEST" hash="2333526279395416625"></source>
			<source file="../../workspace/dataset/test/test_read_format_rar.c.ifdefed" startline="31" endline="112" function="DEFINE_TEST" hash="-7455731038030152052"></source>
			<source file="../../workspace/dataset/test/test_archive_read_multiple_data_objects.c.ifdefed" startline="42" endline="121" function="test_splitted_file" hash="-5642290133250822820"></source>
			<source file="../../workspace/dataset/test/test_read_format_rar.c.ifdefed" startline="1112" endline="1192" function="DEFINE_TEST" hash="5258517205543878417"></source>
			<source file="../../workspace/dataset/test/test_read_format_rar.c.ifdefed" startline="784" endline="864" function="DEFINE_TEST" hash="5688425904423569062"></source>
		</class>
	</version>
	<version nr="3710" hash="b281f94c" evolution="Subtract" change="Consistent">
		<class nclones="2">
			<source file="../../workspace/dataset/test/test_read_format_rar.c.ifdefed" startline="114" endline="147" function="DEFINE_TEST" hash="7347787519050389751"></source>
			<source file="../../workspace/dataset/test/test_read_format_rar.c.ifdefed" startline="149" endline="182" function="DEFINE_TEST" hash="-8326657658909896514"></source>
		</class>
	</version>
	<version nr="3710" hash="b281f94c" evolution="Add" change="Consistent">
		<class nclones="4">
			<source file="../../workspace/dataset/test/test_read_format_rar.c.ifdefed" startline="422" endline="526" function="DEFINE_TEST" hash="-634553122039628821"></source>
			<source file="../../workspace/dataset/test/test_read_format_rar.c.ifdefed" startline="571" endline="675" function="DEFINE_TEST" hash="-6430192971850206728"></source>
			<source file="../../workspace/dataset/test/test_read_format_rar.c.ifdefed" startline="1003" endline="1110" function="DEFINE_TEST" hash="8178492710978744946"></source>
			<source file="../../workspace/dataset/test/test_read_format_rar.c.ifdefed" startline="866" endline="1001" function="DEFINE_TEST" hash="-2577482925625549261"></source>
		</class>
	</version>
	<version nr="3710" hash="b281f94c" evolution="Subtract" change="Consistent">
		<class nclones="3">
			<source file="../../workspace/dataset/test/test_read_format_rar.c.ifdefed" startline="531" endline="569" function="DEFINE_TEST" hash="-8154355082158996682"></source>
			<source file="../../workspace/dataset/test/test_archive_read_multiple_data_objects.c.ifdefed" startline="123" endline="169" function="test_large_splitted_file" hash="-1879463542919024284"></source>
			<source file="../../workspace/dataset/test/test_read_format_rar.c.ifdefed" startline="680" endline="719" function="DEFINE_TEST" hash="-5019404797213644931"></source>
		</class>
	</version>
	<version nr="3710" hash="b281f94c" evolution="Subtract" change="Consistent">
		<class nclones="2">
			<source file="../../workspace/dataset/test/test_read_format_rar.c.ifdefed" startline="1194" endline="1237" function="DEFINE_TEST" hash="-5308602354601454993"></source>
			<source file="../../workspace/dataset/test/test_read_format_rar.c.ifdefed" startline="1239" endline="1274" function="DEFINE_TEST" hash="8842446203963963948"></source>
		</class>
	</version>
	<version nr="3720" hash="ebc67c17" evolution="Add" change="Consistent">
		<class nclones="5">
			<source file="../../workspace/dataset/test/test_read_set_format.c.ifdefed" startline="29" endline="100" function="DEFINE_TEST" hash="2333526279395416625"></source>
			<source file="../../workspace/dataset/test/test_read_format_rar.c.ifdefed" startline="31" endline="112" function="DEFINE_TEST" hash="-7455731038030152052"></source>
			<source file="../../workspace/dataset/test/test_archive_read_multiple_data_objects.c.ifdefed" startline="42" endline="121" function="test_splitted_file" hash="-5642290133250822820"></source>
			<source file="../../workspace/dataset/test/test_read_format_rar.c.ifdefed" startline="784" endline="864" function="DEFINE_TEST" hash="5688425904423569062"></source>
			<source file="../../workspace/dataset/test/test_read_format_rar.c.ifdefed" startline="1112" endline="1192" function="DEFINE_TEST" hash="5258517205543878417"></source>
		</class>
	</version>
	<version nr="3720" hash="ebc67c17" evolution="Subtract" change="Consistent">
		<class nclones="2">
			<source file="../../workspace/dataset/test/test_read_format_rar.c.ifdefed" startline="114" endline="147" function="DEFINE_TEST" hash="7347787519050389751"></source>
			<source file="../../workspace/dataset/test/test_read_format_rar.c.ifdefed" startline="149" endline="182" function="DEFINE_TEST" hash="-8326657658909896514"></source>
		</class>
	</version>
	<version nr="3720" hash="ebc67c17" evolution="Add" change="Consistent">
		<class nclones="4">
			<source file="../../workspace/dataset/test/test_read_format_rar.c.ifdefed" startline="422" endline="526" function="DEFINE_TEST" hash="-634553122039628821"></source>
			<source file="../../workspace/dataset/test/test_read_format_rar.c.ifdefed" startline="1003" endline="1110" function="DEFINE_TEST" hash="8178492710978744946"></source>
			<source file="../../workspace/dataset/test/test_read_format_rar.c.ifdefed" startline="571" endline="675" function="DEFINE_TEST" hash="-6430192971850206728"></source>
			<source file="../../workspace/dataset/test/test_read_format_rar.c.ifdefed" startline="866" endline="1001" function="DEFINE_TEST" hash="-2577482925625549261"></source>
		</class>
	</version>
	<version nr="3720" hash="ebc67c17" evolution="Subtract" change="Consistent">
		<class nclones="3">
			<source file="../../workspace/dataset/test/test_read_format_rar.c.ifdefed" startline="531" endline="569" function="DEFINE_TEST" hash="-8154355082158996682"></source>
			<source file="../../workspace/dataset/test/test_archive_read_multiple_data_objects.c.ifdefed" startline="123" endline="169" function="test_large_splitted_file" hash="-1879463542919024284"></source>
			<source file="../../workspace/dataset/test/test_read_format_rar.c.ifdefed" startline="680" endline="719" function="DEFINE_TEST" hash="-5019404797213644931"></source>
		</class>
	</version>
	<version nr="3720" hash="ebc67c17" evolution="Subtract" change="Consistent">
		<class nclones="2">
			<source file="../../workspace/dataset/test/test_read_format_rar.c.ifdefed" startline="1194" endline="1237" function="DEFINE_TEST" hash="-5308602354601454993"></source>
			<source file="../../workspace/dataset/test/test_read_format_rar.c.ifdefed" startline="1239" endline="1274" function="DEFINE_TEST" hash="8842446203963963948"></source>
		</class>
	</version>
	<version nr="3730" hash="f48d99b5" evolution="Add" change="Consistent">
		<class nclones="5">
			<source file="../../workspace/dataset/test/test_read_set_format.c.ifdefed" startline="29" endline="100" function="DEFINE_TEST" hash="2333526279395416625"></source>
			<source file="../../workspace/dataset/test/test_read_format_rar.c.ifdefed" startline="31" endline="112" function="DEFINE_TEST" hash="-7455731038030152052"></source>
			<source file="../../workspace/dataset/test/test_archive_read_multiple_data_objects.c.ifdefed" startline="42" endline="121" function="test_splitted_file" hash="-5642290133250822820"></source>
			<source file="../../workspace/dataset/test/test_read_format_rar.c.ifdefed" startline="784" endline="864" function="DEFINE_TEST" hash="5688425904423569062"></source>
			<source file="../../workspace/dataset/test/test_read_format_rar.c.ifdefed" startline="1112" endline="1192" function="DEFINE_TEST" hash="5258517205543878417"></source>
		</class>
	</version>
	<version nr="3730" hash="f48d99b5" evolution="Subtract" change="Consistent">
		<class nclones="2">
			<source file="../../workspace/dataset/test/test_read_format_rar.c.ifdefed" startline="114" endline="147" function="DEFINE_TEST" hash="7347787519050389751"></source>
			<source file="../../workspace/dataset/test/test_read_format_rar.c.ifdefed" startline="149" endline="182" function="DEFINE_TEST" hash="-8326657658909896514"></source>
		</class>
	</version>
	<version nr="3730" hash="f48d99b5" evolution="Add" change="Consistent">
		<class nclones="4">
			<source file="../../workspace/dataset/test/test_read_format_rar.c.ifdefed" startline="422" endline="526" function="DEFINE_TEST" hash="-634553122039628821"></source>
			<source file="../../workspace/dataset/test/test_read_format_rar.c.ifdefed" startline="1003" endline="1110" function="DEFINE_TEST" hash="8178492710978744946"></source>
			<source file="../../workspace/dataset/test/test_read_format_rar.c.ifdefed" startline="571" endline="675" function="DEFINE_TEST" hash="-6430192971850206728"></source>
			<source file="../../workspace/dataset/test/test_read_format_rar.c.ifdefed" startline="866" endline="1001" function="DEFINE_TEST" hash="-2577482925625549261"></source>
		</class>
	</version>
	<version nr="3730" hash="f48d99b5" evolution="Subtract" change="Consistent">
		<class nclones="3">
			<source file="../../workspace/dataset/test/test_read_format_rar.c.ifdefed" startline="531" endline="569" function="DEFINE_TEST" hash="-8154355082158996682"></source>
			<source file="../../workspace/dataset/test/test_archive_read_multiple_data_objects.c.ifdefed" startline="123" endline="169" function="test_large_splitted_file" hash="-1879463542919024284"></source>
			<source file="../../workspace/dataset/test/test_read_format_rar.c.ifdefed" startline="680" endline="719" function="DEFINE_TEST" hash="-5019404797213644931"></source>
		</class>
	</version>
	<version nr="3730" hash="f48d99b5" evolution="Subtract" change="Consistent">
		<class nclones="2">
			<source file="../../workspace/dataset/test/test_read_format_rar.c.ifdefed" startline="1194" endline="1237" function="DEFINE_TEST" hash="-5308602354601454993"></source>
			<source file="../../workspace/dataset/test/test_read_format_rar.c.ifdefed" startline="1239" endline="1274" function="DEFINE_TEST" hash="8842446203963963948"></source>
		</class>
	</version>
	<version nr="3740" hash="d764646c" evolution="Add" change="Consistent">
		<class nclones="5">
			<source file="../../workspace/dataset/test/test_read_set_format.c.ifdefed" startline="29" endline="100" function="DEFINE_TEST" hash="2333526279395416625"></source>
			<source file="../../workspace/dataset/test/test_read_format_rar.c.ifdefed" startline="31" endline="112" function="DEFINE_TEST" hash="-7455731038030152052"></source>
			<source file="../../workspace/dataset/test/test_archive_read_multiple_data_objects.c.ifdefed" startline="42" endline="121" function="test_splitted_file" hash="-5642290133250822820"></source>
			<source file="../../workspace/dataset/test/test_read_format_rar.c.ifdefed" startline="1112" endline="1192" function="DEFINE_TEST" hash="5258517205543878417"></source>
			<source file="../../workspace/dataset/test/test_read_format_rar.c.ifdefed" startline="784" endline="864" function="DEFINE_TEST" hash="5688425904423569062"></source>
		</class>
	</version>
	<version nr="3740" hash="d764646c" evolution="Subtract" change="Consistent">
		<class nclones="2">
			<source file="../../workspace/dataset/test/test_read_format_rar.c.ifdefed" startline="114" endline="147" function="DEFINE_TEST" hash="7347787519050389751"></source>
			<source file="../../workspace/dataset/test/test_read_format_rar.c.ifdefed" startline="149" endline="182" function="DEFINE_TEST" hash="-8326657658909896514"></source>
		</class>
	</version>
	<version nr="3740" hash="d764646c" evolution="Add" change="Consistent">
		<class nclones="4">
			<source file="../../workspace/dataset/test/test_read_format_rar.c.ifdefed" startline="422" endline="526" function="DEFINE_TEST" hash="-634553122039628821"></source>
			<source file="../../workspace/dataset/test/test_read_format_rar.c.ifdefed" startline="571" endline="675" function="DEFINE_TEST" hash="-6430192971850206728"></source>
			<source file="../../workspace/dataset/test/test_read_format_rar.c.ifdefed" startline="1003" endline="1110" function="DEFINE_TEST" hash="8178492710978744946"></source>
			<source file="../../workspace/dataset/test/test_read_format_rar.c.ifdefed" startline="866" endline="1001" function="DEFINE_TEST" hash="-2577482925625549261"></source>
		</class>
	</version>
	<version nr="3740" hash="d764646c" evolution="Subtract" change="Consistent">
		<class nclones="3">
			<source file="../../workspace/dataset/test/test_read_format_rar.c.ifdefed" startline="531" endline="569" function="DEFINE_TEST" hash="-8154355082158996682"></source>
			<source file="../../workspace/dataset/test/test_read_format_rar.c.ifdefed" startline="680" endline="719" function="DEFINE_TEST" hash="-5019404797213644931"></source>
			<source file="../../workspace/dataset/test/test_archive_read_multiple_data_objects.c.ifdefed" startline="123" endline="169" function="test_large_splitted_file" hash="-1879463542919024284"></source>
		</class>
	</version>
	<version nr="3740" hash="d764646c" evolution="Subtract" change="Consistent">
		<class nclones="2">
			<source file="../../workspace/dataset/test/test_read_format_rar.c.ifdefed" startline="1194" endline="1237" function="DEFINE_TEST" hash="-5308602354601454993"></source>
			<source file="../../workspace/dataset/test/test_read_format_rar.c.ifdefed" startline="1239" endline="1274" function="DEFINE_TEST" hash="8842446203963963948"></source>
		</class>
	</version>
	<version nr="3750" hash="3ad08e01" evolution="Add" change="Consistent">
		<class nclones="5">
			<source file="../../workspace/dataset/test/test_read_set_format.c.ifdefed" startline="29" endline="100" function="DEFINE_TEST" hash="2333526279395416625"></source>
			<source file="../../workspace/dataset/test/test_read_format_rar.c.ifdefed" startline="31" endline="112" function="DEFINE_TEST" hash="-7455731038030152052"></source>
			<source file="../../workspace/dataset/test/test_archive_read_multiple_data_objects.c.ifdefed" startline="42" endline="121" function="test_splitted_file" hash="-5642290133250822820"></source>
			<source file="../../workspace/dataset/test/test_read_format_rar.c.ifdefed" startline="1112" endline="1192" function="DEFINE_TEST" hash="5258517205543878417"></source>
			<source file="../../workspace/dataset/test/test_read_format_rar.c.ifdefed" startline="784" endline="864" function="DEFINE_TEST" hash="5688425904423569062"></source>
		</class>
	</version>
	<version nr="3750" hash="3ad08e01" evolution="Subtract" change="Consistent">
		<class nclones="2">
			<source file="../../workspace/dataset/test/test_read_format_rar.c.ifdefed" startline="114" endline="147" function="DEFINE_TEST" hash="7347787519050389751"></source>
			<source file="../../workspace/dataset/test/test_read_format_rar.c.ifdefed" startline="149" endline="182" function="DEFINE_TEST" hash="-8326657658909896514"></source>
		</class>
	</version>
	<version nr="3750" hash="3ad08e01" evolution="Add" change="Consistent">
		<class nclones="4">
			<source file="../../workspace/dataset/test/test_read_format_rar.c.ifdefed" startline="422" endline="526" function="DEFINE_TEST" hash="-634553122039628821"></source>
			<source file="../../workspace/dataset/test/test_read_format_rar.c.ifdefed" startline="571" endline="675" function="DEFINE_TEST" hash="-6430192971850206728"></source>
			<source file="../../workspace/dataset/test/test_read_format_rar.c.ifdefed" startline="1003" endline="1110" function="DEFINE_TEST" hash="8178492710978744946"></source>
			<source file="../../workspace/dataset/test/test_read_format_rar.c.ifdefed" startline="866" endline="1001" function="DEFINE_TEST" hash="-2577482925625549261"></source>
		</class>
	</version>
	<version nr="3750" hash="3ad08e01" evolution="Subtract" change="Consistent">
		<class nclones="3">
			<source file="../../workspace/dataset/test/test_read_format_rar.c.ifdefed" startline="531" endline="569" function="DEFINE_TEST" hash="-8154355082158996682"></source>
			<source file="../../workspace/dataset/test/test_read_format_rar.c.ifdefed" startline="680" endline="719" function="DEFINE_TEST" hash="-5019404797213644931"></source>
			<source file="../../workspace/dataset/test/test_archive_read_multiple_data_objects.c.ifdefed" startline="123" endline="169" function="test_large_splitted_file" hash="-1879463542919024284"></source>
		</class>
	</version>
	<version nr="3750" hash="3ad08e01" evolution="Subtract" change="Consistent">
		<class nclones="2">
			<source file="../../workspace/dataset/test/test_read_format_rar.c.ifdefed" startline="1194" endline="1237" function="DEFINE_TEST" hash="-5308602354601454993"></source>
			<source file="../../workspace/dataset/test/test_read_format_rar.c.ifdefed" startline="1239" endline="1274" function="DEFINE_TEST" hash="8842446203963963948"></source>
		</class>
	</version>
	<version nr="3760" hash="b4fd424c" evolution="Add" change="Consistent">
		<class nclones="5">
			<source file="../../workspace/dataset/test/test_read_set_format.c.ifdefed" startline="29" endline="100" function="DEFINE_TEST" hash="2333526279395416625"></source>
			<source file="../../workspace/dataset/test/test_archive_read_multiple_data_objects.c.ifdefed" startline="42" endline="121" function="test_splitted_file" hash="-5642290133250822820"></source>
			<source file="../../workspace/dataset/test/test_read_format_rar.c.ifdefed" startline="31" endline="112" function="DEFINE_TEST" hash="-7455731038030152052"></source>
			<source file="../../workspace/dataset/test/test_read_format_rar.c.ifdefed" startline="1112" endline="1192" function="DEFINE_TEST" hash="5258517205543878417"></source>
			<source file="../../workspace/dataset/test/test_read_format_rar.c.ifdefed" startline="784" endline="864" function="DEFINE_TEST" hash="5688425904423569062"></source>
		</class>
	</version>
	<version nr="3760" hash="b4fd424c" evolution="Subtract" change="Consistent">
		<class nclones="2">
			<source file="../../workspace/dataset/test/test_read_format_rar.c.ifdefed" startline="114" endline="147" function="DEFINE_TEST" hash="7347787519050389751"></source>
			<source file="../../workspace/dataset/test/test_read_format_rar.c.ifdefed" startline="149" endline="182" function="DEFINE_TEST" hash="-8326657658909896514"></source>
		</class>
	</version>
	<version nr="3760" hash="b4fd424c" evolution="Add" change="Consistent">
		<class nclones="4">
			<source file="../../workspace/dataset/test/test_read_format_rar.c.ifdefed" startline="422" endline="526" function="DEFINE_TEST" hash="-634553122039628821"></source>
			<source file="../../workspace/dataset/test/test_read_format_rar.c.ifdefed" startline="571" endline="675" function="DEFINE_TEST" hash="-6430192971850206728"></source>
			<source file="../../workspace/dataset/test/test_read_format_rar.c.ifdefed" startline="1003" endline="1110" function="DEFINE_TEST" hash="8178492710978744946"></source>
			<source file="../../workspace/dataset/test/test_read_format_rar.c.ifdefed" startline="866" endline="1001" function="DEFINE_TEST" hash="-2577482925625549261"></source>
		</class>
	</version>
	<version nr="3760" hash="b4fd424c" evolution="Subtract" change="Consistent">
		<class nclones="3">
			<source file="../../workspace/dataset/test/test_read_format_rar.c.ifdefed" startline="531" endline="569" function="DEFINE_TEST" hash="-8154355082158996682"></source>
			<source file="../../workspace/dataset/test/test_archive_read_multiple_data_objects.c.ifdefed" startline="123" endline="169" function="test_large_splitted_file" hash="-1879463542919024284"></source>
			<source file="../../workspace/dataset/test/test_read_format_rar.c.ifdefed" startline="680" endline="719" function="DEFINE_TEST" hash="-5019404797213644931"></source>
		</class>
	</version>
	<version nr="3760" hash="b4fd424c" evolution="Subtract" change="Consistent">
		<class nclones="2">
			<source file="../../workspace/dataset/test/test_read_format_rar.c.ifdefed" startline="1194" endline="1237" function="DEFINE_TEST" hash="-5308602354601454993"></source>
			<source file="../../workspace/dataset/test/test_read_format_rar.c.ifdefed" startline="1239" endline="1274" function="DEFINE_TEST" hash="8842446203963963948"></source>
		</class>
	</version>
	<version nr="3770" hash="ed9baeeb" evolution="Add" change="Consistent">
		<class nclones="5">
			<source file="../../workspace/dataset/test/test_read_set_format.c.ifdefed" startline="29" endline="100" function="DEFINE_TEST" hash="2333526279395416625"></source>
			<source file="../../workspace/dataset/test/test_archive_read_multiple_data_objects.c.ifdefed" startline="42" endline="121" function="test_splitted_file" hash="-5642290133250822820"></source>
			<source file="../../workspace/dataset/test/test_read_format_rar.c.ifdefed" startline="31" endline="112" function="DEFINE_TEST" hash="-7455731038030152052"></source>
			<source file="../../workspace/dataset/test/test_read_format_rar.c.ifdefed" startline="1112" endline="1192" function="DEFINE_TEST" hash="5258517205543878417"></source>
			<source file="../../workspace/dataset/test/test_read_format_rar.c.ifdefed" startline="784" endline="864" function="DEFINE_TEST" hash="5688425904423569062"></source>
		</class>
	</version>
	<version nr="3770" hash="ed9baeeb" evolution="Subtract" change="Consistent">
		<class nclones="2">
			<source file="../../workspace/dataset/test/test_read_format_rar.c.ifdefed" startline="114" endline="147" function="DEFINE_TEST" hash="7347787519050389751"></source>
			<source file="../../workspace/dataset/test/test_read_format_rar.c.ifdefed" startline="149" endline="182" function="DEFINE_TEST" hash="-8326657658909896514"></source>
		</class>
	</version>
	<version nr="3770" hash="ed9baeeb" evolution="Add" change="Consistent">
		<class nclones="4">
			<source file="../../workspace/dataset/test/test_read_format_rar.c.ifdefed" startline="422" endline="526" function="DEFINE_TEST" hash="-634553122039628821"></source>
			<source file="../../workspace/dataset/test/test_read_format_rar.c.ifdefed" startline="571" endline="675" function="DEFINE_TEST" hash="-6430192971850206728"></source>
			<source file="../../workspace/dataset/test/test_read_format_rar.c.ifdefed" startline="1003" endline="1110" function="DEFINE_TEST" hash="8178492710978744946"></source>
			<source file="../../workspace/dataset/test/test_read_format_rar.c.ifdefed" startline="866" endline="1001" function="DEFINE_TEST" hash="-2577482925625549261"></source>
		</class>
	</version>
	<version nr="3770" hash="ed9baeeb" evolution="Subtract" change="Consistent">
		<class nclones="3">
			<source file="../../workspace/dataset/test/test_read_format_rar.c.ifdefed" startline="531" endline="569" function="DEFINE_TEST" hash="-8154355082158996682"></source>
			<source file="../../workspace/dataset/test/test_archive_read_multiple_data_objects.c.ifdefed" startline="123" endline="169" function="test_large_splitted_file" hash="-1879463542919024284"></source>
			<source file="../../workspace/dataset/test/test_read_format_rar.c.ifdefed" startline="680" endline="719" function="DEFINE_TEST" hash="-5019404797213644931"></source>
		</class>
	</version>
	<version nr="3770" hash="ed9baeeb" evolution="Subtract" change="Consistent">
		<class nclones="2">
			<source file="../../workspace/dataset/test/test_read_format_rar.c.ifdefed" startline="1194" endline="1237" function="DEFINE_TEST" hash="-5308602354601454993"></source>
			<source file="../../workspace/dataset/test/test_read_format_rar.c.ifdefed" startline="1239" endline="1274" function="DEFINE_TEST" hash="8842446203963963948"></source>
		</class>
	</version>
	<version nr="3780" hash="6a0d970f" evolution="Add" change="Consistent">
		<class nclones="5">
			<source file="../../workspace/dataset/test/test_read_set_format.c.ifdefed" startline="29" endline="100" function="DEFINE_TEST" hash="2333526279395416625"></source>
			<source file="../../workspace/dataset/test/test_archive_read_multiple_data_objects.c.ifdefed" startline="42" endline="121" function="test_splitted_file" hash="-5642290133250822820"></source>
			<source file="../../workspace/dataset/test/test_read_format_rar.c.ifdefed" startline="31" endline="112" function="DEFINE_TEST" hash="-7455731038030152052"></source>
			<source file="../../workspace/dataset/test/test_read_format_rar.c.ifdefed" startline="784" endline="864" function="DEFINE_TEST" hash="5688425904423569062"></source>
			<source file="../../workspace/dataset/test/test_read_format_rar.c.ifdefed" startline="1112" endline="1192" function="DEFINE_TEST" hash="5258517205543878417"></source>
		</class>
	</version>
	<version nr="3780" hash="6a0d970f" evolution="Subtract" change="Consistent">
		<class nclones="2">
			<source file="../../workspace/dataset/test/test_read_format_rar.c.ifdefed" startline="114" endline="147" function="DEFINE_TEST" hash="7347787519050389751"></source>
			<source file="../../workspace/dataset/test/test_read_format_rar.c.ifdefed" startline="149" endline="182" function="DEFINE_TEST" hash="-8326657658909896514"></source>
		</class>
	</version>
	<version nr="3780" hash="6a0d970f" evolution="Add" change="Consistent">
		<class nclones="4">
			<source file="../../workspace/dataset/test/test_read_format_rar.c.ifdefed" startline="422" endline="526" function="DEFINE_TEST" hash="-634553122039628821"></source>
			<source file="../../workspace/dataset/test/test_read_format_rar.c.ifdefed" startline="1003" endline="1110" function="DEFINE_TEST" hash="8178492710978744946"></source>
			<source file="../../workspace/dataset/test/test_read_format_rar.c.ifdefed" startline="571" endline="675" function="DEFINE_TEST" hash="-6430192971850206728"></source>
			<source file="../../workspace/dataset/test/test_read_format_rar.c.ifdefed" startline="866" endline="1001" function="DEFINE_TEST" hash="-2577482925625549261"></source>
		</class>
	</version>
	<version nr="3780" hash="6a0d970f" evolution="Subtract" change="Consistent">
		<class nclones="3">
			<source file="../../workspace/dataset/test/test_read_format_rar.c.ifdefed" startline="531" endline="569" function="DEFINE_TEST" hash="-8154355082158996682"></source>
			<source file="../../workspace/dataset/test/test_read_format_rar.c.ifdefed" startline="680" endline="719" function="DEFINE_TEST" hash="-5019404797213644931"></source>
			<source file="../../workspace/dataset/test/test_archive_read_multiple_data_objects.c.ifdefed" startline="123" endline="169" function="test_large_splitted_file" hash="-1879463542919024284"></source>
		</class>
	</version>
	<version nr="3780" hash="6a0d970f" evolution="Subtract" change="Consistent">
		<class nclones="2">
			<source file="../../workspace/dataset/test/test_read_format_rar.c.ifdefed" startline="1194" endline="1237" function="DEFINE_TEST" hash="-5308602354601454993"></source>
			<source file="../../workspace/dataset/test/test_read_format_rar.c.ifdefed" startline="1239" endline="1274" function="DEFINE_TEST" hash="8842446203963963948"></source>
		</class>
	</version>
	<version nr="3790" hash="24e2f6ba" evolution="Add" change="Consistent">
		<class nclones="5">
			<source file="../../workspace/dataset/test/test_read_set_format.c.ifdefed" startline="29" endline="100" function="DEFINE_TEST" hash="2333526279395416625"></source>
			<source file="../../workspace/dataset/test/test_archive_read_multiple_data_objects.c.ifdefed" startline="42" endline="121" function="test_splitted_file" hash="-5642290133250822820"></source>
			<source file="../../workspace/dataset/test/test_read_format_rar.c.ifdefed" startline="31" endline="112" function="DEFINE_TEST" hash="-7455731038030152052"></source>
			<source file="../../workspace/dataset/test/test_read_format_rar.c.ifdefed" startline="784" endline="864" function="DEFINE_TEST" hash="5688425904423569062"></source>
			<source file="../../workspace/dataset/test/test_read_format_rar.c.ifdefed" startline="1112" endline="1192" function="DEFINE_TEST" hash="5258517205543878417"></source>
		</class>
	</version>
	<version nr="3790" hash="24e2f6ba" evolution="Subtract" change="Consistent">
		<class nclones="2">
			<source file="../../workspace/dataset/test/test_read_format_rar.c.ifdefed" startline="114" endline="147" function="DEFINE_TEST" hash="7347787519050389751"></source>
			<source file="../../workspace/dataset/test/test_read_format_rar.c.ifdefed" startline="149" endline="182" function="DEFINE_TEST" hash="-8326657658909896514"></source>
		</class>
	</version>
	<version nr="3790" hash="24e2f6ba" evolution="Add" change="Consistent">
		<class nclones="4">
			<source file="../../workspace/dataset/test/test_read_format_rar.c.ifdefed" startline="422" endline="526" function="DEFINE_TEST" hash="-634553122039628821"></source>
			<source file="../../workspace/dataset/test/test_read_format_rar.c.ifdefed" startline="1003" endline="1110" function="DEFINE_TEST" hash="8178492710978744946"></source>
			<source file="../../workspace/dataset/test/test_read_format_rar.c.ifdefed" startline="571" endline="675" function="DEFINE_TEST" hash="-6430192971850206728"></source>
			<source file="../../workspace/dataset/test/test_read_format_rar.c.ifdefed" startline="866" endline="1001" function="DEFINE_TEST" hash="-2577482925625549261"></source>
		</class>
	</version>
	<version nr="3790" hash="24e2f6ba" evolution="Subtract" change="Consistent">
		<class nclones="3">
			<source file="../../workspace/dataset/test/test_read_format_rar.c.ifdefed" startline="531" endline="569" function="DEFINE_TEST" hash="-8154355082158996682"></source>
			<source file="../../workspace/dataset/test/test_read_format_rar.c.ifdefed" startline="680" endline="719" function="DEFINE_TEST" hash="-5019404797213644931"></source>
			<source file="../../workspace/dataset/test/test_archive_read_multiple_data_objects.c.ifdefed" startline="123" endline="169" function="test_large_splitted_file" hash="-1879463542919024284"></source>
		</class>
	</version>
	<version nr="3790" hash="24e2f6ba" evolution="Subtract" change="Consistent">
		<class nclones="2">
			<source file="../../workspace/dataset/test/test_read_format_rar.c.ifdefed" startline="1194" endline="1237" function="DEFINE_TEST" hash="-5308602354601454993"></source>
			<source file="../../workspace/dataset/test/test_read_format_rar.c.ifdefed" startline="1239" endline="1274" function="DEFINE_TEST" hash="8842446203963963948"></source>
		</class>
	</version>
	<version nr="3800" hash="9f0dee22" evolution="Add" change="Consistent">
		<class nclones="5">
			<source file="../../workspace/dataset/test/test_read_set_format.c.ifdefed" startline="29" endline="100" function="DEFINE_TEST" hash="2333526279395416625"></source>
			<source file="../../workspace/dataset/test/test_archive_read_multiple_data_objects.c.ifdefed" startline="42" endline="121" function="test_splitted_file" hash="-5642290133250822820"></source>
			<source file="../../workspace/dataset/test/test_read_format_rar.c.ifdefed" startline="31" endline="112" function="DEFINE_TEST" hash="-7455731038030152052"></source>
			<source file="../../workspace/dataset/test/test_read_format_rar.c.ifdefed" startline="1112" endline="1192" function="DEFINE_TEST" hash="5258517205543878417"></source>
			<source file="../../workspace/dataset/test/test_read_format_rar.c.ifdefed" startline="784" endline="864" function="DEFINE_TEST" hash="5688425904423569062"></source>
		</class>
	</version>
	<version nr="3800" hash="9f0dee22" evolution="Subtract" change="Consistent">
		<class nclones="2">
			<source file="../../workspace/dataset/test/test_read_format_rar.c.ifdefed" startline="114" endline="147" function="DEFINE_TEST" hash="7347787519050389751"></source>
			<source file="../../workspace/dataset/test/test_read_format_rar.c.ifdefed" startline="149" endline="182" function="DEFINE_TEST" hash="-8326657658909896514"></source>
		</class>
	</version>
	<version nr="3800" hash="9f0dee22" evolution="Add" change="Consistent">
		<class nclones="4">
			<source file="../../workspace/dataset/test/test_read_format_rar.c.ifdefed" startline="422" endline="526" function="DEFINE_TEST" hash="-634553122039628821"></source>
			<source file="../../workspace/dataset/test/test_read_format_rar.c.ifdefed" startline="1003" endline="1110" function="DEFINE_TEST" hash="8178492710978744946"></source>
			<source file="../../workspace/dataset/test/test_read_format_rar.c.ifdefed" startline="571" endline="675" function="DEFINE_TEST" hash="-6430192971850206728"></source>
			<source file="../../workspace/dataset/test/test_read_format_rar.c.ifdefed" startline="866" endline="1001" function="DEFINE_TEST" hash="-2577482925625549261"></source>
		</class>
	</version>
	<version nr="3800" hash="9f0dee22" evolution="Subtract" change="Consistent">
		<class nclones="3">
			<source file="../../workspace/dataset/test/test_read_format_rar.c.ifdefed" startline="531" endline="569" function="DEFINE_TEST" hash="-8154355082158996682"></source>
			<source file="../../workspace/dataset/test/test_read_format_rar.c.ifdefed" startline="680" endline="719" function="DEFINE_TEST" hash="-5019404797213644931"></source>
			<source file="../../workspace/dataset/test/test_archive_read_multiple_data_objects.c.ifdefed" startline="123" endline="169" function="test_large_splitted_file" hash="-1879463542919024284"></source>
		</class>
	</version>
	<version nr="3800" hash="9f0dee22" evolution="Subtract" change="Consistent">
		<class nclones="2">
			<source file="../../workspace/dataset/test/test_read_format_rar.c.ifdefed" startline="1194" endline="1237" function="DEFINE_TEST" hash="-5308602354601454993"></source>
			<source file="../../workspace/dataset/test/test_read_format_rar.c.ifdefed" startline="1239" endline="1274" function="DEFINE_TEST" hash="8842446203963963948"></source>
		</class>
	</version>
	<version nr="3810" hash="a7e130aa" evolution="Add" change="Consistent">
		<class nclones="5">
			<source file="../../workspace/dataset/test/test_read_set_format.c.ifdefed" startline="29" endline="100" function="DEFINE_TEST" hash="2333526279395416625"></source>
			<source file="../../workspace/dataset/test/test_read_format_rar.c.ifdefed" startline="31" endline="112" function="DEFINE_TEST" hash="-7455731038030152052"></source>
			<source file="../../workspace/dataset/test/test_archive_read_multiple_data_objects.c.ifdefed" startline="42" endline="121" function="test_splitted_file" hash="-5642290133250822820"></source>
			<source file="../../workspace/dataset/test/test_read_format_rar.c.ifdefed" startline="1112" endline="1192" function="DEFINE_TEST" hash="5258517205543878417"></source>
			<source file="../../workspace/dataset/test/test_read_format_rar.c.ifdefed" startline="784" endline="864" function="DEFINE_TEST" hash="5688425904423569062"></source>
		</class>
	</version>
	<version nr="3810" hash="a7e130aa" evolution="Subtract" change="Consistent">
		<class nclones="2">
			<source file="../../workspace/dataset/test/test_read_format_rar.c.ifdefed" startline="114" endline="147" function="DEFINE_TEST" hash="7347787519050389751"></source>
			<source file="../../workspace/dataset/test/test_read_format_rar.c.ifdefed" startline="149" endline="182" function="DEFINE_TEST" hash="-8326657658909896514"></source>
		</class>
	</version>
	<version nr="3810" hash="a7e130aa" evolution="Add" change="Consistent">
		<class nclones="4">
			<source file="../../workspace/dataset/test/test_read_format_rar.c.ifdefed" startline="422" endline="526" function="DEFINE_TEST" hash="-634553122039628821"></source>
			<source file="../../workspace/dataset/test/test_read_format_rar.c.ifdefed" startline="571" endline="675" function="DEFINE_TEST" hash="-6430192971850206728"></source>
			<source file="../../workspace/dataset/test/test_read_format_rar.c.ifdefed" startline="1003" endline="1110" function="DEFINE_TEST" hash="8178492710978744946"></source>
			<source file="../../workspace/dataset/test/test_read_format_rar.c.ifdefed" startline="866" endline="1001" function="DEFINE_TEST" hash="-2577482925625549261"></source>
		</class>
	</version>
	<version nr="3810" hash="a7e130aa" evolution="Subtract" change="Consistent">
		<class nclones="3">
			<source file="../../workspace/dataset/test/test_read_format_rar.c.ifdefed" startline="531" endline="569" function="DEFINE_TEST" hash="-8154355082158996682"></source>
			<source file="../../workspace/dataset/test/test_archive_read_multiple_data_objects.c.ifdefed" startline="123" endline="169" function="test_large_splitted_file" hash="-1879463542919024284"></source>
			<source file="../../workspace/dataset/test/test_read_format_rar.c.ifdefed" startline="680" endline="719" function="DEFINE_TEST" hash="-5019404797213644931"></source>
		</class>
	</version>
	<version nr="3810" hash="a7e130aa" evolution="Subtract" change="Consistent">
		<class nclones="2">
			<source file="../../workspace/dataset/test/test_read_format_rar.c.ifdefed" startline="1194" endline="1237" function="DEFINE_TEST" hash="-5308602354601454993"></source>
			<source file="../../workspace/dataset/test/test_read_format_rar.c.ifdefed" startline="1239" endline="1274" function="DEFINE_TEST" hash="8842446203963963948"></source>
		</class>
	</version>
	<version nr="3820" hash="ba3dec44" evolution="Add" change="Consistent">
		<class nclones="5">
			<source file="../../workspace/dataset/test/test_read_set_format.c.ifdefed" startline="29" endline="100" function="DEFINE_TEST" hash="2333526279395416625"></source>
			<source file="../../workspace/dataset/test/test_archive_read_multiple_data_objects.c.ifdefed" startline="42" endline="121" function="test_splitted_file" hash="-5642290133250822820"></source>
			<source file="../../workspace/dataset/test/test_read_format_rar.c.ifdefed" startline="31" endline="112" function="DEFINE_TEST" hash="-7455731038030152052"></source>
			<source file="../../workspace/dataset/test/test_read_format_rar.c.ifdefed" startline="1112" endline="1192" function="DEFINE_TEST" hash="5258517205543878417"></source>
			<source file="../../workspace/dataset/test/test_read_format_rar.c.ifdefed" startline="784" endline="864" function="DEFINE_TEST" hash="5688425904423569062"></source>
		</class>
	</version>
	<version nr="3820" hash="ba3dec44" evolution="Subtract" change="Consistent">
		<class nclones="2">
			<source file="../../workspace/dataset/test/test_read_format_rar.c.ifdefed" startline="114" endline="147" function="DEFINE_TEST" hash="7347787519050389751"></source>
			<source file="../../workspace/dataset/test/test_read_format_rar.c.ifdefed" startline="149" endline="182" function="DEFINE_TEST" hash="-8326657658909896514"></source>
		</class>
	</version>
	<version nr="3820" hash="ba3dec44" evolution="Add" change="Consistent">
		<class nclones="4">
			<source file="../../workspace/dataset/test/test_read_format_rar.c.ifdefed" startline="422" endline="526" function="DEFINE_TEST" hash="-634553122039628821"></source>
			<source file="../../workspace/dataset/test/test_read_format_rar.c.ifdefed" startline="571" endline="675" function="DEFINE_TEST" hash="-6430192971850206728"></source>
			<source file="../../workspace/dataset/test/test_read_format_rar.c.ifdefed" startline="1003" endline="1110" function="DEFINE_TEST" hash="8178492710978744946"></source>
			<source file="../../workspace/dataset/test/test_read_format_rar.c.ifdefed" startline="866" endline="1001" function="DEFINE_TEST" hash="-2577482925625549261"></source>
		</class>
	</version>
	<version nr="3820" hash="ba3dec44" evolution="Subtract" change="Consistent">
		<class nclones="3">
			<source file="../../workspace/dataset/test/test_read_format_rar.c.ifdefed" startline="531" endline="569" function="DEFINE_TEST" hash="-8154355082158996682"></source>
			<source file="../../workspace/dataset/test/test_archive_read_multiple_data_objects.c.ifdefed" startline="123" endline="169" function="test_large_splitted_file" hash="-1879463542919024284"></source>
			<source file="../../workspace/dataset/test/test_read_format_rar.c.ifdefed" startline="680" endline="719" function="DEFINE_TEST" hash="-5019404797213644931"></source>
		</class>
	</version>
	<version nr="3820" hash="ba3dec44" evolution="Subtract" change="Consistent">
		<class nclones="2">
			<source file="../../workspace/dataset/test/test_read_format_rar.c.ifdefed" startline="1194" endline="1237" function="DEFINE_TEST" hash="-5308602354601454993"></source>
			<source file="../../workspace/dataset/test/test_read_format_rar.c.ifdefed" startline="1239" endline="1274" function="DEFINE_TEST" hash="8842446203963963948"></source>
		</class>
	</version>
	<version nr="3830" hash="412c186d" evolution="Add" change="Consistent">
		<class nclones="5">
			<source file="../../workspace/dataset/test/test_read_set_format.c.ifdefed" startline="29" endline="100" function="DEFINE_TEST" hash="2333526279395416625"></source>
			<source file="../../workspace/dataset/test/test_archive_read_multiple_data_objects.c.ifdefed" startline="42" endline="121" function="test_splitted_file" hash="-5642290133250822820"></source>
			<source file="../../workspace/dataset/test/test_read_format_rar.c.ifdefed" startline="31" endline="112" function="DEFINE_TEST" hash="-7455731038030152052"></source>
			<source file="../../workspace/dataset/test/test_read_format_rar.c.ifdefed" startline="784" endline="864" function="DEFINE_TEST" hash="5688425904423569062"></source>
			<source file="../../workspace/dataset/test/test_read_format_rar.c.ifdefed" startline="1112" endline="1192" function="DEFINE_TEST" hash="5258517205543878417"></source>
		</class>
	</version>
	<version nr="3830" hash="412c186d" evolution="Subtract" change="Consistent">
		<class nclones="2">
			<source file="../../workspace/dataset/test/test_read_format_rar.c.ifdefed" startline="114" endline="147" function="DEFINE_TEST" hash="7347787519050389751"></source>
			<source file="../../workspace/dataset/test/test_read_format_rar.c.ifdefed" startline="149" endline="182" function="DEFINE_TEST" hash="-8326657658909896514"></source>
		</class>
	</version>
	<version nr="3830" hash="412c186d" evolution="Add" change="Consistent">
		<class nclones="4">
			<source file="../../workspace/dataset/test/test_read_format_rar.c.ifdefed" startline="422" endline="526" function="DEFINE_TEST" hash="-634553122039628821"></source>
			<source file="../../workspace/dataset/test/test_read_format_rar.c.ifdefed" startline="1003" endline="1110" function="DEFINE_TEST" hash="8178492710978744946"></source>
			<source file="../../workspace/dataset/test/test_read_format_rar.c.ifdefed" startline="571" endline="675" function="DEFINE_TEST" hash="-6430192971850206728"></source>
			<source file="../../workspace/dataset/test/test_read_format_rar.c.ifdefed" startline="866" endline="1001" function="DEFINE_TEST" hash="-2577482925625549261"></source>
		</class>
	</version>
	<version nr="3830" hash="412c186d" evolution="Subtract" change="Consistent">
		<class nclones="3">
			<source file="../../workspace/dataset/test/test_read_format_rar.c.ifdefed" startline="531" endline="569" function="DEFINE_TEST" hash="-8154355082158996682"></source>
			<source file="../../workspace/dataset/test/test_read_format_rar.c.ifdefed" startline="680" endline="719" function="DEFINE_TEST" hash="-5019404797213644931"></source>
			<source file="../../workspace/dataset/test/test_archive_read_multiple_data_objects.c.ifdefed" startline="123" endline="169" function="test_large_splitted_file" hash="-1879463542919024284"></source>
		</class>
	</version>
	<version nr="3830" hash="412c186d" evolution="Subtract" change="Consistent">
		<class nclones="2">
			<source file="../../workspace/dataset/test/test_read_format_rar.c.ifdefed" startline="1194" endline="1237" function="DEFINE_TEST" hash="-5308602354601454993"></source>
			<source file="../../workspace/dataset/test/test_read_format_rar.c.ifdefed" startline="1239" endline="1274" function="DEFINE_TEST" hash="8842446203963963948"></source>
		</class>
	</version>
	<version nr="3840" hash="53d73345" evolution="Add" change="Consistent">
		<class nclones="5">
			<source file="../../workspace/dataset/test/test_read_set_format.c.ifdefed" startline="29" endline="100" function="DEFINE_TEST" hash="2333526279395416625"></source>
			<source file="../../workspace/dataset/test/test_read_format_rar.c.ifdefed" startline="31" endline="112" function="DEFINE_TEST" hash="-7455731038030152052"></source>
			<source file="../../workspace/dataset/test/test_archive_read_multiple_data_objects.c.ifdefed" startline="42" endline="121" function="test_splitted_file" hash="-5642290133250822820"></source>
			<source file="../../workspace/dataset/test/test_read_format_rar.c.ifdefed" startline="784" endline="864" function="DEFINE_TEST" hash="5688425904423569062"></source>
			<source file="../../workspace/dataset/test/test_read_format_rar.c.ifdefed" startline="1112" endline="1192" function="DEFINE_TEST" hash="5258517205543878417"></source>
		</class>
	</version>
	<version nr="3840" hash="53d73345" evolution="Subtract" change="Consistent">
		<class nclones="2">
			<source file="../../workspace/dataset/test/test_read_format_rar.c.ifdefed" startline="114" endline="147" function="DEFINE_TEST" hash="7347787519050389751"></source>
			<source file="../../workspace/dataset/test/test_read_format_rar.c.ifdefed" startline="149" endline="182" function="DEFINE_TEST" hash="-8326657658909896514"></source>
		</class>
	</version>
	<version nr="3840" hash="53d73345" evolution="Add" change="Consistent">
		<class nclones="4">
			<source file="../../workspace/dataset/test/test_read_format_rar.c.ifdefed" startline="422" endline="526" function="DEFINE_TEST" hash="-634553122039628821"></source>
			<source file="../../workspace/dataset/test/test_read_format_rar.c.ifdefed" startline="571" endline="675" function="DEFINE_TEST" hash="-6430192971850206728"></source>
			<source file="../../workspace/dataset/test/test_read_format_rar.c.ifdefed" startline="1003" endline="1110" function="DEFINE_TEST" hash="8178492710978744946"></source>
			<source file="../../workspace/dataset/test/test_read_format_rar.c.ifdefed" startline="866" endline="1001" function="DEFINE_TEST" hash="-2577482925625549261"></source>
		</class>
	</version>
	<version nr="3840" hash="53d73345" evolution="Subtract" change="Consistent">
		<class nclones="3">
			<source file="../../workspace/dataset/test/test_read_format_rar.c.ifdefed" startline="531" endline="569" function="DEFINE_TEST" hash="-8154355082158996682"></source>
			<source file="../../workspace/dataset/test/test_archive_read_multiple_data_objects.c.ifdefed" startline="123" endline="169" function="test_large_splitted_file" hash="-1879463542919024284"></source>
			<source file="../../workspace/dataset/test/test_read_format_rar.c.ifdefed" startline="680" endline="719" function="DEFINE_TEST" hash="-5019404797213644931"></source>
		</class>
	</version>
	<version nr="3840" hash="53d73345" evolution="Subtract" change="Consistent">
		<class nclones="2">
			<source file="../../workspace/dataset/test/test_read_format_rar.c.ifdefed" startline="1194" endline="1237" function="DEFINE_TEST" hash="-5308602354601454993"></source>
			<source file="../../workspace/dataset/test/test_read_format_rar.c.ifdefed" startline="1239" endline="1274" function="DEFINE_TEST" hash="8842446203963963948"></source>
		</class>
	</version>
	<version nr="3850" hash="e9a5a70f" evolution="Add" change="Consistent">
		<class nclones="5">
			<source file="../../workspace/dataset/test/test_read_set_format.c.ifdefed" startline="29" endline="100" function="DEFINE_TEST" hash="2333526279395416625"></source>
			<source file="../../workspace/dataset/test/test_archive_read_multiple_data_objects.c.ifdefed" startline="42" endline="121" function="test_splitted_file" hash="-5642290133250822820"></source>
			<source file="../../workspace/dataset/test/test_read_format_rar.c.ifdefed" startline="31" endline="112" function="DEFINE_TEST" hash="-7455731038030152052"></source>
			<source file="../../workspace/dataset/test/test_read_format_rar.c.ifdefed" startline="1112" endline="1192" function="DEFINE_TEST" hash="5258517205543878417"></source>
			<source file="../../workspace/dataset/test/test_read_format_rar.c.ifdefed" startline="784" endline="864" function="DEFINE_TEST" hash="5688425904423569062"></source>
		</class>
	</version>
	<version nr="3850" hash="e9a5a70f" evolution="Subtract" change="Consistent">
		<class nclones="2">
			<source file="../../workspace/dataset/test/test_read_format_rar.c.ifdefed" startline="114" endline="147" function="DEFINE_TEST" hash="7347787519050389751"></source>
			<source file="../../workspace/dataset/test/test_read_format_rar.c.ifdefed" startline="149" endline="182" function="DEFINE_TEST" hash="-8326657658909896514"></source>
		</class>
	</version>
	<version nr="3850" hash="e9a5a70f" evolution="Add" change="Consistent">
		<class nclones="4">
			<source file="../../workspace/dataset/test/test_read_format_rar.c.ifdefed" startline="422" endline="526" function="DEFINE_TEST" hash="-634553122039628821"></source>
			<source file="../../workspace/dataset/test/test_read_format_rar.c.ifdefed" startline="1003" endline="1110" function="DEFINE_TEST" hash="8178492710978744946"></source>
			<source file="../../workspace/dataset/test/test_read_format_rar.c.ifdefed" startline="571" endline="675" function="DEFINE_TEST" hash="-6430192971850206728"></source>
			<source file="../../workspace/dataset/test/test_read_format_rar.c.ifdefed" startline="866" endline="1001" function="DEFINE_TEST" hash="-2577482925625549261"></source>
		</class>
	</version>
	<version nr="3850" hash="e9a5a70f" evolution="Subtract" change="Consistent">
		<class nclones="3">
			<source file="../../workspace/dataset/test/test_read_format_rar.c.ifdefed" startline="531" endline="569" function="DEFINE_TEST" hash="-8154355082158996682"></source>
			<source file="../../workspace/dataset/test/test_archive_read_multiple_data_objects.c.ifdefed" startline="123" endline="169" function="test_large_splitted_file" hash="-1879463542919024284"></source>
			<source file="../../workspace/dataset/test/test_read_format_rar.c.ifdefed" startline="680" endline="719" function="DEFINE_TEST" hash="-5019404797213644931"></source>
		</class>
	</version>
	<version nr="3850" hash="e9a5a70f" evolution="Subtract" change="Consistent">
		<class nclones="2">
			<source file="../../workspace/dataset/test/test_read_format_rar.c.ifdefed" startline="1194" endline="1237" function="DEFINE_TEST" hash="-5308602354601454993"></source>
			<source file="../../workspace/dataset/test/test_read_format_rar.c.ifdefed" startline="1239" endline="1274" function="DEFINE_TEST" hash="8842446203963963948"></source>
		</class>
	</version>
	<version nr="3860" hash="30528ed7" evolution="Add" change="Consistent">
		<class nclones="5">
			<source file="../../workspace/dataset/test/test_read_set_format.c.ifdefed" startline="29" endline="100" function="DEFINE_TEST" hash="2333526279395416625"></source>
			<source file="../../workspace/dataset/test/test_archive_read_multiple_data_objects.c.ifdefed" startline="42" endline="121" function="test_splitted_file" hash="-5642290133250822820"></source>
			<source file="../../workspace/dataset/test/test_read_format_rar.c.ifdefed" startline="31" endline="112" function="DEFINE_TEST" hash="-7455731038030152052"></source>
			<source file="../../workspace/dataset/test/test_read_format_rar.c.ifdefed" startline="1112" endline="1192" function="DEFINE_TEST" hash="5258517205543878417"></source>
			<source file="../../workspace/dataset/test/test_read_format_rar.c.ifdefed" startline="784" endline="864" function="DEFINE_TEST" hash="5688425904423569062"></source>
		</class>
	</version>
	<version nr="3860" hash="30528ed7" evolution="Subtract" change="Consistent">
		<class nclones="2">
			<source file="../../workspace/dataset/test/test_read_format_rar.c.ifdefed" startline="114" endline="147" function="DEFINE_TEST" hash="7347787519050389751"></source>
			<source file="../../workspace/dataset/test/test_read_format_rar.c.ifdefed" startline="149" endline="182" function="DEFINE_TEST" hash="-8326657658909896514"></source>
		</class>
	</version>
	<version nr="3860" hash="30528ed7" evolution="Add" change="Consistent">
		<class nclones="4">
			<source file="../../workspace/dataset/test/test_read_format_rar.c.ifdefed" startline="422" endline="526" function="DEFINE_TEST" hash="-634553122039628821"></source>
			<source file="../../workspace/dataset/test/test_read_format_rar.c.ifdefed" startline="571" endline="675" function="DEFINE_TEST" hash="-6430192971850206728"></source>
			<source file="../../workspace/dataset/test/test_read_format_rar.c.ifdefed" startline="1003" endline="1110" function="DEFINE_TEST" hash="8178492710978744946"></source>
			<source file="../../workspace/dataset/test/test_read_format_rar.c.ifdefed" startline="866" endline="1001" function="DEFINE_TEST" hash="-2577482925625549261"></source>
		</class>
	</version>
	<version nr="3860" hash="30528ed7" evolution="Subtract" change="Consistent">
		<class nclones="3">
			<source file="../../workspace/dataset/test/test_read_format_rar.c.ifdefed" startline="531" endline="569" function="DEFINE_TEST" hash="-8154355082158996682"></source>
			<source file="../../workspace/dataset/test/test_archive_read_multiple_data_objects.c.ifdefed" startline="123" endline="169" function="test_large_splitted_file" hash="-1879463542919024284"></source>
			<source file="../../workspace/dataset/test/test_read_format_rar.c.ifdefed" startline="680" endline="719" function="DEFINE_TEST" hash="-5019404797213644931"></source>
		</class>
	</version>
	<version nr="3860" hash="30528ed7" evolution="Subtract" change="Consistent">
		<class nclones="2">
			<source file="../../workspace/dataset/test/test_read_format_rar.c.ifdefed" startline="1194" endline="1237" function="DEFINE_TEST" hash="-5308602354601454993"></source>
			<source file="../../workspace/dataset/test/test_read_format_rar.c.ifdefed" startline="1239" endline="1274" function="DEFINE_TEST" hash="8842446203963963948"></source>
		</class>
	</version>
	<version nr="3870" hash="3c0a5dd6" evolution="Add" change="Consistent">
		<class nclones="5">
			<source file="../../workspace/dataset/test/test_read_set_format.c.ifdefed" startline="29" endline="100" function="DEFINE_TEST" hash="2333526279395416625"></source>
			<source file="../../workspace/dataset/test/test_archive_read_multiple_data_objects.c.ifdefed" startline="42" endline="121" function="test_splitted_file" hash="-5642290133250822820"></source>
			<source file="../../workspace/dataset/test/test_read_format_rar.c.ifdefed" startline="31" endline="112" function="DEFINE_TEST" hash="-7455731038030152052"></source>
			<source file="../../workspace/dataset/test/test_read_format_rar.c.ifdefed" startline="784" endline="864" function="DEFINE_TEST" hash="5688425904423569062"></source>
			<source file="../../workspace/dataset/test/test_read_format_rar.c.ifdefed" startline="1112" endline="1192" function="DEFINE_TEST" hash="5258517205543878417"></source>
		</class>
	</version>
	<version nr="3870" hash="3c0a5dd6" evolution="Subtract" change="Consistent">
		<class nclones="2">
			<source file="../../workspace/dataset/test/test_read_format_rar.c.ifdefed" startline="114" endline="147" function="DEFINE_TEST" hash="7347787519050389751"></source>
			<source file="../../workspace/dataset/test/test_read_format_rar.c.ifdefed" startline="149" endline="182" function="DEFINE_TEST" hash="-8326657658909896514"></source>
		</class>
	</version>
	<version nr="3870" hash="3c0a5dd6" evolution="Add" change="Consistent">
		<class nclones="4">
			<source file="../../workspace/dataset/test/test_read_format_rar.c.ifdefed" startline="422" endline="526" function="DEFINE_TEST" hash="-634553122039628821"></source>
			<source file="../../workspace/dataset/test/test_read_format_rar.c.ifdefed" startline="571" endline="675" function="DEFINE_TEST" hash="-6430192971850206728"></source>
			<source file="../../workspace/dataset/test/test_read_format_rar.c.ifdefed" startline="1003" endline="1110" function="DEFINE_TEST" hash="8178492710978744946"></source>
			<source file="../../workspace/dataset/test/test_read_format_rar.c.ifdefed" startline="866" endline="1001" function="DEFINE_TEST" hash="-2577482925625549261"></source>
		</class>
	</version>
	<version nr="3870" hash="3c0a5dd6" evolution="Subtract" change="Consistent">
		<class nclones="3">
			<source file="../../workspace/dataset/test/test_read_format_rar.c.ifdefed" startline="531" endline="569" function="DEFINE_TEST" hash="-8154355082158996682"></source>
			<source file="../../workspace/dataset/test/test_read_format_rar.c.ifdefed" startline="680" endline="719" function="DEFINE_TEST" hash="-5019404797213644931"></source>
			<source file="../../workspace/dataset/test/test_archive_read_multiple_data_objects.c.ifdefed" startline="123" endline="169" function="test_large_splitted_file" hash="-1879463542919024284"></source>
		</class>
	</version>
	<version nr="3870" hash="3c0a5dd6" evolution="Subtract" change="Consistent">
		<class nclones="2">
			<source file="../../workspace/dataset/test/test_read_format_rar.c.ifdefed" startline="1194" endline="1237" function="DEFINE_TEST" hash="-5308602354601454993"></source>
			<source file="../../workspace/dataset/test/test_read_format_rar.c.ifdefed" startline="1239" endline="1274" function="DEFINE_TEST" hash="8842446203963963948"></source>
		</class>
	</version>
	<version nr="3880" hash="bdcaa280" evolution="Add" change="Consistent">
		<class nclones="5">
			<source file="../../workspace/dataset/test/test_read_set_format.c.ifdefed" startline="29" endline="100" function="DEFINE_TEST" hash="2333526279395416625"></source>
			<source file="../../workspace/dataset/test/test_archive_read_multiple_data_objects.c.ifdefed" startline="42" endline="121" function="test_splitted_file" hash="-5642290133250822820"></source>
			<source file="../../workspace/dataset/test/test_read_format_rar.c.ifdefed" startline="31" endline="112" function="DEFINE_TEST" hash="-7455731038030152052"></source>
			<source file="../../workspace/dataset/test/test_read_format_rar.c.ifdefed" startline="1112" endline="1192" function="DEFINE_TEST" hash="5258517205543878417"></source>
			<source file="../../workspace/dataset/test/test_read_format_rar.c.ifdefed" startline="784" endline="864" function="DEFINE_TEST" hash="5688425904423569062"></source>
		</class>
	</version>
	<version nr="3880" hash="bdcaa280" evolution="Subtract" change="Consistent">
		<class nclones="2">
			<source file="../../workspace/dataset/test/test_read_format_rar.c.ifdefed" startline="114" endline="147" function="DEFINE_TEST" hash="7347787519050389751"></source>
			<source file="../../workspace/dataset/test/test_read_format_rar.c.ifdefed" startline="149" endline="182" function="DEFINE_TEST" hash="-8326657658909896514"></source>
		</class>
	</version>
	<version nr="3880" hash="bdcaa280" evolution="Add" change="Consistent">
		<class nclones="4">
			<source file="../../workspace/dataset/test/test_read_format_rar.c.ifdefed" startline="422" endline="526" function="DEFINE_TEST" hash="-634553122039628821"></source>
			<source file="../../workspace/dataset/test/test_read_format_rar.c.ifdefed" startline="571" endline="675" function="DEFINE_TEST" hash="-6430192971850206728"></source>
			<source file="../../workspace/dataset/test/test_read_format_rar.c.ifdefed" startline="1003" endline="1110" function="DEFINE_TEST" hash="8178492710978744946"></source>
			<source file="../../workspace/dataset/test/test_read_format_rar.c.ifdefed" startline="866" endline="1001" function="DEFINE_TEST" hash="-2577482925625549261"></source>
		</class>
	</version>
	<version nr="3880" hash="bdcaa280" evolution="Subtract" change="Consistent">
		<class nclones="3">
			<source file="../../workspace/dataset/test/test_read_format_rar.c.ifdefed" startline="531" endline="569" function="DEFINE_TEST" hash="-8154355082158996682"></source>
			<source file="../../workspace/dataset/test/test_archive_read_multiple_data_objects.c.ifdefed" startline="123" endline="169" function="test_large_splitted_file" hash="-1879463542919024284"></source>
			<source file="../../workspace/dataset/test/test_read_format_rar.c.ifdefed" startline="680" endline="719" function="DEFINE_TEST" hash="-5019404797213644931"></source>
		</class>
	</version>
	<version nr="3880" hash="bdcaa280" evolution="Subtract" change="Consistent">
		<class nclones="2">
			<source file="../../workspace/dataset/test/test_read_format_rar.c.ifdefed" startline="1194" endline="1237" function="DEFINE_TEST" hash="-5308602354601454993"></source>
			<source file="../../workspace/dataset/test/test_read_format_rar.c.ifdefed" startline="1239" endline="1274" function="DEFINE_TEST" hash="8842446203963963948"></source>
		</class>
	</version>
	<version nr="3890" hash="4e0e7646" evolution="Add" change="Consistent">
		<class nclones="5">
			<source file="../../workspace/dataset/test/test_read_set_format.c.ifdefed" startline="29" endline="100" function="DEFINE_TEST" hash="2333526279395416625"></source>
			<source file="../../workspace/dataset/test/test_read_format_rar.c.ifdefed" startline="31" endline="112" function="DEFINE_TEST" hash="-7455731038030152052"></source>
			<source file="../../workspace/dataset/test/test_archive_read_multiple_data_objects.c.ifdefed" startline="42" endline="121" function="test_splitted_file" hash="-5642290133250822820"></source>
			<source file="../../workspace/dataset/test/test_read_format_rar.c.ifdefed" startline="1112" endline="1192" function="DEFINE_TEST" hash="5258517205543878417"></source>
			<source file="../../workspace/dataset/test/test_read_format_rar.c.ifdefed" startline="784" endline="864" function="DEFINE_TEST" hash="5688425904423569062"></source>
		</class>
	</version>
	<version nr="3890" hash="4e0e7646" evolution="Subtract" change="Consistent">
		<class nclones="2">
			<source file="../../workspace/dataset/test/test_read_format_rar.c.ifdefed" startline="114" endline="147" function="DEFINE_TEST" hash="7347787519050389751"></source>
			<source file="../../workspace/dataset/test/test_read_format_rar.c.ifdefed" startline="149" endline="182" function="DEFINE_TEST" hash="-8326657658909896514"></source>
		</class>
	</version>
	<version nr="3890" hash="4e0e7646" evolution="Add" change="Consistent">
		<class nclones="4">
			<source file="../../workspace/dataset/test/test_read_format_rar.c.ifdefed" startline="422" endline="526" function="DEFINE_TEST" hash="-634553122039628821"></source>
			<source file="../../workspace/dataset/test/test_read_format_rar.c.ifdefed" startline="571" endline="675" function="DEFINE_TEST" hash="-6430192971850206728"></source>
			<source file="../../workspace/dataset/test/test_read_format_rar.c.ifdefed" startline="1003" endline="1110" function="DEFINE_TEST" hash="8178492710978744946"></source>
			<source file="../../workspace/dataset/test/test_read_format_rar.c.ifdefed" startline="866" endline="1001" function="DEFINE_TEST" hash="-2577482925625549261"></source>
		</class>
	</version>
	<version nr="3890" hash="4e0e7646" evolution="Subtract" change="Consistent">
		<class nclones="3">
			<source file="../../workspace/dataset/test/test_read_format_rar.c.ifdefed" startline="531" endline="569" function="DEFINE_TEST" hash="-8154355082158996682"></source>
			<source file="../../workspace/dataset/test/test_archive_read_multiple_data_objects.c.ifdefed" startline="123" endline="169" function="test_large_splitted_file" hash="-1879463542919024284"></source>
			<source file="../../workspace/dataset/test/test_read_format_rar.c.ifdefed" startline="680" endline="719" function="DEFINE_TEST" hash="-5019404797213644931"></source>
		</class>
	</version>
	<version nr="3890" hash="4e0e7646" evolution="Subtract" change="Consistent">
		<class nclones="2">
			<source file="../../workspace/dataset/test/test_read_format_rar.c.ifdefed" startline="1194" endline="1237" function="DEFINE_TEST" hash="-5308602354601454993"></source>
			<source file="../../workspace/dataset/test/test_read_format_rar.c.ifdefed" startline="1239" endline="1274" function="DEFINE_TEST" hash="8842446203963963948"></source>
		</class>
	</version>
	<version nr="3900" hash="51d7afd3" evolution="Add" change="Consistent">
		<class nclones="5">
			<source file="../../workspace/dataset/test/test_read_set_format.c.ifdefed" startline="29" endline="100" function="DEFINE_TEST" hash="2333526279395416625"></source>
			<source file="../../workspace/dataset/test/test_archive_read_multiple_data_objects.c.ifdefed" startline="42" endline="121" function="test_splitted_file" hash="-5642290133250822820"></source>
			<source file="../../workspace/dataset/test/test_read_format_rar.c.ifdefed" startline="31" endline="112" function="DEFINE_TEST" hash="-7455731038030152052"></source>
			<source file="../../workspace/dataset/test/test_read_format_rar.c.ifdefed" startline="784" endline="864" function="DEFINE_TEST" hash="5688425904423569062"></source>
			<source file="../../workspace/dataset/test/test_read_format_rar.c.ifdefed" startline="1112" endline="1192" function="DEFINE_TEST" hash="5258517205543878417"></source>
		</class>
	</version>
	<version nr="3900" hash="51d7afd3" evolution="Subtract" change="Consistent">
		<class nclones="2">
			<source file="../../workspace/dataset/test/test_read_format_rar.c.ifdefed" startline="114" endline="147" function="DEFINE_TEST" hash="7347787519050389751"></source>
			<source file="../../workspace/dataset/test/test_read_format_rar.c.ifdefed" startline="149" endline="182" function="DEFINE_TEST" hash="-8326657658909896514"></source>
		</class>
	</version>
	<version nr="3900" hash="51d7afd3" evolution="Add" change="Consistent">
		<class nclones="4">
			<source file="../../workspace/dataset/test/test_read_format_rar.c.ifdefed" startline="422" endline="526" function="DEFINE_TEST" hash="-634553122039628821"></source>
			<source file="../../workspace/dataset/test/test_read_format_rar.c.ifdefed" startline="1003" endline="1110" function="DEFINE_TEST" hash="8178492710978744946"></source>
			<source file="../../workspace/dataset/test/test_read_format_rar.c.ifdefed" startline="571" endline="675" function="DEFINE_TEST" hash="-6430192971850206728"></source>
			<source file="../../workspace/dataset/test/test_read_format_rar.c.ifdefed" startline="866" endline="1001" function="DEFINE_TEST" hash="-2577482925625549261"></source>
		</class>
	</version>
	<version nr="3900" hash="51d7afd3" evolution="Subtract" change="Consistent">
		<class nclones="3">
			<source file="../../workspace/dataset/test/test_read_format_rar.c.ifdefed" startline="531" endline="569" function="DEFINE_TEST" hash="-8154355082158996682"></source>
			<source file="../../workspace/dataset/test/test_read_format_rar.c.ifdefed" startline="680" endline="719" function="DEFINE_TEST" hash="-5019404797213644931"></source>
			<source file="../../workspace/dataset/test/test_archive_read_multiple_data_objects.c.ifdefed" startline="123" endline="169" function="test_large_splitted_file" hash="-1879463542919024284"></source>
		</class>
	</version>
	<version nr="3900" hash="51d7afd3" evolution="Subtract" change="Consistent">
		<class nclones="2">
			<source file="../../workspace/dataset/test/test_read_format_rar.c.ifdefed" startline="1194" endline="1237" function="DEFINE_TEST" hash="-5308602354601454993"></source>
			<source file="../../workspace/dataset/test/test_read_format_rar.c.ifdefed" startline="1239" endline="1274" function="DEFINE_TEST" hash="8842446203963963948"></source>
		</class>
	</version>
	<version nr="3910" hash="9f43a7d6" evolution="Add" change="Consistent">
		<class nclones="5">
			<source file="../../workspace/dataset/test/test_read_set_format.c.ifdefed" startline="29" endline="100" function="DEFINE_TEST" hash="2333526279395416625"></source>
			<source file="../../workspace/dataset/test/test_archive_read_multiple_data_objects.c.ifdefed" startline="42" endline="121" function="test_splitted_file" hash="-5642290133250822820"></source>
			<source file="../../workspace/dataset/test/test_read_format_rar.c.ifdefed" startline="31" endline="112" function="DEFINE_TEST" hash="-7455731038030152052"></source>
			<source file="../../workspace/dataset/test/test_read_format_rar.c.ifdefed" startline="784" endline="864" function="DEFINE_TEST" hash="5688425904423569062"></source>
			<source file="../../workspace/dataset/test/test_read_format_rar.c.ifdefed" startline="1112" endline="1192" function="DEFINE_TEST" hash="5258517205543878417"></source>
		</class>
	</version>
	<version nr="3910" hash="9f43a7d6" evolution="Subtract" change="Consistent">
		<class nclones="2">
			<source file="../../workspace/dataset/test/test_read_format_rar.c.ifdefed" startline="114" endline="147" function="DEFINE_TEST" hash="7347787519050389751"></source>
			<source file="../../workspace/dataset/test/test_read_format_rar.c.ifdefed" startline="149" endline="182" function="DEFINE_TEST" hash="-8326657658909896514"></source>
		</class>
	</version>
	<version nr="3910" hash="9f43a7d6" evolution="Add" change="Consistent">
		<class nclones="4">
			<source file="../../workspace/dataset/test/test_read_format_rar.c.ifdefed" startline="422" endline="526" function="DEFINE_TEST" hash="-634553122039628821"></source>
			<source file="../../workspace/dataset/test/test_read_format_rar.c.ifdefed" startline="1003" endline="1110" function="DEFINE_TEST" hash="8178492710978744946"></source>
			<source file="../../workspace/dataset/test/test_read_format_rar.c.ifdefed" startline="571" endline="675" function="DEFINE_TEST" hash="-6430192971850206728"></source>
			<source file="../../workspace/dataset/test/test_read_format_rar.c.ifdefed" startline="866" endline="1001" function="DEFINE_TEST" hash="-2577482925625549261"></source>
		</class>
	</version>
	<version nr="3910" hash="9f43a7d6" evolution="Subtract" change="Consistent">
		<class nclones="3">
			<source file="../../workspace/dataset/test/test_read_format_rar.c.ifdefed" startline="531" endline="569" function="DEFINE_TEST" hash="-8154355082158996682"></source>
			<source file="../../workspace/dataset/test/test_archive_read_multiple_data_objects.c.ifdefed" startline="123" endline="169" function="test_large_splitted_file" hash="-1879463542919024284"></source>
			<source file="../../workspace/dataset/test/test_read_format_rar.c.ifdefed" startline="680" endline="719" function="DEFINE_TEST" hash="-5019404797213644931"></source>
		</class>
	</version>
	<version nr="3910" hash="9f43a7d6" evolution="Subtract" change="Consistent">
		<class nclones="2">
			<source file="../../workspace/dataset/test/test_read_format_rar.c.ifdefed" startline="1194" endline="1237" function="DEFINE_TEST" hash="-5308602354601454993"></source>
			<source file="../../workspace/dataset/test/test_read_format_rar.c.ifdefed" startline="1239" endline="1274" function="DEFINE_TEST" hash="8842446203963963948"></source>
		</class>
	</version>
	<version nr="3920" hash="d77b577b" evolution="Add" change="Consistent">
		<class nclones="5">
			<source file="../../workspace/dataset/test/test_read_set_format.c.ifdefed" startline="29" endline="100" function="DEFINE_TEST" hash="2333526279395416625"></source>
			<source file="../../workspace/dataset/test/test_read_format_rar.c.ifdefed" startline="31" endline="112" function="DEFINE_TEST" hash="-7455731038030152052"></source>
			<source file="../../workspace/dataset/test/test_archive_read_multiple_data_objects.c.ifdefed" startline="42" endline="121" function="test_splitted_file" hash="-5642290133250822820"></source>
			<source file="../../workspace/dataset/test/test_read_format_rar.c.ifdefed" startline="1112" endline="1192" function="DEFINE_TEST" hash="5258517205543878417"></source>
			<source file="../../workspace/dataset/test/test_read_format_rar.c.ifdefed" startline="784" endline="864" function="DEFINE_TEST" hash="5688425904423569062"></source>
		</class>
	</version>
	<version nr="3920" hash="d77b577b" evolution="Subtract" change="Consistent">
		<class nclones="2">
			<source file="../../workspace/dataset/test/test_read_format_rar.c.ifdefed" startline="114" endline="147" function="DEFINE_TEST" hash="7347787519050389751"></source>
			<source file="../../workspace/dataset/test/test_read_format_rar.c.ifdefed" startline="149" endline="182" function="DEFINE_TEST" hash="-8326657658909896514"></source>
		</class>
	</version>
	<version nr="3920" hash="d77b577b" evolution="Add" change="Consistent">
		<class nclones="4">
			<source file="../../workspace/dataset/test/test_read_format_rar.c.ifdefed" startline="422" endline="526" function="DEFINE_TEST" hash="-634553122039628821"></source>
			<source file="../../workspace/dataset/test/test_read_format_rar.c.ifdefed" startline="571" endline="675" function="DEFINE_TEST" hash="-6430192971850206728"></source>
			<source file="../../workspace/dataset/test/test_read_format_rar.c.ifdefed" startline="1003" endline="1110" function="DEFINE_TEST" hash="8178492710978744946"></source>
			<source file="../../workspace/dataset/test/test_read_format_rar.c.ifdefed" startline="866" endline="1001" function="DEFINE_TEST" hash="-2577482925625549261"></source>
		</class>
	</version>
	<version nr="3920" hash="d77b577b" evolution="Subtract" change="Consistent">
		<class nclones="3">
			<source file="../../workspace/dataset/test/test_read_format_rar.c.ifdefed" startline="531" endline="569" function="DEFINE_TEST" hash="-8154355082158996682"></source>
			<source file="../../workspace/dataset/test/test_archive_read_multiple_data_objects.c.ifdefed" startline="123" endline="169" function="test_large_splitted_file" hash="-1879463542919024284"></source>
			<source file="../../workspace/dataset/test/test_read_format_rar.c.ifdefed" startline="680" endline="719" function="DEFINE_TEST" hash="-5019404797213644931"></source>
		</class>
	</version>
	<version nr="3920" hash="d77b577b" evolution="Subtract" change="Consistent">
		<class nclones="2">
			<source file="../../workspace/dataset/test/test_read_format_rar.c.ifdefed" startline="1194" endline="1237" function="DEFINE_TEST" hash="-5308602354601454993"></source>
			<source file="../../workspace/dataset/test/test_read_format_rar.c.ifdefed" startline="1239" endline="1274" function="DEFINE_TEST" hash="8842446203963963948"></source>
		</class>
	</version>
	<version nr="3930" hash="d49f1a00" evolution="Add" change="Consistent">
		<class nclones="5">
			<source file="../../workspace/dataset/test/test_read_set_format.c.ifdefed" startline="29" endline="100" function="DEFINE_TEST" hash="2333526279395416625"></source>
			<source file="../../workspace/dataset/test/test_read_format_rar.c.ifdefed" startline="31" endline="112" function="DEFINE_TEST" hash="-7455731038030152052"></source>
			<source file="../../workspace/dataset/test/test_archive_read_multiple_data_objects.c.ifdefed" startline="42" endline="121" function="test_splitted_file" hash="-5642290133250822820"></source>
			<source file="../../workspace/dataset/test/test_read_format_rar.c.ifdefed" startline="1112" endline="1192" function="DEFINE_TEST" hash="5258517205543878417"></source>
			<source file="../../workspace/dataset/test/test_read_format_rar.c.ifdefed" startline="784" endline="864" function="DEFINE_TEST" hash="5688425904423569062"></source>
		</class>
	</version>
	<version nr="3930" hash="d49f1a00" evolution="Subtract" change="Consistent">
		<class nclones="2">
			<source file="../../workspace/dataset/test/test_read_format_rar.c.ifdefed" startline="114" endline="147" function="DEFINE_TEST" hash="7347787519050389751"></source>
			<source file="../../workspace/dataset/test/test_read_format_rar.c.ifdefed" startline="149" endline="182" function="DEFINE_TEST" hash="-8326657658909896514"></source>
		</class>
	</version>
	<version nr="3930" hash="d49f1a00" evolution="Add" change="Consistent">
		<class nclones="4">
			<source file="../../workspace/dataset/test/test_read_format_rar.c.ifdefed" startline="422" endline="526" function="DEFINE_TEST" hash="-634553122039628821"></source>
			<source file="../../workspace/dataset/test/test_read_format_rar.c.ifdefed" startline="571" endline="675" function="DEFINE_TEST" hash="-6430192971850206728"></source>
			<source file="../../workspace/dataset/test/test_read_format_rar.c.ifdefed" startline="1003" endline="1110" function="DEFINE_TEST" hash="8178492710978744946"></source>
			<source file="../../workspace/dataset/test/test_read_format_rar.c.ifdefed" startline="866" endline="1001" function="DEFINE_TEST" hash="-2577482925625549261"></source>
		</class>
	</version>
	<version nr="3930" hash="d49f1a00" evolution="Subtract" change="Consistent">
		<class nclones="3">
			<source file="../../workspace/dataset/test/test_read_format_rar.c.ifdefed" startline="531" endline="569" function="DEFINE_TEST" hash="-8154355082158996682"></source>
			<source file="../../workspace/dataset/test/test_archive_read_multiple_data_objects.c.ifdefed" startline="123" endline="169" function="test_large_splitted_file" hash="-1879463542919024284"></source>
			<source file="../../workspace/dataset/test/test_read_format_rar.c.ifdefed" startline="680" endline="719" function="DEFINE_TEST" hash="-5019404797213644931"></source>
		</class>
	</version>
	<version nr="3930" hash="d49f1a00" evolution="Subtract" change="Consistent">
		<class nclones="2">
			<source file="../../workspace/dataset/test/test_read_format_rar.c.ifdefed" startline="1194" endline="1237" function="DEFINE_TEST" hash="-5308602354601454993"></source>
			<source file="../../workspace/dataset/test/test_read_format_rar.c.ifdefed" startline="1239" endline="1274" function="DEFINE_TEST" hash="8842446203963963948"></source>
		</class>
	</version>
	<version nr="3940" hash="433e36b0" evolution="Add" change="Consistent">
		<class nclones="5">
			<source file="../../workspace/dataset/test/test_read_set_format.c.ifdefed" startline="29" endline="100" function="DEFINE_TEST" hash="2333526279395416625"></source>
			<source file="../../workspace/dataset/test/test_read_format_rar.c.ifdefed" startline="31" endline="112" function="DEFINE_TEST" hash="-7455731038030152052"></source>
			<source file="../../workspace/dataset/test/test_archive_read_multiple_data_objects.c.ifdefed" startline="42" endline="121" function="test_splitted_file" hash="-5642290133250822820"></source>
			<source file="../../workspace/dataset/test/test_read_format_rar.c.ifdefed" startline="1112" endline="1192" function="DEFINE_TEST" hash="5258517205543878417"></source>
			<source file="../../workspace/dataset/test/test_read_format_rar.c.ifdefed" startline="784" endline="864" function="DEFINE_TEST" hash="5688425904423569062"></source>
		</class>
	</version>
	<version nr="3940" hash="433e36b0" evolution="Subtract" change="Consistent">
		<class nclones="2">
			<source file="../../workspace/dataset/test/test_read_format_rar.c.ifdefed" startline="114" endline="147" function="DEFINE_TEST" hash="7347787519050389751"></source>
			<source file="../../workspace/dataset/test/test_read_format_rar.c.ifdefed" startline="149" endline="182" function="DEFINE_TEST" hash="-8326657658909896514"></source>
		</class>
	</version>
	<version nr="3940" hash="433e36b0" evolution="Add" change="Consistent">
		<class nclones="4">
			<source file="../../workspace/dataset/test/test_read_format_rar.c.ifdefed" startline="422" endline="526" function="DEFINE_TEST" hash="-634553122039628821"></source>
			<source file="../../workspace/dataset/test/test_read_format_rar.c.ifdefed" startline="1003" endline="1110" function="DEFINE_TEST" hash="8178492710978744946"></source>
			<source file="../../workspace/dataset/test/test_read_format_rar.c.ifdefed" startline="571" endline="675" function="DEFINE_TEST" hash="-6430192971850206728"></source>
			<source file="../../workspace/dataset/test/test_read_format_rar.c.ifdefed" startline="866" endline="1001" function="DEFINE_TEST" hash="-2577482925625549261"></source>
		</class>
	</version>
	<version nr="3940" hash="433e36b0" evolution="Subtract" change="Consistent">
		<class nclones="3">
			<source file="../../workspace/dataset/test/test_read_format_rar.c.ifdefed" startline="531" endline="569" function="DEFINE_TEST" hash="-8154355082158996682"></source>
			<source file="../../workspace/dataset/test/test_read_format_rar.c.ifdefed" startline="680" endline="719" function="DEFINE_TEST" hash="-5019404797213644931"></source>
			<source file="../../workspace/dataset/test/test_archive_read_multiple_data_objects.c.ifdefed" startline="123" endline="169" function="test_large_splitted_file" hash="-1879463542919024284"></source>
		</class>
	</version>
	<version nr="3940" hash="433e36b0" evolution="Subtract" change="Consistent">
		<class nclones="2">
			<source file="../../workspace/dataset/test/test_read_format_rar.c.ifdefed" startline="1194" endline="1237" function="DEFINE_TEST" hash="-5308602354601454993"></source>
			<source file="../../workspace/dataset/test/test_read_format_rar.c.ifdefed" startline="1239" endline="1274" function="DEFINE_TEST" hash="8842446203963963948"></source>
		</class>
	</version>
	<version nr="3950" hash="afbb01ac" evolution="Add" change="Consistent">
		<class nclones="5">
			<source file="../../workspace/dataset/test/test_read_set_format.c.ifdefed" startline="29" endline="100" function="DEFINE_TEST" hash="2333526279395416625"></source>
			<source file="../../workspace/dataset/test/test_read_format_rar.c.ifdefed" startline="31" endline="112" function="DEFINE_TEST" hash="-7455731038030152052"></source>
			<source file="../../workspace/dataset/test/test_archive_read_multiple_data_objects.c.ifdefed" startline="42" endline="121" function="test_splitted_file" hash="-5642290133250822820"></source>
			<source file="../../workspace/dataset/test/test_read_format_rar.c.ifdefed" startline="1112" endline="1192" function="DEFINE_TEST" hash="5258517205543878417"></source>
			<source file="../../workspace/dataset/test/test_read_format_rar.c.ifdefed" startline="784" endline="864" function="DEFINE_TEST" hash="5688425904423569062"></source>
		</class>
	</version>
	<version nr="3950" hash="afbb01ac" evolution="Subtract" change="Consistent">
		<class nclones="2">
			<source file="../../workspace/dataset/test/test_read_format_rar.c.ifdefed" startline="114" endline="147" function="DEFINE_TEST" hash="7347787519050389751"></source>
			<source file="../../workspace/dataset/test/test_read_format_rar.c.ifdefed" startline="149" endline="182" function="DEFINE_TEST" hash="-8326657658909896514"></source>
		</class>
	</version>
	<version nr="3950" hash="afbb01ac" evolution="Add" change="Consistent">
		<class nclones="4">
			<source file="../../workspace/dataset/test/test_read_format_rar.c.ifdefed" startline="422" endline="526" function="DEFINE_TEST" hash="-634553122039628821"></source>
			<source file="../../workspace/dataset/test/test_read_format_rar.c.ifdefed" startline="1003" endline="1110" function="DEFINE_TEST" hash="8178492710978744946"></source>
			<source file="../../workspace/dataset/test/test_read_format_rar.c.ifdefed" startline="571" endline="675" function="DEFINE_TEST" hash="-6430192971850206728"></source>
			<source file="../../workspace/dataset/test/test_read_format_rar.c.ifdefed" startline="866" endline="1001" function="DEFINE_TEST" hash="-2577482925625549261"></source>
		</class>
	</version>
	<version nr="3950" hash="afbb01ac" evolution="Subtract" change="Consistent">
		<class nclones="3">
			<source file="../../workspace/dataset/test/test_read_format_rar.c.ifdefed" startline="531" endline="569" function="DEFINE_TEST" hash="-8154355082158996682"></source>
			<source file="../../workspace/dataset/test/test_archive_read_multiple_data_objects.c.ifdefed" startline="123" endline="169" function="test_large_splitted_file" hash="-1879463542919024284"></source>
			<source file="../../workspace/dataset/test/test_read_format_rar.c.ifdefed" startline="680" endline="719" function="DEFINE_TEST" hash="-5019404797213644931"></source>
		</class>
	</version>
	<version nr="3950" hash="afbb01ac" evolution="Subtract" change="Consistent">
		<class nclones="2">
			<source file="../../workspace/dataset/test/test_read_format_rar.c.ifdefed" startline="1194" endline="1237" function="DEFINE_TEST" hash="-5308602354601454993"></source>
			<source file="../../workspace/dataset/test/test_read_format_rar.c.ifdefed" startline="1239" endline="1274" function="DEFINE_TEST" hash="8842446203963963948"></source>
		</class>
	</version>
	<version nr="3960" hash="e46e8511" evolution="Add" change="Consistent">
		<class nclones="5">
			<source file="../../workspace/dataset/test/test_read_set_format.c.ifdefed" startline="29" endline="100" function="DEFINE_TEST" hash="2333526279395416625"></source>
			<source file="../../workspace/dataset/test/test_read_format_rar.c.ifdefed" startline="31" endline="112" function="DEFINE_TEST" hash="-7455731038030152052"></source>
			<source file="../../workspace/dataset/test/test_archive_read_multiple_data_objects.c.ifdefed" startline="42" endline="121" function="test_splitted_file" hash="-5642290133250822820"></source>
			<source file="../../workspace/dataset/test/test_read_format_rar.c.ifdefed" startline="1112" endline="1192" function="DEFINE_TEST" hash="5258517205543878417"></source>
			<source file="../../workspace/dataset/test/test_read_format_rar.c.ifdefed" startline="784" endline="864" function="DEFINE_TEST" hash="5688425904423569062"></source>
		</class>
	</version>
	<version nr="3960" hash="e46e8511" evolution="Subtract" change="Consistent">
		<class nclones="2">
			<source file="../../workspace/dataset/test/test_read_format_rar.c.ifdefed" startline="114" endline="147" function="DEFINE_TEST" hash="7347787519050389751"></source>
			<source file="../../workspace/dataset/test/test_read_format_rar.c.ifdefed" startline="149" endline="182" function="DEFINE_TEST" hash="-8326657658909896514"></source>
		</class>
	</version>
	<version nr="3960" hash="e46e8511" evolution="Add" change="Consistent">
		<class nclones="4">
			<source file="../../workspace/dataset/test/test_read_format_rar.c.ifdefed" startline="422" endline="526" function="DEFINE_TEST" hash="-634553122039628821"></source>
			<source file="../../workspace/dataset/test/test_read_format_rar.c.ifdefed" startline="1003" endline="1110" function="DEFINE_TEST" hash="8178492710978744946"></source>
			<source file="../../workspace/dataset/test/test_read_format_rar.c.ifdefed" startline="571" endline="675" function="DEFINE_TEST" hash="-6430192971850206728"></source>
			<source file="../../workspace/dataset/test/test_read_format_rar.c.ifdefed" startline="866" endline="1001" function="DEFINE_TEST" hash="-2577482925625549261"></source>
		</class>
	</version>
	<version nr="3960" hash="e46e8511" evolution="Subtract" change="Consistent">
		<class nclones="3">
			<source file="../../workspace/dataset/test/test_read_format_rar.c.ifdefed" startline="531" endline="569" function="DEFINE_TEST" hash="-8154355082158996682"></source>
			<source file="../../workspace/dataset/test/test_archive_read_multiple_data_objects.c.ifdefed" startline="123" endline="169" function="test_large_splitted_file" hash="-1879463542919024284"></source>
			<source file="../../workspace/dataset/test/test_read_format_rar.c.ifdefed" startline="680" endline="719" function="DEFINE_TEST" hash="-5019404797213644931"></source>
		</class>
	</version>
	<version nr="3960" hash="e46e8511" evolution="Subtract" change="Consistent">
		<class nclones="2">
			<source file="../../workspace/dataset/test/test_read_format_rar.c.ifdefed" startline="1194" endline="1237" function="DEFINE_TEST" hash="-5308602354601454993"></source>
			<source file="../../workspace/dataset/test/test_read_format_rar.c.ifdefed" startline="1239" endline="1274" function="DEFINE_TEST" hash="8842446203963963948"></source>
		</class>
	</version>
	<version nr="3970" hash="077245ae" evolution="Add" change="Consistent">
		<class nclones="5">
			<source file="../../workspace/dataset/test/test_read_set_format.c.ifdefed" startline="29" endline="100" function="DEFINE_TEST" hash="2333526279395416625"></source>
			<source file="../../workspace/dataset/test/test_read_format_rar.c.ifdefed" startline="31" endline="112" function="DEFINE_TEST" hash="-7455731038030152052"></source>
			<source file="../../workspace/dataset/test/test_archive_read_multiple_data_objects.c.ifdefed" startline="42" endline="121" function="test_splitted_file" hash="-5642290133250822820"></source>
			<source file="../../workspace/dataset/test/test_read_format_rar.c.ifdefed" startline="1112" endline="1192" function="DEFINE_TEST" hash="5258517205543878417"></source>
			<source file="../../workspace/dataset/test/test_read_format_rar.c.ifdefed" startline="784" endline="864" function="DEFINE_TEST" hash="5688425904423569062"></source>
		</class>
	</version>
	<version nr="3970" hash="077245ae" evolution="Subtract" change="Consistent">
		<class nclones="2">
			<source file="../../workspace/dataset/test/test_read_format_rar.c.ifdefed" startline="114" endline="147" function="DEFINE_TEST" hash="7347787519050389751"></source>
			<source file="../../workspace/dataset/test/test_read_format_rar.c.ifdefed" startline="149" endline="182" function="DEFINE_TEST" hash="-8326657658909896514"></source>
		</class>
	</version>
	<version nr="3970" hash="077245ae" evolution="Add" change="Consistent">
		<class nclones="4">
			<source file="../../workspace/dataset/test/test_read_format_rar.c.ifdefed" startline="422" endline="526" function="DEFINE_TEST" hash="-634553122039628821"></source>
			<source file="../../workspace/dataset/test/test_read_format_rar.c.ifdefed" startline="1003" endline="1110" function="DEFINE_TEST" hash="8178492710978744946"></source>
			<source file="../../workspace/dataset/test/test_read_format_rar.c.ifdefed" startline="571" endline="675" function="DEFINE_TEST" hash="-6430192971850206728"></source>
			<source file="../../workspace/dataset/test/test_read_format_rar.c.ifdefed" startline="866" endline="1001" function="DEFINE_TEST" hash="-2577482925625549261"></source>
		</class>
	</version>
	<version nr="3970" hash="077245ae" evolution="Subtract" change="Consistent">
		<class nclones="3">
			<source file="../../workspace/dataset/test/test_read_format_rar.c.ifdefed" startline="531" endline="569" function="DEFINE_TEST" hash="-8154355082158996682"></source>
			<source file="../../workspace/dataset/test/test_archive_read_multiple_data_objects.c.ifdefed" startline="123" endline="169" function="test_large_splitted_file" hash="-1879463542919024284"></source>
			<source file="../../workspace/dataset/test/test_read_format_rar.c.ifdefed" startline="680" endline="719" function="DEFINE_TEST" hash="-5019404797213644931"></source>
		</class>
	</version>
	<version nr="3970" hash="077245ae" evolution="Subtract" change="Consistent">
		<class nclones="2">
			<source file="../../workspace/dataset/test/test_read_format_rar.c.ifdefed" startline="1194" endline="1237" function="DEFINE_TEST" hash="-5308602354601454993"></source>
			<source file="../../workspace/dataset/test/test_read_format_rar.c.ifdefed" startline="1239" endline="1274" function="DEFINE_TEST" hash="8842446203963963948"></source>
		</class>
	</version>
	<version nr="3980" hash="d2b95e2b" evolution="Add" change="Consistent">
		<class nclones="5">
			<source file="../../workspace/dataset/test/test_read_set_format.c.ifdefed" startline="29" endline="100" function="DEFINE_TEST" hash="2333526279395416625"></source>
			<source file="../../workspace/dataset/test/test_archive_read_multiple_data_objects.c.ifdefed" startline="42" endline="121" function="test_splitted_file" hash="-5642290133250822820"></source>
			<source file="../../workspace/dataset/test/test_read_format_rar.c.ifdefed" startline="31" endline="112" function="DEFINE_TEST" hash="-7455731038030152052"></source>
			<source file="../../workspace/dataset/test/test_read_format_rar.c.ifdefed" startline="784" endline="864" function="DEFINE_TEST" hash="5688425904423569062"></source>
			<source file="../../workspace/dataset/test/test_read_format_rar.c.ifdefed" startline="1112" endline="1192" function="DEFINE_TEST" hash="5258517205543878417"></source>
		</class>
	</version>
	<version nr="3980" hash="d2b95e2b" evolution="Subtract" change="Consistent">
		<class nclones="2">
			<source file="../../workspace/dataset/test/test_read_format_rar.c.ifdefed" startline="114" endline="147" function="DEFINE_TEST" hash="7347787519050389751"></source>
			<source file="../../workspace/dataset/test/test_read_format_rar.c.ifdefed" startline="149" endline="182" function="DEFINE_TEST" hash="-8326657658909896514"></source>
		</class>
	</version>
	<version nr="3980" hash="d2b95e2b" evolution="Add" change="Consistent">
		<class nclones="4">
			<source file="../../workspace/dataset/test/test_read_format_rar.c.ifdefed" startline="422" endline="526" function="DEFINE_TEST" hash="-634553122039628821"></source>
			<source file="../../workspace/dataset/test/test_read_format_rar.c.ifdefed" startline="571" endline="675" function="DEFINE_TEST" hash="-6430192971850206728"></source>
			<source file="../../workspace/dataset/test/test_read_format_rar.c.ifdefed" startline="1003" endline="1110" function="DEFINE_TEST" hash="8178492710978744946"></source>
			<source file="../../workspace/dataset/test/test_read_format_rar.c.ifdefed" startline="866" endline="1001" function="DEFINE_TEST" hash="-2577482925625549261"></source>
		</class>
	</version>
	<version nr="3980" hash="d2b95e2b" evolution="Subtract" change="Consistent">
		<class nclones="3">
			<source file="../../workspace/dataset/test/test_read_format_rar.c.ifdefed" startline="531" endline="569" function="DEFINE_TEST" hash="-8154355082158996682"></source>
			<source file="../../workspace/dataset/test/test_read_format_rar.c.ifdefed" startline="680" endline="719" function="DEFINE_TEST" hash="-5019404797213644931"></source>
			<source file="../../workspace/dataset/test/test_archive_read_multiple_data_objects.c.ifdefed" startline="123" endline="169" function="test_large_splitted_file" hash="-1879463542919024284"></source>
		</class>
	</version>
	<version nr="3980" hash="d2b95e2b" evolution="Subtract" change="Consistent">
		<class nclones="2">
			<source file="../../workspace/dataset/test/test_read_format_rar.c.ifdefed" startline="1194" endline="1237" function="DEFINE_TEST" hash="-5308602354601454993"></source>
			<source file="../../workspace/dataset/test/test_read_format_rar.c.ifdefed" startline="1239" endline="1274" function="DEFINE_TEST" hash="8842446203963963948"></source>
		</class>
	</version>
	<version nr="3990" hash="60f0931d" evolution="Add" change="Consistent">
		<class nclones="5">
			<source file="../../workspace/dataset/test/test_read_set_format.c.ifdefed" startline="29" endline="100" function="DEFINE_TEST" hash="2333526279395416625"></source>
			<source file="../../workspace/dataset/test/test_archive_read_multiple_data_objects.c.ifdefed" startline="42" endline="121" function="test_splitted_file" hash="-5642290133250822820"></source>
			<source file="../../workspace/dataset/test/test_read_format_rar.c.ifdefed" startline="31" endline="112" function="DEFINE_TEST" hash="-7455731038030152052"></source>
			<source file="../../workspace/dataset/test/test_read_format_rar.c.ifdefed" startline="1112" endline="1192" function="DEFINE_TEST" hash="5258517205543878417"></source>
			<source file="../../workspace/dataset/test/test_read_format_rar.c.ifdefed" startline="784" endline="864" function="DEFINE_TEST" hash="5688425904423569062"></source>
		</class>
	</version>
	<version nr="3990" hash="60f0931d" evolution="Subtract" change="Consistent">
		<class nclones="2">
			<source file="../../workspace/dataset/test/test_read_format_rar.c.ifdefed" startline="114" endline="147" function="DEFINE_TEST" hash="7347787519050389751"></source>
			<source file="../../workspace/dataset/test/test_read_format_rar.c.ifdefed" startline="149" endline="182" function="DEFINE_TEST" hash="-8326657658909896514"></source>
		</class>
	</version>
	<version nr="3990" hash="60f0931d" evolution="Add" change="Consistent">
		<class nclones="4">
			<source file="../../workspace/dataset/test/test_read_format_rar.c.ifdefed" startline="422" endline="526" function="DEFINE_TEST" hash="-634553122039628821"></source>
			<source file="../../workspace/dataset/test/test_read_format_rar.c.ifdefed" startline="1003" endline="1110" function="DEFINE_TEST" hash="8178492710978744946"></source>
			<source file="../../workspace/dataset/test/test_read_format_rar.c.ifdefed" startline="571" endline="675" function="DEFINE_TEST" hash="-6430192971850206728"></source>
			<source file="../../workspace/dataset/test/test_read_format_rar.c.ifdefed" startline="866" endline="1001" function="DEFINE_TEST" hash="-2577482925625549261"></source>
		</class>
	</version>
	<version nr="3990" hash="60f0931d" evolution="Subtract" change="Consistent">
		<class nclones="3">
			<source file="../../workspace/dataset/test/test_read_format_rar.c.ifdefed" startline="531" endline="569" function="DEFINE_TEST" hash="-8154355082158996682"></source>
			<source file="../../workspace/dataset/test/test_read_format_rar.c.ifdefed" startline="680" endline="719" function="DEFINE_TEST" hash="-5019404797213644931"></source>
			<source file="../../workspace/dataset/test/test_archive_read_multiple_data_objects.c.ifdefed" startline="123" endline="169" function="test_large_splitted_file" hash="-1879463542919024284"></source>
		</class>
	</version>
	<version nr="3990" hash="60f0931d" evolution="Subtract" change="Consistent">
		<class nclones="2">
			<source file="../../workspace/dataset/test/test_read_format_rar.c.ifdefed" startline="1194" endline="1237" function="DEFINE_TEST" hash="-5308602354601454993"></source>
			<source file="../../workspace/dataset/test/test_read_format_rar.c.ifdefed" startline="1239" endline="1274" function="DEFINE_TEST" hash="8842446203963963948"></source>
		</class>
	</version>
	<version nr="4000" hash="45a0bce1" evolution="Add" change="Consistent">
		<class nclones="5">
			<source file="../../workspace/dataset/test/test_read_set_format.c.ifdefed" startline="29" endline="100" function="DEFINE_TEST" hash="2333526279395416625"></source>
			<source file="../../workspace/dataset/test/test_archive_read_multiple_data_objects.c.ifdefed" startline="42" endline="121" function="test_splitted_file" hash="-5642290133250822820"></source>
			<source file="../../workspace/dataset/test/test_read_format_rar.c.ifdefed" startline="31" endline="112" function="DEFINE_TEST" hash="-7455731038030152052"></source>
			<source file="../../workspace/dataset/test/test_read_format_rar.c.ifdefed" startline="784" endline="864" function="DEFINE_TEST" hash="5688425904423569062"></source>
			<source file="../../workspace/dataset/test/test_read_format_rar.c.ifdefed" startline="1112" endline="1192" function="DEFINE_TEST" hash="5258517205543878417"></source>
		</class>
	</version>
	<version nr="4000" hash="45a0bce1" evolution="Subtract" change="Consistent">
		<class nclones="2">
			<source file="../../workspace/dataset/test/test_read_format_rar.c.ifdefed" startline="114" endline="147" function="DEFINE_TEST" hash="7347787519050389751"></source>
			<source file="../../workspace/dataset/test/test_read_format_rar.c.ifdefed" startline="149" endline="182" function="DEFINE_TEST" hash="-8326657658909896514"></source>
		</class>
	</version>
	<version nr="4000" hash="45a0bce1" evolution="Add" change="Consistent">
		<class nclones="4">
			<source file="../../workspace/dataset/test/test_read_format_rar.c.ifdefed" startline="422" endline="526" function="DEFINE_TEST" hash="-634553122039628821"></source>
			<source file="../../workspace/dataset/test/test_read_format_rar.c.ifdefed" startline="571" endline="675" function="DEFINE_TEST" hash="-6430192971850206728"></source>
			<source file="../../workspace/dataset/test/test_read_format_rar.c.ifdefed" startline="1003" endline="1110" function="DEFINE_TEST" hash="8178492710978744946"></source>
			<source file="../../workspace/dataset/test/test_read_format_rar.c.ifdefed" startline="866" endline="1001" function="DEFINE_TEST" hash="-2577482925625549261"></source>
		</class>
	</version>
	<version nr="4000" hash="45a0bce1" evolution="Subtract" change="Consistent">
		<class nclones="3">
			<source file="../../workspace/dataset/test/test_read_format_rar.c.ifdefed" startline="531" endline="569" function="DEFINE_TEST" hash="-8154355082158996682"></source>
			<source file="../../workspace/dataset/test/test_archive_read_multiple_data_objects.c.ifdefed" startline="123" endline="169" function="test_large_splitted_file" hash="-1879463542919024284"></source>
			<source file="../../workspace/dataset/test/test_read_format_rar.c.ifdefed" startline="680" endline="719" function="DEFINE_TEST" hash="-5019404797213644931"></source>
		</class>
	</version>
	<version nr="4000" hash="45a0bce1" evolution="Subtract" change="Consistent">
		<class nclones="2">
			<source file="../../workspace/dataset/test/test_read_format_rar.c.ifdefed" startline="1194" endline="1237" function="DEFINE_TEST" hash="-5308602354601454993"></source>
			<source file="../../workspace/dataset/test/test_read_format_rar.c.ifdefed" startline="1239" endline="1274" function="DEFINE_TEST" hash="8842446203963963948"></source>
		</class>
	</version>
	<version nr="4010" hash="3e37a9e0" evolution="Add" change="Consistent">
		<class nclones="5">
			<source file="../../workspace/dataset/test/test_read_set_format.c.ifdefed" startline="29" endline="100" function="DEFINE_TEST" hash="2333526279395416625"></source>
			<source file="../../workspace/dataset/test/test_archive_read_multiple_data_objects.c.ifdefed" startline="42" endline="121" function="test_splitted_file" hash="-5642290133250822820"></source>
			<source file="../../workspace/dataset/test/test_read_format_rar.c.ifdefed" startline="31" endline="112" function="DEFINE_TEST" hash="-7455731038030152052"></source>
			<source file="../../workspace/dataset/test/test_read_format_rar.c.ifdefed" startline="784" endline="864" function="DEFINE_TEST" hash="5688425904423569062"></source>
			<source file="../../workspace/dataset/test/test_read_format_rar.c.ifdefed" startline="1112" endline="1192" function="DEFINE_TEST" hash="5258517205543878417"></source>
		</class>
	</version>
	<version nr="4010" hash="3e37a9e0" evolution="Subtract" change="Consistent">
		<class nclones="2">
			<source file="../../workspace/dataset/test/test_read_format_rar.c.ifdefed" startline="114" endline="147" function="DEFINE_TEST" hash="7347787519050389751"></source>
			<source file="../../workspace/dataset/test/test_read_format_rar.c.ifdefed" startline="149" endline="182" function="DEFINE_TEST" hash="-8326657658909896514"></source>
		</class>
	</version>
	<version nr="4010" hash="3e37a9e0" evolution="Add" change="Consistent">
		<class nclones="4">
			<source file="../../workspace/dataset/test/test_read_format_rar.c.ifdefed" startline="422" endline="526" function="DEFINE_TEST" hash="-634553122039628821"></source>
			<source file="../../workspace/dataset/test/test_read_format_rar.c.ifdefed" startline="571" endline="675" function="DEFINE_TEST" hash="-6430192971850206728"></source>
			<source file="../../workspace/dataset/test/test_read_format_rar.c.ifdefed" startline="1003" endline="1110" function="DEFINE_TEST" hash="8178492710978744946"></source>
			<source file="../../workspace/dataset/test/test_read_format_rar.c.ifdefed" startline="866" endline="1001" function="DEFINE_TEST" hash="-2577482925625549261"></source>
		</class>
	</version>
	<version nr="4010" hash="3e37a9e0" evolution="Subtract" change="Consistent">
		<class nclones="3">
			<source file="../../workspace/dataset/test/test_read_format_rar.c.ifdefed" startline="531" endline="569" function="DEFINE_TEST" hash="-8154355082158996682"></source>
			<source file="../../workspace/dataset/test/test_archive_read_multiple_data_objects.c.ifdefed" startline="123" endline="169" function="test_large_splitted_file" hash="-1879463542919024284"></source>
			<source file="../../workspace/dataset/test/test_read_format_rar.c.ifdefed" startline="680" endline="719" function="DEFINE_TEST" hash="-5019404797213644931"></source>
		</class>
	</version>
	<version nr="4010" hash="3e37a9e0" evolution="Subtract" change="Consistent">
		<class nclones="2">
			<source file="../../workspace/dataset/test/test_read_format_rar.c.ifdefed" startline="1194" endline="1237" function="DEFINE_TEST" hash="-5308602354601454993"></source>
			<source file="../../workspace/dataset/test/test_read_format_rar.c.ifdefed" startline="1239" endline="1274" function="DEFINE_TEST" hash="8842446203963963948"></source>
		</class>
	</version>
	<version nr="4020" hash="a04b5ade" evolution="Add" change="Consistent">
		<class nclones="5">
			<source file="../../workspace/dataset/test/test_read_set_format.c.ifdefed" startline="29" endline="100" function="DEFINE_TEST" hash="2333526279395416625"></source>
			<source file="../../workspace/dataset/test/test_archive_read_multiple_data_objects.c.ifdefed" startline="42" endline="121" function="test_splitted_file" hash="-5642290133250822820"></source>
			<source file="../../workspace/dataset/test/test_read_format_rar.c.ifdefed" startline="31" endline="112" function="DEFINE_TEST" hash="-7455731038030152052"></source>
			<source file="../../workspace/dataset/test/test_read_format_rar.c.ifdefed" startline="784" endline="864" function="DEFINE_TEST" hash="5688425904423569062"></source>
			<source file="../../workspace/dataset/test/test_read_format_rar.c.ifdefed" startline="1112" endline="1192" function="DEFINE_TEST" hash="5258517205543878417"></source>
		</class>
	</version>
	<version nr="4020" hash="a04b5ade" evolution="Subtract" change="Consistent">
		<class nclones="2">
			<source file="../../workspace/dataset/test/test_read_format_rar.c.ifdefed" startline="114" endline="147" function="DEFINE_TEST" hash="7347787519050389751"></source>
			<source file="../../workspace/dataset/test/test_read_format_rar.c.ifdefed" startline="149" endline="182" function="DEFINE_TEST" hash="-8326657658909896514"></source>
		</class>
	</version>
	<version nr="4020" hash="a04b5ade" evolution="Add" change="Consistent">
		<class nclones="4">
			<source file="../../workspace/dataset/test/test_read_format_rar.c.ifdefed" startline="422" endline="526" function="DEFINE_TEST" hash="-634553122039628821"></source>
			<source file="../../workspace/dataset/test/test_read_format_rar.c.ifdefed" startline="571" endline="675" function="DEFINE_TEST" hash="-6430192971850206728"></source>
			<source file="../../workspace/dataset/test/test_read_format_rar.c.ifdefed" startline="1003" endline="1110" function="DEFINE_TEST" hash="8178492710978744946"></source>
			<source file="../../workspace/dataset/test/test_read_format_rar.c.ifdefed" startline="866" endline="1001" function="DEFINE_TEST" hash="-2577482925625549261"></source>
		</class>
	</version>
	<version nr="4020" hash="a04b5ade" evolution="Subtract" change="Consistent">
		<class nclones="3">
			<source file="../../workspace/dataset/test/test_read_format_rar.c.ifdefed" startline="531" endline="569" function="DEFINE_TEST" hash="-8154355082158996682"></source>
			<source file="../../workspace/dataset/test/test_archive_read_multiple_data_objects.c.ifdefed" startline="123" endline="169" function="test_large_splitted_file" hash="-1879463542919024284"></source>
			<source file="../../workspace/dataset/test/test_read_format_rar.c.ifdefed" startline="680" endline="719" function="DEFINE_TEST" hash="-5019404797213644931"></source>
		</class>
	</version>
	<version nr="4020" hash="a04b5ade" evolution="Subtract" change="Consistent">
		<class nclones="2">
			<source file="../../workspace/dataset/test/test_read_format_rar.c.ifdefed" startline="1194" endline="1237" function="DEFINE_TEST" hash="-5308602354601454993"></source>
			<source file="../../workspace/dataset/test/test_read_format_rar.c.ifdefed" startline="1239" endline="1274" function="DEFINE_TEST" hash="8842446203963963948"></source>
		</class>
	</version>
	<version nr="4030" hash="6462ccda" evolution="Add" change="Consistent">
		<class nclones="5">
			<source file="../../workspace/dataset/test/test_read_set_format.c.ifdefed" startline="29" endline="100" function="DEFINE_TEST" hash="2333526279395416625"></source>
			<source file="../../workspace/dataset/test/test_read_format_rar.c.ifdefed" startline="31" endline="112" function="DEFINE_TEST" hash="-7455731038030152052"></source>
			<source file="../../workspace/dataset/test/test_archive_read_multiple_data_objects.c.ifdefed" startline="42" endline="121" function="test_splitted_file" hash="-5642290133250822820"></source>
			<source file="../../workspace/dataset/test/test_read_format_rar.c.ifdefed" startline="784" endline="864" function="DEFINE_TEST" hash="5688425904423569062"></source>
			<source file="../../workspace/dataset/test/test_read_format_rar.c.ifdefed" startline="1112" endline="1192" function="DEFINE_TEST" hash="5258517205543878417"></source>
		</class>
	</version>
	<version nr="4030" hash="6462ccda" evolution="Subtract" change="Consistent">
		<class nclones="2">
			<source file="../../workspace/dataset/test/test_read_format_rar.c.ifdefed" startline="114" endline="147" function="DEFINE_TEST" hash="7347787519050389751"></source>
			<source file="../../workspace/dataset/test/test_read_format_rar.c.ifdefed" startline="149" endline="182" function="DEFINE_TEST" hash="-8326657658909896514"></source>
		</class>
	</version>
	<version nr="4030" hash="6462ccda" evolution="Add" change="Consistent">
		<class nclones="4">
			<source file="../../workspace/dataset/test/test_read_format_rar.c.ifdefed" startline="422" endline="526" function="DEFINE_TEST" hash="-634553122039628821"></source>
			<source file="../../workspace/dataset/test/test_read_format_rar.c.ifdefed" startline="1003" endline="1110" function="DEFINE_TEST" hash="8178492710978744946"></source>
			<source file="../../workspace/dataset/test/test_read_format_rar.c.ifdefed" startline="571" endline="675" function="DEFINE_TEST" hash="-6430192971850206728"></source>
			<source file="../../workspace/dataset/test/test_read_format_rar.c.ifdefed" startline="866" endline="1001" function="DEFINE_TEST" hash="-2577482925625549261"></source>
		</class>
	</version>
	<version nr="4030" hash="6462ccda" evolution="Subtract" change="Consistent">
		<class nclones="3">
			<source file="../../workspace/dataset/test/test_read_format_rar.c.ifdefed" startline="531" endline="569" function="DEFINE_TEST" hash="-8154355082158996682"></source>
			<source file="../../workspace/dataset/test/test_archive_read_multiple_data_objects.c.ifdefed" startline="123" endline="169" function="test_large_splitted_file" hash="-1879463542919024284"></source>
			<source file="../../workspace/dataset/test/test_read_format_rar.c.ifdefed" startline="680" endline="719" function="DEFINE_TEST" hash="-5019404797213644931"></source>
		</class>
	</version>
	<version nr="4030" hash="6462ccda" evolution="Subtract" change="Consistent">
		<class nclones="2">
			<source file="../../workspace/dataset/test/test_read_format_rar.c.ifdefed" startline="1194" endline="1237" function="DEFINE_TEST" hash="-5308602354601454993"></source>
			<source file="../../workspace/dataset/test/test_read_format_rar.c.ifdefed" startline="1239" endline="1274" function="DEFINE_TEST" hash="8842446203963963948"></source>
		</class>
	</version>
	<version nr="4040" hash="f1428f75" evolution="Add" change="Consistent">
		<class nclones="5">
			<source file="../../workspace/dataset/test/test_read_set_format.c.ifdefed" startline="29" endline="100" function="DEFINE_TEST" hash="2333526279395416625"></source>
			<source file="../../workspace/dataset/test/test_read_format_rar.c.ifdefed" startline="31" endline="112" function="DEFINE_TEST" hash="-7455731038030152052"></source>
			<source file="../../workspace/dataset/test/test_archive_read_multiple_data_objects.c.ifdefed" startline="42" endline="121" function="test_splitted_file" hash="-5642290133250822820"></source>
			<source file="../../workspace/dataset/test/test_read_format_rar.c.ifdefed" startline="784" endline="864" function="DEFINE_TEST" hash="5688425904423569062"></source>
			<source file="../../workspace/dataset/test/test_read_format_rar.c.ifdefed" startline="1112" endline="1192" function="DEFINE_TEST" hash="5258517205543878417"></source>
		</class>
	</version>
	<version nr="4040" hash="f1428f75" evolution="Subtract" change="Consistent">
		<class nclones="2">
			<source file="../../workspace/dataset/test/test_read_format_rar.c.ifdefed" startline="114" endline="147" function="DEFINE_TEST" hash="7347787519050389751"></source>
			<source file="../../workspace/dataset/test/test_read_format_rar.c.ifdefed" startline="149" endline="182" function="DEFINE_TEST" hash="-8326657658909896514"></source>
		</class>
	</version>
	<version nr="4040" hash="f1428f75" evolution="Add" change="Consistent">
		<class nclones="4">
			<source file="../../workspace/dataset/test/test_read_format_rar.c.ifdefed" startline="422" endline="526" function="DEFINE_TEST" hash="-634553122039628821"></source>
			<source file="../../workspace/dataset/test/test_read_format_rar.c.ifdefed" startline="1003" endline="1110" function="DEFINE_TEST" hash="8178492710978744946"></source>
			<source file="../../workspace/dataset/test/test_read_format_rar.c.ifdefed" startline="571" endline="675" function="DEFINE_TEST" hash="-6430192971850206728"></source>
			<source file="../../workspace/dataset/test/test_read_format_rar.c.ifdefed" startline="866" endline="1001" function="DEFINE_TEST" hash="-2577482925625549261"></source>
		</class>
	</version>
	<version nr="4040" hash="f1428f75" evolution="Subtract" change="Consistent">
		<class nclones="3">
			<source file="../../workspace/dataset/test/test_read_format_rar.c.ifdefed" startline="531" endline="569" function="DEFINE_TEST" hash="-8154355082158996682"></source>
			<source file="../../workspace/dataset/test/test_archive_read_multiple_data_objects.c.ifdefed" startline="123" endline="169" function="test_large_splitted_file" hash="-1879463542919024284"></source>
			<source file="../../workspace/dataset/test/test_read_format_rar.c.ifdefed" startline="680" endline="719" function="DEFINE_TEST" hash="-5019404797213644931"></source>
		</class>
	</version>
	<version nr="4040" hash="f1428f75" evolution="Subtract" change="Consistent">
		<class nclones="2">
			<source file="../../workspace/dataset/test/test_read_format_rar.c.ifdefed" startline="1194" endline="1237" function="DEFINE_TEST" hash="-5308602354601454993"></source>
			<source file="../../workspace/dataset/test/test_read_format_rar.c.ifdefed" startline="1239" endline="1274" function="DEFINE_TEST" hash="8842446203963963948"></source>
		</class>
	</version>
	<version nr="4050" hash="c253f0aa" evolution="Add" change="Consistent">
		<class nclones="5">
			<source file="../../workspace/dataset/test/test_read_set_format.c.ifdefed" startline="29" endline="100" function="DEFINE_TEST" hash="2333526279395416625"></source>
			<source file="../../workspace/dataset/test/test_read_format_rar.c.ifdefed" startline="31" endline="112" function="DEFINE_TEST" hash="-7455731038030152052"></source>
			<source file="../../workspace/dataset/test/test_archive_read_multiple_data_objects.c.ifdefed" startline="42" endline="121" function="test_splitted_file" hash="-5642290133250822820"></source>
			<source file="../../workspace/dataset/test/test_read_format_rar.c.ifdefed" startline="784" endline="864" function="DEFINE_TEST" hash="5688425904423569062"></source>
			<source file="../../workspace/dataset/test/test_read_format_rar.c.ifdefed" startline="1112" endline="1192" function="DEFINE_TEST" hash="5258517205543878417"></source>
		</class>
	</version>
	<version nr="4050" hash="c253f0aa" evolution="Subtract" change="Consistent">
		<class nclones="2">
			<source file="../../workspace/dataset/test/test_read_format_rar.c.ifdefed" startline="114" endline="147" function="DEFINE_TEST" hash="7347787519050389751"></source>
			<source file="../../workspace/dataset/test/test_read_format_rar.c.ifdefed" startline="149" endline="182" function="DEFINE_TEST" hash="-8326657658909896514"></source>
		</class>
	</version>
	<version nr="4050" hash="c253f0aa" evolution="Add" change="Consistent">
		<class nclones="4">
			<source file="../../workspace/dataset/test/test_read_format_rar.c.ifdefed" startline="422" endline="526" function="DEFINE_TEST" hash="-634553122039628821"></source>
			<source file="../../workspace/dataset/test/test_read_format_rar.c.ifdefed" startline="571" endline="675" function="DEFINE_TEST" hash="-6430192971850206728"></source>
			<source file="../../workspace/dataset/test/test_read_format_rar.c.ifdefed" startline="1003" endline="1110" function="DEFINE_TEST" hash="8178492710978744946"></source>
			<source file="../../workspace/dataset/test/test_read_format_rar.c.ifdefed" startline="866" endline="1001" function="DEFINE_TEST" hash="-2577482925625549261"></source>
		</class>
	</version>
	<version nr="4050" hash="c253f0aa" evolution="Subtract" change="Consistent">
		<class nclones="3">
			<source file="../../workspace/dataset/test/test_read_format_rar.c.ifdefed" startline="531" endline="569" function="DEFINE_TEST" hash="-8154355082158996682"></source>
			<source file="../../workspace/dataset/test/test_read_format_rar.c.ifdefed" startline="680" endline="719" function="DEFINE_TEST" hash="-5019404797213644931"></source>
			<source file="../../workspace/dataset/test/test_archive_read_multiple_data_objects.c.ifdefed" startline="123" endline="169" function="test_large_splitted_file" hash="-1879463542919024284"></source>
		</class>
	</version>
	<version nr="4050" hash="c253f0aa" evolution="Subtract" change="Consistent">
		<class nclones="2">
			<source file="../../workspace/dataset/test/test_read_format_rar.c.ifdefed" startline="1194" endline="1237" function="DEFINE_TEST" hash="-5308602354601454993"></source>
			<source file="../../workspace/dataset/test/test_read_format_rar.c.ifdefed" startline="1239" endline="1274" function="DEFINE_TEST" hash="8842446203963963948"></source>
		</class>
	</version>
	<version nr="4060" hash="d8c7f2e5" evolution="Add" change="Consistent">
		<class nclones="5">
			<source file="../../workspace/dataset/test/test_read_set_format.c.ifdefed" startline="29" endline="100" function="DEFINE_TEST" hash="2333526279395416625"></source>
			<source file="../../workspace/dataset/test/test_read_format_rar.c.ifdefed" startline="31" endline="112" function="DEFINE_TEST" hash="-7455731038030152052"></source>
			<source file="../../workspace/dataset/test/test_archive_read_multiple_data_objects.c.ifdefed" startline="42" endline="121" function="test_splitted_file" hash="-5642290133250822820"></source>
			<source file="../../workspace/dataset/test/test_read_format_rar.c.ifdefed" startline="784" endline="864" function="DEFINE_TEST" hash="5688425904423569062"></source>
			<source file="../../workspace/dataset/test/test_read_format_rar.c.ifdefed" startline="1112" endline="1192" function="DEFINE_TEST" hash="5258517205543878417"></source>
		</class>
	</version>
	<version nr="4060" hash="d8c7f2e5" evolution="Subtract" change="Consistent">
		<class nclones="2">
			<source file="../../workspace/dataset/test/test_read_format_rar.c.ifdefed" startline="114" endline="147" function="DEFINE_TEST" hash="7347787519050389751"></source>
			<source file="../../workspace/dataset/test/test_read_format_rar.c.ifdefed" startline="149" endline="182" function="DEFINE_TEST" hash="-8326657658909896514"></source>
		</class>
	</version>
	<version nr="4060" hash="d8c7f2e5" evolution="Add" change="Consistent">
		<class nclones="4">
			<source file="../../workspace/dataset/test/test_read_format_rar.c.ifdefed" startline="422" endline="526" function="DEFINE_TEST" hash="-634553122039628821"></source>
			<source file="../../workspace/dataset/test/test_read_format_rar.c.ifdefed" startline="571" endline="675" function="DEFINE_TEST" hash="-6430192971850206728"></source>
			<source file="../../workspace/dataset/test/test_read_format_rar.c.ifdefed" startline="1003" endline="1110" function="DEFINE_TEST" hash="8178492710978744946"></source>
			<source file="../../workspace/dataset/test/test_read_format_rar.c.ifdefed" startline="866" endline="1001" function="DEFINE_TEST" hash="-2577482925625549261"></source>
		</class>
	</version>
	<version nr="4060" hash="d8c7f2e5" evolution="Subtract" change="Consistent">
		<class nclones="3">
			<source file="../../workspace/dataset/test/test_read_format_rar.c.ifdefed" startline="531" endline="569" function="DEFINE_TEST" hash="-8154355082158996682"></source>
			<source file="../../workspace/dataset/test/test_read_format_rar.c.ifdefed" startline="680" endline="719" function="DEFINE_TEST" hash="-5019404797213644931"></source>
			<source file="../../workspace/dataset/test/test_archive_read_multiple_data_objects.c.ifdefed" startline="123" endline="169" function="test_large_splitted_file" hash="-1879463542919024284"></source>
		</class>
	</version>
	<version nr="4060" hash="d8c7f2e5" evolution="Subtract" change="Consistent">
		<class nclones="2">
			<source file="../../workspace/dataset/test/test_read_format_rar.c.ifdefed" startline="1194" endline="1237" function="DEFINE_TEST" hash="-5308602354601454993"></source>
			<source file="../../workspace/dataset/test/test_read_format_rar.c.ifdefed" startline="1239" endline="1274" function="DEFINE_TEST" hash="8842446203963963948"></source>
		</class>
	</version>
	<version nr="4070" hash="227d33ae" evolution="Add" change="Consistent">
		<class nclones="5">
			<source file="../../workspace/dataset/test/test_read_set_format.c.ifdefed" startline="29" endline="100" function="DEFINE_TEST" hash="2333526279395416625"></source>
			<source file="../../workspace/dataset/test/test_archive_read_multiple_data_objects.c.ifdefed" startline="42" endline="121" function="test_splitted_file" hash="-5642290133250822820"></source>
			<source file="../../workspace/dataset/test/test_read_format_rar.c.ifdefed" startline="31" endline="112" function="DEFINE_TEST" hash="-7455731038030152052"></source>
			<source file="../../workspace/dataset/test/test_read_format_rar.c.ifdefed" startline="1112" endline="1192" function="DEFINE_TEST" hash="5258517205543878417"></source>
			<source file="../../workspace/dataset/test/test_read_format_rar.c.ifdefed" startline="784" endline="864" function="DEFINE_TEST" hash="5688425904423569062"></source>
		</class>
	</version>
	<version nr="4070" hash="227d33ae" evolution="Subtract" change="Consistent">
		<class nclones="2">
			<source file="../../workspace/dataset/test/test_read_format_rar.c.ifdefed" startline="114" endline="147" function="DEFINE_TEST" hash="7347787519050389751"></source>
			<source file="../../workspace/dataset/test/test_read_format_rar.c.ifdefed" startline="149" endline="182" function="DEFINE_TEST" hash="-8326657658909896514"></source>
		</class>
	</version>
	<version nr="4070" hash="227d33ae" evolution="Add" change="Consistent">
		<class nclones="4">
			<source file="../../workspace/dataset/test/test_read_format_rar.c.ifdefed" startline="422" endline="526" function="DEFINE_TEST" hash="-634553122039628821"></source>
			<source file="../../workspace/dataset/test/test_read_format_rar.c.ifdefed" startline="571" endline="675" function="DEFINE_TEST" hash="-6430192971850206728"></source>
			<source file="../../workspace/dataset/test/test_read_format_rar.c.ifdefed" startline="1003" endline="1110" function="DEFINE_TEST" hash="8178492710978744946"></source>
			<source file="../../workspace/dataset/test/test_read_format_rar.c.ifdefed" startline="866" endline="1001" function="DEFINE_TEST" hash="-2577482925625549261"></source>
		</class>
	</version>
	<version nr="4070" hash="227d33ae" evolution="Subtract" change="Consistent">
		<class nclones="3">
			<source file="../../workspace/dataset/test/test_read_format_rar.c.ifdefed" startline="531" endline="569" function="DEFINE_TEST" hash="-8154355082158996682"></source>
			<source file="../../workspace/dataset/test/test_read_format_rar.c.ifdefed" startline="680" endline="719" function="DEFINE_TEST" hash="-5019404797213644931"></source>
			<source file="../../workspace/dataset/test/test_archive_read_multiple_data_objects.c.ifdefed" startline="123" endline="169" function="test_large_splitted_file" hash="-1879463542919024284"></source>
		</class>
	</version>
	<version nr="4070" hash="227d33ae" evolution="Subtract" change="Consistent">
		<class nclones="2">
			<source file="../../workspace/dataset/test/test_read_format_rar.c.ifdefed" startline="1194" endline="1237" function="DEFINE_TEST" hash="-5308602354601454993"></source>
			<source file="../../workspace/dataset/test/test_read_format_rar.c.ifdefed" startline="1239" endline="1274" function="DEFINE_TEST" hash="8842446203963963948"></source>
		</class>
	</version>
	<version nr="4080" hash="f5e11aca" evolution="Add" change="Consistent">
		<class nclones="5">
			<source file="../../workspace/dataset/test/test_read_set_format.c.ifdefed" startline="29" endline="100" function="DEFINE_TEST" hash="2333526279395416625"></source>
			<source file="../../workspace/dataset/test/test_archive_read_multiple_data_objects.c.ifdefed" startline="42" endline="121" function="test_splitted_file" hash="-5642290133250822820"></source>
			<source file="../../workspace/dataset/test/test_read_format_rar.c.ifdefed" startline="31" endline="112" function="DEFINE_TEST" hash="-7455731038030152052"></source>
			<source file="../../workspace/dataset/test/test_read_format_rar.c.ifdefed" startline="784" endline="864" function="DEFINE_TEST" hash="5688425904423569062"></source>
			<source file="../../workspace/dataset/test/test_read_format_rar.c.ifdefed" startline="1112" endline="1192" function="DEFINE_TEST" hash="5258517205543878417"></source>
		</class>
	</version>
	<version nr="4080" hash="f5e11aca" evolution="Subtract" change="Consistent">
		<class nclones="2">
			<source file="../../workspace/dataset/test/test_read_format_rar.c.ifdefed" startline="114" endline="147" function="DEFINE_TEST" hash="7347787519050389751"></source>
			<source file="../../workspace/dataset/test/test_read_format_rar.c.ifdefed" startline="149" endline="182" function="DEFINE_TEST" hash="-8326657658909896514"></source>
		</class>
	</version>
	<version nr="4080" hash="f5e11aca" evolution="Add" change="Consistent">
		<class nclones="4">
			<source file="../../workspace/dataset/test/test_read_format_rar.c.ifdefed" startline="422" endline="526" function="DEFINE_TEST" hash="-634553122039628821"></source>
			<source file="../../workspace/dataset/test/test_read_format_rar.c.ifdefed" startline="1003" endline="1110" function="DEFINE_TEST" hash="8178492710978744946"></source>
			<source file="../../workspace/dataset/test/test_read_format_rar.c.ifdefed" startline="571" endline="675" function="DEFINE_TEST" hash="-6430192971850206728"></source>
			<source file="../../workspace/dataset/test/test_read_format_rar.c.ifdefed" startline="866" endline="1001" function="DEFINE_TEST" hash="-2577482925625549261"></source>
		</class>
	</version>
	<version nr="4080" hash="f5e11aca" evolution="Subtract" change="Consistent">
		<class nclones="3">
			<source file="../../workspace/dataset/test/test_read_format_rar.c.ifdefed" startline="531" endline="569" function="DEFINE_TEST" hash="-8154355082158996682"></source>
			<source file="../../workspace/dataset/test/test_read_format_rar.c.ifdefed" startline="680" endline="719" function="DEFINE_TEST" hash="-5019404797213644931"></source>
			<source file="../../workspace/dataset/test/test_archive_read_multiple_data_objects.c.ifdefed" startline="123" endline="169" function="test_large_splitted_file" hash="-1879463542919024284"></source>
		</class>
	</version>
	<version nr="4080" hash="f5e11aca" evolution="Subtract" change="Consistent">
		<class nclones="2">
			<source file="../../workspace/dataset/test/test_read_format_rar.c.ifdefed" startline="1194" endline="1237" function="DEFINE_TEST" hash="-5308602354601454993"></source>
			<source file="../../workspace/dataset/test/test_read_format_rar.c.ifdefed" startline="1239" endline="1274" function="DEFINE_TEST" hash="8842446203963963948"></source>
		</class>
	</version>
	<version nr="4090" hash="108251d8" evolution="Add" change="Consistent">
		<class nclones="5">
			<source file="../../workspace/dataset/test/test_read_set_format.c.ifdefed" startline="29" endline="100" function="DEFINE_TEST" hash="2333526279395416625"></source>
			<source file="../../workspace/dataset/test/test_archive_read_multiple_data_objects.c.ifdefed" startline="42" endline="121" function="test_splitted_file" hash="-5642290133250822820"></source>
			<source file="../../workspace/dataset/test/test_read_format_rar.c.ifdefed" startline="31" endline="112" function="DEFINE_TEST" hash="-7455731038030152052"></source>
			<source file="../../workspace/dataset/test/test_read_format_rar.c.ifdefed" startline="784" endline="864" function="DEFINE_TEST" hash="5688425904423569062"></source>
			<source file="../../workspace/dataset/test/test_read_format_rar.c.ifdefed" startline="1112" endline="1192" function="DEFINE_TEST" hash="5258517205543878417"></source>
		</class>
	</version>
	<version nr="4090" hash="108251d8" evolution="Subtract" change="Consistent">
		<class nclones="2">
			<source file="../../workspace/dataset/test/test_read_format_rar.c.ifdefed" startline="114" endline="147" function="DEFINE_TEST" hash="7347787519050389751"></source>
			<source file="../../workspace/dataset/test/test_read_format_rar.c.ifdefed" startline="149" endline="182" function="DEFINE_TEST" hash="-8326657658909896514"></source>
		</class>
	</version>
	<version nr="4090" hash="108251d8" evolution="Add" change="Consistent">
		<class nclones="4">
			<source file="../../workspace/dataset/test/test_read_format_rar.c.ifdefed" startline="422" endline="526" function="DEFINE_TEST" hash="-634553122039628821"></source>
			<source file="../../workspace/dataset/test/test_read_format_rar.c.ifdefed" startline="571" endline="675" function="DEFINE_TEST" hash="-6430192971850206728"></source>
			<source file="../../workspace/dataset/test/test_read_format_rar.c.ifdefed" startline="1003" endline="1110" function="DEFINE_TEST" hash="8178492710978744946"></source>
			<source file="../../workspace/dataset/test/test_read_format_rar.c.ifdefed" startline="866" endline="1001" function="DEFINE_TEST" hash="-2577482925625549261"></source>
		</class>
	</version>
	<version nr="4090" hash="108251d8" evolution="Subtract" change="Consistent">
		<class nclones="3">
			<source file="../../workspace/dataset/test/test_read_format_rar.c.ifdefed" startline="531" endline="569" function="DEFINE_TEST" hash="-8154355082158996682"></source>
			<source file="../../workspace/dataset/test/test_read_format_rar.c.ifdefed" startline="680" endline="719" function="DEFINE_TEST" hash="-5019404797213644931"></source>
			<source file="../../workspace/dataset/test/test_archive_read_multiple_data_objects.c.ifdefed" startline="123" endline="169" function="test_large_splitted_file" hash="-1879463542919024284"></source>
		</class>
	</version>
	<version nr="4090" hash="108251d8" evolution="Subtract" change="Consistent">
		<class nclones="2">
			<source file="../../workspace/dataset/test/test_read_format_rar.c.ifdefed" startline="1194" endline="1237" function="DEFINE_TEST" hash="-5308602354601454993"></source>
			<source file="../../workspace/dataset/test/test_read_format_rar.c.ifdefed" startline="1239" endline="1274" function="DEFINE_TEST" hash="8842446203963963948"></source>
		</class>
	</version>
	<version nr="4100" hash="a864f9f9" evolution="Add" change="Consistent">
		<class nclones="5">
			<source file="../../workspace/dataset/test/test_read_set_format.c.ifdefed" startline="29" endline="100" function="DEFINE_TEST" hash="2333526279395416625"></source>
			<source file="../../workspace/dataset/test/test_archive_read_multiple_data_objects.c.ifdefed" startline="42" endline="121" function="test_splitted_file" hash="-5642290133250822820"></source>
			<source file="../../workspace/dataset/test/test_read_format_rar.c.ifdefed" startline="31" endline="112" function="DEFINE_TEST" hash="-7455731038030152052"></source>
			<source file="../../workspace/dataset/test/test_read_format_rar.c.ifdefed" startline="784" endline="864" function="DEFINE_TEST" hash="5688425904423569062"></source>
			<source file="../../workspace/dataset/test/test_read_format_rar.c.ifdefed" startline="1112" endline="1192" function="DEFINE_TEST" hash="5258517205543878417"></source>
		</class>
	</version>
	<version nr="4100" hash="a864f9f9" evolution="Subtract" change="Consistent">
		<class nclones="2">
			<source file="../../workspace/dataset/test/test_read_format_rar.c.ifdefed" startline="114" endline="147" function="DEFINE_TEST" hash="7347787519050389751"></source>
			<source file="../../workspace/dataset/test/test_read_format_rar.c.ifdefed" startline="149" endline="182" function="DEFINE_TEST" hash="-8326657658909896514"></source>
		</class>
	</version>
	<version nr="4100" hash="a864f9f9" evolution="Add" change="Consistent">
		<class nclones="4">
			<source file="../../workspace/dataset/test/test_read_format_rar.c.ifdefed" startline="422" endline="526" function="DEFINE_TEST" hash="-634553122039628821"></source>
			<source file="../../workspace/dataset/test/test_read_format_rar.c.ifdefed" startline="571" endline="675" function="DEFINE_TEST" hash="-6430192971850206728"></source>
			<source file="../../workspace/dataset/test/test_read_format_rar.c.ifdefed" startline="1003" endline="1110" function="DEFINE_TEST" hash="8178492710978744946"></source>
			<source file="../../workspace/dataset/test/test_read_format_rar.c.ifdefed" startline="866" endline="1001" function="DEFINE_TEST" hash="-2577482925625549261"></source>
		</class>
	</version>
	<version nr="4100" hash="a864f9f9" evolution="Subtract" change="Consistent">
		<class nclones="3">
			<source file="../../workspace/dataset/test/test_read_format_rar.c.ifdefed" startline="531" endline="569" function="DEFINE_TEST" hash="-8154355082158996682"></source>
			<source file="../../workspace/dataset/test/test_read_format_rar.c.ifdefed" startline="680" endline="719" function="DEFINE_TEST" hash="-5019404797213644931"></source>
			<source file="../../workspace/dataset/test/test_archive_read_multiple_data_objects.c.ifdefed" startline="123" endline="169" function="test_large_splitted_file" hash="-1879463542919024284"></source>
		</class>
	</version>
	<version nr="4100" hash="a864f9f9" evolution="Subtract" change="Consistent">
		<class nclones="2">
			<source file="../../workspace/dataset/test/test_read_format_rar.c.ifdefed" startline="1194" endline="1237" function="DEFINE_TEST" hash="-5308602354601454993"></source>
			<source file="../../workspace/dataset/test/test_read_format_rar.c.ifdefed" startline="1239" endline="1274" function="DEFINE_TEST" hash="8842446203963963948"></source>
		</class>
	</version>
	<version nr="4110" hash="dbdca0d8" evolution="Add" change="Consistent">
		<class nclones="5">
			<source file="../../workspace/dataset/test/test_read_set_format.c.ifdefed" startline="29" endline="100" function="DEFINE_TEST" hash="2333526279395416625"></source>
			<source file="../../workspace/dataset/test/test_archive_read_multiple_data_objects.c.ifdefed" startline="42" endline="121" function="test_splitted_file" hash="-5642290133250822820"></source>
			<source file="../../workspace/dataset/test/test_read_format_rar.c.ifdefed" startline="31" endline="112" function="DEFINE_TEST" hash="-7455731038030152052"></source>
			<source file="../../workspace/dataset/test/test_read_format_rar.c.ifdefed" startline="784" endline="864" function="DEFINE_TEST" hash="5688425904423569062"></source>
			<source file="../../workspace/dataset/test/test_read_format_rar.c.ifdefed" startline="1112" endline="1192" function="DEFINE_TEST" hash="5258517205543878417"></source>
		</class>
	</version>
	<version nr="4110" hash="dbdca0d8" evolution="Subtract" change="Consistent">
		<class nclones="2">
			<source file="../../workspace/dataset/test/test_read_format_rar.c.ifdefed" startline="114" endline="147" function="DEFINE_TEST" hash="7347787519050389751"></source>
			<source file="../../workspace/dataset/test/test_read_format_rar.c.ifdefed" startline="149" endline="182" function="DEFINE_TEST" hash="-8326657658909896514"></source>
		</class>
	</version>
	<version nr="4110" hash="dbdca0d8" evolution="Add" change="Consistent">
		<class nclones="4">
			<source file="../../workspace/dataset/test/test_read_format_rar.c.ifdefed" startline="422" endline="526" function="DEFINE_TEST" hash="-634553122039628821"></source>
			<source file="../../workspace/dataset/test/test_read_format_rar.c.ifdefed" startline="571" endline="675" function="DEFINE_TEST" hash="-6430192971850206728"></source>
			<source file="../../workspace/dataset/test/test_read_format_rar.c.ifdefed" startline="1003" endline="1110" function="DEFINE_TEST" hash="8178492710978744946"></source>
			<source file="../../workspace/dataset/test/test_read_format_rar.c.ifdefed" startline="866" endline="1001" function="DEFINE_TEST" hash="-2577482925625549261"></source>
		</class>
	</version>
	<version nr="4110" hash="dbdca0d8" evolution="Subtract" change="Consistent">
		<class nclones="3">
			<source file="../../workspace/dataset/test/test_read_format_rar.c.ifdefed" startline="531" endline="569" function="DEFINE_TEST" hash="-8154355082158996682"></source>
			<source file="../../workspace/dataset/test/test_read_format_rar.c.ifdefed" startline="680" endline="719" function="DEFINE_TEST" hash="-5019404797213644931"></source>
			<source file="../../workspace/dataset/test/test_archive_read_multiple_data_objects.c.ifdefed" startline="123" endline="169" function="test_large_splitted_file" hash="-1879463542919024284"></source>
		</class>
	</version>
	<version nr="4110" hash="dbdca0d8" evolution="Subtract" change="Consistent">
		<class nclones="2">
			<source file="../../workspace/dataset/test/test_read_format_rar.c.ifdefed" startline="1194" endline="1237" function="DEFINE_TEST" hash="-5308602354601454993"></source>
			<source file="../../workspace/dataset/test/test_read_format_rar.c.ifdefed" startline="1239" endline="1274" function="DEFINE_TEST" hash="8842446203963963948"></source>
		</class>
	</version>
	<version nr="4120" hash="cab16e1d" evolution="Add" change="Consistent">
		<class nclones="5">
			<source file="../../workspace/dataset/test/test_read_set_format.c.ifdefed" startline="29" endline="100" function="DEFINE_TEST" hash="2333526279395416625"></source>
			<source file="../../workspace/dataset/test/test_archive_read_multiple_data_objects.c.ifdefed" startline="42" endline="121" function="test_splitted_file" hash="-5642290133250822820"></source>
			<source file="../../workspace/dataset/test/test_read_format_rar.c.ifdefed" startline="31" endline="112" function="DEFINE_TEST" hash="-7455731038030152052"></source>
			<source file="../../workspace/dataset/test/test_read_format_rar.c.ifdefed" startline="784" endline="864" function="DEFINE_TEST" hash="5688425904423569062"></source>
			<source file="../../workspace/dataset/test/test_read_format_rar.c.ifdefed" startline="1112" endline="1192" function="DEFINE_TEST" hash="5258517205543878417"></source>
		</class>
	</version>
	<version nr="4120" hash="cab16e1d" evolution="Subtract" change="Consistent">
		<class nclones="2">
			<source file="../../workspace/dataset/test/test_read_format_rar.c.ifdefed" startline="114" endline="147" function="DEFINE_TEST" hash="7347787519050389751"></source>
			<source file="../../workspace/dataset/test/test_read_format_rar.c.ifdefed" startline="149" endline="182" function="DEFINE_TEST" hash="-8326657658909896514"></source>
		</class>
	</version>
	<version nr="4120" hash="cab16e1d" evolution="Add" change="Consistent">
		<class nclones="4">
			<source file="../../workspace/dataset/test/test_read_format_rar.c.ifdefed" startline="422" endline="526" function="DEFINE_TEST" hash="-634553122039628821"></source>
			<source file="../../workspace/dataset/test/test_read_format_rar.c.ifdefed" startline="571" endline="675" function="DEFINE_TEST" hash="-6430192971850206728"></source>
			<source file="../../workspace/dataset/test/test_read_format_rar.c.ifdefed" startline="1003" endline="1110" function="DEFINE_TEST" hash="8178492710978744946"></source>
			<source file="../../workspace/dataset/test/test_read_format_rar.c.ifdefed" startline="866" endline="1001" function="DEFINE_TEST" hash="-2577482925625549261"></source>
		</class>
	</version>
	<version nr="4120" hash="cab16e1d" evolution="Subtract" change="Consistent">
		<class nclones="3">
			<source file="../../workspace/dataset/test/test_read_format_rar.c.ifdefed" startline="531" endline="569" function="DEFINE_TEST" hash="-8154355082158996682"></source>
			<source file="../../workspace/dataset/test/test_read_format_rar.c.ifdefed" startline="680" endline="719" function="DEFINE_TEST" hash="-5019404797213644931"></source>
			<source file="../../workspace/dataset/test/test_archive_read_multiple_data_objects.c.ifdefed" startline="123" endline="169" function="test_large_splitted_file" hash="-1879463542919024284"></source>
		</class>
	</version>
	<version nr="4120" hash="cab16e1d" evolution="Subtract" change="Consistent">
		<class nclones="2">
			<source file="../../workspace/dataset/test/test_read_format_rar.c.ifdefed" startline="1194" endline="1237" function="DEFINE_TEST" hash="-5308602354601454993"></source>
			<source file="../../workspace/dataset/test/test_read_format_rar.c.ifdefed" startline="1239" endline="1274" function="DEFINE_TEST" hash="8842446203963963948"></source>
		</class>
	</version>
	<version nr="4130" hash="7ea3d03a" evolution="Add" change="Consistent">
		<class nclones="5">
			<source file="../../workspace/dataset/test/test_read_set_format.c.ifdefed" startline="29" endline="100" function="DEFINE_TEST" hash="2333526279395416625"></source>
			<source file="../../workspace/dataset/test/test_archive_read_multiple_data_objects.c.ifdefed" startline="42" endline="121" function="test_splitted_file" hash="-5642290133250822820"></source>
			<source file="../../workspace/dataset/test/test_read_format_rar.c.ifdefed" startline="31" endline="112" function="DEFINE_TEST" hash="-7455731038030152052"></source>
			<source file="../../workspace/dataset/test/test_read_format_rar.c.ifdefed" startline="1112" endline="1192" function="DEFINE_TEST" hash="5258517205543878417"></source>
			<source file="../../workspace/dataset/test/test_read_format_rar.c.ifdefed" startline="784" endline="864" function="DEFINE_TEST" hash="5688425904423569062"></source>
		</class>
	</version>
	<version nr="4130" hash="7ea3d03a" evolution="Subtract" change="Consistent">
		<class nclones="2">
			<source file="../../workspace/dataset/test/test_read_format_rar.c.ifdefed" startline="114" endline="147" function="DEFINE_TEST" hash="7347787519050389751"></source>
			<source file="../../workspace/dataset/test/test_read_format_rar.c.ifdefed" startline="149" endline="182" function="DEFINE_TEST" hash="-8326657658909896514"></source>
		</class>
	</version>
	<version nr="4130" hash="7ea3d03a" evolution="Add" change="Consistent">
		<class nclones="4">
			<source file="../../workspace/dataset/test/test_read_format_rar.c.ifdefed" startline="422" endline="526" function="DEFINE_TEST" hash="-634553122039628821"></source>
			<source file="../../workspace/dataset/test/test_read_format_rar.c.ifdefed" startline="571" endline="675" function="DEFINE_TEST" hash="-6430192971850206728"></source>
			<source file="../../workspace/dataset/test/test_read_format_rar.c.ifdefed" startline="1003" endline="1110" function="DEFINE_TEST" hash="8178492710978744946"></source>
			<source file="../../workspace/dataset/test/test_read_format_rar.c.ifdefed" startline="866" endline="1001" function="DEFINE_TEST" hash="-2577482925625549261"></source>
		</class>
	</version>
	<version nr="4130" hash="7ea3d03a" evolution="Subtract" change="Consistent">
		<class nclones="3">
			<source file="../../workspace/dataset/test/test_read_format_rar.c.ifdefed" startline="531" endline="569" function="DEFINE_TEST" hash="-8154355082158996682"></source>
			<source file="../../workspace/dataset/test/test_read_format_rar.c.ifdefed" startline="680" endline="719" function="DEFINE_TEST" hash="-5019404797213644931"></source>
			<source file="../../workspace/dataset/test/test_archive_read_multiple_data_objects.c.ifdefed" startline="123" endline="169" function="test_large_splitted_file" hash="-1879463542919024284"></source>
		</class>
	</version>
	<version nr="4130" hash="7ea3d03a" evolution="Subtract" change="Consistent">
		<class nclones="2">
			<source file="../../workspace/dataset/test/test_read_format_rar.c.ifdefed" startline="1194" endline="1237" function="DEFINE_TEST" hash="-5308602354601454993"></source>
			<source file="../../workspace/dataset/test/test_read_format_rar.c.ifdefed" startline="1239" endline="1274" function="DEFINE_TEST" hash="8842446203963963948"></source>
		</class>
	</version>
	<version nr="4140" hash="966bfb3f" evolution="Add" change="Consistent">
		<class nclones="5">
			<source file="../../workspace/dataset/test/test_read_set_format.c.ifdefed" startline="29" endline="100" function="DEFINE_TEST" hash="2333526279395416625"></source>
			<source file="../../workspace/dataset/test/test_read_format_rar.c.ifdefed" startline="31" endline="112" function="DEFINE_TEST" hash="-7455731038030152052"></source>
			<source file="../../workspace/dataset/test/test_archive_read_multiple_data_objects.c.ifdefed" startline="42" endline="121" function="test_splitted_file" hash="-5642290133250822820"></source>
			<source file="../../workspace/dataset/test/test_read_format_rar.c.ifdefed" startline="1112" endline="1192" function="DEFINE_TEST" hash="5258517205543878417"></source>
			<source file="../../workspace/dataset/test/test_read_format_rar.c.ifdefed" startline="784" endline="864" function="DEFINE_TEST" hash="5688425904423569062"></source>
		</class>
	</version>
	<version nr="4140" hash="966bfb3f" evolution="Subtract" change="Consistent">
		<class nclones="2">
			<source file="../../workspace/dataset/test/test_read_format_rar.c.ifdefed" startline="114" endline="147" function="DEFINE_TEST" hash="7347787519050389751"></source>
			<source file="../../workspace/dataset/test/test_read_format_rar.c.ifdefed" startline="149" endline="182" function="DEFINE_TEST" hash="-8326657658909896514"></source>
		</class>
	</version>
	<version nr="4140" hash="966bfb3f" evolution="Add" change="Consistent">
		<class nclones="4">
			<source file="../../workspace/dataset/test/test_read_format_rar.c.ifdefed" startline="422" endline="526" function="DEFINE_TEST" hash="-634553122039628821"></source>
			<source file="../../workspace/dataset/test/test_read_format_rar.c.ifdefed" startline="1003" endline="1110" function="DEFINE_TEST" hash="8178492710978744946"></source>
			<source file="../../workspace/dataset/test/test_read_format_rar.c.ifdefed" startline="571" endline="675" function="DEFINE_TEST" hash="-6430192971850206728"></source>
			<source file="../../workspace/dataset/test/test_read_format_rar.c.ifdefed" startline="866" endline="1001" function="DEFINE_TEST" hash="-2577482925625549261"></source>
		</class>
	</version>
	<version nr="4140" hash="966bfb3f" evolution="Subtract" change="Consistent">
		<class nclones="3">
			<source file="../../workspace/dataset/test/test_read_format_rar.c.ifdefed" startline="531" endline="569" function="DEFINE_TEST" hash="-8154355082158996682"></source>
			<source file="../../workspace/dataset/test/test_read_format_rar.c.ifdefed" startline="680" endline="719" function="DEFINE_TEST" hash="-5019404797213644931"></source>
			<source file="../../workspace/dataset/test/test_archive_read_multiple_data_objects.c.ifdefed" startline="123" endline="169" function="test_large_splitted_file" hash="-1879463542919024284"></source>
		</class>
	</version>
	<version nr="4140" hash="966bfb3f" evolution="Subtract" change="Consistent">
		<class nclones="2">
			<source file="../../workspace/dataset/test/test_read_format_rar.c.ifdefed" startline="1194" endline="1237" function="DEFINE_TEST" hash="-5308602354601454993"></source>
			<source file="../../workspace/dataset/test/test_read_format_rar.c.ifdefed" startline="1239" endline="1274" function="DEFINE_TEST" hash="8842446203963963948"></source>
		</class>
	</version>
	<version nr="4150" hash="851adb96" evolution="Add" change="Consistent">
		<class nclones="5">
			<source file="../../workspace/dataset/test/test_read_set_format.c.ifdefed" startline="29" endline="100" function="DEFINE_TEST" hash="2333526279395416625"></source>
			<source file="../../workspace/dataset/test/test_archive_read_multiple_data_objects.c.ifdefed" startline="42" endline="121" function="test_splitted_file" hash="-5642290133250822820"></source>
			<source file="../../workspace/dataset/test/test_read_format_rar.c.ifdefed" startline="31" endline="112" function="DEFINE_TEST" hash="-7455731038030152052"></source>
			<source file="../../workspace/dataset/test/test_read_format_rar.c.ifdefed" startline="784" endline="864" function="DEFINE_TEST" hash="5688425904423569062"></source>
			<source file="../../workspace/dataset/test/test_read_format_rar.c.ifdefed" startline="1112" endline="1192" function="DEFINE_TEST" hash="5258517205543878417"></source>
		</class>
	</version>
	<version nr="4150" hash="851adb96" evolution="Subtract" change="Consistent">
		<class nclones="2">
			<source file="../../workspace/dataset/test/test_read_format_rar.c.ifdefed" startline="114" endline="147" function="DEFINE_TEST" hash="7347787519050389751"></source>
			<source file="../../workspace/dataset/test/test_read_format_rar.c.ifdefed" startline="149" endline="182" function="DEFINE_TEST" hash="-8326657658909896514"></source>
		</class>
	</version>
	<version nr="4150" hash="851adb96" evolution="Add" change="Consistent">
		<class nclones="4">
			<source file="../../workspace/dataset/test/test_read_format_rar.c.ifdefed" startline="422" endline="526" function="DEFINE_TEST" hash="-634553122039628821"></source>
			<source file="../../workspace/dataset/test/test_read_format_rar.c.ifdefed" startline="1003" endline="1110" function="DEFINE_TEST" hash="8178492710978744946"></source>
			<source file="../../workspace/dataset/test/test_read_format_rar.c.ifdefed" startline="571" endline="675" function="DEFINE_TEST" hash="-6430192971850206728"></source>
			<source file="../../workspace/dataset/test/test_read_format_rar.c.ifdefed" startline="866" endline="1001" function="DEFINE_TEST" hash="-2577482925625549261"></source>
		</class>
	</version>
	<version nr="4150" hash="851adb96" evolution="Subtract" change="Consistent">
		<class nclones="3">
			<source file="../../workspace/dataset/test/test_read_format_rar.c.ifdefed" startline="531" endline="569" function="DEFINE_TEST" hash="-8154355082158996682"></source>
			<source file="../../workspace/dataset/test/test_archive_read_multiple_data_objects.c.ifdefed" startline="123" endline="169" function="test_large_splitted_file" hash="-1879463542919024284"></source>
			<source file="../../workspace/dataset/test/test_read_format_rar.c.ifdefed" startline="680" endline="719" function="DEFINE_TEST" hash="-5019404797213644931"></source>
		</class>
	</version>
	<version nr="4150" hash="851adb96" evolution="Subtract" change="Consistent">
		<class nclones="2">
			<source file="../../workspace/dataset/test/test_read_format_rar.c.ifdefed" startline="1194" endline="1237" function="DEFINE_TEST" hash="-5308602354601454993"></source>
			<source file="../../workspace/dataset/test/test_read_format_rar.c.ifdefed" startline="1239" endline="1274" function="DEFINE_TEST" hash="8842446203963963948"></source>
		</class>
	</version>
	<version nr="4160" hash="fad6b013" evolution="Add" change="Consistent">
		<class nclones="5">
			<source file="../../workspace/dataset/test/test_read_set_format.c.ifdefed" startline="29" endline="100" function="DEFINE_TEST" hash="2333526279395416625"></source>
			<source file="../../workspace/dataset/test/test_archive_read_multiple_data_objects.c.ifdefed" startline="42" endline="121" function="test_splitted_file" hash="-5642290133250822820"></source>
			<source file="../../workspace/dataset/test/test_read_format_rar.c.ifdefed" startline="31" endline="112" function="DEFINE_TEST" hash="-7455731038030152052"></source>
			<source file="../../workspace/dataset/test/test_read_format_rar.c.ifdefed" startline="784" endline="864" function="DEFINE_TEST" hash="5688425904423569062"></source>
			<source file="../../workspace/dataset/test/test_read_format_rar.c.ifdefed" startline="1112" endline="1192" function="DEFINE_TEST" hash="5258517205543878417"></source>
		</class>
	</version>
	<version nr="4160" hash="fad6b013" evolution="Subtract" change="Consistent">
		<class nclones="2">
			<source file="../../workspace/dataset/test/test_read_format_rar.c.ifdefed" startline="114" endline="147" function="DEFINE_TEST" hash="7347787519050389751"></source>
			<source file="../../workspace/dataset/test/test_read_format_rar.c.ifdefed" startline="149" endline="182" function="DEFINE_TEST" hash="-8326657658909896514"></source>
		</class>
	</version>
	<version nr="4160" hash="fad6b013" evolution="Add" change="Consistent">
		<class nclones="4">
			<source file="../../workspace/dataset/test/test_read_format_rar.c.ifdefed" startline="422" endline="526" function="DEFINE_TEST" hash="-634553122039628821"></source>
			<source file="../../workspace/dataset/test/test_read_format_rar.c.ifdefed" startline="1003" endline="1110" function="DEFINE_TEST" hash="8178492710978744946"></source>
			<source file="../../workspace/dataset/test/test_read_format_rar.c.ifdefed" startline="571" endline="675" function="DEFINE_TEST" hash="-6430192971850206728"></source>
			<source file="../../workspace/dataset/test/test_read_format_rar.c.ifdefed" startline="866" endline="1001" function="DEFINE_TEST" hash="-2577482925625549261"></source>
		</class>
	</version>
	<version nr="4160" hash="fad6b013" evolution="Subtract" change="Consistent">
		<class nclones="3">
			<source file="../../workspace/dataset/test/test_read_format_rar.c.ifdefed" startline="531" endline="569" function="DEFINE_TEST" hash="-8154355082158996682"></source>
			<source file="../../workspace/dataset/test/test_archive_read_multiple_data_objects.c.ifdefed" startline="123" endline="169" function="test_large_splitted_file" hash="-1879463542919024284"></source>
			<source file="../../workspace/dataset/test/test_read_format_rar.c.ifdefed" startline="680" endline="719" function="DEFINE_TEST" hash="-5019404797213644931"></source>
		</class>
	</version>
	<version nr="4160" hash="fad6b013" evolution="Subtract" change="Consistent">
		<class nclones="2">
			<source file="../../workspace/dataset/test/test_read_format_rar.c.ifdefed" startline="1194" endline="1237" function="DEFINE_TEST" hash="-5308602354601454993"></source>
			<source file="../../workspace/dataset/test/test_read_format_rar.c.ifdefed" startline="1239" endline="1274" function="DEFINE_TEST" hash="8842446203963963948"></source>
		</class>
	</version>
	<version nr="4170" hash="b5e6eb18" evolution="Add" change="Consistent">
		<class nclones="5">
			<source file="../../workspace/dataset/test/test_read_set_format.c.ifdefed" startline="29" endline="100" function="DEFINE_TEST" hash="2333526279395416625"></source>
			<source file="../../workspace/dataset/test/test_archive_read_multiple_data_objects.c.ifdefed" startline="42" endline="121" function="test_splitted_file" hash="-5642290133250822820"></source>
			<source file="../../workspace/dataset/test/test_read_format_rar.c.ifdefed" startline="31" endline="112" function="DEFINE_TEST" hash="-7455731038030152052"></source>
			<source file="../../workspace/dataset/test/test_read_format_rar.c.ifdefed" startline="784" endline="864" function="DEFINE_TEST" hash="5688425904423569062"></source>
			<source file="../../workspace/dataset/test/test_read_format_rar.c.ifdefed" startline="1112" endline="1192" function="DEFINE_TEST" hash="5258517205543878417"></source>
		</class>
	</version>
	<version nr="4170" hash="b5e6eb18" evolution="Subtract" change="Consistent">
		<class nclones="2">
			<source file="../../workspace/dataset/test/test_read_format_rar.c.ifdefed" startline="114" endline="147" function="DEFINE_TEST" hash="7347787519050389751"></source>
			<source file="../../workspace/dataset/test/test_read_format_rar.c.ifdefed" startline="149" endline="182" function="DEFINE_TEST" hash="-8326657658909896514"></source>
		</class>
	</version>
	<version nr="4170" hash="b5e6eb18" evolution="Add" change="Consistent">
		<class nclones="4">
			<source file="../../workspace/dataset/test/test_read_format_rar.c.ifdefed" startline="422" endline="526" function="DEFINE_TEST" hash="-634553122039628821"></source>
			<source file="../../workspace/dataset/test/test_read_format_rar.c.ifdefed" startline="571" endline="675" function="DEFINE_TEST" hash="-6430192971850206728"></source>
			<source file="../../workspace/dataset/test/test_read_format_rar.c.ifdefed" startline="1003" endline="1110" function="DEFINE_TEST" hash="8178492710978744946"></source>
			<source file="../../workspace/dataset/test/test_read_format_rar.c.ifdefed" startline="866" endline="1001" function="DEFINE_TEST" hash="-2577482925625549261"></source>
		</class>
	</version>
	<version nr="4170" hash="b5e6eb18" evolution="Subtract" change="Consistent">
		<class nclones="3">
			<source file="../../workspace/dataset/test/test_read_format_rar.c.ifdefed" startline="531" endline="569" function="DEFINE_TEST" hash="-8154355082158996682"></source>
			<source file="../../workspace/dataset/test/test_read_format_rar.c.ifdefed" startline="680" endline="719" function="DEFINE_TEST" hash="-5019404797213644931"></source>
			<source file="../../workspace/dataset/test/test_archive_read_multiple_data_objects.c.ifdefed" startline="123" endline="169" function="test_large_splitted_file" hash="-1879463542919024284"></source>
		</class>
	</version>
	<version nr="4170" hash="b5e6eb18" evolution="Subtract" change="Consistent">
		<class nclones="2">
			<source file="../../workspace/dataset/test/test_read_format_rar.c.ifdefed" startline="1194" endline="1237" function="DEFINE_TEST" hash="-5308602354601454993"></source>
			<source file="../../workspace/dataset/test/test_read_format_rar.c.ifdefed" startline="1239" endline="1274" function="DEFINE_TEST" hash="8842446203963963948"></source>
		</class>
	</version>
	<version nr="4180" hash="2c65d83f" evolution="Add" change="Consistent">
		<class nclones="5">
			<source file="../../workspace/dataset/test/test_read_set_format.c.ifdefed" startline="29" endline="100" function="DEFINE_TEST" hash="2333526279395416625"></source>
			<source file="../../workspace/dataset/test/test_archive_read_multiple_data_objects.c.ifdefed" startline="42" endline="121" function="test_splitted_file" hash="-5642290133250822820"></source>
			<source file="../../workspace/dataset/test/test_read_format_rar.c.ifdefed" startline="31" endline="112" function="DEFINE_TEST" hash="-7455731038030152052"></source>
			<source file="../../workspace/dataset/test/test_read_format_rar.c.ifdefed" startline="784" endline="864" function="DEFINE_TEST" hash="5688425904423569062"></source>
			<source file="../../workspace/dataset/test/test_read_format_rar.c.ifdefed" startline="1112" endline="1192" function="DEFINE_TEST" hash="5258517205543878417"></source>
		</class>
	</version>
	<version nr="4180" hash="2c65d83f" evolution="Subtract" change="Consistent">
		<class nclones="2">
			<source file="../../workspace/dataset/test/test_read_format_rar.c.ifdefed" startline="114" endline="147" function="DEFINE_TEST" hash="7347787519050389751"></source>
			<source file="../../workspace/dataset/test/test_read_format_rar.c.ifdefed" startline="149" endline="182" function="DEFINE_TEST" hash="-8326657658909896514"></source>
		</class>
	</version>
	<version nr="4180" hash="2c65d83f" evolution="Add" change="Consistent">
		<class nclones="4">
			<source file="../../workspace/dataset/test/test_read_format_rar.c.ifdefed" startline="422" endline="526" function="DEFINE_TEST" hash="-634553122039628821"></source>
			<source file="../../workspace/dataset/test/test_read_format_rar.c.ifdefed" startline="571" endline="675" function="DEFINE_TEST" hash="-6430192971850206728"></source>
			<source file="../../workspace/dataset/test/test_read_format_rar.c.ifdefed" startline="1003" endline="1110" function="DEFINE_TEST" hash="8178492710978744946"></source>
			<source file="../../workspace/dataset/test/test_read_format_rar.c.ifdefed" startline="866" endline="1001" function="DEFINE_TEST" hash="-2577482925625549261"></source>
		</class>
	</version>
	<version nr="4180" hash="2c65d83f" evolution="Subtract" change="Consistent">
		<class nclones="3">
			<source file="../../workspace/dataset/test/test_read_format_rar.c.ifdefed" startline="531" endline="569" function="DEFINE_TEST" hash="-8154355082158996682"></source>
			<source file="../../workspace/dataset/test/test_archive_read_multiple_data_objects.c.ifdefed" startline="123" endline="169" function="test_large_splitted_file" hash="-1879463542919024284"></source>
			<source file="../../workspace/dataset/test/test_read_format_rar.c.ifdefed" startline="680" endline="719" function="DEFINE_TEST" hash="-5019404797213644931"></source>
		</class>
	</version>
	<version nr="4180" hash="2c65d83f" evolution="Subtract" change="Consistent">
		<class nclones="2">
			<source file="../../workspace/dataset/test/test_read_format_rar.c.ifdefed" startline="1194" endline="1237" function="DEFINE_TEST" hash="-5308602354601454993"></source>
			<source file="../../workspace/dataset/test/test_read_format_rar.c.ifdefed" startline="1239" endline="1274" function="DEFINE_TEST" hash="8842446203963963948"></source>
		</class>
	</version>
	<version nr="4190" hash="7130b9d4" evolution="Add" change="Consistent">
		<class nclones="5">
			<source file="../../workspace/dataset/test/test_read_set_format.c.ifdefed" startline="29" endline="100" function="DEFINE_TEST" hash="2333526279395416625"></source>
			<source file="../../workspace/dataset/test/test_archive_read_multiple_data_objects.c.ifdefed" startline="42" endline="121" function="test_splitted_file" hash="-5642290133250822820"></source>
			<source file="../../workspace/dataset/test/test_read_format_rar.c.ifdefed" startline="31" endline="112" function="DEFINE_TEST" hash="-7455731038030152052"></source>
			<source file="../../workspace/dataset/test/test_read_format_rar.c.ifdefed" startline="784" endline="864" function="DEFINE_TEST" hash="5688425904423569062"></source>
			<source file="../../workspace/dataset/test/test_read_format_rar.c.ifdefed" startline="1112" endline="1192" function="DEFINE_TEST" hash="5258517205543878417"></source>
		</class>
	</version>
	<version nr="4190" hash="7130b9d4" evolution="Subtract" change="Consistent">
		<class nclones="2">
			<source file="../../workspace/dataset/test/test_read_format_rar.c.ifdefed" startline="114" endline="147" function="DEFINE_TEST" hash="7347787519050389751"></source>
			<source file="../../workspace/dataset/test/test_read_format_rar.c.ifdefed" startline="149" endline="182" function="DEFINE_TEST" hash="-8326657658909896514"></source>
		</class>
	</version>
	<version nr="4190" hash="7130b9d4" evolution="Add" change="Consistent">
		<class nclones="4">
			<source file="../../workspace/dataset/test/test_read_format_rar.c.ifdefed" startline="422" endline="526" function="DEFINE_TEST" hash="-634553122039628821"></source>
			<source file="../../workspace/dataset/test/test_read_format_rar.c.ifdefed" startline="571" endline="675" function="DEFINE_TEST" hash="-6430192971850206728"></source>
			<source file="../../workspace/dataset/test/test_read_format_rar.c.ifdefed" startline="1003" endline="1110" function="DEFINE_TEST" hash="8178492710978744946"></source>
			<source file="../../workspace/dataset/test/test_read_format_rar.c.ifdefed" startline="866" endline="1001" function="DEFINE_TEST" hash="-2577482925625549261"></source>
		</class>
	</version>
	<version nr="4190" hash="7130b9d4" evolution="Subtract" change="Consistent">
		<class nclones="3">
			<source file="../../workspace/dataset/test/test_read_format_rar.c.ifdefed" startline="531" endline="569" function="DEFINE_TEST" hash="-8154355082158996682"></source>
			<source file="../../workspace/dataset/test/test_read_format_rar.c.ifdefed" startline="680" endline="719" function="DEFINE_TEST" hash="-5019404797213644931"></source>
			<source file="../../workspace/dataset/test/test_archive_read_multiple_data_objects.c.ifdefed" startline="123" endline="169" function="test_large_splitted_file" hash="-1879463542919024284"></source>
		</class>
	</version>
	<version nr="4190" hash="7130b9d4" evolution="Subtract" change="Consistent">
		<class nclones="2">
			<source file="../../workspace/dataset/test/test_read_format_rar.c.ifdefed" startline="1194" endline="1237" function="DEFINE_TEST" hash="-5308602354601454993"></source>
			<source file="../../workspace/dataset/test/test_read_format_rar.c.ifdefed" startline="1239" endline="1274" function="DEFINE_TEST" hash="8842446203963963948"></source>
		</class>
	</version>
	<version nr="4200" hash="1f759ffd" evolution="Add" change="Consistent">
		<class nclones="5">
			<source file="../../workspace/dataset/test/test_read_set_format.c.ifdefed" startline="29" endline="100" function="DEFINE_TEST" hash="2333526279395416625"></source>
			<source file="../../workspace/dataset/test/test_archive_read_multiple_data_objects.c.ifdefed" startline="42" endline="121" function="test_splitted_file" hash="-5642290133250822820"></source>
			<source file="../../workspace/dataset/test/test_read_format_rar.c.ifdefed" startline="31" endline="112" function="DEFINE_TEST" hash="-7455731038030152052"></source>
			<source file="../../workspace/dataset/test/test_read_format_rar.c.ifdefed" startline="784" endline="864" function="DEFINE_TEST" hash="5688425904423569062"></source>
			<source file="../../workspace/dataset/test/test_read_format_rar.c.ifdefed" startline="1112" endline="1192" function="DEFINE_TEST" hash="5258517205543878417"></source>
		</class>
	</version>
	<version nr="4200" hash="1f759ffd" evolution="Subtract" change="Consistent">
		<class nclones="2">
			<source file="../../workspace/dataset/test/test_read_format_rar.c.ifdefed" startline="114" endline="147" function="DEFINE_TEST" hash="7347787519050389751"></source>
			<source file="../../workspace/dataset/test/test_read_format_rar.c.ifdefed" startline="149" endline="182" function="DEFINE_TEST" hash="-8326657658909896514"></source>
		</class>
	</version>
	<version nr="4200" hash="1f759ffd" evolution="Add" change="Consistent">
		<class nclones="4">
			<source file="../../workspace/dataset/test/test_read_format_rar.c.ifdefed" startline="422" endline="526" function="DEFINE_TEST" hash="-634553122039628821"></source>
			<source file="../../workspace/dataset/test/test_read_format_rar.c.ifdefed" startline="571" endline="675" function="DEFINE_TEST" hash="-6430192971850206728"></source>
			<source file="../../workspace/dataset/test/test_read_format_rar.c.ifdefed" startline="1003" endline="1110" function="DEFINE_TEST" hash="8178492710978744946"></source>
			<source file="../../workspace/dataset/test/test_read_format_rar.c.ifdefed" startline="866" endline="1001" function="DEFINE_TEST" hash="-2577482925625549261"></source>
		</class>
	</version>
	<version nr="4200" hash="1f759ffd" evolution="Subtract" change="Consistent">
		<class nclones="3">
			<source file="../../workspace/dataset/test/test_read_format_rar.c.ifdefed" startline="531" endline="569" function="DEFINE_TEST" hash="-8154355082158996682"></source>
			<source file="../../workspace/dataset/test/test_read_format_rar.c.ifdefed" startline="680" endline="719" function="DEFINE_TEST" hash="-5019404797213644931"></source>
			<source file="../../workspace/dataset/test/test_archive_read_multiple_data_objects.c.ifdefed" startline="123" endline="169" function="test_large_splitted_file" hash="-1879463542919024284"></source>
		</class>
	</version>
	<version nr="4200" hash="1f759ffd" evolution="Subtract" change="Consistent">
		<class nclones="2">
			<source file="../../workspace/dataset/test/test_read_format_rar.c.ifdefed" startline="1194" endline="1237" function="DEFINE_TEST" hash="-5308602354601454993"></source>
			<source file="../../workspace/dataset/test/test_read_format_rar.c.ifdefed" startline="1239" endline="1274" function="DEFINE_TEST" hash="8842446203963963948"></source>
		</class>
	</version>
	<version nr="4210" hash="9112ff6c" evolution="Add" change="Consistent">
		<class nclones="5">
			<source file="../../workspace/dataset/test/test_read_set_format.c.ifdefed" startline="29" endline="100" function="DEFINE_TEST" hash="2333526279395416625"></source>
			<source file="../../workspace/dataset/test/test_archive_read_multiple_data_objects.c.ifdefed" startline="42" endline="121" function="test_splitted_file" hash="-5642290133250822820"></source>
			<source file="../../workspace/dataset/test/test_read_format_rar.c.ifdefed" startline="31" endline="112" function="DEFINE_TEST" hash="-7455731038030152052"></source>
			<source file="../../workspace/dataset/test/test_read_format_rar.c.ifdefed" startline="1112" endline="1192" function="DEFINE_TEST" hash="5258517205543878417"></source>
			<source file="../../workspace/dataset/test/test_read_format_rar.c.ifdefed" startline="784" endline="864" function="DEFINE_TEST" hash="5688425904423569062"></source>
		</class>
	</version>
	<version nr="4210" hash="9112ff6c" evolution="Subtract" change="Consistent">
		<class nclones="2">
			<source file="../../workspace/dataset/test/test_read_format_rar.c.ifdefed" startline="114" endline="147" function="DEFINE_TEST" hash="7347787519050389751"></source>
			<source file="../../workspace/dataset/test/test_read_format_rar.c.ifdefed" startline="149" endline="182" function="DEFINE_TEST" hash="-8326657658909896514"></source>
		</class>
	</version>
	<version nr="4210" hash="9112ff6c" evolution="Add" change="Consistent">
		<class nclones="4">
			<source file="../../workspace/dataset/test/test_read_format_rar.c.ifdefed" startline="422" endline="526" function="DEFINE_TEST" hash="-634553122039628821"></source>
			<source file="../../workspace/dataset/test/test_read_format_rar.c.ifdefed" startline="571" endline="675" function="DEFINE_TEST" hash="-6430192971850206728"></source>
			<source file="../../workspace/dataset/test/test_read_format_rar.c.ifdefed" startline="1003" endline="1110" function="DEFINE_TEST" hash="8178492710978744946"></source>
			<source file="../../workspace/dataset/test/test_read_format_rar.c.ifdefed" startline="866" endline="1001" function="DEFINE_TEST" hash="-2577482925625549261"></source>
		</class>
	</version>
	<version nr="4210" hash="9112ff6c" evolution="Subtract" change="Consistent">
		<class nclones="3">
			<source file="../../workspace/dataset/test/test_read_format_rar.c.ifdefed" startline="531" endline="569" function="DEFINE_TEST" hash="-8154355082158996682"></source>
			<source file="../../workspace/dataset/test/test_read_format_rar.c.ifdefed" startline="680" endline="719" function="DEFINE_TEST" hash="-5019404797213644931"></source>
			<source file="../../workspace/dataset/test/test_archive_read_multiple_data_objects.c.ifdefed" startline="123" endline="169" function="test_large_splitted_file" hash="-1879463542919024284"></source>
		</class>
	</version>
	<version nr="4210" hash="9112ff6c" evolution="Subtract" change="Consistent">
		<class nclones="2">
			<source file="../../workspace/dataset/test/test_read_format_rar.c.ifdefed" startline="1194" endline="1237" function="DEFINE_TEST" hash="-5308602354601454993"></source>
			<source file="../../workspace/dataset/test/test_read_format_rar.c.ifdefed" startline="1239" endline="1274" function="DEFINE_TEST" hash="8842446203963963948"></source>
		</class>
	</version>
	<version nr="4220" hash="b9d2dd51" evolution="Add" change="Consistent">
		<class nclones="5">
			<source file="../../workspace/dataset/test/test_read_set_format.c.ifdefed" startline="29" endline="100" function="DEFINE_TEST" hash="2333526279395416625"></source>
			<source file="../../workspace/dataset/test/test_read_format_rar.c.ifdefed" startline="31" endline="112" function="DEFINE_TEST" hash="-7455731038030152052"></source>
			<source file="../../workspace/dataset/test/test_archive_read_multiple_data_objects.c.ifdefed" startline="42" endline="121" function="test_splitted_file" hash="-5642290133250822820"></source>
			<source file="../../workspace/dataset/test/test_read_format_rar.c.ifdefed" startline="784" endline="864" function="DEFINE_TEST" hash="5688425904423569062"></source>
			<source file="../../workspace/dataset/test/test_read_format_rar.c.ifdefed" startline="1112" endline="1192" function="DEFINE_TEST" hash="5258517205543878417"></source>
		</class>
	</version>
	<version nr="4220" hash="b9d2dd51" evolution="Subtract" change="Consistent">
		<class nclones="2">
			<source file="../../workspace/dataset/test/test_read_format_rar.c.ifdefed" startline="114" endline="147" function="DEFINE_TEST" hash="7347787519050389751"></source>
			<source file="../../workspace/dataset/test/test_read_format_rar.c.ifdefed" startline="149" endline="182" function="DEFINE_TEST" hash="-8326657658909896514"></source>
		</class>
	</version>
	<version nr="4220" hash="b9d2dd51" evolution="Add" change="Consistent">
		<class nclones="4">
			<source file="../../workspace/dataset/test/test_read_format_rar.c.ifdefed" startline="422" endline="526" function="DEFINE_TEST" hash="-634553122039628821"></source>
			<source file="../../workspace/dataset/test/test_read_format_rar.c.ifdefed" startline="571" endline="675" function="DEFINE_TEST" hash="-6430192971850206728"></source>
			<source file="../../workspace/dataset/test/test_read_format_rar.c.ifdefed" startline="1003" endline="1110" function="DEFINE_TEST" hash="8178492710978744946"></source>
			<source file="../../workspace/dataset/test/test_read_format_rar.c.ifdefed" startline="866" endline="1001" function="DEFINE_TEST" hash="-2577482925625549261"></source>
		</class>
	</version>
	<version nr="4220" hash="b9d2dd51" evolution="Subtract" change="Consistent">
		<class nclones="3">
			<source file="../../workspace/dataset/test/test_read_format_rar.c.ifdefed" startline="531" endline="569" function="DEFINE_TEST" hash="-8154355082158996682"></source>
			<source file="../../workspace/dataset/test/test_archive_read_multiple_data_objects.c.ifdefed" startline="123" endline="169" function="test_large_splitted_file" hash="-1879463542919024284"></source>
			<source file="../../workspace/dataset/test/test_read_format_rar.c.ifdefed" startline="680" endline="719" function="DEFINE_TEST" hash="-5019404797213644931"></source>
		</class>
	</version>
	<version nr="4220" hash="b9d2dd51" evolution="Subtract" change="Consistent">
		<class nclones="2">
			<source file="../../workspace/dataset/test/test_read_format_rar.c.ifdefed" startline="1194" endline="1237" function="DEFINE_TEST" hash="-5308602354601454993"></source>
			<source file="../../workspace/dataset/test/test_read_format_rar.c.ifdefed" startline="1239" endline="1274" function="DEFINE_TEST" hash="8842446203963963948"></source>
		</class>
	</version>
	<version nr="4230" hash="64e68f20" evolution="Add" change="Consistent">
		<class nclones="5">
			<source file="../../workspace/dataset/test/test_read_set_format.c.ifdefed" startline="29" endline="100" function="DEFINE_TEST" hash="2333526279395416625"></source>
			<source file="../../workspace/dataset/test/test_read_format_rar.c.ifdefed" startline="31" endline="112" function="DEFINE_TEST" hash="-7455731038030152052"></source>
			<source file="../../workspace/dataset/test/test_archive_read_multiple_data_objects.c.ifdefed" startline="42" endline="121" function="test_splitted_file" hash="-5642290133250822820"></source>
			<source file="../../workspace/dataset/test/test_read_format_rar.c.ifdefed" startline="1112" endline="1192" function="DEFINE_TEST" hash="5258517205543878417"></source>
			<source file="../../workspace/dataset/test/test_read_format_rar.c.ifdefed" startline="784" endline="864" function="DEFINE_TEST" hash="5688425904423569062"></source>
		</class>
	</version>
	<version nr="4230" hash="64e68f20" evolution="Subtract" change="Consistent">
		<class nclones="2">
			<source file="../../workspace/dataset/test/test_read_format_rar.c.ifdefed" startline="114" endline="147" function="DEFINE_TEST" hash="7347787519050389751"></source>
			<source file="../../workspace/dataset/test/test_read_format_rar.c.ifdefed" startline="149" endline="182" function="DEFINE_TEST" hash="-8326657658909896514"></source>
		</class>
	</version>
	<version nr="4230" hash="64e68f20" evolution="Add" change="Consistent">
		<class nclones="4">
			<source file="../../workspace/dataset/test/test_read_format_rar.c.ifdefed" startline="422" endline="526" function="DEFINE_TEST" hash="-634553122039628821"></source>
			<source file="../../workspace/dataset/test/test_read_format_rar.c.ifdefed" startline="1003" endline="1110" function="DEFINE_TEST" hash="8178492710978744946"></source>
			<source file="../../workspace/dataset/test/test_read_format_rar.c.ifdefed" startline="571" endline="675" function="DEFINE_TEST" hash="-6430192971850206728"></source>
			<source file="../../workspace/dataset/test/test_read_format_rar.c.ifdefed" startline="866" endline="1001" function="DEFINE_TEST" hash="-2577482925625549261"></source>
		</class>
	</version>
	<version nr="4230" hash="64e68f20" evolution="Subtract" change="Consistent">
		<class nclones="3">
			<source file="../../workspace/dataset/test/test_read_format_rar.c.ifdefed" startline="531" endline="569" function="DEFINE_TEST" hash="-8154355082158996682"></source>
			<source file="../../workspace/dataset/test/test_read_format_rar.c.ifdefed" startline="680" endline="719" function="DEFINE_TEST" hash="-5019404797213644931"></source>
			<source file="../../workspace/dataset/test/test_archive_read_multiple_data_objects.c.ifdefed" startline="123" endline="169" function="test_large_splitted_file" hash="-1879463542919024284"></source>
		</class>
	</version>
	<version nr="4230" hash="64e68f20" evolution="Subtract" change="Consistent">
		<class nclones="2">
			<source file="../../workspace/dataset/test/test_read_format_rar.c.ifdefed" startline="1194" endline="1237" function="DEFINE_TEST" hash="-5308602354601454993"></source>
			<source file="../../workspace/dataset/test/test_read_format_rar.c.ifdefed" startline="1239" endline="1274" function="DEFINE_TEST" hash="8842446203963963948"></source>
		</class>
	</version>
	<version nr="4240" hash="d91ef581" evolution="Add" change="Consistent">
		<class nclones="5">
			<source file="../../workspace/dataset/test/test_read_set_format.c.ifdefed" startline="29" endline="100" function="DEFINE_TEST" hash="2333526279395416625"></source>
			<source file="../../workspace/dataset/test/test_archive_read_multiple_data_objects.c.ifdefed" startline="42" endline="121" function="test_splitted_file" hash="-5642290133250822820"></source>
			<source file="../../workspace/dataset/test/test_read_format_rar.c.ifdefed" startline="47" endline="128" function="DEFINE_TEST" hash="-7455731038030152052"></source>
			<source file="../../workspace/dataset/test/test_read_format_rar.c.ifdefed" startline="1128" endline="1208" function="DEFINE_TEST" hash="5258517205543878417"></source>
			<source file="../../workspace/dataset/test/test_read_format_rar.c.ifdefed" startline="800" endline="880" function="DEFINE_TEST" hash="5688425904423569062"></source>
		</class>
	</version>
	<version nr="4240" hash="d91ef581" evolution="Subtract" change="Consistent">
		<class nclones="2">
			<source file="../../workspace/dataset/test/test_read_format_rar.c.ifdefed" startline="130" endline="163" function="DEFINE_TEST" hash="7347787519050389751"></source>
			<source file="../../workspace/dataset/test/test_read_format_rar.c.ifdefed" startline="165" endline="198" function="DEFINE_TEST" hash="-8326657658909896514"></source>
		</class>
	</version>
	<version nr="4240" hash="d91ef581" evolution="Add" change="Consistent">
		<class nclones="4">
			<source file="../../workspace/dataset/test/test_read_format_rar.c.ifdefed" startline="438" endline="542" function="DEFINE_TEST" hash="-634553122039628821"></source>
			<source file="../../workspace/dataset/test/test_read_format_rar.c.ifdefed" startline="587" endline="691" function="DEFINE_TEST" hash="-6430192971850206728"></source>
			<source file="../../workspace/dataset/test/test_read_format_rar.c.ifdefed" startline="1019" endline="1126" function="DEFINE_TEST" hash="8178492710978744946"></source>
			<source file="../../workspace/dataset/test/test_read_format_rar.c.ifdefed" startline="882" endline="1017" function="DEFINE_TEST" hash="-2577482925625549261"></source>
		</class>
	</version>
	<version nr="4240" hash="d91ef581" evolution="Subtract" change="Consistent">
		<class nclones="3">
			<source file="../../workspace/dataset/test/test_read_format_rar.c.ifdefed" startline="547" endline="585" function="DEFINE_TEST" hash="-8154355082158996682"></source>
			<source file="../../workspace/dataset/test/test_read_format_rar.c.ifdefed" startline="696" endline="735" function="DEFINE_TEST" hash="-5019404797213644931"></source>
			<source file="../../workspace/dataset/test/test_archive_read_multiple_data_objects.c.ifdefed" startline="123" endline="169" function="test_large_splitted_file" hash="-1879463542919024284"></source>
		</class>
	</version>
	<version nr="4240" hash="d91ef581" evolution="Subtract" change="Consistent">
		<class nclones="2">
			<source file="../../workspace/dataset/test/test_read_format_rar.c.ifdefed" startline="1210" endline="1253" function="DEFINE_TEST" hash="-5308602354601454993"></source>
			<source file="../../workspace/dataset/test/test_read_format_rar.c.ifdefed" startline="1255" endline="1290" function="DEFINE_TEST" hash="8842446203963963948"></source>
		</class>
	</version>
	<version nr="4250" hash="9d9fb860" evolution="Add" change="Consistent">
		<class nclones="5">
			<source file="../../workspace/dataset/test/test_read_set_format.c.ifdefed" startline="29" endline="100" function="DEFINE_TEST" hash="2333526279395416625"></source>
			<source file="../../workspace/dataset/test/test_archive_read_multiple_data_objects.c.ifdefed" startline="42" endline="121" function="test_splitted_file" hash="-5642290133250822820"></source>
			<source file="../../workspace/dataset/test/test_read_format_rar.c.ifdefed" startline="47" endline="128" function="DEFINE_TEST" hash="-7455731038030152052"></source>
			<source file="../../workspace/dataset/test/test_read_format_rar.c.ifdefed" startline="800" endline="880" function="DEFINE_TEST" hash="5688425904423569062"></source>
			<source file="../../workspace/dataset/test/test_read_format_rar.c.ifdefed" startline="1128" endline="1208" function="DEFINE_TEST" hash="5258517205543878417"></source>
		</class>
	</version>
	<version nr="4250" hash="9d9fb860" evolution="Subtract" change="Consistent">
		<class nclones="2">
			<source file="../../workspace/dataset/test/test_read_format_rar.c.ifdefed" startline="130" endline="163" function="DEFINE_TEST" hash="7347787519050389751"></source>
			<source file="../../workspace/dataset/test/test_read_format_rar.c.ifdefed" startline="165" endline="198" function="DEFINE_TEST" hash="-8326657658909896514"></source>
		</class>
	</version>
	<version nr="4250" hash="9d9fb860" evolution="Add" change="Consistent">
		<class nclones="4">
			<source file="../../workspace/dataset/test/test_read_format_rar.c.ifdefed" startline="438" endline="542" function="DEFINE_TEST" hash="-634553122039628821"></source>
			<source file="../../workspace/dataset/test/test_read_format_rar.c.ifdefed" startline="1019" endline="1126" function="DEFINE_TEST" hash="8178492710978744946"></source>
			<source file="../../workspace/dataset/test/test_read_format_rar.c.ifdefed" startline="587" endline="691" function="DEFINE_TEST" hash="-6430192971850206728"></source>
			<source file="../../workspace/dataset/test/test_read_format_rar.c.ifdefed" startline="882" endline="1017" function="DEFINE_TEST" hash="-2577482925625549261"></source>
		</class>
	</version>
	<version nr="4250" hash="9d9fb860" evolution="Subtract" change="Consistent">
		<class nclones="3">
			<source file="../../workspace/dataset/test/test_read_format_rar.c.ifdefed" startline="547" endline="585" function="DEFINE_TEST" hash="-8154355082158996682"></source>
			<source file="../../workspace/dataset/test/test_archive_read_multiple_data_objects.c.ifdefed" startline="123" endline="169" function="test_large_splitted_file" hash="-1879463542919024284"></source>
			<source file="../../workspace/dataset/test/test_read_format_rar.c.ifdefed" startline="696" endline="735" function="DEFINE_TEST" hash="-5019404797213644931"></source>
		</class>
	</version>
	<version nr="4250" hash="9d9fb860" evolution="Subtract" change="Consistent">
		<class nclones="2">
			<source file="../../workspace/dataset/test/test_read_format_rar.c.ifdefed" startline="1210" endline="1253" function="DEFINE_TEST" hash="-5308602354601454993"></source>
			<source file="../../workspace/dataset/test/test_read_format_rar.c.ifdefed" startline="1255" endline="1290" function="DEFINE_TEST" hash="8842446203963963948"></source>
		</class>
	</version>
	<version nr="4260" hash="074152e6" evolution="Add" change="Consistent">
		<class nclones="5">
			<source file="../../workspace/dataset/test/test_read_set_format.c.ifdefed" startline="29" endline="100" function="DEFINE_TEST" hash="2333526279395416625"></source>
			<source file="../../workspace/dataset/test/test_archive_read_multiple_data_objects.c.ifdefed" startline="42" endline="121" function="test_splitted_file" hash="-5642290133250822820"></source>
			<source file="../../workspace/dataset/test/test_read_format_rar.c.ifdefed" startline="47" endline="128" function="DEFINE_TEST" hash="-7455731038030152052"></source>
			<source file="../../workspace/dataset/test/test_read_format_rar.c.ifdefed" startline="1128" endline="1208" function="DEFINE_TEST" hash="5258517205543878417"></source>
			<source file="../../workspace/dataset/test/test_read_format_rar.c.ifdefed" startline="800" endline="880" function="DEFINE_TEST" hash="5688425904423569062"></source>
		</class>
	</version>
	<version nr="4260" hash="074152e6" evolution="Subtract" change="Consistent">
		<class nclones="2">
			<source file="../../workspace/dataset/test/test_read_format_rar.c.ifdefed" startline="130" endline="163" function="DEFINE_TEST" hash="7347787519050389751"></source>
			<source file="../../workspace/dataset/test/test_read_format_rar.c.ifdefed" startline="165" endline="198" function="DEFINE_TEST" hash="-8326657658909896514"></source>
		</class>
	</version>
	<version nr="4260" hash="074152e6" evolution="Add" change="Consistent">
		<class nclones="4">
			<source file="../../workspace/dataset/test/test_read_format_rar.c.ifdefed" startline="438" endline="542" function="DEFINE_TEST" hash="-634553122039628821"></source>
			<source file="../../workspace/dataset/test/test_read_format_rar.c.ifdefed" startline="1019" endline="1126" function="DEFINE_TEST" hash="8178492710978744946"></source>
			<source file="../../workspace/dataset/test/test_read_format_rar.c.ifdefed" startline="587" endline="691" function="DEFINE_TEST" hash="-6430192971850206728"></source>
			<source file="../../workspace/dataset/test/test_read_format_rar.c.ifdefed" startline="882" endline="1017" function="DEFINE_TEST" hash="-2577482925625549261"></source>
		</class>
	</version>
	<version nr="4260" hash="074152e6" evolution="Subtract" change="Consistent">
		<class nclones="3">
			<source file="../../workspace/dataset/test/test_read_format_rar.c.ifdefed" startline="547" endline="585" function="DEFINE_TEST" hash="-8154355082158996682"></source>
			<source file="../../workspace/dataset/test/test_archive_read_multiple_data_objects.c.ifdefed" startline="123" endline="169" function="test_large_splitted_file" hash="-1879463542919024284"></source>
			<source file="../../workspace/dataset/test/test_read_format_rar.c.ifdefed" startline="696" endline="735" function="DEFINE_TEST" hash="-5019404797213644931"></source>
		</class>
	</version>
	<version nr="4260" hash="074152e6" evolution="Subtract" change="Consistent">
		<class nclones="2">
			<source file="../../workspace/dataset/test/test_read_format_rar.c.ifdefed" startline="1210" endline="1253" function="DEFINE_TEST" hash="-5308602354601454993"></source>
			<source file="../../workspace/dataset/test/test_read_format_rar.c.ifdefed" startline="1255" endline="1290" function="DEFINE_TEST" hash="8842446203963963948"></source>
		</class>
	</version>
	<version nr="4270" hash="9c900692" evolution="Add" change="Consistent">
		<class nclones="5">
			<source file="../../workspace/dataset/test/test_read_set_format.c.ifdefed" startline="29" endline="100" function="DEFINE_TEST" hash="2333526279395416625"></source>
			<source file="../../workspace/dataset/test/test_read_format_rar.c.ifdefed" startline="47" endline="128" function="DEFINE_TEST" hash="-7455731038030152052"></source>
			<source file="../../workspace/dataset/test/test_archive_read_multiple_data_objects.c.ifdefed" startline="42" endline="121" function="test_splitted_file" hash="-5642290133250822820"></source>
			<source file="../../workspace/dataset/test/test_read_format_rar.c.ifdefed" startline="800" endline="880" function="DEFINE_TEST" hash="5688425904423569062"></source>
			<source file="../../workspace/dataset/test/test_read_format_rar.c.ifdefed" startline="1128" endline="1208" function="DEFINE_TEST" hash="5258517205543878417"></source>
		</class>
	</version>
	<version nr="4270" hash="9c900692" evolution="Subtract" change="Consistent">
		<class nclones="2">
			<source file="../../workspace/dataset/test/test_read_format_rar.c.ifdefed" startline="130" endline="163" function="DEFINE_TEST" hash="7347787519050389751"></source>
			<source file="../../workspace/dataset/test/test_read_format_rar.c.ifdefed" startline="165" endline="198" function="DEFINE_TEST" hash="-8326657658909896514"></source>
		</class>
	</version>
	<version nr="4270" hash="9c900692" evolution="Add" change="Consistent">
		<class nclones="4">
			<source file="../../workspace/dataset/test/test_read_format_rar.c.ifdefed" startline="438" endline="542" function="DEFINE_TEST" hash="-634553122039628821"></source>
			<source file="../../workspace/dataset/test/test_read_format_rar.c.ifdefed" startline="587" endline="691" function="DEFINE_TEST" hash="-6430192971850206728"></source>
			<source file="../../workspace/dataset/test/test_read_format_rar.c.ifdefed" startline="1019" endline="1126" function="DEFINE_TEST" hash="8178492710978744946"></source>
			<source file="../../workspace/dataset/test/test_read_format_rar.c.ifdefed" startline="882" endline="1017" function="DEFINE_TEST" hash="-2577482925625549261"></source>
		</class>
	</version>
	<version nr="4270" hash="9c900692" evolution="Subtract" change="Consistent">
		<class nclones="3">
			<source file="../../workspace/dataset/test/test_read_format_rar.c.ifdefed" startline="547" endline="585" function="DEFINE_TEST" hash="-8154355082158996682"></source>
			<source file="../../workspace/dataset/test/test_read_format_rar.c.ifdefed" startline="696" endline="735" function="DEFINE_TEST" hash="-5019404797213644931"></source>
			<source file="../../workspace/dataset/test/test_archive_read_multiple_data_objects.c.ifdefed" startline="123" endline="169" function="test_large_splitted_file" hash="-1879463542919024284"></source>
		</class>
	</version>
	<version nr="4270" hash="9c900692" evolution="Subtract" change="Consistent">
		<class nclones="2">
			<source file="../../workspace/dataset/test/test_read_format_rar.c.ifdefed" startline="1210" endline="1253" function="DEFINE_TEST" hash="-5308602354601454993"></source>
			<source file="../../workspace/dataset/test/test_read_format_rar.c.ifdefed" startline="1255" endline="1290" function="DEFINE_TEST" hash="8842446203963963948"></source>
		</class>
	</version>
	<version nr="4280" hash="2bdae161" evolution="Add" change="Consistent">
		<class nclones="5">
			<source file="../../workspace/dataset/test/test_read_set_format.c.ifdefed" startline="29" endline="100" function="DEFINE_TEST" hash="2333526279395416625"></source>
			<source file="../../workspace/dataset/test/test_read_format_rar.c.ifdefed" startline="47" endline="128" function="DEFINE_TEST" hash="-7455731038030152052"></source>
			<source file="../../workspace/dataset/test/test_archive_read_multiple_data_objects.c.ifdefed" startline="42" endline="121" function="test_splitted_file" hash="-5642290133250822820"></source>
			<source file="../../workspace/dataset/test/test_read_format_rar.c.ifdefed" startline="800" endline="880" function="DEFINE_TEST" hash="5688425904423569062"></source>
			<source file="../../workspace/dataset/test/test_read_format_rar.c.ifdefed" startline="1128" endline="1208" function="DEFINE_TEST" hash="5258517205543878417"></source>
		</class>
	</version>
	<version nr="4280" hash="2bdae161" evolution="Subtract" change="Consistent">
		<class nclones="2">
			<source file="../../workspace/dataset/test/test_read_format_rar.c.ifdefed" startline="130" endline="163" function="DEFINE_TEST" hash="7347787519050389751"></source>
			<source file="../../workspace/dataset/test/test_read_format_rar.c.ifdefed" startline="165" endline="198" function="DEFINE_TEST" hash="-8326657658909896514"></source>
		</class>
	</version>
	<version nr="4280" hash="2bdae161" evolution="Add" change="Consistent">
		<class nclones="4">
			<source file="../../workspace/dataset/test/test_read_format_rar.c.ifdefed" startline="438" endline="542" function="DEFINE_TEST" hash="-634553122039628821"></source>
			<source file="../../workspace/dataset/test/test_read_format_rar.c.ifdefed" startline="1019" endline="1126" function="DEFINE_TEST" hash="8178492710978744946"></source>
			<source file="../../workspace/dataset/test/test_read_format_rar.c.ifdefed" startline="587" endline="691" function="DEFINE_TEST" hash="-6430192971850206728"></source>
			<source file="../../workspace/dataset/test/test_read_format_rar.c.ifdefed" startline="882" endline="1017" function="DEFINE_TEST" hash="-2577482925625549261"></source>
		</class>
	</version>
	<version nr="4280" hash="2bdae161" evolution="Subtract" change="Consistent">
		<class nclones="3">
			<source file="../../workspace/dataset/test/test_read_format_rar.c.ifdefed" startline="547" endline="585" function="DEFINE_TEST" hash="-8154355082158996682"></source>
			<source file="../../workspace/dataset/test/test_read_format_rar.c.ifdefed" startline="696" endline="735" function="DEFINE_TEST" hash="-5019404797213644931"></source>
			<source file="../../workspace/dataset/test/test_archive_read_multiple_data_objects.c.ifdefed" startline="123" endline="169" function="test_large_splitted_file" hash="-1879463542919024284"></source>
		</class>
	</version>
	<version nr="4280" hash="2bdae161" evolution="Subtract" change="Consistent">
		<class nclones="2">
			<source file="../../workspace/dataset/test/test_read_format_rar.c.ifdefed" startline="1210" endline="1253" function="DEFINE_TEST" hash="-5308602354601454993"></source>
			<source file="../../workspace/dataset/test/test_read_format_rar.c.ifdefed" startline="1255" endline="1290" function="DEFINE_TEST" hash="8842446203963963948"></source>
		</class>
	</version>
	<version nr="4290" hash="b6655592" evolution="Add" change="Consistent">
		<class nclones="5">
			<source file="../../workspace/dataset/test/test_read_set_format.c.ifdefed" startline="29" endline="100" function="DEFINE_TEST" hash="2333526279395416625"></source>
			<source file="../../workspace/dataset/test/test_archive_read_multiple_data_objects.c.ifdefed" startline="42" endline="121" function="test_splitted_file" hash="-5642290133250822820"></source>
			<source file="../../workspace/dataset/test/test_read_format_rar.c.ifdefed" startline="47" endline="128" function="DEFINE_TEST" hash="-7455731038030152052"></source>
			<source file="../../workspace/dataset/test/test_read_format_rar.c.ifdefed" startline="800" endline="880" function="DEFINE_TEST" hash="5688425904423569062"></source>
			<source file="../../workspace/dataset/test/test_read_format_rar.c.ifdefed" startline="1128" endline="1208" function="DEFINE_TEST" hash="5258517205543878417"></source>
		</class>
	</version>
	<version nr="4290" hash="b6655592" evolution="Subtract" change="Consistent">
		<class nclones="2">
			<source file="../../workspace/dataset/test/test_read_format_rar.c.ifdefed" startline="130" endline="163" function="DEFINE_TEST" hash="7347787519050389751"></source>
			<source file="../../workspace/dataset/test/test_read_format_rar.c.ifdefed" startline="165" endline="198" function="DEFINE_TEST" hash="-8326657658909896514"></source>
		</class>
	</version>
	<version nr="4290" hash="b6655592" evolution="Add" change="Consistent">
		<class nclones="4">
			<source file="../../workspace/dataset/test/test_read_format_rar.c.ifdefed" startline="438" endline="542" function="DEFINE_TEST" hash="-634553122039628821"></source>
			<source file="../../workspace/dataset/test/test_read_format_rar.c.ifdefed" startline="1019" endline="1126" function="DEFINE_TEST" hash="8178492710978744946"></source>
			<source file="../../workspace/dataset/test/test_read_format_rar.c.ifdefed" startline="587" endline="691" function="DEFINE_TEST" hash="-6430192971850206728"></source>
			<source file="../../workspace/dataset/test/test_read_format_rar.c.ifdefed" startline="882" endline="1017" function="DEFINE_TEST" hash="-2577482925625549261"></source>
		</class>
	</version>
	<version nr="4290" hash="b6655592" evolution="Subtract" change="Consistent">
		<class nclones="3">
			<source file="../../workspace/dataset/test/test_read_format_rar.c.ifdefed" startline="547" endline="585" function="DEFINE_TEST" hash="-8154355082158996682"></source>
			<source file="../../workspace/dataset/test/test_read_format_rar.c.ifdefed" startline="696" endline="735" function="DEFINE_TEST" hash="-5019404797213644931"></source>
			<source file="../../workspace/dataset/test/test_archive_read_multiple_data_objects.c.ifdefed" startline="123" endline="169" function="test_large_splitted_file" hash="-1879463542919024284"></source>
		</class>
	</version>
	<version nr="4290" hash="b6655592" evolution="Subtract" change="Consistent">
		<class nclones="2">
			<source file="../../workspace/dataset/test/test_read_format_rar.c.ifdefed" startline="1210" endline="1253" function="DEFINE_TEST" hash="-5308602354601454993"></source>
			<source file="../../workspace/dataset/test/test_read_format_rar.c.ifdefed" startline="1255" endline="1290" function="DEFINE_TEST" hash="8842446203963963948"></source>
		</class>
	</version>
	<version nr="4300" hash="a40dd3af" evolution="Add" change="Consistent">
		<class nclones="5">
			<source file="../../workspace/dataset/test/test_read_set_format.c.ifdefed" startline="29" endline="100" function="DEFINE_TEST" hash="2333526279395416625"></source>
			<source file="../../workspace/dataset/test/test_archive_read_multiple_data_objects.c.ifdefed" startline="42" endline="121" function="test_splitted_file" hash="-5642290133250822820"></source>
			<source file="../../workspace/dataset/test/test_read_format_rar.c.ifdefed" startline="47" endline="128" function="DEFINE_TEST" hash="-7455731038030152052"></source>
			<source file="../../workspace/dataset/test/test_read_format_rar.c.ifdefed" startline="800" endline="880" function="DEFINE_TEST" hash="5688425904423569062"></source>
			<source file="../../workspace/dataset/test/test_read_format_rar.c.ifdefed" startline="1128" endline="1208" function="DEFINE_TEST" hash="5258517205543878417"></source>
		</class>
	</version>
	<version nr="4300" hash="a40dd3af" evolution="Subtract" change="Consistent">
		<class nclones="2">
			<source file="../../workspace/dataset/test/test_read_format_rar.c.ifdefed" startline="130" endline="163" function="DEFINE_TEST" hash="7347787519050389751"></source>
			<source file="../../workspace/dataset/test/test_read_format_rar.c.ifdefed" startline="165" endline="198" function="DEFINE_TEST" hash="-8326657658909896514"></source>
		</class>
	</version>
	<version nr="4300" hash="a40dd3af" evolution="Add" change="Consistent">
		<class nclones="4">
			<source file="../../workspace/dataset/test/test_read_format_rar.c.ifdefed" startline="438" endline="542" function="DEFINE_TEST" hash="-634553122039628821"></source>
			<source file="../../workspace/dataset/test/test_read_format_rar.c.ifdefed" startline="1019" endline="1126" function="DEFINE_TEST" hash="8178492710978744946"></source>
			<source file="../../workspace/dataset/test/test_read_format_rar.c.ifdefed" startline="587" endline="691" function="DEFINE_TEST" hash="-6430192971850206728"></source>
			<source file="../../workspace/dataset/test/test_read_format_rar.c.ifdefed" startline="882" endline="1017" function="DEFINE_TEST" hash="-2577482925625549261"></source>
		</class>
	</version>
	<version nr="4300" hash="a40dd3af" evolution="Subtract" change="Consistent">
		<class nclones="3">
			<source file="../../workspace/dataset/test/test_read_format_rar.c.ifdefed" startline="547" endline="585" function="DEFINE_TEST" hash="-8154355082158996682"></source>
			<source file="../../workspace/dataset/test/test_read_format_rar.c.ifdefed" startline="696" endline="735" function="DEFINE_TEST" hash="-5019404797213644931"></source>
			<source file="../../workspace/dataset/test/test_archive_read_multiple_data_objects.c.ifdefed" startline="123" endline="169" function="test_large_splitted_file" hash="-1879463542919024284"></source>
		</class>
	</version>
	<version nr="4300" hash="a40dd3af" evolution="Subtract" change="Consistent">
		<class nclones="2">
			<source file="../../workspace/dataset/test/test_read_format_rar.c.ifdefed" startline="1210" endline="1253" function="DEFINE_TEST" hash="-5308602354601454993"></source>
			<source file="../../workspace/dataset/test/test_read_format_rar.c.ifdefed" startline="1255" endline="1290" function="DEFINE_TEST" hash="8842446203963963948"></source>
		</class>
	</version>
	<version nr="4310" hash="d6d3799d" evolution="Add" change="Consistent">
		<class nclones="5">
			<source file="../../workspace/dataset/test/test_read_set_format.c.ifdefed" startline="29" endline="100" function="DEFINE_TEST" hash="2333526279395416625"></source>
			<source file="../../workspace/dataset/test/test_read_format_rar.c.ifdefed" startline="47" endline="128" function="DEFINE_TEST" hash="-7455731038030152052"></source>
			<source file="../../workspace/dataset/test/test_archive_read_multiple_data_objects.c.ifdefed" startline="42" endline="121" function="test_splitted_file" hash="-5642290133250822820"></source>
			<source file="../../workspace/dataset/test/test_read_format_rar.c.ifdefed" startline="1128" endline="1208" function="DEFINE_TEST" hash="5258517205543878417"></source>
			<source file="../../workspace/dataset/test/test_read_format_rar.c.ifdefed" startline="800" endline="880" function="DEFINE_TEST" hash="5688425904423569062"></source>
		</class>
	</version>
	<version nr="4310" hash="d6d3799d" evolution="Subtract" change="Consistent">
		<class nclones="2">
			<source file="../../workspace/dataset/test/test_read_format_rar.c.ifdefed" startline="130" endline="163" function="DEFINE_TEST" hash="7347787519050389751"></source>
			<source file="../../workspace/dataset/test/test_read_format_rar.c.ifdefed" startline="165" endline="198" function="DEFINE_TEST" hash="-8326657658909896514"></source>
		</class>
	</version>
	<version nr="4310" hash="d6d3799d" evolution="Add" change="Consistent">
		<class nclones="4">
			<source file="../../workspace/dataset/test/test_read_format_rar.c.ifdefed" startline="438" endline="542" function="DEFINE_TEST" hash="-634553122039628821"></source>
			<source file="../../workspace/dataset/test/test_read_format_rar.c.ifdefed" startline="1019" endline="1126" function="DEFINE_TEST" hash="8178492710978744946"></source>
			<source file="../../workspace/dataset/test/test_read_format_rar.c.ifdefed" startline="587" endline="691" function="DEFINE_TEST" hash="-6430192971850206728"></source>
			<source file="../../workspace/dataset/test/test_read_format_rar.c.ifdefed" startline="882" endline="1017" function="DEFINE_TEST" hash="-2577482925625549261"></source>
		</class>
	</version>
	<version nr="4310" hash="d6d3799d" evolution="Subtract" change="Consistent">
		<class nclones="3">
			<source file="../../workspace/dataset/test/test_read_format_rar.c.ifdefed" startline="547" endline="585" function="DEFINE_TEST" hash="-8154355082158996682"></source>
			<source file="../../workspace/dataset/test/test_archive_read_multiple_data_objects.c.ifdefed" startline="123" endline="169" function="test_large_splitted_file" hash="-1879463542919024284"></source>
			<source file="../../workspace/dataset/test/test_read_format_rar.c.ifdefed" startline="696" endline="735" function="DEFINE_TEST" hash="-5019404797213644931"></source>
		</class>
	</version>
	<version nr="4310" hash="d6d3799d" evolution="Subtract" change="Consistent">
		<class nclones="2">
			<source file="../../workspace/dataset/test/test_read_format_rar.c.ifdefed" startline="1210" endline="1253" function="DEFINE_TEST" hash="-5308602354601454993"></source>
			<source file="../../workspace/dataset/test/test_read_format_rar.c.ifdefed" startline="1255" endline="1290" function="DEFINE_TEST" hash="8842446203963963948"></source>
		</class>
	</version>
	<version nr="4310" hash="d6d3799d" evolution="Same" change="Consistent">
		<class nclones="2">
			<source file="../../workspace/dataset/test/test_read_format_rar.c.ifdefed" startline="3760" endline="3784" function="DEFINE_TEST" hash="4302933968484556921"></source>
			<source file="../../workspace/dataset/test/test_read_format_rar.c.ifdefed" startline="3786" endline="3810" function="DEFINE_TEST" hash="538248458446177702"></source>
		</class>
	</version>
	<version nr="4320" hash="646f6201" evolution="Add" change="Consistent">
		<class nclones="5">
			<source file="../../workspace/dataset/test/test_read_set_format.c.ifdefed" startline="29" endline="100" function="DEFINE_TEST" hash="2333526279395416625"></source>
			<source file="../../workspace/dataset/test/test_read_format_rar.c.ifdefed" startline="47" endline="128" function="DEFINE_TEST" hash="-7455731038030152052"></source>
			<source file="../../workspace/dataset/test/test_archive_read_multiple_data_objects.c.ifdefed" startline="42" endline="121" function="test_splitted_file" hash="-5642290133250822820"></source>
			<source file="../../workspace/dataset/test/test_read_format_rar.c.ifdefed" startline="800" endline="880" function="DEFINE_TEST" hash="5688425904423569062"></source>
			<source file="../../workspace/dataset/test/test_read_format_rar.c.ifdefed" startline="1128" endline="1208" function="DEFINE_TEST" hash="5258517205543878417"></source>
		</class>
	</version>
	<version nr="4320" hash="646f6201" evolution="Subtract" change="Consistent">
		<class nclones="2">
			<source file="../../workspace/dataset/test/test_read_format_rar.c.ifdefed" startline="130" endline="163" function="DEFINE_TEST" hash="7347787519050389751"></source>
			<source file="../../workspace/dataset/test/test_read_format_rar.c.ifdefed" startline="165" endline="198" function="DEFINE_TEST" hash="-8326657658909896514"></source>
		</class>
	</version>
	<version nr="4320" hash="646f6201" evolution="Add" change="Consistent">
		<class nclones="4">
			<source file="../../workspace/dataset/test/test_read_format_rar.c.ifdefed" startline="438" endline="542" function="DEFINE_TEST" hash="-634553122039628821"></source>
			<source file="../../workspace/dataset/test/test_read_format_rar.c.ifdefed" startline="587" endline="691" function="DEFINE_TEST" hash="-6430192971850206728"></source>
			<source file="../../workspace/dataset/test/test_read_format_rar.c.ifdefed" startline="1019" endline="1126" function="DEFINE_TEST" hash="8178492710978744946"></source>
			<source file="../../workspace/dataset/test/test_read_format_rar.c.ifdefed" startline="882" endline="1017" function="DEFINE_TEST" hash="-2577482925625549261"></source>
		</class>
	</version>
	<version nr="4320" hash="646f6201" evolution="Subtract" change="Consistent">
		<class nclones="3">
			<source file="../../workspace/dataset/test/test_read_format_rar.c.ifdefed" startline="547" endline="585" function="DEFINE_TEST" hash="-8154355082158996682"></source>
			<source file="../../workspace/dataset/test/test_archive_read_multiple_data_objects.c.ifdefed" startline="123" endline="169" function="test_large_splitted_file" hash="-1879463542919024284"></source>
			<source file="../../workspace/dataset/test/test_read_format_rar.c.ifdefed" startline="696" endline="735" function="DEFINE_TEST" hash="-5019404797213644931"></source>
		</class>
	</version>
	<version nr="4320" hash="646f6201" evolution="Subtract" change="Consistent">
		<class nclones="2">
			<source file="../../workspace/dataset/test/test_read_format_rar.c.ifdefed" startline="1210" endline="1253" function="DEFINE_TEST" hash="-5308602354601454993"></source>
			<source file="../../workspace/dataset/test/test_read_format_rar.c.ifdefed" startline="1255" endline="1290" function="DEFINE_TEST" hash="8842446203963963948"></source>
		</class>
	</version>
	<version nr="4320" hash="646f6201" evolution="Same" change="Consistent">
		<class nclones="2">
			<source file="../../workspace/dataset/test/test_read_format_rar.c.ifdefed" startline="3760" endline="3784" function="DEFINE_TEST" hash="4302933968484556921"></source>
			<source file="../../workspace/dataset/test/test_read_format_rar.c.ifdefed" startline="3786" endline="3810" function="DEFINE_TEST" hash="538248458446177702"></source>
		</class>
	</version>
	<version nr="4330" hash="aa11d991" evolution="Add" change="Consistent">
		<class nclones="5">
			<source file="../../workspace/dataset/test/test_read_set_format.c.ifdefed" startline="29" endline="100" function="DEFINE_TEST" hash="2333526279395416625"></source>
			<source file="../../workspace/dataset/test/test_archive_read_multiple_data_objects.c.ifdefed" startline="42" endline="121" function="test_splitted_file" hash="-5642290133250822820"></source>
			<source file="../../workspace/dataset/test/test_read_format_rar.c.ifdefed" startline="47" endline="128" function="DEFINE_TEST" hash="-7455731038030152052"></source>
			<source file="../../workspace/dataset/test/test_read_format_rar.c.ifdefed" startline="1128" endline="1208" function="DEFINE_TEST" hash="5258517205543878417"></source>
			<source file="../../workspace/dataset/test/test_read_format_rar.c.ifdefed" startline="800" endline="880" function="DEFINE_TEST" hash="5688425904423569062"></source>
		</class>
	</version>
	<version nr="4330" hash="aa11d991" evolution="Subtract" change="Consistent">
		<class nclones="2">
			<source file="../../workspace/dataset/test/test_read_format_rar.c.ifdefed" startline="130" endline="163" function="DEFINE_TEST" hash="7347787519050389751"></source>
			<source file="../../workspace/dataset/test/test_read_format_rar.c.ifdefed" startline="165" endline="198" function="DEFINE_TEST" hash="-8326657658909896514"></source>
		</class>
	</version>
	<version nr="4330" hash="aa11d991" evolution="Add" change="Consistent">
		<class nclones="4">
			<source file="../../workspace/dataset/test/test_read_format_rar.c.ifdefed" startline="438" endline="542" function="DEFINE_TEST" hash="-634553122039628821"></source>
			<source file="../../workspace/dataset/test/test_read_format_rar.c.ifdefed" startline="1019" endline="1126" function="DEFINE_TEST" hash="8178492710978744946"></source>
			<source file="../../workspace/dataset/test/test_read_format_rar.c.ifdefed" startline="587" endline="691" function="DEFINE_TEST" hash="-6430192971850206728"></source>
			<source file="../../workspace/dataset/test/test_read_format_rar.c.ifdefed" startline="882" endline="1017" function="DEFINE_TEST" hash="-2577482925625549261"></source>
		</class>
	</version>
	<version nr="4330" hash="aa11d991" evolution="Subtract" change="Consistent">
		<class nclones="3">
			<source file="../../workspace/dataset/test/test_read_format_rar.c.ifdefed" startline="547" endline="585" function="DEFINE_TEST" hash="-8154355082158996682"></source>
			<source file="../../workspace/dataset/test/test_archive_read_multiple_data_objects.c.ifdefed" startline="123" endline="169" function="test_large_splitted_file" hash="-1879463542919024284"></source>
			<source file="../../workspace/dataset/test/test_read_format_rar.c.ifdefed" startline="696" endline="735" function="DEFINE_TEST" hash="-5019404797213644931"></source>
		</class>
	</version>
	<version nr="4330" hash="aa11d991" evolution="Subtract" change="Consistent">
		<class nclones="2">
			<source file="../../workspace/dataset/test/test_read_format_rar.c.ifdefed" startline="1210" endline="1253" function="DEFINE_TEST" hash="-5308602354601454993"></source>
			<source file="../../workspace/dataset/test/test_read_format_rar.c.ifdefed" startline="1255" endline="1290" function="DEFINE_TEST" hash="8842446203963963948"></source>
		</class>
	</version>
	<version nr="4330" hash="aa11d991" evolution="Same" change="Consistent">
		<class nclones="2">
			<source file="../../workspace/dataset/test/test_read_format_rar.c.ifdefed" startline="3760" endline="3784" function="DEFINE_TEST" hash="4302933968484556921"></source>
			<source file="../../workspace/dataset/test/test_read_format_rar.c.ifdefed" startline="3786" endline="3810" function="DEFINE_TEST" hash="538248458446177702"></source>
		</class>
	</version>
	<version nr="4340" hash="22b1db9d" evolution="Add" change="Consistent">
		<class nclones="5">
			<source file="../../workspace/dataset/test/test_read_set_format.c.ifdefed" startline="29" endline="100" function="DEFINE_TEST" hash="2333526279395416625"></source>
			<source file="../../workspace/dataset/test/test_read_format_rar.c.ifdefed" startline="47" endline="128" function="DEFINE_TEST" hash="-7455731038030152052"></source>
			<source file="../../workspace/dataset/test/test_archive_read_multiple_data_objects.c.ifdefed" startline="42" endline="121" function="test_splitted_file" hash="-5642290133250822820"></source>
			<source file="../../workspace/dataset/test/test_read_format_rar.c.ifdefed" startline="800" endline="880" function="DEFINE_TEST" hash="5688425904423569062"></source>
			<source file="../../workspace/dataset/test/test_read_format_rar.c.ifdefed" startline="1128" endline="1208" function="DEFINE_TEST" hash="5258517205543878417"></source>
		</class>
	</version>
	<version nr="4340" hash="22b1db9d" evolution="Subtract" change="Consistent">
		<class nclones="2">
			<source file="../../workspace/dataset/test/test_read_format_rar.c.ifdefed" startline="130" endline="163" function="DEFINE_TEST" hash="7347787519050389751"></source>
			<source file="../../workspace/dataset/test/test_read_format_rar.c.ifdefed" startline="165" endline="198" function="DEFINE_TEST" hash="-8326657658909896514"></source>
		</class>
	</version>
	<version nr="4340" hash="22b1db9d" evolution="Add" change="Consistent">
		<class nclones="4">
			<source file="../../workspace/dataset/test/test_read_format_rar.c.ifdefed" startline="438" endline="542" function="DEFINE_TEST" hash="-634553122039628821"></source>
			<source file="../../workspace/dataset/test/test_read_format_rar.c.ifdefed" startline="1019" endline="1126" function="DEFINE_TEST" hash="8178492710978744946"></source>
			<source file="../../workspace/dataset/test/test_read_format_rar.c.ifdefed" startline="587" endline="691" function="DEFINE_TEST" hash="-6430192971850206728"></source>
			<source file="../../workspace/dataset/test/test_read_format_rar.c.ifdefed" startline="882" endline="1017" function="DEFINE_TEST" hash="-2577482925625549261"></source>
		</class>
	</version>
	<version nr="4340" hash="22b1db9d" evolution="Subtract" change="Consistent">
		<class nclones="3">
			<source file="../../workspace/dataset/test/test_read_format_rar.c.ifdefed" startline="547" endline="585" function="DEFINE_TEST" hash="-8154355082158996682"></source>
			<source file="../../workspace/dataset/test/test_archive_read_multiple_data_objects.c.ifdefed" startline="123" endline="169" function="test_large_splitted_file" hash="-1879463542919024284"></source>
			<source file="../../workspace/dataset/test/test_read_format_rar.c.ifdefed" startline="696" endline="735" function="DEFINE_TEST" hash="-5019404797213644931"></source>
		</class>
	</version>
	<version nr="4340" hash="22b1db9d" evolution="Subtract" change="Consistent">
		<class nclones="2">
			<source file="../../workspace/dataset/test/test_read_format_rar.c.ifdefed" startline="1210" endline="1253" function="DEFINE_TEST" hash="-5308602354601454993"></source>
			<source file="../../workspace/dataset/test/test_read_format_rar.c.ifdefed" startline="1255" endline="1290" function="DEFINE_TEST" hash="8842446203963963948"></source>
		</class>
	</version>
	<version nr="4340" hash="22b1db9d" evolution="Same" change="Consistent">
		<class nclones="2">
			<source file="../../workspace/dataset/test/test_read_format_rar.c.ifdefed" startline="3760" endline="3784" function="DEFINE_TEST" hash="4302933968484556921"></source>
			<source file="../../workspace/dataset/test/test_read_format_rar.c.ifdefed" startline="3786" endline="3810" function="DEFINE_TEST" hash="538248458446177702"></source>
		</class>
	</version>
	<version nr="4350" hash="6f4fceb7" evolution="Add" change="Consistent">
		<class nclones="5">
			<source file="../../workspace/dataset/test/test_read_set_format.c.ifdefed" startline="29" endline="100" function="DEFINE_TEST" hash="2333526279395416625"></source>
			<source file="../../workspace/dataset/test/test_read_format_rar.c.ifdefed" startline="47" endline="128" function="DEFINE_TEST" hash="-7455731038030152052"></source>
			<source file="../../workspace/dataset/test/test_archive_read_multiple_data_objects.c.ifdefed" startline="42" endline="121" function="test_splitted_file" hash="-5642290133250822820"></source>
			<source file="../../workspace/dataset/test/test_read_format_rar.c.ifdefed" startline="800" endline="880" function="DEFINE_TEST" hash="5688425904423569062"></source>
			<source file="../../workspace/dataset/test/test_read_format_rar.c.ifdefed" startline="1128" endline="1208" function="DEFINE_TEST" hash="5258517205543878417"></source>
		</class>
	</version>
	<version nr="4350" hash="6f4fceb7" evolution="Subtract" change="Consistent">
		<class nclones="2">
			<source file="../../workspace/dataset/test/test_read_format_rar.c.ifdefed" startline="130" endline="163" function="DEFINE_TEST" hash="7347787519050389751"></source>
			<source file="../../workspace/dataset/test/test_read_format_rar.c.ifdefed" startline="165" endline="198" function="DEFINE_TEST" hash="-8326657658909896514"></source>
		</class>
	</version>
	<version nr="4350" hash="6f4fceb7" evolution="Add" change="Consistent">
		<class nclones="4">
			<source file="../../workspace/dataset/test/test_read_format_rar.c.ifdefed" startline="438" endline="542" function="DEFINE_TEST" hash="-634553122039628821"></source>
			<source file="../../workspace/dataset/test/test_read_format_rar.c.ifdefed" startline="1019" endline="1126" function="DEFINE_TEST" hash="8178492710978744946"></source>
			<source file="../../workspace/dataset/test/test_read_format_rar.c.ifdefed" startline="587" endline="691" function="DEFINE_TEST" hash="-6430192971850206728"></source>
			<source file="../../workspace/dataset/test/test_read_format_rar.c.ifdefed" startline="882" endline="1017" function="DEFINE_TEST" hash="-2577482925625549261"></source>
		</class>
	</version>
	<version nr="4350" hash="6f4fceb7" evolution="Subtract" change="Consistent">
		<class nclones="3">
			<source file="../../workspace/dataset/test/test_read_format_rar.c.ifdefed" startline="547" endline="585" function="DEFINE_TEST" hash="-8154355082158996682"></source>
			<source file="../../workspace/dataset/test/test_archive_read_multiple_data_objects.c.ifdefed" startline="123" endline="169" function="test_large_splitted_file" hash="-1879463542919024284"></source>
			<source file="../../workspace/dataset/test/test_read_format_rar.c.ifdefed" startline="696" endline="735" function="DEFINE_TEST" hash="-5019404797213644931"></source>
		</class>
	</version>
	<version nr="4350" hash="6f4fceb7" evolution="Subtract" change="Consistent">
		<class nclones="2">
			<source file="../../workspace/dataset/test/test_read_format_rar.c.ifdefed" startline="1210" endline="1253" function="DEFINE_TEST" hash="-5308602354601454993"></source>
			<source file="../../workspace/dataset/test/test_read_format_rar.c.ifdefed" startline="1255" endline="1290" function="DEFINE_TEST" hash="8842446203963963948"></source>
		</class>
	</version>
	<version nr="4350" hash="6f4fceb7" evolution="Same" change="Consistent">
		<class nclones="2">
			<source file="../../workspace/dataset/test/test_read_format_rar.c.ifdefed" startline="3760" endline="3784" function="DEFINE_TEST" hash="4302933968484556921"></source>
			<source file="../../workspace/dataset/test/test_read_format_rar.c.ifdefed" startline="3786" endline="3810" function="DEFINE_TEST" hash="538248458446177702"></source>
		</class>
	</version>
	<version nr="4360" hash="cce09646" evolution="Add" change="Consistent">
		<class nclones="5">
			<source file="../../workspace/dataset/test/test_read_set_format.c.ifdefed" startline="29" endline="100" function="DEFINE_TEST" hash="2333526279395416625"></source>
			<source file="../../workspace/dataset/test/test_read_format_rar.c.ifdefed" startline="47" endline="128" function="DEFINE_TEST" hash="-7455731038030152052"></source>
			<source file="../../workspace/dataset/test/test_archive_read_multiple_data_objects.c.ifdefed" startline="42" endline="121" function="test_splitted_file" hash="-5642290133250822820"></source>
			<source file="../../workspace/dataset/test/test_read_format_rar.c.ifdefed" startline="1128" endline="1208" function="DEFINE_TEST" hash="5258517205543878417"></source>
			<source file="../../workspace/dataset/test/test_read_format_rar.c.ifdefed" startline="800" endline="880" function="DEFINE_TEST" hash="5688425904423569062"></source>
		</class>
	</version>
	<version nr="4360" hash="cce09646" evolution="Subtract" change="Consistent">
		<class nclones="2">
			<source file="../../workspace/dataset/test/test_read_format_rar.c.ifdefed" startline="130" endline="163" function="DEFINE_TEST" hash="7347787519050389751"></source>
			<source file="../../workspace/dataset/test/test_read_format_rar.c.ifdefed" startline="165" endline="198" function="DEFINE_TEST" hash="-8326657658909896514"></source>
		</class>
	</version>
	<version nr="4360" hash="cce09646" evolution="Add" change="Consistent">
		<class nclones="4">
			<source file="../../workspace/dataset/test/test_read_format_rar.c.ifdefed" startline="438" endline="542" function="DEFINE_TEST" hash="-634553122039628821"></source>
			<source file="../../workspace/dataset/test/test_read_format_rar.c.ifdefed" startline="587" endline="691" function="DEFINE_TEST" hash="-6430192971850206728"></source>
			<source file="../../workspace/dataset/test/test_read_format_rar.c.ifdefed" startline="1019" endline="1126" function="DEFINE_TEST" hash="8178492710978744946"></source>
			<source file="../../workspace/dataset/test/test_read_format_rar.c.ifdefed" startline="882" endline="1017" function="DEFINE_TEST" hash="-2577482925625549261"></source>
		</class>
	</version>
	<version nr="4360" hash="cce09646" evolution="Subtract" change="Consistent">
		<class nclones="3">
			<source file="../../workspace/dataset/test/test_read_format_rar.c.ifdefed" startline="547" endline="585" function="DEFINE_TEST" hash="-8154355082158996682"></source>
			<source file="../../workspace/dataset/test/test_archive_read_multiple_data_objects.c.ifdefed" startline="123" endline="169" function="test_large_splitted_file" hash="-1879463542919024284"></source>
			<source file="../../workspace/dataset/test/test_read_format_rar.c.ifdefed" startline="696" endline="735" function="DEFINE_TEST" hash="-5019404797213644931"></source>
		</class>
	</version>
	<version nr="4360" hash="cce09646" evolution="Subtract" change="Consistent">
		<class nclones="2">
			<source file="../../workspace/dataset/test/test_read_format_rar.c.ifdefed" startline="1210" endline="1253" function="DEFINE_TEST" hash="-5308602354601454993"></source>
			<source file="../../workspace/dataset/test/test_read_format_rar.c.ifdefed" startline="1255" endline="1290" function="DEFINE_TEST" hash="8842446203963963948"></source>
		</class>
	</version>
	<version nr="4360" hash="cce09646" evolution="Same" change="Consistent">
		<class nclones="2">
			<source file="../../workspace/dataset/test/test_read_format_rar.c.ifdefed" startline="3760" endline="3784" function="DEFINE_TEST" hash="4302933968484556921"></source>
			<source file="../../workspace/dataset/test/test_read_format_rar.c.ifdefed" startline="3786" endline="3810" function="DEFINE_TEST" hash="538248458446177702"></source>
		</class>
	</version>
	<version nr="4370" hash="5be1a96f" evolution="Add" change="Consistent">
		<class nclones="5">
			<source file="../../workspace/dataset/test/test_read_set_format.c.ifdefed" startline="29" endline="100" function="DEFINE_TEST" hash="2333526279395416625"></source>
			<source file="../../workspace/dataset/test/test_read_format_rar.c.ifdefed" startline="47" endline="128" function="DEFINE_TEST" hash="-7455731038030152052"></source>
			<source file="../../workspace/dataset/test/test_archive_read_multiple_data_objects.c.ifdefed" startline="42" endline="121" function="test_splitted_file" hash="-5642290133250822820"></source>
			<source file="../../workspace/dataset/test/test_read_format_rar.c.ifdefed" startline="1128" endline="1208" function="DEFINE_TEST" hash="5258517205543878417"></source>
			<source file="../../workspace/dataset/test/test_read_format_rar.c.ifdefed" startline="800" endline="880" function="DEFINE_TEST" hash="5688425904423569062"></source>
		</class>
	</version>
	<version nr="4370" hash="5be1a96f" evolution="Subtract" change="Consistent">
		<class nclones="2">
			<source file="../../workspace/dataset/test/test_read_format_rar.c.ifdefed" startline="130" endline="163" function="DEFINE_TEST" hash="7347787519050389751"></source>
			<source file="../../workspace/dataset/test/test_read_format_rar.c.ifdefed" startline="165" endline="198" function="DEFINE_TEST" hash="-8326657658909896514"></source>
		</class>
	</version>
	<version nr="4370" hash="5be1a96f" evolution="Add" change="Consistent">
		<class nclones="4">
			<source file="../../workspace/dataset/test/test_read_format_rar.c.ifdefed" startline="438" endline="542" function="DEFINE_TEST" hash="-634553122039628821"></source>
			<source file="../../workspace/dataset/test/test_read_format_rar.c.ifdefed" startline="587" endline="691" function="DEFINE_TEST" hash="-6430192971850206728"></source>
			<source file="../../workspace/dataset/test/test_read_format_rar.c.ifdefed" startline="1019" endline="1126" function="DEFINE_TEST" hash="8178492710978744946"></source>
			<source file="../../workspace/dataset/test/test_read_format_rar.c.ifdefed" startline="882" endline="1017" function="DEFINE_TEST" hash="-2577482925625549261"></source>
		</class>
	</version>
	<version nr="4370" hash="5be1a96f" evolution="Subtract" change="Consistent">
		<class nclones="3">
			<source file="../../workspace/dataset/test/test_read_format_rar.c.ifdefed" startline="547" endline="585" function="DEFINE_TEST" hash="-8154355082158996682"></source>
			<source file="../../workspace/dataset/test/test_archive_read_multiple_data_objects.c.ifdefed" startline="123" endline="169" function="test_large_splitted_file" hash="-1879463542919024284"></source>
			<source file="../../workspace/dataset/test/test_read_format_rar.c.ifdefed" startline="696" endline="735" function="DEFINE_TEST" hash="-5019404797213644931"></source>
		</class>
	</version>
	<version nr="4370" hash="5be1a96f" evolution="Subtract" change="Consistent">
		<class nclones="2">
			<source file="../../workspace/dataset/test/test_read_format_rar.c.ifdefed" startline="1210" endline="1253" function="DEFINE_TEST" hash="-5308602354601454993"></source>
			<source file="../../workspace/dataset/test/test_read_format_rar.c.ifdefed" startline="1255" endline="1290" function="DEFINE_TEST" hash="8842446203963963948"></source>
		</class>
	</version>
	<version nr="4370" hash="5be1a96f" evolution="Same" change="Consistent">
		<class nclones="2">
			<source file="../../workspace/dataset/test/test_read_format_rar.c.ifdefed" startline="3760" endline="3784" function="DEFINE_TEST" hash="4302933968484556921"></source>
			<source file="../../workspace/dataset/test/test_read_format_rar.c.ifdefed" startline="3786" endline="3810" function="DEFINE_TEST" hash="538248458446177702"></source>
		</class>
	</version>
	<version nr="4380" hash="467d193d" evolution="Add" change="Consistent">
		<class nclones="5">
			<source file="../../workspace/dataset/test/test_read_set_format.c.ifdefed" startline="29" endline="100" function="DEFINE_TEST" hash="2333526279395416625"></source>
			<source file="../../workspace/dataset/test/test_read_format_rar.c.ifdefed" startline="47" endline="128" function="DEFINE_TEST" hash="-7455731038030152052"></source>
			<source file="../../workspace/dataset/test/test_archive_read_multiple_data_objects.c.ifdefed" startline="42" endline="121" function="test_splitted_file" hash="-5642290133250822820"></source>
			<source file="../../workspace/dataset/test/test_read_format_rar.c.ifdefed" startline="1128" endline="1208" function="DEFINE_TEST" hash="5258517205543878417"></source>
			<source file="../../workspace/dataset/test/test_read_format_rar.c.ifdefed" startline="800" endline="880" function="DEFINE_TEST" hash="5688425904423569062"></source>
		</class>
	</version>
	<version nr="4380" hash="467d193d" evolution="Subtract" change="Consistent">
		<class nclones="2">
			<source file="../../workspace/dataset/test/test_read_format_rar.c.ifdefed" startline="130" endline="163" function="DEFINE_TEST" hash="7347787519050389751"></source>
			<source file="../../workspace/dataset/test/test_read_format_rar.c.ifdefed" startline="165" endline="198" function="DEFINE_TEST" hash="-8326657658909896514"></source>
		</class>
	</version>
	<version nr="4380" hash="467d193d" evolution="Add" change="Consistent">
		<class nclones="4">
			<source file="../../workspace/dataset/test/test_read_format_rar.c.ifdefed" startline="438" endline="542" function="DEFINE_TEST" hash="-634553122039628821"></source>
			<source file="../../workspace/dataset/test/test_read_format_rar.c.ifdefed" startline="587" endline="691" function="DEFINE_TEST" hash="-6430192971850206728"></source>
			<source file="../../workspace/dataset/test/test_read_format_rar.c.ifdefed" startline="1019" endline="1126" function="DEFINE_TEST" hash="8178492710978744946"></source>
			<source file="../../workspace/dataset/test/test_read_format_rar.c.ifdefed" startline="882" endline="1017" function="DEFINE_TEST" hash="-2577482925625549261"></source>
		</class>
	</version>
	<version nr="4380" hash="467d193d" evolution="Subtract" change="Consistent">
		<class nclones="3">
			<source file="../../workspace/dataset/test/test_read_format_rar.c.ifdefed" startline="547" endline="585" function="DEFINE_TEST" hash="-8154355082158996682"></source>
			<source file="../../workspace/dataset/test/test_archive_read_multiple_data_objects.c.ifdefed" startline="123" endline="169" function="test_large_splitted_file" hash="-1879463542919024284"></source>
			<source file="../../workspace/dataset/test/test_read_format_rar.c.ifdefed" startline="696" endline="735" function="DEFINE_TEST" hash="-5019404797213644931"></source>
		</class>
	</version>
	<version nr="4380" hash="467d193d" evolution="Subtract" change="Consistent">
		<class nclones="2">
			<source file="../../workspace/dataset/test/test_read_format_rar.c.ifdefed" startline="1210" endline="1253" function="DEFINE_TEST" hash="-5308602354601454993"></source>
			<source file="../../workspace/dataset/test/test_read_format_rar.c.ifdefed" startline="1255" endline="1290" function="DEFINE_TEST" hash="8842446203963963948"></source>
		</class>
	</version>
	<version nr="4380" hash="467d193d" evolution="Same" change="Consistent">
		<class nclones="2">
			<source file="../../workspace/dataset/test/test_read_format_rar.c.ifdefed" startline="3760" endline="3784" function="DEFINE_TEST" hash="4302933968484556921"></source>
			<source file="../../workspace/dataset/test/test_read_format_rar.c.ifdefed" startline="3786" endline="3810" function="DEFINE_TEST" hash="538248458446177702"></source>
		</class>
	</version>
	<version nr="4390" hash="343642bc" evolution="Add" change="Consistent">
		<class nclones="5">
			<source file="../../workspace/dataset/test/test_read_set_format.c.ifdefed" startline="29" endline="100" function="DEFINE_TEST" hash="2333526279395416625"></source>
			<source file="../../workspace/dataset/test/test_archive_read_multiple_data_objects.c.ifdefed" startline="42" endline="121" function="test_splitted_file" hash="-5642290133250822820"></source>
			<source file="../../workspace/dataset/test/test_read_format_rar.c.ifdefed" startline="47" endline="128" function="DEFINE_TEST" hash="-7455731038030152052"></source>
			<source file="../../workspace/dataset/test/test_read_format_rar.c.ifdefed" startline="1128" endline="1208" function="DEFINE_TEST" hash="5258517205543878417"></source>
			<source file="../../workspace/dataset/test/test_read_format_rar.c.ifdefed" startline="800" endline="880" function="DEFINE_TEST" hash="5688425904423569062"></source>
		</class>
	</version>
	<version nr="4390" hash="343642bc" evolution="Subtract" change="Consistent">
		<class nclones="2">
			<source file="../../workspace/dataset/test/test_read_format_rar.c.ifdefed" startline="130" endline="163" function="DEFINE_TEST" hash="7347787519050389751"></source>
			<source file="../../workspace/dataset/test/test_read_format_rar.c.ifdefed" startline="165" endline="198" function="DEFINE_TEST" hash="-8326657658909896514"></source>
		</class>
	</version>
	<version nr="4390" hash="343642bc" evolution="Add" change="Consistent">
		<class nclones="4">
			<source file="../../workspace/dataset/test/test_read_format_rar.c.ifdefed" startline="438" endline="542" function="DEFINE_TEST" hash="-634553122039628821"></source>
			<source file="../../workspace/dataset/test/test_read_format_rar.c.ifdefed" startline="587" endline="691" function="DEFINE_TEST" hash="-6430192971850206728"></source>
			<source file="../../workspace/dataset/test/test_read_format_rar.c.ifdefed" startline="1019" endline="1126" function="DEFINE_TEST" hash="8178492710978744946"></source>
			<source file="../../workspace/dataset/test/test_read_format_rar.c.ifdefed" startline="882" endline="1017" function="DEFINE_TEST" hash="-2577482925625549261"></source>
		</class>
	</version>
	<version nr="4390" hash="343642bc" evolution="Subtract" change="Consistent">
		<class nclones="3">
			<source file="../../workspace/dataset/test/test_read_format_rar.c.ifdefed" startline="547" endline="585" function="DEFINE_TEST" hash="-8154355082158996682"></source>
			<source file="../../workspace/dataset/test/test_read_format_rar.c.ifdefed" startline="696" endline="735" function="DEFINE_TEST" hash="-5019404797213644931"></source>
			<source file="../../workspace/dataset/test/test_archive_read_multiple_data_objects.c.ifdefed" startline="123" endline="169" function="test_large_splitted_file" hash="-1879463542919024284"></source>
		</class>
	</version>
	<version nr="4390" hash="343642bc" evolution="Subtract" change="Consistent">
		<class nclones="2">
			<source file="../../workspace/dataset/test/test_read_format_rar.c.ifdefed" startline="1210" endline="1253" function="DEFINE_TEST" hash="-5308602354601454993"></source>
			<source file="../../workspace/dataset/test/test_read_format_rar.c.ifdefed" startline="1255" endline="1290" function="DEFINE_TEST" hash="8842446203963963948"></source>
		</class>
	</version>
	<version nr="4390" hash="343642bc" evolution="Same" change="Consistent">
		<class nclones="2">
			<source file="../../workspace/dataset/test/test_read_format_rar.c.ifdefed" startline="3760" endline="3784" function="DEFINE_TEST" hash="4302933968484556921"></source>
			<source file="../../workspace/dataset/test/test_read_format_rar.c.ifdefed" startline="3786" endline="3810" function="DEFINE_TEST" hash="538248458446177702"></source>
		</class>
	</version>
	<version nr="4400" hash="8705a85c" evolution="Add" change="Consistent">
		<class nclones="5">
			<source file="../../workspace/dataset/test/test_read_set_format.c.ifdefed" startline="29" endline="100" function="DEFINE_TEST" hash="2333526279395416625"></source>
			<source file="../../workspace/dataset/test/test_read_format_rar.c.ifdefed" startline="47" endline="128" function="DEFINE_TEST" hash="-7455731038030152052"></source>
			<source file="../../workspace/dataset/test/test_archive_read_multiple_data_objects.c.ifdefed" startline="42" endline="121" function="test_splitted_file" hash="-5642290133250822820"></source>
			<source file="../../workspace/dataset/test/test_read_format_rar.c.ifdefed" startline="1128" endline="1208" function="DEFINE_TEST" hash="5258517205543878417"></source>
			<source file="../../workspace/dataset/test/test_read_format_rar.c.ifdefed" startline="800" endline="880" function="DEFINE_TEST" hash="5688425904423569062"></source>
		</class>
	</version>
	<version nr="4400" hash="8705a85c" evolution="Subtract" change="Consistent">
		<class nclones="2">
			<source file="../../workspace/dataset/test/test_read_format_rar.c.ifdefed" startline="130" endline="163" function="DEFINE_TEST" hash="7347787519050389751"></source>
			<source file="../../workspace/dataset/test/test_read_format_rar.c.ifdefed" startline="165" endline="198" function="DEFINE_TEST" hash="-8326657658909896514"></source>
		</class>
	</version>
	<version nr="4400" hash="8705a85c" evolution="Add" change="Consistent">
		<class nclones="4">
			<source file="../../workspace/dataset/test/test_read_format_rar.c.ifdefed" startline="438" endline="542" function="DEFINE_TEST" hash="-634553122039628821"></source>
			<source file="../../workspace/dataset/test/test_read_format_rar.c.ifdefed" startline="587" endline="691" function="DEFINE_TEST" hash="-6430192971850206728"></source>
			<source file="../../workspace/dataset/test/test_read_format_rar.c.ifdefed" startline="1019" endline="1126" function="DEFINE_TEST" hash="8178492710978744946"></source>
			<source file="../../workspace/dataset/test/test_read_format_rar.c.ifdefed" startline="882" endline="1017" function="DEFINE_TEST" hash="-2577482925625549261"></source>
		</class>
	</version>
	<version nr="4400" hash="8705a85c" evolution="Subtract" change="Consistent">
		<class nclones="3">
			<source file="../../workspace/dataset/test/test_read_format_rar.c.ifdefed" startline="547" endline="585" function="DEFINE_TEST" hash="-8154355082158996682"></source>
			<source file="../../workspace/dataset/test/test_archive_read_multiple_data_objects.c.ifdefed" startline="123" endline="169" function="test_large_splitted_file" hash="-1879463542919024284"></source>
			<source file="../../workspace/dataset/test/test_read_format_rar.c.ifdefed" startline="696" endline="735" function="DEFINE_TEST" hash="-5019404797213644931"></source>
		</class>
	</version>
	<version nr="4400" hash="8705a85c" evolution="Subtract" change="Consistent">
		<class nclones="2">
			<source file="../../workspace/dataset/test/test_read_format_rar.c.ifdefed" startline="1210" endline="1253" function="DEFINE_TEST" hash="-5308602354601454993"></source>
			<source file="../../workspace/dataset/test/test_read_format_rar.c.ifdefed" startline="1255" endline="1290" function="DEFINE_TEST" hash="8842446203963963948"></source>
		</class>
	</version>
	<version nr="4400" hash="8705a85c" evolution="Same" change="Consistent">
		<class nclones="2">
			<source file="../../workspace/dataset/test/test_read_format_rar.c.ifdefed" startline="3760" endline="3784" function="DEFINE_TEST" hash="4302933968484556921"></source>
			<source file="../../workspace/dataset/test/test_read_format_rar.c.ifdefed" startline="3786" endline="3810" function="DEFINE_TEST" hash="538248458446177702"></source>
		</class>
	</version>
	<version nr="4410" hash="cd69e167" evolution="Add" change="Consistent">
		<class nclones="5">
			<source file="../../workspace/dataset/test/test_read_set_format.c.ifdefed" startline="29" endline="100" function="DEFINE_TEST" hash="2333526279395416625"></source>
			<source file="../../workspace/dataset/test/test_read_format_rar.c.ifdefed" startline="47" endline="128" function="DEFINE_TEST" hash="-7455731038030152052"></source>
			<source file="../../workspace/dataset/test/test_archive_read_multiple_data_objects.c.ifdefed" startline="42" endline="121" function="test_splitted_file" hash="-5642290133250822820"></source>
			<source file="../../workspace/dataset/test/test_read_format_rar.c.ifdefed" startline="1128" endline="1208" function="DEFINE_TEST" hash="5258517205543878417"></source>
			<source file="../../workspace/dataset/test/test_read_format_rar.c.ifdefed" startline="800" endline="880" function="DEFINE_TEST" hash="5688425904423569062"></source>
		</class>
	</version>
	<version nr="4410" hash="cd69e167" evolution="Subtract" change="Consistent">
		<class nclones="2">
			<source file="../../workspace/dataset/test/test_read_format_rar.c.ifdefed" startline="130" endline="163" function="DEFINE_TEST" hash="7347787519050389751"></source>
			<source file="../../workspace/dataset/test/test_read_format_rar.c.ifdefed" startline="165" endline="198" function="DEFINE_TEST" hash="-8326657658909896514"></source>
		</class>
	</version>
	<version nr="4410" hash="cd69e167" evolution="Add" change="Consistent">
		<class nclones="4">
			<source file="../../workspace/dataset/test/test_read_format_rar.c.ifdefed" startline="438" endline="542" function="DEFINE_TEST" hash="-634553122039628821"></source>
			<source file="../../workspace/dataset/test/test_read_format_rar.c.ifdefed" startline="1019" endline="1126" function="DEFINE_TEST" hash="8178492710978744946"></source>
			<source file="../../workspace/dataset/test/test_read_format_rar.c.ifdefed" startline="587" endline="691" function="DEFINE_TEST" hash="-6430192971850206728"></source>
			<source file="../../workspace/dataset/test/test_read_format_rar.c.ifdefed" startline="882" endline="1017" function="DEFINE_TEST" hash="-2577482925625549261"></source>
		</class>
	</version>
	<version nr="4410" hash="cd69e167" evolution="Subtract" change="Consistent">
		<class nclones="3">
			<source file="../../workspace/dataset/test/test_read_format_rar.c.ifdefed" startline="547" endline="585" function="DEFINE_TEST" hash="-8154355082158996682"></source>
			<source file="../../workspace/dataset/test/test_read_format_rar.c.ifdefed" startline="696" endline="735" function="DEFINE_TEST" hash="-5019404797213644931"></source>
			<source file="../../workspace/dataset/test/test_archive_read_multiple_data_objects.c.ifdefed" startline="123" endline="169" function="test_large_splitted_file" hash="-1879463542919024284"></source>
		</class>
	</version>
	<version nr="4410" hash="cd69e167" evolution="Subtract" change="Consistent">
		<class nclones="2">
			<source file="../../workspace/dataset/test/test_read_format_rar.c.ifdefed" startline="1210" endline="1253" function="DEFINE_TEST" hash="-5308602354601454993"></source>
			<source file="../../workspace/dataset/test/test_read_format_rar.c.ifdefed" startline="1255" endline="1290" function="DEFINE_TEST" hash="8842446203963963948"></source>
		</class>
	</version>
	<version nr="4410" hash="cd69e167" evolution="Same" change="Consistent">
		<class nclones="2">
			<source file="../../workspace/dataset/test/test_read_format_rar.c.ifdefed" startline="3760" endline="3784" function="DEFINE_TEST" hash="4302933968484556921"></source>
			<source file="../../workspace/dataset/test/test_read_format_rar.c.ifdefed" startline="3786" endline="3810" function="DEFINE_TEST" hash="538248458446177702"></source>
		</class>
	</version>
	<version nr="4420" hash="86f17852" evolution="Add" change="Consistent">
		<class nclones="5">
			<source file="../../workspace/dataset/test/test_read_set_format.c.ifdefed" startline="29" endline="100" function="DEFINE_TEST" hash="2333526279395416625"></source>
			<source file="../../workspace/dataset/test/test_read_format_rar.c.ifdefed" startline="47" endline="128" function="DEFINE_TEST" hash="-7455731038030152052"></source>
			<source file="../../workspace/dataset/test/test_archive_read_multiple_data_objects.c.ifdefed" startline="42" endline="121" function="test_splitted_file" hash="-5642290133250822820"></source>
			<source file="../../workspace/dataset/test/test_read_format_rar.c.ifdefed" startline="1128" endline="1208" function="DEFINE_TEST" hash="5258517205543878417"></source>
			<source file="../../workspace/dataset/test/test_read_format_rar.c.ifdefed" startline="800" endline="880" function="DEFINE_TEST" hash="5688425904423569062"></source>
		</class>
	</version>
	<version nr="4420" hash="86f17852" evolution="Subtract" change="Consistent">
		<class nclones="2">
			<source file="../../workspace/dataset/test/test_read_format_rar.c.ifdefed" startline="130" endline="163" function="DEFINE_TEST" hash="7347787519050389751"></source>
			<source file="../../workspace/dataset/test/test_read_format_rar.c.ifdefed" startline="165" endline="198" function="DEFINE_TEST" hash="-8326657658909896514"></source>
		</class>
	</version>
	<version nr="4420" hash="86f17852" evolution="Add" change="Consistent">
		<class nclones="4">
			<source file="../../workspace/dataset/test/test_read_format_rar.c.ifdefed" startline="438" endline="542" function="DEFINE_TEST" hash="-634553122039628821"></source>
			<source file="../../workspace/dataset/test/test_read_format_rar.c.ifdefed" startline="1019" endline="1126" function="DEFINE_TEST" hash="8178492710978744946"></source>
			<source file="../../workspace/dataset/test/test_read_format_rar.c.ifdefed" startline="587" endline="691" function="DEFINE_TEST" hash="-6430192971850206728"></source>
			<source file="../../workspace/dataset/test/test_read_format_rar.c.ifdefed" startline="882" endline="1017" function="DEFINE_TEST" hash="-2577482925625549261"></source>
		</class>
	</version>
	<version nr="4420" hash="86f17852" evolution="Subtract" change="Consistent">
		<class nclones="3">
			<source file="../../workspace/dataset/test/test_read_format_rar.c.ifdefed" startline="547" endline="585" function="DEFINE_TEST" hash="-8154355082158996682"></source>
			<source file="../../workspace/dataset/test/test_archive_read_multiple_data_objects.c.ifdefed" startline="123" endline="169" function="test_large_splitted_file" hash="-1879463542919024284"></source>
			<source file="../../workspace/dataset/test/test_read_format_rar.c.ifdefed" startline="696" endline="735" function="DEFINE_TEST" hash="-5019404797213644931"></source>
		</class>
	</version>
	<version nr="4420" hash="86f17852" evolution="Subtract" change="Consistent">
		<class nclones="2">
			<source file="../../workspace/dataset/test/test_read_format_rar.c.ifdefed" startline="1210" endline="1253" function="DEFINE_TEST" hash="-5308602354601454993"></source>
			<source file="../../workspace/dataset/test/test_read_format_rar.c.ifdefed" startline="1255" endline="1290" function="DEFINE_TEST" hash="8842446203963963948"></source>
		</class>
	</version>
	<version nr="4420" hash="86f17852" evolution="Same" change="Consistent">
		<class nclones="2">
			<source file="../../workspace/dataset/test/test_read_format_rar.c.ifdefed" startline="3760" endline="3784" function="DEFINE_TEST" hash="4302933968484556921"></source>
			<source file="../../workspace/dataset/test/test_read_format_rar.c.ifdefed" startline="3786" endline="3810" function="DEFINE_TEST" hash="538248458446177702"></source>
		</class>
	</version>
	<version nr="4430" hash="ba0478d3" evolution="Add" change="Consistent">
		<class nclones="5">
			<source file="../../workspace/dataset/test/test_read_set_format.c.ifdefed" startline="29" endline="100" function="DEFINE_TEST" hash="2333526279395416625"></source>
			<source file="../../workspace/dataset/test/test_read_format_rar.c.ifdefed" startline="47" endline="128" function="DEFINE_TEST" hash="-7455731038030152052"></source>
			<source file="../../workspace/dataset/test/test_archive_read_multiple_data_objects.c.ifdefed" startline="42" endline="121" function="test_splitted_file" hash="-5642290133250822820"></source>
			<source file="../../workspace/dataset/test/test_read_format_rar.c.ifdefed" startline="1128" endline="1208" function="DEFINE_TEST" hash="5258517205543878417"></source>
			<source file="../../workspace/dataset/test/test_read_format_rar.c.ifdefed" startline="800" endline="880" function="DEFINE_TEST" hash="5688425904423569062"></source>
		</class>
	</version>
	<version nr="4430" hash="ba0478d3" evolution="Subtract" change="Consistent">
		<class nclones="2">
			<source file="../../workspace/dataset/test/test_read_format_rar.c.ifdefed" startline="130" endline="163" function="DEFINE_TEST" hash="7347787519050389751"></source>
			<source file="../../workspace/dataset/test/test_read_format_rar.c.ifdefed" startline="165" endline="198" function="DEFINE_TEST" hash="-8326657658909896514"></source>
		</class>
	</version>
	<version nr="4430" hash="ba0478d3" evolution="Add" change="Consistent">
		<class nclones="4">
			<source file="../../workspace/dataset/test/test_read_format_rar.c.ifdefed" startline="438" endline="542" function="DEFINE_TEST" hash="-634553122039628821"></source>
			<source file="../../workspace/dataset/test/test_read_format_rar.c.ifdefed" startline="1019" endline="1126" function="DEFINE_TEST" hash="8178492710978744946"></source>
			<source file="../../workspace/dataset/test/test_read_format_rar.c.ifdefed" startline="587" endline="691" function="DEFINE_TEST" hash="-6430192971850206728"></source>
			<source file="../../workspace/dataset/test/test_read_format_rar.c.ifdefed" startline="882" endline="1017" function="DEFINE_TEST" hash="-2577482925625549261"></source>
		</class>
	</version>
	<version nr="4430" hash="ba0478d3" evolution="Subtract" change="Consistent">
		<class nclones="3">
			<source file="../../workspace/dataset/test/test_read_format_rar.c.ifdefed" startline="547" endline="585" function="DEFINE_TEST" hash="-8154355082158996682"></source>
			<source file="../../workspace/dataset/test/test_archive_read_multiple_data_objects.c.ifdefed" startline="123" endline="169" function="test_large_splitted_file" hash="-1879463542919024284"></source>
			<source file="../../workspace/dataset/test/test_read_format_rar.c.ifdefed" startline="696" endline="735" function="DEFINE_TEST" hash="-5019404797213644931"></source>
		</class>
	</version>
	<version nr="4430" hash="ba0478d3" evolution="Subtract" change="Consistent">
		<class nclones="2">
			<source file="../../workspace/dataset/test/test_read_format_rar.c.ifdefed" startline="1210" endline="1253" function="DEFINE_TEST" hash="-5308602354601454993"></source>
			<source file="../../workspace/dataset/test/test_read_format_rar.c.ifdefed" startline="1255" endline="1290" function="DEFINE_TEST" hash="8842446203963963948"></source>
		</class>
	</version>
	<version nr="4430" hash="ba0478d3" evolution="Same" change="Consistent">
		<class nclones="2">
			<source file="../../workspace/dataset/test/test_read_format_rar.c.ifdefed" startline="3760" endline="3784" function="DEFINE_TEST" hash="4302933968484556921"></source>
			<source file="../../workspace/dataset/test/test_read_format_rar.c.ifdefed" startline="3786" endline="3810" function="DEFINE_TEST" hash="538248458446177702"></source>
		</class>
	</version>
	<version nr="4440" hash="afaaf3ad" evolution="Add" change="Consistent">
		<class nclones="5">
			<source file="../../workspace/dataset/test/test_read_set_format.c.ifdefed" startline="29" endline="100" function="DEFINE_TEST" hash="2333526279395416625"></source>
			<source file="../../workspace/dataset/test/test_read_format_rar.c.ifdefed" startline="47" endline="128" function="DEFINE_TEST" hash="-7455731038030152052"></source>
			<source file="../../workspace/dataset/test/test_archive_read_multiple_data_objects.c.ifdefed" startline="42" endline="121" function="test_splitted_file" hash="-5642290133250822820"></source>
			<source file="../../workspace/dataset/test/test_read_format_rar.c.ifdefed" startline="1128" endline="1208" function="DEFINE_TEST" hash="5258517205543878417"></source>
			<source file="../../workspace/dataset/test/test_read_format_rar.c.ifdefed" startline="800" endline="880" function="DEFINE_TEST" hash="5688425904423569062"></source>
		</class>
	</version>
	<version nr="4440" hash="afaaf3ad" evolution="Subtract" change="Consistent">
		<class nclones="2">
			<source file="../../workspace/dataset/test/test_read_format_rar.c.ifdefed" startline="130" endline="163" function="DEFINE_TEST" hash="7347787519050389751"></source>
			<source file="../../workspace/dataset/test/test_read_format_rar.c.ifdefed" startline="165" endline="198" function="DEFINE_TEST" hash="-8326657658909896514"></source>
		</class>
	</version>
	<version nr="4440" hash="afaaf3ad" evolution="Add" change="Consistent">
		<class nclones="4">
			<source file="../../workspace/dataset/test/test_read_format_rar.c.ifdefed" startline="438" endline="542" function="DEFINE_TEST" hash="-634553122039628821"></source>
			<source file="../../workspace/dataset/test/test_read_format_rar.c.ifdefed" startline="1019" endline="1126" function="DEFINE_TEST" hash="8178492710978744946"></source>
			<source file="../../workspace/dataset/test/test_read_format_rar.c.ifdefed" startline="587" endline="691" function="DEFINE_TEST" hash="-6430192971850206728"></source>
			<source file="../../workspace/dataset/test/test_read_format_rar.c.ifdefed" startline="882" endline="1017" function="DEFINE_TEST" hash="-2577482925625549261"></source>
		</class>
	</version>
	<version nr="4440" hash="afaaf3ad" evolution="Subtract" change="Consistent">
		<class nclones="3">
			<source file="../../workspace/dataset/test/test_read_format_rar.c.ifdefed" startline="547" endline="585" function="DEFINE_TEST" hash="-8154355082158996682"></source>
			<source file="../../workspace/dataset/test/test_archive_read_multiple_data_objects.c.ifdefed" startline="123" endline="169" function="test_large_splitted_file" hash="-1879463542919024284"></source>
			<source file="../../workspace/dataset/test/test_read_format_rar.c.ifdefed" startline="696" endline="735" function="DEFINE_TEST" hash="-5019404797213644931"></source>
		</class>
	</version>
	<version nr="4440" hash="afaaf3ad" evolution="Subtract" change="Consistent">
		<class nclones="2">
			<source file="../../workspace/dataset/test/test_read_format_rar.c.ifdefed" startline="1210" endline="1253" function="DEFINE_TEST" hash="-5308602354601454993"></source>
			<source file="../../workspace/dataset/test/test_read_format_rar.c.ifdefed" startline="1255" endline="1290" function="DEFINE_TEST" hash="8842446203963963948"></source>
		</class>
	</version>
	<version nr="4440" hash="afaaf3ad" evolution="Same" change="Consistent">
		<class nclones="2">
			<source file="../../workspace/dataset/test/test_read_format_rar.c.ifdefed" startline="3760" endline="3784" function="DEFINE_TEST" hash="4302933968484556921"></source>
			<source file="../../workspace/dataset/test/test_read_format_rar.c.ifdefed" startline="3786" endline="3810" function="DEFINE_TEST" hash="538248458446177702"></source>
		</class>
	</version>
	<version nr="4450" hash="6a2a3271" evolution="Add" change="Consistent">
		<class nclones="5">
			<source file="../../workspace/dataset/test/test_read_set_format.c.ifdefed" startline="29" endline="100" function="DEFINE_TEST" hash="2333526279395416625"></source>
			<source file="../../workspace/dataset/test/test_read_format_rar.c.ifdefed" startline="47" endline="128" function="DEFINE_TEST" hash="-7455731038030152052"></source>
			<source file="../../workspace/dataset/test/test_archive_read_multiple_data_objects.c.ifdefed" startline="42" endline="121" function="test_splitted_file" hash="-5642290133250822820"></source>
			<source file="../../workspace/dataset/test/test_read_format_rar.c.ifdefed" startline="1128" endline="1208" function="DEFINE_TEST" hash="5258517205543878417"></source>
			<source file="../../workspace/dataset/test/test_read_format_rar.c.ifdefed" startline="800" endline="880" function="DEFINE_TEST" hash="5688425904423569062"></source>
		</class>
	</version>
	<version nr="4450" hash="6a2a3271" evolution="Subtract" change="Consistent">
		<class nclones="2">
			<source file="../../workspace/dataset/test/test_read_format_rar.c.ifdefed" startline="130" endline="163" function="DEFINE_TEST" hash="7347787519050389751"></source>
			<source file="../../workspace/dataset/test/test_read_format_rar.c.ifdefed" startline="165" endline="198" function="DEFINE_TEST" hash="-8326657658909896514"></source>
		</class>
	</version>
	<version nr="4450" hash="6a2a3271" evolution="Add" change="Consistent">
		<class nclones="4">
			<source file="../../workspace/dataset/test/test_read_format_rar.c.ifdefed" startline="438" endline="542" function="DEFINE_TEST" hash="-634553122039628821"></source>
			<source file="../../workspace/dataset/test/test_read_format_rar.c.ifdefed" startline="1019" endline="1126" function="DEFINE_TEST" hash="8178492710978744946"></source>
			<source file="../../workspace/dataset/test/test_read_format_rar.c.ifdefed" startline="587" endline="691" function="DEFINE_TEST" hash="-6430192971850206728"></source>
			<source file="../../workspace/dataset/test/test_read_format_rar.c.ifdefed" startline="882" endline="1017" function="DEFINE_TEST" hash="-2577482925625549261"></source>
		</class>
	</version>
	<version nr="4450" hash="6a2a3271" evolution="Subtract" change="Consistent">
		<class nclones="3">
			<source file="../../workspace/dataset/test/test_read_format_rar.c.ifdefed" startline="547" endline="585" function="DEFINE_TEST" hash="-8154355082158996682"></source>
			<source file="../../workspace/dataset/test/test_archive_read_multiple_data_objects.c.ifdefed" startline="123" endline="169" function="test_large_splitted_file" hash="-1879463542919024284"></source>
			<source file="../../workspace/dataset/test/test_read_format_rar.c.ifdefed" startline="696" endline="735" function="DEFINE_TEST" hash="-5019404797213644931"></source>
		</class>
	</version>
	<version nr="4450" hash="6a2a3271" evolution="Subtract" change="Consistent">
		<class nclones="2">
			<source file="../../workspace/dataset/test/test_read_format_rar.c.ifdefed" startline="1210" endline="1253" function="DEFINE_TEST" hash="-5308602354601454993"></source>
			<source file="../../workspace/dataset/test/test_read_format_rar.c.ifdefed" startline="1255" endline="1290" function="DEFINE_TEST" hash="8842446203963963948"></source>
		</class>
	</version>
	<version nr="4450" hash="6a2a3271" evolution="Same" change="Consistent">
		<class nclones="2">
			<source file="../../workspace/dataset/test/test_read_format_rar.c.ifdefed" startline="3760" endline="3784" function="DEFINE_TEST" hash="4302933968484556921"></source>
			<source file="../../workspace/dataset/test/test_read_format_rar.c.ifdefed" startline="3786" endline="3810" function="DEFINE_TEST" hash="538248458446177702"></source>
		</class>
	</version>
	<version nr="4460" hash="e1a23f84" evolution="Add" change="Consistent">
		<class nclones="5">
			<source file="../../workspace/dataset/test/test_read_set_format.c.ifdefed" startline="29" endline="100" function="DEFINE_TEST" hash="2333526279395416625"></source>
			<source file="../../workspace/dataset/test/test_read_format_rar.c.ifdefed" startline="47" endline="128" function="DEFINE_TEST" hash="-7455731038030152052"></source>
			<source file="../../workspace/dataset/test/test_archive_read_multiple_data_objects.c.ifdefed" startline="42" endline="121" function="test_splitted_file" hash="-5642290133250822820"></source>
			<source file="../../workspace/dataset/test/test_read_format_rar.c.ifdefed" startline="800" endline="880" function="DEFINE_TEST" hash="5688425904423569062"></source>
			<source file="../../workspace/dataset/test/test_read_format_rar.c.ifdefed" startline="1128" endline="1208" function="DEFINE_TEST" hash="5258517205543878417"></source>
		</class>
	</version>
	<version nr="4460" hash="e1a23f84" evolution="Subtract" change="Consistent">
		<class nclones="2">
			<source file="../../workspace/dataset/test/test_read_format_rar.c.ifdefed" startline="130" endline="163" function="DEFINE_TEST" hash="7347787519050389751"></source>
			<source file="../../workspace/dataset/test/test_read_format_rar.c.ifdefed" startline="165" endline="198" function="DEFINE_TEST" hash="-8326657658909896514"></source>
		</class>
	</version>
	<version nr="4460" hash="e1a23f84" evolution="Add" change="Consistent">
		<class nclones="4">
			<source file="../../workspace/dataset/test/test_read_format_rar.c.ifdefed" startline="438" endline="542" function="DEFINE_TEST" hash="-634553122039628821"></source>
			<source file="../../workspace/dataset/test/test_read_format_rar.c.ifdefed" startline="587" endline="691" function="DEFINE_TEST" hash="-6430192971850206728"></source>
			<source file="../../workspace/dataset/test/test_read_format_rar.c.ifdefed" startline="1019" endline="1126" function="DEFINE_TEST" hash="8178492710978744946"></source>
			<source file="../../workspace/dataset/test/test_read_format_rar.c.ifdefed" startline="882" endline="1017" function="DEFINE_TEST" hash="-2577482925625549261"></source>
		</class>
	</version>
	<version nr="4460" hash="e1a23f84" evolution="Subtract" change="Consistent">
		<class nclones="3">
			<source file="../../workspace/dataset/test/test_read_format_rar.c.ifdefed" startline="547" endline="585" function="DEFINE_TEST" hash="-8154355082158996682"></source>
			<source file="../../workspace/dataset/test/test_read_format_rar.c.ifdefed" startline="696" endline="735" function="DEFINE_TEST" hash="-5019404797213644931"></source>
			<source file="../../workspace/dataset/test/test_archive_read_multiple_data_objects.c.ifdefed" startline="123" endline="169" function="test_large_splitted_file" hash="-1879463542919024284"></source>
		</class>
	</version>
	<version nr="4460" hash="e1a23f84" evolution="Subtract" change="Consistent">
		<class nclones="2">
			<source file="../../workspace/dataset/test/test_read_format_rar.c.ifdefed" startline="1210" endline="1253" function="DEFINE_TEST" hash="-5308602354601454993"></source>
			<source file="../../workspace/dataset/test/test_read_format_rar.c.ifdefed" startline="1255" endline="1290" function="DEFINE_TEST" hash="8842446203963963948"></source>
		</class>
	</version>
	<version nr="4460" hash="e1a23f84" evolution="Same" change="Consistent">
		<class nclones="2">
			<source file="../../workspace/dataset/test/test_read_format_rar.c.ifdefed" startline="3760" endline="3784" function="DEFINE_TEST" hash="4302933968484556921"></source>
			<source file="../../workspace/dataset/test/test_read_format_rar.c.ifdefed" startline="3786" endline="3810" function="DEFINE_TEST" hash="538248458446177702"></source>
		</class>
	</version>
	<version nr="4470" hash="4c38de35" evolution="Add" change="Consistent">
		<class nclones="5">
			<source file="../../workspace/dataset/test/test_read_set_format.c.ifdefed" startline="29" endline="100" function="DEFINE_TEST" hash="2333526279395416625"></source>
			<source file="../../workspace/dataset/test/test_read_format_rar.c.ifdefed" startline="47" endline="128" function="DEFINE_TEST" hash="-7455731038030152052"></source>
			<source file="../../workspace/dataset/test/test_archive_read_multiple_data_objects.c.ifdefed" startline="42" endline="121" function="test_splitted_file" hash="-5642290133250822820"></source>
			<source file="../../workspace/dataset/test/test_read_format_rar.c.ifdefed" startline="1128" endline="1208" function="DEFINE_TEST" hash="5258517205543878417"></source>
			<source file="../../workspace/dataset/test/test_read_format_rar.c.ifdefed" startline="800" endline="880" function="DEFINE_TEST" hash="5688425904423569062"></source>
		</class>
	</version>
	<version nr="4470" hash="4c38de35" evolution="Subtract" change="Consistent">
		<class nclones="2">
			<source file="../../workspace/dataset/test/test_read_format_rar.c.ifdefed" startline="130" endline="163" function="DEFINE_TEST" hash="7347787519050389751"></source>
			<source file="../../workspace/dataset/test/test_read_format_rar.c.ifdefed" startline="165" endline="198" function="DEFINE_TEST" hash="-8326657658909896514"></source>
		</class>
	</version>
	<version nr="4470" hash="4c38de35" evolution="Add" change="Consistent">
		<class nclones="4">
			<source file="../../workspace/dataset/test/test_read_format_rar.c.ifdefed" startline="438" endline="542" function="DEFINE_TEST" hash="-634553122039628821"></source>
			<source file="../../workspace/dataset/test/test_read_format_rar.c.ifdefed" startline="1019" endline="1126" function="DEFINE_TEST" hash="8178492710978744946"></source>
			<source file="../../workspace/dataset/test/test_read_format_rar.c.ifdefed" startline="587" endline="691" function="DEFINE_TEST" hash="-6430192971850206728"></source>
			<source file="../../workspace/dataset/test/test_read_format_rar.c.ifdefed" startline="882" endline="1017" function="DEFINE_TEST" hash="-2577482925625549261"></source>
		</class>
	</version>
	<version nr="4470" hash="4c38de35" evolution="Subtract" change="Consistent">
		<class nclones="3">
			<source file="../../workspace/dataset/test/test_read_format_rar.c.ifdefed" startline="547" endline="585" function="DEFINE_TEST" hash="-8154355082158996682"></source>
			<source file="../../workspace/dataset/test/test_read_format_rar.c.ifdefed" startline="696" endline="735" function="DEFINE_TEST" hash="-5019404797213644931"></source>
			<source file="../../workspace/dataset/test/test_archive_read_multiple_data_objects.c.ifdefed" startline="123" endline="169" function="test_large_splitted_file" hash="-1879463542919024284"></source>
		</class>
	</version>
	<version nr="4470" hash="4c38de35" evolution="Subtract" change="Consistent">
		<class nclones="2">
			<source file="../../workspace/dataset/test/test_read_format_rar.c.ifdefed" startline="1210" endline="1253" function="DEFINE_TEST" hash="-5308602354601454993"></source>
			<source file="../../workspace/dataset/test/test_read_format_rar.c.ifdefed" startline="1255" endline="1290" function="DEFINE_TEST" hash="8842446203963963948"></source>
		</class>
	</version>
	<version nr="4470" hash="4c38de35" evolution="Same" change="Consistent">
		<class nclones="2">
			<source file="../../workspace/dataset/test/test_read_format_rar.c.ifdefed" startline="3760" endline="3784" function="DEFINE_TEST" hash="4302933968484556921"></source>
			<source file="../../workspace/dataset/test/test_read_format_rar.c.ifdefed" startline="3786" endline="3810" function="DEFINE_TEST" hash="538248458446177702"></source>
		</class>
	</version>
	<version nr="4480" hash="bd87817a" evolution="Add" change="Consistent">
		<class nclones="5">
			<source file="../../workspace/dataset/test/test_read_set_format.c.ifdefed" startline="29" endline="100" function="DEFINE_TEST" hash="2333526279395416625"></source>
			<source file="../../workspace/dataset/test/test_read_format_rar.c.ifdefed" startline="47" endline="128" function="DEFINE_TEST" hash="-7455731038030152052"></source>
			<source file="../../workspace/dataset/test/test_archive_read_multiple_data_objects.c.ifdefed" startline="42" endline="121" function="test_splitted_file" hash="-5642290133250822820"></source>
			<source file="../../workspace/dataset/test/test_read_format_rar.c.ifdefed" startline="800" endline="880" function="DEFINE_TEST" hash="5688425904423569062"></source>
			<source file="../../workspace/dataset/test/test_read_format_rar.c.ifdefed" startline="1128" endline="1208" function="DEFINE_TEST" hash="5258517205543878417"></source>
		</class>
	</version>
	<version nr="4480" hash="bd87817a" evolution="Subtract" change="Consistent">
		<class nclones="2">
			<source file="../../workspace/dataset/test/test_read_format_rar.c.ifdefed" startline="130" endline="163" function="DEFINE_TEST" hash="7347787519050389751"></source>
			<source file="../../workspace/dataset/test/test_read_format_rar.c.ifdefed" startline="165" endline="198" function="DEFINE_TEST" hash="-8326657658909896514"></source>
		</class>
	</version>
	<version nr="4480" hash="bd87817a" evolution="Add" change="Consistent">
		<class nclones="4">
			<source file="../../workspace/dataset/test/test_read_format_rar.c.ifdefed" startline="438" endline="542" function="DEFINE_TEST" hash="-634553122039628821"></source>
			<source file="../../workspace/dataset/test/test_read_format_rar.c.ifdefed" startline="1019" endline="1126" function="DEFINE_TEST" hash="8178492710978744946"></source>
			<source file="../../workspace/dataset/test/test_read_format_rar.c.ifdefed" startline="587" endline="691" function="DEFINE_TEST" hash="-6430192971850206728"></source>
			<source file="../../workspace/dataset/test/test_read_format_rar.c.ifdefed" startline="882" endline="1017" function="DEFINE_TEST" hash="-2577482925625549261"></source>
		</class>
	</version>
	<version nr="4480" hash="bd87817a" evolution="Subtract" change="Consistent">
		<class nclones="3">
			<source file="../../workspace/dataset/test/test_read_format_rar.c.ifdefed" startline="547" endline="585" function="DEFINE_TEST" hash="-8154355082158996682"></source>
			<source file="../../workspace/dataset/test/test_archive_read_multiple_data_objects.c.ifdefed" startline="123" endline="169" function="test_large_splitted_file" hash="-1879463542919024284"></source>
			<source file="../../workspace/dataset/test/test_read_format_rar.c.ifdefed" startline="696" endline="735" function="DEFINE_TEST" hash="-5019404797213644931"></source>
		</class>
	</version>
	<version nr="4480" hash="bd87817a" evolution="Subtract" change="Consistent">
		<class nclones="2">
			<source file="../../workspace/dataset/test/test_read_format_rar.c.ifdefed" startline="1210" endline="1253" function="DEFINE_TEST" hash="-5308602354601454993"></source>
			<source file="../../workspace/dataset/test/test_read_format_rar.c.ifdefed" startline="1255" endline="1290" function="DEFINE_TEST" hash="8842446203963963948"></source>
		</class>
	</version>
	<version nr="4480" hash="bd87817a" evolution="Same" change="Consistent">
		<class nclones="2">
			<source file="../../workspace/dataset/test/test_read_format_rar.c.ifdefed" startline="3760" endline="3784" function="DEFINE_TEST" hash="4302933968484556921"></source>
			<source file="../../workspace/dataset/test/test_read_format_rar.c.ifdefed" startline="3786" endline="3810" function="DEFINE_TEST" hash="538248458446177702"></source>
		</class>
	</version>
	<version nr="4490" hash="0ae4ecd5" evolution="Add" change="Consistent">
		<class nclones="5">
			<source file="../../workspace/dataset/test/test_read_set_format.c.ifdefed" startline="29" endline="100" function="DEFINE_TEST" hash="2333526279395416625"></source>
			<source file="../../workspace/dataset/test/test_read_format_rar.c.ifdefed" startline="47" endline="128" function="DEFINE_TEST" hash="-7455731038030152052"></source>
			<source file="../../workspace/dataset/test/test_archive_read_multiple_data_objects.c.ifdefed" startline="42" endline="121" function="test_splitted_file" hash="-5642290133250822820"></source>
			<source file="../../workspace/dataset/test/test_read_format_rar.c.ifdefed" startline="1128" endline="1208" function="DEFINE_TEST" hash="5258517205543878417"></source>
			<source file="../../workspace/dataset/test/test_read_format_rar.c.ifdefed" startline="800" endline="880" function="DEFINE_TEST" hash="5688425904423569062"></source>
		</class>
	</version>
	<version nr="4490" hash="0ae4ecd5" evolution="Subtract" change="Consistent">
		<class nclones="2">
			<source file="../../workspace/dataset/test/test_read_format_rar.c.ifdefed" startline="130" endline="163" function="DEFINE_TEST" hash="7347787519050389751"></source>
			<source file="../../workspace/dataset/test/test_read_format_rar.c.ifdefed" startline="165" endline="198" function="DEFINE_TEST" hash="-8326657658909896514"></source>
		</class>
	</version>
	<version nr="4490" hash="0ae4ecd5" evolution="Add" change="Consistent">
		<class nclones="4">
			<source file="../../workspace/dataset/test/test_read_format_rar.c.ifdefed" startline="438" endline="542" function="DEFINE_TEST" hash="-634553122039628821"></source>
			<source file="../../workspace/dataset/test/test_read_format_rar.c.ifdefed" startline="1019" endline="1126" function="DEFINE_TEST" hash="8178492710978744946"></source>
			<source file="../../workspace/dataset/test/test_read_format_rar.c.ifdefed" startline="587" endline="691" function="DEFINE_TEST" hash="-6430192971850206728"></source>
			<source file="../../workspace/dataset/test/test_read_format_rar.c.ifdefed" startline="882" endline="1017" function="DEFINE_TEST" hash="-2577482925625549261"></source>
		</class>
	</version>
	<version nr="4490" hash="0ae4ecd5" evolution="Subtract" change="Consistent">
		<class nclones="3">
			<source file="../../workspace/dataset/test/test_read_format_rar.c.ifdefed" startline="547" endline="585" function="DEFINE_TEST" hash="-8154355082158996682"></source>
			<source file="../../workspace/dataset/test/test_read_format_rar.c.ifdefed" startline="696" endline="735" function="DEFINE_TEST" hash="-5019404797213644931"></source>
			<source file="../../workspace/dataset/test/test_archive_read_multiple_data_objects.c.ifdefed" startline="123" endline="169" function="test_large_splitted_file" hash="-1879463542919024284"></source>
		</class>
	</version>
	<version nr="4490" hash="0ae4ecd5" evolution="Subtract" change="Consistent">
		<class nclones="2">
			<source file="../../workspace/dataset/test/test_read_format_rar.c.ifdefed" startline="1210" endline="1253" function="DEFINE_TEST" hash="-5308602354601454993"></source>
			<source file="../../workspace/dataset/test/test_read_format_rar.c.ifdefed" startline="1255" endline="1290" function="DEFINE_TEST" hash="8842446203963963948"></source>
		</class>
	</version>
	<version nr="4490" hash="0ae4ecd5" evolution="Same" change="Consistent">
		<class nclones="2">
			<source file="../../workspace/dataset/test/test_read_format_rar.c.ifdefed" startline="3760" endline="3784" function="DEFINE_TEST" hash="4302933968484556921"></source>
			<source file="../../workspace/dataset/test/test_read_format_rar.c.ifdefed" startline="3786" endline="3810" function="DEFINE_TEST" hash="538248458446177702"></source>
		</class>
	</version>
	<version nr="4500" hash="833821f5" evolution="Add" change="Consistent">
		<class nclones="5">
			<source file="../../workspace/dataset/test/test_read_set_format.c.ifdefed" startline="29" endline="100" function="DEFINE_TEST" hash="2333526279395416625"></source>
			<source file="../../workspace/dataset/test/test_read_format_rar.c.ifdefed" startline="47" endline="128" function="DEFINE_TEST" hash="-7455731038030152052"></source>
			<source file="../../workspace/dataset/test/test_archive_read_multiple_data_objects.c.ifdefed" startline="42" endline="121" function="test_splitted_file" hash="-5642290133250822820"></source>
			<source file="../../workspace/dataset/test/test_read_format_rar.c.ifdefed" startline="1128" endline="1208" function="DEFINE_TEST" hash="5258517205543878417"></source>
			<source file="../../workspace/dataset/test/test_read_format_rar.c.ifdefed" startline="800" endline="880" function="DEFINE_TEST" hash="5688425904423569062"></source>
		</class>
	</version>
	<version nr="4500" hash="833821f5" evolution="Subtract" change="Consistent">
		<class nclones="2">
			<source file="../../workspace/dataset/test/test_read_format_rar.c.ifdefed" startline="130" endline="163" function="DEFINE_TEST" hash="7347787519050389751"></source>
			<source file="../../workspace/dataset/test/test_read_format_rar.c.ifdefed" startline="165" endline="198" function="DEFINE_TEST" hash="-8326657658909896514"></source>
		</class>
	</version>
	<version nr="4500" hash="833821f5" evolution="Add" change="Consistent">
		<class nclones="4">
			<source file="../../workspace/dataset/test/test_read_format_rar.c.ifdefed" startline="438" endline="542" function="DEFINE_TEST" hash="-634553122039628821"></source>
			<source file="../../workspace/dataset/test/test_read_format_rar.c.ifdefed" startline="1019" endline="1126" function="DEFINE_TEST" hash="8178492710978744946"></source>
			<source file="../../workspace/dataset/test/test_read_format_rar.c.ifdefed" startline="587" endline="691" function="DEFINE_TEST" hash="-6430192971850206728"></source>
			<source file="../../workspace/dataset/test/test_read_format_rar.c.ifdefed" startline="882" endline="1017" function="DEFINE_TEST" hash="-2577482925625549261"></source>
		</class>
	</version>
	<version nr="4500" hash="833821f5" evolution="Subtract" change="Consistent">
		<class nclones="3">
			<source file="../../workspace/dataset/test/test_read_format_rar.c.ifdefed" startline="547" endline="585" function="DEFINE_TEST" hash="-8154355082158996682"></source>
			<source file="../../workspace/dataset/test/test_read_format_rar.c.ifdefed" startline="696" endline="735" function="DEFINE_TEST" hash="-5019404797213644931"></source>
			<source file="../../workspace/dataset/test/test_archive_read_multiple_data_objects.c.ifdefed" startline="123" endline="169" function="test_large_splitted_file" hash="-1879463542919024284"></source>
		</class>
	</version>
	<version nr="4500" hash="833821f5" evolution="Subtract" change="Consistent">
		<class nclones="2">
			<source file="../../workspace/dataset/test/test_read_format_rar.c.ifdefed" startline="1210" endline="1253" function="DEFINE_TEST" hash="-5308602354601454993"></source>
			<source file="../../workspace/dataset/test/test_read_format_rar.c.ifdefed" startline="1255" endline="1290" function="DEFINE_TEST" hash="8842446203963963948"></source>
		</class>
	</version>
	<version nr="4500" hash="833821f5" evolution="Same" change="Consistent">
		<class nclones="2">
			<source file="../../workspace/dataset/test/test_read_format_rar.c.ifdefed" startline="3760" endline="3784" function="DEFINE_TEST" hash="4302933968484556921"></source>
			<source file="../../workspace/dataset/test/test_read_format_rar.c.ifdefed" startline="3786" endline="3810" function="DEFINE_TEST" hash="538248458446177702"></source>
		</class>
	</version>
	<version nr="4510" hash="03a745cb" evolution="Add" change="Consistent">
		<class nclones="5">
			<source file="../../workspace/dataset/test/test_read_set_format.c.ifdefed" startline="29" endline="100" function="DEFINE_TEST" hash="2333526279395416625"></source>
			<source file="../../workspace/dataset/test/test_archive_read_multiple_data_objects.c.ifdefed" startline="42" endline="121" function="test_splitted_file" hash="-5642290133250822820"></source>
			<source file="../../workspace/dataset/test/test_read_format_rar.c.ifdefed" startline="47" endline="128" function="DEFINE_TEST" hash="-7455731038030152052"></source>
			<source file="../../workspace/dataset/test/test_read_format_rar.c.ifdefed" startline="1128" endline="1208" function="DEFINE_TEST" hash="5258517205543878417"></source>
			<source file="../../workspace/dataset/test/test_read_format_rar.c.ifdefed" startline="800" endline="880" function="DEFINE_TEST" hash="5688425904423569062"></source>
		</class>
	</version>
	<version nr="4510" hash="03a745cb" evolution="Subtract" change="Consistent">
		<class nclones="2">
			<source file="../../workspace/dataset/test/test_read_format_rar.c.ifdefed" startline="130" endline="163" function="DEFINE_TEST" hash="7347787519050389751"></source>
			<source file="../../workspace/dataset/test/test_read_format_rar.c.ifdefed" startline="165" endline="198" function="DEFINE_TEST" hash="-8326657658909896514"></source>
		</class>
	</version>
	<version nr="4510" hash="03a745cb" evolution="Add" change="Consistent">
		<class nclones="4">
			<source file="../../workspace/dataset/test/test_read_format_rar.c.ifdefed" startline="438" endline="542" function="DEFINE_TEST" hash="-634553122039628821"></source>
			<source file="../../workspace/dataset/test/test_read_format_rar.c.ifdefed" startline="1019" endline="1126" function="DEFINE_TEST" hash="8178492710978744946"></source>
			<source file="../../workspace/dataset/test/test_read_format_rar.c.ifdefed" startline="587" endline="691" function="DEFINE_TEST" hash="-6430192971850206728"></source>
			<source file="../../workspace/dataset/test/test_read_format_rar.c.ifdefed" startline="882" endline="1017" function="DEFINE_TEST" hash="-2577482925625549261"></source>
		</class>
	</version>
	<version nr="4510" hash="03a745cb" evolution="Subtract" change="Consistent">
		<class nclones="3">
			<source file="../../workspace/dataset/test/test_read_format_rar.c.ifdefed" startline="547" endline="585" function="DEFINE_TEST" hash="-8154355082158996682"></source>
			<source file="../../workspace/dataset/test/test_archive_read_multiple_data_objects.c.ifdefed" startline="123" endline="169" function="test_large_splitted_file" hash="-1879463542919024284"></source>
			<source file="../../workspace/dataset/test/test_read_format_rar.c.ifdefed" startline="696" endline="735" function="DEFINE_TEST" hash="-5019404797213644931"></source>
		</class>
	</version>
	<version nr="4510" hash="03a745cb" evolution="Subtract" change="Consistent">
		<class nclones="2">
			<source file="../../workspace/dataset/test/test_read_format_rar.c.ifdefed" startline="1210" endline="1253" function="DEFINE_TEST" hash="-5308602354601454993"></source>
			<source file="../../workspace/dataset/test/test_read_format_rar.c.ifdefed" startline="1255" endline="1290" function="DEFINE_TEST" hash="8842446203963963948"></source>
		</class>
	</version>
	<version nr="4510" hash="03a745cb" evolution="Same" change="Consistent">
		<class nclones="2">
			<source file="../../workspace/dataset/test/test_read_format_rar.c.ifdefed" startline="3760" endline="3784" function="DEFINE_TEST" hash="4302933968484556921"></source>
			<source file="../../workspace/dataset/test/test_read_format_rar.c.ifdefed" startline="3786" endline="3810" function="DEFINE_TEST" hash="538248458446177702"></source>
		</class>
	</version>
	<version nr="4520" hash="0fd2ed25" evolution="Add" change="Consistent">
		<class nclones="5">
			<source file="../../workspace/dataset/test/test_read_set_format.c.ifdefed" startline="29" endline="100" function="DEFINE_TEST" hash="2333526279395416625"></source>
			<source file="../../workspace/dataset/test/test_archive_read_multiple_data_objects.c.ifdefed" startline="42" endline="121" function="test_splitted_file" hash="-5642290133250822820"></source>
			<source file="../../workspace/dataset/test/test_read_format_rar.c.ifdefed" startline="47" endline="128" function="DEFINE_TEST" hash="-7455731038030152052"></source>
			<source file="../../workspace/dataset/test/test_read_format_rar.c.ifdefed" startline="1128" endline="1208" function="DEFINE_TEST" hash="5258517205543878417"></source>
			<source file="../../workspace/dataset/test/test_read_format_rar.c.ifdefed" startline="800" endline="880" function="DEFINE_TEST" hash="5688425904423569062"></source>
		</class>
	</version>
	<version nr="4520" hash="0fd2ed25" evolution="Subtract" change="Consistent">
		<class nclones="2">
			<source file="../../workspace/dataset/test/test_read_format_rar.c.ifdefed" startline="130" endline="163" function="DEFINE_TEST" hash="7347787519050389751"></source>
			<source file="../../workspace/dataset/test/test_read_format_rar.c.ifdefed" startline="165" endline="198" function="DEFINE_TEST" hash="-8326657658909896514"></source>
		</class>
	</version>
	<version nr="4520" hash="0fd2ed25" evolution="Add" change="Consistent">
		<class nclones="4">
			<source file="../../workspace/dataset/test/test_read_format_rar.c.ifdefed" startline="438" endline="542" function="DEFINE_TEST" hash="-634553122039628821"></source>
			<source file="../../workspace/dataset/test/test_read_format_rar.c.ifdefed" startline="1019" endline="1126" function="DEFINE_TEST" hash="8178492710978744946"></source>
			<source file="../../workspace/dataset/test/test_read_format_rar.c.ifdefed" startline="587" endline="691" function="DEFINE_TEST" hash="-6430192971850206728"></source>
			<source file="../../workspace/dataset/test/test_read_format_rar.c.ifdefed" startline="882" endline="1017" function="DEFINE_TEST" hash="-2577482925625549261"></source>
		</class>
	</version>
	<version nr="4520" hash="0fd2ed25" evolution="Subtract" change="Consistent">
		<class nclones="3">
			<source file="../../workspace/dataset/test/test_read_format_rar.c.ifdefed" startline="547" endline="585" function="DEFINE_TEST" hash="-8154355082158996682"></source>
			<source file="../../workspace/dataset/test/test_archive_read_multiple_data_objects.c.ifdefed" startline="123" endline="169" function="test_large_splitted_file" hash="-1879463542919024284"></source>
			<source file="../../workspace/dataset/test/test_read_format_rar.c.ifdefed" startline="696" endline="735" function="DEFINE_TEST" hash="-5019404797213644931"></source>
		</class>
	</version>
	<version nr="4520" hash="0fd2ed25" evolution="Subtract" change="Consistent">
		<class nclones="2">
			<source file="../../workspace/dataset/test/test_read_format_rar.c.ifdefed" startline="1210" endline="1253" function="DEFINE_TEST" hash="-5308602354601454993"></source>
			<source file="../../workspace/dataset/test/test_read_format_rar.c.ifdefed" startline="1255" endline="1290" function="DEFINE_TEST" hash="8842446203963963948"></source>
		</class>
	</version>
	<version nr="4520" hash="0fd2ed25" evolution="Same" change="Consistent">
		<class nclones="2">
			<source file="../../workspace/dataset/test/test_read_format_rar.c.ifdefed" startline="3760" endline="3784" function="DEFINE_TEST" hash="4302933968484556921"></source>
			<source file="../../workspace/dataset/test/test_read_format_rar.c.ifdefed" startline="3786" endline="3810" function="DEFINE_TEST" hash="538248458446177702"></source>
		</class>
	</version>
	<version nr="4530" hash="5bb998d8" evolution="Add" change="Consistent">
		<class nclones="5">
			<source file="../../workspace/dataset/test/test_read_set_format.c.ifdefed" startline="29" endline="100" function="DEFINE_TEST" hash="2333526279395416625"></source>
			<source file="../../workspace/dataset/test/test_archive_read_multiple_data_objects.c.ifdefed" startline="42" endline="121" function="test_splitted_file" hash="-5642290133250822820"></source>
			<source file="../../workspace/dataset/test/test_read_format_rar.c.ifdefed" startline="47" endline="128" function="DEFINE_TEST" hash="-7455731038030152052"></source>
			<source file="../../workspace/dataset/test/test_read_format_rar.c.ifdefed" startline="1128" endline="1208" function="DEFINE_TEST" hash="5258517205543878417"></source>
			<source file="../../workspace/dataset/test/test_read_format_rar.c.ifdefed" startline="800" endline="880" function="DEFINE_TEST" hash="5688425904423569062"></source>
		</class>
	</version>
	<version nr="4530" hash="5bb998d8" evolution="Subtract" change="Consistent">
		<class nclones="2">
			<source file="../../workspace/dataset/test/test_read_format_rar.c.ifdefed" startline="130" endline="163" function="DEFINE_TEST" hash="7347787519050389751"></source>
			<source file="../../workspace/dataset/test/test_read_format_rar.c.ifdefed" startline="165" endline="198" function="DEFINE_TEST" hash="-8326657658909896514"></source>
		</class>
	</version>
	<version nr="4530" hash="5bb998d8" evolution="Add" change="Consistent">
		<class nclones="4">
			<source file="../../workspace/dataset/test/test_read_format_rar.c.ifdefed" startline="438" endline="542" function="DEFINE_TEST" hash="-634553122039628821"></source>
			<source file="../../workspace/dataset/test/test_read_format_rar.c.ifdefed" startline="1019" endline="1126" function="DEFINE_TEST" hash="8178492710978744946"></source>
			<source file="../../workspace/dataset/test/test_read_format_rar.c.ifdefed" startline="587" endline="691" function="DEFINE_TEST" hash="-6430192971850206728"></source>
			<source file="../../workspace/dataset/test/test_read_format_rar.c.ifdefed" startline="882" endline="1017" function="DEFINE_TEST" hash="-2577482925625549261"></source>
		</class>
	</version>
	<version nr="4530" hash="5bb998d8" evolution="Subtract" change="Consistent">
		<class nclones="3">
			<source file="../../workspace/dataset/test/test_read_format_rar.c.ifdefed" startline="547" endline="585" function="DEFINE_TEST" hash="-8154355082158996682"></source>
			<source file="../../workspace/dataset/test/test_read_format_rar.c.ifdefed" startline="696" endline="735" function="DEFINE_TEST" hash="-5019404797213644931"></source>
			<source file="../../workspace/dataset/test/test_archive_read_multiple_data_objects.c.ifdefed" startline="123" endline="169" function="test_large_splitted_file" hash="-1879463542919024284"></source>
		</class>
	</version>
	<version nr="4530" hash="5bb998d8" evolution="Subtract" change="Consistent">
		<class nclones="2">
			<source file="../../workspace/dataset/test/test_read_format_rar.c.ifdefed" startline="1210" endline="1253" function="DEFINE_TEST" hash="-5308602354601454993"></source>
			<source file="../../workspace/dataset/test/test_read_format_rar.c.ifdefed" startline="1255" endline="1290" function="DEFINE_TEST" hash="8842446203963963948"></source>
		</class>
	</version>
	<version nr="4530" hash="5bb998d8" evolution="Same" change="Consistent">
		<class nclones="2">
			<source file="../../workspace/dataset/test/test_read_format_rar.c.ifdefed" startline="3760" endline="3784" function="DEFINE_TEST" hash="4302933968484556921"></source>
			<source file="../../workspace/dataset/test/test_read_format_rar.c.ifdefed" startline="3786" endline="3810" function="DEFINE_TEST" hash="538248458446177702"></source>
		</class>
	</version>
	<version nr="4540" hash="e2ad1a2c" evolution="Add" change="Consistent">
		<class nclones="5">
			<source file="../../workspace/dataset/test/test_read_set_format.c.ifdefed" startline="29" endline="100" function="DEFINE_TEST" hash="2333526279395416625"></source>
			<source file="../../workspace/dataset/test/test_archive_read_multiple_data_objects.c.ifdefed" startline="42" endline="121" function="test_splitted_file" hash="-5642290133250822820"></source>
			<source file="../../workspace/dataset/test/test_read_format_rar.c.ifdefed" startline="47" endline="128" function="DEFINE_TEST" hash="-7455731038030152052"></source>
			<source file="../../workspace/dataset/test/test_read_format_rar.c.ifdefed" startline="1128" endline="1208" function="DEFINE_TEST" hash="5258517205543878417"></source>
			<source file="../../workspace/dataset/test/test_read_format_rar.c.ifdefed" startline="800" endline="880" function="DEFINE_TEST" hash="5688425904423569062"></source>
		</class>
	</version>
	<version nr="4540" hash="e2ad1a2c" evolution="Subtract" change="Consistent">
		<class nclones="2">
			<source file="../../workspace/dataset/test/test_read_format_rar.c.ifdefed" startline="130" endline="163" function="DEFINE_TEST" hash="7347787519050389751"></source>
			<source file="../../workspace/dataset/test/test_read_format_rar.c.ifdefed" startline="165" endline="198" function="DEFINE_TEST" hash="-8326657658909896514"></source>
		</class>
	</version>
	<version nr="4540" hash="e2ad1a2c" evolution="Add" change="Consistent">
		<class nclones="4">
			<source file="../../workspace/dataset/test/test_read_format_rar.c.ifdefed" startline="438" endline="542" function="DEFINE_TEST" hash="-634553122039628821"></source>
			<source file="../../workspace/dataset/test/test_read_format_rar.c.ifdefed" startline="1019" endline="1126" function="DEFINE_TEST" hash="8178492710978744946"></source>
			<source file="../../workspace/dataset/test/test_read_format_rar.c.ifdefed" startline="587" endline="691" function="DEFINE_TEST" hash="-6430192971850206728"></source>
			<source file="../../workspace/dataset/test/test_read_format_rar.c.ifdefed" startline="882" endline="1017" function="DEFINE_TEST" hash="-2577482925625549261"></source>
		</class>
	</version>
	<version nr="4540" hash="e2ad1a2c" evolution="Subtract" change="Consistent">
		<class nclones="3">
			<source file="../../workspace/dataset/test/test_read_format_rar.c.ifdefed" startline="547" endline="585" function="DEFINE_TEST" hash="-8154355082158996682"></source>
			<source file="../../workspace/dataset/test/test_read_format_rar.c.ifdefed" startline="696" endline="735" function="DEFINE_TEST" hash="-5019404797213644931"></source>
			<source file="../../workspace/dataset/test/test_archive_read_multiple_data_objects.c.ifdefed" startline="123" endline="169" function="test_large_splitted_file" hash="-1879463542919024284"></source>
		</class>
	</version>
	<version nr="4540" hash="e2ad1a2c" evolution="Subtract" change="Consistent">
		<class nclones="2">
			<source file="../../workspace/dataset/test/test_read_format_rar.c.ifdefed" startline="1210" endline="1253" function="DEFINE_TEST" hash="-5308602354601454993"></source>
			<source file="../../workspace/dataset/test/test_read_format_rar.c.ifdefed" startline="1255" endline="1290" function="DEFINE_TEST" hash="8842446203963963948"></source>
		</class>
	</version>
	<version nr="4540" hash="e2ad1a2c" evolution="Same" change="Consistent">
		<class nclones="2">
			<source file="../../workspace/dataset/test/test_read_format_rar.c.ifdefed" startline="3760" endline="3784" function="DEFINE_TEST" hash="4302933968484556921"></source>
			<source file="../../workspace/dataset/test/test_read_format_rar.c.ifdefed" startline="3786" endline="3810" function="DEFINE_TEST" hash="538248458446177702"></source>
		</class>
	</version>
	<version nr="4550" hash="cc8020be" evolution="Add" change="Consistent">
		<class nclones="5">
			<source file="../../workspace/dataset/test/test_read_set_format.c.ifdefed" startline="29" endline="100" function="DEFINE_TEST" hash="2333526279395416625"></source>
			<source file="../../workspace/dataset/test/test_archive_read_multiple_data_objects.c.ifdefed" startline="42" endline="121" function="test_splitted_file" hash="-5642290133250822820"></source>
			<source file="../../workspace/dataset/test/test_read_format_rar.c.ifdefed" startline="47" endline="128" function="DEFINE_TEST" hash="-7455731038030152052"></source>
			<source file="../../workspace/dataset/test/test_read_format_rar.c.ifdefed" startline="800" endline="880" function="DEFINE_TEST" hash="5688425904423569062"></source>
			<source file="../../workspace/dataset/test/test_read_format_rar.c.ifdefed" startline="1128" endline="1208" function="DEFINE_TEST" hash="5258517205543878417"></source>
		</class>
	</version>
	<version nr="4550" hash="cc8020be" evolution="Subtract" change="Consistent">
		<class nclones="2">
			<source file="../../workspace/dataset/test/test_read_format_rar.c.ifdefed" startline="130" endline="163" function="DEFINE_TEST" hash="7347787519050389751"></source>
			<source file="../../workspace/dataset/test/test_read_format_rar.c.ifdefed" startline="165" endline="198" function="DEFINE_TEST" hash="-8326657658909896514"></source>
		</class>
	</version>
	<version nr="4550" hash="cc8020be" evolution="Add" change="Consistent">
		<class nclones="4">
			<source file="../../workspace/dataset/test/test_read_format_rar.c.ifdefed" startline="438" endline="542" function="DEFINE_TEST" hash="-634553122039628821"></source>
			<source file="../../workspace/dataset/test/test_read_format_rar.c.ifdefed" startline="587" endline="691" function="DEFINE_TEST" hash="-6430192971850206728"></source>
			<source file="../../workspace/dataset/test/test_read_format_rar.c.ifdefed" startline="1019" endline="1126" function="DEFINE_TEST" hash="8178492710978744946"></source>
			<source file="../../workspace/dataset/test/test_read_format_rar.c.ifdefed" startline="882" endline="1017" function="DEFINE_TEST" hash="-2577482925625549261"></source>
		</class>
	</version>
	<version nr="4550" hash="cc8020be" evolution="Subtract" change="Consistent">
		<class nclones="3">
			<source file="../../workspace/dataset/test/test_read_format_rar.c.ifdefed" startline="547" endline="585" function="DEFINE_TEST" hash="-8154355082158996682"></source>
			<source file="../../workspace/dataset/test/test_read_format_rar.c.ifdefed" startline="696" endline="735" function="DEFINE_TEST" hash="-5019404797213644931"></source>
			<source file="../../workspace/dataset/test/test_archive_read_multiple_data_objects.c.ifdefed" startline="123" endline="169" function="test_large_splitted_file" hash="-1879463542919024284"></source>
		</class>
	</version>
	<version nr="4550" hash="cc8020be" evolution="Subtract" change="Consistent">
		<class nclones="2">
			<source file="../../workspace/dataset/test/test_read_format_rar.c.ifdefed" startline="1210" endline="1253" function="DEFINE_TEST" hash="-5308602354601454993"></source>
			<source file="../../workspace/dataset/test/test_read_format_rar.c.ifdefed" startline="1255" endline="1290" function="DEFINE_TEST" hash="8842446203963963948"></source>
		</class>
	</version>
	<version nr="4550" hash="cc8020be" evolution="Same" change="Consistent">
		<class nclones="2">
			<source file="../../workspace/dataset/test/test_read_format_rar.c.ifdefed" startline="3760" endline="3784" function="DEFINE_TEST" hash="4302933968484556921"></source>
			<source file="../../workspace/dataset/test/test_read_format_rar.c.ifdefed" startline="3786" endline="3810" function="DEFINE_TEST" hash="538248458446177702"></source>
		</class>
	</version>
	<version nr="4560" hash="09dcd243" evolution="Add" change="Consistent">
		<class nclones="5">
			<source file="../../workspace/dataset/test/test_read_set_format.c.ifdefed" startline="29" endline="100" function="DEFINE_TEST" hash="2333526279395416625"></source>
			<source file="../../workspace/dataset/test/test_read_format_rar.c.ifdefed" startline="47" endline="128" function="DEFINE_TEST" hash="-7455731038030152052"></source>
			<source file="../../workspace/dataset/test/test_archive_read_multiple_data_objects.c.ifdefed" startline="42" endline="121" function="test_splitted_file" hash="-5642290133250822820"></source>
			<source file="../../workspace/dataset/test/test_read_format_rar.c.ifdefed" startline="1128" endline="1208" function="DEFINE_TEST" hash="5258517205543878417"></source>
			<source file="../../workspace/dataset/test/test_read_format_rar.c.ifdefed" startline="800" endline="880" function="DEFINE_TEST" hash="5688425904423569062"></source>
		</class>
	</version>
	<version nr="4560" hash="09dcd243" evolution="Subtract" change="Consistent">
		<class nclones="2">
			<source file="../../workspace/dataset/test/test_read_format_rar.c.ifdefed" startline="130" endline="163" function="DEFINE_TEST" hash="7347787519050389751"></source>
			<source file="../../workspace/dataset/test/test_read_format_rar.c.ifdefed" startline="165" endline="198" function="DEFINE_TEST" hash="-8326657658909896514"></source>
		</class>
	</version>
	<version nr="4560" hash="09dcd243" evolution="Add" change="Consistent">
		<class nclones="4">
			<source file="../../workspace/dataset/test/test_read_format_rar.c.ifdefed" startline="438" endline="542" function="DEFINE_TEST" hash="-634553122039628821"></source>
			<source file="../../workspace/dataset/test/test_read_format_rar.c.ifdefed" startline="1019" endline="1126" function="DEFINE_TEST" hash="8178492710978744946"></source>
			<source file="../../workspace/dataset/test/test_read_format_rar.c.ifdefed" startline="587" endline="691" function="DEFINE_TEST" hash="-6430192971850206728"></source>
			<source file="../../workspace/dataset/test/test_read_format_rar.c.ifdefed" startline="882" endline="1017" function="DEFINE_TEST" hash="-2577482925625549261"></source>
		</class>
	</version>
	<version nr="4560" hash="09dcd243" evolution="Subtract" change="Consistent">
		<class nclones="3">
			<source file="../../workspace/dataset/test/test_read_format_rar.c.ifdefed" startline="547" endline="585" function="DEFINE_TEST" hash="-8154355082158996682"></source>
			<source file="../../workspace/dataset/test/test_archive_read_multiple_data_objects.c.ifdefed" startline="123" endline="169" function="test_large_splitted_file" hash="-1879463542919024284"></source>
			<source file="../../workspace/dataset/test/test_read_format_rar.c.ifdefed" startline="696" endline="735" function="DEFINE_TEST" hash="-5019404797213644931"></source>
		</class>
	</version>
	<version nr="4560" hash="09dcd243" evolution="Subtract" change="Consistent">
		<class nclones="2">
			<source file="../../workspace/dataset/test/test_read_format_rar.c.ifdefed" startline="1210" endline="1253" function="DEFINE_TEST" hash="-5308602354601454993"></source>
			<source file="../../workspace/dataset/test/test_read_format_rar.c.ifdefed" startline="1255" endline="1290" function="DEFINE_TEST" hash="8842446203963963948"></source>
		</class>
	</version>
	<version nr="4560" hash="09dcd243" evolution="Same" change="Consistent">
		<class nclones="2">
			<source file="../../workspace/dataset/test/test_read_format_rar.c.ifdefed" startline="3760" endline="3784" function="DEFINE_TEST" hash="4302933968484556921"></source>
			<source file="../../workspace/dataset/test/test_read_format_rar.c.ifdefed" startline="3786" endline="3810" function="DEFINE_TEST" hash="538248458446177702"></source>
		</class>
	</version>
	<version nr="4570" hash="56c920ea" evolution="Add" change="Consistent">
		<class nclones="5">
			<source file="../../workspace/dataset/test/test_read_set_format.c.ifdefed" startline="29" endline="100" function="DEFINE_TEST" hash="2333526279395416625"></source>
			<source file="../../workspace/dataset/test/test_read_format_rar.c.ifdefed" startline="47" endline="128" function="DEFINE_TEST" hash="-7455731038030152052"></source>
			<source file="../../workspace/dataset/test/test_archive_read_multiple_data_objects.c.ifdefed" startline="42" endline="121" function="test_splitted_file" hash="-5642290133250822820"></source>
			<source file="../../workspace/dataset/test/test_read_format_rar.c.ifdefed" startline="1128" endline="1208" function="DEFINE_TEST" hash="5258517205543878417"></source>
			<source file="../../workspace/dataset/test/test_read_format_rar.c.ifdefed" startline="800" endline="880" function="DEFINE_TEST" hash="5688425904423569062"></source>
		</class>
	</version>
	<version nr="4570" hash="56c920ea" evolution="Subtract" change="Consistent">
		<class nclones="2">
			<source file="../../workspace/dataset/test/test_read_format_rar.c.ifdefed" startline="130" endline="163" function="DEFINE_TEST" hash="7347787519050389751"></source>
			<source file="../../workspace/dataset/test/test_read_format_rar.c.ifdefed" startline="165" endline="198" function="DEFINE_TEST" hash="-8326657658909896514"></source>
		</class>
	</version>
	<version nr="4570" hash="56c920ea" evolution="Add" change="Consistent">
		<class nclones="4">
			<source file="../../workspace/dataset/test/test_read_format_rar.c.ifdefed" startline="438" endline="542" function="DEFINE_TEST" hash="-634553122039628821"></source>
			<source file="../../workspace/dataset/test/test_read_format_rar.c.ifdefed" startline="1019" endline="1126" function="DEFINE_TEST" hash="8178492710978744946"></source>
			<source file="../../workspace/dataset/test/test_read_format_rar.c.ifdefed" startline="587" endline="691" function="DEFINE_TEST" hash="-6430192971850206728"></source>
			<source file="../../workspace/dataset/test/test_read_format_rar.c.ifdefed" startline="882" endline="1017" function="DEFINE_TEST" hash="-2577482925625549261"></source>
		</class>
	</version>
	<version nr="4570" hash="56c920ea" evolution="Subtract" change="Consistent">
		<class nclones="3">
			<source file="../../workspace/dataset/test/test_read_format_rar.c.ifdefed" startline="547" endline="585" function="DEFINE_TEST" hash="-8154355082158996682"></source>
			<source file="../../workspace/dataset/test/test_read_format_rar.c.ifdefed" startline="696" endline="735" function="DEFINE_TEST" hash="-5019404797213644931"></source>
			<source file="../../workspace/dataset/test/test_archive_read_multiple_data_objects.c.ifdefed" startline="123" endline="169" function="test_large_splitted_file" hash="-1879463542919024284"></source>
		</class>
	</version>
	<version nr="4570" hash="56c920ea" evolution="Subtract" change="Consistent">
		<class nclones="2">
			<source file="../../workspace/dataset/test/test_read_format_rar.c.ifdefed" startline="1210" endline="1253" function="DEFINE_TEST" hash="-5308602354601454993"></source>
			<source file="../../workspace/dataset/test/test_read_format_rar.c.ifdefed" startline="1255" endline="1290" function="DEFINE_TEST" hash="8842446203963963948"></source>
		</class>
	</version>
	<version nr="4570" hash="56c920ea" evolution="Same" change="Consistent">
		<class nclones="2">
			<source file="../../workspace/dataset/test/test_read_format_rar.c.ifdefed" startline="3760" endline="3784" function="DEFINE_TEST" hash="4302933968484556921"></source>
			<source file="../../workspace/dataset/test/test_read_format_rar.c.ifdefed" startline="3786" endline="3810" function="DEFINE_TEST" hash="538248458446177702"></source>
		</class>
	</version>
	<version nr="4580" hash="dd733f5c" evolution="Add" change="Consistent">
		<class nclones="5">
			<source file="../../workspace/dataset/test/test_read_set_format.c.ifdefed" startline="29" endline="100" function="DEFINE_TEST" hash="2333526279395416625"></source>
			<source file="../../workspace/dataset/test/test_archive_read_multiple_data_objects.c.ifdefed" startline="42" endline="121" function="test_splitted_file" hash="-5642290133250822820"></source>
			<source file="../../workspace/dataset/test/test_read_format_rar.c.ifdefed" startline="47" endline="128" function="DEFINE_TEST" hash="-7455731038030152052"></source>
			<source file="../../workspace/dataset/test/test_read_format_rar.c.ifdefed" startline="800" endline="880" function="DEFINE_TEST" hash="5688425904423569062"></source>
			<source file="../../workspace/dataset/test/test_read_format_rar.c.ifdefed" startline="1128" endline="1208" function="DEFINE_TEST" hash="5258517205543878417"></source>
		</class>
	</version>
	<version nr="4580" hash="dd733f5c" evolution="Subtract" change="Consistent">
		<class nclones="2">
			<source file="../../workspace/dataset/test/test_read_format_rar.c.ifdefed" startline="130" endline="163" function="DEFINE_TEST" hash="7347787519050389751"></source>
			<source file="../../workspace/dataset/test/test_read_format_rar.c.ifdefed" startline="165" endline="198" function="DEFINE_TEST" hash="-8326657658909896514"></source>
		</class>
	</version>
	<version nr="4580" hash="dd733f5c" evolution="Add" change="Consistent">
		<class nclones="4">
			<source file="../../workspace/dataset/test/test_read_format_rar.c.ifdefed" startline="438" endline="542" function="DEFINE_TEST" hash="-634553122039628821"></source>
			<source file="../../workspace/dataset/test/test_read_format_rar.c.ifdefed" startline="1019" endline="1126" function="DEFINE_TEST" hash="8178492710978744946"></source>
			<source file="../../workspace/dataset/test/test_read_format_rar.c.ifdefed" startline="587" endline="691" function="DEFINE_TEST" hash="-6430192971850206728"></source>
			<source file="../../workspace/dataset/test/test_read_format_rar.c.ifdefed" startline="882" endline="1017" function="DEFINE_TEST" hash="-2577482925625549261"></source>
		</class>
	</version>
	<version nr="4580" hash="dd733f5c" evolution="Subtract" change="Consistent">
		<class nclones="3">
			<source file="../../workspace/dataset/test/test_read_format_rar.c.ifdefed" startline="547" endline="585" function="DEFINE_TEST" hash="-8154355082158996682"></source>
			<source file="../../workspace/dataset/test/test_archive_read_multiple_data_objects.c.ifdefed" startline="123" endline="169" function="test_large_splitted_file" hash="-1879463542919024284"></source>
			<source file="../../workspace/dataset/test/test_read_format_rar.c.ifdefed" startline="696" endline="735" function="DEFINE_TEST" hash="-5019404797213644931"></source>
		</class>
	</version>
	<version nr="4580" hash="dd733f5c" evolution="Subtract" change="Consistent">
		<class nclones="2">
			<source file="../../workspace/dataset/test/test_read_format_rar.c.ifdefed" startline="1210" endline="1253" function="DEFINE_TEST" hash="-5308602354601454993"></source>
			<source file="../../workspace/dataset/test/test_read_format_rar.c.ifdefed" startline="1255" endline="1290" function="DEFINE_TEST" hash="8842446203963963948"></source>
		</class>
	</version>
	<version nr="4580" hash="dd733f5c" evolution="Same" change="Consistent">
		<class nclones="2">
			<source file="../../workspace/dataset/test/test_read_format_rar.c.ifdefed" startline="3760" endline="3784" function="DEFINE_TEST" hash="4302933968484556921"></source>
			<source file="../../workspace/dataset/test/test_read_format_rar.c.ifdefed" startline="3786" endline="3810" function="DEFINE_TEST" hash="538248458446177702"></source>
		</class>
	</version>
	<version nr="4590" hash="a1f65ab7" evolution="Add" change="Consistent">
		<class nclones="5">
			<source file="../../workspace/dataset/test/test_read_set_format.c.ifdefed" startline="29" endline="100" function="DEFINE_TEST" hash="2333526279395416625"></source>
			<source file="../../workspace/dataset/test/test_archive_read_multiple_data_objects.c.ifdefed" startline="42" endline="121" function="test_splitted_file" hash="-5642290133250822820"></source>
			<source file="../../workspace/dataset/test/test_read_format_rar.c.ifdefed" startline="47" endline="128" function="DEFINE_TEST" hash="-7455731038030152052"></source>
			<source file="../../workspace/dataset/test/test_read_format_rar.c.ifdefed" startline="800" endline="880" function="DEFINE_TEST" hash="5688425904423569062"></source>
			<source file="../../workspace/dataset/test/test_read_format_rar.c.ifdefed" startline="1128" endline="1208" function="DEFINE_TEST" hash="5258517205543878417"></source>
		</class>
	</version>
	<version nr="4590" hash="a1f65ab7" evolution="Subtract" change="Consistent">
		<class nclones="2">
			<source file="../../workspace/dataset/test/test_read_format_rar.c.ifdefed" startline="130" endline="163" function="DEFINE_TEST" hash="7347787519050389751"></source>
			<source file="../../workspace/dataset/test/test_read_format_rar.c.ifdefed" startline="165" endline="198" function="DEFINE_TEST" hash="-8326657658909896514"></source>
		</class>
	</version>
	<version nr="4590" hash="a1f65ab7" evolution="Add" change="Consistent">
		<class nclones="4">
			<source file="../../workspace/dataset/test/test_read_format_rar.c.ifdefed" startline="438" endline="542" function="DEFINE_TEST" hash="-634553122039628821"></source>
			<source file="../../workspace/dataset/test/test_read_format_rar.c.ifdefed" startline="1019" endline="1126" function="DEFINE_TEST" hash="8178492710978744946"></source>
			<source file="../../workspace/dataset/test/test_read_format_rar.c.ifdefed" startline="587" endline="691" function="DEFINE_TEST" hash="-6430192971850206728"></source>
			<source file="../../workspace/dataset/test/test_read_format_rar.c.ifdefed" startline="882" endline="1017" function="DEFINE_TEST" hash="-2577482925625549261"></source>
		</class>
	</version>
	<version nr="4590" hash="a1f65ab7" evolution="Subtract" change="Consistent">
		<class nclones="3">
			<source file="../../workspace/dataset/test/test_read_format_rar.c.ifdefed" startline="547" endline="585" function="DEFINE_TEST" hash="-8154355082158996682"></source>
			<source file="../../workspace/dataset/test/test_read_format_rar.c.ifdefed" startline="696" endline="735" function="DEFINE_TEST" hash="-5019404797213644931"></source>
			<source file="../../workspace/dataset/test/test_archive_read_multiple_data_objects.c.ifdefed" startline="123" endline="169" function="test_large_splitted_file" hash="-1879463542919024284"></source>
		</class>
	</version>
	<version nr="4590" hash="a1f65ab7" evolution="Subtract" change="Consistent">
		<class nclones="2">
			<source file="../../workspace/dataset/test/test_read_format_rar.c.ifdefed" startline="1210" endline="1253" function="DEFINE_TEST" hash="-5308602354601454993"></source>
			<source file="../../workspace/dataset/test/test_read_format_rar.c.ifdefed" startline="1255" endline="1290" function="DEFINE_TEST" hash="8842446203963963948"></source>
		</class>
	</version>
	<version nr="4590" hash="a1f65ab7" evolution="Same" change="Consistent">
		<class nclones="2">
			<source file="../../workspace/dataset/test/test_read_format_rar.c.ifdefed" startline="3760" endline="3784" function="DEFINE_TEST" hash="4302933968484556921"></source>
			<source file="../../workspace/dataset/test/test_read_format_rar.c.ifdefed" startline="3786" endline="3810" function="DEFINE_TEST" hash="538248458446177702"></source>
		</class>
	</version>
	<version nr="4600" hash="fd8fe9c5" evolution="Add" change="Consistent">
		<class nclones="5">
			<source file="../../workspace/dataset/test/test_read_set_format.c.ifdefed" startline="29" endline="100" function="DEFINE_TEST" hash="2333526279395416625"></source>
			<source file="../../workspace/dataset/test/test_archive_read_multiple_data_objects.c.ifdefed" startline="42" endline="121" function="test_splitted_file" hash="-5642290133250822820"></source>
			<source file="../../workspace/dataset/test/test_read_format_rar.c.ifdefed" startline="47" endline="128" function="DEFINE_TEST" hash="-7455731038030152052"></source>
			<source file="../../workspace/dataset/test/test_read_format_rar.c.ifdefed" startline="800" endline="880" function="DEFINE_TEST" hash="5688425904423569062"></source>
			<source file="../../workspace/dataset/test/test_read_format_rar.c.ifdefed" startline="1128" endline="1208" function="DEFINE_TEST" hash="5258517205543878417"></source>
		</class>
	</version>
	<version nr="4600" hash="fd8fe9c5" evolution="Subtract" change="Consistent">
		<class nclones="2">
			<source file="../../workspace/dataset/test/test_read_format_rar.c.ifdefed" startline="130" endline="163" function="DEFINE_TEST" hash="7347787519050389751"></source>
			<source file="../../workspace/dataset/test/test_read_format_rar.c.ifdefed" startline="165" endline="198" function="DEFINE_TEST" hash="-8326657658909896514"></source>
		</class>
	</version>
	<version nr="4600" hash="fd8fe9c5" evolution="Add" change="Consistent">
		<class nclones="4">
			<source file="../../workspace/dataset/test/test_read_format_rar.c.ifdefed" startline="438" endline="542" function="DEFINE_TEST" hash="-634553122039628821"></source>
			<source file="../../workspace/dataset/test/test_read_format_rar.c.ifdefed" startline="1019" endline="1126" function="DEFINE_TEST" hash="8178492710978744946"></source>
			<source file="../../workspace/dataset/test/test_read_format_rar.c.ifdefed" startline="587" endline="691" function="DEFINE_TEST" hash="-6430192971850206728"></source>
			<source file="../../workspace/dataset/test/test_read_format_rar.c.ifdefed" startline="882" endline="1017" function="DEFINE_TEST" hash="-2577482925625549261"></source>
		</class>
	</version>
	<version nr="4600" hash="fd8fe9c5" evolution="Subtract" change="Consistent">
		<class nclones="3">
			<source file="../../workspace/dataset/test/test_read_format_rar.c.ifdefed" startline="547" endline="585" function="DEFINE_TEST" hash="-8154355082158996682"></source>
			<source file="../../workspace/dataset/test/test_archive_read_multiple_data_objects.c.ifdefed" startline="123" endline="169" function="test_large_splitted_file" hash="-1879463542919024284"></source>
			<source file="../../workspace/dataset/test/test_read_format_rar.c.ifdefed" startline="696" endline="735" function="DEFINE_TEST" hash="-5019404797213644931"></source>
		</class>
	</version>
	<version nr="4600" hash="fd8fe9c5" evolution="Subtract" change="Consistent">
		<class nclones="2">
			<source file="../../workspace/dataset/test/test_read_format_rar.c.ifdefed" startline="1210" endline="1253" function="DEFINE_TEST" hash="-5308602354601454993"></source>
			<source file="../../workspace/dataset/test/test_read_format_rar.c.ifdefed" startline="1255" endline="1290" function="DEFINE_TEST" hash="8842446203963963948"></source>
		</class>
	</version>
	<version nr="4600" hash="fd8fe9c5" evolution="Same" change="Consistent">
		<class nclones="2">
			<source file="../../workspace/dataset/test/test_read_format_rar.c.ifdefed" startline="3760" endline="3784" function="DEFINE_TEST" hash="4302933968484556921"></source>
			<source file="../../workspace/dataset/test/test_read_format_rar.c.ifdefed" startline="3786" endline="3810" function="DEFINE_TEST" hash="538248458446177702"></source>
		</class>
	</version>
</lineage>
<lineage>
	<version nr="2780" hash="bb1ec426" evolution="None" change="None">
		<class nclones="2">
			<source file="../../workspace/dataset/test/test_read_format_rar.c.ifdefed" startline="30" endline="102" function="test_basic" hash="7685434133732536470"></source>
			<source file="../../workspace/dataset/test/test_read_format_rar.c.ifdefed" startline="673" endline="744" function="test_windows" hash="-1689387087850138235"></source>
		</class>
	</version>
	<version nr="2790" hash="6b04cb99" evolution="Add" change="Same">
		<class nclones="3">
			<source file="../../workspace/dataset/test/test_read_format_rar.c.ifdefed" startline="30" endline="102" function="test_basic" hash="7685434133732536470"></source>
			<source file="../../workspace/dataset/test/test_read_format_rar.c.ifdefed" startline="746" endline="817" function="test_sfx" hash="-4676240331169740858"></source>
			<source file="../../workspace/dataset/test/test_read_format_rar.c.ifdefed" startline="673" endline="744" function="test_windows" hash="-1689387087850138235"></source>
		</class>
	</version>
	<version nr="3270" hash="613b157a" evolution="Same" change="Same">
		<class nclones="3">
			<source file="../../workspace/dataset/test/test_read_format_rar.c.ifdefed" startline="30" endline="102" function="test_basic" hash="7685434133732536470"></source>
			<source file="../../workspace/dataset/test/test_read_format_rar.c.ifdefed" startline="780" endline="851" function="test_sfx" hash="-4676240331169740858"></source>
			<source file="../../workspace/dataset/test/test_read_format_rar.c.ifdefed" startline="707" endline="778" function="test_windows" hash="-1689387087850138235"></source>
		</class>
	</version>
	<version nr="3280" hash="73875693" evolution="Add" change="Same">
		<class nclones="5">
			<source file="../../workspace/dataset/test/test_read_format_rar.c.ifdefed" startline="31" endline="103" function="test_basic" hash="7685434133732536470"></source>
			<source file="../../workspace/dataset/test/test_archive_read_multiple_data_objects.c.ifdefed" startline="250" endline="349" function="test_customized_multiple_data_objects" hash="-3785884956904370651"></source>
			<source file="../../workspace/dataset/test/test_read_format_rar.c.ifdefed" startline="1021" endline="1092" function="test_sfx" hash="-4676240331169740858"></source>
			<source file="../../workspace/dataset/test/test_archive_read_multiple_data_objects.c.ifdefed" startline="37" endline="116" function="test_splitted_file" hash="-5642290133250822820"></source>
			<source file="../../workspace/dataset/test/test_read_format_rar.c.ifdefed" startline="728" endline="799" function="test_windows" hash="-1689387087850138235"></source>
		</class>
	</version>
	<version nr="3310" hash="221f63f2" evolution="Same" change="Same">
		<class nclones="5">
			<source file="../../workspace/dataset/test/test_read_format_rar.c.ifdefed" startline="31" endline="103" function="test_basic" hash="7685434133732536470"></source>
			<source file="../../workspace/dataset/test/test_archive_read_multiple_data_objects.c.ifdefed" startline="37" endline="116" function="test_splitted_file" hash="-5642290133250822820"></source>
			<source file="../../workspace/dataset/test/test_read_format_rar.c.ifdefed" startline="1021" endline="1092" function="test_sfx" hash="-4676240331169740858"></source>
			<source file="../../workspace/dataset/test/test_read_format_rar.c.ifdefed" startline="728" endline="799" function="test_windows" hash="-1689387087850138235"></source>
			<source file="../../workspace/dataset/test/test_archive_read_multiple_data_objects.c.ifdefed" startline="250" endline="349" function="test_customized_multiple_data_objects" hash="-3785884956904370651"></source>
		</class>
	</version>
	<version nr="3320" hash="bbe315f7" evolution="Same" change="Inconsistent">
		<class nclones="5">
			<source file="../../workspace/dataset/test/test_read_format_rar.c.ifdefed" startline="31" endline="102" function="DEFINE_TEST" hash="-1714647051739152582"></source>
			<source file="../../workspace/dataset/test/test_read_format_rar.c.ifdefed" startline="718" endline="788" function="DEFINE_TEST" hash="-4639527765934655994"></source>
			<source file="../../workspace/dataset/test/test_read_format_rar.c.ifdefed" startline="1008" endline="1078" function="DEFINE_TEST" hash="-7692255302132890009"></source>
			<source file="../../workspace/dataset/test/test_archive_read_multiple_data_objects.c.ifdefed" startline="250" endline="349" function="test_customized_multiple_data_objects" hash="-3785884956904370651"></source>
			<source file="../../workspace/dataset/test/test_archive_read_multiple_data_objects.c.ifdefed" startline="37" endline="116" function="test_splitted_file" hash="-5642290133250822820"></source>
		</class>
	</version>
</lineage>
<lineage>
	<version nr="2890" hash="b5a08860" evolution="None" change="None">
		<class nclones="3">
			<source file="../../workspace/dataset/test/test_read_format_zip.c.ifdefed" startline="106" endline="130" function="test_basic" hash="5556336470523664719"></source>
			<source file="../../workspace/dataset/test/test_read_format_zip.c.ifdefed" startline="173" endline="197" function="test_info_zip_ux" hash="785750825038071804"></source>
			<source file="../../workspace/dataset/test/test_read_format_zip.c.ifdefed" startline="234" endline="258" function="test_extract_length_at_end" hash="635180244306634500"></source>
		</class>
	</version>
	<version nr="3910" hash="9f43a7d6" evolution="Same" change="Same">
		<class nclones="3">
			<source file="../../workspace/dataset/test/test_read_format_zip.c.ifdefed" startline="106" endline="130" function="test_basic" hash="5556336470523664719"></source>
			<source file="../../workspace/dataset/test/test_read_format_zip.c.ifdefed" startline="173" endline="197" function="test_info_zip_ux" hash="785750825038071804"></source>
			<source file="../../workspace/dataset/test/test_read_format_zip.c.ifdefed" startline="234" endline="258" function="test_extract_length_at_end" hash="635180244306634500"></source>
		</class>
	</version>
	<version nr="3920" hash="d77b577b" evolution="Same" change="Consistent">
		<class nclones="3">
			<source file="../../workspace/dataset/test/test_read_format_zip.c.ifdefed" startline="105" endline="130" function="test_basic" hash="-398321405405563854"></source>
			<source file="../../workspace/dataset/test/test_read_format_zip.c.ifdefed" startline="175" endline="200" function="test_info_zip_ux" hash="-980324480637306255"></source>
			<source file="../../workspace/dataset/test/test_read_format_zip.c.ifdefed" startline="239" endline="264" function="test_extract_length_at_end" hash="571792520195729245"></source>
		</class>
	</version>
	<version nr="4380" hash="467d193d" evolution="Same" change="Same">
		<class nclones="3">
			<source file="../../workspace/dataset/test/test_read_format_zip.c.ifdefed" startline="105" endline="130" function="test_basic" hash="-398321405405563854"></source>
			<source file="../../workspace/dataset/test/test_read_format_zip.c.ifdefed" startline="175" endline="200" function="test_info_zip_ux" hash="-980324480637306255"></source>
			<source file="../../workspace/dataset/test/test_read_format_zip.c.ifdefed" startline="239" endline="264" function="test_extract_length_at_end" hash="571792520195729245"></source>
		</class>
	</version>
	<version nr="4390" hash="343642bc" evolution="Same" change="Consistent">
		<class nclones="3">
			<source file="../../workspace/dataset/test/test_read_format_zip.c.ifdefed" startline="179" endline="204" function="test_basic" hash="8126884202749824016"></source>
			<source file="../../workspace/dataset/test/test_read_format_zip.c.ifdefed" startline="249" endline="274" function="test_info_zip_ux" hash="-2789772134778562061"></source>
			<source file="../../workspace/dataset/test/test_read_format_zip.c.ifdefed" startline="313" endline="338" function="test_extract_length_at_end" hash="2404726474869532359"></source>
		</class>
	</version>
	<version nr="4600" hash="fd8fe9c5" evolution="Same" change="Same">
		<class nclones="3">
			<source file="../../workspace/dataset/test/test_read_format_zip.c.ifdefed" startline="179" endline="204" function="test_basic" hash="8126884202749824016"></source>
			<source file="../../workspace/dataset/test/test_read_format_zip.c.ifdefed" startline="249" endline="274" function="test_info_zip_ux" hash="-2789772134778562061"></source>
			<source file="../../workspace/dataset/test/test_read_format_zip.c.ifdefed" startline="313" endline="338" function="test_extract_length_at_end" hash="2404726474869532359"></source>
		</class>
	</version>
</lineage>
<lineage>
	<version nr="2900" hash="936b5d19" evolution="None" change="None">
		<class nclones="3">
			<source file="../../workspace/dataset/test/test_read_format_7zip.c.ifdefed" startline="32" endline="68" function="test_copy" hash="1785230023525061790"></source>
			<source file="../../workspace/dataset/test/test_read_format_7zip.c.ifdefed" startline="144" endline="179" function="text_plain_header" hash="5995645915398290313"></source>
			<source file="../../workspace/dataset/test/test_read_format_7zip.c.ifdefed" startline="105" endline="138" function="test_empty_file" hash="-4838474747663119413"></source>
		</class>
	</version>
	<version nr="2950" hash="5c94defe" evolution="Same" change="Same">
		<class nclones="3">
			<source file="../../workspace/dataset/test/test_read_format_7zip.c.ifdefed" startline="32" endline="68" function="test_copy" hash="1785230023525061790"></source>
			<source file="../../workspace/dataset/test/test_read_format_7zip.c.ifdefed" startline="144" endline="179" function="text_plain_header" hash="5995645915398290313"></source>
			<source file="../../workspace/dataset/test/test_read_format_7zip.c.ifdefed" startline="105" endline="138" function="test_empty_file" hash="-4838474747663119413"></source>
		</class>
	</version>
	<version nr="2960" hash="b752880a" evolution="Subtract" change="Same">
		<class nclones="2">
			<source file="../../workspace/dataset/test/test_read_format_7zip.c.ifdefed" startline="32" endline="68" function="test_copy" hash="1785230023525061790"></source>
			<source file="../../workspace/dataset/test/test_read_format_7zip.c.ifdefed" startline="144" endline="179" function="text_plain_header" hash="5995645915398290313"></source>
		</class>
	</version>
	<version nr="2970" hash="a9af26ba" evolution="Same" change="Inconsistent">
		<class nclones="2">
			<source file="../../workspace/dataset/test/test_read_format_7zip.c.ifdefed" startline="32" endline="68" function="test_copy" hash="1785230023525061790"></source>
			<source file="../../workspace/dataset/test/test_read_format_7zip.c.ifdefed" startline="144" endline="179" function="test_plain_header" hash="1602718909658312111"></source>
		</class>
	</version>
	<version nr="3260" hash="6123cd7b" evolution="Same" change="Same">
		<class nclones="2">
			<source file="../../workspace/dataset/test/test_read_format_7zip.c.ifdefed" startline="32" endline="68" function="test_copy" hash="1785230023525061790"></source>
			<source file="../../workspace/dataset/test/test_read_format_7zip.c.ifdefed" startline="144" endline="179" function="test_plain_header" hash="1602718909658312111"></source>
		</class>
	</version>
	<version nr="3270" hash="613b157a" evolution="Same" change="Inconsistent">
		<class nclones="2">
			<source file="../../workspace/dataset/test/test_read_format_7zip.c.ifdefed" startline="32" endline="68" function="test_copy" hash="239879164936358763"></source>
			<source file="../../workspace/dataset/test/test_read_format_7zip.c.ifdefed" startline="144" endline="179" function="test_plain_header" hash="1602718909658312111"></source>
		</class>
	</version>
	<version nr="3330" hash="66b1a0b7" evolution="Same" change="Same">
		<class nclones="2">
			<source file="../../workspace/dataset/test/test_read_format_7zip.c.ifdefed" startline="32" endline="68" function="test_copy" hash="239879164936358763"></source>
			<source file="../../workspace/dataset/test/test_read_format_7zip.c.ifdefed" startline="144" endline="179" function="test_plain_header" hash="1602718909658312111"></source>
		</class>
	</version>
	<version nr="3340" hash="737e1a51" evolution="Same" change="Consistent">
		<class nclones="2">
			<source file="../../workspace/dataset/test/test_read_format_7zip.c.ifdefed" startline="32" endline="68" function="test_copy" hash="1947110043311630219"></source>
			<source file="../../workspace/dataset/test/test_read_format_7zip.c.ifdefed" startline="144" endline="179" function="test_plain_header" hash="-8857354372723160649"></source>
		</class>
	</version>
	<version nr="3350" hash="42b5086d" evolution="Same" change="Same">
		<class nclones="2">
			<source file="../../workspace/dataset/test/test_read_format_7zip.c.ifdefed" startline="32" endline="68" function="test_copy" hash="1947110043311630219"></source>
			<source file="../../workspace/dataset/test/test_read_format_7zip.c.ifdefed" startline="144" endline="179" function="test_plain_header" hash="-8857354372723160649"></source>
		</class>
	</version>
	<version nr="3360" hash="7a90710e" evolution="Same" change="Consistent">
		<class nclones="2">
			<source file="../../workspace/dataset/test/test_read_format_7zip.c.ifdefed" startline="107" endline="142" function="test_empty_file" hash="5955920050761986125"></source>
			<source file="../../workspace/dataset/test/test_read_format_7zip.c.ifdefed" startline="148" endline="185" function="test_plain_header" hash="155609661796096234"></source>
		</class>
	</version>
	<version nr="4370" hash="5be1a96f" evolution="Same" change="Same">
		<class nclones="2">
			<source file="../../workspace/dataset/test/test_read_format_7zip.c.ifdefed" startline="107" endline="142" function="test_empty_file" hash="5955920050761986125"></source>
			<source file="../../workspace/dataset/test/test_read_format_7zip.c.ifdefed" startline="148" endline="185" function="test_plain_header" hash="155609661796096234"></source>
		</class>
	</version>
	<version nr="4380" hash="467d193d" evolution="Same" change="Inconsistent">
		<class nclones="2">
			<source file="../../workspace/dataset/test/test_read_format_7zip.c.ifdefed" startline="121" endline="156" function="test_empty_file" hash="-6424958852053569913"></source>
			<source file="../../workspace/dataset/test/test_read_format_7zip.c.ifdefed" startline="162" endline="199" function="test_plain_header" hash="155609661796096234"></source>
		</class>
	</version>
	<version nr="4600" hash="fd8fe9c5" evolution="Same" change="Same">
		<class nclones="2">
			<source file="../../workspace/dataset/test/test_read_format_7zip.c.ifdefed" startline="121" endline="156" function="test_empty_file" hash="-6424958852053569913"></source>
			<source file="../../workspace/dataset/test/test_read_format_7zip.c.ifdefed" startline="162" endline="199" function="test_plain_header" hash="155609661796096234"></source>
		</class>
	</version>
</lineage>
<lineage>
	<version nr="2900" hash="936b5d19" evolution="None" change="None">
		<class nclones="2">
			<source file="../../workspace/dataset/test/test_read_format_7zip.c.ifdefed" startline="185" endline="254" function="test_extract_all_files" hash="-429787431166314365"></source>
			<source file="../../workspace/dataset/test/test_read_format_7zip.c.ifdefed" startline="260" endline="323" function="test_extract_last_file" hash="7589898516360995615"></source>
		</class>
	</version>
	<version nr="2950" hash="5c94defe" evolution="Same" change="Same">
		<class nclones="2">
			<source file="../../workspace/dataset/test/test_read_format_7zip.c.ifdefed" startline="185" endline="254" function="test_extract_all_files" hash="-429787431166314365"></source>
			<source file="../../workspace/dataset/test/test_read_format_7zip.c.ifdefed" startline="260" endline="323" function="test_extract_last_file" hash="7589898516360995615"></source>
		</class>
	</version>
	<version nr="2960" hash="b752880a" evolution="Same" change="Consistent">
		<class nclones="2">
			<source file="../../workspace/dataset/test/test_read_format_7zip.c.ifdefed" startline="185" endline="254" function="test_extract_all_files" hash="-2971998529851860753"></source>
			<source file="../../workspace/dataset/test/test_read_format_7zip.c.ifdefed" startline="260" endline="323" function="test_extract_last_file" hash="6383353950172487363"></source>
		</class>
	</version>
	<version nr="2970" hash="a9af26ba" evolution="Same" change="Consistent">
		<class nclones="2">
			<source file="../../workspace/dataset/test/test_read_format_7zip.c.ifdefed" startline="185" endline="254" function="test_extract_all_files" hash="-1101859056440942101"></source>
			<source file="../../workspace/dataset/test/test_read_format_7zip.c.ifdefed" startline="260" endline="323" function="test_extract_last_file" hash="-4962432706248981005"></source>
		</class>
	</version>
	<version nr="3330" hash="66b1a0b7" evolution="Same" change="Same">
		<class nclones="2">
			<source file="../../workspace/dataset/test/test_read_format_7zip.c.ifdefed" startline="185" endline="254" function="test_extract_all_files" hash="-1101859056440942101"></source>
			<source file="../../workspace/dataset/test/test_read_format_7zip.c.ifdefed" startline="260" endline="323" function="test_extract_last_file" hash="-4962432706248981005"></source>
		</class>
	</version>
	<version nr="3340" hash="737e1a51" evolution="Same" change="Consistent">
		<class nclones="2">
			<source file="../../workspace/dataset/test/test_read_format_7zip.c.ifdefed" startline="185" endline="254" function="test_extract_all_files" hash="5073555389499021563"></source>
			<source file="../../workspace/dataset/test/test_read_format_7zip.c.ifdefed" startline="260" endline="323" function="test_extract_last_file" hash="-4806002307951540921"></source>
		</class>
	</version>
	<version nr="3350" hash="42b5086d" evolution="Same" change="Same">
		<class nclones="2">
			<source file="../../workspace/dataset/test/test_read_format_7zip.c.ifdefed" startline="185" endline="254" function="test_extract_all_files" hash="5073555389499021563"></source>
			<source file="../../workspace/dataset/test/test_read_format_7zip.c.ifdefed" startline="260" endline="323" function="test_extract_last_file" hash="-4806002307951540921"></source>
		</class>
	</version>
	<version nr="3360" hash="7a90710e" evolution="Same" change="Consistent">
		<class nclones="2">
			<source file="../../workspace/dataset/test/test_read_format_7zip.c.ifdefed" startline="191" endline="270" function="test_extract_all_files" hash="-7731662987107242496"></source>
			<source file="../../workspace/dataset/test/test_read_format_7zip.c.ifdefed" startline="276" endline="349" function="test_extract_last_file" hash="-780176815687499188"></source>
		</class>
	</version>
	<version nr="4600" hash="fd8fe9c5" evolution="Same" change="Same">
		<class nclones="2">
			<source file="../../workspace/dataset/test/test_read_format_7zip.c.ifdefed" startline="191" endline="270" function="test_extract_all_files" hash="-7731662987107242496"></source>
			<source file="../../workspace/dataset/test/test_read_format_7zip.c.ifdefed" startline="276" endline="349" function="test_extract_last_file" hash="-780176815687499188"></source>
		</class>
	</version>
</lineage>
<lineage>
	<version nr="2900" hash="936b5d19" evolution="None" change="None">
		<class nclones="2">
			<source file="../../workspace/dataset/test/test_read_format_7zip.c.ifdefed" startline="441" endline="490" function="test_delta_lzma" hash="-4770413850156314998"></source>
			<source file="../../workspace/dataset/test/test_read_format_7zip.c.ifdefed" startline="495" endline="544" function="test_bcj_lzma" hash="6729701578843767831"></source>
		</class>
	</version>
	<version nr="2910" hash="7a2e2185" evolution="Same" change="Same">
		<class nclones="2">
			<source file="../../workspace/dataset/test/test_read_format_7zip.c.ifdefed" startline="441" endline="490" function="test_delta_lzma" hash="-4770413850156314998"></source>
			<source file="../../workspace/dataset/test/test_read_format_7zip.c.ifdefed" startline="495" endline="544" function="test_bcj_lzma" hash="6729701578843767831"></source>
		</class>
	</version>
	<version nr="2920" hash="2262216e" evolution="Add" change="Consistent">
		<class nclones="3">
			<source file="../../workspace/dataset/test/test_read_format_7zip.c.ifdefed" startline="441" endline="490" function="test_delta_lzma" hash="3199188549891204433"></source>
			<source file="../../workspace/dataset/test/test_read_format_7zip.c.ifdefed" startline="495" endline="544" function="test_bcj_lzma" hash="-7506229079993868730"></source>
			<source file="../../workspace/dataset/test/test_read_format_7zip.c.ifdefed" startline="549" endline="599" function="test_ppmd" hash="8930361193054985197"></source>
		</class>
	</version>
	<version nr="2950" hash="5c94defe" evolution="Same" change="Same">
		<class nclones="3">
			<source file="../../workspace/dataset/test/test_read_format_7zip.c.ifdefed" startline="441" endline="490" function="test_delta_lzma" hash="3199188549891204433"></source>
			<source file="../../workspace/dataset/test/test_read_format_7zip.c.ifdefed" startline="495" endline="544" function="test_bcj_lzma" hash="-7506229079993868730"></source>
			<source file="../../workspace/dataset/test/test_read_format_7zip.c.ifdefed" startline="549" endline="599" function="test_ppmd" hash="8930361193054985197"></source>
		</class>
	</version>
	<version nr="2960" hash="b752880a" evolution="Same" change="Inconsistent">
		<class nclones="3">
			<source file="../../workspace/dataset/test/test_read_format_7zip.c.ifdefed" startline="441" endline="490" function="test_delta_lzma" hash="3199188549891204433"></source>
			<source file="../../workspace/dataset/test/test_read_format_7zip.c.ifdefed" startline="549" endline="599" function="test_ppmd" hash="8930361193054985197"></source>
			<source file="../../workspace/dataset/test/test_read_format_7zip.c.ifdefed" startline="495" endline="544" function="test_bcj" hash="4190641951377091140"></source>
		</class>
	</version>
	<version nr="2970" hash="a9af26ba" evolution="Same" change="Inconsistent">
		<class nclones="3">
			<source file="../../workspace/dataset/test/test_read_format_7zip.c.ifdefed" startline="441" endline="490" function="test_delta_lzma" hash="10634002033065604"></source>
			<source file="../../workspace/dataset/test/test_read_format_7zip.c.ifdefed" startline="549" endline="599" function="test_ppmd" hash="8930361193054985197"></source>
			<source file="../../workspace/dataset/test/test_read_format_7zip.c.ifdefed" startline="495" endline="544" function="test_bcj" hash="4190641951377091140"></source>
		</class>
	</version>
	<version nr="3260" hash="6123cd7b" evolution="Same" change="Same">
		<class nclones="3">
			<source file="../../workspace/dataset/test/test_read_format_7zip.c.ifdefed" startline="441" endline="490" function="test_delta_lzma" hash="10634002033065604"></source>
			<source file="../../workspace/dataset/test/test_read_format_7zip.c.ifdefed" startline="549" endline="599" function="test_ppmd" hash="8930361193054985197"></source>
			<source file="../../workspace/dataset/test/test_read_format_7zip.c.ifdefed" startline="495" endline="544" function="test_bcj" hash="4190641951377091140"></source>
		</class>
	</version>
	<version nr="3270" hash="613b157a" evolution="Same" change="Inconsistent">
		<class nclones="3">
			<source file="../../workspace/dataset/test/test_read_format_7zip.c.ifdefed" startline="441" endline="490" function="test_delta_lzma" hash="10634002033065604"></source>
			<source file="../../workspace/dataset/test/test_read_format_7zip.c.ifdefed" startline="549" endline="599" function="test_ppmd" hash="935824986453163950"></source>
			<source file="../../workspace/dataset/test/test_read_format_7zip.c.ifdefed" startline="495" endline="544" function="test_bcj" hash="732243910446269194"></source>
		</class>
	</version>
	<version nr="3330" hash="66b1a0b7" evolution="Same" change="Same">
		<class nclones="3">
			<source file="../../workspace/dataset/test/test_read_format_7zip.c.ifdefed" startline="441" endline="490" function="test_delta_lzma" hash="10634002033065604"></source>
			<source file="../../workspace/dataset/test/test_read_format_7zip.c.ifdefed" startline="549" endline="599" function="test_ppmd" hash="935824986453163950"></source>
			<source file="../../workspace/dataset/test/test_read_format_7zip.c.ifdefed" startline="495" endline="544" function="test_bcj" hash="732243910446269194"></source>
		</class>
	</version>
	<version nr="3340" hash="737e1a51" evolution="Same" change="Consistent">
		<class nclones="3">
			<source file="../../workspace/dataset/test/test_read_format_7zip.c.ifdefed" startline="441" endline="490" function="test_delta_lzma" hash="1447074048348146388"></source>
			<source file="../../workspace/dataset/test/test_read_format_7zip.c.ifdefed" startline="495" endline="544" function="test_bcj" hash="2865186890276584906"></source>
			<source file="../../workspace/dataset/test/test_read_format_7zip.c.ifdefed" startline="549" endline="599" function="test_ppmd" hash="1650033588525594510"></source>
		</class>
	</version>
	<version nr="3350" hash="42b5086d" evolution="Same" change="Same">
		<class nclones="3">
			<source file="../../workspace/dataset/test/test_read_format_7zip.c.ifdefed" startline="441" endline="490" function="test_delta_lzma" hash="1447074048348146388"></source>
			<source file="../../workspace/dataset/test/test_read_format_7zip.c.ifdefed" startline="549" endline="599" function="test_ppmd" hash="1650033588525594510"></source>
			<source file="../../workspace/dataset/test/test_read_format_7zip.c.ifdefed" startline="495" endline="544" function="test_bcj" hash="2865186890276584906"></source>
		</class>
	</version>
	<version nr="3360" hash="7a90710e" evolution="Same" change="Consistent">
		<class nclones="3">
			<source file="../../workspace/dataset/test/test_read_format_7zip.c.ifdefed" startline="485" endline="536" function="test_delta_lzma" hash="-3970491130272119895"></source>
			<source file="../../workspace/dataset/test/test_read_format_7zip.c.ifdefed" startline="597" endline="649" function="test_ppmd" hash="6653041396342726691"></source>
			<source file="../../workspace/dataset/test/test_read_format_7zip.c.ifdefed" startline="541" endline="592" function="test_bcj" hash="6831929385043651615"></source>
		</class>
	</version>
	<version nr="4370" hash="5be1a96f" evolution="Same" change="Same">
		<class nclones="3">
			<source file="../../workspace/dataset/test/test_read_format_7zip.c.ifdefed" startline="485" endline="536" function="test_delta_lzma" hash="-3970491130272119895"></source>
			<source file="../../workspace/dataset/test/test_read_format_7zip.c.ifdefed" startline="597" endline="649" function="test_ppmd" hash="6653041396342726691"></source>
			<source file="../../workspace/dataset/test/test_read_format_7zip.c.ifdefed" startline="541" endline="592" function="test_bcj" hash="6831929385043651615"></source>
		</class>
	</version>
	<version nr="4380" hash="467d193d" evolution="Same" change="Inconsistent">
		<class nclones="3">
			<source file="../../workspace/dataset/test/test_read_format_7zip.c.ifdefed" startline="499" endline="550" function="test_delta_lzma" hash="-3970491130272119895"></source>
			<source file="../../workspace/dataset/test/test_read_format_7zip.c.ifdefed" startline="555" endline="606" function="test_bcj" hash="6831929385043651615"></source>
			<source file="../../workspace/dataset/test/test_read_format_7zip.c.ifdefed" startline="611" endline="663" function="test_ppmd" hash="7569328292171353357"></source>
		</class>
	</version>
	<version nr="4600" hash="fd8fe9c5" evolution="Same" change="Same">
		<class nclones="3">
			<source file="../../workspace/dataset/test/test_read_format_7zip.c.ifdefed" startline="499" endline="550" function="test_delta_lzma" hash="-3970491130272119895"></source>
			<source file="../../workspace/dataset/test/test_read_format_7zip.c.ifdefed" startline="555" endline="606" function="test_bcj" hash="6831929385043651615"></source>
			<source file="../../workspace/dataset/test/test_read_format_7zip.c.ifdefed" startline="611" endline="663" function="test_ppmd" hash="7569328292171353357"></source>
		</class>
	</version>
</lineage>
<lineage>
	<version nr="3070" hash="066da994" evolution="None" change="None">
		<class nclones="2">
			<source file="../../workspace/dataset/test/test_write_format_tar_sparse.c.ifdefed" startline="31" endline="169" function="test_1" hash="6607092193188159804"></source>
			<source file="../../workspace/dataset/test/test_write_format_tar_sparse.c.ifdefed" startline="174" endline="297" function="test_2" hash="6469990135176167951"></source>
		</class>
	</version>
	<version nr="3330" hash="66b1a0b7" evolution="Same" change="Same">
		<class nclones="2">
			<source file="../../workspace/dataset/test/test_write_format_tar_sparse.c.ifdefed" startline="31" endline="169" function="test_1" hash="6607092193188159804"></source>
			<source file="../../workspace/dataset/test/test_write_format_tar_sparse.c.ifdefed" startline="174" endline="297" function="test_2" hash="6469990135176167951"></source>
		</class>
	</version>
	<version nr="3340" hash="737e1a51" evolution="Same" change="Consistent">
		<class nclones="2">
			<source file="../../workspace/dataset/test/test_write_format_tar_sparse.c.ifdefed" startline="31" endline="169" function="test_1" hash="4490869066236515539"></source>
			<source file="../../workspace/dataset/test/test_write_format_tar_sparse.c.ifdefed" startline="174" endline="297" function="test_2" hash="739817425554019067"></source>
		</class>
	</version>
	<version nr="4380" hash="467d193d" evolution="Same" change="Same">
		<class nclones="2">
			<source file="../../workspace/dataset/test/test_write_format_tar_sparse.c.ifdefed" startline="31" endline="169" function="test_1" hash="4490869066236515539"></source>
			<source file="../../workspace/dataset/test/test_write_format_tar_sparse.c.ifdefed" startline="174" endline="297" function="test_2" hash="739817425554019067"></source>
		</class>
	</version>
	<version nr="4390" hash="343642bc" evolution="Same" change="Consistent">
		<class nclones="2">
			<source file="../../workspace/dataset/test/test_write_format_tar_sparse.c.ifdefed" startline="31" endline="169" function="test_1" hash="2807386321534309085"></source>
			<source file="../../workspace/dataset/test/test_write_format_tar_sparse.c.ifdefed" startline="174" endline="297" function="test_2" hash="-1642333412144037571"></source>
		</class>
	</version>
	<version nr="4600" hash="fd8fe9c5" evolution="Same" change="Same">
		<class nclones="2">
			<source file="../../workspace/dataset/test/test_write_format_tar_sparse.c.ifdefed" startline="31" endline="169" function="test_1" hash="2807386321534309085"></source>
			<source file="../../workspace/dataset/test/test_write_format_tar_sparse.c.ifdefed" startline="174" endline="297" function="test_2" hash="-1642333412144037571"></source>
		</class>
	</version>
</lineage>
<lineage>
	<version nr="3090" hash="14c88dd2" evolution="None" change="None">
		<class nclones="2">
			<source file="../../workspace/dataset/test/test_archive_matching_time.c.ifdefed" startline="29" endline="78" function="test_newer_time" hash="3558885100311068905"></source>
			<source file="../../workspace/dataset/test/test_archive_matching_time.c.ifdefed" startline="296" endline="345" function="test_older_time" hash="-6342766950710662696"></source>
		</class>
	</version>
	<version nr="3100" hash="247d951a" evolution="Same" change="Consistent">
		<class nclones="2">
			<source file="../../workspace/dataset/test/test_archive_matching_time.c.ifdefed" startline="29" endline="78" function="test_newer_time" hash="1164587956824388487"></source>
			<source file="../../workspace/dataset/test/test_archive_matching_time.c.ifdefed" startline="300" endline="349" function="test_older_time" hash="-8837946879735946258"></source>
		</class>
	</version>
	<version nr="3150" hash="2c36aa47" evolution="Same" change="Same">
		<class nclones="2">
			<source file="../../workspace/dataset/test/test_archive_matching_time.c.ifdefed" startline="29" endline="78" function="test_newer_time" hash="1164587956824388487"></source>
			<source file="../../workspace/dataset/test/test_archive_matching_time.c.ifdefed" startline="300" endline="349" function="test_older_time" hash="-8837946879735946258"></source>
		</class>
	</version>
</lineage>
<lineage>
	<version nr="3090" hash="14c88dd2" evolution="None" change="None">
		<class nclones="4">
			<source file="../../workspace/dataset/test/test_archive_matching_time.c.ifdefed" startline="80" endline="186" function="test_newer_than_file_mbs" hash="6519049949519494078"></source>
			<source file="../../workspace/dataset/test/test_archive_matching_time.c.ifdefed" startline="188" endline="294" function="test_newer_than_file_wcs" hash="-6799932824600970719"></source>
			<source file="../../workspace/dataset/test/test_archive_matching_time.c.ifdefed" startline="455" endline="561" function="test_older_than_file_wcs" hash="-498393175545588180"></source>
			<source file="../../workspace/dataset/test/test_archive_matching_time.c.ifdefed" startline="347" endline="453" function="test_older_than_file_mbs" hash="2213007340594203291"></source>
		</class>
	</version>
	<version nr="3100" hash="247d951a" evolution="Same" change="Consistent">
		<class nclones="4">
			<source file="../../workspace/dataset/test/test_archive_matching_time.c.ifdefed" startline="80" endline="188" function="test_newer_than_file_mbs" hash="378188889243078262"></source>
			<source file="../../workspace/dataset/test/test_archive_matching_time.c.ifdefed" startline="461" endline="569" function="test_older_than_file_wcs" hash="-5429736955919927724"></source>
			<source file="../../workspace/dataset/test/test_archive_matching_time.c.ifdefed" startline="351" endline="459" function="test_older_than_file_mbs" hash="-1630756633346105549"></source>
			<source file="../../workspace/dataset/test/test_archive_matching_time.c.ifdefed" startline="190" endline="298" function="test_newer_than_file_wcs" hash="-7793736813474237775"></source>
		</class>
	</version>
	<version nr="3110" hash="1c2e360a" evolution="Same" change="Same">
		<class nclones="4">
			<source file="../../workspace/dataset/test/test_archive_matching_time.c.ifdefed" startline="80" endline="188" function="test_newer_than_file_mbs" hash="378188889243078262"></source>
			<source file="../../workspace/dataset/test/test_archive_matching_time.c.ifdefed" startline="351" endline="459" function="test_older_than_file_mbs" hash="-1630756633346105549"></source>
			<source file="../../workspace/dataset/test/test_archive_matching_time.c.ifdefed" startline="461" endline="569" function="test_older_than_file_wcs" hash="-5429736955919927724"></source>
			<source file="../../workspace/dataset/test/test_archive_matching_time.c.ifdefed" startline="190" endline="298" function="test_newer_than_file_wcs" hash="-7793736813474237775"></source>
		</class>
	</version>
</lineage>
<lineage>
	<version nr="3090" hash="14c88dd2" evolution="None" change="None">
		<class nclones="2">
			<source file="../../workspace/dataset/test/test_archive_matching_path.c.ifdefed" startline="29" endline="68" function="test_exclusion_mbs" hash="562488972747534528"></source>
			<source file="../../workspace/dataset/test/test_archive_matching_path.c.ifdefed" startline="70" endline="109" function="test_exclusion_wcs" hash="-443809199495191904"></source>
		</class>
	</version>
	<version nr="3100" hash="247d951a" evolution="Same" change="Consistent">
		<class nclones="2">
			<source file="../../workspace/dataset/test/test_archive_matching_path.c.ifdefed" startline="29" endline="70" function="test_exclusion_mbs" hash="8714331298900929897"></source>
			<source file="../../workspace/dataset/test/test_archive_matching_path.c.ifdefed" startline="72" endline="113" function="test_exclusion_wcs" hash="3343842772520534009"></source>
		</class>
	</version>
	<version nr="3150" hash="2c36aa47" evolution="Same" change="Same">
		<class nclones="2">
			<source file="../../workspace/dataset/test/test_archive_matching_path.c.ifdefed" startline="29" endline="70" function="test_exclusion_mbs" hash="8714331298900929897"></source>
			<source file="../../workspace/dataset/test/test_archive_matching_path.c.ifdefed" startline="72" endline="113" function="test_exclusion_wcs" hash="3343842772520534009"></source>
		</class>
	</version>
</lineage>
<lineage>
	<version nr="3090" hash="14c88dd2" evolution="None" change="None">
		<class nclones="2">
			<source file="../../workspace/dataset/test/test_archive_matching_path.c.ifdefed" startline="111" endline="156" function="test_inclusion_mbs" hash="7927666850160477760"></source>
			<source file="../../workspace/dataset/test/test_archive_matching_path.c.ifdefed" startline="158" endline="203" function="test_inclusion_wcs" hash="-6809570734501020252"></source>
		</class>
	</version>
	<version nr="3100" hash="247d951a" evolution="Same" change="Consistent">
		<class nclones="2">
			<source file="../../workspace/dataset/test/test_archive_matching_path.c.ifdefed" startline="115" endline="162" function="test_inclusion_mbs" hash="-1193859732593157799"></source>
			<source file="../../workspace/dataset/test/test_archive_matching_path.c.ifdefed" startline="164" endline="211" function="test_inclusion_wcs" hash="2922139687159701453"></source>
		</class>
	</version>
	<version nr="3150" hash="2c36aa47" evolution="Same" change="Same">
		<class nclones="2">
			<source file="../../workspace/dataset/test/test_archive_matching_path.c.ifdefed" startline="115" endline="162" function="test_inclusion_mbs" hash="-1193859732593157799"></source>
			<source file="../../workspace/dataset/test/test_archive_matching_path.c.ifdefed" startline="164" endline="211" function="test_inclusion_wcs" hash="2922139687159701453"></source>
		</class>
	</version>
</lineage>
<lineage>
	<version nr="3090" hash="14c88dd2" evolution="None" change="None">
		<class nclones="2">
			<source file="../../workspace/dataset/test/test_archive_matching_owner.c.ifdefed" startline="29" endline="69" function="test_uid" hash="-1387573583671927668"></source>
			<source file="../../workspace/dataset/test/test_archive_matching_owner.c.ifdefed" startline="71" endline="111" function="test_gid" hash="4582023599531517712"></source>
		</class>
	</version>
	<version nr="3100" hash="247d951a" evolution="Same" change="Consistent">
		<class nclones="2">
			<source file="../../workspace/dataset/test/test_archive_matching_owner.c.ifdefed" startline="29" endline="69" function="test_uid" hash="2021082268059889732"></source>
			<source file="../../workspace/dataset/test/test_archive_matching_owner.c.ifdefed" startline="71" endline="111" function="test_gid" hash="6124828053979566184"></source>
		</class>
	</version>
	<version nr="3150" hash="2c36aa47" evolution="Same" change="Same">
		<class nclones="2">
			<source file="../../workspace/dataset/test/test_archive_matching_owner.c.ifdefed" startline="29" endline="69" function="test_uid" hash="2021082268059889732"></source>
			<source file="../../workspace/dataset/test/test_archive_matching_owner.c.ifdefed" startline="71" endline="111" function="test_gid" hash="6124828053979566184"></source>
		</class>
	</version>
</lineage>
<lineage>
	<version nr="3090" hash="14c88dd2" evolution="None" change="None">
		<class nclones="2">
			<source file="../../workspace/dataset/test/test_archive_matching_owner.c.ifdefed" startline="113" endline="153" function="test_uname_mbs" hash="5023442557046684582"></source>
			<source file="../../workspace/dataset/test/test_archive_matching_owner.c.ifdefed" startline="155" endline="195" function="test_uname_wcs" hash="267682482725646684"></source>
		</class>
	</version>
	<version nr="3100" hash="247d951a" evolution="Same" change="Consistent">
		<class nclones="2">
			<source file="../../workspace/dataset/test/test_archive_matching_owner.c.ifdefed" startline="113" endline="153" function="test_uname_mbs" hash="-8223149567871358694"></source>
			<source file="../../workspace/dataset/test/test_archive_matching_owner.c.ifdefed" startline="155" endline="195" function="test_uname_wcs" hash="-368587954319813232"></source>
		</class>
	</version>
	<version nr="3150" hash="2c36aa47" evolution="Same" change="Same">
		<class nclones="2">
			<source file="../../workspace/dataset/test/test_archive_matching_owner.c.ifdefed" startline="113" endline="153" function="test_uname_mbs" hash="-8223149567871358694"></source>
			<source file="../../workspace/dataset/test/test_archive_matching_owner.c.ifdefed" startline="155" endline="195" function="test_uname_wcs" hash="-368587954319813232"></source>
		</class>
	</version>
</lineage>
<lineage>
	<version nr="3090" hash="14c88dd2" evolution="None" change="None">
		<class nclones="2">
			<source file="../../workspace/dataset/test/test_archive_matching_owner.c.ifdefed" startline="197" endline="237" function="test_gname_mbs" hash="9030443074985509061"></source>
			<source file="../../workspace/dataset/test/test_archive_matching_owner.c.ifdefed" startline="239" endline="279" function="test_gname_wcs" hash="-1600027402006002581"></source>
		</class>
	</version>
	<version nr="3100" hash="247d951a" evolution="Same" change="Consistent">
		<class nclones="2">
			<source file="../../workspace/dataset/test/test_archive_matching_owner.c.ifdefed" startline="197" endline="237" function="test_gname_mbs" hash="-4414860078447119515"></source>
			<source file="../../workspace/dataset/test/test_archive_matching_owner.c.ifdefed" startline="239" endline="279" function="test_gname_wcs" hash="-8547285197846661733"></source>
		</class>
	</version>
	<version nr="3150" hash="2c36aa47" evolution="Same" change="Same">
		<class nclones="2">
			<source file="../../workspace/dataset/test/test_archive_matching_owner.c.ifdefed" startline="197" endline="237" function="test_gname_mbs" hash="-4414860078447119515"></source>
			<source file="../../workspace/dataset/test/test_archive_matching_owner.c.ifdefed" startline="239" endline="279" function="test_gname_wcs" hash="-8547285197846661733"></source>
		</class>
	</version>
</lineage>
<lineage>
	<version nr="3120" hash="8c065329" evolution="None" change="None">
		<class nclones="8">
			<source file="../../workspace/dataset/test/test_archive_matching_time.c.ifdefed" startline="80" endline="134" function="test_newer_mtime_than_file_mbs" hash="-5710638299777098494"></source>
			<source file="../../workspace/dataset/test/test_archive_matching_time.c.ifdefed" startline="136" endline="191" function="test_newer_ctime_than_file_mbs" hash="-2532950826935100748"></source>
			<source file="../../workspace/dataset/test/test_archive_matching_time.c.ifdefed" startline="249" endline="304" function="test_newer_ctime_than_file_wcs" hash="3049488234004723564"></source>
			<source file="../../workspace/dataset/test/test_archive_matching_time.c.ifdefed" startline="413" endline="468" function="test_older_ctime_than_file_mbs" hash="4870033518335847973"></source>
			<source file="../../workspace/dataset/test/test_archive_matching_time.c.ifdefed" startline="193" endline="247" function="test_newer_mtime_than_file_wcs" hash="-1139031294651225994"></source>
			<source file="../../workspace/dataset/test/test_archive_matching_time.c.ifdefed" startline="357" endline="411" function="test_older_mtime_than_file_mbs" hash="-2827241993279726465"></source>
			<source file="../../workspace/dataset/test/test_archive_matching_time.c.ifdefed" startline="470" endline="524" function="test_older_mtime_than_file_wcs" hash="6913420000816647713"></source>
			<source file="../../workspace/dataset/test/test_archive_matching_time.c.ifdefed" startline="526" endline="581" function="test_older_ctime_than_file_wcs" hash="-6146514472401742133"></source>
		</class>
	</version>
	<version nr="3130" hash="90eb6c3e" evolution="Add" change="Consistent">
		<class nclones="12">
			<source file="../../workspace/dataset/test/test_archive_matching_time.c.ifdefed" startline="80" endline="135" function="test_newer_mtime_than_file_mbs" hash="-2984903106558338370"></source>
			<source file="../../workspace/dataset/test/test_archive_matching_time.c.ifdefed" startline="649" endline="706" function="test_mtime_between_files_wcs" hash="6567911848606450553"></source>
			<source file="../../workspace/dataset/test/test_archive_matching_time.c.ifdefed" startline="590" endline="647" function="test_mtime_between_files_mbs" hash="1161834607502293091"></source>
			<source file="../../workspace/dataset/test/test_archive_matching_time.c.ifdefed" startline="360" endline="415" function="test_older_mtime_than_file_mbs" hash="-4843483207683294915"></source>
			<source file="../../workspace/dataset/test/test_archive_matching_time.c.ifdefed" startline="475" endline="530" function="test_older_mtime_than_file_wcs" hash="-5320395391111537846"></source>
			<source file="../../workspace/dataset/test/test_archive_matching_time.c.ifdefed" startline="251" endline="307" function="test_newer_ctime_than_file_wcs" hash="-6139620947341223319"></source>
			<source file="../../workspace/dataset/test/test_archive_matching_time.c.ifdefed" startline="137" endline="192" function="test_newer_ctime_than_file_mbs" hash="-7946145877728946560"></source>
			<source file="../../workspace/dataset/test/test_archive_matching_time.c.ifdefed" startline="194" endline="249" function="test_newer_mtime_than_file_wcs" hash="-7257135178944680997"></source>
			<source file="../../workspace/dataset/test/test_archive_matching_time.c.ifdefed" startline="767" endline="824" function="test_ctime_between_files_wcs" hash="-4651954301601729402"></source>
			<source file="../../workspace/dataset/test/test_archive_matching_time.c.ifdefed" startline="708" endline="765" function="test_ctime_between_files_mbs" hash="975418203640265280"></source>
			<source file="../../workspace/dataset/test/test_archive_matching_time.c.ifdefed" startline="532" endline="588" function="test_older_ctime_than_file_wcs" hash="-8667877425000230252"></source>
			<source file="../../workspace/dataset/test/test_archive_matching_time.c.ifdefed" startline="417" endline="473" function="test_older_ctime_than_file_mbs" hash="6723599363461918763"></source>
		</class>
	</version>
	<version nr="3150" hash="2c36aa47" evolution="Same" change="Same">
		<class nclones="12">
			<source file="../../workspace/dataset/test/test_archive_matching_time.c.ifdefed" startline="80" endline="135" function="test_newer_mtime_than_file_mbs" hash="-2984903106558338370"></source>
			<source file="../../workspace/dataset/test/test_archive_matching_time.c.ifdefed" startline="649" endline="706" function="test_mtime_between_files_wcs" hash="6567911848606450553"></source>
			<source file="../../workspace/dataset/test/test_archive_matching_time.c.ifdefed" startline="590" endline="647" function="test_mtime_between_files_mbs" hash="1161834607502293091"></source>
			<source file="../../workspace/dataset/test/test_archive_matching_time.c.ifdefed" startline="360" endline="415" function="test_older_mtime_than_file_mbs" hash="-4843483207683294915"></source>
			<source file="../../workspace/dataset/test/test_archive_matching_time.c.ifdefed" startline="475" endline="530" function="test_older_mtime_than_file_wcs" hash="-5320395391111537846"></source>
			<source file="../../workspace/dataset/test/test_archive_matching_time.c.ifdefed" startline="251" endline="307" function="test_newer_ctime_than_file_wcs" hash="-6139620947341223319"></source>
			<source file="../../workspace/dataset/test/test_archive_matching_time.c.ifdefed" startline="137" endline="192" function="test_newer_ctime_than_file_mbs" hash="-7946145877728946560"></source>
			<source file="../../workspace/dataset/test/test_archive_matching_time.c.ifdefed" startline="194" endline="249" function="test_newer_mtime_than_file_wcs" hash="-7257135178944680997"></source>
			<source file="../../workspace/dataset/test/test_archive_matching_time.c.ifdefed" startline="767" endline="824" function="test_ctime_between_files_wcs" hash="-4651954301601729402"></source>
			<source file="../../workspace/dataset/test/test_archive_matching_time.c.ifdefed" startline="708" endline="765" function="test_ctime_between_files_mbs" hash="975418203640265280"></source>
			<source file="../../workspace/dataset/test/test_archive_matching_time.c.ifdefed" startline="532" endline="588" function="test_older_ctime_than_file_wcs" hash="-8667877425000230252"></source>
			<source file="../../workspace/dataset/test/test_archive_matching_time.c.ifdefed" startline="417" endline="473" function="test_older_ctime_than_file_mbs" hash="6723599363461918763"></source>
		</class>
	</version>
</lineage>
<lineage>
	<version nr="3130" hash="90eb6c3e" evolution="None" change="None">
		<class nclones="2">
			<source file="../../workspace/dataset/test/test_write_format_7zip.c.ifdefed" startline="30" endline="318" function="test_basic" hash="151218841160902767"></source>
			<source file="../../workspace/dataset/test/test_write_format_7zip.c.ifdefed" startline="320" endline="525" function="test_basic2" hash="3969397699862997900"></source>
		</class>
	</version>
	<version nr="3330" hash="66b1a0b7" evolution="Same" change="Same">
		<class nclones="2">
			<source file="../../workspace/dataset/test/test_write_format_7zip.c.ifdefed" startline="30" endline="318" function="test_basic" hash="151218841160902767"></source>
			<source file="../../workspace/dataset/test/test_write_format_7zip.c.ifdefed" startline="320" endline="525" function="test_basic2" hash="3969397699862997900"></source>
		</class>
	</version>
	<version nr="3340" hash="737e1a51" evolution="Same" change="Consistent">
		<class nclones="2">
			<source file="../../workspace/dataset/test/test_write_format_7zip.c.ifdefed" startline="30" endline="318" function="test_basic" hash="-6405419223527272515"></source>
			<source file="../../workspace/dataset/test/test_write_format_7zip.c.ifdefed" startline="320" endline="525" function="test_basic2" hash="-544909831726019652"></source>
		</class>
	</version>
	<version nr="4600" hash="fd8fe9c5" evolution="Same" change="Same">
		<class nclones="2">
			<source file="../../workspace/dataset/test/test_write_format_7zip.c.ifdefed" startline="30" endline="318" function="test_basic" hash="-6405419223527272515"></source>
			<source file="../../workspace/dataset/test/test_write_format_7zip.c.ifdefed" startline="320" endline="525" function="test_basic2" hash="-544909831726019652"></source>
		</class>
	</version>
</lineage>
<lineage>
	<version nr="3160" hash="b4d25a74" evolution="None" change="None">
		<class nclones="2">
			<source file="../../workspace/dataset/test/test_archive_match_time.c.ifdefed" startline="31" endline="81" function="test_newer_time" hash="3313941837371980433"></source>
			<source file="../../workspace/dataset/test/test_archive_match_time.c.ifdefed" startline="488" endline="538" function="test_older_time" hash="7224351928336774769"></source>
		</class>
	</version>
	<version nr="4600" hash="fd8fe9c5" evolution="Same" change="Same">
		<class nclones="2">
			<source file="../../workspace/dataset/test/test_archive_match_time.c.ifdefed" startline="31" endline="81" function="test_newer_time" hash="3313941837371980433"></source>
			<source file="../../workspace/dataset/test/test_archive_match_time.c.ifdefed" startline="488" endline="538" function="test_older_time" hash="7224351928336774769"></source>
		</class>
	</version>
</lineage>
<lineage>
	<version nr="3160" hash="b4d25a74" evolution="None" change="None">
		<class nclones="4">
			<source file="../../workspace/dataset/test/test_archive_match_time.c.ifdefed" startline="83" endline="169" function="test_newer_time_str" hash="7306503775915780325"></source>
			<source file="../../workspace/dataset/test/test_archive_match_time.c.ifdefed" startline="171" endline="257" function="test_newer_time_str_w" hash="8331471009965296475"></source>
			<source file="../../workspace/dataset/test/test_archive_match_time.c.ifdefed" startline="540" endline="628" function="test_older_time_str" hash="-3429533869312882315"></source>
			<source file="../../workspace/dataset/test/test_archive_match_time.c.ifdefed" startline="630" endline="718" function="test_older_time_str_w" hash="3860291325294185555"></source>
		</class>
	</version>
	<version nr="4600" hash="fd8fe9c5" evolution="Same" change="Same">
		<class nclones="4">
			<source file="../../workspace/dataset/test/test_archive_match_time.c.ifdefed" startline="83" endline="169" function="test_newer_time_str" hash="7306503775915780325"></source>
			<source file="../../workspace/dataset/test/test_archive_match_time.c.ifdefed" startline="171" endline="257" function="test_newer_time_str_w" hash="8331471009965296475"></source>
			<source file="../../workspace/dataset/test/test_archive_match_time.c.ifdefed" startline="630" endline="718" function="test_older_time_str_w" hash="3860291325294185555"></source>
			<source file="../../workspace/dataset/test/test_archive_match_time.c.ifdefed" startline="540" endline="628" function="test_older_time_str" hash="-3429533869312882315"></source>
		</class>
	</version>
</lineage>
<lineage>
	<version nr="3160" hash="b4d25a74" evolution="None" change="None">
		<class nclones="12">
			<source file="../../workspace/dataset/test/test_archive_match_time.c.ifdefed" startline="259" endline="314" function="test_newer_mtime_than_file_mbs" hash="-3438160978463147375"></source>
			<source file="../../workspace/dataset/test/test_archive_match_time.c.ifdefed" startline="373" endline="428" function="test_newer_mtime_than_file_wcs" hash="5631547688249468296"></source>
			<source file="../../workspace/dataset/test/test_archive_match_time.c.ifdefed" startline="316" endline="371" function="test_newer_ctime_than_file_mbs" hash="-1078790306518929049"></source>
			<source file="../../workspace/dataset/test/test_archive_match_time.c.ifdefed" startline="835" endline="890" function="test_older_mtime_than_file_wcs" hash="-1380566016693432221"></source>
			<source file="../../workspace/dataset/test/test_archive_match_time.c.ifdefed" startline="430" endline="486" function="test_newer_ctime_than_file_wcs" hash="-8258563154644949046"></source>
			<source file="../../workspace/dataset/test/test_archive_match_time.c.ifdefed" startline="720" endline="775" function="test_older_mtime_than_file_mbs" hash="5408980795031256932"></source>
			<source file="../../workspace/dataset/test/test_archive_match_time.c.ifdefed" startline="950" endline="1007" function="test_mtime_between_files_mbs" hash="934176929963641023"></source>
			<source file="../../workspace/dataset/test/test_archive_match_time.c.ifdefed" startline="1009" endline="1066" function="test_mtime_between_files_wcs" hash="-2582955554452814485"></source>
			<source file="../../workspace/dataset/test/test_archive_match_time.c.ifdefed" startline="892" endline="948" function="test_older_ctime_than_file_wcs" hash="-6767321342466020679"></source>
			<source file="../../workspace/dataset/test/test_archive_match_time.c.ifdefed" startline="1127" endline="1184" function="test_ctime_between_files_wcs" hash="3362347580283312310"></source>
			<source file="../../workspace/dataset/test/test_archive_match_time.c.ifdefed" startline="777" endline="833" function="test_older_ctime_than_file_mbs" hash="4166540679997721842"></source>
			<source file="../../workspace/dataset/test/test_archive_match_time.c.ifdefed" startline="1068" endline="1125" function="test_ctime_between_files_mbs" hash="-7900822776298618270"></source>
		</class>
	</version>
	<version nr="4600" hash="fd8fe9c5" evolution="Same" change="Same">
		<class nclones="12">
			<source file="../../workspace/dataset/test/test_archive_match_time.c.ifdefed" startline="259" endline="314" function="test_newer_mtime_than_file_mbs" hash="-3438160978463147375"></source>
			<source file="../../workspace/dataset/test/test_archive_match_time.c.ifdefed" startline="373" endline="428" function="test_newer_mtime_than_file_wcs" hash="5631547688249468296"></source>
			<source file="../../workspace/dataset/test/test_archive_match_time.c.ifdefed" startline="1009" endline="1066" function="test_mtime_between_files_wcs" hash="-2582955554452814485"></source>
			<source file="../../workspace/dataset/test/test_archive_match_time.c.ifdefed" startline="316" endline="371" function="test_newer_ctime_than_file_mbs" hash="-1078790306518929049"></source>
			<source file="../../workspace/dataset/test/test_archive_match_time.c.ifdefed" startline="950" endline="1007" function="test_mtime_between_files_mbs" hash="934176929963641023"></source>
			<source file="../../workspace/dataset/test/test_archive_match_time.c.ifdefed" startline="720" endline="775" function="test_older_mtime_than_file_mbs" hash="5408980795031256932"></source>
			<source file="../../workspace/dataset/test/test_archive_match_time.c.ifdefed" startline="430" endline="486" function="test_newer_ctime_than_file_wcs" hash="-8258563154644949046"></source>
			<source file="../../workspace/dataset/test/test_archive_match_time.c.ifdefed" startline="835" endline="890" function="test_older_mtime_than_file_wcs" hash="-1380566016693432221"></source>
			<source file="../../workspace/dataset/test/test_archive_match_time.c.ifdefed" startline="1068" endline="1125" function="test_ctime_between_files_mbs" hash="-7900822776298618270"></source>
			<source file="../../workspace/dataset/test/test_archive_match_time.c.ifdefed" startline="1127" endline="1184" function="test_ctime_between_files_wcs" hash="3362347580283312310"></source>
			<source file="../../workspace/dataset/test/test_archive_match_time.c.ifdefed" startline="777" endline="833" function="test_older_ctime_than_file_mbs" hash="4166540679997721842"></source>
			<source file="../../workspace/dataset/test/test_archive_match_time.c.ifdefed" startline="892" endline="948" function="test_older_ctime_than_file_wcs" hash="-6767321342466020679"></source>
		</class>
	</version>
</lineage>
<lineage>
	<version nr="3160" hash="b4d25a74" evolution="None" change="None">
		<class nclones="2">
			<source file="../../workspace/dataset/test/test_archive_match_path.c.ifdefed" startline="29" endline="70" function="test_exclusion_mbs" hash="-4900859027546212489"></source>
			<source file="../../workspace/dataset/test/test_archive_match_path.c.ifdefed" startline="72" endline="113" function="test_exclusion_wcs" hash="3126094479441196999"></source>
		</class>
	</version>
	<version nr="4600" hash="fd8fe9c5" evolution="Same" change="Same">
		<class nclones="2">
			<source file="../../workspace/dataset/test/test_archive_match_path.c.ifdefed" startline="29" endline="70" function="test_exclusion_mbs" hash="-4900859027546212489"></source>
			<source file="../../workspace/dataset/test/test_archive_match_path.c.ifdefed" startline="72" endline="113" function="test_exclusion_wcs" hash="3126094479441196999"></source>
		</class>
	</version>
</lineage>
<lineage>
	<version nr="3160" hash="b4d25a74" evolution="None" change="None">
		<class nclones="2">
			<source file="../../workspace/dataset/test/test_archive_match_path.c.ifdefed" startline="115" endline="162" function="test_inclusion_mbs" hash="-3797654996780318045"></source>
			<source file="../../workspace/dataset/test/test_archive_match_path.c.ifdefed" startline="164" endline="211" function="test_inclusion_wcs" hash="-1682259946159485193"></source>
		</class>
	</version>
	<version nr="4600" hash="fd8fe9c5" evolution="Same" change="Same">
		<class nclones="2">
			<source file="../../workspace/dataset/test/test_archive_match_path.c.ifdefed" startline="115" endline="162" function="test_inclusion_mbs" hash="-3797654996780318045"></source>
			<source file="../../workspace/dataset/test/test_archive_match_path.c.ifdefed" startline="164" endline="211" function="test_inclusion_wcs" hash="-1682259946159485193"></source>
		</class>
	</version>
</lineage>
<lineage>
	<version nr="3160" hash="b4d25a74" evolution="None" change="None">
		<class nclones="2">
			<source file="../../workspace/dataset/test/test_archive_match_owner.c.ifdefed" startline="29" endline="69" function="test_uid" hash="5137695958997012579"></source>
			<source file="../../workspace/dataset/test/test_archive_match_owner.c.ifdefed" startline="71" endline="111" function="test_gid" hash="-3328440680419449017"></source>
		</class>
	</version>
	<version nr="4600" hash="fd8fe9c5" evolution="Same" change="Same">
		<class nclones="2">
			<source file="../../workspace/dataset/test/test_archive_match_owner.c.ifdefed" startline="29" endline="69" function="test_uid" hash="5137695958997012579"></source>
			<source file="../../workspace/dataset/test/test_archive_match_owner.c.ifdefed" startline="71" endline="111" function="test_gid" hash="-3328440680419449017"></source>
		</class>
	</version>
</lineage>
<lineage>
	<version nr="3160" hash="b4d25a74" evolution="None" change="None">
		<class nclones="2">
			<source file="../../workspace/dataset/test/test_archive_match_owner.c.ifdefed" startline="113" endline="153" function="test_uname_mbs" hash="8491287087615444483"></source>
			<source file="../../workspace/dataset/test/test_archive_match_owner.c.ifdefed" startline="155" endline="195" function="test_uname_wcs" hash="6376223200725666405"></source>
		</class>
	</version>
	<version nr="4600" hash="fd8fe9c5" evolution="Same" change="Same">
		<class nclones="2">
			<source file="../../workspace/dataset/test/test_archive_match_owner.c.ifdefed" startline="113" endline="153" function="test_uname_mbs" hash="8491287087615444483"></source>
			<source file="../../workspace/dataset/test/test_archive_match_owner.c.ifdefed" startline="155" endline="195" function="test_uname_wcs" hash="6376223200725666405"></source>
		</class>
	</version>
</lineage>
<lineage>
	<version nr="3160" hash="b4d25a74" evolution="None" change="None">
		<class nclones="2">
			<source file="../../workspace/dataset/test/test_archive_match_owner.c.ifdefed" startline="197" endline="237" function="test_gname_mbs" hash="-3835106424234710786"></source>
			<source file="../../workspace/dataset/test/test_archive_match_owner.c.ifdefed" startline="239" endline="279" function="test_gname_wcs" hash="-2571881808887581296"></source>
		</class>
	</version>
	<version nr="4600" hash="fd8fe9c5" evolution="Same" change="Same">
		<class nclones="2">
			<source file="../../workspace/dataset/test/test_archive_match_owner.c.ifdefed" startline="197" endline="237" function="test_gname_mbs" hash="-3835106424234710786"></source>
			<source file="../../workspace/dataset/test/test_archive_match_owner.c.ifdefed" startline="239" endline="279" function="test_gname_wcs" hash="-2571881808887581296"></source>
		</class>
	</version>
</lineage>
<lineage>
	<version nr="3180" hash="3439b41d" evolution="None" change="None">
		<class nclones="4">
			<source file="../../workspace/dataset/test/test_archive_match_path.c.ifdefed" startline="173" endline="196" function="test_exclusion_from_file_mbs" hash="-7428767689487775432"></source>
			<source file="../../workspace/dataset/test/test_archive_match_path.c.ifdefed" startline="198" endline="221" function="test_exclusion_from_file_wcs" hash="2166298158988150175"></source>
			<source file="../../workspace/dataset/test/test_archive_match_path.c.ifdefed" startline="345" endline="369" function="test_inclusion_from_file_wcs" hash="2813587674432312648"></source>
			<source file="../../workspace/dataset/test/test_archive_match_path.c.ifdefed" startline="321" endline="343" function="test_inclusion_from_file_mbs" hash="-600941680909185975"></source>
		</class>
	</version>
	<version nr="4600" hash="fd8fe9c5" evolution="Same" change="Same">
		<class nclones="4">
			<source file="../../workspace/dataset/test/test_archive_match_path.c.ifdefed" startline="173" endline="196" function="test_exclusion_from_file_mbs" hash="-7428767689487775432"></source>
			<source file="../../workspace/dataset/test/test_archive_match_path.c.ifdefed" startline="198" endline="221" function="test_exclusion_from_file_wcs" hash="2166298158988150175"></source>
			<source file="../../workspace/dataset/test/test_archive_match_path.c.ifdefed" startline="345" endline="369" function="test_inclusion_from_file_wcs" hash="2813587674432312648"></source>
			<source file="../../workspace/dataset/test/test_archive_match_path.c.ifdefed" startline="321" endline="343" function="test_inclusion_from_file_mbs" hash="-600941680909185975"></source>
		</class>
	</version>
</lineage>
<lineage>
	<version nr="3260" hash="6123cd7b" evolution="None" change="None">
		<class nclones="2">
			<source file="../../workspace/dataset/test/test_read_format_cab.c.ifdefed" startline="275" endline="325" function="verify2" hash="2305492196197397122"></source>
			<source file="../../workspace/dataset/test/test_read_format_cab.c.ifdefed" startline="330" endline="372" function="verify3" hash="2772753741229406727"></source>
		</class>
	</version>
	<version nr="3270" hash="613b157a" evolution="Same" change="Inconsistent">
		<class nclones="2">
			<source file="../../workspace/dataset/test/test_read_format_cab.c.ifdefed" startline="275" endline="325" function="verify2" hash="3622021836581524845"></source>
			<source file="../../workspace/dataset/test/test_read_format_cab.c.ifdefed" startline="330" endline="372" function="verify3" hash="2772753741229406727"></source>
		</class>
	</version>
	<version nr="3330" hash="66b1a0b7" evolution="Same" change="Same">
		<class nclones="2">
			<source file="../../workspace/dataset/test/test_read_format_cab.c.ifdefed" startline="275" endline="325" function="verify2" hash="3622021836581524845"></source>
			<source file="../../workspace/dataset/test/test_read_format_cab.c.ifdefed" startline="330" endline="372" function="verify3" hash="2772753741229406727"></source>
		</class>
	</version>
	<version nr="3360" hash="7a90710e" evolution="Same" change="Consistent">
		<class nclones="2">
			<source file="../../workspace/dataset/test/test_read_format_cab.c.ifdefed" startline="283" endline="344" function="verify2" hash="-4156173812324096844"></source>
			<source file="../../workspace/dataset/test/test_read_format_cab.c.ifdefed" startline="349" endline="399" function="verify3" hash="7312824885995387555"></source>
		</class>
	</version>
	<version nr="3710" hash="b281f94c" evolution="Same" change="Same">
		<class nclones="2">
			<source file="../../workspace/dataset/test/test_read_format_cab.c.ifdefed" startline="283" endline="344" function="verify2" hash="-4156173812324096844"></source>
			<source file="../../workspace/dataset/test/test_read_format_cab.c.ifdefed" startline="349" endline="399" function="verify3" hash="7312824885995387555"></source>
		</class>
	</version>
	<version nr="3720" hash="ebc67c17" evolution="Same" change="Inconsistent">
		<class nclones="2">
			<source file="../../workspace/dataset/test/test_read_format_cab.c.ifdefed" startline="277" endline="338" function="verify2" hash="5643737294323076004"></source>
			<source file="../../workspace/dataset/test/test_read_format_cab.c.ifdefed" startline="343" endline="393" function="verify3" hash="7312824885995387555"></source>
		</class>
	</version>
	<version nr="4600" hash="fd8fe9c5" evolution="Same" change="Same">
		<class nclones="2">
			<source file="../../workspace/dataset/test/test_read_format_cab.c.ifdefed" startline="277" endline="338" function="verify2" hash="5643737294323076004"></source>
			<source file="../../workspace/dataset/test/test_read_format_cab.c.ifdefed" startline="343" endline="393" function="verify3" hash="7312824885995387555"></source>
		</class>
	</version>
</lineage>
<lineage>
	<version nr="3280" hash="73875693" evolution="None" change="None">
		<class nclones="2">
			<source file="../../workspace/dataset/test/test_read_format_rar.c.ifdefed" startline="1094" endline="1136" function="test_rar_multivolume_stored_file" hash="7609419096652055372"></source>
			<source file="../../workspace/dataset/test/test_read_format_rar.c.ifdefed" startline="1138" endline="1172" function="test_rar_multivolume_stored_file_skip" hash="8012946650361811180"></source>
		</class>
	</version>
	<version nr="3310" hash="221f63f2" evolution="Same" change="Same">
		<class nclones="2">
			<source file="../../workspace/dataset/test/test_read_format_rar.c.ifdefed" startline="1094" endline="1136" function="test_rar_multivolume_stored_file" hash="7609419096652055372"></source>
			<source file="../../workspace/dataset/test/test_read_format_rar.c.ifdefed" startline="1138" endline="1172" function="test_rar_multivolume_stored_file_skip" hash="8012946650361811180"></source>
		</class>
	</version>
</lineage>
<lineage>
	<version nr="3290" hash="2461b611" evolution="None" change="None">
		<class nclones="2">
			<source file="../../workspace/dataset/test/test_compat_gzip.c.ifdefed" startline="41" endline="83" function="verify" hash="-2638102128685210349"></source>
			<source file="../../workspace/dataset/test/test_compat_lrzip.c.ifdefed" startline="27" endline="69" function="verify" hash="4502855704036743398"></source>
		</class>
	</version>
	<version nr="3330" hash="66b1a0b7" evolution="Same" change="Same">
		<class nclones="2">
			<source file="../../workspace/dataset/test/test_compat_gzip.c.ifdefed" startline="41" endline="83" function="verify" hash="-2638102128685210349"></source>
			<source file="../../workspace/dataset/test/test_compat_lrzip.c.ifdefed" startline="27" endline="69" function="verify" hash="4502855704036743398"></source>
		</class>
	</version>
	<version nr="3440" hash="31272aca" evolution="Same" change="Consistent">
		<class nclones="2">
			<source file="../../workspace/dataset/test/test_compat_gzip.c.ifdefed" startline="41" endline="83" function="verify" hash="4753794170634053409"></source>
			<source file="../../workspace/dataset/test/test_compat_lz4.c.ifdefed" startline="42" endline="84" function="verify" hash="4148004224291877731"></source>
		</class>
	</version>
	<version nr="4600" hash="fd8fe9c5" evolution="Same" change="Same">
		<class nclones="2">
			<source file="../../workspace/dataset/test/test_compat_gzip.c.ifdefed" startline="41" endline="83" function="verify" hash="4753794170634053409"></source>
			<source file="../../workspace/dataset/test/test_compat_lz4.c.ifdefed" startline="42" endline="84" function="verify" hash="4148004224291877731"></source>
		</class>
	</version>
</lineage>
<lineage>
	<version nr="3300" hash="2447b1dc" evolution="None" change="None">
		<class nclones="2">
			<source file="../../workspace/dataset/test/test_write_zip_set_compression_store.c.ifdefed" startline="28" endline="54" function="bitcrc32" hash="-1550842527839645133"></source>
			<source file="../../workspace/dataset/test/test_write_format_zip_no_compression.c.ifdefed" startline="33" endline="59" function="bitcrc32" hash="-1550842527839645133"></source>
		</class>
	</version>
	<version nr="3370" hash="78128f8d" evolution="Same" change="Same">
		<class nclones="2">
			<source file="../../workspace/dataset/test/test_write_zip_set_compression_store.c.ifdefed" startline="28" endline="54" function="bitcrc32" hash="-1550842527839645133"></source>
			<source file="../../workspace/dataset/test/test_write_format_zip_no_compression.c.ifdefed" startline="33" endline="59" function="bitcrc32" hash="-1550842527839645133"></source>
		</class>
	</version>
</lineage>
<lineage>
	<version nr="3300" hash="2447b1dc" evolution="None" change="None">
		<class nclones="2">
			<source file="../../workspace/dataset/test/test_write_zip_set_compression_store.c.ifdefed" startline="60" endline="308" function="DEFINE_TEST" hash="3878588524463693622"></source>
			<source file="../../workspace/dataset/test/test_write_format_zip_no_compression.c.ifdefed" startline="65" endline="310" function="DEFINE_TEST" hash="-2710360265704408167"></source>
		</class>
	</version>
	<version nr="3330" hash="66b1a0b7" evolution="Same" change="Same">
		<class nclones="2">
			<source file="../../workspace/dataset/test/test_write_zip_set_compression_store.c.ifdefed" startline="60" endline="308" function="DEFINE_TEST" hash="3878588524463693622"></source>
			<source file="../../workspace/dataset/test/test_write_format_zip_no_compression.c.ifdefed" startline="65" endline="310" function="DEFINE_TEST" hash="-2710360265704408167"></source>
		</class>
	</version>
	<version nr="3340" hash="737e1a51" evolution="Same" change="Consistent">
		<class nclones="2">
			<source file="../../workspace/dataset/test/test_write_zip_set_compression_store.c.ifdefed" startline="60" endline="308" function="DEFINE_TEST" hash="-7050873659359226296"></source>
			<source file="../../workspace/dataset/test/test_write_format_zip_no_compression.c.ifdefed" startline="65" endline="310" function="DEFINE_TEST" hash="-8069505116862508723"></source>
		</class>
	</version>
	<version nr="3370" hash="78128f8d" evolution="Same" change="Same">
		<class nclones="2">
			<source file="../../workspace/dataset/test/test_write_zip_set_compression_store.c.ifdefed" startline="60" endline="308" function="DEFINE_TEST" hash="-7050873659359226296"></source>
			<source file="../../workspace/dataset/test/test_write_format_zip_no_compression.c.ifdefed" startline="65" endline="310" function="DEFINE_TEST" hash="-8069505116862508723"></source>
		</class>
	</version>
</lineage>
<lineage>
	<version nr="3320" hash="bbe315f7" evolution="None" change="None">
		<class nclones="2">
			<source file="../../workspace/dataset/test/test_read_format_rar.c.ifdefed" startline="104" endline="135" function="DEFINE_TEST" hash="-5991371007923040805"></source>
			<source file="../../workspace/dataset/test/test_read_format_rar.c.ifdefed" startline="137" endline="168" function="DEFINE_TEST" hash="-3921341957523288524"></source>
		</class>
	</version>
</lineage>
<lineage>
	<version nr="3320" hash="bbe315f7" evolution="None" change="None">
		<class nclones="2">
			<source file="../../workspace/dataset/test/test_read_format_rar.c.ifdefed" startline="170" endline="293" function="DEFINE_TEST" hash="-2165792158662729609"></source>
			<source file="../../workspace/dataset/test/test_read_format_rar.c.ifdefed" startline="295" endline="388" function="DEFINE_TEST" hash="-1911943528816988870"></source>
		</class>
	</version>
</lineage>
<lineage>
	<version nr="3320" hash="bbe315f7" evolution="None" change="None">
		<class nclones="4">
			<source file="../../workspace/dataset/test/test_read_format_rar.c.ifdefed" startline="390" endline="482" function="DEFINE_TEST" hash="9008208408150027276"></source>
			<source file="../../workspace/dataset/test/test_read_format_rar.c.ifdefed" startline="525" endline="617" function="DEFINE_TEST" hash="7537013854574235787"></source>
			<source file="../../workspace/dataset/test/test_read_format_rar.c.ifdefed" startline="913" endline="1006" function="DEFINE_TEST" hash="6504258853123146097"></source>
			<source file="../../workspace/dataset/test/test_read_format_rar.c.ifdefed" startline="790" endline="911" function="DEFINE_TEST" hash="-417186645294881678"></source>
		</class>
	</version>
</lineage>
<lineage>
	<version nr="3320" hash="bbe315f7" evolution="None" change="None">
		<class nclones="2">
			<source file="../../workspace/dataset/test/test_read_format_rar.c.ifdefed" startline="1080" endline="1121" function="DEFINE_TEST" hash="-7102606428278457032"></source>
			<source file="../../workspace/dataset/test/test_read_format_rar.c.ifdefed" startline="1123" endline="1156" function="DEFINE_TEST" hash="-5604185988022444565"></source>
		</class>
	</version>
</lineage>
<lineage>
	<version nr="3320" hash="bbe315f7" evolution="None" change="None">
		<class nclones="2">
			<source file="../../workspace/dataset/test/test_read_format_mtree.c.ifdefed" startline="312" endline="371" function="DEFINE_TEST" hash="-7199143741595896210"></source>
			<source file="../../workspace/dataset/test/test_read_format_mtree.c.ifdefed" startline="376" endline="435" function="DEFINE_TEST" hash="2112366737248498305"></source>
		</class>
	</version>
	<version nr="3330" hash="66b1a0b7" evolution="Same" change="Same">
		<class nclones="2">
			<source file="../../workspace/dataset/test/test_read_format_mtree.c.ifdefed" startline="445" endline="504" function="DEFINE_TEST" hash="-7199143741595896210"></source>
			<source file="../../workspace/dataset/test/test_read_format_mtree.c.ifdefed" startline="509" endline="568" function="DEFINE_TEST" hash="2112366737248498305"></source>
		</class>
	</version>
	<version nr="3340" hash="737e1a51" evolution="Same" change="Consistent">
		<class nclones="2">
			<source file="../../workspace/dataset/test/test_read_format_mtree.c.ifdefed" startline="447" endline="507" function="DEFINE_TEST" hash="-6447457505820922264"></source>
			<source file="../../workspace/dataset/test/test_read_format_mtree.c.ifdefed" startline="512" endline="572" function="DEFINE_TEST" hash="8733022919773232461"></source>
		</class>
	</version>
	<version nr="3390" hash="d4f23b41" evolution="Same" change="Same">
		<class nclones="2">
			<source file="../../workspace/dataset/test/test_read_format_mtree.c.ifdefed" startline="447" endline="507" function="DEFINE_TEST" hash="-6447457505820922264"></source>
			<source file="../../workspace/dataset/test/test_read_format_mtree.c.ifdefed" startline="512" endline="572" function="DEFINE_TEST" hash="8733022919773232461"></source>
		</class>
	</version>
	<version nr="3400" hash="7687c84c" evolution="Same" change="Consistent">
		<class nclones="2">
			<source file="../../workspace/dataset/test/test_read_format_mtree.c.ifdefed" startline="553" endline="615" function="DEFINE_TEST" hash="6925909975331602532"></source>
			<source file="../../workspace/dataset/test/test_read_format_mtree.c.ifdefed" startline="620" endline="682" function="DEFINE_TEST" hash="-867770766182156103"></source>
		</class>
	</version>
	<version nr="4600" hash="fd8fe9c5" evolution="Same" change="Same">
		<class nclones="2">
			<source file="../../workspace/dataset/test/test_read_format_mtree.c.ifdefed" startline="553" endline="615" function="DEFINE_TEST" hash="6925909975331602532"></source>
			<source file="../../workspace/dataset/test/test_read_format_mtree.c.ifdefed" startline="620" endline="682" function="DEFINE_TEST" hash="-867770766182156103"></source>
		</class>
	</version>
</lineage>
<lineage>
	<version nr="3330" hash="66b1a0b7" evolution="None" change="None">
		<class nclones="2">
			<source file="../../workspace/dataset/test/test_write_format_mtree_absolute_path.c.ifdefed" startline="32" endline="98" function="DEFINE_TEST" hash="-6228677427049422663"></source>
			<source file="../../workspace/dataset/test/test_write_format_mtree_no_separator.c.ifdefed" startline="35" endline="102" function="DEFINE_TEST" hash="-882765524124003411"></source>
		</class>
	</version>
	<version nr="4600" hash="fd8fe9c5" evolution="Same" change="Same">
		<class nclones="2">
			<source file="../../workspace/dataset/test/test_write_format_mtree_absolute_path.c.ifdefed" startline="32" endline="98" function="DEFINE_TEST" hash="-6228677427049422663"></source>
			<source file="../../workspace/dataset/test/test_write_format_mtree_no_separator.c.ifdefed" startline="35" endline="102" function="DEFINE_TEST" hash="-882765524124003411"></source>
		</class>
	</version>
</lineage>
<lineage>
	<version nr="3330" hash="66b1a0b7" evolution="None" change="None">
		<class nclones="2">
			<source file="../../workspace/dataset/test/test_write_format_mtree_classic.c.ifdefed" startline="110" endline="186" function="test_write_format_mtree_sub" hash="-3744636189411121426"></source>
			<source file="../../workspace/dataset/test/test_write_format_mtree_classic_indent.c.ifdefed" startline="110" endline="188" function="test_write_format_mtree_sub" hash="5602529967576227861"></source>
		</class>
	</version>
	<version nr="4600" hash="fd8fe9c5" evolution="Same" change="Same">
		<class nclones="2">
			<source file="../../workspace/dataset/test/test_write_format_mtree_classic.c.ifdefed" startline="110" endline="186" function="test_write_format_mtree_sub" hash="-3744636189411121426"></source>
			<source file="../../workspace/dataset/test/test_write_format_mtree_classic_indent.c.ifdefed" startline="110" endline="188" function="test_write_format_mtree_sub" hash="5602529967576227861"></source>
		</class>
	</version>
</lineage>
<lineage>
	<version nr="3340" hash="737e1a51" evolution="None" change="None">
		<class nclones="16">
			<source file="../../workspace/dataset/test/test_extract_cpio_lrz.c.ifdefed" startline="28" endline="48" function="DEFINE_TEST" hash="-9108770027362549683"></source>
			<source file="../../workspace/dataset/test/test_extract_tar_lrz.c.ifdefed" startline="28" endline="48" function="DEFINE_TEST" hash="4194047385299227249"></source>
			<source file="../../workspace/dataset/test/test_extract_cpio_gz.c.ifdefed" startline="28" endline="48" function="DEFINE_TEST" hash="7985504712650645473"></source>
			<source file="../../workspace/dataset/test/test_extract_cpio_grz.c.ifdefed" startline="28" endline="48" function="DEFINE_TEST" hash="1966039135194507202"></source>
			<source file="../../workspace/dataset/test/test_extract_cpio_lzo.c.ifdefed" startline="28" endline="48" function="DEFINE_TEST" hash="-3137778970596980508"></source>
			<source file="../../workspace/dataset/test/test_extract_cpio_lzma.c.ifdefed" startline="28" endline="48" function="DEFINE_TEST" hash="5782587561456890466"></source>
			<source file="../../workspace/dataset/test/test_extract_cpio_lz.c.ifdefed" startline="28" endline="48" function="DEFINE_TEST" hash="-2802627074786872314"></source>
			<source file="../../workspace/dataset/test/test_extract_cpio_bz2.c.ifdefed" startline="28" endline="48" function="DEFINE_TEST" hash="-3279649382870060153"></source>
			<source file="../../workspace/dataset/test/test_extract_cpio_xz.c.ifdefed" startline="28" endline="48" function="DEFINE_TEST" hash="3478032166884198134"></source>
			<source file="../../workspace/dataset/test/test_extract_tar_lzo.c.ifdefed" startline="28" endline="48" function="DEFINE_TEST" hash="-6089016010051695092"></source>
			<source file="../../workspace/dataset/test/test_extract_tar_lz.c.ifdefed" startline="28" endline="48" function="DEFINE_TEST" hash="-5239790711167609628"></source>
			<source file="../../workspace/dataset/test/test_extract_tar_grz.c.ifdefed" startline="28" endline="48" function="DEFINE_TEST" hash="-9039370788190307638"></source>
			<source file="../../workspace/dataset/test/test_extract_tar_xz.c.ifdefed" startline="28" endline="48" function="DEFINE_TEST" hash="1216265258963922262"></source>
			<source file="../../workspace/dataset/test/test_extract_tar_gz.c.ifdefed" startline="28" endline="48" function="DEFINE_TEST" hash="6291350320234319587"></source>
			<source file="../../workspace/dataset/test/test_extract_tar_lzma.c.ifdefed" startline="28" endline="48" function="DEFINE_TEST" hash="716550955091762266"></source>
			<source file="../../workspace/dataset/test/test_extract_tar_bz2.c.ifdefed" startline="28" endline="48" function="DEFINE_TEST" hash="-7927820854497175317"></source>
		</class>
	</version>
	<version nr="3460" hash="1d2939fd" evolution="Same" change="Same">
		<class nclones="16">
			<source file="../../workspace/dataset/test/test_extract_cpio_lrz.c.ifdefed" startline="28" endline="48" function="DEFINE_TEST" hash="-9108770027362549683"></source>
			<source file="../../workspace/dataset/test/test_extract_cpio_bz2.c.ifdefed" startline="28" endline="48" function="DEFINE_TEST" hash="-3279649382870060153"></source>
			<source file="../../workspace/dataset/test/test_extract_cpio_grz.c.ifdefed" startline="28" endline="48" function="DEFINE_TEST" hash="1966039135194507202"></source>
			<source file="../../workspace/dataset/test/test_extract_cpio_gz.c.ifdefed" startline="28" endline="48" function="DEFINE_TEST" hash="7985504712650645473"></source>
			<source file="../../workspace/dataset/test/test_extract_cpio_lzo.c.ifdefed" startline="28" endline="48" function="DEFINE_TEST" hash="-3137778970596980508"></source>
			<source file="../../workspace/dataset/test/test_extract_cpio_lz.c.ifdefed" startline="28" endline="48" function="DEFINE_TEST" hash="-2802627074786872314"></source>
			<source file="../../workspace/dataset/test/test_extract_cpio_lzma.c.ifdefed" startline="28" endline="48" function="DEFINE_TEST" hash="5782587561456890466"></source>
			<source file="../../workspace/dataset/test/test_extract_tar_lrz.c.ifdefed" startline="28" endline="48" function="DEFINE_TEST" hash="4194047385299227249"></source>
			<source file="../../workspace/dataset/test/test_extract_cpio_xz.c.ifdefed" startline="28" endline="48" function="DEFINE_TEST" hash="3478032166884198134"></source>
			<source file="../../workspace/dataset/test/test_extract_tar_bz2.c.ifdefed" startline="28" endline="48" function="DEFINE_TEST" hash="-7927820854497175317"></source>
			<source file="../../workspace/dataset/test/test_extract_tar_grz.c.ifdefed" startline="28" endline="48" function="DEFINE_TEST" hash="-9039370788190307638"></source>
			<source file="../../workspace/dataset/test/test_extract_tar_gz.c.ifdefed" startline="28" endline="48" function="DEFINE_TEST" hash="6291350320234319587"></source>
			<source file="../../workspace/dataset/test/test_extract_tar_lzo.c.ifdefed" startline="28" endline="48" function="DEFINE_TEST" hash="-6089016010051695092"></source>
			<source file="../../workspace/dataset/test/test_extract_tar_lz.c.ifdefed" startline="28" endline="48" function="DEFINE_TEST" hash="-5239790711167609628"></source>
			<source file="../../workspace/dataset/test/test_extract_tar_lzma.c.ifdefed" startline="28" endline="48" function="DEFINE_TEST" hash="716550955091762266"></source>
			<source file="../../workspace/dataset/test/test_extract_tar_xz.c.ifdefed" startline="28" endline="48" function="DEFINE_TEST" hash="1216265258963922262"></source>
		</class>
	</version>
	<version nr="3470" hash="bacaab46" evolution="Add" change="Same">
		<class nclones="18">
			<source file="../../workspace/dataset/test/test_extract_cpio_lrz.c.ifdefed" startline="28" endline="48" function="DEFINE_TEST" hash="-9108770027362549683"></source>
			<source file="../../workspace/dataset/test/test_extract_cpio_lzma.c.ifdefed" startline="28" endline="48" function="DEFINE_TEST" hash="5782587561456890466"></source>
			<source file="../../workspace/dataset/test/test_extract_cpio_lz4.c.ifdefed" startline="28" endline="48" function="DEFINE_TEST" hash="4357928140165939749"></source>
			<source file="../../workspace/dataset/test/test_extract_cpio_lz.c.ifdefed" startline="28" endline="48" function="DEFINE_TEST" hash="-2802627074786872314"></source>
			<source file="../../workspace/dataset/test/test_extract_cpio_bz2.c.ifdefed" startline="28" endline="48" function="DEFINE_TEST" hash="-3279649382870060153"></source>
			<source file="../../workspace/dataset/test/test_extract_cpio_grz.c.ifdefed" startline="28" endline="48" function="DEFINE_TEST" hash="1966039135194507202"></source>
			<source file="../../workspace/dataset/test/test_extract_cpio_lzo.c.ifdefed" startline="28" endline="48" function="DEFINE_TEST" hash="-3137778970596980508"></source>
			<source file="../../workspace/dataset/test/test_extract_tar_lrz.c.ifdefed" startline="28" endline="48" function="DEFINE_TEST" hash="4194047385299227249"></source>
			<source file="../../workspace/dataset/test/test_extract_cpio_gz.c.ifdefed" startline="28" endline="48" function="DEFINE_TEST" hash="7985504712650645473"></source>
			<source file="../../workspace/dataset/test/test_extract_cpio_xz.c.ifdefed" startline="28" endline="48" function="DEFINE_TEST" hash="3478032166884198134"></source>
			<source file="../../workspace/dataset/test/test_extract_tar_lzma.c.ifdefed" startline="28" endline="48" function="DEFINE_TEST" hash="716550955091762266"></source>
			<source file="../../workspace/dataset/test/test_extract_tar_lz4.c.ifdefed" startline="28" endline="48" function="DEFINE_TEST" hash="1634356621187996843"></source>
			<source file="../../workspace/dataset/test/test_extract_tar_lz.c.ifdefed" startline="28" endline="48" function="DEFINE_TEST" hash="-5239790711167609628"></source>
			<source file="../../workspace/dataset/test/test_extract_tar_bz2.c.ifdefed" startline="28" endline="48" function="DEFINE_TEST" hash="-7927820854497175317"></source>
			<source file="../../workspace/dataset/test/test_extract_tar_grz.c.ifdefed" startline="28" endline="48" function="DEFINE_TEST" hash="-9039370788190307638"></source>
			<source file="../../workspace/dataset/test/test_extract_tar_lzo.c.ifdefed" startline="28" endline="48" function="DEFINE_TEST" hash="-6089016010051695092"></source>
			<source file="../../workspace/dataset/test/test_extract_tar_gz.c.ifdefed" startline="28" endline="48" function="DEFINE_TEST" hash="6291350320234319587"></source>
			<source file="../../workspace/dataset/test/test_extract_tar_xz.c.ifdefed" startline="28" endline="48" function="DEFINE_TEST" hash="1216265258963922262"></source>
		</class>
	</version>
	<version nr="4060" hash="d8c7f2e5" evolution="Same" change="Same">
		<class nclones="18">
			<source file="../../workspace/dataset/test/test_extract_cpio_lrz.c.ifdefed" startline="28" endline="48" function="DEFINE_TEST" hash="-9108770027362549683"></source>
			<source file="../../workspace/dataset/test/test_extract_cpio_lzma.c.ifdefed" startline="28" endline="48" function="DEFINE_TEST" hash="5782587561456890466"></source>
			<source file="../../workspace/dataset/test/test_extract_cpio_lz4.c.ifdefed" startline="28" endline="48" function="DEFINE_TEST" hash="4357928140165939749"></source>
			<source file="../../workspace/dataset/test/test_extract_cpio_grz.c.ifdefed" startline="28" endline="48" function="DEFINE_TEST" hash="1966039135194507202"></source>
			<source file="../../workspace/dataset/test/test_extract_cpio_lz.c.ifdefed" startline="28" endline="48" function="DEFINE_TEST" hash="-2802627074786872314"></source>
			<source file="../../workspace/dataset/test/test_extract_cpio_xz.c.ifdefed" startline="28" endline="48" function="DEFINE_TEST" hash="3478032166884198134"></source>
			<source file="../../workspace/dataset/test/test_extract_tar_lrz.c.ifdefed" startline="28" endline="48" function="DEFINE_TEST" hash="4194047385299227249"></source>
			<source file="../../workspace/dataset/test/test_extract_cpio_bz2.c.ifdefed" startline="28" endline="48" function="DEFINE_TEST" hash="-3279649382870060153"></source>
			<source file="../../workspace/dataset/test/test_extract_cpio_lzo.c.ifdefed" startline="28" endline="48" function="DEFINE_TEST" hash="-3137778970596980508"></source>
			<source file="../../workspace/dataset/test/test_extract_cpio_gz.c.ifdefed" startline="28" endline="48" function="DEFINE_TEST" hash="7985504712650645473"></source>
			<source file="../../workspace/dataset/test/test_extract_tar_lzma.c.ifdefed" startline="28" endline="48" function="DEFINE_TEST" hash="716550955091762266"></source>
			<source file="../../workspace/dataset/test/test_extract_tar_lz4.c.ifdefed" startline="28" endline="48" function="DEFINE_TEST" hash="1634356621187996843"></source>
			<source file="../../workspace/dataset/test/test_extract_tar_grz.c.ifdefed" startline="28" endline="48" function="DEFINE_TEST" hash="-9039370788190307638"></source>
			<source file="../../workspace/dataset/test/test_extract_tar_lz.c.ifdefed" startline="28" endline="48" function="DEFINE_TEST" hash="-5239790711167609628"></source>
			<source file="../../workspace/dataset/test/test_extract_tar_xz.c.ifdefed" startline="28" endline="48" function="DEFINE_TEST" hash="1216265258963922262"></source>
			<source file="../../workspace/dataset/test/test_extract_tar_gz.c.ifdefed" startline="28" endline="48" function="DEFINE_TEST" hash="6291350320234319587"></source>
			<source file="../../workspace/dataset/test/test_extract_tar_lzo.c.ifdefed" startline="28" endline="48" function="DEFINE_TEST" hash="-6089016010051695092"></source>
			<source file="../../workspace/dataset/test/test_extract_tar_bz2.c.ifdefed" startline="28" endline="48" function="DEFINE_TEST" hash="-7927820854497175317"></source>
		</class>
	</version>
	<version nr="4070" hash="227d33ae" evolution="Add" change="Same">
		<class nclones="20">
			<source file="../../workspace/dataset/test/test_extract_cpio_lrz.c.ifdefed" startline="28" endline="48" function="DEFINE_TEST" hash="-9108770027362549683"></source>
			<source file="../../workspace/dataset/test/test_extract_cpio_lzma.c.ifdefed" startline="28" endline="48" function="DEFINE_TEST" hash="5782587561456890466"></source>
			<source file="../../workspace/dataset/test/test_extract_tar_lrz.c.ifdefed" startline="28" endline="48" function="DEFINE_TEST" hash="4194047385299227249"></source>
			<source file="../../workspace/dataset/test/test_extract_cpio_lz.c.ifdefed" startline="28" endline="48" function="DEFINE_TEST" hash="-2802627074786872314"></source>
			<source file="../../workspace/dataset/test/test_extract_cpio_xz.c.ifdefed" startline="28" endline="48" function="DEFINE_TEST" hash="3478032166884198134"></source>
			<source file="../../workspace/dataset/test/test_extract_cpio_zstd.c.ifdefed" startline="28" endline="48" function="DEFINE_TEST" hash="-4075125237141756870"></source>
			<source file="../../workspace/dataset/test/test_extract_cpio_bz2.c.ifdefed" startline="28" endline="48" function="DEFINE_TEST" hash="-3279649382870060153"></source>
			<source file="../../workspace/dataset/test/test_extract_cpio_lz4.c.ifdefed" startline="28" endline="48" function="DEFINE_TEST" hash="4357928140165939749"></source>
			<source file="../../workspace/dataset/test/test_extract_cpio_gz.c.ifdefed" startline="28" endline="48" function="DEFINE_TEST" hash="7985504712650645473"></source>
			<source file="../../workspace/dataset/test/test_extract_cpio_grz.c.ifdefed" startline="28" endline="48" function="DEFINE_TEST" hash="1966039135194507202"></source>
			<source file="../../workspace/dataset/test/test_extract_cpio_lzo.c.ifdefed" startline="28" endline="48" function="DEFINE_TEST" hash="-3137778970596980508"></source>
			<source file="../../workspace/dataset/test/test_extract_tar_lzma.c.ifdefed" startline="28" endline="48" function="DEFINE_TEST" hash="716550955091762266"></source>
			<source file="../../workspace/dataset/test/test_extract_tar_zstd.c.ifdefed" startline="28" endline="48" function="DEFINE_TEST" hash="-7052923311829363822"></source>
			<source file="../../workspace/dataset/test/test_extract_tar_lz.c.ifdefed" startline="28" endline="48" function="DEFINE_TEST" hash="-5239790711167609628"></source>
			<source file="../../workspace/dataset/test/test_extract_tar_lzo.c.ifdefed" startline="28" endline="48" function="DEFINE_TEST" hash="-6089016010051695092"></source>
			<source file="../../workspace/dataset/test/test_extract_tar_xz.c.ifdefed" startline="28" endline="48" function="DEFINE_TEST" hash="1216265258963922262"></source>
			<source file="../../workspace/dataset/test/test_extract_tar_grz.c.ifdefed" startline="28" endline="48" function="DEFINE_TEST" hash="-9039370788190307638"></source>
			<source file="../../workspace/dataset/test/test_extract_tar_bz2.c.ifdefed" startline="28" endline="48" function="DEFINE_TEST" hash="-7927820854497175317"></source>
			<source file="../../workspace/dataset/test/test_extract_tar_lz4.c.ifdefed" startline="28" endline="48" function="DEFINE_TEST" hash="1634356621187996843"></source>
			<source file="../../workspace/dataset/test/test_extract_tar_gz.c.ifdefed" startline="28" endline="48" function="DEFINE_TEST" hash="6291350320234319587"></source>
		</class>
	</version>
	<version nr="4600" hash="fd8fe9c5" evolution="Same" change="Same">
		<class nclones="20">
			<source file="../../workspace/dataset/test/test_extract_cpio_lrz.c.ifdefed" startline="28" endline="48" function="DEFINE_TEST" hash="-9108770027362549683"></source>
			<source file="../../workspace/dataset/test/test_extract_cpio_xz.c.ifdefed" startline="28" endline="48" function="DEFINE_TEST" hash="3478032166884198134"></source>
			<source file="../../workspace/dataset/test/test_extract_cpio_lz4.c.ifdefed" startline="28" endline="48" function="DEFINE_TEST" hash="4357928140165939749"></source>
			<source file="../../workspace/dataset/test/test_extract_cpio_lzo.c.ifdefed" startline="28" endline="48" function="DEFINE_TEST" hash="-3137778970596980508"></source>
			<source file="../../workspace/dataset/test/test_extract_cpio_grz.c.ifdefed" startline="28" endline="48" function="DEFINE_TEST" hash="1966039135194507202"></source>
			<source file="../../workspace/dataset/test/test_extract_cpio_lz.c.ifdefed" startline="28" endline="48" function="DEFINE_TEST" hash="-2802627074786872314"></source>
			<source file="../../workspace/dataset/test/test_extract_cpio_gz.c.ifdefed" startline="28" endline="48" function="DEFINE_TEST" hash="7985504712650645473"></source>
			<source file="../../workspace/dataset/test/test_extract_cpio_bz2.c.ifdefed" startline="28" endline="48" function="DEFINE_TEST" hash="-3279649382870060153"></source>
			<source file="../../workspace/dataset/test/test_extract_cpio_zstd.c.ifdefed" startline="28" endline="48" function="DEFINE_TEST" hash="-4075125237141756870"></source>
			<source file="../../workspace/dataset/test/test_extract_cpio_lzma.c.ifdefed" startline="28" endline="48" function="DEFINE_TEST" hash="5782587561456890466"></source>
			<source file="../../workspace/dataset/test/test_extract_tar_lrz.c.ifdefed" startline="28" endline="48" function="DEFINE_TEST" hash="4194047385299227249"></source>
			<source file="../../workspace/dataset/test/test_extract_tar_xz.c.ifdefed" startline="28" endline="48" function="DEFINE_TEST" hash="1216265258963922262"></source>
			<source file="../../workspace/dataset/test/test_extract_tar_lz4.c.ifdefed" startline="28" endline="48" function="DEFINE_TEST" hash="1634356621187996843"></source>
			<source file="../../workspace/dataset/test/test_extract_tar_lzo.c.ifdefed" startline="28" endline="48" function="DEFINE_TEST" hash="-6089016010051695092"></source>
			<source file="../../workspace/dataset/test/test_extract_tar_grz.c.ifdefed" startline="28" endline="48" function="DEFINE_TEST" hash="-9039370788190307638"></source>
			<source file="../../workspace/dataset/test/test_extract_tar_lz.c.ifdefed" startline="28" endline="48" function="DEFINE_TEST" hash="-5239790711167609628"></source>
			<source file="../../workspace/dataset/test/test_extract_tar_gz.c.ifdefed" startline="28" endline="48" function="DEFINE_TEST" hash="6291350320234319587"></source>
			<source file="../../workspace/dataset/test/test_extract_tar_bz2.c.ifdefed" startline="28" endline="48" function="DEFINE_TEST" hash="-7927820854497175317"></source>
			<source file="../../workspace/dataset/test/test_extract_tar_zstd.c.ifdefed" startline="28" endline="48" function="DEFINE_TEST" hash="-7052923311829363822"></source>
			<source file="../../workspace/dataset/test/test_extract_tar_lzma.c.ifdefed" startline="28" endline="48" function="DEFINE_TEST" hash="716550955091762266"></source>
		</class>
	</version>
</lineage>
<lineage>
	<version nr="3340" hash="737e1a51" evolution="None" change="None">
		<class nclones="2">
			<source file="../../workspace/dataset/test/test_write_disk_no_hfs_compression.c.ifdefed" startline="73" endline="231" function="DEFINE_TEST" hash="6494623118545987945"></source>
			<source file="../../workspace/dataset/test/test_write_disk_hfs_compression.c.ifdefed" startline="89" endline="278" function="DEFINE_TEST" hash="-7251473879290557450"></source>
		</class>
	</version>
	<version nr="4600" hash="fd8fe9c5" evolution="Same" change="Same">
		<class nclones="2">
			<source file="../../workspace/dataset/test/test_write_disk_no_hfs_compression.c.ifdefed" startline="73" endline="231" function="DEFINE_TEST" hash="6494623118545987945"></source>
			<source file="../../workspace/dataset/test/test_write_disk_hfs_compression.c.ifdefed" startline="89" endline="278" function="DEFINE_TEST" hash="-7251473879290557450"></source>
		</class>
	</version>
</lineage>
<lineage>
	<version nr="3340" hash="737e1a51" evolution="None" change="None">
		<class nclones="2">
			<source file="../../workspace/dataset/test/test_read_format_zip_comment_stored.c.ifdefed" startline="32" endline="60" function="verify" hash="-6506608155528238268"></source>
			<source file="../../workspace/dataset/test/test_read_format_zip_sfx.c.ifdefed" startline="31" endline="59" function="DEFINE_TEST" hash="2465061461049144486"></source>
		</class>
	</version>
	<version nr="3350" hash="42b5086d" evolution="Add" change="Same">
		<class nclones="3">
			<source file="../../workspace/dataset/test/test_read_format_zip_comment_stored.c.ifdefed" startline="32" endline="60" function="verify" hash="-6506608155528238268"></source>
			<source file="../../workspace/dataset/test/test_read_format_zip_padded.c.ifdefed" startline="28" endline="56" function="verify_padded_archive" hash="-7198696449698065521"></source>
			<source file="../../workspace/dataset/test/test_read_format_zip_sfx.c.ifdefed" startline="31" endline="59" function="DEFINE_TEST" hash="2465061461049144486"></source>
		</class>
	</version>
	<version nr="3360" hash="7a90710e" evolution="Same" change="Consistent">
		<class nclones="3">
			<source file="../../workspace/dataset/test/test_read_format_zip_comment_stored.c.ifdefed" startline="32" endline="66" function="verify" hash="-1207432971624687845"></source>
			<source file="../../workspace/dataset/test/test_read_format_zip.c.ifdefed" startline="271" endline="305" function="test_symlink" hash="241751490759771357"></source>
			<source file="../../workspace/dataset/test/test_read_format_zip_sfx.c.ifdefed" startline="31" endline="63" function="DEFINE_TEST" hash="-5760011799068920500"></source>
		</class>
	</version>
	<version nr="3910" hash="9f43a7d6" evolution="Same" change="Same">
		<class nclones="3">
			<source file="../../workspace/dataset/test/test_read_format_zip_comment_stored.c.ifdefed" startline="32" endline="66" function="verify" hash="-1207432971624687845"></source>
			<source file="../../workspace/dataset/test/test_read_format_zip_sfx.c.ifdefed" startline="31" endline="63" function="DEFINE_TEST" hash="-5760011799068920500"></source>
			<source file="../../workspace/dataset/test/test_read_format_zip.c.ifdefed" startline="271" endline="305" function="test_symlink" hash="241751490759771357"></source>
		</class>
	</version>
	<version nr="3920" hash="d77b577b" evolution="Same" change="Consistent">
		<class nclones="3">
			<source file="../../workspace/dataset/test/test_read_format_zip_comment_stored.c.ifdefed" startline="32" endline="68" function="verify" hash="-628632286232303130"></source>
			<source file="../../workspace/dataset/test/test_read_format_zip_sfx.c.ifdefed" startline="31" endline="65" function="DEFINE_TEST" hash="5068253162954913629"></source>
			<source file="../../workspace/dataset/test/test_read_format_zip.c.ifdefed" startline="266" endline="302" function="test_symlink" hash="3487527075904584784"></source>
		</class>
	</version>
	<version nr="4380" hash="467d193d" evolution="Same" change="Same">
		<class nclones="3">
			<source file="../../workspace/dataset/test/test_read_format_zip_comment_stored.c.ifdefed" startline="32" endline="68" function="verify" hash="-628632286232303130"></source>
			<source file="../../workspace/dataset/test/test_read_format_zip_sfx.c.ifdefed" startline="31" endline="65" function="DEFINE_TEST" hash="5068253162954913629"></source>
			<source file="../../workspace/dataset/test/test_read_format_zip.c.ifdefed" startline="266" endline="302" function="test_symlink" hash="3487527075904584784"></source>
		</class>
	</version>
	<version nr="4390" hash="343642bc" evolution="Same" change="Consistent">
		<class nclones="3">
			<source file="../../workspace/dataset/test/test_read_format_zip_comment_stored.c.ifdefed" startline="32" endline="68" function="verify" hash="-5783479438980314200"></source>
			<source file="../../workspace/dataset/test/test_read_format_zip.c.ifdefed" startline="340" endline="376" function="test_symlink" hash="1989168494350935462"></source>
			<source file="../../workspace/dataset/test/test_read_format_zip_sfx.c.ifdefed" startline="31" endline="65" function="DEFINE_TEST" hash="-5996816174147921877"></source>
		</class>
	</version>
	<version nr="4600" hash="fd8fe9c5" evolution="Same" change="Same">
		<class nclones="3">
			<source file="../../workspace/dataset/test/test_read_format_zip_comment_stored.c.ifdefed" startline="32" endline="68" function="verify" hash="-5783479438980314200"></source>
			<source file="../../workspace/dataset/test/test_read_format_zip_sfx.c.ifdefed" startline="31" endline="65" function="DEFINE_TEST" hash="-5996816174147921877"></source>
			<source file="../../workspace/dataset/test/test_read_format_zip.c.ifdefed" startline="340" endline="376" function="test_symlink" hash="1989168494350935462"></source>
		</class>
	</version>
</lineage>
<lineage>
	<version nr="3340" hash="737e1a51" evolution="None" change="None">
		<class nclones="6">
			<source file="../../workspace/dataset/test/test_write_filter_lzop.c.ifdefed" startline="34" endline="268" function="DEFINE_TEST" hash="2635781136495711434"></source>
			<source file="../../workspace/dataset/test/test_write_filter_lzip.c.ifdefed" startline="36" endline="255" function="DEFINE_TEST" hash="-5997039326703120482"></source>
			<source file="../../workspace/dataset/test/test_write_filter_lzma.c.ifdefed" startline="35" endline="259" function="DEFINE_TEST" hash="4469626422444655702"></source>
			<source file="../../workspace/dataset/test/test_write_filter_xz.c.ifdefed" startline="36" endline="265" function="DEFINE_TEST" hash="-2861967796787891349"></source>
			<source file="../../workspace/dataset/test/test_write_filter_gzip.c.ifdefed" startline="36" endline="272" function="DEFINE_TEST" hash="6715459568397151952"></source>
			<source file="../../workspace/dataset/test/test_write_filter_bzip2.c.ifdefed" startline="36" endline="276" function="DEFINE_TEST" hash="431846362285140857"></source>
		</class>
	</version>
	<version nr="3450" hash="fa9e61aa" evolution="Same" change="Same">
		<class nclones="6">
			<source file="../../workspace/dataset/test/test_write_filter_lzop.c.ifdefed" startline="34" endline="268" function="DEFINE_TEST" hash="2635781136495711434"></source>
			<source file="../../workspace/dataset/test/test_write_filter_gzip.c.ifdefed" startline="36" endline="272" function="DEFINE_TEST" hash="6715459568397151952"></source>
			<source file="../../workspace/dataset/test/test_write_filter_xz.c.ifdefed" startline="36" endline="265" function="DEFINE_TEST" hash="-2861967796787891349"></source>
			<source file="../../workspace/dataset/test/test_write_filter_lzip.c.ifdefed" startline="36" endline="255" function="DEFINE_TEST" hash="-5997039326703120482"></source>
			<source file="../../workspace/dataset/test/test_write_filter_lzma.c.ifdefed" startline="35" endline="259" function="DEFINE_TEST" hash="4469626422444655702"></source>
			<source file="../../workspace/dataset/test/test_write_filter_bzip2.c.ifdefed" startline="36" endline="276" function="DEFINE_TEST" hash="431846362285140857"></source>
		</class>
	</version>
	<version nr="3460" hash="1d2939fd" evolution="Add" change="Same">
		<class nclones="7">
			<source file="../../workspace/dataset/test/test_write_filter_lzop.c.ifdefed" startline="34" endline="268" function="DEFINE_TEST" hash="2635781136495711434"></source>
			<source file="../../workspace/dataset/test/test_write_filter_xz.c.ifdefed" startline="36" endline="265" function="DEFINE_TEST" hash="-2861967796787891349"></source>
			<source file="../../workspace/dataset/test/test_write_filter_lzma.c.ifdefed" startline="35" endline="259" function="DEFINE_TEST" hash="4469626422444655702"></source>
			<source file="../../workspace/dataset/test/test_write_filter_gzip.c.ifdefed" startline="36" endline="272" function="DEFINE_TEST" hash="6715459568397151952"></source>
			<source file="../../workspace/dataset/test/test_write_filter_lz4.c.ifdefed" startline="34" endline="268" function="DEFINE_TEST" hash="-2339127390024441158"></source>
			<source file="../../workspace/dataset/test/test_write_filter_lzip.c.ifdefed" startline="36" endline="255" function="DEFINE_TEST" hash="-5997039326703120482"></source>
			<source file="../../workspace/dataset/test/test_write_filter_bzip2.c.ifdefed" startline="36" endline="276" function="DEFINE_TEST" hash="431846362285140857"></source>
		</class>
	</version>
	<version nr="3470" hash="bacaab46" evolution="Same" change="Inconsistent">
		<class nclones="7">
			<source file="../../workspace/dataset/test/test_write_filter_lzop.c.ifdefed" startline="34" endline="268" function="DEFINE_TEST" hash="2635781136495711434"></source>
			<source file="../../workspace/dataset/test/test_write_filter_lzip.c.ifdefed" startline="36" endline="255" function="DEFINE_TEST" hash="-5997039326703120482"></source>
			<source file="../../workspace/dataset/test/test_write_filter_gzip.c.ifdefed" startline="36" endline="272" function="DEFINE_TEST" hash="6715459568397151952"></source>
			<source file="../../workspace/dataset/test/test_write_filter_lz4.c.ifdefed" startline="34" endline="268" function="DEFINE_TEST" hash="-3807579461274521772"></source>
			<source file="../../workspace/dataset/test/test_write_filter_lzma.c.ifdefed" startline="35" endline="259" function="DEFINE_TEST" hash="4469626422444655702"></source>
			<source file="../../workspace/dataset/test/test_write_filter_xz.c.ifdefed" startline="36" endline="265" function="DEFINE_TEST" hash="-2861967796787891349"></source>
			<source file="../../workspace/dataset/test/test_write_filter_bzip2.c.ifdefed" startline="36" endline="276" function="DEFINE_TEST" hash="431846362285140857"></source>
		</class>
	</version>
	<version nr="3710" hash="b281f94c" evolution="Same" change="Same">
		<class nclones="7">
			<source file="../../workspace/dataset/test/test_write_filter_lzop.c.ifdefed" startline="34" endline="268" function="DEFINE_TEST" hash="2635781136495711434"></source>
			<source file="../../workspace/dataset/test/test_write_filter_xz.c.ifdefed" startline="36" endline="265" function="DEFINE_TEST" hash="-2861967796787891349"></source>
			<source file="../../workspace/dataset/test/test_write_filter_lzip.c.ifdefed" startline="36" endline="255" function="DEFINE_TEST" hash="-5997039326703120482"></source>
			<source file="../../workspace/dataset/test/test_write_filter_lzma.c.ifdefed" startline="35" endline="259" function="DEFINE_TEST" hash="4469626422444655702"></source>
			<source file="../../workspace/dataset/test/test_write_filter_lz4.c.ifdefed" startline="34" endline="268" function="DEFINE_TEST" hash="-3807579461274521772"></source>
			<source file="../../workspace/dataset/test/test_write_filter_gzip.c.ifdefed" startline="36" endline="272" function="DEFINE_TEST" hash="6715459568397151952"></source>
			<source file="../../workspace/dataset/test/test_write_filter_bzip2.c.ifdefed" startline="36" endline="276" function="DEFINE_TEST" hash="431846362285140857"></source>
		</class>
	</version>
	<version nr="3720" hash="ebc67c17" evolution="Same" change="Inconsistent">
		<class nclones="7">
			<source file="../../workspace/dataset/test/test_write_filter_lzop.c.ifdefed" startline="34" endline="268" function="DEFINE_TEST" hash="2635781136495711434"></source>
			<source file="../../workspace/dataset/test/test_write_filter_lz4.c.ifdefed" startline="34" endline="274" function="DEFINE_TEST" hash="4791073690875979601"></source>
			<source file="../../workspace/dataset/test/test_write_filter_lzip.c.ifdefed" startline="36" endline="255" function="DEFINE_TEST" hash="-5997039326703120482"></source>
			<source file="../../workspace/dataset/test/test_write_filter_xz.c.ifdefed" startline="36" endline="265" function="DEFINE_TEST" hash="-2861967796787891349"></source>
			<source file="../../workspace/dataset/test/test_write_filter_lzma.c.ifdefed" startline="35" endline="259" function="DEFINE_TEST" hash="4469626422444655702"></source>
			<source file="../../workspace/dataset/test/test_write_filter_gzip.c.ifdefed" startline="36" endline="272" function="DEFINE_TEST" hash="6715459568397151952"></source>
			<source file="../../workspace/dataset/test/test_write_filter_bzip2.c.ifdefed" startline="36" endline="276" function="DEFINE_TEST" hash="431846362285140857"></source>
		</class>
	</version>
	<version nr="3910" hash="9f43a7d6" evolution="Same" change="Same">
		<class nclones="7">
			<source file="../../workspace/dataset/test/test_write_filter_lzop.c.ifdefed" startline="34" endline="268" function="DEFINE_TEST" hash="2635781136495711434"></source>
			<source file="../../workspace/dataset/test/test_write_filter_lz4.c.ifdefed" startline="34" endline="274" function="DEFINE_TEST" hash="4791073690875979601"></source>
			<source file="../../workspace/dataset/test/test_write_filter_lzip.c.ifdefed" startline="36" endline="255" function="DEFINE_TEST" hash="-5997039326703120482"></source>
			<source file="../../workspace/dataset/test/test_write_filter_xz.c.ifdefed" startline="36" endline="265" function="DEFINE_TEST" hash="-2861967796787891349"></source>
			<source file="../../workspace/dataset/test/test_write_filter_lzma.c.ifdefed" startline="35" endline="259" function="DEFINE_TEST" hash="4469626422444655702"></source>
			<source file="../../workspace/dataset/test/test_write_filter_gzip.c.ifdefed" startline="36" endline="272" function="DEFINE_TEST" hash="6715459568397151952"></source>
			<source file="../../workspace/dataset/test/test_write_filter_bzip2.c.ifdefed" startline="36" endline="276" function="DEFINE_TEST" hash="431846362285140857"></source>
		</class>
	</version>
	<version nr="3920" hash="d77b577b" evolution="Same" change="Inconsistent">
		<class nclones="7">
			<source file="../../workspace/dataset/test/test_write_filter_lzop.c.ifdefed" startline="34" endline="268" function="DEFINE_TEST" hash="5296599118102134500"></source>
			<source file="../../workspace/dataset/test/test_write_filter_lz4.c.ifdefed" startline="34" endline="275" function="DEFINE_TEST" hash="3318706495312217621"></source>
			<source file="../../workspace/dataset/test/test_write_filter_gzip.c.ifdefed" startline="36" endline="272" function="DEFINE_TEST" hash="6715459568397151952"></source>
			<source file="../../workspace/dataset/test/test_write_filter_bzip2.c.ifdefed" startline="36" endline="276" function="DEFINE_TEST" hash="431846362285140857"></source>
			<source file="../../workspace/dataset/test/test_write_filter_xz.c.ifdefed" startline="36" endline="265" function="DEFINE_TEST" hash="-2861967796787891349"></source>
			<source file="../../workspace/dataset/test/test_write_filter_lzma.c.ifdefed" startline="35" endline="259" function="DEFINE_TEST" hash="4469626422444655702"></source>
			<source file="../../workspace/dataset/test/test_write_filter_lzip.c.ifdefed" startline="36" endline="255" function="DEFINE_TEST" hash="-5997039326703120482"></source>
		</class>
	</version>
	<version nr="4090" hash="108251d8" evolution="Same" change="Same">
		<class nclones="7">
			<source file="../../workspace/dataset/test/test_write_filter_lzop.c.ifdefed" startline="34" endline="268" function="DEFINE_TEST" hash="5296599118102134500"></source>
			<source file="../../workspace/dataset/test/test_write_filter_lz4.c.ifdefed" startline="34" endline="275" function="DEFINE_TEST" hash="3318706495312217621"></source>
			<source file="../../workspace/dataset/test/test_write_filter_gzip.c.ifdefed" startline="36" endline="272" function="DEFINE_TEST" hash="6715459568397151952"></source>
			<source file="../../workspace/dataset/test/test_write_filter_bzip2.c.ifdefed" startline="36" endline="276" function="DEFINE_TEST" hash="431846362285140857"></source>
			<source file="../../workspace/dataset/test/test_write_filter_xz.c.ifdefed" startline="36" endline="265" function="DEFINE_TEST" hash="-2861967796787891349"></source>
			<source file="../../workspace/dataset/test/test_write_filter_lzma.c.ifdefed" startline="35" endline="259" function="DEFINE_TEST" hash="4469626422444655702"></source>
			<source file="../../workspace/dataset/test/test_write_filter_lzip.c.ifdefed" startline="36" endline="255" function="DEFINE_TEST" hash="-5997039326703120482"></source>
		</class>
	</version>
	<version nr="4100" hash="a864f9f9" evolution="Subtract" change="Same">
		<class nclones="2">
			<source file="../../workspace/dataset/test/test_write_filter_lzop.c.ifdefed" startline="34" endline="268" function="DEFINE_TEST" hash="5296599118102134500"></source>
			<source file="../../workspace/dataset/test/test_write_filter_lz4.c.ifdefed" startline="34" endline="275" function="DEFINE_TEST" hash="3318706495312217621"></source>
		</class>
	</version>
	<version nr="4600" hash="fd8fe9c5" evolution="Same" change="Same">
		<class nclones="2">
			<source file="../../workspace/dataset/test/test_write_filter_lzop.c.ifdefed" startline="34" endline="268" function="DEFINE_TEST" hash="5296599118102134500"></source>
			<source file="../../workspace/dataset/test/test_write_filter_lz4.c.ifdefed" startline="34" endline="275" function="DEFINE_TEST" hash="3318706495312217621"></source>
		</class>
	</version>
</lineage>
<lineage>
	<version nr="3340" hash="737e1a51" evolution="None" change="None">
		<class nclones="2">
			<source file="../../workspace/dataset/test/test_write_disk_appledouble.c.ifdefed" startline="77" endline="212" function="DEFINE_TEST" hash="-3545028775989338132"></source>
			<source file="../../workspace/dataset/test/test_write_disk_mac_metadata.c.ifdefed" startline="77" endline="194" function="DEFINE_TEST" hash="-3530673847635734086"></source>
		</class>
	</version>
	<version nr="3640" hash="1880dfc5" evolution="Same" change="Same">
		<class nclones="2">
			<source file="../../workspace/dataset/test/test_write_disk_appledouble.c.ifdefed" startline="77" endline="212" function="DEFINE_TEST" hash="-3545028775989338132"></source>
			<source file="../../workspace/dataset/test/test_write_disk_mac_metadata.c.ifdefed" startline="77" endline="194" function="DEFINE_TEST" hash="-3530673847635734086"></source>
		</class>
	</version>
	<version nr="3650" hash="3ce2e63b" evolution="Same" change="Consistent">
		<class nclones="2">
			<source file="../../workspace/dataset/test/test_write_disk_appledouble.c.ifdefed" startline="104" endline="239" function="DEFINE_TEST" hash="-7216843279051380338"></source>
			<source file="../../workspace/dataset/test/test_write_disk_mac_metadata.c.ifdefed" startline="104" endline="221" function="DEFINE_TEST" hash="-4904998630356240958"></source>
		</class>
	</version>
	<version nr="3860" hash="30528ed7" evolution="Same" change="Same">
		<class nclones="2">
			<source file="../../workspace/dataset/test/test_write_disk_appledouble.c.ifdefed" startline="104" endline="239" function="DEFINE_TEST" hash="-7216843279051380338"></source>
			<source file="../../workspace/dataset/test/test_write_disk_mac_metadata.c.ifdefed" startline="104" endline="221" function="DEFINE_TEST" hash="-4904998630356240958"></source>
		</class>
	</version>
	<version nr="3870" hash="3c0a5dd6" evolution="Same" change="Inconsistent">
		<class nclones="2">
			<source file="../../workspace/dataset/test/test_write_disk_appledouble.c.ifdefed" startline="104" endline="239" function="DEFINE_TEST" hash="9119452357352144098"></source>
			<source file="../../workspace/dataset/test/test_write_disk_mac_metadata.c.ifdefed" startline="104" endline="221" function="DEFINE_TEST" hash="-4904998630356240958"></source>
		</class>
	</version>
	<version nr="4600" hash="fd8fe9c5" evolution="Same" change="Same">
		<class nclones="2">
			<source file="../../workspace/dataset/test/test_write_disk_appledouble.c.ifdefed" startline="104" endline="239" function="DEFINE_TEST" hash="9119452357352144098"></source>
			<source file="../../workspace/dataset/test/test_write_disk_mac_metadata.c.ifdefed" startline="104" endline="221" function="DEFINE_TEST" hash="-4904998630356240958"></source>
		</class>
	</version>
</lineage>
<lineage>
	<version nr="3340" hash="737e1a51" evolution="None" change="None">
		<class nclones="2">
			<source file="../../workspace/dataset/test/test_read_filter_program_signature.c.ifdefed" startline="39" endline="103" function="DEFINE_TEST" hash="-1969743255481121924"></source>
			<source file="../../workspace/dataset/test/test_read_filter_program.c.ifdefed" startline="36" endline="83" function="DEFINE_TEST" hash="2345973282814752851"></source>
		</class>
	</version>
	<version nr="4600" hash="fd8fe9c5" evolution="Same" change="Same">
		<class nclones="2">
			<source file="../../workspace/dataset/test/test_read_filter_program_signature.c.ifdefed" startline="39" endline="103" function="DEFINE_TEST" hash="-1969743255481121924"></source>
			<source file="../../workspace/dataset/test/test_read_filter_program.c.ifdefed" startline="36" endline="83" function="DEFINE_TEST" hash="2345973282814752851"></source>
		</class>
	</version>
</lineage>
<lineage>
	<version nr="3340" hash="737e1a51" evolution="None" change="None">
		<class nclones="2">
			<source file="../../workspace/dataset/test/test_write_filter_uuencode.c.ifdefed" startline="34" endline="173" function="DEFINE_TEST" hash="742516326962584509"></source>
			<source file="../../workspace/dataset/test/test_write_filter_b64encode.c.ifdefed" startline="34" endline="173" function="DEFINE_TEST" hash="-7382038567751237828"></source>
		</class>
	</version>
	<version nr="4600" hash="fd8fe9c5" evolution="Same" change="Same">
		<class nclones="2">
			<source file="../../workspace/dataset/test/test_write_filter_uuencode.c.ifdefed" startline="34" endline="173" function="DEFINE_TEST" hash="742516326962584509"></source>
			<source file="../../workspace/dataset/test/test_write_filter_b64encode.c.ifdefed" startline="34" endline="173" function="DEFINE_TEST" hash="-7382038567751237828"></source>
		</class>
	</version>
</lineage>
<lineage>
	<version nr="3360" hash="7a90710e" evolution="None" change="None">
		<class nclones="2">
			<source file="../../workspace/dataset/test/test_read_format_zip_encryption_data.c.ifdefed" startline="28" endline="80" function="DEFINE_TEST" hash="3361158502414674770"></source>
			<source file="../../workspace/dataset/test/test_read_format_zip_encryption_partially.c.ifdefed" startline="28" endline="81" function="DEFINE_TEST" hash="7765232989564966681"></source>
		</class>
	</version>
	<version nr="3370" hash="78128f8d" evolution="Same" change="Consistent">
		<class nclones="2">
			<source file="../../workspace/dataset/test/test_read_format_zip_encryption_data.c.ifdefed" startline="28" endline="78" function="DEFINE_TEST" hash="6009812656185251108"></source>
			<source file="../../workspace/dataset/test/test_read_format_zip_encryption_partially.c.ifdefed" startline="28" endline="79" function="DEFINE_TEST" hash="-2188254134064897689"></source>
		</class>
	</version>
	<version nr="3380" hash="77874fb8" evolution="Add" change="Consistent">
		<class nclones="4">
			<source file="../../workspace/dataset/test/test_read_format_zip_encryption_data.c.ifdefed" startline="28" endline="78" function="DEFINE_TEST" hash="4791791063006863944"></source>
			<source file="../../workspace/dataset/test/test_read_format_rar_encryption_partially.c.ifdefed" startline="28" endline="79" function="DEFINE_TEST" hash="635737374404195880"></source>
			<source file="../../workspace/dataset/test/test_read_format_zip_encryption_partially.c.ifdefed" startline="28" endline="79" function="DEFINE_TEST" hash="8154461179621274263"></source>
			<source file="../../workspace/dataset/test/test_read_format_rar_encryption_data.c.ifdefed" startline="28" endline="78" function="DEFINE_TEST" hash="2579407620115502926"></source>
		</class>
	</version>
	<version nr="4600" hash="fd8fe9c5" evolution="Same" change="Same">
		<class nclones="4">
			<source file="../../workspace/dataset/test/test_read_format_zip_encryption_data.c.ifdefed" startline="28" endline="78" function="DEFINE_TEST" hash="4791791063006863944"></source>
			<source file="../../workspace/dataset/test/test_read_format_zip_encryption_partially.c.ifdefed" startline="28" endline="79" function="DEFINE_TEST" hash="8154461179621274263"></source>
			<source file="../../workspace/dataset/test/test_read_format_rar_encryption_partially.c.ifdefed" startline="28" endline="79" function="DEFINE_TEST" hash="635737374404195880"></source>
			<source file="../../workspace/dataset/test/test_read_format_rar_encryption_data.c.ifdefed" startline="28" endline="78" function="DEFINE_TEST" hash="2579407620115502926"></source>
		</class>
	</version>
</lineage>
<lineage>
	<version nr="3360" hash="7a90710e" evolution="None" change="None">
		<class nclones="3">
			<source file="../../workspace/dataset/test/test_read_format_7zip_encryption_header.c.ifdefed" startline="29" endline="72" function="DEFINE_TEST" hash="2303456076804309030"></source>
			<source file="../../workspace/dataset/test/test_read_format_rar_encryption_header.c.ifdefed" startline="28" endline="71" function="DEFINE_TEST" hash="-8403749960207354749"></source>
			<source file="../../workspace/dataset/test/test_read_format_zip_encryption_header.c.ifdefed" startline="28" endline="71" function="DEFINE_TEST" hash="-2106162218611756467"></source>
		</class>
	</version>
	<version nr="4600" hash="fd8fe9c5" evolution="Same" change="Same">
		<class nclones="3">
			<source file="../../workspace/dataset/test/test_read_format_7zip_encryption_header.c.ifdefed" startline="29" endline="72" function="DEFINE_TEST" hash="2303456076804309030"></source>
			<source file="../../workspace/dataset/test/test_read_format_rar_encryption_header.c.ifdefed" startline="28" endline="71" function="DEFINE_TEST" hash="-8403749960207354749"></source>
			<source file="../../workspace/dataset/test/test_read_format_zip_encryption_header.c.ifdefed" startline="28" endline="71" function="DEFINE_TEST" hash="-2106162218611756467"></source>
		</class>
	</version>
</lineage>
<lineage>
	<version nr="3360" hash="7a90710e" evolution="None" change="None">
		<class nclones="2">
			<source file="../../workspace/dataset/test/test_read_format_rar_encryption_partially.c.ifdefed" startline="28" endline="81" function="DEFINE_TEST" hash="-2997064582186543922"></source>
			<source file="../../workspace/dataset/test/test_read_format_rar_encryption_data.c.ifdefed" startline="28" endline="80" function="DEFINE_TEST" hash="6720578976030235554"></source>
		</class>
	</version>
	<version nr="3370" hash="78128f8d" evolution="Same" change="Consistent">
		<class nclones="2">
			<source file="../../workspace/dataset/test/test_read_format_rar_encryption_partially.c.ifdefed" startline="28" endline="79" function="DEFINE_TEST" hash="635737374404195880"></source>
			<source file="../../workspace/dataset/test/test_read_format_rar_encryption_data.c.ifdefed" startline="28" endline="78" function="DEFINE_TEST" hash="2579407620115502926"></source>
		</class>
	</version>
</lineage>
<lineage>
	<version nr="3380" hash="77874fb8" evolution="None" change="None">
		<class nclones="2">
			<source file="../../workspace/dataset/test/test_write_format_zip.c.ifdefed" startline="44" endline="267" function="write_contents" hash="-6447313051656548697"></source>
			<source file="../../workspace/dataset/test/test_write_read_format_zip.c.ifdefed" startline="42" endline="265" function="write_contents" hash="-6447313051656548697"></source>
		</class>
	</version>
	<version nr="4600" hash="fd8fe9c5" evolution="Same" change="Same">
		<class nclones="2">
			<source file="../../workspace/dataset/test/test_write_format_zip.c.ifdefed" startline="44" endline="267" function="write_contents" hash="-6447313051656548697"></source>
			<source file="../../workspace/dataset/test/test_write_read_format_zip.c.ifdefed" startline="42" endline="265" function="write_contents" hash="-6447313051656548697"></source>
		</class>
	</version>
</lineage>
<lineage>
	<version nr="3380" hash="77874fb8" evolution="None" change="None">
		<class nclones="2">
			<source file="../../workspace/dataset/test/test_write_format_zip.c.ifdefed" startline="272" endline="515" function="verify_contents" hash="-3739298386182729987"></source>
			<source file="../../workspace/dataset/test/test_write_read_format_zip.c.ifdefed" startline="270" endline="545" function="verify_contents" hash="-3086198161500125551"></source>
		</class>
	</version>
	<version nr="3390" hash="d4f23b41" evolution="Same" change="Inconsistent">
		<class nclones="2">
			<source file="../../workspace/dataset/test/test_write_format_zip.c.ifdefed" startline="272" endline="515" function="verify_contents" hash="-3739298386182729987"></source>
			<source file="../../workspace/dataset/test/test_write_read_format_zip.c.ifdefed" startline="270" endline="547" function="verify_contents" hash="966865777613502153"></source>
		</class>
	</version>
	<version nr="3470" hash="bacaab46" evolution="Same" change="Same">
		<class nclones="2">
			<source file="../../workspace/dataset/test/test_write_format_zip.c.ifdefed" startline="272" endline="515" function="verify_contents" hash="-3739298386182729987"></source>
			<source file="../../workspace/dataset/test/test_write_read_format_zip.c.ifdefed" startline="270" endline="547" function="verify_contents" hash="966865777613502153"></source>
		</class>
	</version>
	<version nr="3480" hash="ea4701e7" evolution="Same" change="Inconsistent">
		<class nclones="2">
			<source file="../../workspace/dataset/test/test_write_format_zip.c.ifdefed" startline="273" endline="539" function="verify_contents" hash="8803115727809669990"></source>
			<source file="../../workspace/dataset/test/test_write_read_format_zip.c.ifdefed" startline="270" endline="547" function="verify_contents" hash="966865777613502153"></source>
		</class>
	</version>
	<version nr="4600" hash="fd8fe9c5" evolution="Same" change="Same">
		<class nclones="2">
			<source file="../../workspace/dataset/test/test_write_format_zip.c.ifdefed" startline="273" endline="539" function="verify_contents" hash="8803115727809669990"></source>
			<source file="../../workspace/dataset/test/test_write_read_format_zip.c.ifdefed" startline="270" endline="547" function="verify_contents" hash="966865777613502153"></source>
		</class>
	</version>
</lineage>
<lineage>
	<version nr="3380" hash="77874fb8" evolution="None" change="None">
		<class nclones="4">
			<source file="../../workspace/dataset/test/test_write_format_zip.c.ifdefed" startline="520" endline="566" function="DEFINE_TEST" hash="-287440552348381288"></source>
			<source file="../../workspace/dataset/test/test_write_format_zip.c.ifdefed" startline="571" endline="621" function="DEFINE_TEST" hash="-2568349318425516592"></source>
			<source file="../../workspace/dataset/test/test_write_read_format_zip.c.ifdefed" startline="599" endline="644" function="DEFINE_TEST" hash="-7843777914710523329"></source>
			<source file="../../workspace/dataset/test/test_write_read_format_zip.c.ifdefed" startline="550" endline="594" function="DEFINE_TEST" hash="5594626080654436680"></source>
		</class>
	</version>
	<version nr="3390" hash="d4f23b41" evolution="Add" change="Inconsistent">
		<class nclones="6">
			<source file="../../workspace/dataset/test/test_write_format_zip.c.ifdefed" startline="520" endline="566" function="DEFINE_TEST" hash="-287440552348381288"></source>
			<source file="../../workspace/dataset/test/test_write_read_format_zip.c.ifdefed" startline="601" endline="646" function="DEFINE_TEST" hash="-2226363458909277275"></source>
			<source file="../../workspace/dataset/test/test_write_read_format_zip.c.ifdefed" startline="705" endline="751" function="DEFINE_TEST" hash="6944492756268091794"></source>
			<source file="../../workspace/dataset/test/test_write_read_format_zip.c.ifdefed" startline="552" endline="596" function="DEFINE_TEST" hash="5785701691215132979"></source>
			<source file="../../workspace/dataset/test/test_write_format_zip.c.ifdefed" startline="571" endline="621" function="DEFINE_TEST" hash="-2568349318425516592"></source>
			<source file="../../workspace/dataset/test/test_write_read_format_zip.c.ifdefed" startline="651" endline="699" function="DEFINE_TEST" hash="3903566118070442009"></source>
		</class>
	</version>
	<version nr="3470" hash="bacaab46" evolution="Same" change="Same">
		<class nclones="6">
			<source file="../../workspace/dataset/test/test_write_format_zip.c.ifdefed" startline="520" endline="566" function="DEFINE_TEST" hash="-287440552348381288"></source>
			<source file="../../workspace/dataset/test/test_write_read_format_zip.c.ifdefed" startline="601" endline="646" function="DEFINE_TEST" hash="-2226363458909277275"></source>
			<source file="../../workspace/dataset/test/test_write_read_format_zip.c.ifdefed" startline="705" endline="751" function="DEFINE_TEST" hash="6944492756268091794"></source>
			<source file="../../workspace/dataset/test/test_write_read_format_zip.c.ifdefed" startline="552" endline="596" function="DEFINE_TEST" hash="5785701691215132979"></source>
			<source file="../../workspace/dataset/test/test_write_format_zip.c.ifdefed" startline="571" endline="621" function="DEFINE_TEST" hash="-2568349318425516592"></source>
			<source file="../../workspace/dataset/test/test_write_read_format_zip.c.ifdefed" startline="651" endline="699" function="DEFINE_TEST" hash="3903566118070442009"></source>
		</class>
	</version>
	<version nr="3480" hash="ea4701e7" evolution="Add" change="Inconsistent">
		<class nclones="9">
			<source file="../../workspace/dataset/test/test_write_format_zip.c.ifdefed" startline="544" endline="603" function="DEFINE_TEST" hash="6919122194706751671"></source>
			<source file="../../workspace/dataset/test/test_write_format_zip.c.ifdefed" startline="746" endline="819" function="DEFINE_TEST" hash="8608730284088988454"></source>
			<source file="../../workspace/dataset/test/test_write_format_zip.c.ifdefed" startline="671" endline="744" function="DEFINE_TEST" hash="-7458484976339017694"></source>
			<source file="../../workspace/dataset/test/test_write_format_zip.c.ifdefed" startline="608" endline="669" function="DEFINE_TEST" hash="8898140582491642659"></source>
			<source file="../../workspace/dataset/test/test_write_read_format_zip.c.ifdefed" startline="705" endline="751" function="DEFINE_TEST" hash="6944492756268091794"></source>
			<source file="../../workspace/dataset/test/test_write_format_zip.c.ifdefed" startline="821" endline="894" function="DEFINE_TEST" hash="1491237195588912486"></source>
			<source file="../../workspace/dataset/test/test_write_read_format_zip.c.ifdefed" startline="601" endline="646" function="DEFINE_TEST" hash="-2226363458909277275"></source>
			<source file="../../workspace/dataset/test/test_write_read_format_zip.c.ifdefed" startline="651" endline="699" function="DEFINE_TEST" hash="3903566118070442009"></source>
			<source file="../../workspace/dataset/test/test_write_read_format_zip.c.ifdefed" startline="552" endline="596" function="DEFINE_TEST" hash="5785701691215132979"></source>
		</class>
	</version>
	<version nr="3490" hash="59d96678" evolution="Same" change="Inconsistent">
		<class nclones="9">
			<source file="../../workspace/dataset/test/test_write_format_zip.c.ifdefed" startline="544" endline="603" function="DEFINE_TEST" hash="6919122194706751671"></source>
			<source file="../../workspace/dataset/test/test_write_read_format_zip.c.ifdefed" startline="601" endline="646" function="DEFINE_TEST" hash="-2226363458909277275"></source>
			<source file="../../workspace/dataset/test/test_write_read_format_zip.c.ifdefed" startline="705" endline="751" function="DEFINE_TEST" hash="6944492756268091794"></source>
			<source file="../../workspace/dataset/test/test_write_format_zip.c.ifdefed" startline="608" endline="669" function="DEFINE_TEST" hash="8898140582491642659"></source>
			<source file="../../workspace/dataset/test/test_write_format_zip.c.ifdefed" startline="750" endline="827" function="DEFINE_TEST" hash="3606843962946712775"></source>
			<source file="../../workspace/dataset/test/test_write_format_zip.c.ifdefed" startline="671" endline="748" function="DEFINE_TEST" hash="-1110822829338153734"></source>
			<source file="../../workspace/dataset/test/test_write_format_zip.c.ifdefed" startline="829" endline="906" function="DEFINE_TEST" hash="-5594907221292896617"></source>
			<source file="../../workspace/dataset/test/test_write_read_format_zip.c.ifdefed" startline="651" endline="699" function="DEFINE_TEST" hash="3903566118070442009"></source>
			<source file="../../workspace/dataset/test/test_write_read_format_zip.c.ifdefed" startline="552" endline="596" function="DEFINE_TEST" hash="5785701691215132979"></source>
		</class>
	</version>
	<version nr="3510" hash="c966ff4b" evolution="Same" change="Same">
		<class nclones="9">
			<source file="../../workspace/dataset/test/test_write_format_zip.c.ifdefed" startline="544" endline="603" function="DEFINE_TEST" hash="6919122194706751671"></source>
			<source file="../../workspace/dataset/test/test_write_format_zip.c.ifdefed" startline="608" endline="669" function="DEFINE_TEST" hash="8898140582491642659"></source>
			<source file="../../workspace/dataset/test/test_write_format_zip.c.ifdefed" startline="829" endline="906" function="DEFINE_TEST" hash="-5594907221292896617"></source>
			<source file="../../workspace/dataset/test/test_write_format_zip.c.ifdefed" startline="671" endline="748" function="DEFINE_TEST" hash="-1110822829338153734"></source>
			<source file="../../workspace/dataset/test/test_write_read_format_zip.c.ifdefed" startline="705" endline="751" function="DEFINE_TEST" hash="6944492756268091794"></source>
			<source file="../../workspace/dataset/test/test_write_format_zip.c.ifdefed" startline="750" endline="827" function="DEFINE_TEST" hash="3606843962946712775"></source>
			<source file="../../workspace/dataset/test/test_write_read_format_zip.c.ifdefed" startline="601" endline="646" function="DEFINE_TEST" hash="-2226363458909277275"></source>
			<source file="../../workspace/dataset/test/test_write_read_format_zip.c.ifdefed" startline="552" endline="596" function="DEFINE_TEST" hash="5785701691215132979"></source>
			<source file="../../workspace/dataset/test/test_write_read_format_zip.c.ifdefed" startline="651" endline="699" function="DEFINE_TEST" hash="3903566118070442009"></source>
		</class>
	</version>
	<version nr="3520" hash="359f8c0a" evolution="Same" change="Inconsistent">
		<class nclones="9">
			<source file="../../workspace/dataset/test/test_write_format_zip.c.ifdefed" startline="544" endline="603" function="DEFINE_TEST" hash="6919122194706751671"></source>
			<source file="../../workspace/dataset/test/test_write_format_zip.c.ifdefed" startline="831" endline="909" function="DEFINE_TEST" hash="7397213848169674570"></source>
			<source file="../../workspace/dataset/test/test_write_format_zip.c.ifdefed" startline="608" endline="669" function="DEFINE_TEST" hash="8898140582491642659"></source>
			<source file="../../workspace/dataset/test/test_write_format_zip.c.ifdefed" startline="671" endline="749" function="DEFINE_TEST" hash="4013720618056750719"></source>
			<source file="../../workspace/dataset/test/test_write_format_zip.c.ifdefed" startline="751" endline="829" function="DEFINE_TEST" hash="-6117460929647154374"></source>
			<source file="../../workspace/dataset/test/test_write_read_format_zip.c.ifdefed" startline="601" endline="646" function="DEFINE_TEST" hash="-2226363458909277275"></source>
			<source file="../../workspace/dataset/test/test_write_read_format_zip.c.ifdefed" startline="705" endline="751" function="DEFINE_TEST" hash="6944492756268091794"></source>
			<source file="../../workspace/dataset/test/test_write_read_format_zip.c.ifdefed" startline="552" endline="596" function="DEFINE_TEST" hash="5785701691215132979"></source>
			<source file="../../workspace/dataset/test/test_write_read_format_zip.c.ifdefed" startline="651" endline="699" function="DEFINE_TEST" hash="3903566118070442009"></source>
		</class>
	</version>
	<version nr="4600" hash="fd8fe9c5" evolution="Same" change="Same">
		<class nclones="9">
			<source file="../../workspace/dataset/test/test_write_format_zip.c.ifdefed" startline="544" endline="603" function="DEFINE_TEST" hash="6919122194706751671"></source>
			<source file="../../workspace/dataset/test/test_write_format_zip.c.ifdefed" startline="831" endline="909" function="DEFINE_TEST" hash="7397213848169674570"></source>
			<source file="../../workspace/dataset/test/test_write_format_zip.c.ifdefed" startline="608" endline="669" function="DEFINE_TEST" hash="8898140582491642659"></source>
			<source file="../../workspace/dataset/test/test_write_format_zip.c.ifdefed" startline="751" endline="829" function="DEFINE_TEST" hash="-6117460929647154374"></source>
			<source file="../../workspace/dataset/test/test_write_format_zip.c.ifdefed" startline="671" endline="749" function="DEFINE_TEST" hash="4013720618056750719"></source>
			<source file="../../workspace/dataset/test/test_write_read_format_zip.c.ifdefed" startline="601" endline="646" function="DEFINE_TEST" hash="-2226363458909277275"></source>
			<source file="../../workspace/dataset/test/test_write_read_format_zip.c.ifdefed" startline="705" endline="751" function="DEFINE_TEST" hash="6944492756268091794"></source>
			<source file="../../workspace/dataset/test/test_write_read_format_zip.c.ifdefed" startline="552" endline="596" function="DEFINE_TEST" hash="5785701691215132979"></source>
			<source file="../../workspace/dataset/test/test_write_read_format_zip.c.ifdefed" startline="651" endline="699" function="DEFINE_TEST" hash="3903566118070442009"></source>
		</class>
	</version>
</lineage>
<lineage>
	<version nr="3380" hash="77874fb8" evolution="None" change="None">
		<class nclones="2">
			<source file="../../workspace/dataset/test/test_write_format_zip_empty.c.ifdefed" startline="33" endline="78" function="DEFINE_TEST" hash="-9024989689395815047"></source>
			<source file="../../workspace/dataset/test/test_write_format_zip_empty_zip64.c.ifdefed" startline="33" endline="103" function="DEFINE_TEST" hash="2372192621000942502"></source>
		</class>
	</version>
	<version nr="3860" hash="30528ed7" evolution="Same" change="Same">
		<class nclones="2">
			<source file="../../workspace/dataset/test/test_write_format_zip_empty.c.ifdefed" startline="33" endline="78" function="DEFINE_TEST" hash="-9024989689395815047"></source>
			<source file="../../workspace/dataset/test/test_write_format_zip_empty_zip64.c.ifdefed" startline="33" endline="103" function="DEFINE_TEST" hash="2372192621000942502"></source>
		</class>
	</version>
	<version nr="3870" hash="3c0a5dd6" evolution="Same" change="Consistent">
		<class nclones="2">
			<source file="../../workspace/dataset/test/test_write_format_zip_empty.c.ifdefed" startline="33" endline="78" function="DEFINE_TEST" hash="2435613900930584422"></source>
			<source file="../../workspace/dataset/test/test_write_format_zip_empty_zip64.c.ifdefed" startline="33" endline="103" function="DEFINE_TEST" hash="-3668920102709642845"></source>
		</class>
	</version>
	<version nr="4600" hash="fd8fe9c5" evolution="Same" change="Same">
		<class nclones="2">
			<source file="../../workspace/dataset/test/test_write_format_zip_empty.c.ifdefed" startline="33" endline="78" function="DEFINE_TEST" hash="2435613900930584422"></source>
			<source file="../../workspace/dataset/test/test_write_format_zip_empty_zip64.c.ifdefed" startline="33" endline="103" function="DEFINE_TEST" hash="-3668920102709642845"></source>
		</class>
	</version>
</lineage>
<lineage>
	<version nr="3380" hash="77874fb8" evolution="None" change="None">
		<class nclones="3">
			<source file="../../workspace/dataset/test/test_write_format_zip_file.c.ifdefed" startline="39" endline="65" function="bitcrc32" hash="-1550842527839645133"></source>
			<source file="../../workspace/dataset/test/test_write_format_zip_file_zip64.c.ifdefed" startline="39" endline="65" function="bitcrc32" hash="-1550842527839645133"></source>
			<source file="../../workspace/dataset/test/test_write_format_zip_compression_store.c.ifdefed" startline="33" endline="59" function="bitcrc32" hash="-1550842527839645133"></source>
		</class>
	</version>
	<version nr="3540" hash="6df44013" evolution="Same" change="Same">
		<class nclones="3">
			<source file="../../workspace/dataset/test/test_write_format_zip_file.c.ifdefed" startline="39" endline="65" function="bitcrc32" hash="-1550842527839645133"></source>
			<source file="../../workspace/dataset/test/test_write_format_zip_file_zip64.c.ifdefed" startline="39" endline="65" function="bitcrc32" hash="-1550842527839645133"></source>
			<source file="../../workspace/dataset/test/test_write_format_zip_compression_store.c.ifdefed" startline="33" endline="59" function="bitcrc32" hash="-1550842527839645133"></source>
		</class>
	</version>
	<version nr="3550" hash="6e06b1c8" evolution="Same" change="Inconsistent">
		<class nclones="3">
			<source file="../../workspace/dataset/test/test_write_format_zip_file.c.ifdefed" startline="39" endline="65" function="bitcrc32" hash="-1550842527839645133"></source>
			<source file="../../workspace/dataset/test/test_write_format_zip_compression_store.c.ifdefed" startline="49" endline="75" function="bitcrc32" hash="-2184730585659166834"></source>
			<source file="../../workspace/dataset/test/test_write_format_zip_file_zip64.c.ifdefed" startline="39" endline="65" function="bitcrc32" hash="-1550842527839645133"></source>
		</class>
	</version>
	<version nr="4550" hash="cc8020be" evolution="Same" change="Same">
		<class nclones="3">
			<source file="../../workspace/dataset/test/test_write_format_zip_file.c.ifdefed" startline="39" endline="65" function="bitcrc32" hash="-1550842527839645133"></source>
			<source file="../../workspace/dataset/test/test_write_format_zip_file_zip64.c.ifdefed" startline="39" endline="65" function="bitcrc32" hash="-1550842527839645133"></source>
			<source file="../../workspace/dataset/test/test_write_format_zip_compression_store.c.ifdefed" startline="49" endline="75" function="bitcrc32" hash="-2184730585659166834"></source>
		</class>
	</version>
	<version nr="4560" hash="09dcd243" evolution="Add" change="Same">
		<class nclones="4">
			<source file="../../workspace/dataset/test/test_write_format_zip_file.c.ifdefed" startline="39" endline="65" function="bitcrc32" hash="-1550842527839645133"></source>
			<source file="../../workspace/dataset/test/test_write_format_zip_compression_store.c.ifdefed" startline="49" endline="75" function="bitcrc32" hash="-2184730585659166834"></source>
			<source file="../../workspace/dataset/test/test_write_format_zip_entry_size_unset.c.ifdefed" startline="50" endline="80" function="bitcrc32" hash="-3811206762172480462"></source>
			<source file="../../workspace/dataset/test/test_write_format_zip_file_zip64.c.ifdefed" startline="39" endline="65" function="bitcrc32" hash="-1550842527839645133"></source>
		</class>
	</version>
	<version nr="4600" hash="fd8fe9c5" evolution="Same" change="Same">
		<class nclones="4">
			<source file="../../workspace/dataset/test/test_write_format_zip_file.c.ifdefed" startline="39" endline="65" function="bitcrc32" hash="-1550842527839645133"></source>
			<source file="../../workspace/dataset/test/test_write_format_zip_compression_store.c.ifdefed" startline="49" endline="75" function="bitcrc32" hash="-2184730585659166834"></source>
			<source file="../../workspace/dataset/test/test_write_format_zip_file_zip64.c.ifdefed" startline="39" endline="65" function="bitcrc32" hash="-1550842527839645133"></source>
			<source file="../../workspace/dataset/test/test_write_format_zip_entry_size_unset.c.ifdefed" startline="50" endline="80" function="bitcrc32" hash="-3811206762172480462"></source>
		</class>
	</version>
</lineage>
<lineage>
	<version nr="3380" hash="77874fb8" evolution="None" change="None">
		<class nclones="2">
			<source file="../../workspace/dataset/test/test_write_format_zip_file.c.ifdefed" startline="71" endline="251" function="DEFINE_TEST" hash="-780955820781498694"></source>
			<source file="../../workspace/dataset/test/test_write_format_zip_file_zip64.c.ifdefed" startline="73" endline="285" function="DEFINE_TEST" hash="547394087932263771"></source>
		</class>
	</version>
	<version nr="3400" hash="7687c84c" evolution="Same" change="Same">
		<class nclones="2">
			<source file="../../workspace/dataset/test/test_write_format_zip_file.c.ifdefed" startline="71" endline="251" function="DEFINE_TEST" hash="-780955820781498694"></source>
			<source file="../../workspace/dataset/test/test_write_format_zip_file_zip64.c.ifdefed" startline="73" endline="285" function="DEFINE_TEST" hash="547394087932263771"></source>
		</class>
	</version>
	<version nr="3410" hash="75de90ac" evolution="Same" change="Consistent">
		<class nclones="2">
			<source file="../../workspace/dataset/test/test_write_format_zip_file.c.ifdefed" startline="71" endline="251" function="DEFINE_TEST" hash="2918109860046432001"></source>
			<source file="../../workspace/dataset/test/test_write_format_zip_file_zip64.c.ifdefed" startline="73" endline="285" function="DEFINE_TEST" hash="5677162088218360784"></source>
		</class>
	</version>
	<version nr="4370" hash="5be1a96f" evolution="Same" change="Same">
		<class nclones="2">
			<source file="../../workspace/dataset/test/test_write_format_zip_file.c.ifdefed" startline="71" endline="251" function="DEFINE_TEST" hash="2918109860046432001"></source>
			<source file="../../workspace/dataset/test/test_write_format_zip_file_zip64.c.ifdefed" startline="73" endline="285" function="DEFINE_TEST" hash="5677162088218360784"></source>
		</class>
	</version>
	<version nr="4380" hash="467d193d" evolution="Same" change="Consistent">
		<class nclones="2">
			<source file="../../workspace/dataset/test/test_write_format_zip_file.c.ifdefed" startline="71" endline="251" function="DEFINE_TEST" hash="7321480413200312852"></source>
			<source file="../../workspace/dataset/test/test_write_format_zip_file_zip64.c.ifdefed" startline="73" endline="285" function="DEFINE_TEST" hash="6148721962205512763"></source>
		</class>
	</version>
	<version nr="4600" hash="fd8fe9c5" evolution="Same" change="Same">
		<class nclones="2">
			<source file="../../workspace/dataset/test/test_write_format_zip_file.c.ifdefed" startline="71" endline="251" function="DEFINE_TEST" hash="7321480413200312852"></source>
			<source file="../../workspace/dataset/test/test_write_format_zip_file_zip64.c.ifdefed" startline="73" endline="285" function="DEFINE_TEST" hash="6148721962205512763"></source>
		</class>
	</version>
</lineage>
<lineage>
	<version nr="3380" hash="77874fb8" evolution="None" change="None">
		<class nclones="2">
			<source file="../../workspace/dataset/test/test_write_format_zip_large.c.ifdefed" startline="70" endline="100" function="memory_write" hash="6551419300458728160"></source>
			<source file="../../workspace/dataset/test/test_tar_large.c.ifdefed" startline="81" endline="117" function="memory_write" hash="4786254622055191237"></source>
		</class>
	</version>
	<version nr="3510" hash="c966ff4b" evolution="Same" change="Same">
		<class nclones="2">
			<source file="../../workspace/dataset/test/test_write_format_zip_large.c.ifdefed" startline="70" endline="100" function="memory_write" hash="6551419300458728160"></source>
			<source file="../../workspace/dataset/test/test_tar_large.c.ifdefed" startline="81" endline="117" function="memory_write" hash="4786254622055191237"></source>
		</class>
	</version>
	<version nr="3520" hash="359f8c0a" evolution="Same" change="Inconsistent">
		<class nclones="2">
			<source file="../../workspace/dataset/test/test_write_format_zip_large.c.ifdefed" startline="70" endline="100" function="memory_write" hash="-5025858924672104401"></source>
			<source file="../../workspace/dataset/test/test_tar_large.c.ifdefed" startline="81" endline="117" function="memory_write" hash="4786254622055191237"></source>
		</class>
	</version>
	<version nr="4600" hash="fd8fe9c5" evolution="Same" change="Same">
		<class nclones="2">
			<source file="../../workspace/dataset/test/test_write_format_zip_large.c.ifdefed" startline="70" endline="100" function="memory_write" hash="-5025858924672104401"></source>
			<source file="../../workspace/dataset/test/test_tar_large.c.ifdefed" startline="81" endline="117" function="memory_write" hash="4786254622055191237"></source>
		</class>
	</version>
</lineage>
<lineage>
	<version nr="3380" hash="77874fb8" evolution="None" change="None">
		<class nclones="2">
			<source file="../../workspace/dataset/test/test_read_format_zip_zip64.c.ifdefed" startline="83" endline="105" function="DEFINE_TEST" hash="2918613457266271344"></source>
			<source file="../../workspace/dataset/test/test_read_format_zip_zip64.c.ifdefed" startline="107" endline="129" function="DEFINE_TEST" hash="-1264195082366795384"></source>
		</class>
	</version>
	<version nr="4380" hash="467d193d" evolution="Same" change="Same">
		<class nclones="2">
			<source file="../../workspace/dataset/test/test_read_format_zip_zip64.c.ifdefed" startline="83" endline="105" function="DEFINE_TEST" hash="2918613457266271344"></source>
			<source file="../../workspace/dataset/test/test_read_format_zip_zip64.c.ifdefed" startline="107" endline="129" function="DEFINE_TEST" hash="-1264195082366795384"></source>
		</class>
	</version>
	<version nr="4390" hash="343642bc" evolution="Same" change="Consistent">
		<class nclones="2">
			<source file="../../workspace/dataset/test/test_read_format_zip_zip64.c.ifdefed" startline="83" endline="105" function="DEFINE_TEST" hash="1556027496032151850"></source>
			<source file="../../workspace/dataset/test/test_read_format_zip_zip64.c.ifdefed" startline="107" endline="129" function="DEFINE_TEST" hash="-3678333723439314786"></source>
		</class>
	</version>
	<version nr="4600" hash="fd8fe9c5" evolution="Same" change="Same">
		<class nclones="2">
			<source file="../../workspace/dataset/test/test_read_format_zip_zip64.c.ifdefed" startline="83" endline="105" function="DEFINE_TEST" hash="1556027496032151850"></source>
			<source file="../../workspace/dataset/test/test_read_format_zip_zip64.c.ifdefed" startline="107" endline="129" function="DEFINE_TEST" hash="-3678333723439314786"></source>
		</class>
	</version>
</lineage>
<lineage>
	<version nr="3420" hash="5c80ecf3" evolution="None" change="None">
		<class nclones="2">
			<source file="../../workspace/dataset/test/test_write_format_xar_empty.c.ifdefed" startline="34" endline="120" function="DEFINE_TEST" hash="8766158709099063295"></source>
			<source file="../../workspace/dataset/test/test_write_format_warc_empty.c.ifdefed" startline="29" endline="117" function="DEFINE_TEST" hash="5846196845371776035"></source>
		</class>
	</version>
	<version nr="3860" hash="30528ed7" evolution="Same" change="Same">
		<class nclones="2">
			<source file="../../workspace/dataset/test/test_write_format_xar_empty.c.ifdefed" startline="34" endline="120" function="DEFINE_TEST" hash="8766158709099063295"></source>
			<source file="../../workspace/dataset/test/test_write_format_warc_empty.c.ifdefed" startline="29" endline="117" function="DEFINE_TEST" hash="5846196845371776035"></source>
		</class>
	</version>
	<version nr="3870" hash="3c0a5dd6" evolution="Same" change="Inconsistent">
		<class nclones="2">
			<source file="../../workspace/dataset/test/test_write_format_xar_empty.c.ifdefed" startline="34" endline="120" function="DEFINE_TEST" hash="6914955562681374606"></source>
			<source file="../../workspace/dataset/test/test_write_format_warc_empty.c.ifdefed" startline="29" endline="117" function="DEFINE_TEST" hash="5846196845371776035"></source>
		</class>
	</version>
	<version nr="4600" hash="fd8fe9c5" evolution="Same" change="Same">
		<class nclones="2">
			<source file="../../workspace/dataset/test/test_write_format_xar_empty.c.ifdefed" startline="34" endline="120" function="DEFINE_TEST" hash="6914955562681374606"></source>
			<source file="../../workspace/dataset/test/test_write_format_warc_empty.c.ifdefed" startline="29" endline="117" function="DEFINE_TEST" hash="5846196845371776035"></source>
		</class>
	</version>
</lineage>
<lineage>
	<version nr="3460" hash="1d2939fd" evolution="None" change="None">
		<class nclones="4">
			<source file="../../workspace/dataset/test/test_zip_filename_encoding.c.ifdefed" startline="30" endline="116" function="DEFINE_TEST" hash="2087529465131173706"></source>
			<source file="../../workspace/dataset/test/test_zip_filename_encoding.c.ifdefed" startline="330" endline="427" function="DEFINE_TEST" hash="2753641793254098724"></source>
			<source file="../../workspace/dataset/test/test_zip_filename_encoding.c.ifdefed" startline="118" endline="213" function="DEFINE_TEST" hash="9154891993181954769"></source>
			<source file="../../workspace/dataset/test/test_zip_filename_encoding.c.ifdefed" startline="429" endline="527" function="DEFINE_TEST" hash="-2482000318278894723"></source>
		</class>
	</version>
	<version nr="4600" hash="fd8fe9c5" evolution="Same" change="Same">
		<class nclones="4">
			<source file="../../workspace/dataset/test/test_zip_filename_encoding.c.ifdefed" startline="30" endline="116" function="DEFINE_TEST" hash="2087529465131173706"></source>
			<source file="../../workspace/dataset/test/test_zip_filename_encoding.c.ifdefed" startline="330" endline="427" function="DEFINE_TEST" hash="2753641793254098724"></source>
			<source file="../../workspace/dataset/test/test_zip_filename_encoding.c.ifdefed" startline="429" endline="527" function="DEFINE_TEST" hash="-2482000318278894723"></source>
			<source file="../../workspace/dataset/test/test_zip_filename_encoding.c.ifdefed" startline="118" endline="213" function="DEFINE_TEST" hash="9154891993181954769"></source>
		</class>
	</version>
</lineage>
<lineage>
	<version nr="3460" hash="1d2939fd" evolution="None" change="None">
		<class nclones="5">
			<source file="../../workspace/dataset/test/test_zip_filename_encoding.c.ifdefed" startline="218" endline="254" function="DEFINE_TEST" hash="-5428622543486157040"></source>
			<source file="../../workspace/dataset/test/test_ustar_filename_encoding.c.ifdefed" startline="238" endline="271" function="DEFINE_TEST" hash="-2679316211775638889"></source>
			<source file="../../workspace/dataset/test/test_gnutar_filename_encoding.c.ifdefed" startline="198" endline="231" function="DEFINE_TEST" hash="-5255639099355118280"></source>
			<source file="../../workspace/dataset/test/test_gnutar_filename_encoding.c.ifdefed" startline="238" endline="271" function="DEFINE_TEST" hash="7890270982143715840"></source>
			<source file="../../workspace/dataset/test/test_ustar_filename_encoding.c.ifdefed" startline="198" endline="231" function="DEFINE_TEST" hash="-4294413347093769901"></source>
		</class>
	</version>
	<version nr="4600" hash="fd8fe9c5" evolution="Same" change="Same">
		<class nclones="5">
			<source file="../../workspace/dataset/test/test_zip_filename_encoding.c.ifdefed" startline="218" endline="254" function="DEFINE_TEST" hash="-5428622543486157040"></source>
			<source file="../../workspace/dataset/test/test_ustar_filename_encoding.c.ifdefed" startline="238" endline="271" function="DEFINE_TEST" hash="-2679316211775638889"></source>
			<source file="../../workspace/dataset/test/test_gnutar_filename_encoding.c.ifdefed" startline="198" endline="231" function="DEFINE_TEST" hash="-5255639099355118280"></source>
			<source file="../../workspace/dataset/test/test_gnutar_filename_encoding.c.ifdefed" startline="238" endline="271" function="DEFINE_TEST" hash="7890270982143715840"></source>
			<source file="../../workspace/dataset/test/test_ustar_filename_encoding.c.ifdefed" startline="198" endline="231" function="DEFINE_TEST" hash="-4294413347093769901"></source>
		</class>
	</version>
</lineage>
<lineage>
	<version nr="3460" hash="1d2939fd" evolution="None" change="None">
		<class nclones="18">
			<source file="../../workspace/dataset/test/test_pax_filename_encoding.c.ifdefed" startline="338" endline="379" function="DEFINE_TEST" hash="-3083825476076660575"></source>
			<source file="../../workspace/dataset/test/test_gnutar_filename_encoding.c.ifdefed" startline="112" endline="151" function="DEFINE_TEST" hash="-5859841707605908748"></source>
			<source file="../../workspace/dataset/test/test_pax_filename_encoding.c.ifdefed" startline="431" endline="473" function="DEFINE_TEST" hash="6574353885249407340"></source>
			<source file="../../workspace/dataset/test/test_pax_filename_encoding.c.ifdefed" startline="478" endline="521" function="DEFINE_TEST" hash="2492833391778821984"></source>
			<source file="../../workspace/dataset/test/test_gnutar_filename_encoding.c.ifdefed" startline="71" endline="110" function="DEFINE_TEST" hash="-6020523214449781438"></source>
			<source file="../../workspace/dataset/test/test_pax_filename_encoding.c.ifdefed" startline="384" endline="426" function="DEFINE_TEST" hash="4861728945860256807"></source>
			<source file="../../workspace/dataset/test/test_ustar_filename_encoding.c.ifdefed" startline="112" endline="151" function="DEFINE_TEST" hash="-8187362777918221569"></source>
			<source file="../../workspace/dataset/test/test_gnutar_filename_encoding.c.ifdefed" startline="153" endline="193" function="DEFINE_TEST" hash="6733123759413073708"></source>
			<source file="../../workspace/dataset/test/test_ustar_filename_encoding.c.ifdefed" startline="71" endline="110" function="DEFINE_TEST" hash="-4367459078250428677"></source>
			<source file="../../workspace/dataset/test/test_ustar_filename_encoding.c.ifdefed" startline="153" endline="193" function="DEFINE_TEST" hash="2809373510520561949"></source>
			<source file="../../workspace/dataset/test/test_gnutar_filename_encoding.c.ifdefed" startline="313" endline="351" function="DEFINE_TEST" hash="1501033203293520204"></source>
			<source file="../../workspace/dataset/test/test_gnutar_filename_encoding.c.ifdefed" startline="353" endline="392" function="DEFINE_TEST" hash="1276569342748470605"></source>
			<source file="../../workspace/dataset/test/test_gnutar_filename_encoding.c.ifdefed" startline="30" endline="69" function="DEFINE_TEST" hash="2947914207285278886"></source>
			<source file="../../workspace/dataset/test/test_ustar_filename_encoding.c.ifdefed" startline="30" endline="69" function="DEFINE_TEST" hash="1159198323242216799"></source>
			<source file="../../workspace/dataset/test/test_gnutar_filename_encoding.c.ifdefed" startline="273" endline="311" function="DEFINE_TEST" hash="-6841632450754730237"></source>
			<source file="../../workspace/dataset/test/test_ustar_filename_encoding.c.ifdefed" startline="313" endline="351" function="DEFINE_TEST" hash="210685773281119319"></source>
			<source file="../../workspace/dataset/test/test_ustar_filename_encoding.c.ifdefed" startline="273" endline="311" function="DEFINE_TEST" hash="-731193912243557866"></source>
			<source file="../../workspace/dataset/test/test_ustar_filename_encoding.c.ifdefed" startline="353" endline="392" function="DEFINE_TEST" hash="-3344773619365594999"></source>
		</class>
	</version>
	<version nr="3850" hash="e9a5a70f" evolution="Same" change="Same">
		<class nclones="18">
			<source file="../../workspace/dataset/test/test_pax_filename_encoding.c.ifdefed" startline="338" endline="379" function="DEFINE_TEST" hash="-3083825476076660575"></source>
			<source file="../../workspace/dataset/test/test_ustar_filename_encoding.c.ifdefed" startline="153" endline="193" function="DEFINE_TEST" hash="2809373510520561949"></source>
			<source file="../../workspace/dataset/test/test_ustar_filename_encoding.c.ifdefed" startline="71" endline="110" function="DEFINE_TEST" hash="-4367459078250428677"></source>
			<source file="../../workspace/dataset/test/test_gnutar_filename_encoding.c.ifdefed" startline="112" endline="151" function="DEFINE_TEST" hash="-5859841707605908748"></source>
			<source file="../../workspace/dataset/test/test_gnutar_filename_encoding.c.ifdefed" startline="153" endline="193" function="DEFINE_TEST" hash="6733123759413073708"></source>
			<source file="../../workspace/dataset/test/test_pax_filename_encoding.c.ifdefed" startline="478" endline="521" function="DEFINE_TEST" hash="2492833391778821984"></source>
			<source file="../../workspace/dataset/test/test_gnutar_filename_encoding.c.ifdefed" startline="71" endline="110" function="DEFINE_TEST" hash="-6020523214449781438"></source>
			<source file="../../workspace/dataset/test/test_pax_filename_encoding.c.ifdefed" startline="431" endline="473" function="DEFINE_TEST" hash="6574353885249407340"></source>
			<source file="../../workspace/dataset/test/test_pax_filename_encoding.c.ifdefed" startline="384" endline="426" function="DEFINE_TEST" hash="4861728945860256807"></source>
			<source file="../../workspace/dataset/test/test_ustar_filename_encoding.c.ifdefed" startline="112" endline="151" function="DEFINE_TEST" hash="-8187362777918221569"></source>
			<source file="../../workspace/dataset/test/test_ustar_filename_encoding.c.ifdefed" startline="353" endline="392" function="DEFINE_TEST" hash="-3344773619365594999"></source>
			<source file="../../workspace/dataset/test/test_ustar_filename_encoding.c.ifdefed" startline="273" endline="311" function="DEFINE_TEST" hash="-731193912243557866"></source>
			<source file="../../workspace/dataset/test/test_ustar_filename_encoding.c.ifdefed" startline="313" endline="351" function="DEFINE_TEST" hash="210685773281119319"></source>
			<source file="../../workspace/dataset/test/test_ustar_filename_encoding.c.ifdefed" startline="30" endline="69" function="DEFINE_TEST" hash="1159198323242216799"></source>
			<source file="../../workspace/dataset/test/test_gnutar_filename_encoding.c.ifdefed" startline="273" endline="311" function="DEFINE_TEST" hash="-6841632450754730237"></source>
			<source file="../../workspace/dataset/test/test_gnutar_filename_encoding.c.ifdefed" startline="353" endline="392" function="DEFINE_TEST" hash="1276569342748470605"></source>
			<source file="../../workspace/dataset/test/test_gnutar_filename_encoding.c.ifdefed" startline="30" endline="69" function="DEFINE_TEST" hash="2947914207285278886"></source>
			<source file="../../workspace/dataset/test/test_gnutar_filename_encoding.c.ifdefed" startline="313" endline="351" function="DEFINE_TEST" hash="1501033203293520204"></source>
		</class>
	</version>
	<version nr="3860" hash="30528ed7" evolution="Same" change="Inconsistent">
		<class nclones="18">
			<source file="../../workspace/dataset/test/test_pax_filename_encoding.c.ifdefed" startline="338" endline="379" function="DEFINE_TEST" hash="5666027385371812707"></source>
			<source file="../../workspace/dataset/test/test_pax_filename_encoding.c.ifdefed" startline="478" endline="521" function="DEFINE_TEST" hash="6809103499649502598"></source>
			<source file="../../workspace/dataset/test/test_gnutar_filename_encoding.c.ifdefed" startline="71" endline="110" function="DEFINE_TEST" hash="-6020523214449781438"></source>
			<source file="../../workspace/dataset/test/test_gnutar_filename_encoding.c.ifdefed" startline="153" endline="193" function="DEFINE_TEST" hash="6733123759413073708"></source>
			<source file="../../workspace/dataset/test/test_pax_filename_encoding.c.ifdefed" startline="384" endline="426" function="DEFINE_TEST" hash="8333572732474673277"></source>
			<source file="../../workspace/dataset/test/test_gnutar_filename_encoding.c.ifdefed" startline="112" endline="151" function="DEFINE_TEST" hash="-5859841707605908748"></source>
			<source file="../../workspace/dataset/test/test_ustar_filename_encoding.c.ifdefed" startline="71" endline="110" function="DEFINE_TEST" hash="-4367459078250428677"></source>
			<source file="../../workspace/dataset/test/test_ustar_filename_encoding.c.ifdefed" startline="112" endline="151" function="DEFINE_TEST" hash="-8187362777918221569"></source>
			<source file="../../workspace/dataset/test/test_ustar_filename_encoding.c.ifdefed" startline="153" endline="193" function="DEFINE_TEST" hash="2809373510520561949"></source>
			<source file="../../workspace/dataset/test/test_pax_filename_encoding.c.ifdefed" startline="431" endline="473" function="DEFINE_TEST" hash="-8843322399308178588"></source>
			<source file="../../workspace/dataset/test/test_gnutar_filename_encoding.c.ifdefed" startline="353" endline="392" function="DEFINE_TEST" hash="1276569342748470605"></source>
			<source file="../../workspace/dataset/test/test_ustar_filename_encoding.c.ifdefed" startline="353" endline="392" function="DEFINE_TEST" hash="-3344773619365594999"></source>
			<source file="../../workspace/dataset/test/test_gnutar_filename_encoding.c.ifdefed" startline="30" endline="69" function="DEFINE_TEST" hash="2947914207285278886"></source>
			<source file="../../workspace/dataset/test/test_gnutar_filename_encoding.c.ifdefed" startline="273" endline="311" function="DEFINE_TEST" hash="-6841632450754730237"></source>
			<source file="../../workspace/dataset/test/test_ustar_filename_encoding.c.ifdefed" startline="273" endline="311" function="DEFINE_TEST" hash="-731193912243557866"></source>
			<source file="../../workspace/dataset/test/test_gnutar_filename_encoding.c.ifdefed" startline="313" endline="351" function="DEFINE_TEST" hash="1501033203293520204"></source>
			<source file="../../workspace/dataset/test/test_ustar_filename_encoding.c.ifdefed" startline="30" endline="69" function="DEFINE_TEST" hash="1159198323242216799"></source>
			<source file="../../workspace/dataset/test/test_ustar_filename_encoding.c.ifdefed" startline="313" endline="351" function="DEFINE_TEST" hash="210685773281119319"></source>
		</class>
	</version>
	<version nr="4600" hash="fd8fe9c5" evolution="Same" change="Same">
		<class nclones="18">
			<source file="../../workspace/dataset/test/test_pax_filename_encoding.c.ifdefed" startline="338" endline="379" function="DEFINE_TEST" hash="5666027385371812707"></source>
			<source file="../../workspace/dataset/test/test_pax_filename_encoding.c.ifdefed" startline="478" endline="521" function="DEFINE_TEST" hash="6809103499649502598"></source>
			<source file="../../workspace/dataset/test/test_gnutar_filename_encoding.c.ifdefed" startline="71" endline="110" function="DEFINE_TEST" hash="-6020523214449781438"></source>
			<source file="../../workspace/dataset/test/test_ustar_filename_encoding.c.ifdefed" startline="153" endline="193" function="DEFINE_TEST" hash="2809373510520561949"></source>
			<source file="../../workspace/dataset/test/test_gnutar_filename_encoding.c.ifdefed" startline="153" endline="193" function="DEFINE_TEST" hash="6733123759413073708"></source>
			<source file="../../workspace/dataset/test/test_ustar_filename_encoding.c.ifdefed" startline="112" endline="151" function="DEFINE_TEST" hash="-8187362777918221569"></source>
			<source file="../../workspace/dataset/test/test_gnutar_filename_encoding.c.ifdefed" startline="112" endline="151" function="DEFINE_TEST" hash="-5859841707605908748"></source>
			<source file="../../workspace/dataset/test/test_pax_filename_encoding.c.ifdefed" startline="384" endline="426" function="DEFINE_TEST" hash="8333572732474673277"></source>
			<source file="../../workspace/dataset/test/test_ustar_filename_encoding.c.ifdefed" startline="71" endline="110" function="DEFINE_TEST" hash="-4367459078250428677"></source>
			<source file="../../workspace/dataset/test/test_pax_filename_encoding.c.ifdefed" startline="431" endline="473" function="DEFINE_TEST" hash="-8843322399308178588"></source>
			<source file="../../workspace/dataset/test/test_ustar_filename_encoding.c.ifdefed" startline="353" endline="392" function="DEFINE_TEST" hash="-3344773619365594999"></source>
			<source file="../../workspace/dataset/test/test_gnutar_filename_encoding.c.ifdefed" startline="353" endline="392" function="DEFINE_TEST" hash="1276569342748470605"></source>
			<source file="../../workspace/dataset/test/test_gnutar_filename_encoding.c.ifdefed" startline="273" endline="311" function="DEFINE_TEST" hash="-6841632450754730237"></source>
			<source file="../../workspace/dataset/test/test_gnutar_filename_encoding.c.ifdefed" startline="30" endline="69" function="DEFINE_TEST" hash="2947914207285278886"></source>
			<source file="../../workspace/dataset/test/test_gnutar_filename_encoding.c.ifdefed" startline="313" endline="351" function="DEFINE_TEST" hash="1501033203293520204"></source>
			<source file="../../workspace/dataset/test/test_ustar_filename_encoding.c.ifdefed" startline="273" endline="311" function="DEFINE_TEST" hash="-731193912243557866"></source>
			<source file="../../workspace/dataset/test/test_ustar_filename_encoding.c.ifdefed" startline="30" endline="69" function="DEFINE_TEST" hash="1159198323242216799"></source>
			<source file="../../workspace/dataset/test/test_ustar_filename_encoding.c.ifdefed" startline="313" endline="351" function="DEFINE_TEST" hash="210685773281119319"></source>
		</class>
	</version>
</lineage>
<lineage>
	<version nr="3470" hash="bacaab46" evolution="None" change="None">
		<class nclones="6">
			<source file="../../workspace/dataset/test/test_expand_gz.c.ifdefed" startline="28" endline="42" function="DEFINE_TEST" hash="-4140575700923263600"></source>
			<source file="../../workspace/dataset/test/test_empty_gz.c.ifdefed" startline="27" endline="41" function="DEFINE_TEST" hash="-8645320334352856833"></source>
			<source file="../../workspace/dataset/test/test_empty_xz.c.ifdefed" startline="27" endline="41" function="DEFINE_TEST" hash="-7588740673413471426"></source>
			<source file="../../workspace/dataset/test/test_empty_lz4.c.ifdefed" startline="27" endline="41" function="DEFINE_TEST" hash="2758716990432213393"></source>
			<source file="../../workspace/dataset/test/test_expand_xz.c.ifdefed" startline="28" endline="42" function="DEFINE_TEST" hash="-5328715980906660140"></source>
			<source file="../../workspace/dataset/test/test_expand_lz4.c.ifdefed" startline="28" endline="42" function="DEFINE_TEST" hash="5302117520290945776"></source>
		</class>
	</version>
	<version nr="4060" hash="d8c7f2e5" evolution="Same" change="Same">
		<class nclones="6">
			<source file="../../workspace/dataset/test/test_expand_gz.c.ifdefed" startline="28" endline="42" function="DEFINE_TEST" hash="-4140575700923263600"></source>
			<source file="../../workspace/dataset/test/test_empty_gz.c.ifdefed" startline="27" endline="41" function="DEFINE_TEST" hash="-8645320334352856833"></source>
			<source file="../../workspace/dataset/test/test_empty_lz4.c.ifdefed" startline="27" endline="41" function="DEFINE_TEST" hash="2758716990432213393"></source>
			<source file="../../workspace/dataset/test/test_empty_xz.c.ifdefed" startline="27" endline="41" function="DEFINE_TEST" hash="-7588740673413471426"></source>
			<source file="../../workspace/dataset/test/test_expand_lz4.c.ifdefed" startline="28" endline="42" function="DEFINE_TEST" hash="5302117520290945776"></source>
			<source file="../../workspace/dataset/test/test_expand_xz.c.ifdefed" startline="28" endline="42" function="DEFINE_TEST" hash="-5328715980906660140"></source>
		</class>
	</version>
	<version nr="4070" hash="227d33ae" evolution="Add" change="Same">
		<class nclones="8">
			<source file="../../workspace/dataset/test/test_expand_gz.c.ifdefed" startline="28" endline="42" function="DEFINE_TEST" hash="-4140575700923263600"></source>
			<source file="../../workspace/dataset/test/test_empty_gz.c.ifdefed" startline="27" endline="41" function="DEFINE_TEST" hash="-8645320334352856833"></source>
			<source file="../../workspace/dataset/test/test_empty_xz.c.ifdefed" startline="27" endline="41" function="DEFINE_TEST" hash="-7588740673413471426"></source>
			<source file="../../workspace/dataset/test/test_empty_zstd.c.ifdefed" startline="27" endline="41" function="DEFINE_TEST" hash="3094162642728029384"></source>
			<source file="../../workspace/dataset/test/test_empty_lz4.c.ifdefed" startline="27" endline="41" function="DEFINE_TEST" hash="2758716990432213393"></source>
			<source file="../../workspace/dataset/test/test_expand_xz.c.ifdefed" startline="28" endline="42" function="DEFINE_TEST" hash="-5328715980906660140"></source>
			<source file="../../workspace/dataset/test/test_expand_zstd.c.ifdefed" startline="27" endline="41" function="DEFINE_TEST" hash="1324640440706934928"></source>
			<source file="../../workspace/dataset/test/test_expand_lz4.c.ifdefed" startline="28" endline="42" function="DEFINE_TEST" hash="5302117520290945776"></source>
		</class>
	</version>
	<version nr="4600" hash="fd8fe9c5" evolution="Same" change="Same">
		<class nclones="8">
			<source file="../../workspace/dataset/test/test_expand_gz.c.ifdefed" startline="28" endline="42" function="DEFINE_TEST" hash="-4140575700923263600"></source>
			<source file="../../workspace/dataset/test/test_empty_gz.c.ifdefed" startline="27" endline="41" function="DEFINE_TEST" hash="-8645320334352856833"></source>
			<source file="../../workspace/dataset/test/test_empty_xz.c.ifdefed" startline="27" endline="41" function="DEFINE_TEST" hash="-7588740673413471426"></source>
			<source file="../../workspace/dataset/test/test_empty_zstd.c.ifdefed" startline="27" endline="41" function="DEFINE_TEST" hash="3094162642728029384"></source>
			<source file="../../workspace/dataset/test/test_empty_lz4.c.ifdefed" startline="27" endline="41" function="DEFINE_TEST" hash="2758716990432213393"></source>
			<source file="../../workspace/dataset/test/test_expand_xz.c.ifdefed" startline="28" endline="42" function="DEFINE_TEST" hash="-5328715980906660140"></source>
			<source file="../../workspace/dataset/test/test_expand_zstd.c.ifdefed" startline="27" endline="41" function="DEFINE_TEST" hash="1324640440706934928"></source>
			<source file="../../workspace/dataset/test/test_expand_lz4.c.ifdefed" startline="28" endline="42" function="DEFINE_TEST" hash="5302117520290945776"></source>
		</class>
	</version>
</lineage>
<lineage>
	<version nr="3490" hash="59d96678" evolution="None" change="None">
		<class nclones="2">
			<source file="../../workspace/dataset/test/test_archive_read_add_passphrase.c.ifdefed" startline="90" endline="108" function="DEFINE_TEST" hash="-6758142273031985814"></source>
			<source file="../../workspace/dataset/test/test_archive_read_add_passphrase.c.ifdefed" startline="180" endline="203" function="DEFINE_TEST" hash="8164714557040696899"></source>
		</class>
	</version>
	<version nr="3500" hash="d42fdee2" evolution="Add" change="Same">
		<class nclones="3">
			<source file="../../workspace/dataset/test/test_archive_read_add_passphrase.c.ifdefed" startline="90" endline="108" function="DEFINE_TEST" hash="-6758142273031985814"></source>
			<source file="../../workspace/dataset/test/test_archive_read_add_passphrase.c.ifdefed" startline="202" endline="225" function="DEFINE_TEST" hash="8164714557040696899"></source>
			<source file="../../workspace/dataset/test/test_archive_read_add_passphrase.c.ifdefed" startline="227" endline="258" function="DEFINE_TEST" hash="-5935698698575623225"></source>
		</class>
	</version>
	<version nr="3500" hash="d42fdee2" evolution="Subtract" change="Consistent">
		<class nclones="2">
			<source file="../../workspace/dataset/test/test_archive_read_add_passphrase.c.ifdefed" startline="161" endline="178" function="DEFINE_TEST" hash="-7244455508199428074"></source>
			<source file="../../workspace/dataset/test/test_archive_read_add_passphrase.c.ifdefed" startline="180" endline="200" function="DEFINE_TEST" hash="1415972619492565253"></source>
		</class>
	</version>
	<version nr="3850" hash="e9a5a70f" evolution="Same" change="Same">
		<class nclones="2">
			<source file="../../workspace/dataset/test/test_archive_read_add_passphrase.c.ifdefed" startline="161" endline="178" function="DEFINE_TEST" hash="-7244455508199428074"></source>
			<source file="../../workspace/dataset/test/test_archive_read_add_passphrase.c.ifdefed" startline="180" endline="200" function="DEFINE_TEST" hash="1415972619492565253"></source>
		</class>
	</version>
	<version nr="3860" hash="30528ed7" evolution="Add" change="Consistent">
		<class nclones="3">
			<source file="../../workspace/dataset/test/test_archive_read_add_passphrase.c.ifdefed" startline="90" endline="108" function="DEFINE_TEST" hash="-7965924989713850858"></source>
			<source file="../../workspace/dataset/test/test_archive_read_add_passphrase.c.ifdefed" startline="203" endline="226" function="DEFINE_TEST" hash="5188578794040733569"></source>
			<source file="../../workspace/dataset/test/test_archive_read_add_passphrase.c.ifdefed" startline="228" endline="259" function="DEFINE_TEST" hash="-1491879839666480363"></source>
		</class>
	</version>
	<version nr="3860" hash="30528ed7" evolution="Subtract" change="Consistent">
		<class nclones="2">
			<source file="../../workspace/dataset/test/test_archive_read_add_passphrase.c.ifdefed" startline="162" endline="179" function="DEFINE_TEST" hash="-8688710804491439534"></source>
			<source file="../../workspace/dataset/test/test_archive_read_add_passphrase.c.ifdefed" startline="181" endline="201" function="DEFINE_TEST" hash="-8957137954594377629"></source>
		</class>
	</version>
	<version nr="3870" hash="3c0a5dd6" evolution="Same" change="Same">
		<class nclones="2">
			<source file="../../workspace/dataset/test/test_archive_read_add_passphrase.c.ifdefed" startline="162" endline="179" function="DEFINE_TEST" hash="-8688710804491439534"></source>
			<source file="../../workspace/dataset/test/test_archive_read_add_passphrase.c.ifdefed" startline="181" endline="201" function="DEFINE_TEST" hash="-8957137954594377629"></source>
		</class>
	</version>
	<version nr="3880" hash="bdcaa280" evolution="Same" change="Inconsistent">
		<class nclones="2">
			<source file="../../workspace/dataset/test/test_archive_read_add_passphrase.c.ifdefed" startline="162" endline="179" function="DEFINE_TEST" hash="-8688710804491439534"></source>
			<source file="../../workspace/dataset/test/test_archive_read_add_passphrase.c.ifdefed" startline="181" endline="201" function="DEFINE_TEST" hash="-8951802652156128850"></source>
		</class>
	</version>
	<version nr="4600" hash="fd8fe9c5" evolution="Same" change="Same">
		<class nclones="2">
			<source file="../../workspace/dataset/test/test_archive_read_add_passphrase.c.ifdefed" startline="162" endline="179" function="DEFINE_TEST" hash="-8688710804491439534"></source>
			<source file="../../workspace/dataset/test/test_archive_read_add_passphrase.c.ifdefed" startline="181" endline="201" function="DEFINE_TEST" hash="-8951802652156128850"></source>
		</class>
	</version>
</lineage>
<lineage>
	<version nr="3500" hash="d42fdee2" evolution="None" change="None">
		<class nclones="2">
			<source file="../../workspace/dataset/test/test_read_format_zip_filename.c.ifdefed" startline="168" endline="241" function="DEFINE_TEST" hash="4715113401296580214"></source>
			<source file="../../workspace/dataset/test/test_read_format_zip_filename.c.ifdefed" startline="801" endline="876" function="DEFINE_TEST" hash="-8279024591186280369"></source>
		</class>
	</version>
	<version nr="4600" hash="fd8fe9c5" evolution="Same" change="Same">
		<class nclones="2">
			<source file="../../workspace/dataset/test/test_read_format_zip_filename.c.ifdefed" startline="168" endline="241" function="DEFINE_TEST" hash="4715113401296580214"></source>
			<source file="../../workspace/dataset/test/test_read_format_zip_filename.c.ifdefed" startline="801" endline="876" function="DEFINE_TEST" hash="-8279024591186280369"></source>
		</class>
	</version>
</lineage>
<lineage>
	<version nr="3510" hash="c966ff4b" evolution="None" change="None">
		<class nclones="2">
			<source file="../../workspace/dataset/test/test_extract_cpio_Z.c.ifdefed" startline="28" endline="42" function="DEFINE_TEST" hash="-880949648908543497"></source>
			<source file="../../workspace/dataset/test/test_option_passphrase.c.ifdefed" startline="28" endline="43" function="DEFINE_TEST" hash="-1388310616151274317"></source>
		</class>
	</version>
	<version nr="4600" hash="fd8fe9c5" evolution="Same" change="Same">
		<class nclones="2">
			<source file="../../workspace/dataset/test/test_extract_cpio_Z.c.ifdefed" startline="28" endline="42" function="DEFINE_TEST" hash="-880949648908543497"></source>
			<source file="../../workspace/dataset/test/test_option_passphrase.c.ifdefed" startline="28" endline="43" function="DEFINE_TEST" hash="-1388310616151274317"></source>
		</class>
	</version>
</lineage>
<lineage>
	<version nr="3510" hash="c966ff4b" evolution="None" change="None">
		<class nclones="3">
			<source file="../../workspace/dataset/test/test_archive_read_add_passphrase.c.ifdefed" startline="90" endline="108" function="DEFINE_TEST" hash="-6758142273031985814"></source>
			<source file="../../workspace/dataset/test/test_archive_read_add_passphrase.c.ifdefed" startline="202" endline="225" function="DEFINE_TEST" hash="8164714557040696899"></source>
			<source file="../../workspace/dataset/test/test_archive_read_add_passphrase.c.ifdefed" startline="227" endline="258" function="DEFINE_TEST" hash="-5935698698575623225"></source>
		</class>
	</version>
	<version nr="3850" hash="e9a5a70f" evolution="Same" change="Same">
		<class nclones="3">
			<source file="../../workspace/dataset/test/test_archive_read_add_passphrase.c.ifdefed" startline="90" endline="108" function="DEFINE_TEST" hash="-6758142273031985814"></source>
			<source file="../../workspace/dataset/test/test_archive_read_add_passphrase.c.ifdefed" startline="202" endline="225" function="DEFINE_TEST" hash="8164714557040696899"></source>
			<source file="../../workspace/dataset/test/test_archive_read_add_passphrase.c.ifdefed" startline="227" endline="258" function="DEFINE_TEST" hash="-5935698698575623225"></source>
		</class>
	</version>
	<version nr="3870" hash="3c0a5dd6" evolution="Same" change="Consistent">
		<class nclones="3">
			<source file="../../workspace/dataset/test/test_archive_read_add_passphrase.c.ifdefed" startline="90" endline="108" function="DEFINE_TEST" hash="-7965924989713850858"></source>
			<source file="../../workspace/dataset/test/test_archive_read_add_passphrase.c.ifdefed" startline="203" endline="226" function="DEFINE_TEST" hash="5188578794040733569"></source>
			<source file="../../workspace/dataset/test/test_archive_read_add_passphrase.c.ifdefed" startline="228" endline="259" function="DEFINE_TEST" hash="-1491879839666480363"></source>
		</class>
	</version>
	<version nr="4600" hash="fd8fe9c5" evolution="Same" change="Same">
		<class nclones="3">
			<source file="../../workspace/dataset/test/test_archive_read_add_passphrase.c.ifdefed" startline="90" endline="108" function="DEFINE_TEST" hash="-7965924989713850858"></source>
			<source file="../../workspace/dataset/test/test_archive_read_add_passphrase.c.ifdefed" startline="203" endline="226" function="DEFINE_TEST" hash="5188578794040733569"></source>
			<source file="../../workspace/dataset/test/test_archive_read_add_passphrase.c.ifdefed" startline="228" endline="259" function="DEFINE_TEST" hash="-1491879839666480363"></source>
		</class>
	</version>
</lineage>
<lineage>
	<version nr="3560" hash="3865cf2b" evolution="None" change="None">
		<class nclones="2">
			<source file="../../workspace/dataset/test/test_read_format_cpio_bin_le.c.ifdefed" startline="28" endline="55" function="DEFINE_TEST" hash="3314327167042684972"></source>
			<source file="../../workspace/dataset/test/test_read_format_cpio_bin_be.c.ifdefed" startline="28" endline="55" function="DEFINE_TEST" hash="-4722447192927114600"></source>
		</class>
	</version>
	<version nr="4600" hash="fd8fe9c5" evolution="Same" change="Same">
		<class nclones="2">
			<source file="../../workspace/dataset/test/test_read_format_cpio_bin_le.c.ifdefed" startline="28" endline="55" function="DEFINE_TEST" hash="3314327167042684972"></source>
			<source file="../../workspace/dataset/test/test_read_format_cpio_bin_be.c.ifdefed" startline="28" endline="55" function="DEFINE_TEST" hash="-4722447192927114600"></source>
		</class>
	</version>
</lineage>
<lineage>
	<version nr="3580" hash="fc04ba09" evolution="None" change="None">
		<class nclones="2">
			<source file="../../workspace/dataset/test/test_read_format_7zip_malformed.c.ifdefed" startline="29" endline="44" function="test_malformed1" hash="4613895025654068730"></source>
			<source file="../../workspace/dataset/test/test_read_format_7zip_malformed.c.ifdefed" startline="46" endline="61" function="test_malformed2" hash="-5405799626884169198"></source>
		</class>
	</version>
	<version nr="4600" hash="fd8fe9c5" evolution="Same" change="Same">
		<class nclones="2">
			<source file="../../workspace/dataset/test/test_read_format_7zip_malformed.c.ifdefed" startline="29" endline="44" function="test_malformed1" hash="4613895025654068730"></source>
			<source file="../../workspace/dataset/test/test_read_format_7zip_malformed.c.ifdefed" startline="46" endline="61" function="test_malformed2" hash="-5405799626884169198"></source>
		</class>
	</version>
</lineage>
<lineage>
	<version nr="3620" hash="8633f3a3" evolution="None" change="None">
		<class nclones="3">
			<source file="../../workspace/dataset/test/test_archive_write_set_format_by_name.c.ifdefed" startline="30" endline="139" function="test_format_by_name" hash="-2207237346503827385"></source>
			<source file="../../workspace/dataset/test/test_archive_write_set_format_filter_by_ext.c.ifdefed" startline="31" endline="146" function="test_format_filter_by_ext" hash="3136450274030602470"></source>
			<source file="../../workspace/dataset/test/test_archive_write_add_filter_by_name.c.ifdefed" startline="30" endline="137" function="test_filter_by_name" hash="-2970805572042062690"></source>
		</class>
	</version>
	<version nr="4320" hash="646f6201" evolution="Same" change="Same">
		<class nclones="3">
			<source file="../../workspace/dataset/test/test_archive_write_set_format_by_name.c.ifdefed" startline="30" endline="139" function="test_format_by_name" hash="-2207237346503827385"></source>
			<source file="../../workspace/dataset/test/test_archive_write_set_format_filter_by_ext.c.ifdefed" startline="31" endline="146" function="test_format_filter_by_ext" hash="3136450274030602470"></source>
			<source file="../../workspace/dataset/test/test_archive_write_add_filter_by_name.c.ifdefed" startline="30" endline="137" function="test_filter_by_name" hash="-2970805572042062690"></source>
		</class>
	</version>
	<version nr="4330" hash="aa11d991" evolution="Same" change="Inconsistent">
		<class nclones="3">
			<source file="../../workspace/dataset/test/test_archive_write_set_format_by_name.c.ifdefed" startline="30" endline="139" function="test_format_by_name" hash="-2207237346503827385"></source>
			<source file="../../workspace/dataset/test/test_archive_write_set_format_filter_by_ext.c.ifdefed" startline="31" endline="146" function="test_format_filter_by_ext" hash="-4904191960996594565"></source>
			<source file="../../workspace/dataset/test/test_archive_write_add_filter_by_name.c.ifdefed" startline="30" endline="137" function="test_filter_by_name" hash="-3398857125848767596"></source>
		</class>
	</version>
	<version nr="4370" hash="5be1a96f" evolution="Same" change="Same">
		<class nclones="3">
			<source file="../../workspace/dataset/test/test_archive_write_set_format_by_name.c.ifdefed" startline="30" endline="139" function="test_format_by_name" hash="-2207237346503827385"></source>
			<source file="../../workspace/dataset/test/test_archive_write_set_format_filter_by_ext.c.ifdefed" startline="31" endline="146" function="test_format_filter_by_ext" hash="-4904191960996594565"></source>
			<source file="../../workspace/dataset/test/test_archive_write_add_filter_by_name.c.ifdefed" startline="30" endline="137" function="test_filter_by_name" hash="-3398857125848767596"></source>
		</class>
	</version>
	<version nr="4380" hash="467d193d" evolution="Same" change="Inconsistent">
		<class nclones="3">
			<source file="../../workspace/dataset/test/test_archive_write_set_format_by_name.c.ifdefed" startline="30" endline="139" function="test_format_by_name" hash="-2207237346503827385"></source>
			<source file="../../workspace/dataset/test/test_archive_write_set_format_filter_by_ext.c.ifdefed" startline="31" endline="146" function="test_format_filter_by_ext" hash="3245701624323986790"></source>
			<source file="../../workspace/dataset/test/test_archive_write_add_filter_by_name.c.ifdefed" startline="30" endline="137" function="test_filter_by_name" hash="-3398857125848767596"></source>
		</class>
	</version>
	<version nr="4600" hash="fd8fe9c5" evolution="Same" change="Same">
		<class nclones="3">
			<source file="../../workspace/dataset/test/test_archive_write_set_format_by_name.c.ifdefed" startline="30" endline="139" function="test_format_by_name" hash="-2207237346503827385"></source>
			<source file="../../workspace/dataset/test/test_archive_write_set_format_filter_by_ext.c.ifdefed" startline="31" endline="146" function="test_format_filter_by_ext" hash="3245701624323986790"></source>
			<source file="../../workspace/dataset/test/test_archive_write_add_filter_by_name.c.ifdefed" startline="30" endline="137" function="test_filter_by_name" hash="-3398857125848767596"></source>
		</class>
	</version>
</lineage>
<lineage>
	<version nr="3640" hash="1880dfc5" evolution="None" change="None">
		<class nclones="2">
			<source file="../../workspace/dataset/test/test_read_filter_compress.c.ifdefed" startline="27" endline="40" function="DEFINE_TEST" hash="4656231683784409495"></source>
			<source file="../../workspace/dataset/test/test_read_filter_compress.c.ifdefed" startline="67" endline="80" function="DEFINE_TEST" hash="-5981896350671204025"></source>
		</class>
	</version>
	<version nr="4600" hash="fd8fe9c5" evolution="Same" change="Same">
		<class nclones="2">
			<source file="../../workspace/dataset/test/test_read_filter_compress.c.ifdefed" startline="27" endline="40" function="DEFINE_TEST" hash="4656231683784409495"></source>
			<source file="../../workspace/dataset/test/test_read_filter_compress.c.ifdefed" startline="67" endline="80" function="DEFINE_TEST" hash="-5981896350671204025"></source>
		</class>
	</version>
</lineage>
<lineage>
	<version nr="3740" hash="d764646c" evolution="None" change="None">
		<class nclones="2">
			<source file="../../workspace/dataset/test/test_write_format_gnutar_filenames.c.ifdefed" startline="38" endline="90" function="DEFINE_TEST" hash="-884753751032335800"></source>
			<source file="../../workspace/dataset/test/test_write_format_gnutar_filenames.c.ifdefed" startline="93" endline="145" function="DEFINE_TEST" hash="1348981272446124990"></source>
		</class>
	</version>
	<version nr="3760" hash="b4fd424c" evolution="Same" change="Same">
		<class nclones="2">
			<source file="../../workspace/dataset/test/test_write_format_gnutar_filenames.c.ifdefed" startline="38" endline="90" function="DEFINE_TEST" hash="-884753751032335800"></source>
			<source file="../../workspace/dataset/test/test_write_format_gnutar_filenames.c.ifdefed" startline="93" endline="145" function="DEFINE_TEST" hash="1348981272446124990"></source>
		</class>
	</version>
	<version nr="3770" hash="ed9baeeb" evolution="Same" change="Consistent">
		<class nclones="2">
			<source file="../../workspace/dataset/test/test_write_format_gnutar_filenames.c.ifdefed" startline="38" endline="91" function="DEFINE_TEST" hash="-5414294552346852207"></source>
			<source file="../../workspace/dataset/test/test_write_format_gnutar_filenames.c.ifdefed" startline="94" endline="147" function="DEFINE_TEST" hash="2174790651257905919"></source>
		</class>
	</version>
	<version nr="3800" hash="9f0dee22" evolution="Same" change="Same">
		<class nclones="2">
			<source file="../../workspace/dataset/test/test_write_format_gnutar_filenames.c.ifdefed" startline="38" endline="91" function="DEFINE_TEST" hash="-5414294552346852207"></source>
			<source file="../../workspace/dataset/test/test_write_format_gnutar_filenames.c.ifdefed" startline="94" endline="147" function="DEFINE_TEST" hash="2174790651257905919"></source>
		</class>
	</version>
	<version nr="3810" hash="a7e130aa" evolution="Same" change="Inconsistent">
		<class nclones="2">
			<source file="../../workspace/dataset/test/test_write_format_gnutar_filenames.c.ifdefed" startline="38" endline="91" function="DEFINE_TEST" hash="-5414294552346852207"></source>
			<source file="../../workspace/dataset/test/test_write_format_gnutar_filenames.c.ifdefed" startline="94" endline="151" function="DEFINE_TEST" hash="1205396500681610166"></source>
		</class>
	</version>
	<version nr="4600" hash="fd8fe9c5" evolution="Same" change="Same">
		<class nclones="2">
			<source file="../../workspace/dataset/test/test_write_format_gnutar_filenames.c.ifdefed" startline="38" endline="91" function="DEFINE_TEST" hash="-5414294552346852207"></source>
			<source file="../../workspace/dataset/test/test_write_format_gnutar_filenames.c.ifdefed" startline="94" endline="151" function="DEFINE_TEST" hash="1205396500681610166"></source>
		</class>
	</version>
</lineage>
<lineage>
	<version nr="4030" hash="6462ccda" evolution="None" change="None">
		<class nclones="2">
			<source file="../../workspace/dataset/test/test_read_format_zip_with_invalid_traditional_eocd.c.ifdefed" startline="33" endline="60" function="DEFINE_TEST" hash="4402047805563626173"></source>
			<source file="../../workspace/dataset/test/test_read_format_zip_jar.c.ifdefed" startline="33" endline="59" function="DEFINE_TEST" hash="2564446316116460917"></source>
		</class>
	</version>
	<version nr="4380" hash="467d193d" evolution="Same" change="Same">
		<class nclones="2">
			<source file="../../workspace/dataset/test/test_read_format_zip_with_invalid_traditional_eocd.c.ifdefed" startline="33" endline="60" function="DEFINE_TEST" hash="4402047805563626173"></source>
			<source file="../../workspace/dataset/test/test_read_format_zip_jar.c.ifdefed" startline="33" endline="59" function="DEFINE_TEST" hash="2564446316116460917"></source>
		</class>
	</version>
	<version nr="4390" hash="343642bc" evolution="Same" change="Consistent">
		<class nclones="2">
			<source file="../../workspace/dataset/test/test_read_format_zip_with_invalid_traditional_eocd.c.ifdefed" startline="33" endline="60" function="DEFINE_TEST" hash="-6227589858385177273"></source>
			<source file="../../workspace/dataset/test/test_read_format_zip_jar.c.ifdefed" startline="33" endline="59" function="DEFINE_TEST" hash="-7258780608516212709"></source>
		</class>
	</version>
	<version nr="4600" hash="fd8fe9c5" evolution="Same" change="Same">
		<class nclones="2">
			<source file="../../workspace/dataset/test/test_read_format_zip_with_invalid_traditional_eocd.c.ifdefed" startline="33" endline="60" function="DEFINE_TEST" hash="-6227589858385177273"></source>
			<source file="../../workspace/dataset/test/test_read_format_zip_jar.c.ifdefed" startline="33" endline="59" function="DEFINE_TEST" hash="-7258780608516212709"></source>
		</class>
	</version>
</lineage>
<lineage>
	<version nr="4100" hash="a864f9f9" evolution="None" change="None">
		<class nclones="5">
			<source file="../../workspace/dataset/test/test_write_filter_bzip2.c.ifdefed" startline="36" endline="276" function="DEFINE_TEST" hash="431846362285140857"></source>
			<source file="../../workspace/dataset/test/test_write_filter_xz.c.ifdefed" startline="36" endline="265" function="DEFINE_TEST" hash="-2861967796787891349"></source>
			<source file="../../workspace/dataset/test/test_write_filter_lzip.c.ifdefed" startline="36" endline="255" function="DEFINE_TEST" hash="-5997039326703120482"></source>
			<source file="../../workspace/dataset/test/test_write_filter_lzma.c.ifdefed" startline="35" endline="259" function="DEFINE_TEST" hash="4469626422444655702"></source>
			<source file="../../workspace/dataset/test/test_write_filter_gzip.c.ifdefed" startline="36" endline="298" function="DEFINE_TEST" hash="123515630083994632"></source>
		</class>
	</version>
	<version nr="4310" hash="d6d3799d" evolution="Same" change="Same">
		<class nclones="5">
			<source file="../../workspace/dataset/test/test_write_filter_bzip2.c.ifdefed" startline="36" endline="276" function="DEFINE_TEST" hash="431846362285140857"></source>
			<source file="../../workspace/dataset/test/test_write_filter_xz.c.ifdefed" startline="36" endline="265" function="DEFINE_TEST" hash="-2861967796787891349"></source>
			<source file="../../workspace/dataset/test/test_write_filter_lzip.c.ifdefed" startline="36" endline="255" function="DEFINE_TEST" hash="-5997039326703120482"></source>
			<source file="../../workspace/dataset/test/test_write_filter_lzma.c.ifdefed" startline="35" endline="259" function="DEFINE_TEST" hash="4469626422444655702"></source>
			<source file="../../workspace/dataset/test/test_write_filter_gzip.c.ifdefed" startline="36" endline="298" function="DEFINE_TEST" hash="123515630083994632"></source>
		</class>
	</version>
	<version nr="4320" hash="646f6201" evolution="Add" change="Same">
		<class nclones="6">
			<source file="../../workspace/dataset/test/test_write_filter_bzip2.c.ifdefed" startline="36" endline="276" function="DEFINE_TEST" hash="431846362285140857"></source>
			<source file="../../workspace/dataset/test/test_write_filter_lzip.c.ifdefed" startline="36" endline="255" function="DEFINE_TEST" hash="-5997039326703120482"></source>
			<source file="../../workspace/dataset/test/test_write_filter_lzma.c.ifdefed" startline="35" endline="259" function="DEFINE_TEST" hash="4469626422444655702"></source>
			<source file="../../workspace/dataset/test/test_write_filter_xz.c.ifdefed" startline="36" endline="265" function="DEFINE_TEST" hash="-2861967796787891349"></source>
			<source file="../../workspace/dataset/test/test_write_filter_gzip.c.ifdefed" startline="36" endline="298" function="DEFINE_TEST" hash="123515630083994632"></source>
			<source file="../../workspace/dataset/test/test_write_filter_zstd.c.ifdefed" startline="30" endline="255" function="DEFINE_TEST" hash="-1099653382809210259"></source>
		</class>
	</version>
	<version nr="4430" hash="ba0478d3" evolution="Same" change="Same">
		<class nclones="6">
			<source file="../../workspace/dataset/test/test_write_filter_bzip2.c.ifdefed" startline="36" endline="276" function="DEFINE_TEST" hash="431846362285140857"></source>
			<source file="../../workspace/dataset/test/test_write_filter_lzma.c.ifdefed" startline="35" endline="259" function="DEFINE_TEST" hash="4469626422444655702"></source>
			<source file="../../workspace/dataset/test/test_write_filter_xz.c.ifdefed" startline="36" endline="265" function="DEFINE_TEST" hash="-2861967796787891349"></source>
			<source file="../../workspace/dataset/test/test_write_filter_lzip.c.ifdefed" startline="36" endline="255" function="DEFINE_TEST" hash="-5997039326703120482"></source>
			<source file="../../workspace/dataset/test/test_write_filter_gzip.c.ifdefed" startline="36" endline="298" function="DEFINE_TEST" hash="123515630083994632"></source>
			<source file="../../workspace/dataset/test/test_write_filter_zstd.c.ifdefed" startline="30" endline="255" function="DEFINE_TEST" hash="-1099653382809210259"></source>
		</class>
	</version>
	<version nr="4440" hash="afaaf3ad" evolution="Same" change="Inconsistent">
		<class nclones="6">
			<source file="../../workspace/dataset/test/test_write_filter_bzip2.c.ifdefed" startline="36" endline="276" function="DEFINE_TEST" hash="431846362285140857"></source>
			<source file="../../workspace/dataset/test/test_write_filter_xz.c.ifdefed" startline="36" endline="265" function="DEFINE_TEST" hash="-2861967796787891349"></source>
			<source file="../../workspace/dataset/test/test_write_filter_lzip.c.ifdefed" startline="36" endline="255" function="DEFINE_TEST" hash="-5997039326703120482"></source>
			<source file="../../workspace/dataset/test/test_write_filter_lzma.c.ifdefed" startline="35" endline="259" function="DEFINE_TEST" hash="4469626422444655702"></source>
			<source file="../../workspace/dataset/test/test_write_filter_zstd.c.ifdefed" startline="30" endline="258" function="DEFINE_TEST" hash="3248934987639821604"></source>
			<source file="../../workspace/dataset/test/test_write_filter_gzip.c.ifdefed" startline="36" endline="298" function="DEFINE_TEST" hash="123515630083994632"></source>
		</class>
	</version>
	<version nr="4540" hash="e2ad1a2c" evolution="Same" change="Same">
		<class nclones="6">
			<source file="../../workspace/dataset/test/test_write_filter_bzip2.c.ifdefed" startline="36" endline="276" function="DEFINE_TEST" hash="431846362285140857"></source>
			<source file="../../workspace/dataset/test/test_write_filter_xz.c.ifdefed" startline="36" endline="265" function="DEFINE_TEST" hash="-2861967796787891349"></source>
			<source file="../../workspace/dataset/test/test_write_filter_lzip.c.ifdefed" startline="36" endline="255" function="DEFINE_TEST" hash="-5997039326703120482"></source>
			<source file="../../workspace/dataset/test/test_write_filter_lzma.c.ifdefed" startline="35" endline="259" function="DEFINE_TEST" hash="4469626422444655702"></source>
			<source file="../../workspace/dataset/test/test_write_filter_zstd.c.ifdefed" startline="30" endline="258" function="DEFINE_TEST" hash="3248934987639821604"></source>
			<source file="../../workspace/dataset/test/test_write_filter_gzip.c.ifdefed" startline="36" endline="298" function="DEFINE_TEST" hash="123515630083994632"></source>
		</class>
	</version>
	<version nr="4550" hash="cc8020be" evolution="Same" change="Inconsistent">
		<class nclones="6">
			<source file="../../workspace/dataset/test/test_write_filter_bzip2.c.ifdefed" startline="36" endline="276" function="DEFINE_TEST" hash="431846362285140857"></source>
			<source file="../../workspace/dataset/test/test_write_filter_lzip.c.ifdefed" startline="36" endline="255" function="DEFINE_TEST" hash="-5997039326703120482"></source>
			<source file="../../workspace/dataset/test/test_write_filter_lzma.c.ifdefed" startline="35" endline="259" function="DEFINE_TEST" hash="4469626422444655702"></source>
			<source file="../../workspace/dataset/test/test_write_filter_xz.c.ifdefed" startline="36" endline="265" function="DEFINE_TEST" hash="-2861967796787891349"></source>
			<source file="../../workspace/dataset/test/test_write_filter_zstd.c.ifdefed" startline="30" endline="262" function="DEFINE_TEST" hash="-3946317526927614283"></source>
			<source file="../../workspace/dataset/test/test_write_filter_gzip.c.ifdefed" startline="36" endline="298" function="DEFINE_TEST" hash="123515630083994632"></source>
		</class>
	</version>
	<version nr="4600" hash="fd8fe9c5" evolution="Same" change="Same">
		<class nclones="6">
			<source file="../../workspace/dataset/test/test_write_filter_bzip2.c.ifdefed" startline="36" endline="276" function="DEFINE_TEST" hash="431846362285140857"></source>
			<source file="../../workspace/dataset/test/test_write_filter_xz.c.ifdefed" startline="36" endline="265" function="DEFINE_TEST" hash="-2861967796787891349"></source>
			<source file="../../workspace/dataset/test/test_write_filter_lzip.c.ifdefed" startline="36" endline="255" function="DEFINE_TEST" hash="-5997039326703120482"></source>
			<source file="../../workspace/dataset/test/test_write_filter_lzma.c.ifdefed" startline="35" endline="259" function="DEFINE_TEST" hash="4469626422444655702"></source>
			<source file="../../workspace/dataset/test/test_write_filter_gzip.c.ifdefed" startline="36" endline="298" function="DEFINE_TEST" hash="123515630083994632"></source>
			<source file="../../workspace/dataset/test/test_write_filter_zstd.c.ifdefed" startline="30" endline="262" function="DEFINE_TEST" hash="-3946317526927614283"></source>
		</class>
	</version>
</lineage>
<lineage>
	<version nr="4130" hash="7ea3d03a" evolution="None" change="None">
		<class nclones="2">
			<source file="../../workspace/dataset/test/test_read_format_rar5.c.ifdefed" startline="160" endline="198" function="DEFINE_TEST" hash="-957622565095911279"></source>
			<source file="../../workspace/dataset/test/test_read_format_rar5.c.ifdefed" startline="206" endline="239" function="DEFINE_TEST" hash="-7534760952241795526"></source>
		</class>
	</version>
	<version nr="4180" hash="2c65d83f" evolution="Same" change="Same">
		<class nclones="2">
			<source file="../../workspace/dataset/test/test_read_format_rar5.c.ifdefed" startline="160" endline="198" function="DEFINE_TEST" hash="-957622565095911279"></source>
			<source file="../../workspace/dataset/test/test_read_format_rar5.c.ifdefed" startline="206" endline="239" function="DEFINE_TEST" hash="-7534760952241795526"></source>
		</class>
	</version>
	<version nr="4190" hash="7130b9d4" evolution="Same" change="Consistent">
		<class nclones="2">
			<source file="../../workspace/dataset/test/test_read_format_rar5.c.ifdefed" startline="161" endline="199" function="DEFINE_TEST" hash="-8635180487583506547"></source>
			<source file="../../workspace/dataset/test/test_read_format_rar5.c.ifdefed" startline="207" endline="240" function="DEFINE_TEST" hash="-924873650588945870"></source>
		</class>
	</version>
	<version nr="4190" hash="7130b9d4" evolution="Add" change="Consistent">
		<class nclones="3">
			<source file="../../workspace/dataset/test/test_read_format_rar5.c.ifdefed" startline="242" endline="263" function="DEFINE_TEST" hash="1511826067579429246"></source>
			<source file="../../workspace/dataset/test/test_read_format_rar5.c.ifdefed" startline="287" endline="307" function="DEFINE_TEST" hash="-5462456410249457194"></source>
			<source file="../../workspace/dataset/test/test_read_format_rar5.c.ifdefed" startline="265" endline="285" function="DEFINE_TEST" hash="8850092545105555386"></source>
		</class>
	</version>
	<version nr="4190" hash="7130b9d4" evolution="Subtract" change="Consistent">
		<class nclones="2">
			<source file="../../workspace/dataset/test/test_read_format_rar5.c.ifdefed" startline="353" endline="366" function="DEFINE_TEST" hash="5036731169629722622"></source>
			<source file="../../workspace/dataset/test/test_read_format_rar5.c.ifdefed" startline="389" endline="406" function="DEFINE_TEST" hash="-5944771060903300356"></source>
		</class>
	</version>
	<version nr="4190" hash="7130b9d4" evolution="Same" change="Consistent">
		<class nclones="2">
			<source file="../../workspace/dataset/test/test_read_format_rar5.c.ifdefed" startline="368" endline="387" function="DEFINE_TEST" hash="-5147148771903643293"></source>
			<source file="../../workspace/dataset/test/test_read_format_rar5.c.ifdefed" startline="408" endline="427" function="DEFINE_TEST" hash="963925451352091188"></source>
		</class>
	</version>
	<version nr="4190" hash="7130b9d4" evolution="Add" change="Consistent">
		<class nclones="5">
			<source file="../../workspace/dataset/test/test_read_format_rar5.c.ifdefed" startline="429" endline="460" function="DEFINE_TEST" hash="-2150566513821826892"></source>
			<source file="../../workspace/dataset/test/test_read_format_rar5.c.ifdefed" startline="567" endline="599" function="DEFINE_TEST" hash="707258203383927586"></source>
			<source file="../../workspace/dataset/test/test_read_format_rar5.c.ifdefed" startline="533" endline="565" function="DEFINE_TEST" hash="7954367243403417894"></source>
			<source file="../../workspace/dataset/test/test_read_format_rar5.c.ifdefed" startline="499" endline="531" function="DEFINE_TEST" hash="8547686009673247873"></source>
			<source file="../../workspace/dataset/test/test_read_format_rar5.c.ifdefed" startline="462" endline="494" function="DEFINE_TEST" hash="100468826968384500"></source>
		</class>
	</version>
	<version nr="4190" hash="7130b9d4" evolution="Subtract" change="Consistent">
		<class nclones="4">
			<source file="../../workspace/dataset/test/test_read_format_rar5.c.ifdefed" startline="601" endline="624" function="DEFINE_TEST" hash="-6078126743056114776"></source>
			<source file="../../workspace/dataset/test/test_read_format_rar5.c.ifdefed" startline="626" endline="650" function="DEFINE_TEST" hash="-7474407351017562219"></source>
			<source file="../../workspace/dataset/test/test_read_format_rar5.c.ifdefed" startline="652" endline="676" function="DEFINE_TEST" hash="3341655596596879498"></source>
			<source file="../../workspace/dataset/test/test_read_format_rar5.c.ifdefed" startline="678" endline="702" function="DEFINE_TEST" hash="6004209517314565820"></source>
		</class>
	</version>
	<version nr="4200" hash="1f759ffd" evolution="Subtract" change="Consistent">
		<class nclones="2">
			<source file="../../workspace/dataset/test/test_read_format_rar5.c.ifdefed" startline="161" endline="199" function="DEFINE_TEST" hash="-8635180487583506547"></source>
			<source file="../../workspace/dataset/test/test_read_format_rar5.c.ifdefed" startline="207" endline="240" function="DEFINE_TEST" hash="-924873650588945870"></source>
		</class>
	</version>
	<version nr="4200" hash="1f759ffd" evolution="Add" change="Consistent">
		<class nclones="3">
			<source file="../../workspace/dataset/test/test_read_format_rar5.c.ifdefed" startline="242" endline="263" function="DEFINE_TEST" hash="1511826067579429246"></source>
			<source file="../../workspace/dataset/test/test_read_format_rar5.c.ifdefed" startline="287" endline="307" function="DEFINE_TEST" hash="-5462456410249457194"></source>
			<source file="../../workspace/dataset/test/test_read_format_rar5.c.ifdefed" startline="265" endline="285" function="DEFINE_TEST" hash="8850092545105555386"></source>
		</class>
	</version>
	<version nr="4200" hash="1f759ffd" evolution="Subtract" change="Consistent">
		<class nclones="2">
			<source file="../../workspace/dataset/test/test_read_format_rar5.c.ifdefed" startline="353" endline="366" function="DEFINE_TEST" hash="5036731169629722622"></source>
			<source file="../../workspace/dataset/test/test_read_format_rar5.c.ifdefed" startline="389" endline="406" function="DEFINE_TEST" hash="-5944771060903300356"></source>
		</class>
	</version>
	<version nr="4200" hash="1f759ffd" evolution="Same" change="Consistent">
		<class nclones="2">
			<source file="../../workspace/dataset/test/test_read_format_rar5.c.ifdefed" startline="368" endline="387" function="DEFINE_TEST" hash="-5147148771903643293"></source>
			<source file="../../workspace/dataset/test/test_read_format_rar5.c.ifdefed" startline="408" endline="427" function="DEFINE_TEST" hash="963925451352091188"></source>
		</class>
	</version>
	<version nr="4200" hash="1f759ffd" evolution="Add" change="Consistent">
		<class nclones="5">
			<source file="../../workspace/dataset/test/test_read_format_rar5.c.ifdefed" startline="429" endline="460" function="DEFINE_TEST" hash="-2150566513821826892"></source>
			<source file="../../workspace/dataset/test/test_read_format_rar5.c.ifdefed" startline="567" endline="599" function="DEFINE_TEST" hash="707258203383927586"></source>
			<source file="../../workspace/dataset/test/test_read_format_rar5.c.ifdefed" startline="533" endline="565" function="DEFINE_TEST" hash="7954367243403417894"></source>
			<source file="../../workspace/dataset/test/test_read_format_rar5.c.ifdefed" startline="499" endline="531" function="DEFINE_TEST" hash="8547686009673247873"></source>
			<source file="../../workspace/dataset/test/test_read_format_rar5.c.ifdefed" startline="462" endline="494" function="DEFINE_TEST" hash="100468826968384500"></source>
		</class>
	</version>
	<version nr="4200" hash="1f759ffd" evolution="Subtract" change="Consistent">
		<class nclones="4">
			<source file="../../workspace/dataset/test/test_read_format_rar5.c.ifdefed" startline="601" endline="624" function="DEFINE_TEST" hash="-6078126743056114776"></source>
			<source file="../../workspace/dataset/test/test_read_format_rar5.c.ifdefed" startline="626" endline="650" function="DEFINE_TEST" hash="-7474407351017562219"></source>
			<source file="../../workspace/dataset/test/test_read_format_rar5.c.ifdefed" startline="652" endline="676" function="DEFINE_TEST" hash="3341655596596879498"></source>
			<source file="../../workspace/dataset/test/test_read_format_rar5.c.ifdefed" startline="678" endline="702" function="DEFINE_TEST" hash="6004209517314565820"></source>
		</class>
	</version>
	<version nr="4210" hash="9112ff6c" evolution="Subtract" change="Consistent">
		<class nclones="2">
			<source file="../../workspace/dataset/test/test_read_format_rar5.c.ifdefed" startline="161" endline="199" function="DEFINE_TEST" hash="-8635180487583506547"></source>
			<source file="../../workspace/dataset/test/test_read_format_rar5.c.ifdefed" startline="207" endline="240" function="DEFINE_TEST" hash="-924873650588945870"></source>
		</class>
	</version>
	<version nr="4210" hash="9112ff6c" evolution="Add" change="Consistent">
		<class nclones="3">
			<source file="../../workspace/dataset/test/test_read_format_rar5.c.ifdefed" startline="242" endline="263" function="DEFINE_TEST" hash="1511826067579429246"></source>
			<source file="../../workspace/dataset/test/test_read_format_rar5.c.ifdefed" startline="287" endline="307" function="DEFINE_TEST" hash="-5462456410249457194"></source>
			<source file="../../workspace/dataset/test/test_read_format_rar5.c.ifdefed" startline="265" endline="285" function="DEFINE_TEST" hash="8850092545105555386"></source>
		</class>
	</version>
	<version nr="4210" hash="9112ff6c" evolution="Subtract" change="Consistent">
		<class nclones="2">
			<source file="../../workspace/dataset/test/test_read_format_rar5.c.ifdefed" startline="353" endline="366" function="DEFINE_TEST" hash="5036731169629722622"></source>
			<source file="../../workspace/dataset/test/test_read_format_rar5.c.ifdefed" startline="389" endline="406" function="DEFINE_TEST" hash="-5944771060903300356"></source>
		</class>
	</version>
	<version nr="4210" hash="9112ff6c" evolution="Same" change="Consistent">
		<class nclones="2">
			<source file="../../workspace/dataset/test/test_read_format_rar5.c.ifdefed" startline="368" endline="387" function="DEFINE_TEST" hash="-5147148771903643293"></source>
			<source file="../../workspace/dataset/test/test_read_format_rar5.c.ifdefed" startline="408" endline="427" function="DEFINE_TEST" hash="963925451352091188"></source>
		</class>
	</version>
	<version nr="4210" hash="9112ff6c" evolution="Add" change="Consistent">
		<class nclones="5">
			<source file="../../workspace/dataset/test/test_read_format_rar5.c.ifdefed" startline="429" endline="460" function="DEFINE_TEST" hash="-2150566513821826892"></source>
			<source file="../../workspace/dataset/test/test_read_format_rar5.c.ifdefed" startline="499" endline="531" function="DEFINE_TEST" hash="8547686009673247873"></source>
			<source file="../../workspace/dataset/test/test_read_format_rar5.c.ifdefed" startline="462" endline="494" function="DEFINE_TEST" hash="100468826968384500"></source>
			<source file="../../workspace/dataset/test/test_read_format_rar5.c.ifdefed" startline="533" endline="565" function="DEFINE_TEST" hash="7954367243403417894"></source>
			<source file="../../workspace/dataset/test/test_read_format_rar5.c.ifdefed" startline="567" endline="599" function="DEFINE_TEST" hash="707258203383927586"></source>
		</class>
	</version>
	<version nr="4210" hash="9112ff6c" evolution="Subtract" change="Consistent">
		<class nclones="4">
			<source file="../../workspace/dataset/test/test_read_format_rar5.c.ifdefed" startline="601" endline="624" function="DEFINE_TEST" hash="-6078126743056114776"></source>
			<source file="../../workspace/dataset/test/test_read_format_rar5.c.ifdefed" startline="626" endline="650" function="DEFINE_TEST" hash="-7474407351017562219"></source>
			<source file="../../workspace/dataset/test/test_read_format_rar5.c.ifdefed" startline="678" endline="702" function="DEFINE_TEST" hash="6004209517314565820"></source>
			<source file="../../workspace/dataset/test/test_read_format_rar5.c.ifdefed" startline="652" endline="676" function="DEFINE_TEST" hash="3341655596596879498"></source>
		</class>
	</version>
	<version nr="4220" hash="b9d2dd51" evolution="Subtract" change="Consistent">
		<class nclones="2">
			<source file="../../workspace/dataset/test/test_read_format_rar5.c.ifdefed" startline="161" endline="199" function="DEFINE_TEST" hash="-8635180487583506547"></source>
			<source file="../../workspace/dataset/test/test_read_format_rar5.c.ifdefed" startline="207" endline="240" function="DEFINE_TEST" hash="-924873650588945870"></source>
		</class>
	</version>
	<version nr="4220" hash="b9d2dd51" evolution="Add" change="Consistent">
		<class nclones="3">
			<source file="../../workspace/dataset/test/test_read_format_rar5.c.ifdefed" startline="242" endline="263" function="DEFINE_TEST" hash="1511826067579429246"></source>
			<source file="../../workspace/dataset/test/test_read_format_rar5.c.ifdefed" startline="287" endline="307" function="DEFINE_TEST" hash="-5462456410249457194"></source>
			<source file="../../workspace/dataset/test/test_read_format_rar5.c.ifdefed" startline="265" endline="285" function="DEFINE_TEST" hash="8850092545105555386"></source>
		</class>
	</version>
	<version nr="4220" hash="b9d2dd51" evolution="Subtract" change="Consistent">
		<class nclones="2">
			<source file="../../workspace/dataset/test/test_read_format_rar5.c.ifdefed" startline="353" endline="366" function="DEFINE_TEST" hash="5036731169629722622"></source>
			<source file="../../workspace/dataset/test/test_read_format_rar5.c.ifdefed" startline="389" endline="406" function="DEFINE_TEST" hash="-5944771060903300356"></source>
		</class>
	</version>
	<version nr="4220" hash="b9d2dd51" evolution="Same" change="Consistent">
		<class nclones="2">
			<source file="../../workspace/dataset/test/test_read_format_rar5.c.ifdefed" startline="368" endline="387" function="DEFINE_TEST" hash="-5147148771903643293"></source>
			<source file="../../workspace/dataset/test/test_read_format_rar5.c.ifdefed" startline="408" endline="427" function="DEFINE_TEST" hash="963925451352091188"></source>
		</class>
	</version>
	<version nr="4220" hash="b9d2dd51" evolution="Add" change="Consistent">
		<class nclones="5">
			<source file="../../workspace/dataset/test/test_read_format_rar5.c.ifdefed" startline="429" endline="460" function="DEFINE_TEST" hash="-2150566513821826892"></source>
			<source file="../../workspace/dataset/test/test_read_format_rar5.c.ifdefed" startline="499" endline="531" function="DEFINE_TEST" hash="8547686009673247873"></source>
			<source file="../../workspace/dataset/test/test_read_format_rar5.c.ifdefed" startline="533" endline="565" function="DEFINE_TEST" hash="7954367243403417894"></source>
			<source file="../../workspace/dataset/test/test_read_format_rar5.c.ifdefed" startline="567" endline="599" function="DEFINE_TEST" hash="707258203383927586"></source>
			<source file="../../workspace/dataset/test/test_read_format_rar5.c.ifdefed" startline="462" endline="494" function="DEFINE_TEST" hash="100468826968384500"></source>
		</class>
	</version>
	<version nr="4220" hash="b9d2dd51" evolution="Subtract" change="Consistent">
		<class nclones="4">
			<source file="../../workspace/dataset/test/test_read_format_rar5.c.ifdefed" startline="601" endline="624" function="DEFINE_TEST" hash="-6078126743056114776"></source>
			<source file="../../workspace/dataset/test/test_read_format_rar5.c.ifdefed" startline="626" endline="650" function="DEFINE_TEST" hash="-7474407351017562219"></source>
			<source file="../../workspace/dataset/test/test_read_format_rar5.c.ifdefed" startline="652" endline="676" function="DEFINE_TEST" hash="3341655596596879498"></source>
			<source file="../../workspace/dataset/test/test_read_format_rar5.c.ifdefed" startline="678" endline="702" function="DEFINE_TEST" hash="6004209517314565820"></source>
		</class>
	</version>
	<version nr="4230" hash="64e68f20" evolution="Subtract" change="Consistent">
		<class nclones="2">
			<source file="../../workspace/dataset/test/test_read_format_rar5.c.ifdefed" startline="161" endline="199" function="DEFINE_TEST" hash="-8635180487583506547"></source>
			<source file="../../workspace/dataset/test/test_read_format_rar5.c.ifdefed" startline="207" endline="240" function="DEFINE_TEST" hash="-924873650588945870"></source>
		</class>
	</version>
	<version nr="4230" hash="64e68f20" evolution="Add" change="Consistent">
		<class nclones="3">
			<source file="../../workspace/dataset/test/test_read_format_rar5.c.ifdefed" startline="242" endline="263" function="DEFINE_TEST" hash="1511826067579429246"></source>
			<source file="../../workspace/dataset/test/test_read_format_rar5.c.ifdefed" startline="287" endline="307" function="DEFINE_TEST" hash="-5462456410249457194"></source>
			<source file="../../workspace/dataset/test/test_read_format_rar5.c.ifdefed" startline="265" endline="285" function="DEFINE_TEST" hash="8850092545105555386"></source>
		</class>
	</version>
	<version nr="4230" hash="64e68f20" evolution="Subtract" change="Consistent">
		<class nclones="2">
			<source file="../../workspace/dataset/test/test_read_format_rar5.c.ifdefed" startline="353" endline="366" function="DEFINE_TEST" hash="5036731169629722622"></source>
			<source file="../../workspace/dataset/test/test_read_format_rar5.c.ifdefed" startline="389" endline="406" function="DEFINE_TEST" hash="-5944771060903300356"></source>
		</class>
	</version>
	<version nr="4230" hash="64e68f20" evolution="Same" change="Consistent">
		<class nclones="2">
			<source file="../../workspace/dataset/test/test_read_format_rar5.c.ifdefed" startline="368" endline="387" function="DEFINE_TEST" hash="-5147148771903643293"></source>
			<source file="../../workspace/dataset/test/test_read_format_rar5.c.ifdefed" startline="408" endline="427" function="DEFINE_TEST" hash="963925451352091188"></source>
		</class>
	</version>
	<version nr="4230" hash="64e68f20" evolution="Add" change="Consistent">
		<class nclones="5">
			<source file="../../workspace/dataset/test/test_read_format_rar5.c.ifdefed" startline="429" endline="460" function="DEFINE_TEST" hash="-2150566513821826892"></source>
			<source file="../../workspace/dataset/test/test_read_format_rar5.c.ifdefed" startline="499" endline="531" function="DEFINE_TEST" hash="8547686009673247873"></source>
			<source file="../../workspace/dataset/test/test_read_format_rar5.c.ifdefed" startline="462" endline="494" function="DEFINE_TEST" hash="100468826968384500"></source>
			<source file="../../workspace/dataset/test/test_read_format_rar5.c.ifdefed" startline="533" endline="565" function="DEFINE_TEST" hash="7954367243403417894"></source>
			<source file="../../workspace/dataset/test/test_read_format_rar5.c.ifdefed" startline="567" endline="599" function="DEFINE_TEST" hash="707258203383927586"></source>
		</class>
	</version>
	<version nr="4230" hash="64e68f20" evolution="Subtract" change="Consistent">
		<class nclones="4">
			<source file="../../workspace/dataset/test/test_read_format_rar5.c.ifdefed" startline="601" endline="624" function="DEFINE_TEST" hash="-6078126743056114776"></source>
			<source file="../../workspace/dataset/test/test_read_format_rar5.c.ifdefed" startline="678" endline="702" function="DEFINE_TEST" hash="6004209517314565820"></source>
			<source file="../../workspace/dataset/test/test_read_format_rar5.c.ifdefed" startline="652" endline="676" function="DEFINE_TEST" hash="3341655596596879498"></source>
			<source file="../../workspace/dataset/test/test_read_format_rar5.c.ifdefed" startline="626" endline="650" function="DEFINE_TEST" hash="-7474407351017562219"></source>
		</class>
	</version>
	<version nr="4240" hash="d91ef581" evolution="Subtract" change="Consistent">
		<class nclones="2">
			<source file="../../workspace/dataset/test/test_read_format_rar5.c.ifdefed" startline="176" endline="214" function="DEFINE_TEST" hash="-8635180487583506547"></source>
			<source file="../../workspace/dataset/test/test_read_format_rar5.c.ifdefed" startline="222" endline="255" function="DEFINE_TEST" hash="-924873650588945870"></source>
		</class>
	</version>
	<version nr="4240" hash="d91ef581" evolution="Add" change="Consistent">
		<class nclones="3">
			<source file="../../workspace/dataset/test/test_read_format_rar5.c.ifdefed" startline="257" endline="278" function="DEFINE_TEST" hash="1511826067579429246"></source>
			<source file="../../workspace/dataset/test/test_read_format_rar5.c.ifdefed" startline="280" endline="300" function="DEFINE_TEST" hash="8850092545105555386"></source>
			<source file="../../workspace/dataset/test/test_read_format_rar5.c.ifdefed" startline="302" endline="322" function="DEFINE_TEST" hash="-5462456410249457194"></source>
		</class>
	</version>
	<version nr="4240" hash="d91ef581" evolution="Subtract" change="Consistent">
		<class nclones="2">
			<source file="../../workspace/dataset/test/test_read_format_rar5.c.ifdefed" startline="368" endline="381" function="DEFINE_TEST" hash="5036731169629722622"></source>
			<source file="../../workspace/dataset/test/test_read_format_rar5.c.ifdefed" startline="404" endline="421" function="DEFINE_TEST" hash="-5944771060903300356"></source>
		</class>
	</version>
	<version nr="4240" hash="d91ef581" evolution="Same" change="Consistent">
		<class nclones="2">
			<source file="../../workspace/dataset/test/test_read_format_rar5.c.ifdefed" startline="383" endline="402" function="DEFINE_TEST" hash="-5147148771903643293"></source>
			<source file="../../workspace/dataset/test/test_read_format_rar5.c.ifdefed" startline="423" endline="442" function="DEFINE_TEST" hash="963925451352091188"></source>
		</class>
	</version>
	<version nr="4240" hash="d91ef581" evolution="Add" change="Consistent">
		<class nclones="6">
			<source file="../../workspace/dataset/test/test_read_format_rar5.c.ifdefed" startline="444" endline="493" function="DEFINE_TEST" hash="272967135481722933"></source>
			<source file="../../workspace/dataset/test/test_read_format_rar5.c.ifdefed" startline="633" endline="665" function="DEFINE_TEST" hash="707258203383927586"></source>
			<source file="../../workspace/dataset/test/test_read_format_rar5.c.ifdefed" startline="599" endline="631" function="DEFINE_TEST" hash="7954367243403417894"></source>
			<source file="../../workspace/dataset/test/test_read_format_rar5.c.ifdefed" startline="565" endline="597" function="DEFINE_TEST" hash="8547686009673247873"></source>
			<source file="../../workspace/dataset/test/test_read_format_rar5.c.ifdefed" startline="528" endline="560" function="DEFINE_TEST" hash="100468826968384500"></source>
			<source file="../../workspace/dataset/test/test_read_format_rar5.c.ifdefed" startline="495" endline="526" function="DEFINE_TEST" hash="-2150566513821826892"></source>
		</class>
	</version>
	<version nr="4240" hash="d91ef581" evolution="Subtract" change="Consistent">
		<class nclones="4">
			<source file="../../workspace/dataset/test/test_read_format_rar5.c.ifdefed" startline="667" endline="690" function="DEFINE_TEST" hash="-6078126743056114776"></source>
			<source file="../../workspace/dataset/test/test_read_format_rar5.c.ifdefed" startline="692" endline="716" function="DEFINE_TEST" hash="-7474407351017562219"></source>
			<source file="../../workspace/dataset/test/test_read_format_rar5.c.ifdefed" startline="744" endline="768" function="DEFINE_TEST" hash="6004209517314565820"></source>
			<source file="../../workspace/dataset/test/test_read_format_rar5.c.ifdefed" startline="718" endline="742" function="DEFINE_TEST" hash="3341655596596879498"></source>
		</class>
	</version>
	<version nr="4250" hash="9d9fb860" evolution="Subtract" change="Consistent">
		<class nclones="2">
			<source file="../../workspace/dataset/test/test_read_format_rar5.c.ifdefed" startline="176" endline="214" function="DEFINE_TEST" hash="2336200488222386863"></source>
			<source file="../../workspace/dataset/test/test_read_format_rar5.c.ifdefed" startline="222" endline="255" function="DEFINE_TEST" hash="2179452207199940858"></source>
		</class>
	</version>
	<version nr="4250" hash="9d9fb860" evolution="Add" change="Consistent">
		<class nclones="3">
			<source file="../../workspace/dataset/test/test_read_format_rar5.c.ifdefed" startline="257" endline="278" function="DEFINE_TEST" hash="-3155732870078503148"></source>
			<source file="../../workspace/dataset/test/test_read_format_rar5.c.ifdefed" startline="280" endline="300" function="DEFINE_TEST" hash="1486593804724127498"></source>
			<source file="../../workspace/dataset/test/test_read_format_rar5.c.ifdefed" startline="302" endline="322" function="DEFINE_TEST" hash="5257931886937617908"></source>
		</class>
	</version>
	<version nr="4250" hash="9d9fb860" evolution="Subtract" change="Consistent">
		<class nclones="2">
			<source file="../../workspace/dataset/test/test_read_format_rar5.c.ifdefed" startline="368" endline="381" function="DEFINE_TEST" hash="-5596774136484654884"></source>
			<source file="../../workspace/dataset/test/test_read_format_rar5.c.ifdefed" startline="404" endline="421" function="DEFINE_TEST" hash="1382319956880227790"></source>
		</class>
	</version>
	<version nr="4250" hash="9d9fb860" evolution="Same" change="Consistent">
		<class nclones="2">
			<source file="../../workspace/dataset/test/test_read_format_rar5.c.ifdefed" startline="383" endline="402" function="DEFINE_TEST" hash="3481842277602943337"></source>
			<source file="../../workspace/dataset/test/test_read_format_rar5.c.ifdefed" startline="423" endline="442" function="DEFINE_TEST" hash="1364812719118981350"></source>
		</class>
	</version>
	<version nr="4250" hash="9d9fb860" evolution="Add" change="Consistent">
		<class nclones="6">
			<source file="../../workspace/dataset/test/test_read_format_rar5.c.ifdefed" startline="444" endline="493" function="DEFINE_TEST" hash="-4879276686955849715"></source>
			<source file="../../workspace/dataset/test/test_read_format_rar5.c.ifdefed" startline="633" endline="665" function="DEFINE_TEST" hash="8652217314191141382"></source>
			<source file="../../workspace/dataset/test/test_read_format_rar5.c.ifdefed" startline="599" endline="631" function="DEFINE_TEST" hash="1799223906228681686"></source>
			<source file="../../workspace/dataset/test/test_read_format_rar5.c.ifdefed" startline="565" endline="597" function="DEFINE_TEST" hash="3302190135027431413"></source>
			<source file="../../workspace/dataset/test/test_read_format_rar5.c.ifdefed" startline="495" endline="526" function="DEFINE_TEST" hash="844680184714347970"></source>
			<source file="../../workspace/dataset/test/test_read_format_rar5.c.ifdefed" startline="528" endline="560" function="DEFINE_TEST" hash="-8967433142735888920"></source>
		</class>
	</version>
	<version nr="4250" hash="9d9fb860" evolution="Subtract" change="Consistent">
		<class nclones="4">
			<source file="../../workspace/dataset/test/test_read_format_rar5.c.ifdefed" startline="667" endline="690" function="DEFINE_TEST" hash="-1832327591188477962"></source>
			<source file="../../workspace/dataset/test/test_read_format_rar5.c.ifdefed" startline="692" endline="716" function="DEFINE_TEST" hash="-3851536546335032321"></source>
			<source file="../../workspace/dataset/test/test_read_format_rar5.c.ifdefed" startline="718" endline="742" function="DEFINE_TEST" hash="4543828904368708796"></source>
			<source file="../../workspace/dataset/test/test_read_format_rar5.c.ifdefed" startline="744" endline="768" function="DEFINE_TEST" hash="6418441385990393826"></source>
		</class>
	</version>
	<version nr="4260" hash="074152e6" evolution="Subtract" change="Consistent">
		<class nclones="2">
			<source file="../../workspace/dataset/test/test_read_format_rar5.c.ifdefed" startline="176" endline="214" function="DEFINE_TEST" hash="2336200488222386863"></source>
			<source file="../../workspace/dataset/test/test_read_format_rar5.c.ifdefed" startline="222" endline="255" function="DEFINE_TEST" hash="2179452207199940858"></source>
		</class>
	</version>
	<version nr="4260" hash="074152e6" evolution="Add" change="Consistent">
		<class nclones="3">
			<source file="../../workspace/dataset/test/test_read_format_rar5.c.ifdefed" startline="257" endline="278" function="DEFINE_TEST" hash="-3155732870078503148"></source>
			<source file="../../workspace/dataset/test/test_read_format_rar5.c.ifdefed" startline="280" endline="300" function="DEFINE_TEST" hash="1486593804724127498"></source>
			<source file="../../workspace/dataset/test/test_read_format_rar5.c.ifdefed" startline="302" endline="322" function="DEFINE_TEST" hash="5257931886937617908"></source>
		</class>
	</version>
	<version nr="4260" hash="074152e6" evolution="Subtract" change="Consistent">
		<class nclones="2">
			<source file="../../workspace/dataset/test/test_read_format_rar5.c.ifdefed" startline="368" endline="381" function="DEFINE_TEST" hash="-5596774136484654884"></source>
			<source file="../../workspace/dataset/test/test_read_format_rar5.c.ifdefed" startline="404" endline="421" function="DEFINE_TEST" hash="1382319956880227790"></source>
		</class>
	</version>
	<version nr="4260" hash="074152e6" evolution="Same" change="Consistent">
		<class nclones="2">
			<source file="../../workspace/dataset/test/test_read_format_rar5.c.ifdefed" startline="383" endline="402" function="DEFINE_TEST" hash="3481842277602943337"></source>
			<source file="../../workspace/dataset/test/test_read_format_rar5.c.ifdefed" startline="423" endline="442" function="DEFINE_TEST" hash="1364812719118981350"></source>
		</class>
	</version>
	<version nr="4260" hash="074152e6" evolution="Add" change="Consistent">
		<class nclones="6">
			<source file="../../workspace/dataset/test/test_read_format_rar5.c.ifdefed" startline="444" endline="493" function="DEFINE_TEST" hash="-4879276686955849715"></source>
			<source file="../../workspace/dataset/test/test_read_format_rar5.c.ifdefed" startline="495" endline="526" function="DEFINE_TEST" hash="844680184714347970"></source>
			<source file="../../workspace/dataset/test/test_read_format_rar5.c.ifdefed" startline="633" endline="665" function="DEFINE_TEST" hash="8652217314191141382"></source>
			<source file="../../workspace/dataset/test/test_read_format_rar5.c.ifdefed" startline="565" endline="597" function="DEFINE_TEST" hash="3302190135027431413"></source>
			<source file="../../workspace/dataset/test/test_read_format_rar5.c.ifdefed" startline="599" endline="631" function="DEFINE_TEST" hash="1799223906228681686"></source>
			<source file="../../workspace/dataset/test/test_read_format_rar5.c.ifdefed" startline="528" endline="560" function="DEFINE_TEST" hash="-8967433142735888920"></source>
		</class>
	</version>
	<version nr="4260" hash="074152e6" evolution="Subtract" change="Consistent">
		<class nclones="4">
			<source file="../../workspace/dataset/test/test_read_format_rar5.c.ifdefed" startline="667" endline="690" function="DEFINE_TEST" hash="-1832327591188477962"></source>
			<source file="../../workspace/dataset/test/test_read_format_rar5.c.ifdefed" startline="744" endline="768" function="DEFINE_TEST" hash="6418441385990393826"></source>
			<source file="../../workspace/dataset/test/test_read_format_rar5.c.ifdefed" startline="692" endline="716" function="DEFINE_TEST" hash="-3851536546335032321"></source>
			<source file="../../workspace/dataset/test/test_read_format_rar5.c.ifdefed" startline="718" endline="742" function="DEFINE_TEST" hash="4543828904368708796"></source>
		</class>
	</version>
	<version nr="4270" hash="9c900692" evolution="Subtract" change="Consistent">
		<class nclones="2">
			<source file="../../workspace/dataset/test/test_read_format_rar5.c.ifdefed" startline="176" endline="214" function="DEFINE_TEST" hash="2336200488222386863"></source>
			<source file="../../workspace/dataset/test/test_read_format_rar5.c.ifdefed" startline="222" endline="255" function="DEFINE_TEST" hash="2179452207199940858"></source>
		</class>
	</version>
	<version nr="4270" hash="9c900692" evolution="Add" change="Consistent">
		<class nclones="3">
			<source file="../../workspace/dataset/test/test_read_format_rar5.c.ifdefed" startline="257" endline="278" function="DEFINE_TEST" hash="-3155732870078503148"></source>
			<source file="../../workspace/dataset/test/test_read_format_rar5.c.ifdefed" startline="302" endline="322" function="DEFINE_TEST" hash="5257931886937617908"></source>
			<source file="../../workspace/dataset/test/test_read_format_rar5.c.ifdefed" startline="280" endline="300" function="DEFINE_TEST" hash="1486593804724127498"></source>
		</class>
	</version>
	<version nr="4270" hash="9c900692" evolution="Subtract" change="Consistent">
		<class nclones="2">
			<source file="../../workspace/dataset/test/test_read_format_rar5.c.ifdefed" startline="368" endline="381" function="DEFINE_TEST" hash="-5596774136484654884"></source>
			<source file="../../workspace/dataset/test/test_read_format_rar5.c.ifdefed" startline="404" endline="421" function="DEFINE_TEST" hash="1382319956880227790"></source>
		</class>
	</version>
	<version nr="4270" hash="9c900692" evolution="Same" change="Consistent">
		<class nclones="2">
			<source file="../../workspace/dataset/test/test_read_format_rar5.c.ifdefed" startline="383" endline="402" function="DEFINE_TEST" hash="3481842277602943337"></source>
			<source file="../../workspace/dataset/test/test_read_format_rar5.c.ifdefed" startline="423" endline="442" function="DEFINE_TEST" hash="1364812719118981350"></source>
		</class>
	</version>
	<version nr="4270" hash="9c900692" evolution="Add" change="Consistent">
		<class nclones="6">
			<source file="../../workspace/dataset/test/test_read_format_rar5.c.ifdefed" startline="444" endline="493" function="DEFINE_TEST" hash="-4879276686955849715"></source>
			<source file="../../workspace/dataset/test/test_read_format_rar5.c.ifdefed" startline="633" endline="665" function="DEFINE_TEST" hash="8652217314191141382"></source>
			<source file="../../workspace/dataset/test/test_read_format_rar5.c.ifdefed" startline="565" endline="597" function="DEFINE_TEST" hash="3302190135027431413"></source>
			<source file="../../workspace/dataset/test/test_read_format_rar5.c.ifdefed" startline="528" endline="560" function="DEFINE_TEST" hash="-8967433142735888920"></source>
			<source file="../../workspace/dataset/test/test_read_format_rar5.c.ifdefed" startline="495" endline="526" function="DEFINE_TEST" hash="844680184714347970"></source>
			<source file="../../workspace/dataset/test/test_read_format_rar5.c.ifdefed" startline="599" endline="631" function="DEFINE_TEST" hash="1799223906228681686"></source>
		</class>
	</version>
	<version nr="4270" hash="9c900692" evolution="Subtract" change="Consistent">
		<class nclones="4">
			<source file="../../workspace/dataset/test/test_read_format_rar5.c.ifdefed" startline="667" endline="690" function="DEFINE_TEST" hash="-1832327591188477962"></source>
			<source file="../../workspace/dataset/test/test_read_format_rar5.c.ifdefed" startline="744" endline="768" function="DEFINE_TEST" hash="6418441385990393826"></source>
			<source file="../../workspace/dataset/test/test_read_format_rar5.c.ifdefed" startline="692" endline="716" function="DEFINE_TEST" hash="-3851536546335032321"></source>
			<source file="../../workspace/dataset/test/test_read_format_rar5.c.ifdefed" startline="718" endline="742" function="DEFINE_TEST" hash="4543828904368708796"></source>
		</class>
	</version>
	<version nr="4280" hash="2bdae161" evolution="Subtract" change="Consistent">
		<class nclones="2">
			<source file="../../workspace/dataset/test/test_read_format_rar5.c.ifdefed" startline="176" endline="214" function="DEFINE_TEST" hash="2336200488222386863"></source>
			<source file="../../workspace/dataset/test/test_read_format_rar5.c.ifdefed" startline="222" endline="255" function="DEFINE_TEST" hash="2179452207199940858"></source>
		</class>
	</version>
	<version nr="4280" hash="2bdae161" evolution="Add" change="Consistent">
		<class nclones="3">
			<source file="../../workspace/dataset/test/test_read_format_rar5.c.ifdefed" startline="257" endline="278" function="DEFINE_TEST" hash="-3155732870078503148"></source>
			<source file="../../workspace/dataset/test/test_read_format_rar5.c.ifdefed" startline="280" endline="300" function="DEFINE_TEST" hash="1486593804724127498"></source>
			<source file="../../workspace/dataset/test/test_read_format_rar5.c.ifdefed" startline="302" endline="322" function="DEFINE_TEST" hash="5257931886937617908"></source>
		</class>
	</version>
	<version nr="4280" hash="2bdae161" evolution="Subtract" change="Consistent">
		<class nclones="2">
			<source file="../../workspace/dataset/test/test_read_format_rar5.c.ifdefed" startline="368" endline="381" function="DEFINE_TEST" hash="-5596774136484654884"></source>
			<source file="../../workspace/dataset/test/test_read_format_rar5.c.ifdefed" startline="404" endline="421" function="DEFINE_TEST" hash="1382319956880227790"></source>
		</class>
	</version>
	<version nr="4280" hash="2bdae161" evolution="Same" change="Consistent">
		<class nclones="2">
			<source file="../../workspace/dataset/test/test_read_format_rar5.c.ifdefed" startline="383" endline="402" function="DEFINE_TEST" hash="3481842277602943337"></source>
			<source file="../../workspace/dataset/test/test_read_format_rar5.c.ifdefed" startline="423" endline="442" function="DEFINE_TEST" hash="1364812719118981350"></source>
		</class>
	</version>
	<version nr="4280" hash="2bdae161" evolution="Add" change="Consistent">
		<class nclones="6">
			<source file="../../workspace/dataset/test/test_read_format_rar5.c.ifdefed" startline="444" endline="493" function="DEFINE_TEST" hash="-4879276686955849715"></source>
			<source file="../../workspace/dataset/test/test_read_format_rar5.c.ifdefed" startline="599" endline="631" function="DEFINE_TEST" hash="1799223906228681686"></source>
			<source file="../../workspace/dataset/test/test_read_format_rar5.c.ifdefed" startline="528" endline="560" function="DEFINE_TEST" hash="-8967433142735888920"></source>
			<source file="../../workspace/dataset/test/test_read_format_rar5.c.ifdefed" startline="495" endline="526" function="DEFINE_TEST" hash="844680184714347970"></source>
			<source file="../../workspace/dataset/test/test_read_format_rar5.c.ifdefed" startline="633" endline="665" function="DEFINE_TEST" hash="8652217314191141382"></source>
			<source file="../../workspace/dataset/test/test_read_format_rar5.c.ifdefed" startline="565" endline="597" function="DEFINE_TEST" hash="3302190135027431413"></source>
		</class>
	</version>
	<version nr="4280" hash="2bdae161" evolution="Subtract" change="Consistent">
		<class nclones="4">
			<source file="../../workspace/dataset/test/test_read_format_rar5.c.ifdefed" startline="667" endline="690" function="DEFINE_TEST" hash="-1832327591188477962"></source>
			<source file="../../workspace/dataset/test/test_read_format_rar5.c.ifdefed" startline="718" endline="742" function="DEFINE_TEST" hash="4543828904368708796"></source>
			<source file="../../workspace/dataset/test/test_read_format_rar5.c.ifdefed" startline="692" endline="716" function="DEFINE_TEST" hash="-3851536546335032321"></source>
			<source file="../../workspace/dataset/test/test_read_format_rar5.c.ifdefed" startline="744" endline="768" function="DEFINE_TEST" hash="6418441385990393826"></source>
		</class>
	</version>
	<version nr="4290" hash="b6655592" evolution="Subtract" change="Consistent">
		<class nclones="2">
			<source file="../../workspace/dataset/test/test_read_format_rar5.c.ifdefed" startline="176" endline="214" function="DEFINE_TEST" hash="2336200488222386863"></source>
			<source file="../../workspace/dataset/test/test_read_format_rar5.c.ifdefed" startline="222" endline="255" function="DEFINE_TEST" hash="2179452207199940858"></source>
		</class>
	</version>
	<version nr="4290" hash="b6655592" evolution="Add" change="Consistent">
		<class nclones="3">
			<source file="../../workspace/dataset/test/test_read_format_rar5.c.ifdefed" startline="257" endline="278" function="DEFINE_TEST" hash="-3155732870078503148"></source>
			<source file="../../workspace/dataset/test/test_read_format_rar5.c.ifdefed" startline="280" endline="300" function="DEFINE_TEST" hash="1486593804724127498"></source>
			<source file="../../workspace/dataset/test/test_read_format_rar5.c.ifdefed" startline="302" endline="322" function="DEFINE_TEST" hash="5257931886937617908"></source>
		</class>
	</version>
	<version nr="4290" hash="b6655592" evolution="Subtract" change="Consistent">
		<class nclones="2">
			<source file="../../workspace/dataset/test/test_read_format_rar5.c.ifdefed" startline="368" endline="381" function="DEFINE_TEST" hash="-5596774136484654884"></source>
			<source file="../../workspace/dataset/test/test_read_format_rar5.c.ifdefed" startline="404" endline="421" function="DEFINE_TEST" hash="1382319956880227790"></source>
		</class>
	</version>
	<version nr="4290" hash="b6655592" evolution="Same" change="Consistent">
		<class nclones="2">
			<source file="../../workspace/dataset/test/test_read_format_rar5.c.ifdefed" startline="383" endline="402" function="DEFINE_TEST" hash="3481842277602943337"></source>
			<source file="../../workspace/dataset/test/test_read_format_rar5.c.ifdefed" startline="423" endline="442" function="DEFINE_TEST" hash="1364812719118981350"></source>
		</class>
	</version>
	<version nr="4290" hash="b6655592" evolution="Add" change="Consistent">
		<class nclones="6">
			<source file="../../workspace/dataset/test/test_read_format_rar5.c.ifdefed" startline="444" endline="493" function="DEFINE_TEST" hash="-4879276686955849715"></source>
			<source file="../../workspace/dataset/test/test_read_format_rar5.c.ifdefed" startline="633" endline="665" function="DEFINE_TEST" hash="8652217314191141382"></source>
			<source file="../../workspace/dataset/test/test_read_format_rar5.c.ifdefed" startline="565" endline="597" function="DEFINE_TEST" hash="3302190135027431413"></source>
			<source file="../../workspace/dataset/test/test_read_format_rar5.c.ifdefed" startline="599" endline="631" function="DEFINE_TEST" hash="1799223906228681686"></source>
			<source file="../../workspace/dataset/test/test_read_format_rar5.c.ifdefed" startline="528" endline="560" function="DEFINE_TEST" hash="-8967433142735888920"></source>
			<source file="../../workspace/dataset/test/test_read_format_rar5.c.ifdefed" startline="495" endline="526" function="DEFINE_TEST" hash="844680184714347970"></source>
		</class>
	</version>
	<version nr="4290" hash="b6655592" evolution="Subtract" change="Consistent">
		<class nclones="4">
			<source file="../../workspace/dataset/test/test_read_format_rar5.c.ifdefed" startline="667" endline="690" function="DEFINE_TEST" hash="-1832327591188477962"></source>
			<source file="../../workspace/dataset/test/test_read_format_rar5.c.ifdefed" startline="718" endline="742" function="DEFINE_TEST" hash="4543828904368708796"></source>
			<source file="../../workspace/dataset/test/test_read_format_rar5.c.ifdefed" startline="692" endline="716" function="DEFINE_TEST" hash="-3851536546335032321"></source>
			<source file="../../workspace/dataset/test/test_read_format_rar5.c.ifdefed" startline="744" endline="768" function="DEFINE_TEST" hash="6418441385990393826"></source>
		</class>
	</version>
	<version nr="4300" hash="a40dd3af" evolution="Subtract" change="Consistent">
		<class nclones="2">
			<source file="../../workspace/dataset/test/test_read_format_rar5.c.ifdefed" startline="176" endline="214" function="DEFINE_TEST" hash="2336200488222386863"></source>
			<source file="../../workspace/dataset/test/test_read_format_rar5.c.ifdefed" startline="222" endline="255" function="DEFINE_TEST" hash="2179452207199940858"></source>
		</class>
	</version>
	<version nr="4300" hash="a40dd3af" evolution="Add" change="Consistent">
		<class nclones="3">
			<source file="../../workspace/dataset/test/test_read_format_rar5.c.ifdefed" startline="257" endline="278" function="DEFINE_TEST" hash="-3155732870078503148"></source>
			<source file="../../workspace/dataset/test/test_read_format_rar5.c.ifdefed" startline="280" endline="300" function="DEFINE_TEST" hash="1486593804724127498"></source>
			<source file="../../workspace/dataset/test/test_read_format_rar5.c.ifdefed" startline="302" endline="322" function="DEFINE_TEST" hash="5257931886937617908"></source>
		</class>
	</version>
	<version nr="4300" hash="a40dd3af" evolution="Subtract" change="Consistent">
		<class nclones="2">
			<source file="../../workspace/dataset/test/test_read_format_rar5.c.ifdefed" startline="368" endline="381" function="DEFINE_TEST" hash="-5596774136484654884"></source>
			<source file="../../workspace/dataset/test/test_read_format_rar5.c.ifdefed" startline="404" endline="421" function="DEFINE_TEST" hash="1382319956880227790"></source>
		</class>
	</version>
	<version nr="4300" hash="a40dd3af" evolution="Same" change="Consistent">
		<class nclones="2">
			<source file="../../workspace/dataset/test/test_read_format_rar5.c.ifdefed" startline="383" endline="402" function="DEFINE_TEST" hash="3481842277602943337"></source>
			<source file="../../workspace/dataset/test/test_read_format_rar5.c.ifdefed" startline="423" endline="442" function="DEFINE_TEST" hash="1364812719118981350"></source>
		</class>
	</version>
	<version nr="4300" hash="a40dd3af" evolution="Add" change="Consistent">
		<class nclones="6">
			<source file="../../workspace/dataset/test/test_read_format_rar5.c.ifdefed" startline="444" endline="493" function="DEFINE_TEST" hash="-4879276686955849715"></source>
			<source file="../../workspace/dataset/test/test_read_format_rar5.c.ifdefed" startline="633" endline="665" function="DEFINE_TEST" hash="8652217314191141382"></source>
			<source file="../../workspace/dataset/test/test_read_format_rar5.c.ifdefed" startline="565" endline="597" function="DEFINE_TEST" hash="3302190135027431413"></source>
			<source file="../../workspace/dataset/test/test_read_format_rar5.c.ifdefed" startline="599" endline="631" function="DEFINE_TEST" hash="1799223906228681686"></source>
			<source file="../../workspace/dataset/test/test_read_format_rar5.c.ifdefed" startline="528" endline="560" function="DEFINE_TEST" hash="-8967433142735888920"></source>
			<source file="../../workspace/dataset/test/test_read_format_rar5.c.ifdefed" startline="495" endline="526" function="DEFINE_TEST" hash="844680184714347970"></source>
		</class>
	</version>
	<version nr="4300" hash="a40dd3af" evolution="Subtract" change="Consistent">
		<class nclones="4">
			<source file="../../workspace/dataset/test/test_read_format_rar5.c.ifdefed" startline="667" endline="690" function="DEFINE_TEST" hash="-1832327591188477962"></source>
			<source file="../../workspace/dataset/test/test_read_format_rar5.c.ifdefed" startline="718" endline="742" function="DEFINE_TEST" hash="4543828904368708796"></source>
			<source file="../../workspace/dataset/test/test_read_format_rar5.c.ifdefed" startline="692" endline="716" function="DEFINE_TEST" hash="-3851536546335032321"></source>
			<source file="../../workspace/dataset/test/test_read_format_rar5.c.ifdefed" startline="744" endline="768" function="DEFINE_TEST" hash="6418441385990393826"></source>
		</class>
	</version>
	<version nr="4310" hash="d6d3799d" evolution="Subtract" change="Consistent">
		<class nclones="2">
			<source file="../../workspace/dataset/test/test_read_format_rar5.c.ifdefed" startline="176" endline="214" function="DEFINE_TEST" hash="2336200488222386863"></source>
			<source file="../../workspace/dataset/test/test_read_format_rar5.c.ifdefed" startline="222" endline="255" function="DEFINE_TEST" hash="2179452207199940858"></source>
		</class>
	</version>
	<version nr="4310" hash="d6d3799d" evolution="Add" change="Consistent">
		<class nclones="3">
			<source file="../../workspace/dataset/test/test_read_format_rar5.c.ifdefed" startline="257" endline="278" function="DEFINE_TEST" hash="-3155732870078503148"></source>
			<source file="../../workspace/dataset/test/test_read_format_rar5.c.ifdefed" startline="302" endline="322" function="DEFINE_TEST" hash="5257931886937617908"></source>
			<source file="../../workspace/dataset/test/test_read_format_rar5.c.ifdefed" startline="280" endline="300" function="DEFINE_TEST" hash="1486593804724127498"></source>
		</class>
	</version>
	<version nr="4310" hash="d6d3799d" evolution="Subtract" change="Consistent">
		<class nclones="2">
			<source file="../../workspace/dataset/test/test_read_format_rar5.c.ifdefed" startline="368" endline="381" function="DEFINE_TEST" hash="-5596774136484654884"></source>
			<source file="../../workspace/dataset/test/test_read_format_rar5.c.ifdefed" startline="404" endline="421" function="DEFINE_TEST" hash="1382319956880227790"></source>
		</class>
	</version>
	<version nr="4310" hash="d6d3799d" evolution="Same" change="Consistent">
		<class nclones="2">
			<source file="../../workspace/dataset/test/test_read_format_rar5.c.ifdefed" startline="383" endline="402" function="DEFINE_TEST" hash="3481842277602943337"></source>
			<source file="../../workspace/dataset/test/test_read_format_rar5.c.ifdefed" startline="423" endline="442" function="DEFINE_TEST" hash="1364812719118981350"></source>
		</class>
	</version>
	<version nr="4310" hash="d6d3799d" evolution="Add" change="Consistent">
		<class nclones="6">
			<source file="../../workspace/dataset/test/test_read_format_rar5.c.ifdefed" startline="444" endline="493" function="DEFINE_TEST" hash="-4879276686955849715"></source>
			<source file="../../workspace/dataset/test/test_read_format_rar5.c.ifdefed" startline="633" endline="665" function="DEFINE_TEST" hash="8652217314191141382"></source>
			<source file="../../workspace/dataset/test/test_read_format_rar5.c.ifdefed" startline="495" endline="526" function="DEFINE_TEST" hash="844680184714347970"></source>
			<source file="../../workspace/dataset/test/test_read_format_rar5.c.ifdefed" startline="599" endline="631" function="DEFINE_TEST" hash="1799223906228681686"></source>
			<source file="../../workspace/dataset/test/test_read_format_rar5.c.ifdefed" startline="528" endline="560" function="DEFINE_TEST" hash="-8967433142735888920"></source>
			<source file="../../workspace/dataset/test/test_read_format_rar5.c.ifdefed" startline="565" endline="597" function="DEFINE_TEST" hash="3302190135027431413"></source>
		</class>
	</version>
	<version nr="4310" hash="d6d3799d" evolution="Subtract" change="Consistent">
		<class nclones="4">
			<source file="../../workspace/dataset/test/test_read_format_rar5.c.ifdefed" startline="667" endline="690" function="DEFINE_TEST" hash="-1832327591188477962"></source>
			<source file="../../workspace/dataset/test/test_read_format_rar5.c.ifdefed" startline="744" endline="768" function="DEFINE_TEST" hash="6418441385990393826"></source>
			<source file="../../workspace/dataset/test/test_read_format_rar5.c.ifdefed" startline="692" endline="716" function="DEFINE_TEST" hash="-3851536546335032321"></source>
			<source file="../../workspace/dataset/test/test_read_format_rar5.c.ifdefed" startline="718" endline="742" function="DEFINE_TEST" hash="4543828904368708796"></source>
		</class>
	</version>
	<version nr="4320" hash="646f6201" evolution="Subtract" change="Consistent">
		<class nclones="2">
			<source file="../../workspace/dataset/test/test_read_format_rar5.c.ifdefed" startline="176" endline="214" function="DEFINE_TEST" hash="2336200488222386863"></source>
			<source file="../../workspace/dataset/test/test_read_format_rar5.c.ifdefed" startline="222" endline="255" function="DEFINE_TEST" hash="2179452207199940858"></source>
		</class>
	</version>
	<version nr="4320" hash="646f6201" evolution="Add" change="Consistent">
		<class nclones="3">
			<source file="../../workspace/dataset/test/test_read_format_rar5.c.ifdefed" startline="257" endline="278" function="DEFINE_TEST" hash="-3155732870078503148"></source>
			<source file="../../workspace/dataset/test/test_read_format_rar5.c.ifdefed" startline="280" endline="300" function="DEFINE_TEST" hash="1486593804724127498"></source>
			<source file="../../workspace/dataset/test/test_read_format_rar5.c.ifdefed" startline="302" endline="322" function="DEFINE_TEST" hash="5257931886937617908"></source>
		</class>
	</version>
	<version nr="4320" hash="646f6201" evolution="Subtract" change="Consistent">
		<class nclones="2">
			<source file="../../workspace/dataset/test/test_read_format_rar5.c.ifdefed" startline="368" endline="381" function="DEFINE_TEST" hash="-5596774136484654884"></source>
			<source file="../../workspace/dataset/test/test_read_format_rar5.c.ifdefed" startline="404" endline="421" function="DEFINE_TEST" hash="1382319956880227790"></source>
		</class>
	</version>
	<version nr="4320" hash="646f6201" evolution="Same" change="Consistent">
		<class nclones="2">
			<source file="../../workspace/dataset/test/test_read_format_rar5.c.ifdefed" startline="383" endline="402" function="DEFINE_TEST" hash="3481842277602943337"></source>
			<source file="../../workspace/dataset/test/test_read_format_rar5.c.ifdefed" startline="423" endline="442" function="DEFINE_TEST" hash="1364812719118981350"></source>
		</class>
	</version>
	<version nr="4320" hash="646f6201" evolution="Add" change="Consistent">
		<class nclones="6">
			<source file="../../workspace/dataset/test/test_read_format_rar5.c.ifdefed" startline="444" endline="493" function="DEFINE_TEST" hash="-4879276686955849715"></source>
			<source file="../../workspace/dataset/test/test_read_format_rar5.c.ifdefed" startline="599" endline="631" function="DEFINE_TEST" hash="1799223906228681686"></source>
			<source file="../../workspace/dataset/test/test_read_format_rar5.c.ifdefed" startline="495" endline="526" function="DEFINE_TEST" hash="844680184714347970"></source>
			<source file="../../workspace/dataset/test/test_read_format_rar5.c.ifdefed" startline="528" endline="560" function="DEFINE_TEST" hash="-8967433142735888920"></source>
			<source file="../../workspace/dataset/test/test_read_format_rar5.c.ifdefed" startline="565" endline="597" function="DEFINE_TEST" hash="3302190135027431413"></source>
			<source file="../../workspace/dataset/test/test_read_format_rar5.c.ifdefed" startline="633" endline="665" function="DEFINE_TEST" hash="8652217314191141382"></source>
		</class>
	</version>
	<version nr="4320" hash="646f6201" evolution="Subtract" change="Consistent">
		<class nclones="4">
			<source file="../../workspace/dataset/test/test_read_format_rar5.c.ifdefed" startline="667" endline="690" function="DEFINE_TEST" hash="-1832327591188477962"></source>
			<source file="../../workspace/dataset/test/test_read_format_rar5.c.ifdefed" startline="744" endline="768" function="DEFINE_TEST" hash="6418441385990393826"></source>
			<source file="../../workspace/dataset/test/test_read_format_rar5.c.ifdefed" startline="718" endline="742" function="DEFINE_TEST" hash="4543828904368708796"></source>
			<source file="../../workspace/dataset/test/test_read_format_rar5.c.ifdefed" startline="692" endline="716" function="DEFINE_TEST" hash="-3851536546335032321"></source>
		</class>
	</version>
	<version nr="4330" hash="aa11d991" evolution="Subtract" change="Consistent">
		<class nclones="2">
			<source file="../../workspace/dataset/test/test_read_format_rar5.c.ifdefed" startline="176" endline="214" function="DEFINE_TEST" hash="2336200488222386863"></source>
			<source file="../../workspace/dataset/test/test_read_format_rar5.c.ifdefed" startline="222" endline="255" function="DEFINE_TEST" hash="2179452207199940858"></source>
		</class>
	</version>
	<version nr="4330" hash="aa11d991" evolution="Add" change="Consistent">
		<class nclones="3">
			<source file="../../workspace/dataset/test/test_read_format_rar5.c.ifdefed" startline="257" endline="278" function="DEFINE_TEST" hash="-3155732870078503148"></source>
			<source file="../../workspace/dataset/test/test_read_format_rar5.c.ifdefed" startline="302" endline="322" function="DEFINE_TEST" hash="5257931886937617908"></source>
			<source file="../../workspace/dataset/test/test_read_format_rar5.c.ifdefed" startline="280" endline="300" function="DEFINE_TEST" hash="1486593804724127498"></source>
		</class>
	</version>
	<version nr="4330" hash="aa11d991" evolution="Subtract" change="Consistent">
		<class nclones="2">
			<source file="../../workspace/dataset/test/test_read_format_rar5.c.ifdefed" startline="368" endline="381" function="DEFINE_TEST" hash="-5596774136484654884"></source>
			<source file="../../workspace/dataset/test/test_read_format_rar5.c.ifdefed" startline="404" endline="421" function="DEFINE_TEST" hash="1382319956880227790"></source>
		</class>
	</version>
	<version nr="4330" hash="aa11d991" evolution="Same" change="Consistent">
		<class nclones="2">
			<source file="../../workspace/dataset/test/test_read_format_rar5.c.ifdefed" startline="383" endline="402" function="DEFINE_TEST" hash="3481842277602943337"></source>
			<source file="../../workspace/dataset/test/test_read_format_rar5.c.ifdefed" startline="423" endline="442" function="DEFINE_TEST" hash="1364812719118981350"></source>
		</class>
	</version>
	<version nr="4330" hash="aa11d991" evolution="Add" change="Consistent">
		<class nclones="6">
			<source file="../../workspace/dataset/test/test_read_format_rar5.c.ifdefed" startline="444" endline="493" function="DEFINE_TEST" hash="-4879276686955849715"></source>
			<source file="../../workspace/dataset/test/test_read_format_rar5.c.ifdefed" startline="565" endline="597" function="DEFINE_TEST" hash="3302190135027431413"></source>
			<source file="../../workspace/dataset/test/test_read_format_rar5.c.ifdefed" startline="633" endline="665" function="DEFINE_TEST" hash="8652217314191141382"></source>
			<source file="../../workspace/dataset/test/test_read_format_rar5.c.ifdefed" startline="495" endline="526" function="DEFINE_TEST" hash="844680184714347970"></source>
			<source file="../../workspace/dataset/test/test_read_format_rar5.c.ifdefed" startline="599" endline="631" function="DEFINE_TEST" hash="1799223906228681686"></source>
			<source file="../../workspace/dataset/test/test_read_format_rar5.c.ifdefed" startline="528" endline="560" function="DEFINE_TEST" hash="-8967433142735888920"></source>
		</class>
	</version>
	<version nr="4330" hash="aa11d991" evolution="Subtract" change="Consistent">
		<class nclones="4">
			<source file="../../workspace/dataset/test/test_read_format_rar5.c.ifdefed" startline="667" endline="690" function="DEFINE_TEST" hash="-1832327591188477962"></source>
			<source file="../../workspace/dataset/test/test_read_format_rar5.c.ifdefed" startline="718" endline="742" function="DEFINE_TEST" hash="4543828904368708796"></source>
			<source file="../../workspace/dataset/test/test_read_format_rar5.c.ifdefed" startline="744" endline="768" function="DEFINE_TEST" hash="6418441385990393826"></source>
			<source file="../../workspace/dataset/test/test_read_format_rar5.c.ifdefed" startline="692" endline="716" function="DEFINE_TEST" hash="-3851536546335032321"></source>
		</class>
	</version>
	<version nr="4330" hash="aa11d991" evolution="Subtract" change="Consistent">
		<class nclones="2">
			<source file="../../workspace/dataset/test/test_read_format_rar5.c.ifdefed" startline="1188" endline="1207" function="DEFINE_TEST" hash="592072037100186425"></source>
			<source file="../../workspace/dataset/test/test_read_format_rar5.c.ifdefed" startline="1224" endline="1243" function="DEFINE_TEST" hash="-6634543374218396953"></source>
		</class>
	</version>
	<version nr="4340" hash="22b1db9d" evolution="Same" change="Consistent">
		<class nclones="2">
			<source file="../../workspace/dataset/test/test_read_format_rar5.c.ifdefed" startline="176" endline="214" function="DEFINE_TEST" hash="2336200488222386863"></source>
			<source file="../../workspace/dataset/test/test_read_format_rar5.c.ifdefed" startline="222" endline="255" function="DEFINE_TEST" hash="2179452207199940858"></source>
		</class>
	</version>
	<version nr="4340" hash="22b1db9d" evolution="Add" change="Consistent">
		<class nclones="3">
			<source file="../../workspace/dataset/test/test_read_format_rar5.c.ifdefed" startline="257" endline="278" function="DEFINE_TEST" hash="-3155732870078503148"></source>
			<source file="../../workspace/dataset/test/test_read_format_rar5.c.ifdefed" startline="280" endline="300" function="DEFINE_TEST" hash="1486593804724127498"></source>
			<source file="../../workspace/dataset/test/test_read_format_rar5.c.ifdefed" startline="302" endline="322" function="DEFINE_TEST" hash="5257931886937617908"></source>
		</class>
	</version>
	<version nr="4340" hash="22b1db9d" evolution="Subtract" change="Consistent">
		<class nclones="2">
			<source file="../../workspace/dataset/test/test_read_format_rar5.c.ifdefed" startline="368" endline="381" function="DEFINE_TEST" hash="-5596774136484654884"></source>
			<source file="../../workspace/dataset/test/test_read_format_rar5.c.ifdefed" startline="404" endline="421" function="DEFINE_TEST" hash="1382319956880227790"></source>
		</class>
	</version>
	<version nr="4340" hash="22b1db9d" evolution="Same" change="Consistent">
		<class nclones="2">
			<source file="../../workspace/dataset/test/test_read_format_rar5.c.ifdefed" startline="383" endline="402" function="DEFINE_TEST" hash="3481842277602943337"></source>
			<source file="../../workspace/dataset/test/test_read_format_rar5.c.ifdefed" startline="423" endline="442" function="DEFINE_TEST" hash="1364812719118981350"></source>
		</class>
	</version>
	<version nr="4340" hash="22b1db9d" evolution="Add" change="Consistent">
		<class nclones="6">
			<source file="../../workspace/dataset/test/test_read_format_rar5.c.ifdefed" startline="444" endline="493" function="DEFINE_TEST" hash="-4879276686955849715"></source>
			<source file="../../workspace/dataset/test/test_read_format_rar5.c.ifdefed" startline="599" endline="631" function="DEFINE_TEST" hash="1799223906228681686"></source>
			<source file="../../workspace/dataset/test/test_read_format_rar5.c.ifdefed" startline="633" endline="665" function="DEFINE_TEST" hash="8652217314191141382"></source>
			<source file="../../workspace/dataset/test/test_read_format_rar5.c.ifdefed" startline="495" endline="526" function="DEFINE_TEST" hash="844680184714347970"></source>
			<source file="../../workspace/dataset/test/test_read_format_rar5.c.ifdefed" startline="528" endline="560" function="DEFINE_TEST" hash="-8967433142735888920"></source>
			<source file="../../workspace/dataset/test/test_read_format_rar5.c.ifdefed" startline="565" endline="597" function="DEFINE_TEST" hash="3302190135027431413"></source>
		</class>
	</version>
	<version nr="4340" hash="22b1db9d" evolution="Subtract" change="Consistent">
		<class nclones="4">
			<source file="../../workspace/dataset/test/test_read_format_rar5.c.ifdefed" startline="667" endline="690" function="DEFINE_TEST" hash="-1832327591188477962"></source>
			<source file="../../workspace/dataset/test/test_read_format_rar5.c.ifdefed" startline="744" endline="768" function="DEFINE_TEST" hash="6418441385990393826"></source>
			<source file="../../workspace/dataset/test/test_read_format_rar5.c.ifdefed" startline="692" endline="716" function="DEFINE_TEST" hash="-3851536546335032321"></source>
			<source file="../../workspace/dataset/test/test_read_format_rar5.c.ifdefed" startline="718" endline="742" function="DEFINE_TEST" hash="4543828904368708796"></source>
		</class>
	</version>
	<version nr="4340" hash="22b1db9d" evolution="Subtract" change="Consistent">
		<class nclones="2">
			<source file="../../workspace/dataset/test/test_read_format_rar5.c.ifdefed" startline="1188" endline="1207" function="DEFINE_TEST" hash="592072037100186425"></source>
			<source file="../../workspace/dataset/test/test_read_format_rar5.c.ifdefed" startline="1224" endline="1243" function="DEFINE_TEST" hash="-6634543374218396953"></source>
		</class>
	</version>
	<version nr="4350" hash="6f4fceb7" evolution="Same" change="Consistent">
		<class nclones="2">
			<source file="../../workspace/dataset/test/test_read_format_rar5.c.ifdefed" startline="176" endline="214" function="DEFINE_TEST" hash="2336200488222386863"></source>
			<source file="../../workspace/dataset/test/test_read_format_rar5.c.ifdefed" startline="222" endline="255" function="DEFINE_TEST" hash="2179452207199940858"></source>
		</class>
	</version>
	<version nr="4350" hash="6f4fceb7" evolution="Add" change="Consistent">
		<class nclones="3">
			<source file="../../workspace/dataset/test/test_read_format_rar5.c.ifdefed" startline="257" endline="278" function="DEFINE_TEST" hash="-3155732870078503148"></source>
			<source file="../../workspace/dataset/test/test_read_format_rar5.c.ifdefed" startline="280" endline="300" function="DEFINE_TEST" hash="1486593804724127498"></source>
			<source file="../../workspace/dataset/test/test_read_format_rar5.c.ifdefed" startline="302" endline="322" function="DEFINE_TEST" hash="5257931886937617908"></source>
		</class>
	</version>
	<version nr="4350" hash="6f4fceb7" evolution="Subtract" change="Consistent">
		<class nclones="2">
			<source file="../../workspace/dataset/test/test_read_format_rar5.c.ifdefed" startline="368" endline="381" function="DEFINE_TEST" hash="-5596774136484654884"></source>
			<source file="../../workspace/dataset/test/test_read_format_rar5.c.ifdefed" startline="404" endline="421" function="DEFINE_TEST" hash="1382319956880227790"></source>
		</class>
	</version>
	<version nr="4350" hash="6f4fceb7" evolution="Same" change="Consistent">
		<class nclones="2">
			<source file="../../workspace/dataset/test/test_read_format_rar5.c.ifdefed" startline="383" endline="402" function="DEFINE_TEST" hash="3481842277602943337"></source>
			<source file="../../workspace/dataset/test/test_read_format_rar5.c.ifdefed" startline="423" endline="442" function="DEFINE_TEST" hash="1364812719118981350"></source>
		</class>
	</version>
	<version nr="4350" hash="6f4fceb7" evolution="Add" change="Consistent">
		<class nclones="6">
			<source file="../../workspace/dataset/test/test_read_format_rar5.c.ifdefed" startline="444" endline="493" function="DEFINE_TEST" hash="-4879276686955849715"></source>
			<source file="../../workspace/dataset/test/test_read_format_rar5.c.ifdefed" startline="599" endline="631" function="DEFINE_TEST" hash="1799223906228681686"></source>
			<source file="../../workspace/dataset/test/test_read_format_rar5.c.ifdefed" startline="633" endline="665" function="DEFINE_TEST" hash="8652217314191141382"></source>
			<source file="../../workspace/dataset/test/test_read_format_rar5.c.ifdefed" startline="495" endline="526" function="DEFINE_TEST" hash="844680184714347970"></source>
			<source file="../../workspace/dataset/test/test_read_format_rar5.c.ifdefed" startline="528" endline="560" function="DEFINE_TEST" hash="-8967433142735888920"></source>
			<source file="../../workspace/dataset/test/test_read_format_rar5.c.ifdefed" startline="565" endline="597" function="DEFINE_TEST" hash="3302190135027431413"></source>
		</class>
	</version>
	<version nr="4350" hash="6f4fceb7" evolution="Subtract" change="Consistent">
		<class nclones="4">
			<source file="../../workspace/dataset/test/test_read_format_rar5.c.ifdefed" startline="667" endline="690" function="DEFINE_TEST" hash="-1832327591188477962"></source>
			<source file="../../workspace/dataset/test/test_read_format_rar5.c.ifdefed" startline="744" endline="768" function="DEFINE_TEST" hash="6418441385990393826"></source>
			<source file="../../workspace/dataset/test/test_read_format_rar5.c.ifdefed" startline="692" endline="716" function="DEFINE_TEST" hash="-3851536546335032321"></source>
			<source file="../../workspace/dataset/test/test_read_format_rar5.c.ifdefed" startline="718" endline="742" function="DEFINE_TEST" hash="4543828904368708796"></source>
		</class>
	</version>
	<version nr="4350" hash="6f4fceb7" evolution="Subtract" change="Consistent">
		<class nclones="2">
			<source file="../../workspace/dataset/test/test_read_format_rar5.c.ifdefed" startline="1188" endline="1207" function="DEFINE_TEST" hash="592072037100186425"></source>
			<source file="../../workspace/dataset/test/test_read_format_rar5.c.ifdefed" startline="1224" endline="1243" function="DEFINE_TEST" hash="-6634543374218396953"></source>
		</class>
	</version>
	<version nr="4360" hash="cce09646" evolution="Same" change="Consistent">
		<class nclones="2">
			<source file="../../workspace/dataset/test/test_read_format_rar5.c.ifdefed" startline="176" endline="214" function="DEFINE_TEST" hash="2336200488222386863"></source>
			<source file="../../workspace/dataset/test/test_read_format_rar5.c.ifdefed" startline="222" endline="255" function="DEFINE_TEST" hash="2179452207199940858"></source>
		</class>
	</version>
	<version nr="4360" hash="cce09646" evolution="Add" change="Consistent">
		<class nclones="3">
			<source file="../../workspace/dataset/test/test_read_format_rar5.c.ifdefed" startline="257" endline="278" function="DEFINE_TEST" hash="-3155732870078503148"></source>
			<source file="../../workspace/dataset/test/test_read_format_rar5.c.ifdefed" startline="280" endline="300" function="DEFINE_TEST" hash="1486593804724127498"></source>
			<source file="../../workspace/dataset/test/test_read_format_rar5.c.ifdefed" startline="302" endline="322" function="DEFINE_TEST" hash="5257931886937617908"></source>
		</class>
	</version>
	<version nr="4360" hash="cce09646" evolution="Subtract" change="Consistent">
		<class nclones="2">
			<source file="../../workspace/dataset/test/test_read_format_rar5.c.ifdefed" startline="368" endline="381" function="DEFINE_TEST" hash="-5596774136484654884"></source>
			<source file="../../workspace/dataset/test/test_read_format_rar5.c.ifdefed" startline="404" endline="421" function="DEFINE_TEST" hash="1382319956880227790"></source>
		</class>
	</version>
	<version nr="4360" hash="cce09646" evolution="Same" change="Consistent">
		<class nclones="2">
			<source file="../../workspace/dataset/test/test_read_format_rar5.c.ifdefed" startline="383" endline="402" function="DEFINE_TEST" hash="3481842277602943337"></source>
			<source file="../../workspace/dataset/test/test_read_format_rar5.c.ifdefed" startline="423" endline="442" function="DEFINE_TEST" hash="1364812719118981350"></source>
		</class>
	</version>
	<version nr="4360" hash="cce09646" evolution="Add" change="Consistent">
		<class nclones="6">
			<source file="../../workspace/dataset/test/test_read_format_rar5.c.ifdefed" startline="444" endline="493" function="DEFINE_TEST" hash="-4879276686955849715"></source>
			<source file="../../workspace/dataset/test/test_read_format_rar5.c.ifdefed" startline="495" endline="526" function="DEFINE_TEST" hash="844680184714347970"></source>
			<source file="../../workspace/dataset/test/test_read_format_rar5.c.ifdefed" startline="633" endline="665" function="DEFINE_TEST" hash="8652217314191141382"></source>
			<source file="../../workspace/dataset/test/test_read_format_rar5.c.ifdefed" startline="599" endline="631" function="DEFINE_TEST" hash="1799223906228681686"></source>
			<source file="../../workspace/dataset/test/test_read_format_rar5.c.ifdefed" startline="528" endline="560" function="DEFINE_TEST" hash="-8967433142735888920"></source>
			<source file="../../workspace/dataset/test/test_read_format_rar5.c.ifdefed" startline="565" endline="597" function="DEFINE_TEST" hash="3302190135027431413"></source>
		</class>
	</version>
	<version nr="4360" hash="cce09646" evolution="Subtract" change="Consistent">
		<class nclones="4">
			<source file="../../workspace/dataset/test/test_read_format_rar5.c.ifdefed" startline="667" endline="690" function="DEFINE_TEST" hash="-1832327591188477962"></source>
			<source file="../../workspace/dataset/test/test_read_format_rar5.c.ifdefed" startline="718" endline="742" function="DEFINE_TEST" hash="4543828904368708796"></source>
			<source file="../../workspace/dataset/test/test_read_format_rar5.c.ifdefed" startline="692" endline="716" function="DEFINE_TEST" hash="-3851536546335032321"></source>
			<source file="../../workspace/dataset/test/test_read_format_rar5.c.ifdefed" startline="744" endline="768" function="DEFINE_TEST" hash="6418441385990393826"></source>
		</class>
	</version>
	<version nr="4360" hash="cce09646" evolution="Subtract" change="Consistent">
		<class nclones="2">
			<source file="../../workspace/dataset/test/test_read_format_rar5.c.ifdefed" startline="1188" endline="1207" function="DEFINE_TEST" hash="592072037100186425"></source>
			<source file="../../workspace/dataset/test/test_read_format_rar5.c.ifdefed" startline="1224" endline="1243" function="DEFINE_TEST" hash="-6634543374218396953"></source>
		</class>
	</version>
	<version nr="4370" hash="5be1a96f" evolution="Same" change="Consistent">
		<class nclones="2">
			<source file="../../workspace/dataset/test/test_read_format_rar5.c.ifdefed" startline="176" endline="214" function="DEFINE_TEST" hash="2336200488222386863"></source>
			<source file="../../workspace/dataset/test/test_read_format_rar5.c.ifdefed" startline="222" endline="255" function="DEFINE_TEST" hash="2179452207199940858"></source>
		</class>
	</version>
	<version nr="4370" hash="5be1a96f" evolution="Add" change="Consistent">
		<class nclones="3">
			<source file="../../workspace/dataset/test/test_read_format_rar5.c.ifdefed" startline="257" endline="278" function="DEFINE_TEST" hash="-3155732870078503148"></source>
			<source file="../../workspace/dataset/test/test_read_format_rar5.c.ifdefed" startline="280" endline="300" function="DEFINE_TEST" hash="1486593804724127498"></source>
			<source file="../../workspace/dataset/test/test_read_format_rar5.c.ifdefed" startline="302" endline="322" function="DEFINE_TEST" hash="5257931886937617908"></source>
		</class>
	</version>
	<version nr="4370" hash="5be1a96f" evolution="Subtract" change="Consistent">
		<class nclones="2">
			<source file="../../workspace/dataset/test/test_read_format_rar5.c.ifdefed" startline="368" endline="381" function="DEFINE_TEST" hash="-5596774136484654884"></source>
			<source file="../../workspace/dataset/test/test_read_format_rar5.c.ifdefed" startline="404" endline="421" function="DEFINE_TEST" hash="1382319956880227790"></source>
		</class>
	</version>
	<version nr="4370" hash="5be1a96f" evolution="Same" change="Consistent">
		<class nclones="2">
			<source file="../../workspace/dataset/test/test_read_format_rar5.c.ifdefed" startline="383" endline="402" function="DEFINE_TEST" hash="3481842277602943337"></source>
			<source file="../../workspace/dataset/test/test_read_format_rar5.c.ifdefed" startline="423" endline="442" function="DEFINE_TEST" hash="1364812719118981350"></source>
		</class>
	</version>
	<version nr="4370" hash="5be1a96f" evolution="Add" change="Consistent">
		<class nclones="6">
			<source file="../../workspace/dataset/test/test_read_format_rar5.c.ifdefed" startline="444" endline="493" function="DEFINE_TEST" hash="-4879276686955849715"></source>
			<source file="../../workspace/dataset/test/test_read_format_rar5.c.ifdefed" startline="495" endline="526" function="DEFINE_TEST" hash="844680184714347970"></source>
			<source file="../../workspace/dataset/test/test_read_format_rar5.c.ifdefed" startline="633" endline="665" function="DEFINE_TEST" hash="8652217314191141382"></source>
			<source file="../../workspace/dataset/test/test_read_format_rar5.c.ifdefed" startline="599" endline="631" function="DEFINE_TEST" hash="1799223906228681686"></source>
			<source file="../../workspace/dataset/test/test_read_format_rar5.c.ifdefed" startline="528" endline="560" function="DEFINE_TEST" hash="-8967433142735888920"></source>
			<source file="../../workspace/dataset/test/test_read_format_rar5.c.ifdefed" startline="565" endline="597" function="DEFINE_TEST" hash="3302190135027431413"></source>
		</class>
	</version>
	<version nr="4370" hash="5be1a96f" evolution="Subtract" change="Consistent">
		<class nclones="4">
			<source file="../../workspace/dataset/test/test_read_format_rar5.c.ifdefed" startline="667" endline="690" function="DEFINE_TEST" hash="-1832327591188477962"></source>
			<source file="../../workspace/dataset/test/test_read_format_rar5.c.ifdefed" startline="718" endline="742" function="DEFINE_TEST" hash="4543828904368708796"></source>
			<source file="../../workspace/dataset/test/test_read_format_rar5.c.ifdefed" startline="692" endline="716" function="DEFINE_TEST" hash="-3851536546335032321"></source>
			<source file="../../workspace/dataset/test/test_read_format_rar5.c.ifdefed" startline="744" endline="768" function="DEFINE_TEST" hash="6418441385990393826"></source>
		</class>
	</version>
	<version nr="4370" hash="5be1a96f" evolution="Subtract" change="Consistent">
		<class nclones="2">
			<source file="../../workspace/dataset/test/test_read_format_rar5.c.ifdefed" startline="1188" endline="1207" function="DEFINE_TEST" hash="592072037100186425"></source>
			<source file="../../workspace/dataset/test/test_read_format_rar5.c.ifdefed" startline="1224" endline="1243" function="DEFINE_TEST" hash="-6634543374218396953"></source>
		</class>
	</version>
	<version nr="4380" hash="467d193d" evolution="Same" change="Consistent">
		<class nclones="2">
			<source file="../../workspace/dataset/test/test_read_format_rar5.c.ifdefed" startline="176" endline="214" function="DEFINE_TEST" hash="2336200488222386863"></source>
			<source file="../../workspace/dataset/test/test_read_format_rar5.c.ifdefed" startline="222" endline="255" function="DEFINE_TEST" hash="2179452207199940858"></source>
		</class>
	</version>
	<version nr="4380" hash="467d193d" evolution="Add" change="Consistent">
		<class nclones="3">
			<source file="../../workspace/dataset/test/test_read_format_rar5.c.ifdefed" startline="257" endline="278" function="DEFINE_TEST" hash="-3155732870078503148"></source>
			<source file="../../workspace/dataset/test/test_read_format_rar5.c.ifdefed" startline="280" endline="300" function="DEFINE_TEST" hash="1486593804724127498"></source>
			<source file="../../workspace/dataset/test/test_read_format_rar5.c.ifdefed" startline="302" endline="322" function="DEFINE_TEST" hash="5257931886937617908"></source>
		</class>
	</version>
	<version nr="4380" hash="467d193d" evolution="Subtract" change="Consistent">
		<class nclones="2">
			<source file="../../workspace/dataset/test/test_read_format_rar5.c.ifdefed" startline="368" endline="381" function="DEFINE_TEST" hash="-5596774136484654884"></source>
			<source file="../../workspace/dataset/test/test_read_format_rar5.c.ifdefed" startline="404" endline="421" function="DEFINE_TEST" hash="1382319956880227790"></source>
		</class>
	</version>
	<version nr="4380" hash="467d193d" evolution="Same" change="Consistent">
		<class nclones="2">
			<source file="../../workspace/dataset/test/test_read_format_rar5.c.ifdefed" startline="383" endline="402" function="DEFINE_TEST" hash="3481842277602943337"></source>
			<source file="../../workspace/dataset/test/test_read_format_rar5.c.ifdefed" startline="423" endline="442" function="DEFINE_TEST" hash="1364812719118981350"></source>
		</class>
	</version>
	<version nr="4380" hash="467d193d" evolution="Add" change="Consistent">
		<class nclones="6">
			<source file="../../workspace/dataset/test/test_read_format_rar5.c.ifdefed" startline="444" endline="493" function="DEFINE_TEST" hash="-4879276686955849715"></source>
			<source file="../../workspace/dataset/test/test_read_format_rar5.c.ifdefed" startline="495" endline="526" function="DEFINE_TEST" hash="844680184714347970"></source>
			<source file="../../workspace/dataset/test/test_read_format_rar5.c.ifdefed" startline="633" endline="665" function="DEFINE_TEST" hash="8652217314191141382"></source>
			<source file="../../workspace/dataset/test/test_read_format_rar5.c.ifdefed" startline="599" endline="631" function="DEFINE_TEST" hash="1799223906228681686"></source>
			<source file="../../workspace/dataset/test/test_read_format_rar5.c.ifdefed" startline="528" endline="560" function="DEFINE_TEST" hash="-8967433142735888920"></source>
			<source file="../../workspace/dataset/test/test_read_format_rar5.c.ifdefed" startline="565" endline="597" function="DEFINE_TEST" hash="3302190135027431413"></source>
		</class>
	</version>
	<version nr="4380" hash="467d193d" evolution="Subtract" change="Consistent">
		<class nclones="4">
			<source file="../../workspace/dataset/test/test_read_format_rar5.c.ifdefed" startline="667" endline="690" function="DEFINE_TEST" hash="-1832327591188477962"></source>
			<source file="../../workspace/dataset/test/test_read_format_rar5.c.ifdefed" startline="718" endline="742" function="DEFINE_TEST" hash="4543828904368708796"></source>
			<source file="../../workspace/dataset/test/test_read_format_rar5.c.ifdefed" startline="692" endline="716" function="DEFINE_TEST" hash="-3851536546335032321"></source>
			<source file="../../workspace/dataset/test/test_read_format_rar5.c.ifdefed" startline="744" endline="768" function="DEFINE_TEST" hash="6418441385990393826"></source>
		</class>
	</version>
	<version nr="4380" hash="467d193d" evolution="Subtract" change="Consistent">
		<class nclones="2">
			<source file="../../workspace/dataset/test/test_read_format_rar5.c.ifdefed" startline="1188" endline="1207" function="DEFINE_TEST" hash="592072037100186425"></source>
			<source file="../../workspace/dataset/test/test_read_format_rar5.c.ifdefed" startline="1224" endline="1243" function="DEFINE_TEST" hash="-6634543374218396953"></source>
		</class>
	</version>
	<version nr="4390" hash="343642bc" evolution="Same" change="Consistent">
		<class nclones="2">
			<source file="../../workspace/dataset/test/test_read_format_rar5.c.ifdefed" startline="176" endline="214" function="DEFINE_TEST" hash="2336200488222386863"></source>
			<source file="../../workspace/dataset/test/test_read_format_rar5.c.ifdefed" startline="222" endline="255" function="DEFINE_TEST" hash="2179452207199940858"></source>
		</class>
	</version>
	<version nr="4390" hash="343642bc" evolution="Add" change="Consistent">
		<class nclones="3">
			<source file="../../workspace/dataset/test/test_read_format_rar5.c.ifdefed" startline="257" endline="278" function="DEFINE_TEST" hash="-3155732870078503148"></source>
			<source file="../../workspace/dataset/test/test_read_format_rar5.c.ifdefed" startline="302" endline="322" function="DEFINE_TEST" hash="5257931886937617908"></source>
			<source file="../../workspace/dataset/test/test_read_format_rar5.c.ifdefed" startline="280" endline="300" function="DEFINE_TEST" hash="1486593804724127498"></source>
		</class>
	</version>
	<version nr="4390" hash="343642bc" evolution="Subtract" change="Consistent">
		<class nclones="2">
			<source file="../../workspace/dataset/test/test_read_format_rar5.c.ifdefed" startline="368" endline="381" function="DEFINE_TEST" hash="-5596774136484654884"></source>
			<source file="../../workspace/dataset/test/test_read_format_rar5.c.ifdefed" startline="404" endline="421" function="DEFINE_TEST" hash="1382319956880227790"></source>
		</class>
	</version>
	<version nr="4390" hash="343642bc" evolution="Same" change="Consistent">
		<class nclones="2">
			<source file="../../workspace/dataset/test/test_read_format_rar5.c.ifdefed" startline="383" endline="402" function="DEFINE_TEST" hash="3481842277602943337"></source>
			<source file="../../workspace/dataset/test/test_read_format_rar5.c.ifdefed" startline="423" endline="442" function="DEFINE_TEST" hash="1364812719118981350"></source>
		</class>
	</version>
	<version nr="4390" hash="343642bc" evolution="Add" change="Consistent">
		<class nclones="6">
			<source file="../../workspace/dataset/test/test_read_format_rar5.c.ifdefed" startline="444" endline="493" function="DEFINE_TEST" hash="-4879276686955849715"></source>
			<source file="../../workspace/dataset/test/test_read_format_rar5.c.ifdefed" startline="528" endline="560" function="DEFINE_TEST" hash="-8967433142735888920"></source>
			<source file="../../workspace/dataset/test/test_read_format_rar5.c.ifdefed" startline="495" endline="526" function="DEFINE_TEST" hash="844680184714347970"></source>
			<source file="../../workspace/dataset/test/test_read_format_rar5.c.ifdefed" startline="565" endline="597" function="DEFINE_TEST" hash="3302190135027431413"></source>
			<source file="../../workspace/dataset/test/test_read_format_rar5.c.ifdefed" startline="599" endline="631" function="DEFINE_TEST" hash="1799223906228681686"></source>
			<source file="../../workspace/dataset/test/test_read_format_rar5.c.ifdefed" startline="633" endline="665" function="DEFINE_TEST" hash="8652217314191141382"></source>
		</class>
	</version>
	<version nr="4390" hash="343642bc" evolution="Subtract" change="Consistent">
		<class nclones="4">
			<source file="../../workspace/dataset/test/test_read_format_rar5.c.ifdefed" startline="667" endline="690" function="DEFINE_TEST" hash="-1832327591188477962"></source>
			<source file="../../workspace/dataset/test/test_read_format_rar5.c.ifdefed" startline="744" endline="768" function="DEFINE_TEST" hash="6418441385990393826"></source>
			<source file="../../workspace/dataset/test/test_read_format_rar5.c.ifdefed" startline="718" endline="742" function="DEFINE_TEST" hash="4543828904368708796"></source>
			<source file="../../workspace/dataset/test/test_read_format_rar5.c.ifdefed" startline="692" endline="716" function="DEFINE_TEST" hash="-3851536546335032321"></source>
		</class>
	</version>
	<version nr="4390" hash="343642bc" evolution="Subtract" change="Consistent">
		<class nclones="2">
			<source file="../../workspace/dataset/test/test_read_format_rar5.c.ifdefed" startline="1188" endline="1207" function="DEFINE_TEST" hash="592072037100186425"></source>
			<source file="../../workspace/dataset/test/test_read_format_rar5.c.ifdefed" startline="1224" endline="1243" function="DEFINE_TEST" hash="-6634543374218396953"></source>
		</class>
	</version>
	<version nr="4400" hash="8705a85c" evolution="Same" change="Consistent">
		<class nclones="2">
			<source file="../../workspace/dataset/test/test_read_format_rar5.c.ifdefed" startline="176" endline="214" function="DEFINE_TEST" hash="2336200488222386863"></source>
			<source file="../../workspace/dataset/test/test_read_format_rar5.c.ifdefed" startline="222" endline="255" function="DEFINE_TEST" hash="2179452207199940858"></source>
		</class>
	</version>
	<version nr="4400" hash="8705a85c" evolution="Add" change="Consistent">
		<class nclones="3">
			<source file="../../workspace/dataset/test/test_read_format_rar5.c.ifdefed" startline="257" endline="278" function="DEFINE_TEST" hash="-3155732870078503148"></source>
			<source file="../../workspace/dataset/test/test_read_format_rar5.c.ifdefed" startline="280" endline="300" function="DEFINE_TEST" hash="1486593804724127498"></source>
			<source file="../../workspace/dataset/test/test_read_format_rar5.c.ifdefed" startline="302" endline="322" function="DEFINE_TEST" hash="5257931886937617908"></source>
		</class>
	</version>
	<version nr="4400" hash="8705a85c" evolution="Subtract" change="Consistent">
		<class nclones="2">
			<source file="../../workspace/dataset/test/test_read_format_rar5.c.ifdefed" startline="368" endline="381" function="DEFINE_TEST" hash="-5596774136484654884"></source>
			<source file="../../workspace/dataset/test/test_read_format_rar5.c.ifdefed" startline="404" endline="421" function="DEFINE_TEST" hash="1382319956880227790"></source>
		</class>
	</version>
	<version nr="4400" hash="8705a85c" evolution="Same" change="Consistent">
		<class nclones="2">
			<source file="../../workspace/dataset/test/test_read_format_rar5.c.ifdefed" startline="383" endline="402" function="DEFINE_TEST" hash="3481842277602943337"></source>
			<source file="../../workspace/dataset/test/test_read_format_rar5.c.ifdefed" startline="423" endline="442" function="DEFINE_TEST" hash="1364812719118981350"></source>
		</class>
	</version>
	<version nr="4400" hash="8705a85c" evolution="Add" change="Consistent">
		<class nclones="6">
			<source file="../../workspace/dataset/test/test_read_format_rar5.c.ifdefed" startline="444" endline="493" function="DEFINE_TEST" hash="-4879276686955849715"></source>
			<source file="../../workspace/dataset/test/test_read_format_rar5.c.ifdefed" startline="528" endline="560" function="DEFINE_TEST" hash="-8967433142735888920"></source>
			<source file="../../workspace/dataset/test/test_read_format_rar5.c.ifdefed" startline="633" endline="665" function="DEFINE_TEST" hash="8652217314191141382"></source>
			<source file="../../workspace/dataset/test/test_read_format_rar5.c.ifdefed" startline="599" endline="631" function="DEFINE_TEST" hash="1799223906228681686"></source>
			<source file="../../workspace/dataset/test/test_read_format_rar5.c.ifdefed" startline="565" endline="597" function="DEFINE_TEST" hash="3302190135027431413"></source>
			<source file="../../workspace/dataset/test/test_read_format_rar5.c.ifdefed" startline="495" endline="526" function="DEFINE_TEST" hash="844680184714347970"></source>
		</class>
	</version>
	<version nr="4400" hash="8705a85c" evolution="Subtract" change="Consistent">
		<class nclones="4">
			<source file="../../workspace/dataset/test/test_read_format_rar5.c.ifdefed" startline="667" endline="690" function="DEFINE_TEST" hash="-1832327591188477962"></source>
			<source file="../../workspace/dataset/test/test_read_format_rar5.c.ifdefed" startline="718" endline="742" function="DEFINE_TEST" hash="4543828904368708796"></source>
			<source file="../../workspace/dataset/test/test_read_format_rar5.c.ifdefed" startline="744" endline="768" function="DEFINE_TEST" hash="6418441385990393826"></source>
			<source file="../../workspace/dataset/test/test_read_format_rar5.c.ifdefed" startline="692" endline="716" function="DEFINE_TEST" hash="-3851536546335032321"></source>
		</class>
	</version>
	<version nr="4400" hash="8705a85c" evolution="Subtract" change="Consistent">
		<class nclones="2">
			<source file="../../workspace/dataset/test/test_read_format_rar5.c.ifdefed" startline="1188" endline="1207" function="DEFINE_TEST" hash="592072037100186425"></source>
			<source file="../../workspace/dataset/test/test_read_format_rar5.c.ifdefed" startline="1224" endline="1243" function="DEFINE_TEST" hash="-6634543374218396953"></source>
		</class>
	</version>
	<version nr="4410" hash="cd69e167" evolution="Same" change="Consistent">
		<class nclones="2">
			<source file="../../workspace/dataset/test/test_read_format_rar5.c.ifdefed" startline="176" endline="214" function="DEFINE_TEST" hash="2336200488222386863"></source>
			<source file="../../workspace/dataset/test/test_read_format_rar5.c.ifdefed" startline="222" endline="255" function="DEFINE_TEST" hash="2179452207199940858"></source>
		</class>
	</version>
	<version nr="4410" hash="cd69e167" evolution="Add" change="Consistent">
		<class nclones="3">
			<source file="../../workspace/dataset/test/test_read_format_rar5.c.ifdefed" startline="257" endline="278" function="DEFINE_TEST" hash="-3155732870078503148"></source>
			<source file="../../workspace/dataset/test/test_read_format_rar5.c.ifdefed" startline="280" endline="300" function="DEFINE_TEST" hash="1486593804724127498"></source>
			<source file="../../workspace/dataset/test/test_read_format_rar5.c.ifdefed" startline="302" endline="322" function="DEFINE_TEST" hash="5257931886937617908"></source>
		</class>
	</version>
	<version nr="4410" hash="cd69e167" evolution="Subtract" change="Consistent">
		<class nclones="2">
			<source file="../../workspace/dataset/test/test_read_format_rar5.c.ifdefed" startline="368" endline="381" function="DEFINE_TEST" hash="-5596774136484654884"></source>
			<source file="../../workspace/dataset/test/test_read_format_rar5.c.ifdefed" startline="404" endline="421" function="DEFINE_TEST" hash="1382319956880227790"></source>
		</class>
	</version>
	<version nr="4410" hash="cd69e167" evolution="Same" change="Consistent">
		<class nclones="2">
			<source file="../../workspace/dataset/test/test_read_format_rar5.c.ifdefed" startline="383" endline="402" function="DEFINE_TEST" hash="3481842277602943337"></source>
			<source file="../../workspace/dataset/test/test_read_format_rar5.c.ifdefed" startline="423" endline="442" function="DEFINE_TEST" hash="1364812719118981350"></source>
		</class>
	</version>
	<version nr="4410" hash="cd69e167" evolution="Add" change="Consistent">
		<class nclones="6">
			<source file="../../workspace/dataset/test/test_read_format_rar5.c.ifdefed" startline="444" endline="493" function="DEFINE_TEST" hash="-4879276686955849715"></source>
			<source file="../../workspace/dataset/test/test_read_format_rar5.c.ifdefed" startline="528" endline="560" function="DEFINE_TEST" hash="-8967433142735888920"></source>
			<source file="../../workspace/dataset/test/test_read_format_rar5.c.ifdefed" startline="599" endline="631" function="DEFINE_TEST" hash="1799223906228681686"></source>
			<source file="../../workspace/dataset/test/test_read_format_rar5.c.ifdefed" startline="633" endline="665" function="DEFINE_TEST" hash="8652217314191141382"></source>
			<source file="../../workspace/dataset/test/test_read_format_rar5.c.ifdefed" startline="565" endline="597" function="DEFINE_TEST" hash="3302190135027431413"></source>
			<source file="../../workspace/dataset/test/test_read_format_rar5.c.ifdefed" startline="495" endline="526" function="DEFINE_TEST" hash="844680184714347970"></source>
		</class>
	</version>
	<version nr="4410" hash="cd69e167" evolution="Subtract" change="Consistent">
		<class nclones="4">
			<source file="../../workspace/dataset/test/test_read_format_rar5.c.ifdefed" startline="667" endline="690" function="DEFINE_TEST" hash="-1832327591188477962"></source>
			<source file="../../workspace/dataset/test/test_read_format_rar5.c.ifdefed" startline="692" endline="716" function="DEFINE_TEST" hash="-3851536546335032321"></source>
			<source file="../../workspace/dataset/test/test_read_format_rar5.c.ifdefed" startline="744" endline="768" function="DEFINE_TEST" hash="6418441385990393826"></source>
			<source file="../../workspace/dataset/test/test_read_format_rar5.c.ifdefed" startline="718" endline="742" function="DEFINE_TEST" hash="4543828904368708796"></source>
		</class>
	</version>
	<version nr="4410" hash="cd69e167" evolution="Subtract" change="Consistent">
		<class nclones="2">
			<source file="../../workspace/dataset/test/test_read_format_rar5.c.ifdefed" startline="1188" endline="1207" function="DEFINE_TEST" hash="592072037100186425"></source>
			<source file="../../workspace/dataset/test/test_read_format_rar5.c.ifdefed" startline="1224" endline="1243" function="DEFINE_TEST" hash="-6634543374218396953"></source>
		</class>
	</version>
	<version nr="4420" hash="86f17852" evolution="Same" change="Consistent">
		<class nclones="2">
			<source file="../../workspace/dataset/test/test_read_format_rar5.c.ifdefed" startline="176" endline="214" function="DEFINE_TEST" hash="2336200488222386863"></source>
			<source file="../../workspace/dataset/test/test_read_format_rar5.c.ifdefed" startline="222" endline="255" function="DEFINE_TEST" hash="2179452207199940858"></source>
		</class>
	</version>
	<version nr="4420" hash="86f17852" evolution="Add" change="Consistent">
		<class nclones="3">
			<source file="../../workspace/dataset/test/test_read_format_rar5.c.ifdefed" startline="257" endline="278" function="DEFINE_TEST" hash="-3155732870078503148"></source>
			<source file="../../workspace/dataset/test/test_read_format_rar5.c.ifdefed" startline="280" endline="300" function="DEFINE_TEST" hash="1486593804724127498"></source>
			<source file="../../workspace/dataset/test/test_read_format_rar5.c.ifdefed" startline="302" endline="322" function="DEFINE_TEST" hash="5257931886937617908"></source>
		</class>
	</version>
	<version nr="4420" hash="86f17852" evolution="Subtract" change="Consistent">
		<class nclones="2">
			<source file="../../workspace/dataset/test/test_read_format_rar5.c.ifdefed" startline="368" endline="381" function="DEFINE_TEST" hash="-5596774136484654884"></source>
			<source file="../../workspace/dataset/test/test_read_format_rar5.c.ifdefed" startline="404" endline="421" function="DEFINE_TEST" hash="1382319956880227790"></source>
		</class>
	</version>
	<version nr="4420" hash="86f17852" evolution="Same" change="Consistent">
		<class nclones="2">
			<source file="../../workspace/dataset/test/test_read_format_rar5.c.ifdefed" startline="383" endline="402" function="DEFINE_TEST" hash="3481842277602943337"></source>
			<source file="../../workspace/dataset/test/test_read_format_rar5.c.ifdefed" startline="423" endline="442" function="DEFINE_TEST" hash="1364812719118981350"></source>
		</class>
	</version>
	<version nr="4420" hash="86f17852" evolution="Add" change="Consistent">
		<class nclones="6">
			<source file="../../workspace/dataset/test/test_read_format_rar5.c.ifdefed" startline="444" endline="493" function="DEFINE_TEST" hash="-4879276686955849715"></source>
			<source file="../../workspace/dataset/test/test_read_format_rar5.c.ifdefed" startline="633" endline="665" function="DEFINE_TEST" hash="8652217314191141382"></source>
			<source file="../../workspace/dataset/test/test_read_format_rar5.c.ifdefed" startline="528" endline="560" function="DEFINE_TEST" hash="-8967433142735888920"></source>
			<source file="../../workspace/dataset/test/test_read_format_rar5.c.ifdefed" startline="565" endline="597" function="DEFINE_TEST" hash="3302190135027431413"></source>
			<source file="../../workspace/dataset/test/test_read_format_rar5.c.ifdefed" startline="599" endline="631" function="DEFINE_TEST" hash="1799223906228681686"></source>
			<source file="../../workspace/dataset/test/test_read_format_rar5.c.ifdefed" startline="495" endline="526" function="DEFINE_TEST" hash="844680184714347970"></source>
		</class>
	</version>
	<version nr="4420" hash="86f17852" evolution="Subtract" change="Consistent">
		<class nclones="4">
			<source file="../../workspace/dataset/test/test_read_format_rar5.c.ifdefed" startline="667" endline="690" function="DEFINE_TEST" hash="-1832327591188477962"></source>
			<source file="../../workspace/dataset/test/test_read_format_rar5.c.ifdefed" startline="744" endline="768" function="DEFINE_TEST" hash="6418441385990393826"></source>
			<source file="../../workspace/dataset/test/test_read_format_rar5.c.ifdefed" startline="692" endline="716" function="DEFINE_TEST" hash="-3851536546335032321"></source>
			<source file="../../workspace/dataset/test/test_read_format_rar5.c.ifdefed" startline="718" endline="742" function="DEFINE_TEST" hash="4543828904368708796"></source>
		</class>
	</version>
	<version nr="4420" hash="86f17852" evolution="Subtract" change="Consistent">
		<class nclones="2">
			<source file="../../workspace/dataset/test/test_read_format_rar5.c.ifdefed" startline="1188" endline="1207" function="DEFINE_TEST" hash="592072037100186425"></source>
			<source file="../../workspace/dataset/test/test_read_format_rar5.c.ifdefed" startline="1224" endline="1243" function="DEFINE_TEST" hash="-6634543374218396953"></source>
		</class>
	</version>
	<version nr="4430" hash="ba0478d3" evolution="Same" change="Consistent">
		<class nclones="2">
			<source file="../../workspace/dataset/test/test_read_format_rar5.c.ifdefed" startline="176" endline="214" function="DEFINE_TEST" hash="2336200488222386863"></source>
			<source file="../../workspace/dataset/test/test_read_format_rar5.c.ifdefed" startline="222" endline="255" function="DEFINE_TEST" hash="2179452207199940858"></source>
		</class>
	</version>
	<version nr="4430" hash="ba0478d3" evolution="Add" change="Consistent">
		<class nclones="3">
			<source file="../../workspace/dataset/test/test_read_format_rar5.c.ifdefed" startline="257" endline="278" function="DEFINE_TEST" hash="-3155732870078503148"></source>
			<source file="../../workspace/dataset/test/test_read_format_rar5.c.ifdefed" startline="280" endline="300" function="DEFINE_TEST" hash="1486593804724127498"></source>
			<source file="../../workspace/dataset/test/test_read_format_rar5.c.ifdefed" startline="302" endline="322" function="DEFINE_TEST" hash="5257931886937617908"></source>
		</class>
	</version>
	<version nr="4430" hash="ba0478d3" evolution="Subtract" change="Consistent">
		<class nclones="2">
			<source file="../../workspace/dataset/test/test_read_format_rar5.c.ifdefed" startline="368" endline="381" function="DEFINE_TEST" hash="-5596774136484654884"></source>
			<source file="../../workspace/dataset/test/test_read_format_rar5.c.ifdefed" startline="404" endline="421" function="DEFINE_TEST" hash="1382319956880227790"></source>
		</class>
	</version>
	<version nr="4430" hash="ba0478d3" evolution="Same" change="Consistent">
		<class nclones="2">
			<source file="../../workspace/dataset/test/test_read_format_rar5.c.ifdefed" startline="383" endline="402" function="DEFINE_TEST" hash="3481842277602943337"></source>
			<source file="../../workspace/dataset/test/test_read_format_rar5.c.ifdefed" startline="423" endline="442" function="DEFINE_TEST" hash="1364812719118981350"></source>
		</class>
	</version>
	<version nr="4430" hash="ba0478d3" evolution="Add" change="Consistent">
		<class nclones="6">
			<source file="../../workspace/dataset/test/test_read_format_rar5.c.ifdefed" startline="444" endline="493" function="DEFINE_TEST" hash="-4879276686955849715"></source>
			<source file="../../workspace/dataset/test/test_read_format_rar5.c.ifdefed" startline="633" endline="665" function="DEFINE_TEST" hash="8652217314191141382"></source>
			<source file="../../workspace/dataset/test/test_read_format_rar5.c.ifdefed" startline="528" endline="560" function="DEFINE_TEST" hash="-8967433142735888920"></source>
			<source file="../../workspace/dataset/test/test_read_format_rar5.c.ifdefed" startline="565" endline="597" function="DEFINE_TEST" hash="3302190135027431413"></source>
			<source file="../../workspace/dataset/test/test_read_format_rar5.c.ifdefed" startline="599" endline="631" function="DEFINE_TEST" hash="1799223906228681686"></source>
			<source file="../../workspace/dataset/test/test_read_format_rar5.c.ifdefed" startline="495" endline="526" function="DEFINE_TEST" hash="844680184714347970"></source>
		</class>
	</version>
	<version nr="4430" hash="ba0478d3" evolution="Subtract" change="Consistent">
		<class nclones="4">
			<source file="../../workspace/dataset/test/test_read_format_rar5.c.ifdefed" startline="667" endline="690" function="DEFINE_TEST" hash="-1832327591188477962"></source>
			<source file="../../workspace/dataset/test/test_read_format_rar5.c.ifdefed" startline="744" endline="768" function="DEFINE_TEST" hash="6418441385990393826"></source>
			<source file="../../workspace/dataset/test/test_read_format_rar5.c.ifdefed" startline="692" endline="716" function="DEFINE_TEST" hash="-3851536546335032321"></source>
			<source file="../../workspace/dataset/test/test_read_format_rar5.c.ifdefed" startline="718" endline="742" function="DEFINE_TEST" hash="4543828904368708796"></source>
		</class>
	</version>
	<version nr="4430" hash="ba0478d3" evolution="Subtract" change="Consistent">
		<class nclones="2">
			<source file="../../workspace/dataset/test/test_read_format_rar5.c.ifdefed" startline="1188" endline="1207" function="DEFINE_TEST" hash="592072037100186425"></source>
			<source file="../../workspace/dataset/test/test_read_format_rar5.c.ifdefed" startline="1224" endline="1243" function="DEFINE_TEST" hash="-6634543374218396953"></source>
		</class>
	</version>
	<version nr="4440" hash="afaaf3ad" evolution="Same" change="Consistent">
		<class nclones="2">
			<source file="../../workspace/dataset/test/test_read_format_rar5.c.ifdefed" startline="176" endline="214" function="DEFINE_TEST" hash="2336200488222386863"></source>
			<source file="../../workspace/dataset/test/test_read_format_rar5.c.ifdefed" startline="222" endline="255" function="DEFINE_TEST" hash="2179452207199940858"></source>
		</class>
	</version>
	<version nr="4440" hash="afaaf3ad" evolution="Add" change="Consistent">
		<class nclones="3">
			<source file="../../workspace/dataset/test/test_read_format_rar5.c.ifdefed" startline="257" endline="278" function="DEFINE_TEST" hash="-3155732870078503148"></source>
			<source file="../../workspace/dataset/test/test_read_format_rar5.c.ifdefed" startline="280" endline="300" function="DEFINE_TEST" hash="1486593804724127498"></source>
			<source file="../../workspace/dataset/test/test_read_format_rar5.c.ifdefed" startline="302" endline="322" function="DEFINE_TEST" hash="5257931886937617908"></source>
		</class>
	</version>
	<version nr="4440" hash="afaaf3ad" evolution="Subtract" change="Consistent">
		<class nclones="2">
			<source file="../../workspace/dataset/test/test_read_format_rar5.c.ifdefed" startline="368" endline="381" function="DEFINE_TEST" hash="-5596774136484654884"></source>
			<source file="../../workspace/dataset/test/test_read_format_rar5.c.ifdefed" startline="404" endline="421" function="DEFINE_TEST" hash="1382319956880227790"></source>
		</class>
	</version>
	<version nr="4440" hash="afaaf3ad" evolution="Same" change="Consistent">
		<class nclones="2">
			<source file="../../workspace/dataset/test/test_read_format_rar5.c.ifdefed" startline="383" endline="402" function="DEFINE_TEST" hash="3481842277602943337"></source>
			<source file="../../workspace/dataset/test/test_read_format_rar5.c.ifdefed" startline="423" endline="442" function="DEFINE_TEST" hash="1364812719118981350"></source>
		</class>
	</version>
	<version nr="4440" hash="afaaf3ad" evolution="Add" change="Consistent">
		<class nclones="6">
			<source file="../../workspace/dataset/test/test_read_format_rar5.c.ifdefed" startline="444" endline="493" function="DEFINE_TEST" hash="-4879276686955849715"></source>
			<source file="../../workspace/dataset/test/test_read_format_rar5.c.ifdefed" startline="633" endline="665" function="DEFINE_TEST" hash="8652217314191141382"></source>
			<source file="../../workspace/dataset/test/test_read_format_rar5.c.ifdefed" startline="528" endline="560" function="DEFINE_TEST" hash="-8967433142735888920"></source>
			<source file="../../workspace/dataset/test/test_read_format_rar5.c.ifdefed" startline="565" endline="597" function="DEFINE_TEST" hash="3302190135027431413"></source>
			<source file="../../workspace/dataset/test/test_read_format_rar5.c.ifdefed" startline="599" endline="631" function="DEFINE_TEST" hash="1799223906228681686"></source>
			<source file="../../workspace/dataset/test/test_read_format_rar5.c.ifdefed" startline="495" endline="526" function="DEFINE_TEST" hash="844680184714347970"></source>
		</class>
	</version>
	<version nr="4440" hash="afaaf3ad" evolution="Subtract" change="Consistent">
		<class nclones="4">
			<source file="../../workspace/dataset/test/test_read_format_rar5.c.ifdefed" startline="667" endline="690" function="DEFINE_TEST" hash="-1832327591188477962"></source>
			<source file="../../workspace/dataset/test/test_read_format_rar5.c.ifdefed" startline="744" endline="768" function="DEFINE_TEST" hash="6418441385990393826"></source>
			<source file="../../workspace/dataset/test/test_read_format_rar5.c.ifdefed" startline="692" endline="716" function="DEFINE_TEST" hash="-3851536546335032321"></source>
			<source file="../../workspace/dataset/test/test_read_format_rar5.c.ifdefed" startline="718" endline="742" function="DEFINE_TEST" hash="4543828904368708796"></source>
		</class>
	</version>
	<version nr="4440" hash="afaaf3ad" evolution="Subtract" change="Consistent">
		<class nclones="2">
			<source file="../../workspace/dataset/test/test_read_format_rar5.c.ifdefed" startline="1188" endline="1207" function="DEFINE_TEST" hash="592072037100186425"></source>
			<source file="../../workspace/dataset/test/test_read_format_rar5.c.ifdefed" startline="1224" endline="1243" function="DEFINE_TEST" hash="-6634543374218396953"></source>
		</class>
	</version>
	<version nr="4450" hash="6a2a3271" evolution="Same" change="Consistent">
		<class nclones="2">
			<source file="../../workspace/dataset/test/test_read_format_rar5.c.ifdefed" startline="176" endline="214" function="DEFINE_TEST" hash="2336200488222386863"></source>
			<source file="../../workspace/dataset/test/test_read_format_rar5.c.ifdefed" startline="222" endline="255" function="DEFINE_TEST" hash="2179452207199940858"></source>
		</class>
	</version>
	<version nr="4450" hash="6a2a3271" evolution="Add" change="Consistent">
		<class nclones="3">
			<source file="../../workspace/dataset/test/test_read_format_rar5.c.ifdefed" startline="257" endline="278" function="DEFINE_TEST" hash="-3155732870078503148"></source>
			<source file="../../workspace/dataset/test/test_read_format_rar5.c.ifdefed" startline="280" endline="300" function="DEFINE_TEST" hash="1486593804724127498"></source>
			<source file="../../workspace/dataset/test/test_read_format_rar5.c.ifdefed" startline="302" endline="322" function="DEFINE_TEST" hash="5257931886937617908"></source>
		</class>
	</version>
	<version nr="4450" hash="6a2a3271" evolution="Subtract" change="Consistent">
		<class nclones="2">
			<source file="../../workspace/dataset/test/test_read_format_rar5.c.ifdefed" startline="368" endline="381" function="DEFINE_TEST" hash="-5596774136484654884"></source>
			<source file="../../workspace/dataset/test/test_read_format_rar5.c.ifdefed" startline="404" endline="421" function="DEFINE_TEST" hash="1382319956880227790"></source>
		</class>
	</version>
	<version nr="4450" hash="6a2a3271" evolution="Same" change="Consistent">
		<class nclones="2">
			<source file="../../workspace/dataset/test/test_read_format_rar5.c.ifdefed" startline="383" endline="402" function="DEFINE_TEST" hash="3481842277602943337"></source>
			<source file="../../workspace/dataset/test/test_read_format_rar5.c.ifdefed" startline="423" endline="442" function="DEFINE_TEST" hash="1364812719118981350"></source>
		</class>
	</version>
	<version nr="4450" hash="6a2a3271" evolution="Add" change="Consistent">
		<class nclones="6">
			<source file="../../workspace/dataset/test/test_read_format_rar5.c.ifdefed" startline="444" endline="493" function="DEFINE_TEST" hash="-4879276686955849715"></source>
			<source file="../../workspace/dataset/test/test_read_format_rar5.c.ifdefed" startline="633" endline="665" function="DEFINE_TEST" hash="8652217314191141382"></source>
			<source file="../../workspace/dataset/test/test_read_format_rar5.c.ifdefed" startline="528" endline="560" function="DEFINE_TEST" hash="-8967433142735888920"></source>
			<source file="../../workspace/dataset/test/test_read_format_rar5.c.ifdefed" startline="565" endline="597" function="DEFINE_TEST" hash="3302190135027431413"></source>
			<source file="../../workspace/dataset/test/test_read_format_rar5.c.ifdefed" startline="599" endline="631" function="DEFINE_TEST" hash="1799223906228681686"></source>
			<source file="../../workspace/dataset/test/test_read_format_rar5.c.ifdefed" startline="495" endline="526" function="DEFINE_TEST" hash="844680184714347970"></source>
		</class>
	</version>
	<version nr="4450" hash="6a2a3271" evolution="Subtract" change="Consistent">
		<class nclones="4">
			<source file="../../workspace/dataset/test/test_read_format_rar5.c.ifdefed" startline="667" endline="690" function="DEFINE_TEST" hash="-1832327591188477962"></source>
			<source file="../../workspace/dataset/test/test_read_format_rar5.c.ifdefed" startline="744" endline="768" function="DEFINE_TEST" hash="6418441385990393826"></source>
			<source file="../../workspace/dataset/test/test_read_format_rar5.c.ifdefed" startline="692" endline="716" function="DEFINE_TEST" hash="-3851536546335032321"></source>
			<source file="../../workspace/dataset/test/test_read_format_rar5.c.ifdefed" startline="718" endline="742" function="DEFINE_TEST" hash="4543828904368708796"></source>
		</class>
	</version>
	<version nr="4450" hash="6a2a3271" evolution="Subtract" change="Consistent">
		<class nclones="2">
			<source file="../../workspace/dataset/test/test_read_format_rar5.c.ifdefed" startline="1188" endline="1207" function="DEFINE_TEST" hash="592072037100186425"></source>
			<source file="../../workspace/dataset/test/test_read_format_rar5.c.ifdefed" startline="1224" endline="1243" function="DEFINE_TEST" hash="-6634543374218396953"></source>
		</class>
	</version>
	<version nr="4460" hash="e1a23f84" evolution="Same" change="Consistent">
		<class nclones="2">
			<source file="../../workspace/dataset/test/test_read_format_rar5.c.ifdefed" startline="176" endline="214" function="DEFINE_TEST" hash="2336200488222386863"></source>
			<source file="../../workspace/dataset/test/test_read_format_rar5.c.ifdefed" startline="222" endline="255" function="DEFINE_TEST" hash="2179452207199940858"></source>
		</class>
	</version>
	<version nr="4460" hash="e1a23f84" evolution="Add" change="Consistent">
		<class nclones="3">
			<source file="../../workspace/dataset/test/test_read_format_rar5.c.ifdefed" startline="257" endline="278" function="DEFINE_TEST" hash="-3155732870078503148"></source>
			<source file="../../workspace/dataset/test/test_read_format_rar5.c.ifdefed" startline="280" endline="300" function="DEFINE_TEST" hash="1486593804724127498"></source>
			<source file="../../workspace/dataset/test/test_read_format_rar5.c.ifdefed" startline="302" endline="322" function="DEFINE_TEST" hash="5257931886937617908"></source>
		</class>
	</version>
	<version nr="4460" hash="e1a23f84" evolution="Subtract" change="Consistent">
		<class nclones="2">
			<source file="../../workspace/dataset/test/test_read_format_rar5.c.ifdefed" startline="368" endline="381" function="DEFINE_TEST" hash="-5596774136484654884"></source>
			<source file="../../workspace/dataset/test/test_read_format_rar5.c.ifdefed" startline="404" endline="421" function="DEFINE_TEST" hash="1382319956880227790"></source>
		</class>
	</version>
	<version nr="4460" hash="e1a23f84" evolution="Same" change="Consistent">
		<class nclones="2">
			<source file="../../workspace/dataset/test/test_read_format_rar5.c.ifdefed" startline="383" endline="402" function="DEFINE_TEST" hash="3481842277602943337"></source>
			<source file="../../workspace/dataset/test/test_read_format_rar5.c.ifdefed" startline="423" endline="442" function="DEFINE_TEST" hash="1364812719118981350"></source>
		</class>
	</version>
	<version nr="4460" hash="e1a23f84" evolution="Add" change="Consistent">
		<class nclones="6">
			<source file="../../workspace/dataset/test/test_read_format_rar5.c.ifdefed" startline="444" endline="493" function="DEFINE_TEST" hash="-4879276686955849715"></source>
			<source file="../../workspace/dataset/test/test_read_format_rar5.c.ifdefed" startline="528" endline="560" function="DEFINE_TEST" hash="-8967433142735888920"></source>
			<source file="../../workspace/dataset/test/test_read_format_rar5.c.ifdefed" startline="599" endline="631" function="DEFINE_TEST" hash="1799223906228681686"></source>
			<source file="../../workspace/dataset/test/test_read_format_rar5.c.ifdefed" startline="565" endline="597" function="DEFINE_TEST" hash="3302190135027431413"></source>
			<source file="../../workspace/dataset/test/test_read_format_rar5.c.ifdefed" startline="495" endline="526" function="DEFINE_TEST" hash="844680184714347970"></source>
			<source file="../../workspace/dataset/test/test_read_format_rar5.c.ifdefed" startline="633" endline="665" function="DEFINE_TEST" hash="8652217314191141382"></source>
		</class>
	</version>
	<version nr="4460" hash="e1a23f84" evolution="Subtract" change="Consistent">
		<class nclones="4">
			<source file="../../workspace/dataset/test/test_read_format_rar5.c.ifdefed" startline="667" endline="690" function="DEFINE_TEST" hash="-1832327591188477962"></source>
			<source file="../../workspace/dataset/test/test_read_format_rar5.c.ifdefed" startline="744" endline="768" function="DEFINE_TEST" hash="6418441385990393826"></source>
			<source file="../../workspace/dataset/test/test_read_format_rar5.c.ifdefed" startline="718" endline="742" function="DEFINE_TEST" hash="4543828904368708796"></source>
			<source file="../../workspace/dataset/test/test_read_format_rar5.c.ifdefed" startline="692" endline="716" function="DEFINE_TEST" hash="-3851536546335032321"></source>
		</class>
	</version>
	<version nr="4460" hash="e1a23f84" evolution="Subtract" change="Consistent">
		<class nclones="2">
			<source file="../../workspace/dataset/test/test_read_format_rar5.c.ifdefed" startline="1188" endline="1207" function="DEFINE_TEST" hash="592072037100186425"></source>
			<source file="../../workspace/dataset/test/test_read_format_rar5.c.ifdefed" startline="1224" endline="1243" function="DEFINE_TEST" hash="-6634543374218396953"></source>
		</class>
	</version>
	<version nr="4470" hash="4c38de35" evolution="Same" change="Consistent">
		<class nclones="2">
			<source file="../../workspace/dataset/test/test_read_format_rar5.c.ifdefed" startline="176" endline="214" function="DEFINE_TEST" hash="2336200488222386863"></source>
			<source file="../../workspace/dataset/test/test_read_format_rar5.c.ifdefed" startline="222" endline="255" function="DEFINE_TEST" hash="2179452207199940858"></source>
		</class>
	</version>
	<version nr="4470" hash="4c38de35" evolution="Add" change="Consistent">
		<class nclones="3">
			<source file="../../workspace/dataset/test/test_read_format_rar5.c.ifdefed" startline="257" endline="278" function="DEFINE_TEST" hash="-3155732870078503148"></source>
			<source file="../../workspace/dataset/test/test_read_format_rar5.c.ifdefed" startline="280" endline="300" function="DEFINE_TEST" hash="1486593804724127498"></source>
			<source file="../../workspace/dataset/test/test_read_format_rar5.c.ifdefed" startline="302" endline="322" function="DEFINE_TEST" hash="5257931886937617908"></source>
		</class>
	</version>
	<version nr="4470" hash="4c38de35" evolution="Subtract" change="Consistent">
		<class nclones="2">
			<source file="../../workspace/dataset/test/test_read_format_rar5.c.ifdefed" startline="368" endline="381" function="DEFINE_TEST" hash="-5596774136484654884"></source>
			<source file="../../workspace/dataset/test/test_read_format_rar5.c.ifdefed" startline="404" endline="421" function="DEFINE_TEST" hash="1382319956880227790"></source>
		</class>
	</version>
	<version nr="4470" hash="4c38de35" evolution="Same" change="Consistent">
		<class nclones="2">
			<source file="../../workspace/dataset/test/test_read_format_rar5.c.ifdefed" startline="383" endline="402" function="DEFINE_TEST" hash="3481842277602943337"></source>
			<source file="../../workspace/dataset/test/test_read_format_rar5.c.ifdefed" startline="423" endline="442" function="DEFINE_TEST" hash="1364812719118981350"></source>
		</class>
	</version>
	<version nr="4470" hash="4c38de35" evolution="Add" change="Consistent">
		<class nclones="6">
			<source file="../../workspace/dataset/test/test_read_format_rar5.c.ifdefed" startline="444" endline="493" function="DEFINE_TEST" hash="-4879276686955849715"></source>
			<source file="../../workspace/dataset/test/test_read_format_rar5.c.ifdefed" startline="528" endline="560" function="DEFINE_TEST" hash="-8967433142735888920"></source>
			<source file="../../workspace/dataset/test/test_read_format_rar5.c.ifdefed" startline="633" endline="665" function="DEFINE_TEST" hash="8652217314191141382"></source>
			<source file="../../workspace/dataset/test/test_read_format_rar5.c.ifdefed" startline="565" endline="597" function="DEFINE_TEST" hash="3302190135027431413"></source>
			<source file="../../workspace/dataset/test/test_read_format_rar5.c.ifdefed" startline="599" endline="631" function="DEFINE_TEST" hash="1799223906228681686"></source>
			<source file="../../workspace/dataset/test/test_read_format_rar5.c.ifdefed" startline="495" endline="526" function="DEFINE_TEST" hash="844680184714347970"></source>
		</class>
	</version>
	<version nr="4470" hash="4c38de35" evolution="Subtract" change="Consistent">
		<class nclones="4">
			<source file="../../workspace/dataset/test/test_read_format_rar5.c.ifdefed" startline="667" endline="690" function="DEFINE_TEST" hash="-1832327591188477962"></source>
			<source file="../../workspace/dataset/test/test_read_format_rar5.c.ifdefed" startline="692" endline="716" function="DEFINE_TEST" hash="-3851536546335032321"></source>
			<source file="../../workspace/dataset/test/test_read_format_rar5.c.ifdefed" startline="744" endline="768" function="DEFINE_TEST" hash="6418441385990393826"></source>
			<source file="../../workspace/dataset/test/test_read_format_rar5.c.ifdefed" startline="718" endline="742" function="DEFINE_TEST" hash="4543828904368708796"></source>
		</class>
	</version>
	<version nr="4470" hash="4c38de35" evolution="Subtract" change="Consistent">
		<class nclones="2">
			<source file="../../workspace/dataset/test/test_read_format_rar5.c.ifdefed" startline="1188" endline="1207" function="DEFINE_TEST" hash="592072037100186425"></source>
			<source file="../../workspace/dataset/test/test_read_format_rar5.c.ifdefed" startline="1224" endline="1243" function="DEFINE_TEST" hash="-6634543374218396953"></source>
		</class>
	</version>
	<version nr="4480" hash="bd87817a" evolution="Same" change="Consistent">
		<class nclones="2">
			<source file="../../workspace/dataset/test/test_read_format_rar5.c.ifdefed" startline="176" endline="214" function="DEFINE_TEST" hash="2336200488222386863"></source>
			<source file="../../workspace/dataset/test/test_read_format_rar5.c.ifdefed" startline="222" endline="255" function="DEFINE_TEST" hash="2179452207199940858"></source>
		</class>
	</version>
	<version nr="4480" hash="bd87817a" evolution="Add" change="Consistent">
		<class nclones="3">
			<source file="../../workspace/dataset/test/test_read_format_rar5.c.ifdefed" startline="257" endline="278" function="DEFINE_TEST" hash="-3155732870078503148"></source>
			<source file="../../workspace/dataset/test/test_read_format_rar5.c.ifdefed" startline="280" endline="300" function="DEFINE_TEST" hash="1486593804724127498"></source>
			<source file="../../workspace/dataset/test/test_read_format_rar5.c.ifdefed" startline="302" endline="322" function="DEFINE_TEST" hash="5257931886937617908"></source>
		</class>
	</version>
	<version nr="4480" hash="bd87817a" evolution="Subtract" change="Consistent">
		<class nclones="2">
			<source file="../../workspace/dataset/test/test_read_format_rar5.c.ifdefed" startline="368" endline="381" function="DEFINE_TEST" hash="-5596774136484654884"></source>
			<source file="../../workspace/dataset/test/test_read_format_rar5.c.ifdefed" startline="404" endline="421" function="DEFINE_TEST" hash="1382319956880227790"></source>
		</class>
	</version>
	<version nr="4480" hash="bd87817a" evolution="Same" change="Consistent">
		<class nclones="2">
			<source file="../../workspace/dataset/test/test_read_format_rar5.c.ifdefed" startline="383" endline="402" function="DEFINE_TEST" hash="3481842277602943337"></source>
			<source file="../../workspace/dataset/test/test_read_format_rar5.c.ifdefed" startline="423" endline="442" function="DEFINE_TEST" hash="1364812719118981350"></source>
		</class>
	</version>
	<version nr="4480" hash="bd87817a" evolution="Add" change="Consistent">
		<class nclones="6">
			<source file="../../workspace/dataset/test/test_read_format_rar5.c.ifdefed" startline="444" endline="493" function="DEFINE_TEST" hash="-4879276686955849715"></source>
			<source file="../../workspace/dataset/test/test_read_format_rar5.c.ifdefed" startline="599" endline="631" function="DEFINE_TEST" hash="1799223906228681686"></source>
			<source file="../../workspace/dataset/test/test_read_format_rar5.c.ifdefed" startline="633" endline="665" function="DEFINE_TEST" hash="8652217314191141382"></source>
			<source file="../../workspace/dataset/test/test_read_format_rar5.c.ifdefed" startline="565" endline="597" function="DEFINE_TEST" hash="3302190135027431413"></source>
			<source file="../../workspace/dataset/test/test_read_format_rar5.c.ifdefed" startline="528" endline="560" function="DEFINE_TEST" hash="-8967433142735888920"></source>
			<source file="../../workspace/dataset/test/test_read_format_rar5.c.ifdefed" startline="495" endline="526" function="DEFINE_TEST" hash="844680184714347970"></source>
		</class>
	</version>
	<version nr="4480" hash="bd87817a" evolution="Subtract" change="Consistent">
		<class nclones="4">
			<source file="../../workspace/dataset/test/test_read_format_rar5.c.ifdefed" startline="667" endline="690" function="DEFINE_TEST" hash="-1832327591188477962"></source>
			<source file="../../workspace/dataset/test/test_read_format_rar5.c.ifdefed" startline="692" endline="716" function="DEFINE_TEST" hash="-3851536546335032321"></source>
			<source file="../../workspace/dataset/test/test_read_format_rar5.c.ifdefed" startline="744" endline="768" function="DEFINE_TEST" hash="6418441385990393826"></source>
			<source file="../../workspace/dataset/test/test_read_format_rar5.c.ifdefed" startline="718" endline="742" function="DEFINE_TEST" hash="4543828904368708796"></source>
		</class>
	</version>
	<version nr="4480" hash="bd87817a" evolution="Subtract" change="Consistent">
		<class nclones="2">
			<source file="../../workspace/dataset/test/test_read_format_rar5.c.ifdefed" startline="1188" endline="1207" function="DEFINE_TEST" hash="592072037100186425"></source>
			<source file="../../workspace/dataset/test/test_read_format_rar5.c.ifdefed" startline="1224" endline="1243" function="DEFINE_TEST" hash="-6634543374218396953"></source>
		</class>
	</version>
	<version nr="4490" hash="0ae4ecd5" evolution="Same" change="Consistent">
		<class nclones="2">
			<source file="../../workspace/dataset/test/test_read_format_rar5.c.ifdefed" startline="176" endline="214" function="DEFINE_TEST" hash="2336200488222386863"></source>
			<source file="../../workspace/dataset/test/test_read_format_rar5.c.ifdefed" startline="222" endline="255" function="DEFINE_TEST" hash="2179452207199940858"></source>
		</class>
	</version>
	<version nr="4490" hash="0ae4ecd5" evolution="Add" change="Consistent">
		<class nclones="3">
			<source file="../../workspace/dataset/test/test_read_format_rar5.c.ifdefed" startline="257" endline="278" function="DEFINE_TEST" hash="-3155732870078503148"></source>
			<source file="../../workspace/dataset/test/test_read_format_rar5.c.ifdefed" startline="280" endline="300" function="DEFINE_TEST" hash="1486593804724127498"></source>
			<source file="../../workspace/dataset/test/test_read_format_rar5.c.ifdefed" startline="302" endline="322" function="DEFINE_TEST" hash="5257931886937617908"></source>
		</class>
	</version>
	<version nr="4490" hash="0ae4ecd5" evolution="Subtract" change="Consistent">
		<class nclones="2">
			<source file="../../workspace/dataset/test/test_read_format_rar5.c.ifdefed" startline="368" endline="381" function="DEFINE_TEST" hash="-5596774136484654884"></source>
			<source file="../../workspace/dataset/test/test_read_format_rar5.c.ifdefed" startline="404" endline="421" function="DEFINE_TEST" hash="1382319956880227790"></source>
		</class>
	</version>
	<version nr="4490" hash="0ae4ecd5" evolution="Same" change="Consistent">
		<class nclones="2">
			<source file="../../workspace/dataset/test/test_read_format_rar5.c.ifdefed" startline="383" endline="402" function="DEFINE_TEST" hash="3481842277602943337"></source>
			<source file="../../workspace/dataset/test/test_read_format_rar5.c.ifdefed" startline="423" endline="442" function="DEFINE_TEST" hash="1364812719118981350"></source>
		</class>
	</version>
	<version nr="4490" hash="0ae4ecd5" evolution="Add" change="Consistent">
		<class nclones="6">
			<source file="../../workspace/dataset/test/test_read_format_rar5.c.ifdefed" startline="444" endline="493" function="DEFINE_TEST" hash="-4879276686955849715"></source>
			<source file="../../workspace/dataset/test/test_read_format_rar5.c.ifdefed" startline="565" endline="597" function="DEFINE_TEST" hash="3302190135027431413"></source>
			<source file="../../workspace/dataset/test/test_read_format_rar5.c.ifdefed" startline="495" endline="526" function="DEFINE_TEST" hash="844680184714347970"></source>
			<source file="../../workspace/dataset/test/test_read_format_rar5.c.ifdefed" startline="528" endline="560" function="DEFINE_TEST" hash="-8967433142735888920"></source>
			<source file="../../workspace/dataset/test/test_read_format_rar5.c.ifdefed" startline="633" endline="665" function="DEFINE_TEST" hash="8652217314191141382"></source>
			<source file="../../workspace/dataset/test/test_read_format_rar5.c.ifdefed" startline="599" endline="631" function="DEFINE_TEST" hash="1799223906228681686"></source>
		</class>
	</version>
	<version nr="4490" hash="0ae4ecd5" evolution="Subtract" change="Consistent">
		<class nclones="4">
			<source file="../../workspace/dataset/test/test_read_format_rar5.c.ifdefed" startline="667" endline="690" function="DEFINE_TEST" hash="-1832327591188477962"></source>
			<source file="../../workspace/dataset/test/test_read_format_rar5.c.ifdefed" startline="718" endline="742" function="DEFINE_TEST" hash="4543828904368708796"></source>
			<source file="../../workspace/dataset/test/test_read_format_rar5.c.ifdefed" startline="744" endline="768" function="DEFINE_TEST" hash="6418441385990393826"></source>
			<source file="../../workspace/dataset/test/test_read_format_rar5.c.ifdefed" startline="692" endline="716" function="DEFINE_TEST" hash="-3851536546335032321"></source>
		</class>
	</version>
	<version nr="4490" hash="0ae4ecd5" evolution="Subtract" change="Consistent">
		<class nclones="2">
			<source file="../../workspace/dataset/test/test_read_format_rar5.c.ifdefed" startline="1188" endline="1207" function="DEFINE_TEST" hash="592072037100186425"></source>
			<source file="../../workspace/dataset/test/test_read_format_rar5.c.ifdefed" startline="1224" endline="1243" function="DEFINE_TEST" hash="-6634543374218396953"></source>
		</class>
	</version>
	<version nr="4500" hash="833821f5" evolution="Same" change="Consistent">
		<class nclones="2">
			<source file="../../workspace/dataset/test/test_read_format_rar5.c.ifdefed" startline="176" endline="214" function="DEFINE_TEST" hash="2336200488222386863"></source>
			<source file="../../workspace/dataset/test/test_read_format_rar5.c.ifdefed" startline="222" endline="255" function="DEFINE_TEST" hash="2179452207199940858"></source>
		</class>
	</version>
	<version nr="4500" hash="833821f5" evolution="Add" change="Consistent">
		<class nclones="3">
			<source file="../../workspace/dataset/test/test_read_format_rar5.c.ifdefed" startline="257" endline="278" function="DEFINE_TEST" hash="-3155732870078503148"></source>
			<source file="../../workspace/dataset/test/test_read_format_rar5.c.ifdefed" startline="280" endline="300" function="DEFINE_TEST" hash="1486593804724127498"></source>
			<source file="../../workspace/dataset/test/test_read_format_rar5.c.ifdefed" startline="302" endline="322" function="DEFINE_TEST" hash="5257931886937617908"></source>
		</class>
	</version>
	<version nr="4500" hash="833821f5" evolution="Subtract" change="Consistent">
		<class nclones="2">
			<source file="../../workspace/dataset/test/test_read_format_rar5.c.ifdefed" startline="368" endline="381" function="DEFINE_TEST" hash="-5596774136484654884"></source>
			<source file="../../workspace/dataset/test/test_read_format_rar5.c.ifdefed" startline="404" endline="421" function="DEFINE_TEST" hash="1382319956880227790"></source>
		</class>
	</version>
	<version nr="4500" hash="833821f5" evolution="Same" change="Consistent">
		<class nclones="2">
			<source file="../../workspace/dataset/test/test_read_format_rar5.c.ifdefed" startline="383" endline="402" function="DEFINE_TEST" hash="3481842277602943337"></source>
			<source file="../../workspace/dataset/test/test_read_format_rar5.c.ifdefed" startline="423" endline="442" function="DEFINE_TEST" hash="1364812719118981350"></source>
		</class>
	</version>
	<version nr="4500" hash="833821f5" evolution="Add" change="Consistent">
		<class nclones="6">
			<source file="../../workspace/dataset/test/test_read_format_rar5.c.ifdefed" startline="444" endline="493" function="DEFINE_TEST" hash="-4879276686955849715"></source>
			<source file="../../workspace/dataset/test/test_read_format_rar5.c.ifdefed" startline="565" endline="597" function="DEFINE_TEST" hash="3302190135027431413"></source>
			<source file="../../workspace/dataset/test/test_read_format_rar5.c.ifdefed" startline="495" endline="526" function="DEFINE_TEST" hash="844680184714347970"></source>
			<source file="../../workspace/dataset/test/test_read_format_rar5.c.ifdefed" startline="528" endline="560" function="DEFINE_TEST" hash="-8967433142735888920"></source>
			<source file="../../workspace/dataset/test/test_read_format_rar5.c.ifdefed" startline="633" endline="665" function="DEFINE_TEST" hash="8652217314191141382"></source>
			<source file="../../workspace/dataset/test/test_read_format_rar5.c.ifdefed" startline="599" endline="631" function="DEFINE_TEST" hash="1799223906228681686"></source>
		</class>
	</version>
	<version nr="4500" hash="833821f5" evolution="Subtract" change="Consistent">
		<class nclones="4">
			<source file="../../workspace/dataset/test/test_read_format_rar5.c.ifdefed" startline="667" endline="690" function="DEFINE_TEST" hash="-1832327591188477962"></source>
			<source file="../../workspace/dataset/test/test_read_format_rar5.c.ifdefed" startline="718" endline="742" function="DEFINE_TEST" hash="4543828904368708796"></source>
			<source file="../../workspace/dataset/test/test_read_format_rar5.c.ifdefed" startline="744" endline="768" function="DEFINE_TEST" hash="6418441385990393826"></source>
			<source file="../../workspace/dataset/test/test_read_format_rar5.c.ifdefed" startline="692" endline="716" function="DEFINE_TEST" hash="-3851536546335032321"></source>
		</class>
	</version>
	<version nr="4500" hash="833821f5" evolution="Subtract" change="Consistent">
		<class nclones="2">
			<source file="../../workspace/dataset/test/test_read_format_rar5.c.ifdefed" startline="1188" endline="1207" function="DEFINE_TEST" hash="592072037100186425"></source>
			<source file="../../workspace/dataset/test/test_read_format_rar5.c.ifdefed" startline="1224" endline="1243" function="DEFINE_TEST" hash="-6634543374218396953"></source>
		</class>
	</version>
	<version nr="4510" hash="03a745cb" evolution="Same" change="Consistent">
		<class nclones="2">
			<source file="../../workspace/dataset/test/test_read_format_rar5.c.ifdefed" startline="176" endline="214" function="DEFINE_TEST" hash="2336200488222386863"></source>
			<source file="../../workspace/dataset/test/test_read_format_rar5.c.ifdefed" startline="222" endline="255" function="DEFINE_TEST" hash="2179452207199940858"></source>
		</class>
	</version>
	<version nr="4510" hash="03a745cb" evolution="Add" change="Consistent">
		<class nclones="3">
			<source file="../../workspace/dataset/test/test_read_format_rar5.c.ifdefed" startline="257" endline="278" function="DEFINE_TEST" hash="-3155732870078503148"></source>
			<source file="../../workspace/dataset/test/test_read_format_rar5.c.ifdefed" startline="302" endline="322" function="DEFINE_TEST" hash="5257931886937617908"></source>
			<source file="../../workspace/dataset/test/test_read_format_rar5.c.ifdefed" startline="280" endline="300" function="DEFINE_TEST" hash="1486593804724127498"></source>
		</class>
	</version>
	<version nr="4510" hash="03a745cb" evolution="Subtract" change="Consistent">
		<class nclones="2">
			<source file="../../workspace/dataset/test/test_read_format_rar5.c.ifdefed" startline="368" endline="381" function="DEFINE_TEST" hash="-5596774136484654884"></source>
			<source file="../../workspace/dataset/test/test_read_format_rar5.c.ifdefed" startline="404" endline="421" function="DEFINE_TEST" hash="1382319956880227790"></source>
		</class>
	</version>
	<version nr="4510" hash="03a745cb" evolution="Same" change="Consistent">
		<class nclones="2">
			<source file="../../workspace/dataset/test/test_read_format_rar5.c.ifdefed" startline="383" endline="402" function="DEFINE_TEST" hash="3481842277602943337"></source>
			<source file="../../workspace/dataset/test/test_read_format_rar5.c.ifdefed" startline="423" endline="442" function="DEFINE_TEST" hash="1364812719118981350"></source>
		</class>
	</version>
	<version nr="4510" hash="03a745cb" evolution="Add" change="Consistent">
		<class nclones="6">
			<source file="../../workspace/dataset/test/test_read_format_rar5.c.ifdefed" startline="444" endline="493" function="DEFINE_TEST" hash="-4879276686955849715"></source>
			<source file="../../workspace/dataset/test/test_read_format_rar5.c.ifdefed" startline="565" endline="597" function="DEFINE_TEST" hash="3302190135027431413"></source>
			<source file="../../workspace/dataset/test/test_read_format_rar5.c.ifdefed" startline="495" endline="526" function="DEFINE_TEST" hash="844680184714347970"></source>
			<source file="../../workspace/dataset/test/test_read_format_rar5.c.ifdefed" startline="528" endline="560" function="DEFINE_TEST" hash="-8967433142735888920"></source>
			<source file="../../workspace/dataset/test/test_read_format_rar5.c.ifdefed" startline="599" endline="631" function="DEFINE_TEST" hash="1799223906228681686"></source>
			<source file="../../workspace/dataset/test/test_read_format_rar5.c.ifdefed" startline="633" endline="665" function="DEFINE_TEST" hash="8652217314191141382"></source>
		</class>
	</version>
	<version nr="4510" hash="03a745cb" evolution="Subtract" change="Consistent">
		<class nclones="4">
			<source file="../../workspace/dataset/test/test_read_format_rar5.c.ifdefed" startline="667" endline="690" function="DEFINE_TEST" hash="-1832327591188477962"></source>
			<source file="../../workspace/dataset/test/test_read_format_rar5.c.ifdefed" startline="744" endline="768" function="DEFINE_TEST" hash="6418441385990393826"></source>
			<source file="../../workspace/dataset/test/test_read_format_rar5.c.ifdefed" startline="718" endline="742" function="DEFINE_TEST" hash="4543828904368708796"></source>
			<source file="../../workspace/dataset/test/test_read_format_rar5.c.ifdefed" startline="692" endline="716" function="DEFINE_TEST" hash="-3851536546335032321"></source>
		</class>
	</version>
	<version nr="4510" hash="03a745cb" evolution="Subtract" change="Consistent">
		<class nclones="2">
			<source file="../../workspace/dataset/test/test_read_format_rar5.c.ifdefed" startline="1188" endline="1207" function="DEFINE_TEST" hash="592072037100186425"></source>
			<source file="../../workspace/dataset/test/test_read_format_rar5.c.ifdefed" startline="1224" endline="1243" function="DEFINE_TEST" hash="-6634543374218396953"></source>
		</class>
	</version>
	<version nr="4520" hash="0fd2ed25" evolution="Same" change="Consistent">
		<class nclones="2">
			<source file="../../workspace/dataset/test/test_read_format_rar5.c.ifdefed" startline="176" endline="214" function="DEFINE_TEST" hash="2336200488222386863"></source>
			<source file="../../workspace/dataset/test/test_read_format_rar5.c.ifdefed" startline="222" endline="255" function="DEFINE_TEST" hash="2179452207199940858"></source>
		</class>
	</version>
	<version nr="4520" hash="0fd2ed25" evolution="Add" change="Consistent">
		<class nclones="3">
			<source file="../../workspace/dataset/test/test_read_format_rar5.c.ifdefed" startline="257" endline="278" function="DEFINE_TEST" hash="-3155732870078503148"></source>
			<source file="../../workspace/dataset/test/test_read_format_rar5.c.ifdefed" startline="302" endline="322" function="DEFINE_TEST" hash="5257931886937617908"></source>
			<source file="../../workspace/dataset/test/test_read_format_rar5.c.ifdefed" startline="280" endline="300" function="DEFINE_TEST" hash="1486593804724127498"></source>
		</class>
	</version>
	<version nr="4520" hash="0fd2ed25" evolution="Subtract" change="Consistent">
		<class nclones="2">
			<source file="../../workspace/dataset/test/test_read_format_rar5.c.ifdefed" startline="368" endline="381" function="DEFINE_TEST" hash="-5596774136484654884"></source>
			<source file="../../workspace/dataset/test/test_read_format_rar5.c.ifdefed" startline="404" endline="421" function="DEFINE_TEST" hash="1382319956880227790"></source>
		</class>
	</version>
	<version nr="4520" hash="0fd2ed25" evolution="Same" change="Consistent">
		<class nclones="2">
			<source file="../../workspace/dataset/test/test_read_format_rar5.c.ifdefed" startline="383" endline="402" function="DEFINE_TEST" hash="3481842277602943337"></source>
			<source file="../../workspace/dataset/test/test_read_format_rar5.c.ifdefed" startline="423" endline="442" function="DEFINE_TEST" hash="1364812719118981350"></source>
		</class>
	</version>
	<version nr="4520" hash="0fd2ed25" evolution="Add" change="Consistent">
		<class nclones="6">
			<source file="../../workspace/dataset/test/test_read_format_rar5.c.ifdefed" startline="444" endline="493" function="DEFINE_TEST" hash="-4879276686955849715"></source>
			<source file="../../workspace/dataset/test/test_read_format_rar5.c.ifdefed" startline="565" endline="597" function="DEFINE_TEST" hash="3302190135027431413"></source>
			<source file="../../workspace/dataset/test/test_read_format_rar5.c.ifdefed" startline="495" endline="526" function="DEFINE_TEST" hash="844680184714347970"></source>
			<source file="../../workspace/dataset/test/test_read_format_rar5.c.ifdefed" startline="528" endline="560" function="DEFINE_TEST" hash="-8967433142735888920"></source>
			<source file="../../workspace/dataset/test/test_read_format_rar5.c.ifdefed" startline="599" endline="631" function="DEFINE_TEST" hash="1799223906228681686"></source>
			<source file="../../workspace/dataset/test/test_read_format_rar5.c.ifdefed" startline="633" endline="665" function="DEFINE_TEST" hash="8652217314191141382"></source>
		</class>
	</version>
	<version nr="4520" hash="0fd2ed25" evolution="Subtract" change="Consistent">
		<class nclones="4">
			<source file="../../workspace/dataset/test/test_read_format_rar5.c.ifdefed" startline="667" endline="690" function="DEFINE_TEST" hash="-1832327591188477962"></source>
			<source file="../../workspace/dataset/test/test_read_format_rar5.c.ifdefed" startline="744" endline="768" function="DEFINE_TEST" hash="6418441385990393826"></source>
			<source file="../../workspace/dataset/test/test_read_format_rar5.c.ifdefed" startline="718" endline="742" function="DEFINE_TEST" hash="4543828904368708796"></source>
			<source file="../../workspace/dataset/test/test_read_format_rar5.c.ifdefed" startline="692" endline="716" function="DEFINE_TEST" hash="-3851536546335032321"></source>
		</class>
	</version>
	<version nr="4520" hash="0fd2ed25" evolution="Subtract" change="Consistent">
		<class nclones="2">
			<source file="../../workspace/dataset/test/test_read_format_rar5.c.ifdefed" startline="1188" endline="1207" function="DEFINE_TEST" hash="592072037100186425"></source>
			<source file="../../workspace/dataset/test/test_read_format_rar5.c.ifdefed" startline="1224" endline="1243" function="DEFINE_TEST" hash="-6634543374218396953"></source>
		</class>
	</version>
	<version nr="4530" hash="5bb998d8" evolution="Same" change="Consistent">
		<class nclones="2">
			<source file="../../workspace/dataset/test/test_read_format_rar5.c.ifdefed" startline="176" endline="214" function="DEFINE_TEST" hash="2336200488222386863"></source>
			<source file="../../workspace/dataset/test/test_read_format_rar5.c.ifdefed" startline="222" endline="255" function="DEFINE_TEST" hash="2179452207199940858"></source>
		</class>
	</version>
	<version nr="4530" hash="5bb998d8" evolution="Add" change="Consistent">
		<class nclones="3">
			<source file="../../workspace/dataset/test/test_read_format_rar5.c.ifdefed" startline="257" endline="278" function="DEFINE_TEST" hash="-3155732870078503148"></source>
			<source file="../../workspace/dataset/test/test_read_format_rar5.c.ifdefed" startline="302" endline="322" function="DEFINE_TEST" hash="5257931886937617908"></source>
			<source file="../../workspace/dataset/test/test_read_format_rar5.c.ifdefed" startline="280" endline="300" function="DEFINE_TEST" hash="1486593804724127498"></source>
		</class>
	</version>
	<version nr="4530" hash="5bb998d8" evolution="Subtract" change="Consistent">
		<class nclones="2">
			<source file="../../workspace/dataset/test/test_read_format_rar5.c.ifdefed" startline="368" endline="381" function="DEFINE_TEST" hash="-5596774136484654884"></source>
			<source file="../../workspace/dataset/test/test_read_format_rar5.c.ifdefed" startline="404" endline="421" function="DEFINE_TEST" hash="1382319956880227790"></source>
		</class>
	</version>
	<version nr="4530" hash="5bb998d8" evolution="Same" change="Consistent">
		<class nclones="2">
			<source file="../../workspace/dataset/test/test_read_format_rar5.c.ifdefed" startline="383" endline="402" function="DEFINE_TEST" hash="3481842277602943337"></source>
			<source file="../../workspace/dataset/test/test_read_format_rar5.c.ifdefed" startline="423" endline="442" function="DEFINE_TEST" hash="1364812719118981350"></source>
		</class>
	</version>
	<version nr="4530" hash="5bb998d8" evolution="Add" change="Consistent">
		<class nclones="6">
			<source file="../../workspace/dataset/test/test_read_format_rar5.c.ifdefed" startline="444" endline="493" function="DEFINE_TEST" hash="-4879276686955849715"></source>
			<source file="../../workspace/dataset/test/test_read_format_rar5.c.ifdefed" startline="599" endline="631" function="DEFINE_TEST" hash="1799223906228681686"></source>
			<source file="../../workspace/dataset/test/test_read_format_rar5.c.ifdefed" startline="528" endline="560" function="DEFINE_TEST" hash="-8967433142735888920"></source>
			<source file="../../workspace/dataset/test/test_read_format_rar5.c.ifdefed" startline="633" endline="665" function="DEFINE_TEST" hash="8652217314191141382"></source>
			<source file="../../workspace/dataset/test/test_read_format_rar5.c.ifdefed" startline="495" endline="526" function="DEFINE_TEST" hash="844680184714347970"></source>
			<source file="../../workspace/dataset/test/test_read_format_rar5.c.ifdefed" startline="565" endline="597" function="DEFINE_TEST" hash="3302190135027431413"></source>
		</class>
	</version>
	<version nr="4530" hash="5bb998d8" evolution="Subtract" change="Consistent">
		<class nclones="4">
			<source file="../../workspace/dataset/test/test_read_format_rar5.c.ifdefed" startline="667" endline="690" function="DEFINE_TEST" hash="-1832327591188477962"></source>
			<source file="../../workspace/dataset/test/test_read_format_rar5.c.ifdefed" startline="692" endline="716" function="DEFINE_TEST" hash="-3851536546335032321"></source>
			<source file="../../workspace/dataset/test/test_read_format_rar5.c.ifdefed" startline="718" endline="742" function="DEFINE_TEST" hash="4543828904368708796"></source>
			<source file="../../workspace/dataset/test/test_read_format_rar5.c.ifdefed" startline="744" endline="768" function="DEFINE_TEST" hash="6418441385990393826"></source>
		</class>
	</version>
	<version nr="4530" hash="5bb998d8" evolution="Subtract" change="Consistent">
		<class nclones="2">
			<source file="../../workspace/dataset/test/test_read_format_rar5.c.ifdefed" startline="1188" endline="1207" function="DEFINE_TEST" hash="592072037100186425"></source>
			<source file="../../workspace/dataset/test/test_read_format_rar5.c.ifdefed" startline="1224" endline="1243" function="DEFINE_TEST" hash="-6634543374218396953"></source>
		</class>
	</version>
	<version nr="4540" hash="e2ad1a2c" evolution="Same" change="Consistent">
		<class nclones="2">
			<source file="../../workspace/dataset/test/test_read_format_rar5.c.ifdefed" startline="176" endline="214" function="DEFINE_TEST" hash="2336200488222386863"></source>
			<source file="../../workspace/dataset/test/test_read_format_rar5.c.ifdefed" startline="222" endline="255" function="DEFINE_TEST" hash="2179452207199940858"></source>
		</class>
	</version>
	<version nr="4540" hash="e2ad1a2c" evolution="Add" change="Consistent">
		<class nclones="3">
			<source file="../../workspace/dataset/test/test_read_format_rar5.c.ifdefed" startline="257" endline="278" function="DEFINE_TEST" hash="-3155732870078503148"></source>
			<source file="../../workspace/dataset/test/test_read_format_rar5.c.ifdefed" startline="302" endline="322" function="DEFINE_TEST" hash="5257931886937617908"></source>
			<source file="../../workspace/dataset/test/test_read_format_rar5.c.ifdefed" startline="280" endline="300" function="DEFINE_TEST" hash="1486593804724127498"></source>
		</class>
	</version>
	<version nr="4540" hash="e2ad1a2c" evolution="Subtract" change="Consistent">
		<class nclones="2">
			<source file="../../workspace/dataset/test/test_read_format_rar5.c.ifdefed" startline="368" endline="381" function="DEFINE_TEST" hash="-5596774136484654884"></source>
			<source file="../../workspace/dataset/test/test_read_format_rar5.c.ifdefed" startline="404" endline="421" function="DEFINE_TEST" hash="1382319956880227790"></source>
		</class>
	</version>
	<version nr="4540" hash="e2ad1a2c" evolution="Same" change="Consistent">
		<class nclones="2">
			<source file="../../workspace/dataset/test/test_read_format_rar5.c.ifdefed" startline="383" endline="402" function="DEFINE_TEST" hash="3481842277602943337"></source>
			<source file="../../workspace/dataset/test/test_read_format_rar5.c.ifdefed" startline="423" endline="442" function="DEFINE_TEST" hash="1364812719118981350"></source>
		</class>
	</version>
	<version nr="4540" hash="e2ad1a2c" evolution="Add" change="Consistent">
		<class nclones="6">
			<source file="../../workspace/dataset/test/test_read_format_rar5.c.ifdefed" startline="444" endline="493" function="DEFINE_TEST" hash="-4879276686955849715"></source>
			<source file="../../workspace/dataset/test/test_read_format_rar5.c.ifdefed" startline="599" endline="631" function="DEFINE_TEST" hash="1799223906228681686"></source>
			<source file="../../workspace/dataset/test/test_read_format_rar5.c.ifdefed" startline="528" endline="560" function="DEFINE_TEST" hash="-8967433142735888920"></source>
			<source file="../../workspace/dataset/test/test_read_format_rar5.c.ifdefed" startline="633" endline="665" function="DEFINE_TEST" hash="8652217314191141382"></source>
			<source file="../../workspace/dataset/test/test_read_format_rar5.c.ifdefed" startline="495" endline="526" function="DEFINE_TEST" hash="844680184714347970"></source>
			<source file="../../workspace/dataset/test/test_read_format_rar5.c.ifdefed" startline="565" endline="597" function="DEFINE_TEST" hash="3302190135027431413"></source>
		</class>
	</version>
	<version nr="4540" hash="e2ad1a2c" evolution="Subtract" change="Consistent">
		<class nclones="4">
			<source file="../../workspace/dataset/test/test_read_format_rar5.c.ifdefed" startline="667" endline="690" function="DEFINE_TEST" hash="-1832327591188477962"></source>
			<source file="../../workspace/dataset/test/test_read_format_rar5.c.ifdefed" startline="692" endline="716" function="DEFINE_TEST" hash="-3851536546335032321"></source>
			<source file="../../workspace/dataset/test/test_read_format_rar5.c.ifdefed" startline="718" endline="742" function="DEFINE_TEST" hash="4543828904368708796"></source>
			<source file="../../workspace/dataset/test/test_read_format_rar5.c.ifdefed" startline="744" endline="768" function="DEFINE_TEST" hash="6418441385990393826"></source>
		</class>
	</version>
	<version nr="4540" hash="e2ad1a2c" evolution="Subtract" change="Consistent">
		<class nclones="2">
			<source file="../../workspace/dataset/test/test_read_format_rar5.c.ifdefed" startline="1188" endline="1207" function="DEFINE_TEST" hash="592072037100186425"></source>
			<source file="../../workspace/dataset/test/test_read_format_rar5.c.ifdefed" startline="1224" endline="1243" function="DEFINE_TEST" hash="-6634543374218396953"></source>
		</class>
	</version>
	<version nr="4550" hash="cc8020be" evolution="Same" change="Consistent">
		<class nclones="2">
			<source file="../../workspace/dataset/test/test_read_format_rar5.c.ifdefed" startline="176" endline="214" function="DEFINE_TEST" hash="2336200488222386863"></source>
			<source file="../../workspace/dataset/test/test_read_format_rar5.c.ifdefed" startline="222" endline="255" function="DEFINE_TEST" hash="2179452207199940858"></source>
		</class>
	</version>
	<version nr="4550" hash="cc8020be" evolution="Add" change="Consistent">
		<class nclones="3">
			<source file="../../workspace/dataset/test/test_read_format_rar5.c.ifdefed" startline="257" endline="278" function="DEFINE_TEST" hash="-3155732870078503148"></source>
			<source file="../../workspace/dataset/test/test_read_format_rar5.c.ifdefed" startline="302" endline="322" function="DEFINE_TEST" hash="5257931886937617908"></source>
			<source file="../../workspace/dataset/test/test_read_format_rar5.c.ifdefed" startline="280" endline="300" function="DEFINE_TEST" hash="1486593804724127498"></source>
		</class>
	</version>
	<version nr="4550" hash="cc8020be" evolution="Subtract" change="Consistent">
		<class nclones="2">
			<source file="../../workspace/dataset/test/test_read_format_rar5.c.ifdefed" startline="368" endline="381" function="DEFINE_TEST" hash="-5596774136484654884"></source>
			<source file="../../workspace/dataset/test/test_read_format_rar5.c.ifdefed" startline="404" endline="421" function="DEFINE_TEST" hash="1382319956880227790"></source>
		</class>
	</version>
	<version nr="4550" hash="cc8020be" evolution="Same" change="Consistent">
		<class nclones="2">
			<source file="../../workspace/dataset/test/test_read_format_rar5.c.ifdefed" startline="383" endline="402" function="DEFINE_TEST" hash="3481842277602943337"></source>
			<source file="../../workspace/dataset/test/test_read_format_rar5.c.ifdefed" startline="423" endline="442" function="DEFINE_TEST" hash="1364812719118981350"></source>
		</class>
	</version>
	<version nr="4550" hash="cc8020be" evolution="Add" change="Consistent">
		<class nclones="6">
			<source file="../../workspace/dataset/test/test_read_format_rar5.c.ifdefed" startline="444" endline="493" function="DEFINE_TEST" hash="-4879276686955849715"></source>
			<source file="../../workspace/dataset/test/test_read_format_rar5.c.ifdefed" startline="495" endline="526" function="DEFINE_TEST" hash="844680184714347970"></source>
			<source file="../../workspace/dataset/test/test_read_format_rar5.c.ifdefed" startline="565" endline="597" function="DEFINE_TEST" hash="3302190135027431413"></source>
			<source file="../../workspace/dataset/test/test_read_format_rar5.c.ifdefed" startline="599" endline="631" function="DEFINE_TEST" hash="1799223906228681686"></source>
			<source file="../../workspace/dataset/test/test_read_format_rar5.c.ifdefed" startline="528" endline="560" function="DEFINE_TEST" hash="-8967433142735888920"></source>
			<source file="../../workspace/dataset/test/test_read_format_rar5.c.ifdefed" startline="633" endline="665" function="DEFINE_TEST" hash="8652217314191141382"></source>
		</class>
	</version>
	<version nr="4550" hash="cc8020be" evolution="Subtract" change="Consistent">
		<class nclones="4">
			<source file="../../workspace/dataset/test/test_read_format_rar5.c.ifdefed" startline="667" endline="690" function="DEFINE_TEST" hash="-1832327591188477962"></source>
			<source file="../../workspace/dataset/test/test_read_format_rar5.c.ifdefed" startline="744" endline="768" function="DEFINE_TEST" hash="6418441385990393826"></source>
			<source file="../../workspace/dataset/test/test_read_format_rar5.c.ifdefed" startline="718" endline="742" function="DEFINE_TEST" hash="4543828904368708796"></source>
			<source file="../../workspace/dataset/test/test_read_format_rar5.c.ifdefed" startline="692" endline="716" function="DEFINE_TEST" hash="-3851536546335032321"></source>
		</class>
	</version>
	<version nr="4550" hash="cc8020be" evolution="Subtract" change="Consistent">
		<class nclones="2">
			<source file="../../workspace/dataset/test/test_read_format_rar5.c.ifdefed" startline="1188" endline="1207" function="DEFINE_TEST" hash="592072037100186425"></source>
			<source file="../../workspace/dataset/test/test_read_format_rar5.c.ifdefed" startline="1224" endline="1243" function="DEFINE_TEST" hash="-6634543374218396953"></source>
		</class>
	</version>
	<version nr="4560" hash="09dcd243" evolution="Same" change="Consistent">
		<class nclones="2">
			<source file="../../workspace/dataset/test/test_read_format_rar5.c.ifdefed" startline="176" endline="214" function="DEFINE_TEST" hash="2336200488222386863"></source>
			<source file="../../workspace/dataset/test/test_read_format_rar5.c.ifdefed" startline="222" endline="255" function="DEFINE_TEST" hash="2179452207199940858"></source>
		</class>
	</version>
	<version nr="4560" hash="09dcd243" evolution="Add" change="Consistent">
		<class nclones="3">
			<source file="../../workspace/dataset/test/test_read_format_rar5.c.ifdefed" startline="257" endline="278" function="DEFINE_TEST" hash="-3155732870078503148"></source>
			<source file="../../workspace/dataset/test/test_read_format_rar5.c.ifdefed" startline="302" endline="322" function="DEFINE_TEST" hash="5257931886937617908"></source>
			<source file="../../workspace/dataset/test/test_read_format_rar5.c.ifdefed" startline="280" endline="300" function="DEFINE_TEST" hash="1486593804724127498"></source>
		</class>
	</version>
	<version nr="4560" hash="09dcd243" evolution="Subtract" change="Consistent">
		<class nclones="2">
			<source file="../../workspace/dataset/test/test_read_format_rar5.c.ifdefed" startline="368" endline="381" function="DEFINE_TEST" hash="-5596774136484654884"></source>
			<source file="../../workspace/dataset/test/test_read_format_rar5.c.ifdefed" startline="404" endline="421" function="DEFINE_TEST" hash="1382319956880227790"></source>
		</class>
	</version>
	<version nr="4560" hash="09dcd243" evolution="Same" change="Consistent">
		<class nclones="2">
			<source file="../../workspace/dataset/test/test_read_format_rar5.c.ifdefed" startline="383" endline="402" function="DEFINE_TEST" hash="3481842277602943337"></source>
			<source file="../../workspace/dataset/test/test_read_format_rar5.c.ifdefed" startline="423" endline="442" function="DEFINE_TEST" hash="1364812719118981350"></source>
		</class>
	</version>
	<version nr="4560" hash="09dcd243" evolution="Add" change="Consistent">
		<class nclones="6">
			<source file="../../workspace/dataset/test/test_read_format_rar5.c.ifdefed" startline="444" endline="493" function="DEFINE_TEST" hash="-4879276686955849715"></source>
			<source file="../../workspace/dataset/test/test_read_format_rar5.c.ifdefed" startline="599" endline="631" function="DEFINE_TEST" hash="1799223906228681686"></source>
			<source file="../../workspace/dataset/test/test_read_format_rar5.c.ifdefed" startline="528" endline="560" function="DEFINE_TEST" hash="-8967433142735888920"></source>
			<source file="../../workspace/dataset/test/test_read_format_rar5.c.ifdefed" startline="633" endline="665" function="DEFINE_TEST" hash="8652217314191141382"></source>
			<source file="../../workspace/dataset/test/test_read_format_rar5.c.ifdefed" startline="495" endline="526" function="DEFINE_TEST" hash="844680184714347970"></source>
			<source file="../../workspace/dataset/test/test_read_format_rar5.c.ifdefed" startline="565" endline="597" function="DEFINE_TEST" hash="3302190135027431413"></source>
		</class>
	</version>
	<version nr="4560" hash="09dcd243" evolution="Subtract" change="Consistent">
		<class nclones="4">
			<source file="../../workspace/dataset/test/test_read_format_rar5.c.ifdefed" startline="667" endline="690" function="DEFINE_TEST" hash="-1832327591188477962"></source>
			<source file="../../workspace/dataset/test/test_read_format_rar5.c.ifdefed" startline="718" endline="742" function="DEFINE_TEST" hash="4543828904368708796"></source>
			<source file="../../workspace/dataset/test/test_read_format_rar5.c.ifdefed" startline="744" endline="768" function="DEFINE_TEST" hash="6418441385990393826"></source>
			<source file="../../workspace/dataset/test/test_read_format_rar5.c.ifdefed" startline="692" endline="716" function="DEFINE_TEST" hash="-3851536546335032321"></source>
		</class>
	</version>
	<version nr="4560" hash="09dcd243" evolution="Subtract" change="Consistent">
		<class nclones="2">
			<source file="../../workspace/dataset/test/test_read_format_rar5.c.ifdefed" startline="1188" endline="1207" function="DEFINE_TEST" hash="592072037100186425"></source>
			<source file="../../workspace/dataset/test/test_read_format_rar5.c.ifdefed" startline="1224" endline="1243" function="DEFINE_TEST" hash="-6634543374218396953"></source>
		</class>
	</version>
	<version nr="4570" hash="56c920ea" evolution="Same" change="Consistent">
		<class nclones="2">
			<source file="../../workspace/dataset/test/test_read_format_rar5.c.ifdefed" startline="176" endline="214" function="DEFINE_TEST" hash="2336200488222386863"></source>
			<source file="../../workspace/dataset/test/test_read_format_rar5.c.ifdefed" startline="222" endline="255" function="DEFINE_TEST" hash="2179452207199940858"></source>
		</class>
	</version>
	<version nr="4570" hash="56c920ea" evolution="Add" change="Consistent">
		<class nclones="3">
			<source file="../../workspace/dataset/test/test_read_format_rar5.c.ifdefed" startline="257" endline="278" function="DEFINE_TEST" hash="-3155732870078503148"></source>
			<source file="../../workspace/dataset/test/test_read_format_rar5.c.ifdefed" startline="302" endline="322" function="DEFINE_TEST" hash="5257931886937617908"></source>
			<source file="../../workspace/dataset/test/test_read_format_rar5.c.ifdefed" startline="280" endline="300" function="DEFINE_TEST" hash="1486593804724127498"></source>
		</class>
	</version>
	<version nr="4570" hash="56c920ea" evolution="Subtract" change="Consistent">
		<class nclones="2">
			<source file="../../workspace/dataset/test/test_read_format_rar5.c.ifdefed" startline="368" endline="381" function="DEFINE_TEST" hash="-5596774136484654884"></source>
			<source file="../../workspace/dataset/test/test_read_format_rar5.c.ifdefed" startline="404" endline="421" function="DEFINE_TEST" hash="1382319956880227790"></source>
		</class>
	</version>
	<version nr="4570" hash="56c920ea" evolution="Same" change="Consistent">
		<class nclones="2">
			<source file="../../workspace/dataset/test/test_read_format_rar5.c.ifdefed" startline="383" endline="402" function="DEFINE_TEST" hash="3481842277602943337"></source>
			<source file="../../workspace/dataset/test/test_read_format_rar5.c.ifdefed" startline="423" endline="442" function="DEFINE_TEST" hash="1364812719118981350"></source>
		</class>
	</version>
	<version nr="4570" hash="56c920ea" evolution="Add" change="Consistent">
		<class nclones="6">
			<source file="../../workspace/dataset/test/test_read_format_rar5.c.ifdefed" startline="444" endline="493" function="DEFINE_TEST" hash="-4879276686955849715"></source>
			<source file="../../workspace/dataset/test/test_read_format_rar5.c.ifdefed" startline="528" endline="560" function="DEFINE_TEST" hash="-8967433142735888920"></source>
			<source file="../../workspace/dataset/test/test_read_format_rar5.c.ifdefed" startline="565" endline="597" function="DEFINE_TEST" hash="3302190135027431413"></source>
			<source file="../../workspace/dataset/test/test_read_format_rar5.c.ifdefed" startline="633" endline="665" function="DEFINE_TEST" hash="8652217314191141382"></source>
			<source file="../../workspace/dataset/test/test_read_format_rar5.c.ifdefed" startline="495" endline="526" function="DEFINE_TEST" hash="844680184714347970"></source>
			<source file="../../workspace/dataset/test/test_read_format_rar5.c.ifdefed" startline="599" endline="631" function="DEFINE_TEST" hash="1799223906228681686"></source>
		</class>
	</version>
	<version nr="4570" hash="56c920ea" evolution="Subtract" change="Consistent">
		<class nclones="4">
			<source file="../../workspace/dataset/test/test_read_format_rar5.c.ifdefed" startline="667" endline="690" function="DEFINE_TEST" hash="-1832327591188477962"></source>
			<source file="../../workspace/dataset/test/test_read_format_rar5.c.ifdefed" startline="744" endline="768" function="DEFINE_TEST" hash="6418441385990393826"></source>
			<source file="../../workspace/dataset/test/test_read_format_rar5.c.ifdefed" startline="718" endline="742" function="DEFINE_TEST" hash="4543828904368708796"></source>
			<source file="../../workspace/dataset/test/test_read_format_rar5.c.ifdefed" startline="692" endline="716" function="DEFINE_TEST" hash="-3851536546335032321"></source>
		</class>
	</version>
	<version nr="4570" hash="56c920ea" evolution="Subtract" change="Consistent">
		<class nclones="2">
			<source file="../../workspace/dataset/test/test_read_format_rar5.c.ifdefed" startline="1188" endline="1207" function="DEFINE_TEST" hash="592072037100186425"></source>
			<source file="../../workspace/dataset/test/test_read_format_rar5.c.ifdefed" startline="1224" endline="1243" function="DEFINE_TEST" hash="-6634543374218396953"></source>
		</class>
	</version>
	<version nr="4580" hash="dd733f5c" evolution="Same" change="Consistent">
		<class nclones="2">
			<source file="../../workspace/dataset/test/test_read_format_rar5.c.ifdefed" startline="176" endline="214" function="DEFINE_TEST" hash="2336200488222386863"></source>
			<source file="../../workspace/dataset/test/test_read_format_rar5.c.ifdefed" startline="222" endline="255" function="DEFINE_TEST" hash="2179452207199940858"></source>
		</class>
	</version>
	<version nr="4580" hash="dd733f5c" evolution="Add" change="Consistent">
		<class nclones="3">
			<source file="../../workspace/dataset/test/test_read_format_rar5.c.ifdefed" startline="257" endline="278" function="DEFINE_TEST" hash="-3155732870078503148"></source>
			<source file="../../workspace/dataset/test/test_read_format_rar5.c.ifdefed" startline="280" endline="300" function="DEFINE_TEST" hash="1486593804724127498"></source>
			<source file="../../workspace/dataset/test/test_read_format_rar5.c.ifdefed" startline="302" endline="322" function="DEFINE_TEST" hash="5257931886937617908"></source>
		</class>
	</version>
	<version nr="4580" hash="dd733f5c" evolution="Subtract" change="Consistent">
		<class nclones="2">
			<source file="../../workspace/dataset/test/test_read_format_rar5.c.ifdefed" startline="368" endline="381" function="DEFINE_TEST" hash="-5596774136484654884"></source>
			<source file="../../workspace/dataset/test/test_read_format_rar5.c.ifdefed" startline="404" endline="421" function="DEFINE_TEST" hash="1382319956880227790"></source>
		</class>
	</version>
	<version nr="4580" hash="dd733f5c" evolution="Same" change="Consistent">
		<class nclones="2">
			<source file="../../workspace/dataset/test/test_read_format_rar5.c.ifdefed" startline="383" endline="402" function="DEFINE_TEST" hash="3481842277602943337"></source>
			<source file="../../workspace/dataset/test/test_read_format_rar5.c.ifdefed" startline="423" endline="442" function="DEFINE_TEST" hash="1364812719118981350"></source>
		</class>
	</version>
	<version nr="4580" hash="dd733f5c" evolution="Add" change="Consistent">
		<class nclones="6">
			<source file="../../workspace/dataset/test/test_read_format_rar5.c.ifdefed" startline="444" endline="493" function="DEFINE_TEST" hash="-4879276686955849715"></source>
			<source file="../../workspace/dataset/test/test_read_format_rar5.c.ifdefed" startline="565" endline="597" function="DEFINE_TEST" hash="3302190135027431413"></source>
			<source file="../../workspace/dataset/test/test_read_format_rar5.c.ifdefed" startline="599" endline="631" function="DEFINE_TEST" hash="1799223906228681686"></source>
			<source file="../../workspace/dataset/test/test_read_format_rar5.c.ifdefed" startline="633" endline="665" function="DEFINE_TEST" hash="8652217314191141382"></source>
			<source file="../../workspace/dataset/test/test_read_format_rar5.c.ifdefed" startline="528" endline="560" function="DEFINE_TEST" hash="-8967433142735888920"></source>
			<source file="../../workspace/dataset/test/test_read_format_rar5.c.ifdefed" startline="495" endline="526" function="DEFINE_TEST" hash="844680184714347970"></source>
		</class>
	</version>
	<version nr="4580" hash="dd733f5c" evolution="Subtract" change="Consistent">
		<class nclones="4">
			<source file="../../workspace/dataset/test/test_read_format_rar5.c.ifdefed" startline="667" endline="690" function="DEFINE_TEST" hash="-1832327591188477962"></source>
			<source file="../../workspace/dataset/test/test_read_format_rar5.c.ifdefed" startline="744" endline="768" function="DEFINE_TEST" hash="6418441385990393826"></source>
			<source file="../../workspace/dataset/test/test_read_format_rar5.c.ifdefed" startline="718" endline="742" function="DEFINE_TEST" hash="4543828904368708796"></source>
			<source file="../../workspace/dataset/test/test_read_format_rar5.c.ifdefed" startline="692" endline="716" function="DEFINE_TEST" hash="-3851536546335032321"></source>
		</class>
	</version>
	<version nr="4580" hash="dd733f5c" evolution="Subtract" change="Consistent">
		<class nclones="2">
			<source file="../../workspace/dataset/test/test_read_format_rar5.c.ifdefed" startline="1188" endline="1207" function="DEFINE_TEST" hash="592072037100186425"></source>
			<source file="../../workspace/dataset/test/test_read_format_rar5.c.ifdefed" startline="1224" endline="1243" function="DEFINE_TEST" hash="-6634543374218396953"></source>
		</class>
	</version>
	<version nr="4590" hash="a1f65ab7" evolution="Same" change="Consistent">
		<class nclones="2">
			<source file="../../workspace/dataset/test/test_read_format_rar5.c.ifdefed" startline="176" endline="214" function="DEFINE_TEST" hash="2336200488222386863"></source>
			<source file="../../workspace/dataset/test/test_read_format_rar5.c.ifdefed" startline="222" endline="255" function="DEFINE_TEST" hash="2179452207199940858"></source>
		</class>
	</version>
	<version nr="4590" hash="a1f65ab7" evolution="Add" change="Consistent">
		<class nclones="3">
			<source file="../../workspace/dataset/test/test_read_format_rar5.c.ifdefed" startline="257" endline="278" function="DEFINE_TEST" hash="-3155732870078503148"></source>
			<source file="../../workspace/dataset/test/test_read_format_rar5.c.ifdefed" startline="280" endline="300" function="DEFINE_TEST" hash="1486593804724127498"></source>
			<source file="../../workspace/dataset/test/test_read_format_rar5.c.ifdefed" startline="302" endline="322" function="DEFINE_TEST" hash="5257931886937617908"></source>
		</class>
	</version>
	<version nr="4590" hash="a1f65ab7" evolution="Subtract" change="Consistent">
		<class nclones="2">
			<source file="../../workspace/dataset/test/test_read_format_rar5.c.ifdefed" startline="368" endline="381" function="DEFINE_TEST" hash="-5596774136484654884"></source>
			<source file="../../workspace/dataset/test/test_read_format_rar5.c.ifdefed" startline="404" endline="421" function="DEFINE_TEST" hash="1382319956880227790"></source>
		</class>
	</version>
	<version nr="4590" hash="a1f65ab7" evolution="Same" change="Consistent">
		<class nclones="2">
			<source file="../../workspace/dataset/test/test_read_format_rar5.c.ifdefed" startline="383" endline="402" function="DEFINE_TEST" hash="3481842277602943337"></source>
			<source file="../../workspace/dataset/test/test_read_format_rar5.c.ifdefed" startline="423" endline="442" function="DEFINE_TEST" hash="1364812719118981350"></source>
		</class>
	</version>
	<version nr="4590" hash="a1f65ab7" evolution="Add" change="Consistent">
		<class nclones="6">
			<source file="../../workspace/dataset/test/test_read_format_rar5.c.ifdefed" startline="444" endline="493" function="DEFINE_TEST" hash="-4879276686955849715"></source>
			<source file="../../workspace/dataset/test/test_read_format_rar5.c.ifdefed" startline="565" endline="597" function="DEFINE_TEST" hash="3302190135027431413"></source>
			<source file="../../workspace/dataset/test/test_read_format_rar5.c.ifdefed" startline="633" endline="665" function="DEFINE_TEST" hash="8652217314191141382"></source>
			<source file="../../workspace/dataset/test/test_read_format_rar5.c.ifdefed" startline="599" endline="631" function="DEFINE_TEST" hash="1799223906228681686"></source>
			<source file="../../workspace/dataset/test/test_read_format_rar5.c.ifdefed" startline="495" endline="526" function="DEFINE_TEST" hash="844680184714347970"></source>
			<source file="../../workspace/dataset/test/test_read_format_rar5.c.ifdefed" startline="528" endline="560" function="DEFINE_TEST" hash="-8967433142735888920"></source>
		</class>
	</version>
	<version nr="4590" hash="a1f65ab7" evolution="Subtract" change="Consistent">
		<class nclones="4">
			<source file="../../workspace/dataset/test/test_read_format_rar5.c.ifdefed" startline="667" endline="690" function="DEFINE_TEST" hash="-1832327591188477962"></source>
			<source file="../../workspace/dataset/test/test_read_format_rar5.c.ifdefed" startline="718" endline="742" function="DEFINE_TEST" hash="4543828904368708796"></source>
			<source file="../../workspace/dataset/test/test_read_format_rar5.c.ifdefed" startline="744" endline="768" function="DEFINE_TEST" hash="6418441385990393826"></source>
			<source file="../../workspace/dataset/test/test_read_format_rar5.c.ifdefed" startline="692" endline="716" function="DEFINE_TEST" hash="-3851536546335032321"></source>
		</class>
	</version>
	<version nr="4590" hash="a1f65ab7" evolution="Subtract" change="Consistent">
		<class nclones="2">
			<source file="../../workspace/dataset/test/test_read_format_rar5.c.ifdefed" startline="1188" endline="1207" function="DEFINE_TEST" hash="592072037100186425"></source>
			<source file="../../workspace/dataset/test/test_read_format_rar5.c.ifdefed" startline="1224" endline="1243" function="DEFINE_TEST" hash="-6634543374218396953"></source>
		</class>
	</version>
	<version nr="4600" hash="fd8fe9c5" evolution="Same" change="Consistent">
		<class nclones="2">
			<source file="../../workspace/dataset/test/test_read_format_rar5.c.ifdefed" startline="176" endline="214" function="DEFINE_TEST" hash="2336200488222386863"></source>
			<source file="../../workspace/dataset/test/test_read_format_rar5.c.ifdefed" startline="222" endline="255" function="DEFINE_TEST" hash="2179452207199940858"></source>
		</class>
	</version>
	<version nr="4600" hash="fd8fe9c5" evolution="Add" change="Consistent">
		<class nclones="3">
			<source file="../../workspace/dataset/test/test_read_format_rar5.c.ifdefed" startline="257" endline="278" function="DEFINE_TEST" hash="-3155732870078503148"></source>
			<source file="../../workspace/dataset/test/test_read_format_rar5.c.ifdefed" startline="280" endline="300" function="DEFINE_TEST" hash="1486593804724127498"></source>
			<source file="../../workspace/dataset/test/test_read_format_rar5.c.ifdefed" startline="302" endline="322" function="DEFINE_TEST" hash="5257931886937617908"></source>
		</class>
	</version>
	<version nr="4600" hash="fd8fe9c5" evolution="Subtract" change="Consistent">
		<class nclones="2">
			<source file="../../workspace/dataset/test/test_read_format_rar5.c.ifdefed" startline="368" endline="381" function="DEFINE_TEST" hash="-5596774136484654884"></source>
			<source file="../../workspace/dataset/test/test_read_format_rar5.c.ifdefed" startline="404" endline="421" function="DEFINE_TEST" hash="1382319956880227790"></source>
		</class>
	</version>
	<version nr="4600" hash="fd8fe9c5" evolution="Same" change="Consistent">
		<class nclones="2">
			<source file="../../workspace/dataset/test/test_read_format_rar5.c.ifdefed" startline="383" endline="402" function="DEFINE_TEST" hash="3481842277602943337"></source>
			<source file="../../workspace/dataset/test/test_read_format_rar5.c.ifdefed" startline="423" endline="442" function="DEFINE_TEST" hash="1364812719118981350"></source>
		</class>
	</version>
	<version nr="4600" hash="fd8fe9c5" evolution="Add" change="Consistent">
		<class nclones="6">
			<source file="../../workspace/dataset/test/test_read_format_rar5.c.ifdefed" startline="444" endline="493" function="DEFINE_TEST" hash="-4879276686955849715"></source>
			<source file="../../workspace/dataset/test/test_read_format_rar5.c.ifdefed" startline="633" endline="665" function="DEFINE_TEST" hash="8652217314191141382"></source>
			<source file="../../workspace/dataset/test/test_read_format_rar5.c.ifdefed" startline="528" endline="560" function="DEFINE_TEST" hash="-8967433142735888920"></source>
			<source file="../../workspace/dataset/test/test_read_format_rar5.c.ifdefed" startline="565" endline="597" function="DEFINE_TEST" hash="3302190135027431413"></source>
			<source file="../../workspace/dataset/test/test_read_format_rar5.c.ifdefed" startline="495" endline="526" function="DEFINE_TEST" hash="844680184714347970"></source>
			<source file="../../workspace/dataset/test/test_read_format_rar5.c.ifdefed" startline="599" endline="631" function="DEFINE_TEST" hash="1799223906228681686"></source>
		</class>
	</version>
	<version nr="4600" hash="fd8fe9c5" evolution="Subtract" change="Consistent">
		<class nclones="4">
			<source file="../../workspace/dataset/test/test_read_format_rar5.c.ifdefed" startline="667" endline="690" function="DEFINE_TEST" hash="-1832327591188477962"></source>
			<source file="../../workspace/dataset/test/test_read_format_rar5.c.ifdefed" startline="692" endline="716" function="DEFINE_TEST" hash="-3851536546335032321"></source>
			<source file="../../workspace/dataset/test/test_read_format_rar5.c.ifdefed" startline="744" endline="768" function="DEFINE_TEST" hash="6418441385990393826"></source>
			<source file="../../workspace/dataset/test/test_read_format_rar5.c.ifdefed" startline="718" endline="742" function="DEFINE_TEST" hash="4543828904368708796"></source>
		</class>
	</version>
	<version nr="4600" hash="fd8fe9c5" evolution="Subtract" change="Consistent">
		<class nclones="2">
			<source file="../../workspace/dataset/test/test_read_format_rar5.c.ifdefed" startline="1188" endline="1207" function="DEFINE_TEST" hash="592072037100186425"></source>
			<source file="../../workspace/dataset/test/test_read_format_rar5.c.ifdefed" startline="1241" endline="1260" function="DEFINE_TEST" hash="-6634543374218396953"></source>
		</class>
	</version>
</lineage>
<lineage>
	<version nr="4130" hash="7ea3d03a" evolution="None" change="None">
		<class nclones="3">
			<source file="../../workspace/dataset/test/test_read_format_rar5.c.ifdefed" startline="241" endline="262" function="DEFINE_TEST" hash="1511826067579429246"></source>
			<source file="../../workspace/dataset/test/test_read_format_rar5.c.ifdefed" startline="286" endline="306" function="DEFINE_TEST" hash="-5462456410249457194"></source>
			<source file="../../workspace/dataset/test/test_read_format_rar5.c.ifdefed" startline="264" endline="284" function="DEFINE_TEST" hash="8850092545105555386"></source>
		</class>
	</version>
	<version nr="4180" hash="2c65d83f" evolution="Same" change="Same">
		<class nclones="3">
			<source file="../../workspace/dataset/test/test_read_format_rar5.c.ifdefed" startline="241" endline="262" function="DEFINE_TEST" hash="1511826067579429246"></source>
			<source file="../../workspace/dataset/test/test_read_format_rar5.c.ifdefed" startline="264" endline="284" function="DEFINE_TEST" hash="8850092545105555386"></source>
			<source file="../../workspace/dataset/test/test_read_format_rar5.c.ifdefed" startline="286" endline="306" function="DEFINE_TEST" hash="-5462456410249457194"></source>
		</class>
	</version>
</lineage>
<lineage>
	<version nr="4130" hash="7ea3d03a" evolution="None" change="None">
		<class nclones="2">
			<source file="../../workspace/dataset/test/test_read_format_rar5.c.ifdefed" startline="352" endline="365" function="DEFINE_TEST" hash="5036731169629722622"></source>
			<source file="../../workspace/dataset/test/test_read_format_rar5.c.ifdefed" startline="388" endline="405" function="DEFINE_TEST" hash="-5944771060903300356"></source>
		</class>
	</version>
	<version nr="4180" hash="2c65d83f" evolution="Same" change="Same">
		<class nclones="2">
			<source file="../../workspace/dataset/test/test_read_format_rar5.c.ifdefed" startline="352" endline="365" function="DEFINE_TEST" hash="5036731169629722622"></source>
			<source file="../../workspace/dataset/test/test_read_format_rar5.c.ifdefed" startline="388" endline="405" function="DEFINE_TEST" hash="-5944771060903300356"></source>
		</class>
	</version>
</lineage>
<lineage>
	<version nr="4130" hash="7ea3d03a" evolution="None" change="None">
		<class nclones="2">
			<source file="../../workspace/dataset/test/test_read_format_rar5.c.ifdefed" startline="367" endline="386" function="DEFINE_TEST" hash="-5147148771903643293"></source>
			<source file="../../workspace/dataset/test/test_read_format_rar5.c.ifdefed" startline="407" endline="426" function="DEFINE_TEST" hash="963925451352091188"></source>
		</class>
	</version>
	<version nr="4180" hash="2c65d83f" evolution="Same" change="Same">
		<class nclones="2">
			<source file="../../workspace/dataset/test/test_read_format_rar5.c.ifdefed" startline="367" endline="386" function="DEFINE_TEST" hash="-5147148771903643293"></source>
			<source file="../../workspace/dataset/test/test_read_format_rar5.c.ifdefed" startline="407" endline="426" function="DEFINE_TEST" hash="963925451352091188"></source>
		</class>
	</version>
</lineage>
<lineage>
	<version nr="4130" hash="7ea3d03a" evolution="None" change="None">
		<class nclones="5">
			<source file="../../workspace/dataset/test/test_read_format_rar5.c.ifdefed" startline="428" endline="459" function="DEFINE_TEST" hash="-2150566513821826892"></source>
			<source file="../../workspace/dataset/test/test_read_format_rar5.c.ifdefed" startline="461" endline="493" function="DEFINE_TEST" hash="100468826968384500"></source>
			<source file="../../workspace/dataset/test/test_read_format_rar5.c.ifdefed" startline="566" endline="598" function="DEFINE_TEST" hash="707258203383927586"></source>
			<source file="../../workspace/dataset/test/test_read_format_rar5.c.ifdefed" startline="498" endline="530" function="DEFINE_TEST" hash="8547686009673247873"></source>
			<source file="../../workspace/dataset/test/test_read_format_rar5.c.ifdefed" startline="532" endline="564" function="DEFINE_TEST" hash="7954367243403417894"></source>
		</class>
	</version>
	<version nr="4180" hash="2c65d83f" evolution="Same" change="Same">
		<class nclones="5">
			<source file="../../workspace/dataset/test/test_read_format_rar5.c.ifdefed" startline="428" endline="459" function="DEFINE_TEST" hash="-2150566513821826892"></source>
			<source file="../../workspace/dataset/test/test_read_format_rar5.c.ifdefed" startline="566" endline="598" function="DEFINE_TEST" hash="707258203383927586"></source>
			<source file="../../workspace/dataset/test/test_read_format_rar5.c.ifdefed" startline="461" endline="493" function="DEFINE_TEST" hash="100468826968384500"></source>
			<source file="../../workspace/dataset/test/test_read_format_rar5.c.ifdefed" startline="498" endline="530" function="DEFINE_TEST" hash="8547686009673247873"></source>
			<source file="../../workspace/dataset/test/test_read_format_rar5.c.ifdefed" startline="532" endline="564" function="DEFINE_TEST" hash="7954367243403417894"></source>
		</class>
	</version>
</lineage>
<lineage>
	<version nr="4130" hash="7ea3d03a" evolution="None" change="None">
		<class nclones="4">
			<source file="../../workspace/dataset/test/test_read_format_rar5.c.ifdefed" startline="600" endline="623" function="DEFINE_TEST" hash="-6078126743056114776"></source>
			<source file="../../workspace/dataset/test/test_read_format_rar5.c.ifdefed" startline="651" endline="675" function="DEFINE_TEST" hash="3341655596596879498"></source>
			<source file="../../workspace/dataset/test/test_read_format_rar5.c.ifdefed" startline="677" endline="701" function="DEFINE_TEST" hash="6004209517314565820"></source>
			<source file="../../workspace/dataset/test/test_read_format_rar5.c.ifdefed" startline="625" endline="649" function="DEFINE_TEST" hash="-7474407351017562219"></source>
		</class>
	</version>
	<version nr="4180" hash="2c65d83f" evolution="Same" change="Same">
		<class nclones="4">
			<source file="../../workspace/dataset/test/test_read_format_rar5.c.ifdefed" startline="600" endline="623" function="DEFINE_TEST" hash="-6078126743056114776"></source>
			<source file="../../workspace/dataset/test/test_read_format_rar5.c.ifdefed" startline="625" endline="649" function="DEFINE_TEST" hash="-7474407351017562219"></source>
			<source file="../../workspace/dataset/test/test_read_format_rar5.c.ifdefed" startline="677" endline="701" function="DEFINE_TEST" hash="6004209517314565820"></source>
			<source file="../../workspace/dataset/test/test_read_format_rar5.c.ifdefed" startline="651" endline="675" function="DEFINE_TEST" hash="3341655596596879498"></source>
		</class>
	</version>
</lineage>
<lineage>
	<version nr="4170" hash="b5e6eb18" evolution="None" change="None">
		<class nclones="2">
			<source file="../../workspace/dataset/test/test_read_format_rar5.c.ifdefed" startline="92" endline="117" function="extract_one" hash="5192748082360885339"></source>
			<source file="../../workspace/dataset/test/test_read_format_zip.c.ifdefed" startline="32" endline="58" function="extract_one" hash="-1999208304650588676"></source>
		</class>
	</version>
	<version nr="4180" hash="2c65d83f" evolution="Same" change="Same">
		<class nclones="2">
			<source file="../../workspace/dataset/test/test_read_format_rar5.c.ifdefed" startline="92" endline="117" function="extract_one" hash="5192748082360885339"></source>
			<source file="../../workspace/dataset/test/test_read_format_zip.c.ifdefed" startline="32" endline="58" function="extract_one" hash="-1999208304650588676"></source>
		</class>
	</version>
	<version nr="4190" hash="7130b9d4" evolution="Same" change="Consistent">
		<class nclones="2">
			<source file="../../workspace/dataset/test/test_read_format_rar5.c.ifdefed" startline="92" endline="117" function="extract_one" hash="-5504591424585056174"></source>
			<source file="../../workspace/dataset/test/test_read_format_zip.c.ifdefed" startline="32" endline="58" function="extract_one" hash="7393898627889261839"></source>
		</class>
	</version>
	<version nr="4240" hash="d91ef581" evolution="Same" change="Same">
		<class nclones="2">
			<source file="../../workspace/dataset/test/test_read_format_rar5.c.ifdefed" startline="92" endline="117" function="extract_one" hash="-5504591424585056174"></source>
			<source file="../../workspace/dataset/test/test_read_format_zip.c.ifdefed" startline="32" endline="58" function="extract_one" hash="7393898627889261839"></source>
		</class>
	</version>
	<version nr="4250" hash="9d9fb860" evolution="Same" change="Consistent">
		<class nclones="2">
			<source file="../../workspace/dataset/test/test_read_format_rar5.c.ifdefed" startline="92" endline="117" function="extract_one" hash="8553986354493810757"></source>
			<source file="../../workspace/dataset/test/test_read_format_zip.c.ifdefed" startline="32" endline="58" function="extract_one" hash="3882460876179335962"></source>
		</class>
	</version>
	<version nr="4600" hash="fd8fe9c5" evolution="Same" change="Same">
		<class nclones="2">
			<source file="../../workspace/dataset/test/test_read_format_rar5.c.ifdefed" startline="92" endline="117" function="extract_one" hash="8553986354493810757"></source>
			<source file="../../workspace/dataset/test/test_read_format_zip.c.ifdefed" startline="32" endline="58" function="extract_one" hash="3882460876179335962"></source>
		</class>
	</version>
</lineage>
<lineage>
	<version nr="4170" hash="b5e6eb18" evolution="None" change="None">
		<class nclones="6">
			<source file="../../workspace/dataset/test/test_read_format_zip.c.ifdefed" startline="386" endline="404" function="DEFINE_TEST" hash="-9180235723111719269"></source>
			<source file="../../workspace/dataset/test/test_read_format_zip.c.ifdefed" startline="510" endline="528" function="DEFINE_TEST" hash="-5762296906426708073"></source>
			<source file="../../workspace/dataset/test/test_read_format_zip.c.ifdefed" startline="490" endline="508" function="DEFINE_TEST" hash="-1247390128832296224"></source>
			<source file="../../workspace/dataset/test/test_read_format_zip.c.ifdefed" startline="615" endline="633" function="DEFINE_TEST" hash="-7920567484907398125"></source>
			<source file="../../workspace/dataset/test/test_read_format_zip.c.ifdefed" startline="406" endline="424" function="DEFINE_TEST" hash="3763605417116466478"></source>
			<source file="../../workspace/dataset/test/test_read_format_zip.c.ifdefed" startline="595" endline="613" function="DEFINE_TEST" hash="8498977685595823528"></source>
		</class>
	</version>
	<version nr="4210" hash="9112ff6c" evolution="Same" change="Same">
		<class nclones="6">
			<source file="../../workspace/dataset/test/test_read_format_zip.c.ifdefed" startline="386" endline="404" function="DEFINE_TEST" hash="-9180235723111719269"></source>
			<source file="../../workspace/dataset/test/test_read_format_zip.c.ifdefed" startline="615" endline="633" function="DEFINE_TEST" hash="-7920567484907398125"></source>
			<source file="../../workspace/dataset/test/test_read_format_zip.c.ifdefed" startline="406" endline="424" function="DEFINE_TEST" hash="3763605417116466478"></source>
			<source file="../../workspace/dataset/test/test_read_format_zip.c.ifdefed" startline="510" endline="528" function="DEFINE_TEST" hash="-5762296906426708073"></source>
			<source file="../../workspace/dataset/test/test_read_format_zip.c.ifdefed" startline="490" endline="508" function="DEFINE_TEST" hash="-1247390128832296224"></source>
			<source file="../../workspace/dataset/test/test_read_format_zip.c.ifdefed" startline="595" endline="613" function="DEFINE_TEST" hash="8498977685595823528"></source>
		</class>
	</version>
	<version nr="4220" hash="b9d2dd51" evolution="Subtract" change="Same">
		<class nclones="2">
			<source file="../../workspace/dataset/test/test_read_format_zip.c.ifdefed" startline="386" endline="404" function="DEFINE_TEST" hash="-9180235723111719269"></source>
			<source file="../../workspace/dataset/test/test_read_format_zip.c.ifdefed" startline="406" endline="424" function="DEFINE_TEST" hash="3763605417116466478"></source>
		</class>
	</version>
	<version nr="4220" hash="b9d2dd51" evolution="Add" change="Consistent">
		<class nclones="5">
			<source file="../../workspace/dataset/test/test_read_format_zip.c.ifdefed" startline="490" endline="513" function="DEFINE_TEST" hash="5899820485980127432"></source>
			<source file="../../workspace/dataset/test/test_read_format_zip.c.ifdefed" startline="615" endline="638" function="DEFINE_TEST" hash="5956823785767981688"></source>
			<source file="../../workspace/dataset/test/test_read_format_zip.c.ifdefed" startline="515" endline="538" function="DEFINE_TEST" hash="-2846818862956785437"></source>
			<source file="../../workspace/dataset/test/test_read_format_zip.c.ifdefed" startline="640" endline="663" function="DEFINE_TEST" hash="-1228844331141544713"></source>
			<source file="../../workspace/dataset/test/test_read_format_zip.c.ifdefed" startline="835" endline="859" function="DEFINE_TEST" hash="-5119885737994570214"></source>
		</class>
	</version>
	<version nr="4220" hash="b9d2dd51" evolution="Subtract" change="Consistent">
		<class nclones="4">
			<source file="../../workspace/dataset/test/test_read_format_zip.c.ifdefed" startline="540" endline="575" function="DEFINE_TEST" hash="-8995781235251143202"></source>
			<source file="../../workspace/dataset/test/test_read_format_zip.c.ifdefed" startline="665" endline="700" function="DEFINE_TEST" hash="-4606581841758535250"></source>
			<source file="../../workspace/dataset/test/test_read_format_zip.c.ifdefed" startline="577" endline="612" function="DEFINE_TEST" hash="-519088738141148079"></source>
			<source file="../../workspace/dataset/test/test_read_format_zip.c.ifdefed" startline="702" endline="737" function="DEFINE_TEST" hash="-7419637227213051107"></source>
		</class>
	</version>
	<version nr="4220" hash="b9d2dd51" evolution="Subtract" change="Consistent">
		<class nclones="2">
			<source file="../../workspace/dataset/test/test_read_format_zip.c.ifdefed" startline="739" endline="774" function="DEFINE_TEST" hash="6918766939739231036"></source>
			<source file="../../workspace/dataset/test/test_read_format_zip.c.ifdefed" startline="776" endline="811" function="DEFINE_TEST" hash="-1762036407648157597"></source>
		</class>
	</version>
	<version nr="4220" hash="b9d2dd51" evolution="Same" change="Consistent">
		<class nclones="2">
			<source file="../../workspace/dataset/test/test_read_format_zip.c.ifdefed" startline="813" endline="833" function="DEFINE_TEST" hash="5482482720199206489"></source>
			<source file="../../workspace/dataset/test/test_read_format_zip.c.ifdefed" startline="861" endline="880" function="DEFINE_TEST" hash="-5185290910971880794"></source>
		</class>
	</version>
	<version nr="4230" hash="64e68f20" evolution="Same" change="Consistent">
		<class nclones="2">
			<source file="../../workspace/dataset/test/test_read_format_zip.c.ifdefed" startline="386" endline="404" function="DEFINE_TEST" hash="-9180235723111719269"></source>
			<source file="../../workspace/dataset/test/test_read_format_zip.c.ifdefed" startline="406" endline="424" function="DEFINE_TEST" hash="3763605417116466478"></source>
		</class>
	</version>
	<version nr="4230" hash="64e68f20" evolution="Same" change="Consistent">
		<class nclones="2">
			<source file="../../workspace/dataset/test/test_read_format_zip.c.ifdefed" startline="426" endline="456" function="DEFINE_TEST" hash="5987793416392001125"></source>
			<source file="../../workspace/dataset/test/test_read_format_zip.c.ifdefed" startline="458" endline="488" function="DEFINE_TEST" hash="-1573413557489932942"></source>
		</class>
	</version>
	<version nr="4230" hash="64e68f20" evolution="Add" change="Consistent">
		<class nclones="5">
			<source file="../../workspace/dataset/test/test_read_format_zip.c.ifdefed" startline="490" endline="513" function="DEFINE_TEST" hash="5899820485980127432"></source>
			<source file="../../workspace/dataset/test/test_read_format_zip.c.ifdefed" startline="615" endline="638" function="DEFINE_TEST" hash="5956823785767981688"></source>
			<source file="../../workspace/dataset/test/test_read_format_zip.c.ifdefed" startline="515" endline="538" function="DEFINE_TEST" hash="-2846818862956785437"></source>
			<source file="../../workspace/dataset/test/test_read_format_zip.c.ifdefed" startline="835" endline="859" function="DEFINE_TEST" hash="-5119885737994570214"></source>
			<source file="../../workspace/dataset/test/test_read_format_zip.c.ifdefed" startline="640" endline="663" function="DEFINE_TEST" hash="-1228844331141544713"></source>
		</class>
	</version>
	<version nr="4230" hash="64e68f20" evolution="Subtract" change="Consistent">
		<class nclones="4">
			<source file="../../workspace/dataset/test/test_read_format_zip.c.ifdefed" startline="540" endline="575" function="DEFINE_TEST" hash="-8995781235251143202"></source>
			<source file="../../workspace/dataset/test/test_read_format_zip.c.ifdefed" startline="577" endline="612" function="DEFINE_TEST" hash="-519088738141148079"></source>
			<source file="../../workspace/dataset/test/test_read_format_zip.c.ifdefed" startline="665" endline="700" function="DEFINE_TEST" hash="-4606581841758535250"></source>
			<source file="../../workspace/dataset/test/test_read_format_zip.c.ifdefed" startline="702" endline="737" function="DEFINE_TEST" hash="-7419637227213051107"></source>
		</class>
	</version>
	<version nr="4230" hash="64e68f20" evolution="Subtract" change="Consistent">
		<class nclones="2">
			<source file="../../workspace/dataset/test/test_read_format_zip.c.ifdefed" startline="739" endline="774" function="DEFINE_TEST" hash="6918766939739231036"></source>
			<source file="../../workspace/dataset/test/test_read_format_zip.c.ifdefed" startline="776" endline="811" function="DEFINE_TEST" hash="-1762036407648157597"></source>
		</class>
	</version>
	<version nr="4230" hash="64e68f20" evolution="Same" change="Consistent">
		<class nclones="2">
			<source file="../../workspace/dataset/test/test_read_format_zip.c.ifdefed" startline="813" endline="833" function="DEFINE_TEST" hash="5482482720199206489"></source>
			<source file="../../workspace/dataset/test/test_read_format_zip.c.ifdefed" startline="861" endline="880" function="DEFINE_TEST" hash="-5185290910971880794"></source>
		</class>
	</version>
	<version nr="4240" hash="d91ef581" evolution="Same" change="Consistent">
		<class nclones="2">
			<source file="../../workspace/dataset/test/test_read_format_zip.c.ifdefed" startline="386" endline="404" function="DEFINE_TEST" hash="-9180235723111719269"></source>
			<source file="../../workspace/dataset/test/test_read_format_zip.c.ifdefed" startline="406" endline="424" function="DEFINE_TEST" hash="3763605417116466478"></source>
		</class>
	</version>
	<version nr="4240" hash="d91ef581" evolution="Same" change="Consistent">
		<class nclones="2">
			<source file="../../workspace/dataset/test/test_read_format_zip.c.ifdefed" startline="426" endline="456" function="DEFINE_TEST" hash="5987793416392001125"></source>
			<source file="../../workspace/dataset/test/test_read_format_zip.c.ifdefed" startline="458" endline="488" function="DEFINE_TEST" hash="-1573413557489932942"></source>
		</class>
	</version>
	<version nr="4240" hash="d91ef581" evolution="Add" change="Consistent">
		<class nclones="5">
			<source file="../../workspace/dataset/test/test_read_format_zip.c.ifdefed" startline="490" endline="513" function="DEFINE_TEST" hash="5899820485980127432"></source>
			<source file="../../workspace/dataset/test/test_read_format_zip.c.ifdefed" startline="615" endline="638" function="DEFINE_TEST" hash="5956823785767981688"></source>
			<source file="../../workspace/dataset/test/test_read_format_zip.c.ifdefed" startline="515" endline="538" function="DEFINE_TEST" hash="-2846818862956785437"></source>
			<source file="../../workspace/dataset/test/test_read_format_zip.c.ifdefed" startline="640" endline="663" function="DEFINE_TEST" hash="-1228844331141544713"></source>
			<source file="../../workspace/dataset/test/test_read_format_zip.c.ifdefed" startline="835" endline="859" function="DEFINE_TEST" hash="-5119885737994570214"></source>
		</class>
	</version>
	<version nr="4240" hash="d91ef581" evolution="Subtract" change="Consistent">
		<class nclones="4">
			<source file="../../workspace/dataset/test/test_read_format_zip.c.ifdefed" startline="540" endline="575" function="DEFINE_TEST" hash="-8995781235251143202"></source>
			<source file="../../workspace/dataset/test/test_read_format_zip.c.ifdefed" startline="665" endline="700" function="DEFINE_TEST" hash="-4606581841758535250"></source>
			<source file="../../workspace/dataset/test/test_read_format_zip.c.ifdefed" startline="577" endline="612" function="DEFINE_TEST" hash="-519088738141148079"></source>
			<source file="../../workspace/dataset/test/test_read_format_zip.c.ifdefed" startline="702" endline="737" function="DEFINE_TEST" hash="-7419637227213051107"></source>
		</class>
	</version>
	<version nr="4240" hash="d91ef581" evolution="Subtract" change="Consistent">
		<class nclones="2">
			<source file="../../workspace/dataset/test/test_read_format_zip.c.ifdefed" startline="739" endline="774" function="DEFINE_TEST" hash="6918766939739231036"></source>
			<source file="../../workspace/dataset/test/test_read_format_zip.c.ifdefed" startline="776" endline="811" function="DEFINE_TEST" hash="-1762036407648157597"></source>
		</class>
	</version>
	<version nr="4240" hash="d91ef581" evolution="Same" change="Consistent">
		<class nclones="2">
			<source file="../../workspace/dataset/test/test_read_format_zip.c.ifdefed" startline="813" endline="833" function="DEFINE_TEST" hash="5482482720199206489"></source>
			<source file="../../workspace/dataset/test/test_read_format_zip.c.ifdefed" startline="861" endline="880" function="DEFINE_TEST" hash="-5185290910971880794"></source>
		</class>
	</version>
	<version nr="4250" hash="9d9fb860" evolution="Same" change="Consistent">
		<class nclones="2">
			<source file="../../workspace/dataset/test/test_read_format_zip.c.ifdefed" startline="386" endline="404" function="DEFINE_TEST" hash="-9180235723111719269"></source>
			<source file="../../workspace/dataset/test/test_read_format_zip.c.ifdefed" startline="406" endline="424" function="DEFINE_TEST" hash="3763605417116466478"></source>
		</class>
	</version>
	<version nr="4250" hash="9d9fb860" evolution="Same" change="Consistent">
		<class nclones="2">
			<source file="../../workspace/dataset/test/test_read_format_zip.c.ifdefed" startline="426" endline="456" function="DEFINE_TEST" hash="5987793416392001125"></source>
			<source file="../../workspace/dataset/test/test_read_format_zip.c.ifdefed" startline="458" endline="488" function="DEFINE_TEST" hash="-1573413557489932942"></source>
		</class>
	</version>
	<version nr="4250" hash="9d9fb860" evolution="Add" change="Consistent">
		<class nclones="5">
			<source file="../../workspace/dataset/test/test_read_format_zip.c.ifdefed" startline="490" endline="513" function="DEFINE_TEST" hash="2248875925637322440"></source>
			<source file="../../workspace/dataset/test/test_read_format_zip.c.ifdefed" startline="615" endline="638" function="DEFINE_TEST" hash="5956823785767981688"></source>
			<source file="../../workspace/dataset/test/test_read_format_zip.c.ifdefed" startline="515" endline="538" function="DEFINE_TEST" hash="3170049197635195114"></source>
			<source file="../../workspace/dataset/test/test_read_format_zip.c.ifdefed" startline="835" endline="859" function="DEFINE_TEST" hash="-5119885737994570214"></source>
			<source file="../../workspace/dataset/test/test_read_format_zip.c.ifdefed" startline="640" endline="663" function="DEFINE_TEST" hash="-1228844331141544713"></source>
		</class>
	</version>
	<version nr="4250" hash="9d9fb860" evolution="Subtract" change="Consistent">
		<class nclones="4">
			<source file="../../workspace/dataset/test/test_read_format_zip.c.ifdefed" startline="540" endline="575" function="DEFINE_TEST" hash="-8533329548682730211"></source>
			<source file="../../workspace/dataset/test/test_read_format_zip.c.ifdefed" startline="665" endline="700" function="DEFINE_TEST" hash="-4606581841758535250"></source>
			<source file="../../workspace/dataset/test/test_read_format_zip.c.ifdefed" startline="577" endline="612" function="DEFINE_TEST" hash="4384989636146402708"></source>
			<source file="../../workspace/dataset/test/test_read_format_zip.c.ifdefed" startline="702" endline="737" function="DEFINE_TEST" hash="-7419637227213051107"></source>
		</class>
	</version>
	<version nr="4250" hash="9d9fb860" evolution="Subtract" change="Consistent">
		<class nclones="2">
			<source file="../../workspace/dataset/test/test_read_format_zip.c.ifdefed" startline="739" endline="774" function="DEFINE_TEST" hash="5258364896076299199"></source>
			<source file="../../workspace/dataset/test/test_read_format_zip.c.ifdefed" startline="776" endline="811" function="DEFINE_TEST" hash="159110427965833770"></source>
		</class>
	</version>
	<version nr="4250" hash="9d9fb860" evolution="Same" change="Consistent">
		<class nclones="2">
			<source file="../../workspace/dataset/test/test_read_format_zip.c.ifdefed" startline="813" endline="833" function="DEFINE_TEST" hash="5482482720199206489"></source>
			<source file="../../workspace/dataset/test/test_read_format_zip.c.ifdefed" startline="861" endline="880" function="DEFINE_TEST" hash="-5185290910971880794"></source>
		</class>
	</version>
	<version nr="4260" hash="074152e6" evolution="Same" change="Consistent">
		<class nclones="2">
			<source file="../../workspace/dataset/test/test_read_format_zip.c.ifdefed" startline="386" endline="404" function="DEFINE_TEST" hash="-9180235723111719269"></source>
			<source file="../../workspace/dataset/test/test_read_format_zip.c.ifdefed" startline="406" endline="424" function="DEFINE_TEST" hash="3763605417116466478"></source>
		</class>
	</version>
	<version nr="4260" hash="074152e6" evolution="Same" change="Consistent">
		<class nclones="2">
			<source file="../../workspace/dataset/test/test_read_format_zip.c.ifdefed" startline="426" endline="456" function="DEFINE_TEST" hash="5987793416392001125"></source>
			<source file="../../workspace/dataset/test/test_read_format_zip.c.ifdefed" startline="458" endline="488" function="DEFINE_TEST" hash="-1573413557489932942"></source>
		</class>
	</version>
	<version nr="4260" hash="074152e6" evolution="Add" change="Consistent">
		<class nclones="5">
			<source file="../../workspace/dataset/test/test_read_format_zip.c.ifdefed" startline="490" endline="513" function="DEFINE_TEST" hash="2248875925637322440"></source>
			<source file="../../workspace/dataset/test/test_read_format_zip.c.ifdefed" startline="515" endline="538" function="DEFINE_TEST" hash="3170049197635195114"></source>
			<source file="../../workspace/dataset/test/test_read_format_zip.c.ifdefed" startline="615" endline="638" function="DEFINE_TEST" hash="5956823785767981688"></source>
			<source file="../../workspace/dataset/test/test_read_format_zip.c.ifdefed" startline="640" endline="663" function="DEFINE_TEST" hash="-1228844331141544713"></source>
			<source file="../../workspace/dataset/test/test_read_format_zip.c.ifdefed" startline="835" endline="859" function="DEFINE_TEST" hash="-5119885737994570214"></source>
		</class>
	</version>
	<version nr="4260" hash="074152e6" evolution="Subtract" change="Consistent">
		<class nclones="4">
			<source file="../../workspace/dataset/test/test_read_format_zip.c.ifdefed" startline="540" endline="575" function="DEFINE_TEST" hash="-8533329548682730211"></source>
			<source file="../../workspace/dataset/test/test_read_format_zip.c.ifdefed" startline="665" endline="700" function="DEFINE_TEST" hash="-4606581841758535250"></source>
			<source file="../../workspace/dataset/test/test_read_format_zip.c.ifdefed" startline="577" endline="612" function="DEFINE_TEST" hash="4384989636146402708"></source>
			<source file="../../workspace/dataset/test/test_read_format_zip.c.ifdefed" startline="702" endline="737" function="DEFINE_TEST" hash="-7419637227213051107"></source>
		</class>
	</version>
	<version nr="4260" hash="074152e6" evolution="Subtract" change="Consistent">
		<class nclones="2">
			<source file="../../workspace/dataset/test/test_read_format_zip.c.ifdefed" startline="739" endline="774" function="DEFINE_TEST" hash="5258364896076299199"></source>
			<source file="../../workspace/dataset/test/test_read_format_zip.c.ifdefed" startline="776" endline="811" function="DEFINE_TEST" hash="159110427965833770"></source>
		</class>
	</version>
	<version nr="4260" hash="074152e6" evolution="Same" change="Consistent">
		<class nclones="2">
			<source file="../../workspace/dataset/test/test_read_format_zip.c.ifdefed" startline="813" endline="833" function="DEFINE_TEST" hash="5482482720199206489"></source>
			<source file="../../workspace/dataset/test/test_read_format_zip.c.ifdefed" startline="861" endline="880" function="DEFINE_TEST" hash="-5185290910971880794"></source>
		</class>
	</version>
	<version nr="4270" hash="9c900692" evolution="Same" change="Consistent">
		<class nclones="2">
			<source file="../../workspace/dataset/test/test_read_format_zip.c.ifdefed" startline="386" endline="404" function="DEFINE_TEST" hash="-9180235723111719269"></source>
			<source file="../../workspace/dataset/test/test_read_format_zip.c.ifdefed" startline="406" endline="424" function="DEFINE_TEST" hash="3763605417116466478"></source>
		</class>
	</version>
	<version nr="4270" hash="9c900692" evolution="Same" change="Consistent">
		<class nclones="2">
			<source file="../../workspace/dataset/test/test_read_format_zip.c.ifdefed" startline="426" endline="456" function="DEFINE_TEST" hash="5987793416392001125"></source>
			<source file="../../workspace/dataset/test/test_read_format_zip.c.ifdefed" startline="458" endline="488" function="DEFINE_TEST" hash="-1573413557489932942"></source>
		</class>
	</version>
	<version nr="4270" hash="9c900692" evolution="Add" change="Consistent">
		<class nclones="5">
			<source file="../../workspace/dataset/test/test_read_format_zip.c.ifdefed" startline="490" endline="513" function="DEFINE_TEST" hash="2248875925637322440"></source>
			<source file="../../workspace/dataset/test/test_read_format_zip.c.ifdefed" startline="515" endline="538" function="DEFINE_TEST" hash="3170049197635195114"></source>
			<source file="../../workspace/dataset/test/test_read_format_zip.c.ifdefed" startline="615" endline="638" function="DEFINE_TEST" hash="5956823785767981688"></source>
			<source file="../../workspace/dataset/test/test_read_format_zip.c.ifdefed" startline="640" endline="663" function="DEFINE_TEST" hash="-1228844331141544713"></source>
			<source file="../../workspace/dataset/test/test_read_format_zip.c.ifdefed" startline="835" endline="859" function="DEFINE_TEST" hash="-5119885737994570214"></source>
		</class>
	</version>
	<version nr="4270" hash="9c900692" evolution="Subtract" change="Consistent">
		<class nclones="4">
			<source file="../../workspace/dataset/test/test_read_format_zip.c.ifdefed" startline="540" endline="575" function="DEFINE_TEST" hash="-8533329548682730211"></source>
			<source file="../../workspace/dataset/test/test_read_format_zip.c.ifdefed" startline="577" endline="612" function="DEFINE_TEST" hash="4384989636146402708"></source>
			<source file="../../workspace/dataset/test/test_read_format_zip.c.ifdefed" startline="665" endline="700" function="DEFINE_TEST" hash="-4606581841758535250"></source>
			<source file="../../workspace/dataset/test/test_read_format_zip.c.ifdefed" startline="702" endline="737" function="DEFINE_TEST" hash="-7419637227213051107"></source>
		</class>
	</version>
	<version nr="4270" hash="9c900692" evolution="Subtract" change="Consistent">
		<class nclones="2">
			<source file="../../workspace/dataset/test/test_read_format_zip.c.ifdefed" startline="739" endline="774" function="DEFINE_TEST" hash="5258364896076299199"></source>
			<source file="../../workspace/dataset/test/test_read_format_zip.c.ifdefed" startline="776" endline="811" function="DEFINE_TEST" hash="159110427965833770"></source>
		</class>
	</version>
	<version nr="4270" hash="9c900692" evolution="Same" change="Consistent">
		<class nclones="2">
			<source file="../../workspace/dataset/test/test_read_format_zip.c.ifdefed" startline="813" endline="833" function="DEFINE_TEST" hash="5482482720199206489"></source>
			<source file="../../workspace/dataset/test/test_read_format_zip.c.ifdefed" startline="861" endline="880" function="DEFINE_TEST" hash="-5185290910971880794"></source>
		</class>
	</version>
	<version nr="4280" hash="2bdae161" evolution="Same" change="Consistent">
		<class nclones="2">
			<source file="../../workspace/dataset/test/test_read_format_zip.c.ifdefed" startline="386" endline="404" function="DEFINE_TEST" hash="-9180235723111719269"></source>
			<source file="../../workspace/dataset/test/test_read_format_zip.c.ifdefed" startline="406" endline="424" function="DEFINE_TEST" hash="3763605417116466478"></source>
		</class>
	</version>
	<version nr="4280" hash="2bdae161" evolution="Same" change="Consistent">
		<class nclones="2">
			<source file="../../workspace/dataset/test/test_read_format_zip.c.ifdefed" startline="426" endline="456" function="DEFINE_TEST" hash="5987793416392001125"></source>
			<source file="../../workspace/dataset/test/test_read_format_zip.c.ifdefed" startline="458" endline="488" function="DEFINE_TEST" hash="-1573413557489932942"></source>
		</class>
	</version>
	<version nr="4280" hash="2bdae161" evolution="Add" change="Consistent">
		<class nclones="5">
			<source file="../../workspace/dataset/test/test_read_format_zip.c.ifdefed" startline="490" endline="513" function="DEFINE_TEST" hash="2248875925637322440"></source>
			<source file="../../workspace/dataset/test/test_read_format_zip.c.ifdefed" startline="515" endline="538" function="DEFINE_TEST" hash="3170049197635195114"></source>
			<source file="../../workspace/dataset/test/test_read_format_zip.c.ifdefed" startline="615" endline="638" function="DEFINE_TEST" hash="5956823785767981688"></source>
			<source file="../../workspace/dataset/test/test_read_format_zip.c.ifdefed" startline="640" endline="663" function="DEFINE_TEST" hash="-1228844331141544713"></source>
			<source file="../../workspace/dataset/test/test_read_format_zip.c.ifdefed" startline="835" endline="859" function="DEFINE_TEST" hash="-5119885737994570214"></source>
		</class>
	</version>
	<version nr="4280" hash="2bdae161" evolution="Subtract" change="Consistent">
		<class nclones="4">
			<source file="../../workspace/dataset/test/test_read_format_zip.c.ifdefed" startline="540" endline="575" function="DEFINE_TEST" hash="-8533329548682730211"></source>
			<source file="../../workspace/dataset/test/test_read_format_zip.c.ifdefed" startline="665" endline="700" function="DEFINE_TEST" hash="-4606581841758535250"></source>
			<source file="../../workspace/dataset/test/test_read_format_zip.c.ifdefed" startline="577" endline="612" function="DEFINE_TEST" hash="4384989636146402708"></source>
			<source file="../../workspace/dataset/test/test_read_format_zip.c.ifdefed" startline="702" endline="737" function="DEFINE_TEST" hash="-7419637227213051107"></source>
		</class>
	</version>
	<version nr="4280" hash="2bdae161" evolution="Subtract" change="Consistent">
		<class nclones="2">
			<source file="../../workspace/dataset/test/test_read_format_zip.c.ifdefed" startline="739" endline="774" function="DEFINE_TEST" hash="5258364896076299199"></source>
			<source file="../../workspace/dataset/test/test_read_format_zip.c.ifdefed" startline="776" endline="811" function="DEFINE_TEST" hash="159110427965833770"></source>
		</class>
	</version>
	<version nr="4280" hash="2bdae161" evolution="Same" change="Consistent">
		<class nclones="2">
			<source file="../../workspace/dataset/test/test_read_format_zip.c.ifdefed" startline="813" endline="833" function="DEFINE_TEST" hash="5482482720199206489"></source>
			<source file="../../workspace/dataset/test/test_read_format_zip.c.ifdefed" startline="861" endline="880" function="DEFINE_TEST" hash="-5185290910971880794"></source>
		</class>
	</version>
	<version nr="4290" hash="b6655592" evolution="Same" change="Consistent">
		<class nclones="2">
			<source file="../../workspace/dataset/test/test_read_format_zip.c.ifdefed" startline="386" endline="404" function="DEFINE_TEST" hash="-9180235723111719269"></source>
			<source file="../../workspace/dataset/test/test_read_format_zip.c.ifdefed" startline="406" endline="424" function="DEFINE_TEST" hash="3763605417116466478"></source>
		</class>
	</version>
	<version nr="4290" hash="b6655592" evolution="Same" change="Consistent">
		<class nclones="2">
			<source file="../../workspace/dataset/test/test_read_format_zip.c.ifdefed" startline="426" endline="456" function="DEFINE_TEST" hash="5987793416392001125"></source>
			<source file="../../workspace/dataset/test/test_read_format_zip.c.ifdefed" startline="458" endline="488" function="DEFINE_TEST" hash="-1573413557489932942"></source>
		</class>
	</version>
	<version nr="4290" hash="b6655592" evolution="Add" change="Consistent">
		<class nclones="5">
			<source file="../../workspace/dataset/test/test_read_format_zip.c.ifdefed" startline="490" endline="513" function="DEFINE_TEST" hash="2248875925637322440"></source>
			<source file="../../workspace/dataset/test/test_read_format_zip.c.ifdefed" startline="615" endline="638" function="DEFINE_TEST" hash="5956823785767981688"></source>
			<source file="../../workspace/dataset/test/test_read_format_zip.c.ifdefed" startline="515" endline="538" function="DEFINE_TEST" hash="3170049197635195114"></source>
			<source file="../../workspace/dataset/test/test_read_format_zip.c.ifdefed" startline="640" endline="663" function="DEFINE_TEST" hash="-1228844331141544713"></source>
			<source file="../../workspace/dataset/test/test_read_format_zip.c.ifdefed" startline="835" endline="859" function="DEFINE_TEST" hash="-5119885737994570214"></source>
		</class>
	</version>
	<version nr="4290" hash="b6655592" evolution="Subtract" change="Consistent">
		<class nclones="4">
			<source file="../../workspace/dataset/test/test_read_format_zip.c.ifdefed" startline="540" endline="575" function="DEFINE_TEST" hash="-8533329548682730211"></source>
			<source file="../../workspace/dataset/test/test_read_format_zip.c.ifdefed" startline="577" endline="612" function="DEFINE_TEST" hash="4384989636146402708"></source>
			<source file="../../workspace/dataset/test/test_read_format_zip.c.ifdefed" startline="665" endline="700" function="DEFINE_TEST" hash="-4606581841758535250"></source>
			<source file="../../workspace/dataset/test/test_read_format_zip.c.ifdefed" startline="702" endline="737" function="DEFINE_TEST" hash="-7419637227213051107"></source>
		</class>
	</version>
	<version nr="4290" hash="b6655592" evolution="Subtract" change="Consistent">
		<class nclones="2">
			<source file="../../workspace/dataset/test/test_read_format_zip.c.ifdefed" startline="739" endline="774" function="DEFINE_TEST" hash="5258364896076299199"></source>
			<source file="../../workspace/dataset/test/test_read_format_zip.c.ifdefed" startline="776" endline="811" function="DEFINE_TEST" hash="159110427965833770"></source>
		</class>
	</version>
	<version nr="4290" hash="b6655592" evolution="Same" change="Consistent">
		<class nclones="2">
			<source file="../../workspace/dataset/test/test_read_format_zip.c.ifdefed" startline="813" endline="833" function="DEFINE_TEST" hash="5482482720199206489"></source>
			<source file="../../workspace/dataset/test/test_read_format_zip.c.ifdefed" startline="861" endline="880" function="DEFINE_TEST" hash="-5185290910971880794"></source>
		</class>
	</version>
	<version nr="4300" hash="a40dd3af" evolution="Same" change="Consistent">
		<class nclones="2">
			<source file="../../workspace/dataset/test/test_read_format_zip.c.ifdefed" startline="386" endline="404" function="DEFINE_TEST" hash="-9180235723111719269"></source>
			<source file="../../workspace/dataset/test/test_read_format_zip.c.ifdefed" startline="406" endline="424" function="DEFINE_TEST" hash="3763605417116466478"></source>
		</class>
	</version>
	<version nr="4300" hash="a40dd3af" evolution="Same" change="Consistent">
		<class nclones="2">
			<source file="../../workspace/dataset/test/test_read_format_zip.c.ifdefed" startline="426" endline="456" function="DEFINE_TEST" hash="5987793416392001125"></source>
			<source file="../../workspace/dataset/test/test_read_format_zip.c.ifdefed" startline="458" endline="488" function="DEFINE_TEST" hash="-1573413557489932942"></source>
		</class>
	</version>
	<version nr="4300" hash="a40dd3af" evolution="Add" change="Consistent">
		<class nclones="5">
			<source file="../../workspace/dataset/test/test_read_format_zip.c.ifdefed" startline="490" endline="513" function="DEFINE_TEST" hash="2248875925637322440"></source>
			<source file="../../workspace/dataset/test/test_read_format_zip.c.ifdefed" startline="615" endline="638" function="DEFINE_TEST" hash="5956823785767981688"></source>
			<source file="../../workspace/dataset/test/test_read_format_zip.c.ifdefed" startline="515" endline="538" function="DEFINE_TEST" hash="3170049197635195114"></source>
			<source file="../../workspace/dataset/test/test_read_format_zip.c.ifdefed" startline="640" endline="663" function="DEFINE_TEST" hash="-1228844331141544713"></source>
			<source file="../../workspace/dataset/test/test_read_format_zip.c.ifdefed" startline="835" endline="859" function="DEFINE_TEST" hash="-5119885737994570214"></source>
		</class>
	</version>
	<version nr="4300" hash="a40dd3af" evolution="Subtract" change="Consistent">
		<class nclones="4">
			<source file="../../workspace/dataset/test/test_read_format_zip.c.ifdefed" startline="540" endline="575" function="DEFINE_TEST" hash="-8533329548682730211"></source>
			<source file="../../workspace/dataset/test/test_read_format_zip.c.ifdefed" startline="577" endline="612" function="DEFINE_TEST" hash="4384989636146402708"></source>
			<source file="../../workspace/dataset/test/test_read_format_zip.c.ifdefed" startline="665" endline="700" function="DEFINE_TEST" hash="-4606581841758535250"></source>
			<source file="../../workspace/dataset/test/test_read_format_zip.c.ifdefed" startline="702" endline="737" function="DEFINE_TEST" hash="-7419637227213051107"></source>
		</class>
	</version>
	<version nr="4300" hash="a40dd3af" evolution="Subtract" change="Consistent">
		<class nclones="2">
			<source file="../../workspace/dataset/test/test_read_format_zip.c.ifdefed" startline="739" endline="774" function="DEFINE_TEST" hash="5258364896076299199"></source>
			<source file="../../workspace/dataset/test/test_read_format_zip.c.ifdefed" startline="776" endline="811" function="DEFINE_TEST" hash="159110427965833770"></source>
		</class>
	</version>
	<version nr="4300" hash="a40dd3af" evolution="Same" change="Consistent">
		<class nclones="2">
			<source file="../../workspace/dataset/test/test_read_format_zip.c.ifdefed" startline="813" endline="833" function="DEFINE_TEST" hash="5482482720199206489"></source>
			<source file="../../workspace/dataset/test/test_read_format_zip.c.ifdefed" startline="861" endline="880" function="DEFINE_TEST" hash="-5185290910971880794"></source>
		</class>
	</version>
	<version nr="4310" hash="d6d3799d" evolution="Same" change="Consistent">
		<class nclones="2">
			<source file="../../workspace/dataset/test/test_read_format_zip.c.ifdefed" startline="386" endline="404" function="DEFINE_TEST" hash="-9180235723111719269"></source>
			<source file="../../workspace/dataset/test/test_read_format_zip.c.ifdefed" startline="406" endline="424" function="DEFINE_TEST" hash="3763605417116466478"></source>
		</class>
	</version>
	<version nr="4310" hash="d6d3799d" evolution="Same" change="Consistent">
		<class nclones="2">
			<source file="../../workspace/dataset/test/test_read_format_zip.c.ifdefed" startline="426" endline="456" function="DEFINE_TEST" hash="5987793416392001125"></source>
			<source file="../../workspace/dataset/test/test_read_format_zip.c.ifdefed" startline="458" endline="488" function="DEFINE_TEST" hash="-1573413557489932942"></source>
		</class>
	</version>
	<version nr="4310" hash="d6d3799d" evolution="Add" change="Consistent">
		<class nclones="5">
			<source file="../../workspace/dataset/test/test_read_format_zip.c.ifdefed" startline="490" endline="513" function="DEFINE_TEST" hash="2248875925637322440"></source>
			<source file="../../workspace/dataset/test/test_read_format_zip.c.ifdefed" startline="515" endline="538" function="DEFINE_TEST" hash="3170049197635195114"></source>
			<source file="../../workspace/dataset/test/test_read_format_zip.c.ifdefed" startline="615" endline="638" function="DEFINE_TEST" hash="5956823785767981688"></source>
			<source file="../../workspace/dataset/test/test_read_format_zip.c.ifdefed" startline="640" endline="663" function="DEFINE_TEST" hash="-1228844331141544713"></source>
			<source file="../../workspace/dataset/test/test_read_format_zip.c.ifdefed" startline="835" endline="859" function="DEFINE_TEST" hash="-5119885737994570214"></source>
		</class>
	</version>
	<version nr="4310" hash="d6d3799d" evolution="Subtract" change="Consistent">
		<class nclones="4">
			<source file="../../workspace/dataset/test/test_read_format_zip.c.ifdefed" startline="540" endline="575" function="DEFINE_TEST" hash="-8533329548682730211"></source>
			<source file="../../workspace/dataset/test/test_read_format_zip.c.ifdefed" startline="577" endline="612" function="DEFINE_TEST" hash="4384989636146402708"></source>
			<source file="../../workspace/dataset/test/test_read_format_zip.c.ifdefed" startline="665" endline="700" function="DEFINE_TEST" hash="-4606581841758535250"></source>
			<source file="../../workspace/dataset/test/test_read_format_zip.c.ifdefed" startline="702" endline="737" function="DEFINE_TEST" hash="-7419637227213051107"></source>
		</class>
	</version>
	<version nr="4310" hash="d6d3799d" evolution="Subtract" change="Consistent">
		<class nclones="2">
			<source file="../../workspace/dataset/test/test_read_format_zip.c.ifdefed" startline="739" endline="774" function="DEFINE_TEST" hash="5258364896076299199"></source>
			<source file="../../workspace/dataset/test/test_read_format_zip.c.ifdefed" startline="776" endline="811" function="DEFINE_TEST" hash="159110427965833770"></source>
		</class>
	</version>
	<version nr="4310" hash="d6d3799d" evolution="Same" change="Consistent">
		<class nclones="2">
			<source file="../../workspace/dataset/test/test_read_format_zip.c.ifdefed" startline="813" endline="833" function="DEFINE_TEST" hash="5482482720199206489"></source>
			<source file="../../workspace/dataset/test/test_read_format_zip.c.ifdefed" startline="861" endline="880" function="DEFINE_TEST" hash="-5185290910971880794"></source>
		</class>
	</version>
	<version nr="4320" hash="646f6201" evolution="Same" change="Consistent">
		<class nclones="2">
			<source file="../../workspace/dataset/test/test_read_format_zip.c.ifdefed" startline="386" endline="404" function="DEFINE_TEST" hash="-9180235723111719269"></source>
			<source file="../../workspace/dataset/test/test_read_format_zip.c.ifdefed" startline="406" endline="424" function="DEFINE_TEST" hash="3763605417116466478"></source>
		</class>
	</version>
	<version nr="4320" hash="646f6201" evolution="Same" change="Consistent">
		<class nclones="2">
			<source file="../../workspace/dataset/test/test_read_format_zip.c.ifdefed" startline="426" endline="456" function="DEFINE_TEST" hash="5987793416392001125"></source>
			<source file="../../workspace/dataset/test/test_read_format_zip.c.ifdefed" startline="458" endline="488" function="DEFINE_TEST" hash="-1573413557489932942"></source>
		</class>
	</version>
	<version nr="4320" hash="646f6201" evolution="Add" change="Consistent">
		<class nclones="5">
			<source file="../../workspace/dataset/test/test_read_format_zip.c.ifdefed" startline="490" endline="513" function="DEFINE_TEST" hash="2248875925637322440"></source>
			<source file="../../workspace/dataset/test/test_read_format_zip.c.ifdefed" startline="515" endline="538" function="DEFINE_TEST" hash="3170049197635195114"></source>
			<source file="../../workspace/dataset/test/test_read_format_zip.c.ifdefed" startline="615" endline="638" function="DEFINE_TEST" hash="5956823785767981688"></source>
			<source file="../../workspace/dataset/test/test_read_format_zip.c.ifdefed" startline="640" endline="663" function="DEFINE_TEST" hash="-1228844331141544713"></source>
			<source file="../../workspace/dataset/test/test_read_format_zip.c.ifdefed" startline="835" endline="859" function="DEFINE_TEST" hash="-5119885737994570214"></source>
		</class>
	</version>
	<version nr="4320" hash="646f6201" evolution="Subtract" change="Consistent">
		<class nclones="4">
			<source file="../../workspace/dataset/test/test_read_format_zip.c.ifdefed" startline="540" endline="575" function="DEFINE_TEST" hash="-8533329548682730211"></source>
			<source file="../../workspace/dataset/test/test_read_format_zip.c.ifdefed" startline="577" endline="612" function="DEFINE_TEST" hash="4384989636146402708"></source>
			<source file="../../workspace/dataset/test/test_read_format_zip.c.ifdefed" startline="665" endline="700" function="DEFINE_TEST" hash="-4606581841758535250"></source>
			<source file="../../workspace/dataset/test/test_read_format_zip.c.ifdefed" startline="702" endline="737" function="DEFINE_TEST" hash="-7419637227213051107"></source>
		</class>
	</version>
	<version nr="4320" hash="646f6201" evolution="Subtract" change="Consistent">
		<class nclones="2">
			<source file="../../workspace/dataset/test/test_read_format_zip.c.ifdefed" startline="739" endline="774" function="DEFINE_TEST" hash="5258364896076299199"></source>
			<source file="../../workspace/dataset/test/test_read_format_zip.c.ifdefed" startline="776" endline="811" function="DEFINE_TEST" hash="159110427965833770"></source>
		</class>
	</version>
	<version nr="4320" hash="646f6201" evolution="Same" change="Consistent">
		<class nclones="2">
			<source file="../../workspace/dataset/test/test_read_format_zip.c.ifdefed" startline="813" endline="833" function="DEFINE_TEST" hash="5482482720199206489"></source>
			<source file="../../workspace/dataset/test/test_read_format_zip.c.ifdefed" startline="861" endline="880" function="DEFINE_TEST" hash="-5185290910971880794"></source>
		</class>
	</version>
	<version nr="4330" hash="aa11d991" evolution="Same" change="Consistent">
		<class nclones="2">
			<source file="../../workspace/dataset/test/test_read_format_zip.c.ifdefed" startline="386" endline="404" function="DEFINE_TEST" hash="-9180235723111719269"></source>
			<source file="../../workspace/dataset/test/test_read_format_zip.c.ifdefed" startline="406" endline="424" function="DEFINE_TEST" hash="3763605417116466478"></source>
		</class>
	</version>
	<version nr="4330" hash="aa11d991" evolution="Same" change="Consistent">
		<class nclones="2">
			<source file="../../workspace/dataset/test/test_read_format_zip.c.ifdefed" startline="426" endline="456" function="DEFINE_TEST" hash="5987793416392001125"></source>
			<source file="../../workspace/dataset/test/test_read_format_zip.c.ifdefed" startline="458" endline="488" function="DEFINE_TEST" hash="-1573413557489932942"></source>
		</class>
	</version>
	<version nr="4330" hash="aa11d991" evolution="Add" change="Consistent">
		<class nclones="5">
			<source file="../../workspace/dataset/test/test_read_format_zip.c.ifdefed" startline="490" endline="513" function="DEFINE_TEST" hash="2248875925637322440"></source>
			<source file="../../workspace/dataset/test/test_read_format_zip.c.ifdefed" startline="615" endline="638" function="DEFINE_TEST" hash="5956823785767981688"></source>
			<source file="../../workspace/dataset/test/test_read_format_zip.c.ifdefed" startline="515" endline="538" function="DEFINE_TEST" hash="3170049197635195114"></source>
			<source file="../../workspace/dataset/test/test_read_format_zip.c.ifdefed" startline="835" endline="859" function="DEFINE_TEST" hash="-5119885737994570214"></source>
			<source file="../../workspace/dataset/test/test_read_format_zip.c.ifdefed" startline="640" endline="663" function="DEFINE_TEST" hash="-1228844331141544713"></source>
		</class>
	</version>
	<version nr="4330" hash="aa11d991" evolution="Subtract" change="Consistent">
		<class nclones="4">
			<source file="../../workspace/dataset/test/test_read_format_zip.c.ifdefed" startline="540" endline="575" function="DEFINE_TEST" hash="-8533329548682730211"></source>
			<source file="../../workspace/dataset/test/test_read_format_zip.c.ifdefed" startline="665" endline="700" function="DEFINE_TEST" hash="-4606581841758535250"></source>
			<source file="../../workspace/dataset/test/test_read_format_zip.c.ifdefed" startline="577" endline="612" function="DEFINE_TEST" hash="4384989636146402708"></source>
			<source file="../../workspace/dataset/test/test_read_format_zip.c.ifdefed" startline="702" endline="737" function="DEFINE_TEST" hash="-7419637227213051107"></source>
		</class>
	</version>
	<version nr="4330" hash="aa11d991" evolution="Subtract" change="Consistent">
		<class nclones="2">
			<source file="../../workspace/dataset/test/test_read_format_zip.c.ifdefed" startline="739" endline="774" function="DEFINE_TEST" hash="5258364896076299199"></source>
			<source file="../../workspace/dataset/test/test_read_format_zip.c.ifdefed" startline="776" endline="811" function="DEFINE_TEST" hash="159110427965833770"></source>
		</class>
	</version>
	<version nr="4330" hash="aa11d991" evolution="Same" change="Consistent">
		<class nclones="2">
			<source file="../../workspace/dataset/test/test_read_format_zip.c.ifdefed" startline="813" endline="833" function="DEFINE_TEST" hash="5482482720199206489"></source>
			<source file="../../workspace/dataset/test/test_read_format_zip.c.ifdefed" startline="861" endline="880" function="DEFINE_TEST" hash="-5185290910971880794"></source>
		</class>
	</version>
	<version nr="4340" hash="22b1db9d" evolution="Same" change="Consistent">
		<class nclones="2">
			<source file="../../workspace/dataset/test/test_read_format_zip.c.ifdefed" startline="386" endline="404" function="DEFINE_TEST" hash="-9180235723111719269"></source>
			<source file="../../workspace/dataset/test/test_read_format_zip.c.ifdefed" startline="406" endline="424" function="DEFINE_TEST" hash="3763605417116466478"></source>
		</class>
	</version>
	<version nr="4340" hash="22b1db9d" evolution="Same" change="Consistent">
		<class nclones="2">
			<source file="../../workspace/dataset/test/test_read_format_zip.c.ifdefed" startline="426" endline="456" function="DEFINE_TEST" hash="5987793416392001125"></source>
			<source file="../../workspace/dataset/test/test_read_format_zip.c.ifdefed" startline="458" endline="488" function="DEFINE_TEST" hash="-1573413557489932942"></source>
		</class>
	</version>
	<version nr="4340" hash="22b1db9d" evolution="Add" change="Consistent">
		<class nclones="5">
			<source file="../../workspace/dataset/test/test_read_format_zip.c.ifdefed" startline="490" endline="513" function="DEFINE_TEST" hash="2248875925637322440"></source>
			<source file="../../workspace/dataset/test/test_read_format_zip.c.ifdefed" startline="615" endline="638" function="DEFINE_TEST" hash="5956823785767981688"></source>
			<source file="../../workspace/dataset/test/test_read_format_zip.c.ifdefed" startline="515" endline="538" function="DEFINE_TEST" hash="3170049197635195114"></source>
			<source file="../../workspace/dataset/test/test_read_format_zip.c.ifdefed" startline="640" endline="663" function="DEFINE_TEST" hash="-1228844331141544713"></source>
			<source file="../../workspace/dataset/test/test_read_format_zip.c.ifdefed" startline="835" endline="859" function="DEFINE_TEST" hash="-5119885737994570214"></source>
		</class>
	</version>
	<version nr="4340" hash="22b1db9d" evolution="Subtract" change="Consistent">
		<class nclones="4">
			<source file="../../workspace/dataset/test/test_read_format_zip.c.ifdefed" startline="540" endline="575" function="DEFINE_TEST" hash="-8533329548682730211"></source>
			<source file="../../workspace/dataset/test/test_read_format_zip.c.ifdefed" startline="665" endline="700" function="DEFINE_TEST" hash="-4606581841758535250"></source>
			<source file="../../workspace/dataset/test/test_read_format_zip.c.ifdefed" startline="577" endline="612" function="DEFINE_TEST" hash="4384989636146402708"></source>
			<source file="../../workspace/dataset/test/test_read_format_zip.c.ifdefed" startline="702" endline="737" function="DEFINE_TEST" hash="-7419637227213051107"></source>
		</class>
	</version>
	<version nr="4340" hash="22b1db9d" evolution="Subtract" change="Consistent">
		<class nclones="2">
			<source file="../../workspace/dataset/test/test_read_format_zip.c.ifdefed" startline="739" endline="774" function="DEFINE_TEST" hash="5258364896076299199"></source>
			<source file="../../workspace/dataset/test/test_read_format_zip.c.ifdefed" startline="776" endline="811" function="DEFINE_TEST" hash="159110427965833770"></source>
		</class>
	</version>
	<version nr="4340" hash="22b1db9d" evolution="Same" change="Consistent">
		<class nclones="2">
			<source file="../../workspace/dataset/test/test_read_format_zip.c.ifdefed" startline="813" endline="833" function="DEFINE_TEST" hash="5482482720199206489"></source>
			<source file="../../workspace/dataset/test/test_read_format_zip.c.ifdefed" startline="861" endline="880" function="DEFINE_TEST" hash="-5185290910971880794"></source>
		</class>
	</version>
	<version nr="4350" hash="6f4fceb7" evolution="Same" change="Consistent">
		<class nclones="2">
			<source file="../../workspace/dataset/test/test_read_format_zip.c.ifdefed" startline="386" endline="404" function="DEFINE_TEST" hash="-9180235723111719269"></source>
			<source file="../../workspace/dataset/test/test_read_format_zip.c.ifdefed" startline="406" endline="424" function="DEFINE_TEST" hash="3763605417116466478"></source>
		</class>
	</version>
	<version nr="4350" hash="6f4fceb7" evolution="Same" change="Consistent">
		<class nclones="2">
			<source file="../../workspace/dataset/test/test_read_format_zip.c.ifdefed" startline="426" endline="456" function="DEFINE_TEST" hash="5987793416392001125"></source>
			<source file="../../workspace/dataset/test/test_read_format_zip.c.ifdefed" startline="458" endline="488" function="DEFINE_TEST" hash="-1573413557489932942"></source>
		</class>
	</version>
	<version nr="4350" hash="6f4fceb7" evolution="Add" change="Consistent">
		<class nclones="5">
			<source file="../../workspace/dataset/test/test_read_format_zip.c.ifdefed" startline="490" endline="513" function="DEFINE_TEST" hash="2248875925637322440"></source>
			<source file="../../workspace/dataset/test/test_read_format_zip.c.ifdefed" startline="615" endline="638" function="DEFINE_TEST" hash="5956823785767981688"></source>
			<source file="../../workspace/dataset/test/test_read_format_zip.c.ifdefed" startline="515" endline="538" function="DEFINE_TEST" hash="3170049197635195114"></source>
			<source file="../../workspace/dataset/test/test_read_format_zip.c.ifdefed" startline="640" endline="663" function="DEFINE_TEST" hash="-1228844331141544713"></source>
			<source file="../../workspace/dataset/test/test_read_format_zip.c.ifdefed" startline="835" endline="859" function="DEFINE_TEST" hash="-5119885737994570214"></source>
		</class>
	</version>
	<version nr="4350" hash="6f4fceb7" evolution="Subtract" change="Consistent">
		<class nclones="4">
			<source file="../../workspace/dataset/test/test_read_format_zip.c.ifdefed" startline="540" endline="575" function="DEFINE_TEST" hash="-8533329548682730211"></source>
			<source file="../../workspace/dataset/test/test_read_format_zip.c.ifdefed" startline="665" endline="700" function="DEFINE_TEST" hash="-4606581841758535250"></source>
			<source file="../../workspace/dataset/test/test_read_format_zip.c.ifdefed" startline="577" endline="612" function="DEFINE_TEST" hash="4384989636146402708"></source>
			<source file="../../workspace/dataset/test/test_read_format_zip.c.ifdefed" startline="702" endline="737" function="DEFINE_TEST" hash="-7419637227213051107"></source>
		</class>
	</version>
	<version nr="4350" hash="6f4fceb7" evolution="Subtract" change="Consistent">
		<class nclones="2">
			<source file="../../workspace/dataset/test/test_read_format_zip.c.ifdefed" startline="739" endline="774" function="DEFINE_TEST" hash="5258364896076299199"></source>
			<source file="../../workspace/dataset/test/test_read_format_zip.c.ifdefed" startline="776" endline="811" function="DEFINE_TEST" hash="159110427965833770"></source>
		</class>
	</version>
	<version nr="4350" hash="6f4fceb7" evolution="Same" change="Consistent">
		<class nclones="2">
			<source file="../../workspace/dataset/test/test_read_format_zip.c.ifdefed" startline="813" endline="833" function="DEFINE_TEST" hash="5482482720199206489"></source>
			<source file="../../workspace/dataset/test/test_read_format_zip.c.ifdefed" startline="861" endline="880" function="DEFINE_TEST" hash="-5185290910971880794"></source>
		</class>
	</version>
	<version nr="4360" hash="cce09646" evolution="Same" change="Consistent">
		<class nclones="2">
			<source file="../../workspace/dataset/test/test_read_format_zip.c.ifdefed" startline="386" endline="404" function="DEFINE_TEST" hash="-9180235723111719269"></source>
			<source file="../../workspace/dataset/test/test_read_format_zip.c.ifdefed" startline="406" endline="424" function="DEFINE_TEST" hash="3763605417116466478"></source>
		</class>
	</version>
	<version nr="4360" hash="cce09646" evolution="Same" change="Consistent">
		<class nclones="2">
			<source file="../../workspace/dataset/test/test_read_format_zip.c.ifdefed" startline="426" endline="456" function="DEFINE_TEST" hash="5987793416392001125"></source>
			<source file="../../workspace/dataset/test/test_read_format_zip.c.ifdefed" startline="458" endline="488" function="DEFINE_TEST" hash="-1573413557489932942"></source>
		</class>
	</version>
	<version nr="4360" hash="cce09646" evolution="Add" change="Consistent">
		<class nclones="5">
			<source file="../../workspace/dataset/test/test_read_format_zip.c.ifdefed" startline="490" endline="513" function="DEFINE_TEST" hash="2248875925637322440"></source>
			<source file="../../workspace/dataset/test/test_read_format_zip.c.ifdefed" startline="615" endline="638" function="DEFINE_TEST" hash="5956823785767981688"></source>
			<source file="../../workspace/dataset/test/test_read_format_zip.c.ifdefed" startline="515" endline="538" function="DEFINE_TEST" hash="3170049197635195114"></source>
			<source file="../../workspace/dataset/test/test_read_format_zip.c.ifdefed" startline="640" endline="663" function="DEFINE_TEST" hash="-1228844331141544713"></source>
			<source file="../../workspace/dataset/test/test_read_format_zip.c.ifdefed" startline="835" endline="859" function="DEFINE_TEST" hash="-5119885737994570214"></source>
		</class>
	</version>
	<version nr="4360" hash="cce09646" evolution="Subtract" change="Consistent">
		<class nclones="4">
			<source file="../../workspace/dataset/test/test_read_format_zip.c.ifdefed" startline="540" endline="575" function="DEFINE_TEST" hash="-8533329548682730211"></source>
			<source file="../../workspace/dataset/test/test_read_format_zip.c.ifdefed" startline="665" endline="700" function="DEFINE_TEST" hash="-4606581841758535250"></source>
			<source file="../../workspace/dataset/test/test_read_format_zip.c.ifdefed" startline="577" endline="612" function="DEFINE_TEST" hash="4384989636146402708"></source>
			<source file="../../workspace/dataset/test/test_read_format_zip.c.ifdefed" startline="702" endline="737" function="DEFINE_TEST" hash="-7419637227213051107"></source>
		</class>
	</version>
	<version nr="4360" hash="cce09646" evolution="Subtract" change="Consistent">
		<class nclones="2">
			<source file="../../workspace/dataset/test/test_read_format_zip.c.ifdefed" startline="739" endline="774" function="DEFINE_TEST" hash="5258364896076299199"></source>
			<source file="../../workspace/dataset/test/test_read_format_zip.c.ifdefed" startline="776" endline="811" function="DEFINE_TEST" hash="159110427965833770"></source>
		</class>
	</version>
	<version nr="4360" hash="cce09646" evolution="Same" change="Consistent">
		<class nclones="2">
			<source file="../../workspace/dataset/test/test_read_format_zip.c.ifdefed" startline="813" endline="833" function="DEFINE_TEST" hash="5482482720199206489"></source>
			<source file="../../workspace/dataset/test/test_read_format_zip.c.ifdefed" startline="861" endline="880" function="DEFINE_TEST" hash="-5185290910971880794"></source>
		</class>
	</version>
	<version nr="4370" hash="5be1a96f" evolution="Same" change="Consistent">
		<class nclones="2">
			<source file="../../workspace/dataset/test/test_read_format_zip.c.ifdefed" startline="386" endline="404" function="DEFINE_TEST" hash="-9180235723111719269"></source>
			<source file="../../workspace/dataset/test/test_read_format_zip.c.ifdefed" startline="406" endline="424" function="DEFINE_TEST" hash="3763605417116466478"></source>
		</class>
	</version>
	<version nr="4370" hash="5be1a96f" evolution="Same" change="Consistent">
		<class nclones="2">
			<source file="../../workspace/dataset/test/test_read_format_zip.c.ifdefed" startline="426" endline="456" function="DEFINE_TEST" hash="5987793416392001125"></source>
			<source file="../../workspace/dataset/test/test_read_format_zip.c.ifdefed" startline="458" endline="488" function="DEFINE_TEST" hash="-1573413557489932942"></source>
		</class>
	</version>
	<version nr="4370" hash="5be1a96f" evolution="Add" change="Consistent">
		<class nclones="5">
			<source file="../../workspace/dataset/test/test_read_format_zip.c.ifdefed" startline="490" endline="513" function="DEFINE_TEST" hash="2248875925637322440"></source>
			<source file="../../workspace/dataset/test/test_read_format_zip.c.ifdefed" startline="615" endline="638" function="DEFINE_TEST" hash="5956823785767981688"></source>
			<source file="../../workspace/dataset/test/test_read_format_zip.c.ifdefed" startline="515" endline="538" function="DEFINE_TEST" hash="3170049197635195114"></source>
			<source file="../../workspace/dataset/test/test_read_format_zip.c.ifdefed" startline="640" endline="663" function="DEFINE_TEST" hash="-1228844331141544713"></source>
			<source file="../../workspace/dataset/test/test_read_format_zip.c.ifdefed" startline="835" endline="859" function="DEFINE_TEST" hash="-5119885737994570214"></source>
		</class>
	</version>
	<version nr="4370" hash="5be1a96f" evolution="Subtract" change="Consistent">
		<class nclones="4">
			<source file="../../workspace/dataset/test/test_read_format_zip.c.ifdefed" startline="540" endline="575" function="DEFINE_TEST" hash="-8533329548682730211"></source>
			<source file="../../workspace/dataset/test/test_read_format_zip.c.ifdefed" startline="665" endline="700" function="DEFINE_TEST" hash="-4606581841758535250"></source>
			<source file="../../workspace/dataset/test/test_read_format_zip.c.ifdefed" startline="577" endline="612" function="DEFINE_TEST" hash="4384989636146402708"></source>
			<source file="../../workspace/dataset/test/test_read_format_zip.c.ifdefed" startline="702" endline="737" function="DEFINE_TEST" hash="-7419637227213051107"></source>
		</class>
	</version>
	<version nr="4370" hash="5be1a96f" evolution="Subtract" change="Consistent">
		<class nclones="2">
			<source file="../../workspace/dataset/test/test_read_format_zip.c.ifdefed" startline="739" endline="774" function="DEFINE_TEST" hash="5258364896076299199"></source>
			<source file="../../workspace/dataset/test/test_read_format_zip.c.ifdefed" startline="776" endline="811" function="DEFINE_TEST" hash="159110427965833770"></source>
		</class>
	</version>
	<version nr="4370" hash="5be1a96f" evolution="Same" change="Consistent">
		<class nclones="2">
			<source file="../../workspace/dataset/test/test_read_format_zip.c.ifdefed" startline="813" endline="833" function="DEFINE_TEST" hash="5482482720199206489"></source>
			<source file="../../workspace/dataset/test/test_read_format_zip.c.ifdefed" startline="861" endline="880" function="DEFINE_TEST" hash="-5185290910971880794"></source>
		</class>
	</version>
	<version nr="4380" hash="467d193d" evolution="Same" change="Consistent">
		<class nclones="2">
			<source file="../../workspace/dataset/test/test_read_format_zip.c.ifdefed" startline="386" endline="404" function="DEFINE_TEST" hash="-9180235723111719269"></source>
			<source file="../../workspace/dataset/test/test_read_format_zip.c.ifdefed" startline="406" endline="424" function="DEFINE_TEST" hash="3763605417116466478"></source>
		</class>
	</version>
	<version nr="4380" hash="467d193d" evolution="Same" change="Consistent">
		<class nclones="2">
			<source file="../../workspace/dataset/test/test_read_format_zip.c.ifdefed" startline="426" endline="456" function="DEFINE_TEST" hash="5987793416392001125"></source>
			<source file="../../workspace/dataset/test/test_read_format_zip.c.ifdefed" startline="458" endline="488" function="DEFINE_TEST" hash="-1573413557489932942"></source>
		</class>
	</version>
	<version nr="4380" hash="467d193d" evolution="Add" change="Consistent">
		<class nclones="5">
			<source file="../../workspace/dataset/test/test_read_format_zip.c.ifdefed" startline="490" endline="513" function="DEFINE_TEST" hash="2248875925637322440"></source>
			<source file="../../workspace/dataset/test/test_read_format_zip.c.ifdefed" startline="615" endline="638" function="DEFINE_TEST" hash="5956823785767981688"></source>
			<source file="../../workspace/dataset/test/test_read_format_zip.c.ifdefed" startline="515" endline="538" function="DEFINE_TEST" hash="3170049197635195114"></source>
			<source file="../../workspace/dataset/test/test_read_format_zip.c.ifdefed" startline="640" endline="663" function="DEFINE_TEST" hash="-1228844331141544713"></source>
			<source file="../../workspace/dataset/test/test_read_format_zip.c.ifdefed" startline="835" endline="859" function="DEFINE_TEST" hash="-5119885737994570214"></source>
		</class>
	</version>
	<version nr="4380" hash="467d193d" evolution="Subtract" change="Consistent">
		<class nclones="4">
			<source file="../../workspace/dataset/test/test_read_format_zip.c.ifdefed" startline="540" endline="575" function="DEFINE_TEST" hash="-8533329548682730211"></source>
			<source file="../../workspace/dataset/test/test_read_format_zip.c.ifdefed" startline="665" endline="700" function="DEFINE_TEST" hash="-4606581841758535250"></source>
			<source file="../../workspace/dataset/test/test_read_format_zip.c.ifdefed" startline="577" endline="612" function="DEFINE_TEST" hash="4384989636146402708"></source>
			<source file="../../workspace/dataset/test/test_read_format_zip.c.ifdefed" startline="702" endline="737" function="DEFINE_TEST" hash="-7419637227213051107"></source>
		</class>
	</version>
	<version nr="4380" hash="467d193d" evolution="Subtract" change="Consistent">
		<class nclones="2">
			<source file="../../workspace/dataset/test/test_read_format_zip.c.ifdefed" startline="739" endline="774" function="DEFINE_TEST" hash="5258364896076299199"></source>
			<source file="../../workspace/dataset/test/test_read_format_zip.c.ifdefed" startline="776" endline="811" function="DEFINE_TEST" hash="159110427965833770"></source>
		</class>
	</version>
	<version nr="4380" hash="467d193d" evolution="Same" change="Consistent">
		<class nclones="2">
			<source file="../../workspace/dataset/test/test_read_format_zip.c.ifdefed" startline="813" endline="833" function="DEFINE_TEST" hash="5482482720199206489"></source>
			<source file="../../workspace/dataset/test/test_read_format_zip.c.ifdefed" startline="861" endline="880" function="DEFINE_TEST" hash="-5185290910971880794"></source>
		</class>
	</version>
	<version nr="4390" hash="343642bc" evolution="Same" change="Consistent">
		<class nclones="2">
			<source file="../../workspace/dataset/test/test_read_format_zip.c.ifdefed" startline="386" endline="404" function="DEFINE_TEST" hash="-9180235723111719269"></source>
			<source file="../../workspace/dataset/test/test_read_format_zip.c.ifdefed" startline="406" endline="424" function="DEFINE_TEST" hash="3763605417116466478"></source>
		</class>
	</version>
	<version nr="4390" hash="343642bc" evolution="Same" change="Consistent">
		<class nclones="2">
			<source file="../../workspace/dataset/test/test_read_format_zip.c.ifdefed" startline="426" endline="456" function="DEFINE_TEST" hash="5987793416392001125"></source>
			<source file="../../workspace/dataset/test/test_read_format_zip.c.ifdefed" startline="458" endline="488" function="DEFINE_TEST" hash="-1573413557489932942"></source>
		</class>
	</version>
	<version nr="4390" hash="343642bc" evolution="Add" change="Consistent">
		<class nclones="5">
			<source file="../../workspace/dataset/test/test_read_format_zip.c.ifdefed" startline="490" endline="513" function="DEFINE_TEST" hash="2248875925637322440"></source>
			<source file="../../workspace/dataset/test/test_read_format_zip.c.ifdefed" startline="615" endline="638" function="DEFINE_TEST" hash="5956823785767981688"></source>
			<source file="../../workspace/dataset/test/test_read_format_zip.c.ifdefed" startline="515" endline="538" function="DEFINE_TEST" hash="3170049197635195114"></source>
			<source file="../../workspace/dataset/test/test_read_format_zip.c.ifdefed" startline="835" endline="859" function="DEFINE_TEST" hash="-5119885737994570214"></source>
			<source file="../../workspace/dataset/test/test_read_format_zip.c.ifdefed" startline="640" endline="663" function="DEFINE_TEST" hash="-1228844331141544713"></source>
		</class>
	</version>
	<version nr="4390" hash="343642bc" evolution="Subtract" change="Consistent">
		<class nclones="4">
			<source file="../../workspace/dataset/test/test_read_format_zip.c.ifdefed" startline="540" endline="575" function="DEFINE_TEST" hash="-8533329548682730211"></source>
			<source file="../../workspace/dataset/test/test_read_format_zip.c.ifdefed" startline="577" endline="612" function="DEFINE_TEST" hash="4384989636146402708"></source>
			<source file="../../workspace/dataset/test/test_read_format_zip.c.ifdefed" startline="665" endline="700" function="DEFINE_TEST" hash="-4606581841758535250"></source>
			<source file="../../workspace/dataset/test/test_read_format_zip.c.ifdefed" startline="702" endline="737" function="DEFINE_TEST" hash="-7419637227213051107"></source>
		</class>
	</version>
	<version nr="4390" hash="343642bc" evolution="Subtract" change="Consistent">
		<class nclones="2">
			<source file="../../workspace/dataset/test/test_read_format_zip.c.ifdefed" startline="739" endline="774" function="DEFINE_TEST" hash="5258364896076299199"></source>
			<source file="../../workspace/dataset/test/test_read_format_zip.c.ifdefed" startline="776" endline="811" function="DEFINE_TEST" hash="159110427965833770"></source>
		</class>
	</version>
	<version nr="4390" hash="343642bc" evolution="Same" change="Consistent">
		<class nclones="2">
			<source file="../../workspace/dataset/test/test_read_format_zip.c.ifdefed" startline="813" endline="833" function="DEFINE_TEST" hash="5482482720199206489"></source>
			<source file="../../workspace/dataset/test/test_read_format_zip.c.ifdefed" startline="861" endline="880" function="DEFINE_TEST" hash="-5185290910971880794"></source>
		</class>
	</version>
	<version nr="4400" hash="8705a85c" evolution="Same" change="Consistent">
		<class nclones="2">
			<source file="../../workspace/dataset/test/test_read_format_zip.c.ifdefed" startline="386" endline="404" function="DEFINE_TEST" hash="-9180235723111719269"></source>
			<source file="../../workspace/dataset/test/test_read_format_zip.c.ifdefed" startline="406" endline="424" function="DEFINE_TEST" hash="3763605417116466478"></source>
		</class>
	</version>
	<version nr="4400" hash="8705a85c" evolution="Same" change="Consistent">
		<class nclones="2">
			<source file="../../workspace/dataset/test/test_read_format_zip.c.ifdefed" startline="426" endline="456" function="DEFINE_TEST" hash="5987793416392001125"></source>
			<source file="../../workspace/dataset/test/test_read_format_zip.c.ifdefed" startline="458" endline="488" function="DEFINE_TEST" hash="-1573413557489932942"></source>
		</class>
	</version>
	<version nr="4400" hash="8705a85c" evolution="Add" change="Consistent">
		<class nclones="5">
			<source file="../../workspace/dataset/test/test_read_format_zip.c.ifdefed" startline="490" endline="513" function="DEFINE_TEST" hash="2248875925637322440"></source>
			<source file="../../workspace/dataset/test/test_read_format_zip.c.ifdefed" startline="515" endline="538" function="DEFINE_TEST" hash="3170049197635195114"></source>
			<source file="../../workspace/dataset/test/test_read_format_zip.c.ifdefed" startline="615" endline="638" function="DEFINE_TEST" hash="5956823785767981688"></source>
			<source file="../../workspace/dataset/test/test_read_format_zip.c.ifdefed" startline="640" endline="663" function="DEFINE_TEST" hash="-1228844331141544713"></source>
			<source file="../../workspace/dataset/test/test_read_format_zip.c.ifdefed" startline="835" endline="859" function="DEFINE_TEST" hash="-5119885737994570214"></source>
		</class>
	</version>
	<version nr="4400" hash="8705a85c" evolution="Subtract" change="Consistent">
		<class nclones="4">
			<source file="../../workspace/dataset/test/test_read_format_zip.c.ifdefed" startline="540" endline="575" function="DEFINE_TEST" hash="-8533329548682730211"></source>
			<source file="../../workspace/dataset/test/test_read_format_zip.c.ifdefed" startline="665" endline="700" function="DEFINE_TEST" hash="-4606581841758535250"></source>
			<source file="../../workspace/dataset/test/test_read_format_zip.c.ifdefed" startline="577" endline="612" function="DEFINE_TEST" hash="4384989636146402708"></source>
			<source file="../../workspace/dataset/test/test_read_format_zip.c.ifdefed" startline="702" endline="737" function="DEFINE_TEST" hash="-7419637227213051107"></source>
		</class>
	</version>
	<version nr="4400" hash="8705a85c" evolution="Subtract" change="Consistent">
		<class nclones="2">
			<source file="../../workspace/dataset/test/test_read_format_zip.c.ifdefed" startline="739" endline="774" function="DEFINE_TEST" hash="5258364896076299199"></source>
			<source file="../../workspace/dataset/test/test_read_format_zip.c.ifdefed" startline="776" endline="811" function="DEFINE_TEST" hash="159110427965833770"></source>
		</class>
	</version>
	<version nr="4400" hash="8705a85c" evolution="Same" change="Consistent">
		<class nclones="2">
			<source file="../../workspace/dataset/test/test_read_format_zip.c.ifdefed" startline="813" endline="833" function="DEFINE_TEST" hash="5482482720199206489"></source>
			<source file="../../workspace/dataset/test/test_read_format_zip.c.ifdefed" startline="861" endline="880" function="DEFINE_TEST" hash="-5185290910971880794"></source>
		</class>
	</version>
	<version nr="4410" hash="cd69e167" evolution="Same" change="Consistent">
		<class nclones="2">
			<source file="../../workspace/dataset/test/test_read_format_zip.c.ifdefed" startline="386" endline="404" function="DEFINE_TEST" hash="-9180235723111719269"></source>
			<source file="../../workspace/dataset/test/test_read_format_zip.c.ifdefed" startline="406" endline="424" function="DEFINE_TEST" hash="3763605417116466478"></source>
		</class>
	</version>
	<version nr="4410" hash="cd69e167" evolution="Same" change="Consistent">
		<class nclones="2">
			<source file="../../workspace/dataset/test/test_read_format_zip.c.ifdefed" startline="426" endline="456" function="DEFINE_TEST" hash="5987793416392001125"></source>
			<source file="../../workspace/dataset/test/test_read_format_zip.c.ifdefed" startline="458" endline="488" function="DEFINE_TEST" hash="-1573413557489932942"></source>
		</class>
	</version>
	<version nr="4410" hash="cd69e167" evolution="Add" change="Consistent">
		<class nclones="5">
			<source file="../../workspace/dataset/test/test_read_format_zip.c.ifdefed" startline="490" endline="513" function="DEFINE_TEST" hash="2248875925637322440"></source>
			<source file="../../workspace/dataset/test/test_read_format_zip.c.ifdefed" startline="515" endline="538" function="DEFINE_TEST" hash="3170049197635195114"></source>
			<source file="../../workspace/dataset/test/test_read_format_zip.c.ifdefed" startline="615" endline="638" function="DEFINE_TEST" hash="5956823785767981688"></source>
			<source file="../../workspace/dataset/test/test_read_format_zip.c.ifdefed" startline="640" endline="663" function="DEFINE_TEST" hash="-1228844331141544713"></source>
			<source file="../../workspace/dataset/test/test_read_format_zip.c.ifdefed" startline="835" endline="859" function="DEFINE_TEST" hash="-5119885737994570214"></source>
		</class>
	</version>
	<version nr="4410" hash="cd69e167" evolution="Subtract" change="Consistent">
		<class nclones="4">
			<source file="../../workspace/dataset/test/test_read_format_zip.c.ifdefed" startline="540" endline="575" function="DEFINE_TEST" hash="-8533329548682730211"></source>
			<source file="../../workspace/dataset/test/test_read_format_zip.c.ifdefed" startline="577" endline="612" function="DEFINE_TEST" hash="4384989636146402708"></source>
			<source file="../../workspace/dataset/test/test_read_format_zip.c.ifdefed" startline="665" endline="700" function="DEFINE_TEST" hash="-4606581841758535250"></source>
			<source file="../../workspace/dataset/test/test_read_format_zip.c.ifdefed" startline="702" endline="737" function="DEFINE_TEST" hash="-7419637227213051107"></source>
		</class>
	</version>
	<version nr="4410" hash="cd69e167" evolution="Subtract" change="Consistent">
		<class nclones="2">
			<source file="../../workspace/dataset/test/test_read_format_zip.c.ifdefed" startline="739" endline="774" function="DEFINE_TEST" hash="5258364896076299199"></source>
			<source file="../../workspace/dataset/test/test_read_format_zip.c.ifdefed" startline="776" endline="811" function="DEFINE_TEST" hash="159110427965833770"></source>
		</class>
	</version>
	<version nr="4410" hash="cd69e167" evolution="Same" change="Consistent">
		<class nclones="2">
			<source file="../../workspace/dataset/test/test_read_format_zip.c.ifdefed" startline="813" endline="833" function="DEFINE_TEST" hash="5482482720199206489"></source>
			<source file="../../workspace/dataset/test/test_read_format_zip.c.ifdefed" startline="861" endline="880" function="DEFINE_TEST" hash="-5185290910971880794"></source>
		</class>
	</version>
	<version nr="4420" hash="86f17852" evolution="Same" change="Consistent">
		<class nclones="2">
			<source file="../../workspace/dataset/test/test_read_format_zip.c.ifdefed" startline="386" endline="404" function="DEFINE_TEST" hash="-9180235723111719269"></source>
			<source file="../../workspace/dataset/test/test_read_format_zip.c.ifdefed" startline="406" endline="424" function="DEFINE_TEST" hash="3763605417116466478"></source>
		</class>
	</version>
	<version nr="4420" hash="86f17852" evolution="Same" change="Consistent">
		<class nclones="2">
			<source file="../../workspace/dataset/test/test_read_format_zip.c.ifdefed" startline="426" endline="456" function="DEFINE_TEST" hash="5987793416392001125"></source>
			<source file="../../workspace/dataset/test/test_read_format_zip.c.ifdefed" startline="458" endline="488" function="DEFINE_TEST" hash="-1573413557489932942"></source>
		</class>
	</version>
	<version nr="4420" hash="86f17852" evolution="Add" change="Consistent">
		<class nclones="7">
			<source file="../../workspace/dataset/test/test_read_format_zip.c.ifdefed" startline="490" endline="513" function="DEFINE_TEST" hash="2248875925637322440"></source>
			<source file="../../workspace/dataset/test/test_read_format_zip.c.ifdefed" startline="920" endline="943" function="DEFINE_TEST" hash="1567491852411800084"></source>
			<source file="../../workspace/dataset/test/test_read_format_zip.c.ifdefed" startline="945" endline="968" function="DEFINE_TEST" hash="-1000411674586009806"></source>
			<source file="../../workspace/dataset/test/test_read_format_zip.c.ifdefed" startline="615" endline="638" function="DEFINE_TEST" hash="5956823785767981688"></source>
			<source file="../../workspace/dataset/test/test_read_format_zip.c.ifdefed" startline="515" endline="538" function="DEFINE_TEST" hash="3170049197635195114"></source>
			<source file="../../workspace/dataset/test/test_read_format_zip.c.ifdefed" startline="640" endline="663" function="DEFINE_TEST" hash="-1228844331141544713"></source>
			<source file="../../workspace/dataset/test/test_read_format_zip.c.ifdefed" startline="835" endline="859" function="DEFINE_TEST" hash="-5119885737994570214"></source>
		</class>
	</version>
	<version nr="4420" hash="86f17852" evolution="Subtract" change="Consistent">
		<class nclones="4">
			<source file="../../workspace/dataset/test/test_read_format_zip.c.ifdefed" startline="540" endline="575" function="DEFINE_TEST" hash="-8533329548682730211"></source>
			<source file="../../workspace/dataset/test/test_read_format_zip.c.ifdefed" startline="665" endline="700" function="DEFINE_TEST" hash="-4606581841758535250"></source>
			<source file="../../workspace/dataset/test/test_read_format_zip.c.ifdefed" startline="577" endline="612" function="DEFINE_TEST" hash="4384989636146402708"></source>
			<source file="../../workspace/dataset/test/test_read_format_zip.c.ifdefed" startline="702" endline="737" function="DEFINE_TEST" hash="-7419637227213051107"></source>
		</class>
	</version>
	<version nr="4420" hash="86f17852" evolution="Subtract" change="Consistent">
		<class nclones="2">
			<source file="../../workspace/dataset/test/test_read_format_zip.c.ifdefed" startline="739" endline="774" function="DEFINE_TEST" hash="5258364896076299199"></source>
			<source file="../../workspace/dataset/test/test_read_format_zip.c.ifdefed" startline="776" endline="811" function="DEFINE_TEST" hash="159110427965833770"></source>
		</class>
	</version>
	<version nr="4420" hash="86f17852" evolution="Same" change="Consistent">
		<class nclones="2">
			<source file="../../workspace/dataset/test/test_read_format_zip.c.ifdefed" startline="813" endline="833" function="DEFINE_TEST" hash="5482482720199206489"></source>
			<source file="../../workspace/dataset/test/test_read_format_zip.c.ifdefed" startline="861" endline="880" function="DEFINE_TEST" hash="-5185290910971880794"></source>
		</class>
	</version>
	<version nr="4430" hash="ba0478d3" evolution="Same" change="Consistent">
		<class nclones="2">
			<source file="../../workspace/dataset/test/test_read_format_zip.c.ifdefed" startline="386" endline="404" function="DEFINE_TEST" hash="-9180235723111719269"></source>
			<source file="../../workspace/dataset/test/test_read_format_zip.c.ifdefed" startline="406" endline="424" function="DEFINE_TEST" hash="3763605417116466478"></source>
		</class>
	</version>
	<version nr="4430" hash="ba0478d3" evolution="Same" change="Consistent">
		<class nclones="2">
			<source file="../../workspace/dataset/test/test_read_format_zip.c.ifdefed" startline="426" endline="456" function="DEFINE_TEST" hash="5987793416392001125"></source>
			<source file="../../workspace/dataset/test/test_read_format_zip.c.ifdefed" startline="458" endline="488" function="DEFINE_TEST" hash="-1573413557489932942"></source>
		</class>
	</version>
	<version nr="4430" hash="ba0478d3" evolution="Add" change="Consistent">
		<class nclones="7">
			<source file="../../workspace/dataset/test/test_read_format_zip.c.ifdefed" startline="490" endline="513" function="DEFINE_TEST" hash="2248875925637322440"></source>
			<source file="../../workspace/dataset/test/test_read_format_zip.c.ifdefed" startline="920" endline="943" function="DEFINE_TEST" hash="1567491852411800084"></source>
			<source file="../../workspace/dataset/test/test_read_format_zip.c.ifdefed" startline="945" endline="968" function="DEFINE_TEST" hash="-1000411674586009806"></source>
			<source file="../../workspace/dataset/test/test_read_format_zip.c.ifdefed" startline="615" endline="638" function="DEFINE_TEST" hash="5956823785767981688"></source>
			<source file="../../workspace/dataset/test/test_read_format_zip.c.ifdefed" startline="515" endline="538" function="DEFINE_TEST" hash="3170049197635195114"></source>
			<source file="../../workspace/dataset/test/test_read_format_zip.c.ifdefed" startline="640" endline="663" function="DEFINE_TEST" hash="-1228844331141544713"></source>
			<source file="../../workspace/dataset/test/test_read_format_zip.c.ifdefed" startline="835" endline="859" function="DEFINE_TEST" hash="-5119885737994570214"></source>
		</class>
	</version>
	<version nr="4430" hash="ba0478d3" evolution="Subtract" change="Consistent">
		<class nclones="4">
			<source file="../../workspace/dataset/test/test_read_format_zip.c.ifdefed" startline="540" endline="575" function="DEFINE_TEST" hash="-8533329548682730211"></source>
			<source file="../../workspace/dataset/test/test_read_format_zip.c.ifdefed" startline="665" endline="700" function="DEFINE_TEST" hash="-4606581841758535250"></source>
			<source file="../../workspace/dataset/test/test_read_format_zip.c.ifdefed" startline="577" endline="612" function="DEFINE_TEST" hash="4384989636146402708"></source>
			<source file="../../workspace/dataset/test/test_read_format_zip.c.ifdefed" startline="702" endline="737" function="DEFINE_TEST" hash="-7419637227213051107"></source>
		</class>
	</version>
	<version nr="4430" hash="ba0478d3" evolution="Subtract" change="Consistent">
		<class nclones="2">
			<source file="../../workspace/dataset/test/test_read_format_zip.c.ifdefed" startline="739" endline="774" function="DEFINE_TEST" hash="5258364896076299199"></source>
			<source file="../../workspace/dataset/test/test_read_format_zip.c.ifdefed" startline="776" endline="811" function="DEFINE_TEST" hash="159110427965833770"></source>
		</class>
	</version>
	<version nr="4430" hash="ba0478d3" evolution="Same" change="Consistent">
		<class nclones="2">
			<source file="../../workspace/dataset/test/test_read_format_zip.c.ifdefed" startline="813" endline="833" function="DEFINE_TEST" hash="5482482720199206489"></source>
			<source file="../../workspace/dataset/test/test_read_format_zip.c.ifdefed" startline="861" endline="880" function="DEFINE_TEST" hash="-5185290910971880794"></source>
		</class>
	</version>
	<version nr="4440" hash="afaaf3ad" evolution="Same" change="Consistent">
		<class nclones="2">
			<source file="../../workspace/dataset/test/test_read_format_zip.c.ifdefed" startline="386" endline="404" function="DEFINE_TEST" hash="-9180235723111719269"></source>
			<source file="../../workspace/dataset/test/test_read_format_zip.c.ifdefed" startline="406" endline="424" function="DEFINE_TEST" hash="3763605417116466478"></source>
		</class>
	</version>
	<version nr="4440" hash="afaaf3ad" evolution="Same" change="Consistent">
		<class nclones="2">
			<source file="../../workspace/dataset/test/test_read_format_zip.c.ifdefed" startline="426" endline="456" function="DEFINE_TEST" hash="5987793416392001125"></source>
			<source file="../../workspace/dataset/test/test_read_format_zip.c.ifdefed" startline="458" endline="488" function="DEFINE_TEST" hash="-1573413557489932942"></source>
		</class>
	</version>
	<version nr="4440" hash="afaaf3ad" evolution="Add" change="Consistent">
		<class nclones="7">
			<source file="../../workspace/dataset/test/test_read_format_zip.c.ifdefed" startline="490" endline="513" function="DEFINE_TEST" hash="2248875925637322440"></source>
			<source file="../../workspace/dataset/test/test_read_format_zip.c.ifdefed" startline="920" endline="943" function="DEFINE_TEST" hash="1567491852411800084"></source>
			<source file="../../workspace/dataset/test/test_read_format_zip.c.ifdefed" startline="945" endline="968" function="DEFINE_TEST" hash="-1000411674586009806"></source>
			<source file="../../workspace/dataset/test/test_read_format_zip.c.ifdefed" startline="615" endline="638" function="DEFINE_TEST" hash="5956823785767981688"></source>
			<source file="../../workspace/dataset/test/test_read_format_zip.c.ifdefed" startline="515" endline="538" function="DEFINE_TEST" hash="3170049197635195114"></source>
			<source file="../../workspace/dataset/test/test_read_format_zip.c.ifdefed" startline="640" endline="663" function="DEFINE_TEST" hash="-1228844331141544713"></source>
			<source file="../../workspace/dataset/test/test_read_format_zip.c.ifdefed" startline="835" endline="859" function="DEFINE_TEST" hash="-5119885737994570214"></source>
		</class>
	</version>
	<version nr="4440" hash="afaaf3ad" evolution="Subtract" change="Consistent">
		<class nclones="4">
			<source file="../../workspace/dataset/test/test_read_format_zip.c.ifdefed" startline="540" endline="575" function="DEFINE_TEST" hash="-8533329548682730211"></source>
			<source file="../../workspace/dataset/test/test_read_format_zip.c.ifdefed" startline="665" endline="700" function="DEFINE_TEST" hash="-4606581841758535250"></source>
			<source file="../../workspace/dataset/test/test_read_format_zip.c.ifdefed" startline="577" endline="612" function="DEFINE_TEST" hash="4384989636146402708"></source>
			<source file="../../workspace/dataset/test/test_read_format_zip.c.ifdefed" startline="702" endline="737" function="DEFINE_TEST" hash="-7419637227213051107"></source>
		</class>
	</version>
	<version nr="4440" hash="afaaf3ad" evolution="Subtract" change="Consistent">
		<class nclones="2">
			<source file="../../workspace/dataset/test/test_read_format_zip.c.ifdefed" startline="739" endline="774" function="DEFINE_TEST" hash="5258364896076299199"></source>
			<source file="../../workspace/dataset/test/test_read_format_zip.c.ifdefed" startline="776" endline="811" function="DEFINE_TEST" hash="159110427965833770"></source>
		</class>
	</version>
	<version nr="4440" hash="afaaf3ad" evolution="Same" change="Consistent">
		<class nclones="2">
			<source file="../../workspace/dataset/test/test_read_format_zip.c.ifdefed" startline="813" endline="833" function="DEFINE_TEST" hash="5482482720199206489"></source>
			<source file="../../workspace/dataset/test/test_read_format_zip.c.ifdefed" startline="861" endline="880" function="DEFINE_TEST" hash="-5185290910971880794"></source>
		</class>
	</version>
	<version nr="4450" hash="6a2a3271" evolution="Same" change="Consistent">
		<class nclones="2">
			<source file="../../workspace/dataset/test/test_read_format_zip.c.ifdefed" startline="386" endline="404" function="DEFINE_TEST" hash="-9180235723111719269"></source>
			<source file="../../workspace/dataset/test/test_read_format_zip.c.ifdefed" startline="406" endline="424" function="DEFINE_TEST" hash="3763605417116466478"></source>
		</class>
	</version>
	<version nr="4450" hash="6a2a3271" evolution="Same" change="Consistent">
		<class nclones="2">
			<source file="../../workspace/dataset/test/test_read_format_zip.c.ifdefed" startline="426" endline="456" function="DEFINE_TEST" hash="5987793416392001125"></source>
			<source file="../../workspace/dataset/test/test_read_format_zip.c.ifdefed" startline="458" endline="488" function="DEFINE_TEST" hash="-1573413557489932942"></source>
		</class>
	</version>
	<version nr="4450" hash="6a2a3271" evolution="Add" change="Consistent">
		<class nclones="7">
			<source file="../../workspace/dataset/test/test_read_format_zip.c.ifdefed" startline="490" endline="513" function="DEFINE_TEST" hash="2248875925637322440"></source>
			<source file="../../workspace/dataset/test/test_read_format_zip.c.ifdefed" startline="920" endline="943" function="DEFINE_TEST" hash="1567491852411800084"></source>
			<source file="../../workspace/dataset/test/test_read_format_zip.c.ifdefed" startline="945" endline="968" function="DEFINE_TEST" hash="-1000411674586009806"></source>
			<source file="../../workspace/dataset/test/test_read_format_zip.c.ifdefed" startline="615" endline="638" function="DEFINE_TEST" hash="5956823785767981688"></source>
			<source file="../../workspace/dataset/test/test_read_format_zip.c.ifdefed" startline="515" endline="538" function="DEFINE_TEST" hash="3170049197635195114"></source>
			<source file="../../workspace/dataset/test/test_read_format_zip.c.ifdefed" startline="640" endline="663" function="DEFINE_TEST" hash="-1228844331141544713"></source>
			<source file="../../workspace/dataset/test/test_read_format_zip.c.ifdefed" startline="835" endline="859" function="DEFINE_TEST" hash="-5119885737994570214"></source>
		</class>
	</version>
	<version nr="4450" hash="6a2a3271" evolution="Subtract" change="Consistent">
		<class nclones="4">
			<source file="../../workspace/dataset/test/test_read_format_zip.c.ifdefed" startline="540" endline="575" function="DEFINE_TEST" hash="-8533329548682730211"></source>
			<source file="../../workspace/dataset/test/test_read_format_zip.c.ifdefed" startline="665" endline="700" function="DEFINE_TEST" hash="-4606581841758535250"></source>
			<source file="../../workspace/dataset/test/test_read_format_zip.c.ifdefed" startline="577" endline="612" function="DEFINE_TEST" hash="4384989636146402708"></source>
			<source file="../../workspace/dataset/test/test_read_format_zip.c.ifdefed" startline="702" endline="737" function="DEFINE_TEST" hash="-7419637227213051107"></source>
		</class>
	</version>
	<version nr="4450" hash="6a2a3271" evolution="Subtract" change="Consistent">
		<class nclones="2">
			<source file="../../workspace/dataset/test/test_read_format_zip.c.ifdefed" startline="739" endline="774" function="DEFINE_TEST" hash="5258364896076299199"></source>
			<source file="../../workspace/dataset/test/test_read_format_zip.c.ifdefed" startline="776" endline="811" function="DEFINE_TEST" hash="159110427965833770"></source>
		</class>
	</version>
	<version nr="4450" hash="6a2a3271" evolution="Same" change="Consistent">
		<class nclones="2">
			<source file="../../workspace/dataset/test/test_read_format_zip.c.ifdefed" startline="813" endline="833" function="DEFINE_TEST" hash="5482482720199206489"></source>
			<source file="../../workspace/dataset/test/test_read_format_zip.c.ifdefed" startline="861" endline="880" function="DEFINE_TEST" hash="-5185290910971880794"></source>
		</class>
	</version>
	<version nr="4460" hash="e1a23f84" evolution="Same" change="Consistent">
		<class nclones="2">
			<source file="../../workspace/dataset/test/test_read_format_zip.c.ifdefed" startline="386" endline="404" function="DEFINE_TEST" hash="-9180235723111719269"></source>
			<source file="../../workspace/dataset/test/test_read_format_zip.c.ifdefed" startline="406" endline="424" function="DEFINE_TEST" hash="3763605417116466478"></source>
		</class>
	</version>
	<version nr="4460" hash="e1a23f84" evolution="Same" change="Consistent">
		<class nclones="2">
			<source file="../../workspace/dataset/test/test_read_format_zip.c.ifdefed" startline="426" endline="456" function="DEFINE_TEST" hash="5987793416392001125"></source>
			<source file="../../workspace/dataset/test/test_read_format_zip.c.ifdefed" startline="458" endline="488" function="DEFINE_TEST" hash="-1573413557489932942"></source>
		</class>
	</version>
	<version nr="4460" hash="e1a23f84" evolution="Add" change="Consistent">
		<class nclones="7">
			<source file="../../workspace/dataset/test/test_read_format_zip.c.ifdefed" startline="490" endline="513" function="DEFINE_TEST" hash="2248875925637322440"></source>
			<source file="../../workspace/dataset/test/test_read_format_zip.c.ifdefed" startline="945" endline="968" function="DEFINE_TEST" hash="-1000411674586009806"></source>
			<source file="../../workspace/dataset/test/test_read_format_zip.c.ifdefed" startline="615" endline="638" function="DEFINE_TEST" hash="5956823785767981688"></source>
			<source file="../../workspace/dataset/test/test_read_format_zip.c.ifdefed" startline="515" endline="538" function="DEFINE_TEST" hash="3170049197635195114"></source>
			<source file="../../workspace/dataset/test/test_read_format_zip.c.ifdefed" startline="920" endline="943" function="DEFINE_TEST" hash="1567491852411800084"></source>
			<source file="../../workspace/dataset/test/test_read_format_zip.c.ifdefed" startline="640" endline="663" function="DEFINE_TEST" hash="-1228844331141544713"></source>
			<source file="../../workspace/dataset/test/test_read_format_zip.c.ifdefed" startline="835" endline="859" function="DEFINE_TEST" hash="-5119885737994570214"></source>
		</class>
	</version>
	<version nr="4460" hash="e1a23f84" evolution="Subtract" change="Consistent">
		<class nclones="4">
			<source file="../../workspace/dataset/test/test_read_format_zip.c.ifdefed" startline="540" endline="575" function="DEFINE_TEST" hash="-8533329548682730211"></source>
			<source file="../../workspace/dataset/test/test_read_format_zip.c.ifdefed" startline="665" endline="700" function="DEFINE_TEST" hash="-4606581841758535250"></source>
			<source file="../../workspace/dataset/test/test_read_format_zip.c.ifdefed" startline="577" endline="612" function="DEFINE_TEST" hash="4384989636146402708"></source>
			<source file="../../workspace/dataset/test/test_read_format_zip.c.ifdefed" startline="702" endline="737" function="DEFINE_TEST" hash="-7419637227213051107"></source>
		</class>
	</version>
	<version nr="4460" hash="e1a23f84" evolution="Subtract" change="Consistent">
		<class nclones="2">
			<source file="../../workspace/dataset/test/test_read_format_zip.c.ifdefed" startline="739" endline="774" function="DEFINE_TEST" hash="5258364896076299199"></source>
			<source file="../../workspace/dataset/test/test_read_format_zip.c.ifdefed" startline="776" endline="811" function="DEFINE_TEST" hash="159110427965833770"></source>
		</class>
	</version>
	<version nr="4460" hash="e1a23f84" evolution="Same" change="Consistent">
		<class nclones="2">
			<source file="../../workspace/dataset/test/test_read_format_zip.c.ifdefed" startline="813" endline="833" function="DEFINE_TEST" hash="5482482720199206489"></source>
			<source file="../../workspace/dataset/test/test_read_format_zip.c.ifdefed" startline="861" endline="880" function="DEFINE_TEST" hash="-5185290910971880794"></source>
		</class>
	</version>
	<version nr="4470" hash="4c38de35" evolution="Same" change="Consistent">
		<class nclones="2">
			<source file="../../workspace/dataset/test/test_read_format_zip.c.ifdefed" startline="386" endline="404" function="DEFINE_TEST" hash="-9180235723111719269"></source>
			<source file="../../workspace/dataset/test/test_read_format_zip.c.ifdefed" startline="406" endline="424" function="DEFINE_TEST" hash="3763605417116466478"></source>
		</class>
	</version>
	<version nr="4470" hash="4c38de35" evolution="Same" change="Consistent">
		<class nclones="2">
			<source file="../../workspace/dataset/test/test_read_format_zip.c.ifdefed" startline="426" endline="456" function="DEFINE_TEST" hash="5987793416392001125"></source>
			<source file="../../workspace/dataset/test/test_read_format_zip.c.ifdefed" startline="458" endline="488" function="DEFINE_TEST" hash="-1573413557489932942"></source>
		</class>
	</version>
	<version nr="4470" hash="4c38de35" evolution="Add" change="Consistent">
		<class nclones="7">
			<source file="../../workspace/dataset/test/test_read_format_zip.c.ifdefed" startline="490" endline="513" function="DEFINE_TEST" hash="2248875925637322440"></source>
			<source file="../../workspace/dataset/test/test_read_format_zip.c.ifdefed" startline="920" endline="943" function="DEFINE_TEST" hash="1567491852411800084"></source>
			<source file="../../workspace/dataset/test/test_read_format_zip.c.ifdefed" startline="945" endline="968" function="DEFINE_TEST" hash="-1000411674586009806"></source>
			<source file="../../workspace/dataset/test/test_read_format_zip.c.ifdefed" startline="615" endline="638" function="DEFINE_TEST" hash="5956823785767981688"></source>
			<source file="../../workspace/dataset/test/test_read_format_zip.c.ifdefed" startline="515" endline="538" function="DEFINE_TEST" hash="3170049197635195114"></source>
			<source file="../../workspace/dataset/test/test_read_format_zip.c.ifdefed" startline="640" endline="663" function="DEFINE_TEST" hash="-1228844331141544713"></source>
			<source file="../../workspace/dataset/test/test_read_format_zip.c.ifdefed" startline="835" endline="859" function="DEFINE_TEST" hash="-5119885737994570214"></source>
		</class>
	</version>
	<version nr="4470" hash="4c38de35" evolution="Subtract" change="Consistent">
		<class nclones="4">
			<source file="../../workspace/dataset/test/test_read_format_zip.c.ifdefed" startline="540" endline="575" function="DEFINE_TEST" hash="-8533329548682730211"></source>
			<source file="../../workspace/dataset/test/test_read_format_zip.c.ifdefed" startline="665" endline="700" function="DEFINE_TEST" hash="-4606581841758535250"></source>
			<source file="../../workspace/dataset/test/test_read_format_zip.c.ifdefed" startline="577" endline="612" function="DEFINE_TEST" hash="4384989636146402708"></source>
			<source file="../../workspace/dataset/test/test_read_format_zip.c.ifdefed" startline="702" endline="737" function="DEFINE_TEST" hash="-7419637227213051107"></source>
		</class>
	</version>
	<version nr="4470" hash="4c38de35" evolution="Subtract" change="Consistent">
		<class nclones="2">
			<source file="../../workspace/dataset/test/test_read_format_zip.c.ifdefed" startline="739" endline="774" function="DEFINE_TEST" hash="5258364896076299199"></source>
			<source file="../../workspace/dataset/test/test_read_format_zip.c.ifdefed" startline="776" endline="811" function="DEFINE_TEST" hash="159110427965833770"></source>
		</class>
	</version>
	<version nr="4470" hash="4c38de35" evolution="Same" change="Consistent">
		<class nclones="2">
			<source file="../../workspace/dataset/test/test_read_format_zip.c.ifdefed" startline="813" endline="833" function="DEFINE_TEST" hash="5482482720199206489"></source>
			<source file="../../workspace/dataset/test/test_read_format_zip.c.ifdefed" startline="861" endline="880" function="DEFINE_TEST" hash="-5185290910971880794"></source>
		</class>
	</version>
	<version nr="4480" hash="bd87817a" evolution="Same" change="Consistent">
		<class nclones="2">
			<source file="../../workspace/dataset/test/test_read_format_zip.c.ifdefed" startline="386" endline="404" function="DEFINE_TEST" hash="-9180235723111719269"></source>
			<source file="../../workspace/dataset/test/test_read_format_zip.c.ifdefed" startline="406" endline="424" function="DEFINE_TEST" hash="3763605417116466478"></source>
		</class>
	</version>
	<version nr="4480" hash="bd87817a" evolution="Same" change="Consistent">
		<class nclones="2">
			<source file="../../workspace/dataset/test/test_read_format_zip.c.ifdefed" startline="426" endline="456" function="DEFINE_TEST" hash="5987793416392001125"></source>
			<source file="../../workspace/dataset/test/test_read_format_zip.c.ifdefed" startline="458" endline="488" function="DEFINE_TEST" hash="-1573413557489932942"></source>
		</class>
	</version>
	<version nr="4480" hash="bd87817a" evolution="Add" change="Consistent">
		<class nclones="7">
			<source file="../../workspace/dataset/test/test_read_format_zip.c.ifdefed" startline="490" endline="513" function="DEFINE_TEST" hash="2248875925637322440"></source>
			<source file="../../workspace/dataset/test/test_read_format_zip.c.ifdefed" startline="920" endline="943" function="DEFINE_TEST" hash="1567491852411800084"></source>
			<source file="../../workspace/dataset/test/test_read_format_zip.c.ifdefed" startline="945" endline="968" function="DEFINE_TEST" hash="-1000411674586009806"></source>
			<source file="../../workspace/dataset/test/test_read_format_zip.c.ifdefed" startline="515" endline="538" function="DEFINE_TEST" hash="3170049197635195114"></source>
			<source file="../../workspace/dataset/test/test_read_format_zip.c.ifdefed" startline="615" endline="638" function="DEFINE_TEST" hash="5956823785767981688"></source>
			<source file="../../workspace/dataset/test/test_read_format_zip.c.ifdefed" startline="640" endline="663" function="DEFINE_TEST" hash="-1228844331141544713"></source>
			<source file="../../workspace/dataset/test/test_read_format_zip.c.ifdefed" startline="835" endline="859" function="DEFINE_TEST" hash="-5119885737994570214"></source>
		</class>
	</version>
	<version nr="4480" hash="bd87817a" evolution="Subtract" change="Consistent">
		<class nclones="4">
			<source file="../../workspace/dataset/test/test_read_format_zip.c.ifdefed" startline="540" endline="575" function="DEFINE_TEST" hash="-8533329548682730211"></source>
			<source file="../../workspace/dataset/test/test_read_format_zip.c.ifdefed" startline="665" endline="700" function="DEFINE_TEST" hash="-4606581841758535250"></source>
			<source file="../../workspace/dataset/test/test_read_format_zip.c.ifdefed" startline="577" endline="612" function="DEFINE_TEST" hash="4384989636146402708"></source>
			<source file="../../workspace/dataset/test/test_read_format_zip.c.ifdefed" startline="702" endline="737" function="DEFINE_TEST" hash="-7419637227213051107"></source>
		</class>
	</version>
	<version nr="4480" hash="bd87817a" evolution="Subtract" change="Consistent">
		<class nclones="2">
			<source file="../../workspace/dataset/test/test_read_format_zip.c.ifdefed" startline="739" endline="774" function="DEFINE_TEST" hash="5258364896076299199"></source>
			<source file="../../workspace/dataset/test/test_read_format_zip.c.ifdefed" startline="776" endline="811" function="DEFINE_TEST" hash="159110427965833770"></source>
		</class>
	</version>
	<version nr="4480" hash="bd87817a" evolution="Same" change="Consistent">
		<class nclones="2">
			<source file="../../workspace/dataset/test/test_read_format_zip.c.ifdefed" startline="813" endline="833" function="DEFINE_TEST" hash="5482482720199206489"></source>
			<source file="../../workspace/dataset/test/test_read_format_zip.c.ifdefed" startline="861" endline="880" function="DEFINE_TEST" hash="-5185290910971880794"></source>
		</class>
	</version>
	<version nr="4490" hash="0ae4ecd5" evolution="Same" change="Consistent">
		<class nclones="2">
			<source file="../../workspace/dataset/test/test_read_format_zip.c.ifdefed" startline="386" endline="404" function="DEFINE_TEST" hash="-9180235723111719269"></source>
			<source file="../../workspace/dataset/test/test_read_format_zip.c.ifdefed" startline="406" endline="424" function="DEFINE_TEST" hash="3763605417116466478"></source>
		</class>
	</version>
	<version nr="4490" hash="0ae4ecd5" evolution="Same" change="Consistent">
		<class nclones="2">
			<source file="../../workspace/dataset/test/test_read_format_zip.c.ifdefed" startline="426" endline="456" function="DEFINE_TEST" hash="5987793416392001125"></source>
			<source file="../../workspace/dataset/test/test_read_format_zip.c.ifdefed" startline="458" endline="488" function="DEFINE_TEST" hash="-1573413557489932942"></source>
		</class>
	</version>
	<version nr="4490" hash="0ae4ecd5" evolution="Add" change="Consistent">
		<class nclones="7">
			<source file="../../workspace/dataset/test/test_read_format_zip.c.ifdefed" startline="490" endline="513" function="DEFINE_TEST" hash="2248875925637322440"></source>
			<source file="../../workspace/dataset/test/test_read_format_zip.c.ifdefed" startline="945" endline="968" function="DEFINE_TEST" hash="-1000411674586009806"></source>
			<source file="../../workspace/dataset/test/test_read_format_zip.c.ifdefed" startline="515" endline="538" function="DEFINE_TEST" hash="3170049197635195114"></source>
			<source file="../../workspace/dataset/test/test_read_format_zip.c.ifdefed" startline="920" endline="943" function="DEFINE_TEST" hash="1567491852411800084"></source>
			<source file="../../workspace/dataset/test/test_read_format_zip.c.ifdefed" startline="615" endline="638" function="DEFINE_TEST" hash="5956823785767981688"></source>
			<source file="../../workspace/dataset/test/test_read_format_zip.c.ifdefed" startline="640" endline="663" function="DEFINE_TEST" hash="-1228844331141544713"></source>
			<source file="../../workspace/dataset/test/test_read_format_zip.c.ifdefed" startline="835" endline="859" function="DEFINE_TEST" hash="-5119885737994570214"></source>
		</class>
	</version>
	<version nr="4490" hash="0ae4ecd5" evolution="Subtract" change="Consistent">
		<class nclones="4">
			<source file="../../workspace/dataset/test/test_read_format_zip.c.ifdefed" startline="540" endline="575" function="DEFINE_TEST" hash="-8533329548682730211"></source>
			<source file="../../workspace/dataset/test/test_read_format_zip.c.ifdefed" startline="577" endline="612" function="DEFINE_TEST" hash="4384989636146402708"></source>
			<source file="../../workspace/dataset/test/test_read_format_zip.c.ifdefed" startline="665" endline="700" function="DEFINE_TEST" hash="-4606581841758535250"></source>
			<source file="../../workspace/dataset/test/test_read_format_zip.c.ifdefed" startline="702" endline="737" function="DEFINE_TEST" hash="-7419637227213051107"></source>
		</class>
	</version>
	<version nr="4490" hash="0ae4ecd5" evolution="Subtract" change="Consistent">
		<class nclones="2">
			<source file="../../workspace/dataset/test/test_read_format_zip.c.ifdefed" startline="739" endline="774" function="DEFINE_TEST" hash="5258364896076299199"></source>
			<source file="../../workspace/dataset/test/test_read_format_zip.c.ifdefed" startline="776" endline="811" function="DEFINE_TEST" hash="159110427965833770"></source>
		</class>
	</version>
	<version nr="4490" hash="0ae4ecd5" evolution="Same" change="Consistent">
		<class nclones="2">
			<source file="../../workspace/dataset/test/test_read_format_zip.c.ifdefed" startline="813" endline="833" function="DEFINE_TEST" hash="5482482720199206489"></source>
			<source file="../../workspace/dataset/test/test_read_format_zip.c.ifdefed" startline="861" endline="880" function="DEFINE_TEST" hash="-5185290910971880794"></source>
		</class>
	</version>
	<version nr="4500" hash="833821f5" evolution="Same" change="Consistent">
		<class nclones="2">
			<source file="../../workspace/dataset/test/test_read_format_zip.c.ifdefed" startline="386" endline="404" function="DEFINE_TEST" hash="-9180235723111719269"></source>
			<source file="../../workspace/dataset/test/test_read_format_zip.c.ifdefed" startline="406" endline="424" function="DEFINE_TEST" hash="3763605417116466478"></source>
		</class>
	</version>
	<version nr="4500" hash="833821f5" evolution="Same" change="Consistent">
		<class nclones="2">
			<source file="../../workspace/dataset/test/test_read_format_zip.c.ifdefed" startline="426" endline="456" function="DEFINE_TEST" hash="5987793416392001125"></source>
			<source file="../../workspace/dataset/test/test_read_format_zip.c.ifdefed" startline="458" endline="488" function="DEFINE_TEST" hash="-1573413557489932942"></source>
		</class>
	</version>
	<version nr="4500" hash="833821f5" evolution="Add" change="Consistent">
		<class nclones="7">
			<source file="../../workspace/dataset/test/test_read_format_zip.c.ifdefed" startline="490" endline="513" function="DEFINE_TEST" hash="2248875925637322440"></source>
			<source file="../../workspace/dataset/test/test_read_format_zip.c.ifdefed" startline="945" endline="968" function="DEFINE_TEST" hash="-1000411674586009806"></source>
			<source file="../../workspace/dataset/test/test_read_format_zip.c.ifdefed" startline="515" endline="538" function="DEFINE_TEST" hash="3170049197635195114"></source>
			<source file="../../workspace/dataset/test/test_read_format_zip.c.ifdefed" startline="920" endline="943" function="DEFINE_TEST" hash="1567491852411800084"></source>
			<source file="../../workspace/dataset/test/test_read_format_zip.c.ifdefed" startline="615" endline="638" function="DEFINE_TEST" hash="5956823785767981688"></source>
			<source file="../../workspace/dataset/test/test_read_format_zip.c.ifdefed" startline="640" endline="663" function="DEFINE_TEST" hash="-1228844331141544713"></source>
			<source file="../../workspace/dataset/test/test_read_format_zip.c.ifdefed" startline="835" endline="859" function="DEFINE_TEST" hash="-5119885737994570214"></source>
		</class>
	</version>
	<version nr="4500" hash="833821f5" evolution="Subtract" change="Consistent">
		<class nclones="4">
			<source file="../../workspace/dataset/test/test_read_format_zip.c.ifdefed" startline="540" endline="575" function="DEFINE_TEST" hash="-8533329548682730211"></source>
			<source file="../../workspace/dataset/test/test_read_format_zip.c.ifdefed" startline="577" endline="612" function="DEFINE_TEST" hash="4384989636146402708"></source>
			<source file="../../workspace/dataset/test/test_read_format_zip.c.ifdefed" startline="665" endline="700" function="DEFINE_TEST" hash="-4606581841758535250"></source>
			<source file="../../workspace/dataset/test/test_read_format_zip.c.ifdefed" startline="702" endline="737" function="DEFINE_TEST" hash="-7419637227213051107"></source>
		</class>
	</version>
	<version nr="4500" hash="833821f5" evolution="Subtract" change="Consistent">
		<class nclones="2">
			<source file="../../workspace/dataset/test/test_read_format_zip.c.ifdefed" startline="739" endline="774" function="DEFINE_TEST" hash="5258364896076299199"></source>
			<source file="../../workspace/dataset/test/test_read_format_zip.c.ifdefed" startline="776" endline="811" function="DEFINE_TEST" hash="159110427965833770"></source>
		</class>
	</version>
	<version nr="4500" hash="833821f5" evolution="Same" change="Consistent">
		<class nclones="2">
			<source file="../../workspace/dataset/test/test_read_format_zip.c.ifdefed" startline="813" endline="833" function="DEFINE_TEST" hash="5482482720199206489"></source>
			<source file="../../workspace/dataset/test/test_read_format_zip.c.ifdefed" startline="861" endline="880" function="DEFINE_TEST" hash="-5185290910971880794"></source>
		</class>
	</version>
	<version nr="4510" hash="03a745cb" evolution="Same" change="Consistent">
		<class nclones="2">
			<source file="../../workspace/dataset/test/test_read_format_zip.c.ifdefed" startline="386" endline="404" function="DEFINE_TEST" hash="-9180235723111719269"></source>
			<source file="../../workspace/dataset/test/test_read_format_zip.c.ifdefed" startline="406" endline="424" function="DEFINE_TEST" hash="3763605417116466478"></source>
		</class>
	</version>
	<version nr="4510" hash="03a745cb" evolution="Same" change="Consistent">
		<class nclones="2">
			<source file="../../workspace/dataset/test/test_read_format_zip.c.ifdefed" startline="426" endline="456" function="DEFINE_TEST" hash="5987793416392001125"></source>
			<source file="../../workspace/dataset/test/test_read_format_zip.c.ifdefed" startline="458" endline="488" function="DEFINE_TEST" hash="-1573413557489932942"></source>
		</class>
	</version>
	<version nr="4510" hash="03a745cb" evolution="Add" change="Consistent">
		<class nclones="7">
			<source file="../../workspace/dataset/test/test_read_format_zip.c.ifdefed" startline="490" endline="513" function="DEFINE_TEST" hash="2248875925637322440"></source>
			<source file="../../workspace/dataset/test/test_read_format_zip.c.ifdefed" startline="615" endline="638" function="DEFINE_TEST" hash="5956823785767981688"></source>
			<source file="../../workspace/dataset/test/test_read_format_zip.c.ifdefed" startline="945" endline="968" function="DEFINE_TEST" hash="-1000411674586009806"></source>
			<source file="../../workspace/dataset/test/test_read_format_zip.c.ifdefed" startline="920" endline="943" function="DEFINE_TEST" hash="1567491852411800084"></source>
			<source file="../../workspace/dataset/test/test_read_format_zip.c.ifdefed" startline="515" endline="538" function="DEFINE_TEST" hash="3170049197635195114"></source>
			<source file="../../workspace/dataset/test/test_read_format_zip.c.ifdefed" startline="835" endline="859" function="DEFINE_TEST" hash="-5119885737994570214"></source>
			<source file="../../workspace/dataset/test/test_read_format_zip.c.ifdefed" startline="640" endline="663" function="DEFINE_TEST" hash="-1228844331141544713"></source>
		</class>
	</version>
	<version nr="4510" hash="03a745cb" evolution="Subtract" change="Consistent">
		<class nclones="4">
			<source file="../../workspace/dataset/test/test_read_format_zip.c.ifdefed" startline="540" endline="575" function="DEFINE_TEST" hash="-8533329548682730211"></source>
			<source file="../../workspace/dataset/test/test_read_format_zip.c.ifdefed" startline="577" endline="612" function="DEFINE_TEST" hash="4384989636146402708"></source>
			<source file="../../workspace/dataset/test/test_read_format_zip.c.ifdefed" startline="665" endline="700" function="DEFINE_TEST" hash="-4606581841758535250"></source>
			<source file="../../workspace/dataset/test/test_read_format_zip.c.ifdefed" startline="702" endline="737" function="DEFINE_TEST" hash="-7419637227213051107"></source>
		</class>
	</version>
	<version nr="4510" hash="03a745cb" evolution="Subtract" change="Consistent">
		<class nclones="2">
			<source file="../../workspace/dataset/test/test_read_format_zip.c.ifdefed" startline="739" endline="774" function="DEFINE_TEST" hash="5258364896076299199"></source>
			<source file="../../workspace/dataset/test/test_read_format_zip.c.ifdefed" startline="776" endline="811" function="DEFINE_TEST" hash="159110427965833770"></source>
		</class>
	</version>
	<version nr="4510" hash="03a745cb" evolution="Same" change="Consistent">
		<class nclones="2">
			<source file="../../workspace/dataset/test/test_read_format_zip.c.ifdefed" startline="813" endline="833" function="DEFINE_TEST" hash="5482482720199206489"></source>
			<source file="../../workspace/dataset/test/test_read_format_zip.c.ifdefed" startline="861" endline="880" function="DEFINE_TEST" hash="-5185290910971880794"></source>
		</class>
	</version>
	<version nr="4520" hash="0fd2ed25" evolution="Same" change="Consistent">
		<class nclones="2">
			<source file="../../workspace/dataset/test/test_read_format_zip.c.ifdefed" startline="386" endline="404" function="DEFINE_TEST" hash="-9180235723111719269"></source>
			<source file="../../workspace/dataset/test/test_read_format_zip.c.ifdefed" startline="406" endline="424" function="DEFINE_TEST" hash="3763605417116466478"></source>
		</class>
	</version>
	<version nr="4520" hash="0fd2ed25" evolution="Same" change="Consistent">
		<class nclones="2">
			<source file="../../workspace/dataset/test/test_read_format_zip.c.ifdefed" startline="426" endline="456" function="DEFINE_TEST" hash="5987793416392001125"></source>
			<source file="../../workspace/dataset/test/test_read_format_zip.c.ifdefed" startline="458" endline="488" function="DEFINE_TEST" hash="-1573413557489932942"></source>
		</class>
	</version>
	<version nr="4520" hash="0fd2ed25" evolution="Add" change="Consistent">
		<class nclones="7">
			<source file="../../workspace/dataset/test/test_read_format_zip.c.ifdefed" startline="490" endline="513" function="DEFINE_TEST" hash="2248875925637322440"></source>
			<source file="../../workspace/dataset/test/test_read_format_zip.c.ifdefed" startline="615" endline="638" function="DEFINE_TEST" hash="5956823785767981688"></source>
			<source file="../../workspace/dataset/test/test_read_format_zip.c.ifdefed" startline="945" endline="968" function="DEFINE_TEST" hash="-1000411674586009806"></source>
			<source file="../../workspace/dataset/test/test_read_format_zip.c.ifdefed" startline="920" endline="943" function="DEFINE_TEST" hash="1567491852411800084"></source>
			<source file="../../workspace/dataset/test/test_read_format_zip.c.ifdefed" startline="515" endline="538" function="DEFINE_TEST" hash="3170049197635195114"></source>
			<source file="../../workspace/dataset/test/test_read_format_zip.c.ifdefed" startline="835" endline="859" function="DEFINE_TEST" hash="-5119885737994570214"></source>
			<source file="../../workspace/dataset/test/test_read_format_zip.c.ifdefed" startline="640" endline="663" function="DEFINE_TEST" hash="-1228844331141544713"></source>
		</class>
	</version>
	<version nr="4520" hash="0fd2ed25" evolution="Subtract" change="Consistent">
		<class nclones="4">
			<source file="../../workspace/dataset/test/test_read_format_zip.c.ifdefed" startline="540" endline="575" function="DEFINE_TEST" hash="-8533329548682730211"></source>
			<source file="../../workspace/dataset/test/test_read_format_zip.c.ifdefed" startline="577" endline="612" function="DEFINE_TEST" hash="4384989636146402708"></source>
			<source file="../../workspace/dataset/test/test_read_format_zip.c.ifdefed" startline="665" endline="700" function="DEFINE_TEST" hash="-4606581841758535250"></source>
			<source file="../../workspace/dataset/test/test_read_format_zip.c.ifdefed" startline="702" endline="737" function="DEFINE_TEST" hash="-7419637227213051107"></source>
		</class>
	</version>
	<version nr="4520" hash="0fd2ed25" evolution="Subtract" change="Consistent">
		<class nclones="2">
			<source file="../../workspace/dataset/test/test_read_format_zip.c.ifdefed" startline="739" endline="774" function="DEFINE_TEST" hash="5258364896076299199"></source>
			<source file="../../workspace/dataset/test/test_read_format_zip.c.ifdefed" startline="776" endline="811" function="DEFINE_TEST" hash="159110427965833770"></source>
		</class>
	</version>
	<version nr="4520" hash="0fd2ed25" evolution="Same" change="Consistent">
		<class nclones="2">
			<source file="../../workspace/dataset/test/test_read_format_zip.c.ifdefed" startline="813" endline="833" function="DEFINE_TEST" hash="5482482720199206489"></source>
			<source file="../../workspace/dataset/test/test_read_format_zip.c.ifdefed" startline="861" endline="880" function="DEFINE_TEST" hash="-5185290910971880794"></source>
		</class>
	</version>
	<version nr="4530" hash="5bb998d8" evolution="Same" change="Consistent">
		<class nclones="2">
			<source file="../../workspace/dataset/test/test_read_format_zip.c.ifdefed" startline="386" endline="404" function="DEFINE_TEST" hash="-9180235723111719269"></source>
			<source file="../../workspace/dataset/test/test_read_format_zip.c.ifdefed" startline="406" endline="424" function="DEFINE_TEST" hash="3763605417116466478"></source>
		</class>
	</version>
	<version nr="4530" hash="5bb998d8" evolution="Same" change="Consistent">
		<class nclones="2">
			<source file="../../workspace/dataset/test/test_read_format_zip.c.ifdefed" startline="426" endline="456" function="DEFINE_TEST" hash="5987793416392001125"></source>
			<source file="../../workspace/dataset/test/test_read_format_zip.c.ifdefed" startline="458" endline="488" function="DEFINE_TEST" hash="-1573413557489932942"></source>
		</class>
	</version>
	<version nr="4530" hash="5bb998d8" evolution="Add" change="Consistent">
		<class nclones="7">
			<source file="../../workspace/dataset/test/test_read_format_zip.c.ifdefed" startline="490" endline="513" function="DEFINE_TEST" hash="2248875925637322440"></source>
			<source file="../../workspace/dataset/test/test_read_format_zip.c.ifdefed" startline="615" endline="638" function="DEFINE_TEST" hash="5956823785767981688"></source>
			<source file="../../workspace/dataset/test/test_read_format_zip.c.ifdefed" startline="920" endline="943" function="DEFINE_TEST" hash="1567491852411800084"></source>
			<source file="../../workspace/dataset/test/test_read_format_zip.c.ifdefed" startline="945" endline="968" function="DEFINE_TEST" hash="-1000411674586009806"></source>
			<source file="../../workspace/dataset/test/test_read_format_zip.c.ifdefed" startline="515" endline="538" function="DEFINE_TEST" hash="3170049197635195114"></source>
			<source file="../../workspace/dataset/test/test_read_format_zip.c.ifdefed" startline="835" endline="859" function="DEFINE_TEST" hash="-5119885737994570214"></source>
			<source file="../../workspace/dataset/test/test_read_format_zip.c.ifdefed" startline="640" endline="663" function="DEFINE_TEST" hash="-1228844331141544713"></source>
		</class>
	</version>
	<version nr="4530" hash="5bb998d8" evolution="Subtract" change="Consistent">
		<class nclones="4">
			<source file="../../workspace/dataset/test/test_read_format_zip.c.ifdefed" startline="540" endline="575" function="DEFINE_TEST" hash="-8533329548682730211"></source>
			<source file="../../workspace/dataset/test/test_read_format_zip.c.ifdefed" startline="665" endline="700" function="DEFINE_TEST" hash="-4606581841758535250"></source>
			<source file="../../workspace/dataset/test/test_read_format_zip.c.ifdefed" startline="577" endline="612" function="DEFINE_TEST" hash="4384989636146402708"></source>
			<source file="../../workspace/dataset/test/test_read_format_zip.c.ifdefed" startline="702" endline="737" function="DEFINE_TEST" hash="-7419637227213051107"></source>
		</class>
	</version>
	<version nr="4530" hash="5bb998d8" evolution="Subtract" change="Consistent">
		<class nclones="2">
			<source file="../../workspace/dataset/test/test_read_format_zip.c.ifdefed" startline="739" endline="774" function="DEFINE_TEST" hash="5258364896076299199"></source>
			<source file="../../workspace/dataset/test/test_read_format_zip.c.ifdefed" startline="776" endline="811" function="DEFINE_TEST" hash="159110427965833770"></source>
		</class>
	</version>
	<version nr="4530" hash="5bb998d8" evolution="Same" change="Consistent">
		<class nclones="2">
			<source file="../../workspace/dataset/test/test_read_format_zip.c.ifdefed" startline="813" endline="833" function="DEFINE_TEST" hash="5482482720199206489"></source>
			<source file="../../workspace/dataset/test/test_read_format_zip.c.ifdefed" startline="861" endline="880" function="DEFINE_TEST" hash="-5185290910971880794"></source>
		</class>
	</version>
	<version nr="4540" hash="e2ad1a2c" evolution="Same" change="Consistent">
		<class nclones="2">
			<source file="../../workspace/dataset/test/test_read_format_zip.c.ifdefed" startline="386" endline="404" function="DEFINE_TEST" hash="-9180235723111719269"></source>
			<source file="../../workspace/dataset/test/test_read_format_zip.c.ifdefed" startline="406" endline="424" function="DEFINE_TEST" hash="3763605417116466478"></source>
		</class>
	</version>
	<version nr="4540" hash="e2ad1a2c" evolution="Same" change="Consistent">
		<class nclones="2">
			<source file="../../workspace/dataset/test/test_read_format_zip.c.ifdefed" startline="426" endline="456" function="DEFINE_TEST" hash="5987793416392001125"></source>
			<source file="../../workspace/dataset/test/test_read_format_zip.c.ifdefed" startline="458" endline="488" function="DEFINE_TEST" hash="-1573413557489932942"></source>
		</class>
	</version>
	<version nr="4540" hash="e2ad1a2c" evolution="Add" change="Consistent">
		<class nclones="7">
			<source file="../../workspace/dataset/test/test_read_format_zip.c.ifdefed" startline="490" endline="513" function="DEFINE_TEST" hash="2248875925637322440"></source>
			<source file="../../workspace/dataset/test/test_read_format_zip.c.ifdefed" startline="615" endline="638" function="DEFINE_TEST" hash="5956823785767981688"></source>
			<source file="../../workspace/dataset/test/test_read_format_zip.c.ifdefed" startline="920" endline="943" function="DEFINE_TEST" hash="1567491852411800084"></source>
			<source file="../../workspace/dataset/test/test_read_format_zip.c.ifdefed" startline="945" endline="968" function="DEFINE_TEST" hash="-1000411674586009806"></source>
			<source file="../../workspace/dataset/test/test_read_format_zip.c.ifdefed" startline="515" endline="538" function="DEFINE_TEST" hash="3170049197635195114"></source>
			<source file="../../workspace/dataset/test/test_read_format_zip.c.ifdefed" startline="835" endline="859" function="DEFINE_TEST" hash="-5119885737994570214"></source>
			<source file="../../workspace/dataset/test/test_read_format_zip.c.ifdefed" startline="640" endline="663" function="DEFINE_TEST" hash="-1228844331141544713"></source>
		</class>
	</version>
	<version nr="4540" hash="e2ad1a2c" evolution="Subtract" change="Consistent">
		<class nclones="4">
			<source file="../../workspace/dataset/test/test_read_format_zip.c.ifdefed" startline="540" endline="575" function="DEFINE_TEST" hash="-8533329548682730211"></source>
			<source file="../../workspace/dataset/test/test_read_format_zip.c.ifdefed" startline="665" endline="700" function="DEFINE_TEST" hash="-4606581841758535250"></source>
			<source file="../../workspace/dataset/test/test_read_format_zip.c.ifdefed" startline="577" endline="612" function="DEFINE_TEST" hash="4384989636146402708"></source>
			<source file="../../workspace/dataset/test/test_read_format_zip.c.ifdefed" startline="702" endline="737" function="DEFINE_TEST" hash="-7419637227213051107"></source>
		</class>
	</version>
	<version nr="4540" hash="e2ad1a2c" evolution="Subtract" change="Consistent">
		<class nclones="2">
			<source file="../../workspace/dataset/test/test_read_format_zip.c.ifdefed" startline="739" endline="774" function="DEFINE_TEST" hash="5258364896076299199"></source>
			<source file="../../workspace/dataset/test/test_read_format_zip.c.ifdefed" startline="776" endline="811" function="DEFINE_TEST" hash="159110427965833770"></source>
		</class>
	</version>
	<version nr="4540" hash="e2ad1a2c" evolution="Same" change="Consistent">
		<class nclones="2">
			<source file="../../workspace/dataset/test/test_read_format_zip.c.ifdefed" startline="813" endline="833" function="DEFINE_TEST" hash="5482482720199206489"></source>
			<source file="../../workspace/dataset/test/test_read_format_zip.c.ifdefed" startline="861" endline="880" function="DEFINE_TEST" hash="-5185290910971880794"></source>
		</class>
	</version>
	<version nr="4550" hash="cc8020be" evolution="Same" change="Consistent">
		<class nclones="2">
			<source file="../../workspace/dataset/test/test_read_format_zip.c.ifdefed" startline="386" endline="404" function="DEFINE_TEST" hash="-9180235723111719269"></source>
			<source file="../../workspace/dataset/test/test_read_format_zip.c.ifdefed" startline="406" endline="424" function="DEFINE_TEST" hash="3763605417116466478"></source>
		</class>
	</version>
	<version nr="4550" hash="cc8020be" evolution="Same" change="Consistent">
		<class nclones="2">
			<source file="../../workspace/dataset/test/test_read_format_zip.c.ifdefed" startline="426" endline="456" function="DEFINE_TEST" hash="5987793416392001125"></source>
			<source file="../../workspace/dataset/test/test_read_format_zip.c.ifdefed" startline="458" endline="488" function="DEFINE_TEST" hash="-1573413557489932942"></source>
		</class>
	</version>
	<version nr="4550" hash="cc8020be" evolution="Add" change="Consistent">
		<class nclones="7">
			<source file="../../workspace/dataset/test/test_read_format_zip.c.ifdefed" startline="490" endline="513" function="DEFINE_TEST" hash="2248875925637322440"></source>
			<source file="../../workspace/dataset/test/test_read_format_zip.c.ifdefed" startline="920" endline="943" function="DEFINE_TEST" hash="1567491852411800084"></source>
			<source file="../../workspace/dataset/test/test_read_format_zip.c.ifdefed" startline="945" endline="968" function="DEFINE_TEST" hash="-1000411674586009806"></source>
			<source file="../../workspace/dataset/test/test_read_format_zip.c.ifdefed" startline="515" endline="538" function="DEFINE_TEST" hash="3170049197635195114"></source>
			<source file="../../workspace/dataset/test/test_read_format_zip.c.ifdefed" startline="615" endline="638" function="DEFINE_TEST" hash="5956823785767981688"></source>
			<source file="../../workspace/dataset/test/test_read_format_zip.c.ifdefed" startline="640" endline="663" function="DEFINE_TEST" hash="-1228844331141544713"></source>
			<source file="../../workspace/dataset/test/test_read_format_zip.c.ifdefed" startline="835" endline="859" function="DEFINE_TEST" hash="-5119885737994570214"></source>
		</class>
	</version>
	<version nr="4550" hash="cc8020be" evolution="Subtract" change="Consistent">
		<class nclones="4">
			<source file="../../workspace/dataset/test/test_read_format_zip.c.ifdefed" startline="540" endline="575" function="DEFINE_TEST" hash="-8533329548682730211"></source>
			<source file="../../workspace/dataset/test/test_read_format_zip.c.ifdefed" startline="577" endline="612" function="DEFINE_TEST" hash="4384989636146402708"></source>
			<source file="../../workspace/dataset/test/test_read_format_zip.c.ifdefed" startline="665" endline="700" function="DEFINE_TEST" hash="-4606581841758535250"></source>
			<source file="../../workspace/dataset/test/test_read_format_zip.c.ifdefed" startline="702" endline="737" function="DEFINE_TEST" hash="-7419637227213051107"></source>
		</class>
	</version>
	<version nr="4550" hash="cc8020be" evolution="Subtract" change="Consistent">
		<class nclones="2">
			<source file="../../workspace/dataset/test/test_read_format_zip.c.ifdefed" startline="739" endline="774" function="DEFINE_TEST" hash="5258364896076299199"></source>
			<source file="../../workspace/dataset/test/test_read_format_zip.c.ifdefed" startline="776" endline="811" function="DEFINE_TEST" hash="159110427965833770"></source>
		</class>
	</version>
	<version nr="4550" hash="cc8020be" evolution="Same" change="Consistent">
		<class nclones="2">
			<source file="../../workspace/dataset/test/test_read_format_zip.c.ifdefed" startline="813" endline="833" function="DEFINE_TEST" hash="5482482720199206489"></source>
			<source file="../../workspace/dataset/test/test_read_format_zip.c.ifdefed" startline="861" endline="880" function="DEFINE_TEST" hash="-5185290910971880794"></source>
		</class>
	</version>
	<version nr="4560" hash="09dcd243" evolution="Same" change="Consistent">
		<class nclones="2">
			<source file="../../workspace/dataset/test/test_read_format_zip.c.ifdefed" startline="386" endline="404" function="DEFINE_TEST" hash="-9180235723111719269"></source>
			<source file="../../workspace/dataset/test/test_read_format_zip.c.ifdefed" startline="406" endline="424" function="DEFINE_TEST" hash="3763605417116466478"></source>
		</class>
	</version>
	<version nr="4560" hash="09dcd243" evolution="Same" change="Consistent">
		<class nclones="2">
			<source file="../../workspace/dataset/test/test_read_format_zip.c.ifdefed" startline="426" endline="456" function="DEFINE_TEST" hash="5987793416392001125"></source>
			<source file="../../workspace/dataset/test/test_read_format_zip.c.ifdefed" startline="458" endline="488" function="DEFINE_TEST" hash="-1573413557489932942"></source>
		</class>
	</version>
	<version nr="4560" hash="09dcd243" evolution="Add" change="Consistent">
		<class nclones="7">
			<source file="../../workspace/dataset/test/test_read_format_zip.c.ifdefed" startline="490" endline="513" function="DEFINE_TEST" hash="2248875925637322440"></source>
			<source file="../../workspace/dataset/test/test_read_format_zip.c.ifdefed" startline="920" endline="943" function="DEFINE_TEST" hash="1567491852411800084"></source>
			<source file="../../workspace/dataset/test/test_read_format_zip.c.ifdefed" startline="615" endline="638" function="DEFINE_TEST" hash="5956823785767981688"></source>
			<source file="../../workspace/dataset/test/test_read_format_zip.c.ifdefed" startline="945" endline="968" function="DEFINE_TEST" hash="-1000411674586009806"></source>
			<source file="../../workspace/dataset/test/test_read_format_zip.c.ifdefed" startline="515" endline="538" function="DEFINE_TEST" hash="3170049197635195114"></source>
			<source file="../../workspace/dataset/test/test_read_format_zip.c.ifdefed" startline="640" endline="663" function="DEFINE_TEST" hash="-1228844331141544713"></source>
			<source file="../../workspace/dataset/test/test_read_format_zip.c.ifdefed" startline="835" endline="859" function="DEFINE_TEST" hash="-5119885737994570214"></source>
		</class>
	</version>
	<version nr="4560" hash="09dcd243" evolution="Subtract" change="Consistent">
		<class nclones="4">
			<source file="../../workspace/dataset/test/test_read_format_zip.c.ifdefed" startline="540" endline="575" function="DEFINE_TEST" hash="-8533329548682730211"></source>
			<source file="../../workspace/dataset/test/test_read_format_zip.c.ifdefed" startline="665" endline="700" function="DEFINE_TEST" hash="-4606581841758535250"></source>
			<source file="../../workspace/dataset/test/test_read_format_zip.c.ifdefed" startline="577" endline="612" function="DEFINE_TEST" hash="4384989636146402708"></source>
			<source file="../../workspace/dataset/test/test_read_format_zip.c.ifdefed" startline="702" endline="737" function="DEFINE_TEST" hash="-7419637227213051107"></source>
		</class>
	</version>
	<version nr="4560" hash="09dcd243" evolution="Subtract" change="Consistent">
		<class nclones="2">
			<source file="../../workspace/dataset/test/test_read_format_zip.c.ifdefed" startline="739" endline="774" function="DEFINE_TEST" hash="5258364896076299199"></source>
			<source file="../../workspace/dataset/test/test_read_format_zip.c.ifdefed" startline="776" endline="811" function="DEFINE_TEST" hash="159110427965833770"></source>
		</class>
	</version>
	<version nr="4560" hash="09dcd243" evolution="Same" change="Consistent">
		<class nclones="2">
			<source file="../../workspace/dataset/test/test_read_format_zip.c.ifdefed" startline="813" endline="833" function="DEFINE_TEST" hash="5482482720199206489"></source>
			<source file="../../workspace/dataset/test/test_read_format_zip.c.ifdefed" startline="861" endline="880" function="DEFINE_TEST" hash="-5185290910971880794"></source>
		</class>
	</version>
	<version nr="4570" hash="56c920ea" evolution="Same" change="Consistent">
		<class nclones="2">
			<source file="../../workspace/dataset/test/test_read_format_zip.c.ifdefed" startline="386" endline="404" function="DEFINE_TEST" hash="-9180235723111719269"></source>
			<source file="../../workspace/dataset/test/test_read_format_zip.c.ifdefed" startline="406" endline="424" function="DEFINE_TEST" hash="3763605417116466478"></source>
		</class>
	</version>
	<version nr="4570" hash="56c920ea" evolution="Same" change="Consistent">
		<class nclones="2">
			<source file="../../workspace/dataset/test/test_read_format_zip.c.ifdefed" startline="426" endline="456" function="DEFINE_TEST" hash="5987793416392001125"></source>
			<source file="../../workspace/dataset/test/test_read_format_zip.c.ifdefed" startline="458" endline="488" function="DEFINE_TEST" hash="-1573413557489932942"></source>
		</class>
	</version>
	<version nr="4570" hash="56c920ea" evolution="Add" change="Consistent">
		<class nclones="7">
			<source file="../../workspace/dataset/test/test_read_format_zip.c.ifdefed" startline="490" endline="513" function="DEFINE_TEST" hash="2248875925637322440"></source>
			<source file="../../workspace/dataset/test/test_read_format_zip.c.ifdefed" startline="920" endline="943" function="DEFINE_TEST" hash="1567491852411800084"></source>
			<source file="../../workspace/dataset/test/test_read_format_zip.c.ifdefed" startline="515" endline="538" function="DEFINE_TEST" hash="3170049197635195114"></source>
			<source file="../../workspace/dataset/test/test_read_format_zip.c.ifdefed" startline="615" endline="638" function="DEFINE_TEST" hash="5956823785767981688"></source>
			<source file="../../workspace/dataset/test/test_read_format_zip.c.ifdefed" startline="945" endline="968" function="DEFINE_TEST" hash="-1000411674586009806"></source>
			<source file="../../workspace/dataset/test/test_read_format_zip.c.ifdefed" startline="640" endline="663" function="DEFINE_TEST" hash="-1228844331141544713"></source>
			<source file="../../workspace/dataset/test/test_read_format_zip.c.ifdefed" startline="835" endline="859" function="DEFINE_TEST" hash="-5119885737994570214"></source>
		</class>
	</version>
	<version nr="4570" hash="56c920ea" evolution="Subtract" change="Consistent">
		<class nclones="4">
			<source file="../../workspace/dataset/test/test_read_format_zip.c.ifdefed" startline="540" endline="575" function="DEFINE_TEST" hash="-8533329548682730211"></source>
			<source file="../../workspace/dataset/test/test_read_format_zip.c.ifdefed" startline="577" endline="612" function="DEFINE_TEST" hash="4384989636146402708"></source>
			<source file="../../workspace/dataset/test/test_read_format_zip.c.ifdefed" startline="665" endline="700" function="DEFINE_TEST" hash="-4606581841758535250"></source>
			<source file="../../workspace/dataset/test/test_read_format_zip.c.ifdefed" startline="702" endline="737" function="DEFINE_TEST" hash="-7419637227213051107"></source>
		</class>
	</version>
	<version nr="4570" hash="56c920ea" evolution="Subtract" change="Consistent">
		<class nclones="2">
			<source file="../../workspace/dataset/test/test_read_format_zip.c.ifdefed" startline="739" endline="774" function="DEFINE_TEST" hash="5258364896076299199"></source>
			<source file="../../workspace/dataset/test/test_read_format_zip.c.ifdefed" startline="776" endline="811" function="DEFINE_TEST" hash="159110427965833770"></source>
		</class>
	</version>
	<version nr="4570" hash="56c920ea" evolution="Same" change="Consistent">
		<class nclones="2">
			<source file="../../workspace/dataset/test/test_read_format_zip.c.ifdefed" startline="813" endline="833" function="DEFINE_TEST" hash="5482482720199206489"></source>
			<source file="../../workspace/dataset/test/test_read_format_zip.c.ifdefed" startline="861" endline="880" function="DEFINE_TEST" hash="-5185290910971880794"></source>
		</class>
	</version>
	<version nr="4580" hash="dd733f5c" evolution="Same" change="Consistent">
		<class nclones="2">
			<source file="../../workspace/dataset/test/test_read_format_zip.c.ifdefed" startline="386" endline="404" function="DEFINE_TEST" hash="-9180235723111719269"></source>
			<source file="../../workspace/dataset/test/test_read_format_zip.c.ifdefed" startline="406" endline="424" function="DEFINE_TEST" hash="3763605417116466478"></source>
		</class>
	</version>
	<version nr="4580" hash="dd733f5c" evolution="Same" change="Consistent">
		<class nclones="2">
			<source file="../../workspace/dataset/test/test_read_format_zip.c.ifdefed" startline="426" endline="456" function="DEFINE_TEST" hash="5987793416392001125"></source>
			<source file="../../workspace/dataset/test/test_read_format_zip.c.ifdefed" startline="458" endline="488" function="DEFINE_TEST" hash="-1573413557489932942"></source>
		</class>
	</version>
	<version nr="4580" hash="dd733f5c" evolution="Add" change="Consistent">
		<class nclones="7">
			<source file="../../workspace/dataset/test/test_read_format_zip.c.ifdefed" startline="490" endline="513" function="DEFINE_TEST" hash="2248875925637322440"></source>
			<source file="../../workspace/dataset/test/test_read_format_zip.c.ifdefed" startline="920" endline="943" function="DEFINE_TEST" hash="1567491852411800084"></source>
			<source file="../../workspace/dataset/test/test_read_format_zip.c.ifdefed" startline="615" endline="638" function="DEFINE_TEST" hash="5956823785767981688"></source>
			<source file="../../workspace/dataset/test/test_read_format_zip.c.ifdefed" startline="515" endline="538" function="DEFINE_TEST" hash="3170049197635195114"></source>
			<source file="../../workspace/dataset/test/test_read_format_zip.c.ifdefed" startline="945" endline="968" function="DEFINE_TEST" hash="-1000411674586009806"></source>
			<source file="../../workspace/dataset/test/test_read_format_zip.c.ifdefed" startline="835" endline="859" function="DEFINE_TEST" hash="-5119885737994570214"></source>
			<source file="../../workspace/dataset/test/test_read_format_zip.c.ifdefed" startline="640" endline="663" function="DEFINE_TEST" hash="-1228844331141544713"></source>
		</class>
	</version>
	<version nr="4580" hash="dd733f5c" evolution="Subtract" change="Consistent">
		<class nclones="4">
			<source file="../../workspace/dataset/test/test_read_format_zip.c.ifdefed" startline="540" endline="575" function="DEFINE_TEST" hash="-8533329548682730211"></source>
			<source file="../../workspace/dataset/test/test_read_format_zip.c.ifdefed" startline="665" endline="700" function="DEFINE_TEST" hash="-4606581841758535250"></source>
			<source file="../../workspace/dataset/test/test_read_format_zip.c.ifdefed" startline="577" endline="612" function="DEFINE_TEST" hash="4384989636146402708"></source>
			<source file="../../workspace/dataset/test/test_read_format_zip.c.ifdefed" startline="702" endline="737" function="DEFINE_TEST" hash="-7419637227213051107"></source>
		</class>
	</version>
	<version nr="4580" hash="dd733f5c" evolution="Subtract" change="Consistent">
		<class nclones="2">
			<source file="../../workspace/dataset/test/test_read_format_zip.c.ifdefed" startline="739" endline="774" function="DEFINE_TEST" hash="5258364896076299199"></source>
			<source file="../../workspace/dataset/test/test_read_format_zip.c.ifdefed" startline="776" endline="811" function="DEFINE_TEST" hash="159110427965833770"></source>
		</class>
	</version>
	<version nr="4580" hash="dd733f5c" evolution="Same" change="Consistent">
		<class nclones="2">
			<source file="../../workspace/dataset/test/test_read_format_zip.c.ifdefed" startline="813" endline="833" function="DEFINE_TEST" hash="5482482720199206489"></source>
			<source file="../../workspace/dataset/test/test_read_format_zip.c.ifdefed" startline="861" endline="880" function="DEFINE_TEST" hash="-5185290910971880794"></source>
		</class>
	</version>
	<version nr="4590" hash="a1f65ab7" evolution="Same" change="Consistent">
		<class nclones="2">
			<source file="../../workspace/dataset/test/test_read_format_zip.c.ifdefed" startline="386" endline="404" function="DEFINE_TEST" hash="-9180235723111719269"></source>
			<source file="../../workspace/dataset/test/test_read_format_zip.c.ifdefed" startline="406" endline="424" function="DEFINE_TEST" hash="3763605417116466478"></source>
		</class>
	</version>
	<version nr="4590" hash="a1f65ab7" evolution="Same" change="Consistent">
		<class nclones="2">
			<source file="../../workspace/dataset/test/test_read_format_zip.c.ifdefed" startline="426" endline="456" function="DEFINE_TEST" hash="5987793416392001125"></source>
			<source file="../../workspace/dataset/test/test_read_format_zip.c.ifdefed" startline="458" endline="488" function="DEFINE_TEST" hash="-1573413557489932942"></source>
		</class>
	</version>
	<version nr="4590" hash="a1f65ab7" evolution="Add" change="Consistent">
		<class nclones="9">
			<source file="../../workspace/dataset/test/test_read_format_zip.c.ifdefed" startline="490" endline="513" function="DEFINE_TEST" hash="2248875925637322440"></source>
			<source file="../../workspace/dataset/test/test_read_format_zip.c.ifdefed" startline="615" endline="638" function="DEFINE_TEST" hash="5956823785767981688"></source>
			<source file="../../workspace/dataset/test/test_read_format_zip.c.ifdefed" startline="515" endline="538" function="DEFINE_TEST" hash="3170049197635195114"></source>
			<source file="../../workspace/dataset/test/test_read_format_zip.c.ifdefed" startline="739" endline="762" function="DEFINE_TEST" hash="4763903488767280719"></source>
			<source file="../../workspace/dataset/test/test_read_format_zip.c.ifdefed" startline="1069" endline="1092" function="DEFINE_TEST" hash="-1000411674586009806"></source>
			<source file="../../workspace/dataset/test/test_read_format_zip.c.ifdefed" startline="1044" endline="1067" function="DEFINE_TEST" hash="1567491852411800084"></source>
			<source file="../../workspace/dataset/test/test_read_format_zip.c.ifdefed" startline="959" endline="983" function="DEFINE_TEST" hash="-5119885737994570214"></source>
			<source file="../../workspace/dataset/test/test_read_format_zip.c.ifdefed" startline="640" endline="663" function="DEFINE_TEST" hash="-1228844331141544713"></source>
			<source file="../../workspace/dataset/test/test_read_format_zip.c.ifdefed" startline="764" endline="787" function="DEFINE_TEST" hash="-6604710182376615638"></source>
		</class>
	</version>
	<version nr="4590" hash="a1f65ab7" evolution="Subtract" change="Consistent">
		<class nclones="6">
			<source file="../../workspace/dataset/test/test_read_format_zip.c.ifdefed" startline="540" endline="575" function="DEFINE_TEST" hash="-8533329548682730211"></source>
			<source file="../../workspace/dataset/test/test_read_format_zip.c.ifdefed" startline="577" endline="612" function="DEFINE_TEST" hash="4384989636146402708"></source>
			<source file="../../workspace/dataset/test/test_read_format_zip.c.ifdefed" startline="665" endline="700" function="DEFINE_TEST" hash="-4606581841758535250"></source>
			<source file="../../workspace/dataset/test/test_read_format_zip.c.ifdefed" startline="789" endline="824" function="DEFINE_TEST" hash="1132095744831357485"></source>
			<source file="../../workspace/dataset/test/test_read_format_zip.c.ifdefed" startline="702" endline="737" function="DEFINE_TEST" hash="-7419637227213051107"></source>
			<source file="../../workspace/dataset/test/test_read_format_zip.c.ifdefed" startline="826" endline="861" function="DEFINE_TEST" hash="4735376209422226576"></source>
		</class>
	</version>
	<version nr="4590" hash="a1f65ab7" evolution="Subtract" change="Consistent">
		<class nclones="2">
			<source file="../../workspace/dataset/test/test_read_format_zip.c.ifdefed" startline="863" endline="898" function="DEFINE_TEST" hash="5258364896076299199"></source>
			<source file="../../workspace/dataset/test/test_read_format_zip.c.ifdefed" startline="900" endline="935" function="DEFINE_TEST" hash="159110427965833770"></source>
		</class>
	</version>
	<version nr="4590" hash="a1f65ab7" evolution="Same" change="Consistent">
		<class nclones="2">
			<source file="../../workspace/dataset/test/test_read_format_zip.c.ifdefed" startline="937" endline="957" function="DEFINE_TEST" hash="5482482720199206489"></source>
			<source file="../../workspace/dataset/test/test_read_format_zip.c.ifdefed" startline="985" endline="1004" function="DEFINE_TEST" hash="-5185290910971880794"></source>
		</class>
	</version>
	<version nr="4600" hash="fd8fe9c5" evolution="Same" change="Consistent">
		<class nclones="2">
			<source file="../../workspace/dataset/test/test_read_format_zip.c.ifdefed" startline="386" endline="404" function="DEFINE_TEST" hash="-9180235723111719269"></source>
			<source file="../../workspace/dataset/test/test_read_format_zip.c.ifdefed" startline="406" endline="424" function="DEFINE_TEST" hash="3763605417116466478"></source>
		</class>
	</version>
	<version nr="4600" hash="fd8fe9c5" evolution="Same" change="Consistent">
		<class nclones="2">
			<source file="../../workspace/dataset/test/test_read_format_zip.c.ifdefed" startline="426" endline="456" function="DEFINE_TEST" hash="5987793416392001125"></source>
			<source file="../../workspace/dataset/test/test_read_format_zip.c.ifdefed" startline="458" endline="488" function="DEFINE_TEST" hash="-1573413557489932942"></source>
		</class>
	</version>
	<version nr="4600" hash="fd8fe9c5" evolution="Add" change="Consistent">
		<class nclones="9">
			<source file="../../workspace/dataset/test/test_read_format_zip.c.ifdefed" startline="490" endline="513" function="DEFINE_TEST" hash="2248875925637322440"></source>
			<source file="../../workspace/dataset/test/test_read_format_zip.c.ifdefed" startline="515" endline="538" function="DEFINE_TEST" hash="3170049197635195114"></source>
			<source file="../../workspace/dataset/test/test_read_format_zip.c.ifdefed" startline="1069" endline="1092" function="DEFINE_TEST" hash="-1000411674586009806"></source>
			<source file="../../workspace/dataset/test/test_read_format_zip.c.ifdefed" startline="1044" endline="1067" function="DEFINE_TEST" hash="1567491852411800084"></source>
			<source file="../../workspace/dataset/test/test_read_format_zip.c.ifdefed" startline="739" endline="762" function="DEFINE_TEST" hash="4763903488767280719"></source>
			<source file="../../workspace/dataset/test/test_read_format_zip.c.ifdefed" startline="615" endline="638" function="DEFINE_TEST" hash="5956823785767981688"></source>
			<source file="../../workspace/dataset/test/test_read_format_zip.c.ifdefed" startline="640" endline="663" function="DEFINE_TEST" hash="-1228844331141544713"></source>
			<source file="../../workspace/dataset/test/test_read_format_zip.c.ifdefed" startline="764" endline="787" function="DEFINE_TEST" hash="-6604710182376615638"></source>
			<source file="../../workspace/dataset/test/test_read_format_zip.c.ifdefed" startline="959" endline="983" function="DEFINE_TEST" hash="-5119885737994570214"></source>
		</class>
	</version>
	<version nr="4600" hash="fd8fe9c5" evolution="Subtract" change="Consistent">
		<class nclones="6">
			<source file="../../workspace/dataset/test/test_read_format_zip.c.ifdefed" startline="540" endline="575" function="DEFINE_TEST" hash="-8533329548682730211"></source>
			<source file="../../workspace/dataset/test/test_read_format_zip.c.ifdefed" startline="577" endline="612" function="DEFINE_TEST" hash="4384989636146402708"></source>
			<source file="../../workspace/dataset/test/test_read_format_zip.c.ifdefed" startline="789" endline="824" function="DEFINE_TEST" hash="1132095744831357485"></source>
			<source file="../../workspace/dataset/test/test_read_format_zip.c.ifdefed" startline="665" endline="700" function="DEFINE_TEST" hash="-4606581841758535250"></source>
			<source file="../../workspace/dataset/test/test_read_format_zip.c.ifdefed" startline="826" endline="861" function="DEFINE_TEST" hash="4735376209422226576"></source>
			<source file="../../workspace/dataset/test/test_read_format_zip.c.ifdefed" startline="702" endline="737" function="DEFINE_TEST" hash="-7419637227213051107"></source>
		</class>
	</version>
	<version nr="4600" hash="fd8fe9c5" evolution="Subtract" change="Consistent">
		<class nclones="2">
			<source file="../../workspace/dataset/test/test_read_format_zip.c.ifdefed" startline="863" endline="898" function="DEFINE_TEST" hash="5258364896076299199"></source>
			<source file="../../workspace/dataset/test/test_read_format_zip.c.ifdefed" startline="900" endline="935" function="DEFINE_TEST" hash="159110427965833770"></source>
		</class>
	</version>
	<version nr="4600" hash="fd8fe9c5" evolution="Same" change="Consistent">
		<class nclones="2">
			<source file="../../workspace/dataset/test/test_read_format_zip.c.ifdefed" startline="937" endline="957" function="DEFINE_TEST" hash="5482482720199206489"></source>
			<source file="../../workspace/dataset/test/test_read_format_zip.c.ifdefed" startline="985" endline="1004" function="DEFINE_TEST" hash="-5185290910971880794"></source>
		</class>
	</version>
</lineage>
<lineage>
	<version nr="4170" hash="b5e6eb18" evolution="None" change="None">
		<class nclones="6">
			<source file="../../workspace/dataset/test/test_read_format_zip.c.ifdefed" startline="426" endline="456" function="DEFINE_TEST" hash="5987793416392001125"></source>
			<source file="../../workspace/dataset/test/test_read_format_zip.c.ifdefed" startline="635" endline="665" function="DEFINE_TEST" hash="7987508376699904174"></source>
			<source file="../../workspace/dataset/test/test_read_format_zip.c.ifdefed" startline="458" endline="488" function="DEFINE_TEST" hash="-1573413557489932942"></source>
			<source file="../../workspace/dataset/test/test_read_format_zip.c.ifdefed" startline="530" endline="560" function="DEFINE_TEST" hash="5227883336401508158"></source>
			<source file="../../workspace/dataset/test/test_read_format_zip.c.ifdefed" startline="667" endline="697" function="DEFINE_TEST" hash="2461192831173830029"></source>
			<source file="../../workspace/dataset/test/test_read_format_zip.c.ifdefed" startline="562" endline="592" function="DEFINE_TEST" hash="8390977438732677769"></source>
		</class>
	</version>
	<version nr="4210" hash="9112ff6c" evolution="Same" change="Same">
		<class nclones="6">
			<source file="../../workspace/dataset/test/test_read_format_zip.c.ifdefed" startline="426" endline="456" function="DEFINE_TEST" hash="5987793416392001125"></source>
			<source file="../../workspace/dataset/test/test_read_format_zip.c.ifdefed" startline="458" endline="488" function="DEFINE_TEST" hash="-1573413557489932942"></source>
			<source file="../../workspace/dataset/test/test_read_format_zip.c.ifdefed" startline="530" endline="560" function="DEFINE_TEST" hash="5227883336401508158"></source>
			<source file="../../workspace/dataset/test/test_read_format_zip.c.ifdefed" startline="635" endline="665" function="DEFINE_TEST" hash="7987508376699904174"></source>
			<source file="../../workspace/dataset/test/test_read_format_zip.c.ifdefed" startline="562" endline="592" function="DEFINE_TEST" hash="8390977438732677769"></source>
			<source file="../../workspace/dataset/test/test_read_format_zip.c.ifdefed" startline="667" endline="697" function="DEFINE_TEST" hash="2461192831173830029"></source>
		</class>
	</version>
	<version nr="4220" hash="b9d2dd51" evolution="Subtract" change="Same">
		<class nclones="2">
			<source file="../../workspace/dataset/test/test_read_format_zip.c.ifdefed" startline="426" endline="456" function="DEFINE_TEST" hash="5987793416392001125"></source>
			<source file="../../workspace/dataset/test/test_read_format_zip.c.ifdefed" startline="458" endline="488" function="DEFINE_TEST" hash="-1573413557489932942"></source>
		</class>
	</version>
</lineage>
<lineage>
	<version nr="4170" hash="b5e6eb18" evolution="None" change="None">
		<class nclones="2">
			<source file="../../workspace/dataset/test/test_read_format_zip.c.ifdefed" startline="699" endline="729" function="DEFINE_TEST" hash="6721247285299764544"></source>
			<source file="../../workspace/dataset/test/test_read_format_zip.c.ifdefed" startline="731" endline="761" function="DEFINE_TEST" hash="7837956582868213103"></source>
		</class>
	</version>
	<version nr="4210" hash="9112ff6c" evolution="Same" change="Same">
		<class nclones="2">
			<source file="../../workspace/dataset/test/test_read_format_zip.c.ifdefed" startline="699" endline="729" function="DEFINE_TEST" hash="6721247285299764544"></source>
			<source file="../../workspace/dataset/test/test_read_format_zip.c.ifdefed" startline="731" endline="761" function="DEFINE_TEST" hash="7837956582868213103"></source>
		</class>
	</version>
</lineage>
<lineage>
	<version nr="4190" hash="7130b9d4" evolution="None" change="None">
		<class nclones="3">
			<source file="../../workspace/dataset/test/test_read_format_zip.c.ifdefed" startline="763" endline="783" function="DEFINE_TEST" hash="5482482720199206489"></source>
			<source file="../../workspace/dataset/test/test_read_format_zip.c.ifdefed" startline="806" endline="825" function="DEFINE_TEST" hash="-5185290910971880794"></source>
			<source file="../../workspace/dataset/test/test_read_format_zip.c.ifdefed" startline="785" endline="804" function="DEFINE_TEST" hash="-6728282246000625314"></source>
		</class>
	</version>
	<version nr="4210" hash="9112ff6c" evolution="Same" change="Same">
		<class nclones="3">
			<source file="../../workspace/dataset/test/test_read_format_zip.c.ifdefed" startline="763" endline="783" function="DEFINE_TEST" hash="5482482720199206489"></source>
			<source file="../../workspace/dataset/test/test_read_format_zip.c.ifdefed" startline="806" endline="825" function="DEFINE_TEST" hash="-5185290910971880794"></source>
			<source file="../../workspace/dataset/test/test_read_format_zip.c.ifdefed" startline="785" endline="804" function="DEFINE_TEST" hash="-6728282246000625314"></source>
		</class>
	</version>
</lineage>
<lineage>
	<version nr="4290" hash="b6655592" evolution="None" change="None">
		<class nclones="2">
			<source file="../../workspace/dataset/test/test_read_format_zip_msdos.c.ifdefed" startline="87" endline="116" function="DEFINE_TEST" hash="-9176154290063845815"></source>
			<source file="../../workspace/dataset/test/test_read_format_zip_extra_padding.c.ifdefed" startline="64" endline="93" function="DEFINE_TEST" hash="2737484617684964948"></source>
		</class>
	</version>
	<version nr="4380" hash="467d193d" evolution="Same" change="Same">
		<class nclones="2">
			<source file="../../workspace/dataset/test/test_read_format_zip_msdos.c.ifdefed" startline="87" endline="116" function="DEFINE_TEST" hash="-9176154290063845815"></source>
			<source file="../../workspace/dataset/test/test_read_format_zip_extra_padding.c.ifdefed" startline="64" endline="93" function="DEFINE_TEST" hash="2737484617684964948"></source>
		</class>
	</version>
	<version nr="4390" hash="343642bc" evolution="Same" change="Consistent">
		<class nclones="2">
			<source file="../../workspace/dataset/test/test_read_format_zip_msdos.c.ifdefed" startline="87" endline="116" function="DEFINE_TEST" hash="-2704219702053598533"></source>
			<source file="../../workspace/dataset/test/test_read_format_zip_extra_padding.c.ifdefed" startline="64" endline="93" function="DEFINE_TEST" hash="7176233142437606910"></source>
		</class>
	</version>
	<version nr="4600" hash="fd8fe9c5" evolution="Same" change="Same">
		<class nclones="2">
			<source file="../../workspace/dataset/test/test_read_format_zip_msdos.c.ifdefed" startline="87" endline="116" function="DEFINE_TEST" hash="-2704219702053598533"></source>
			<source file="../../workspace/dataset/test/test_read_format_zip_extra_padding.c.ifdefed" startline="64" endline="93" function="DEFINE_TEST" hash="7176233142437606910"></source>
		</class>
	</version>
</lineage>
</lineages>
