<lineages>
<lineage>
	<version nr="0" hash="75f5f0849" evolution="None" change="None">
		<class nclones="2">
			<source file="../../workspace/dataset/test/JavaFileSystemTest.java" startline="349" endline="359" function="testExistsNoContext" hash="-3568243676479376737"></source>
			<source file="../../workspace/dataset/test/JavaFileSystemTest.java" startline="362" endline="372" function="testOpenNoContext" hash="-6095495032553809512"></source>
		</class>
	</version>
	<version nr="280" hash="33deb1d29" evolution="Same" change="Same">
		<class nclones="2">
			<source file="../../workspace/dataset/test/JavaFileSystemTest.java" startline="349" endline="359" function="testExistsNoContext" hash="-3568243676479376737"></source>
			<source file="../../workspace/dataset/test/JavaFileSystemTest.java" startline="362" endline="372" function="testOpenNoContext" hash="-6095495032553809512"></source>
		</class>
	</version>
</lineage>
<lineage>
	<version nr="0" hash="75f5f0849" evolution="None" change="None">
		<class nclones="2">
			<source file="../../workspace/dataset/test/JavaHttpTest.java" startline="88" endline="120" function="testNoContext" hash="4826213903325822098"></source>
			<source file="../../workspace/dataset/test/WorkerHttpTestClient.java" startline="36" endline="60" function="testWorker" hash="630990405393964917"></source>
		</class>
	</version>
	<version nr="60" hash="dfe9724ac" evolution="Same" change="Same">
		<class nclones="2">
			<source file="../../workspace/dataset/test/JavaHttpTest.java" startline="88" endline="120" function="testNoContext" hash="4826213903325822098"></source>
			<source file="../../workspace/dataset/test/WorkerHttpTestClient.java" startline="36" endline="60" function="testWorker" hash="630990405393964917"></source>
		</class>
	</version>
	<version nr="60" hash="dfe9724ac" evolution="Same" change="Inconsistent">
		<class nclones="2">
			<source file="../../workspace/dataset/test/JavaHttpTest.java" startline="100" endline="102" function="handle" hash="5659864707094632211"></source>
			<source file="../../workspace/dataset/test/WorkerHttpTestClient.java" startline="36" endline="60" function="testWorker" hash="630990405393964917"></source>
		</class>
	</version>
	<version nr="70" hash="c4092176b" evolution="Same" change="Inconsistent">
		<class nclones="2">
			<source file="../../workspace/dataset/test/JavaHttpTest.java" startline="92" endline="124" function="testNoContext" hash="4826213903325822098"></source>
			<source file="../../workspace/dataset/test/WorkerHttpTestClient.java" startline="36" endline="60" function="testWorker" hash="630990405393964917"></source>
		</class>
	</version>
	<version nr="70" hash="c4092176b" evolution="Same" change="Inconsistent">
		<class nclones="2">
			<source file="../../workspace/dataset/test/JavaHttpTest.java" startline="100" endline="102" function="handle" hash="5659864707094632211"></source>
			<source file="../../workspace/dataset/test/WorkerHttpTestClient.java" startline="36" endline="60" function="testWorker" hash="630990405393964917"></source>
		</class>
	</version>
	<version nr="80" hash="63e42823d" evolution="Same" change="Inconsistent">
		<class nclones="2">
			<source file="../../workspace/dataset/test/JavaHttpTest.java" startline="92" endline="124" function="testNoContext" hash="4826213903325822098"></source>
			<source file="../../workspace/dataset/test/WorkerHttpTestClient.java" startline="36" endline="60" function="testWorker" hash="630990405393964917"></source>
		</class>
	</version>
	<version nr="80" hash="63e42823d" evolution="Same" change="Inconsistent">
		<class nclones="2">
			<source file="../../workspace/dataset/test/JavaHttpTest.java" startline="100" endline="102" function="handle" hash="5659864707094632211"></source>
			<source file="../../workspace/dataset/test/WorkerHttpTestClient.java" startline="36" endline="60" function="testWorker" hash="630990405393964917"></source>
		</class>
	</version>
	<version nr="90" hash="8d66f7ef5" evolution="Same" change="Inconsistent">
		<class nclones="2">
			<source file="../../workspace/dataset/test/JavaHttpTest.java" startline="92" endline="124" function="testNoContext" hash="4826213903325822098"></source>
			<source file="../../workspace/dataset/test/WorkerHttpTestClient.java" startline="52" endline="76" function="testWorker" hash="630990405393964917"></source>
		</class>
	</version>
	<version nr="90" hash="8d66f7ef5" evolution="Same" change="Inconsistent">
		<class nclones="2">
			<source file="../../workspace/dataset/test/JavaHttpTest.java" startline="100" endline="102" function="handle" hash="5659864707094632211"></source>
			<source file="../../workspace/dataset/test/WorkerHttpTestClient.java" startline="52" endline="76" function="testWorker" hash="630990405393964917"></source>
		</class>
	</version>
	<version nr="100" hash="af8ac62bd" evolution="Same" change="Inconsistent">
		<class nclones="2">
			<source file="../../workspace/dataset/test/JavaHttpTest.java" startline="92" endline="124" function="testNoContext" hash="4826213903325822098"></source>
			<source file="../../workspace/dataset/test/WorkerHttpTestClient.java" startline="52" endline="76" function="testWorker" hash="630990405393964917"></source>
		</class>
	</version>
	<version nr="100" hash="af8ac62bd" evolution="Same" change="Inconsistent">
		<class nclones="2">
			<source file="../../workspace/dataset/test/JavaHttpTest.java" startline="100" endline="102" function="handle" hash="5659864707094632211"></source>
			<source file="../../workspace/dataset/test/WorkerHttpTestClient.java" startline="52" endline="76" function="testWorker" hash="630990405393964917"></source>
		</class>
	</version>
	<version nr="110" hash="deebfdf87" evolution="Same" change="Inconsistent">
		<class nclones="2">
			<source file="../../workspace/dataset/test/JavaHttpTest.java" startline="92" endline="124" function="testNoContext" hash="4826213903325822098"></source>
			<source file="../../workspace/dataset/test/WorkerHttpTestClient.java" startline="52" endline="76" function="testWorker" hash="630990405393964917"></source>
		</class>
	</version>
	<version nr="110" hash="deebfdf87" evolution="Same" change="Inconsistent">
		<class nclones="2">
			<source file="../../workspace/dataset/test/JavaHttpTest.java" startline="100" endline="102" function="handle" hash="5659864707094632211"></source>
			<source file="../../workspace/dataset/test/WorkerHttpTestClient.java" startline="52" endline="76" function="testWorker" hash="630990405393964917"></source>
		</class>
	</version>
	<version nr="120" hash="572f29abe" evolution="Same" change="Inconsistent">
		<class nclones="2">
			<source file="../../workspace/dataset/test/JavaHttpTest.java" startline="92" endline="124" function="testNoContext" hash="4826213903325822098"></source>
			<source file="../../workspace/dataset/test/WorkerHttpTestClient.java" startline="52" endline="76" function="testWorker" hash="630990405393964917"></source>
		</class>
	</version>
	<version nr="190" hash="3d67dcacc" evolution="Same" change="Same">
		<class nclones="2">
			<source file="../../workspace/dataset/test/JavaHttpTest.java" startline="92" endline="124" function="testNoContext" hash="4826213903325822098"></source>
			<source file="../../workspace/dataset/test/WorkerHttpTestClient.java" startline="52" endline="76" function="testWorker" hash="630990405393964917"></source>
		</class>
	</version>
	<version nr="190" hash="3d67dcacc" evolution="Same" change="Inconsistent">
		<class nclones="2">
			<source file="../../workspace/dataset/test/JavaHttpTest.java" startline="92" endline="124" function="testNoContext" hash="4826213903325822098"></source>
			<source file="../../workspace/dataset/test/WorkerHttpTestClient.java" startline="39" endline="41" function="handle" hash="5659864707094632211"></source>
		</class>
	</version>
	<version nr="200" hash="70c9eb220" evolution="Same" change="Inconsistent">
		<class nclones="2">
			<source file="../../workspace/dataset/test/JavaHttpTest.java" startline="92" endline="124" function="testNoContext" hash="4826213903325822098"></source>
			<source file="../../workspace/dataset/test/WorkerHttpTestClient.java" startline="36" endline="60" function="testWorker" hash="630990405393964917"></source>
		</class>
	</version>
	<version nr="200" hash="70c9eb220" evolution="Same" change="Inconsistent">
		<class nclones="2">
			<source file="../../workspace/dataset/test/JavaHttpTest.java" startline="92" endline="124" function="testNoContext" hash="4826213903325822098"></source>
			<source file="../../workspace/dataset/test/WorkerHttpTestClient.java" startline="39" endline="41" function="handle" hash="5659864707094632211"></source>
		</class>
	</version>
	<version nr="210" hash="375e9cdce" evolution="Same" change="Inconsistent">
		<class nclones="2">
			<source file="../../workspace/dataset/test/JavaHttpTest.java" startline="92" endline="124" function="testNoContext" hash="4826213903325822098"></source>
			<source file="../../workspace/dataset/test/WorkerHttpTestClient.java" startline="36" endline="60" function="testWorker" hash="630990405393964917"></source>
		</class>
	</version>
	<version nr="210" hash="375e9cdce" evolution="Same" change="Inconsistent">
		<class nclones="2">
			<source file="../../workspace/dataset/test/JavaHttpTest.java" startline="92" endline="124" function="testNoContext" hash="4826213903325822098"></source>
			<source file="../../workspace/dataset/test/WorkerHttpTestClient.java" startline="39" endline="41" function="handle" hash="5659864707094632211"></source>
		</class>
	</version>
	<version nr="220" hash="ba642a794" evolution="Same" change="Inconsistent">
		<class nclones="2">
			<source file="../../workspace/dataset/test/JavaHttpTest.java" startline="92" endline="124" function="testNoContext" hash="4826213903325822098"></source>
			<source file="../../workspace/dataset/test/WorkerHttpTestClient.java" startline="36" endline="60" function="testWorker" hash="630990405393964917"></source>
		</class>
	</version>
	<version nr="220" hash="ba642a794" evolution="Same" change="Inconsistent">
		<class nclones="2">
			<source file="../../workspace/dataset/test/JavaHttpTest.java" startline="92" endline="124" function="testNoContext" hash="4826213903325822098"></source>
			<source file="../../workspace/dataset/test/WorkerHttpTestClient.java" startline="39" endline="41" function="handle" hash="5659864707094632211"></source>
		</class>
	</version>
	<version nr="230" hash="d0059ecf1" evolution="Same" change="Inconsistent">
		<class nclones="2">
			<source file="../../workspace/dataset/test/JavaHttpTest.java" startline="92" endline="124" function="testNoContext" hash="4826213903325822098"></source>
			<source file="../../workspace/dataset/test/WorkerHttpTestClient.java" startline="36" endline="60" function="testWorker" hash="630990405393964917"></source>
		</class>
	</version>
	<version nr="230" hash="d0059ecf1" evolution="Same" change="Inconsistent">
		<class nclones="2">
			<source file="../../workspace/dataset/test/JavaHttpTest.java" startline="92" endline="124" function="testNoContext" hash="4826213903325822098"></source>
			<source file="../../workspace/dataset/test/WorkerHttpTestClient.java" startline="39" endline="41" function="handle" hash="5659864707094632211"></source>
		</class>
	</version>
	<version nr="240" hash="b97840287" evolution="Same" change="Inconsistent">
		<class nclones="2">
			<source file="../../workspace/dataset/test/JavaHttpTest.java" startline="92" endline="124" function="testNoContext" hash="4826213903325822098"></source>
			<source file="../../workspace/dataset/test/WorkerHttpTestClient.java" startline="36" endline="60" function="testWorker" hash="630990405393964917"></source>
		</class>
	</version>
	<version nr="240" hash="b97840287" evolution="Same" change="Inconsistent">
		<class nclones="2">
			<source file="../../workspace/dataset/test/JavaHttpTest.java" startline="92" endline="124" function="testNoContext" hash="4826213903325822098"></source>
			<source file="../../workspace/dataset/test/WorkerHttpTestClient.java" startline="39" endline="41" function="handle" hash="5659864707094632211"></source>
		</class>
	</version>
	<version nr="250" hash="c6773311c" evolution="Same" change="Inconsistent">
		<class nclones="2">
			<source file="../../workspace/dataset/test/JavaHttpTest.java" startline="92" endline="124" function="testNoContext" hash="4826213903325822098"></source>
			<source file="../../workspace/dataset/test/WorkerHttpTestClient.java" startline="36" endline="60" function="testWorker" hash="630990405393964917"></source>
		</class>
	</version>
	<version nr="250" hash="c6773311c" evolution="Same" change="Inconsistent">
		<class nclones="2">
			<source file="../../workspace/dataset/test/JavaHttpTest.java" startline="92" endline="124" function="testNoContext" hash="4826213903325822098"></source>
			<source file="../../workspace/dataset/test/WorkerHttpTestClient.java" startline="39" endline="41" function="handle" hash="5659864707094632211"></source>
		</class>
	</version>
	<version nr="260" hash="83eedcf77" evolution="Same" change="Inconsistent">
		<class nclones="2">
			<source file="../../workspace/dataset/test/JavaHttpTest.java" startline="92" endline="124" function="testNoContext" hash="4826213903325822098"></source>
			<source file="../../workspace/dataset/test/WorkerHttpTestClient.java" startline="36" endline="60" function="testWorker" hash="630990405393964917"></source>
		</class>
	</version>
	<version nr="260" hash="83eedcf77" evolution="Same" change="Inconsistent">
		<class nclones="2">
			<source file="../../workspace/dataset/test/JavaHttpTest.java" startline="92" endline="124" function="testNoContext" hash="4826213903325822098"></source>
			<source file="../../workspace/dataset/test/WorkerHttpTestClient.java" startline="39" endline="41" function="handle" hash="5659864707094632211"></source>
		</class>
	</version>
	<version nr="270" hash="d3155c919" evolution="Same" change="Inconsistent">
		<class nclones="2">
			<source file="../../workspace/dataset/test/JavaHttpTest.java" startline="92" endline="124" function="testNoContext" hash="4826213903325822098"></source>
			<source file="../../workspace/dataset/test/WorkerHttpTestClient.java" startline="36" endline="60" function="testWorker" hash="630990405393964917"></source>
		</class>
	</version>
	<version nr="270" hash="d3155c919" evolution="Same" change="Inconsistent">
		<class nclones="2">
			<source file="../../workspace/dataset/test/JavaHttpTest.java" startline="92" endline="124" function="testNoContext" hash="4826213903325822098"></source>
			<source file="../../workspace/dataset/test/WorkerHttpTestClient.java" startline="39" endline="41" function="handle" hash="5659864707094632211"></source>
		</class>
	</version>
	<version nr="280" hash="33deb1d29" evolution="Same" change="Inconsistent">
		<class nclones="2">
			<source file="../../workspace/dataset/test/JavaHttpTest.java" startline="92" endline="124" function="testNoContext" hash="4826213903325822098"></source>
			<source file="../../workspace/dataset/test/WorkerHttpTestClient.java" startline="36" endline="60" function="testWorker" hash="630990405393964917"></source>
		</class>
	</version>
	<version nr="280" hash="33deb1d29" evolution="Same" change="Inconsistent">
		<class nclones="2">
			<source file="../../workspace/dataset/test/JavaHttpTest.java" startline="92" endline="124" function="testNoContext" hash="4826213903325822098"></source>
			<source file="../../workspace/dataset/test/WorkerHttpTestClient.java" startline="39" endline="41" function="handle" hash="5659864707094632211"></source>
		</class>
	</version>
	<version nr="290" hash="c3bea1078" evolution="Same" change="Inconsistent">
		<class nclones="2">
			<source file="../../workspace/dataset/test/JavaHttpTest.java" startline="92" endline="124" function="testNoContext" hash="4826213903325822098"></source>
			<source file="../../workspace/dataset/test/WorkerHttpTestClient.java" startline="36" endline="60" function="testWorker" hash="630990405393964917"></source>
		</class>
	</version>
</lineage>
<lineage>
	<version nr="0" hash="75f5f0849" evolution="None" change="None">
		<class nclones="3">
			<source file="../../workspace/dataset/test/JavaHttpTest.java" startline="642" endline="694" function="sharedServers" hash="1893524257272164854"></source>
			<source file="../../workspace/dataset/test/JavaWebsocketTest.java" startline="157" endline="209" function="sharedServers" hash="-5971613320940504898"></source>
			<source file="../../workspace/dataset/test/JavaNetTest.java" startline="305" endline="364" function="sharedServers" hash="6201830744957630163"></source>
		</class>
	</version>
	<version nr="270" hash="d3155c919" evolution="Same" change="Same">
		<class nclones="3">
			<source file="../../workspace/dataset/test/JavaHttpTest.java" startline="642" endline="694" function="sharedServers" hash="1893524257272164854"></source>
			<source file="../../workspace/dataset/test/JavaWebsocketTest.java" startline="157" endline="209" function="sharedServers" hash="-5971613320940504898"></source>
			<source file="../../workspace/dataset/test/JavaNetTest.java" startline="305" endline="364" function="sharedServers" hash="6201830744957630163"></source>
		</class>
	</version>
	<version nr="280" hash="33deb1d29" evolution="Subtract" change="Same">
		<class nclones="2">
			<source file="../../workspace/dataset/test/JavaHttpTest.java" startline="689" endline="741" function="sharedServers" hash="1893524257272164854"></source>
			<source file="../../workspace/dataset/test/JavaWebsocketTest.java" startline="191" endline="243" function="sharedServers" hash="-5971613320940504898"></source>
		</class>
	</version>
</lineage>
<lineage>
	<version nr="0" hash="75f5f0849" evolution="None" change="None">
		<class nclones="2">
			<source file="../../workspace/dataset/test/JavaRecordParserTest.java" startline="49" endline="76" function="testFixed" hash="2865842329322753817"></source>
			<source file="../../workspace/dataset/test/JavaRecordParserTest.java" startline="149" endline="177" function="delimited" hash="-5891543850854955769"></source>
		</class>
	</version>
	<version nr="280" hash="33deb1d29" evolution="Same" change="Same">
		<class nclones="2">
			<source file="../../workspace/dataset/test/JavaRecordParserTest.java" startline="49" endline="76" function="testFixed" hash="2865842329322753817"></source>
			<source file="../../workspace/dataset/test/JavaRecordParserTest.java" startline="149" endline="177" function="delimited" hash="-5891543850854955769"></source>
		</class>
	</version>
</lineage>
<lineage>
	<version nr="0" hash="75f5f0849" evolution="None" change="None">
		<class nclones="2">
			<source file="../../workspace/dataset/test/AsyncStartChildVerticle.java" startline="30" endline="40" function="start" hash="5048952181971642513"></source>
			<source file="../../workspace/dataset/test/AsyncStartClient.java" startline="27" endline="37" function="start" hash="-4721027191729788829"></source>
		</class>
	</version>
	<version nr="290" hash="c3bea1078" evolution="Same" change="Same">
		<class nclones="2">
			<source file="../../workspace/dataset/test/AsyncStartChildVerticle.java" startline="30" endline="40" function="start" hash="5048952181971642513"></source>
			<source file="../../workspace/dataset/test/AsyncStartClient.java" startline="27" endline="37" function="start" hash="-4721027191729788829"></source>
		</class>
	</version>
</lineage>
<lineage>
	<version nr="0" hash="75f5f0849" evolution="None" change="None">
		<class nclones="2">
			<source file="../../workspace/dataset/test/CloseHandlerServer.java" startline="40" endline="58" function="handle" hash="-3536339045476582987"></source>
			<source file="../../workspace/dataset/test/TestClient.java" startline="477" endline="496" function="handle" hash="3753751788342803594"></source>
		</class>
	</version>
	<version nr="210" hash="375e9cdce" evolution="Same" change="Same">
		<class nclones="2">
			<source file="../../workspace/dataset/test/CloseHandlerServer.java" startline="40" endline="58" function="handle" hash="-3536339045476582987"></source>
			<source file="../../workspace/dataset/test/TestClient.java" startline="477" endline="496" function="handle" hash="3753751788342803594"></source>
		</class>
	</version>
	<version nr="220" hash="ba642a794" evolution="Same" change="Consistent">
		<class nclones="2">
			<source file="../../workspace/dataset/test/TestClient.java" startline="94" endline="97" function="handle" hash="2320386658139772606"></source>
			<source file="../../workspace/dataset/test/TestClient.java" startline="138" endline="156" function="testChangesNotVisibleArray3" hash="6624914320839899445"></source>
		</class>
	</version>
	<version nr="230" hash="d0059ecf1" evolution="Same" change="Inconsistent">
		<class nclones="2">
			<source file="../../workspace/dataset/test/TestClient.java" startline="77" endline="95" function="testChangesNotVisibleObject3" hash="5918045312754198312"></source>
			<source file="../../workspace/dataset/test/TestClient.java" startline="130" endline="148" function="testChangesNotVisibleArray3" hash="6624914320839899445"></source>
		</class>
	</version>
	<version nr="280" hash="33deb1d29" evolution="Same" change="Same">
		<class nclones="2">
			<source file="../../workspace/dataset/test/TestClient.java" startline="77" endline="95" function="testChangesNotVisibleObject3" hash="5918045312754198312"></source>
			<source file="../../workspace/dataset/test/TestClient.java" startline="130" endline="148" function="testChangesNotVisibleArray3" hash="6624914320839899445"></source>
		</class>
	</version>
</lineage>
<lineage>
	<version nr="0" hash="75f5f0849" evolution="None" change="None">
		<class nclones="2">
			<source file="../../workspace/dataset/test/ClosingServer.java" startline="37" endline="58" function="start" hash="7950251920048053192"></source>
			<source file="../../workspace/dataset/test/CountServer.java" startline="37" endline="56" function="start" hash="3065870076698431940"></source>
		</class>
	</version>
	<version nr="10" hash="49d3fac3d" evolution="Same" change="Same">
		<class nclones="2">
			<source file="../../workspace/dataset/test/ClosingServer.java" startline="37" endline="58" function="start" hash="7950251920048053192"></source>
			<source file="../../workspace/dataset/test/CountServer.java" startline="37" endline="56" function="start" hash="3065870076698431940"></source>
		</class>
	</version>
	<version nr="10" hash="49d3fac3d" evolution="Same" change="Inconsistent">
		<class nclones="2">
			<source file="../../workspace/dataset/test/CountServer.java" startline="37" endline="56" function="start" hash="3065870076698431940"></source>
			<source file="../../workspace/dataset/test/InstanceCheckServer.java" startline="41" endline="66" function="start" hash="-7632639796132013861"></source>
		</class>
	</version>
	<version nr="20" hash="f73e336ec" evolution="Same" change="Inconsistent">
		<class nclones="2">
			<source file="../../workspace/dataset/test/ClosingServer.java" startline="37" endline="58" function="start" hash="7950251920048053192"></source>
			<source file="../../workspace/dataset/test/CountServer.java" startline="37" endline="56" function="start" hash="3065870076698431940"></source>
		</class>
	</version>
	<version nr="20" hash="f73e336ec" evolution="Same" change="Inconsistent">
		<class nclones="2">
			<source file="../../workspace/dataset/test/CountServer.java" startline="37" endline="56" function="start" hash="3065870076698431940"></source>
			<source file="../../workspace/dataset/test/InstanceCheckServer.java" startline="41" endline="66" function="start" hash="-7632639796132013861"></source>
		</class>
	</version>
	<version nr="30" hash="d629e8a0c" evolution="Same" change="Inconsistent">
		<class nclones="2">
			<source file="../../workspace/dataset/test/ClosingServer.java" startline="37" endline="58" function="start" hash="7950251920048053192"></source>
			<source file="../../workspace/dataset/test/CountServer.java" startline="37" endline="56" function="start" hash="3065870076698431940"></source>
		</class>
	</version>
	<version nr="30" hash="d629e8a0c" evolution="Same" change="Inconsistent">
		<class nclones="2">
			<source file="../../workspace/dataset/test/CountServer.java" startline="37" endline="56" function="start" hash="3065870076698431940"></source>
			<source file="../../workspace/dataset/test/InstanceCheckServer.java" startline="41" endline="66" function="start" hash="-7632639796132013861"></source>
		</class>
	</version>
	<version nr="40" hash="367bdda7e" evolution="Same" change="Inconsistent">
		<class nclones="2">
			<source file="../../workspace/dataset/test/ClosingServer.java" startline="37" endline="58" function="start" hash="7950251920048053192"></source>
			<source file="../../workspace/dataset/test/CountServer.java" startline="37" endline="56" function="start" hash="3065870076698431940"></source>
		</class>
	</version>
	<version nr="40" hash="367bdda7e" evolution="Same" change="Inconsistent">
		<class nclones="2">
			<source file="../../workspace/dataset/test/CountServer.java" startline="37" endline="56" function="start" hash="3065870076698431940"></source>
			<source file="../../workspace/dataset/test/InstanceCheckServer.java" startline="41" endline="66" function="start" hash="-7632639796132013861"></source>
		</class>
	</version>
	<version nr="50" hash="7eb3e09cf" evolution="Same" change="Inconsistent">
		<class nclones="2">
			<source file="../../workspace/dataset/test/ClosingServer.java" startline="37" endline="58" function="start" hash="7950251920048053192"></source>
			<source file="../../workspace/dataset/test/CountServer.java" startline="37" endline="56" function="start" hash="3065870076698431940"></source>
		</class>
	</version>
	<version nr="50" hash="7eb3e09cf" evolution="Same" change="Inconsistent">
		<class nclones="2">
			<source file="../../workspace/dataset/test/CountServer.java" startline="37" endline="56" function="start" hash="3065870076698431940"></source>
			<source file="../../workspace/dataset/test/InstanceCheckServer.java" startline="41" endline="66" function="start" hash="-7632639796132013861"></source>
		</class>
	</version>
	<version nr="60" hash="dfe9724ac" evolution="Same" change="Inconsistent">
		<class nclones="2">
			<source file="../../workspace/dataset/test/ClosingServer.java" startline="37" endline="58" function="start" hash="7950251920048053192"></source>
			<source file="../../workspace/dataset/test/CountServer.java" startline="37" endline="56" function="start" hash="3065870076698431940"></source>
		</class>
	</version>
	<version nr="60" hash="dfe9724ac" evolution="Same" change="Inconsistent">
		<class nclones="2">
			<source file="../../workspace/dataset/test/CountServer.java" startline="37" endline="56" function="start" hash="3065870076698431940"></source>
			<source file="../../workspace/dataset/test/InstanceCheckServer.java" startline="41" endline="66" function="start" hash="-7632639796132013861"></source>
		</class>
	</version>
	<version nr="70" hash="c4092176b" evolution="Same" change="Inconsistent">
		<class nclones="2">
			<source file="../../workspace/dataset/test/ClosingServer.java" startline="37" endline="58" function="start" hash="7950251920048053192"></source>
			<source file="../../workspace/dataset/test/CountServer.java" startline="37" endline="56" function="start" hash="3065870076698431940"></source>
		</class>
	</version>
	<version nr="70" hash="c4092176b" evolution="Same" change="Inconsistent">
		<class nclones="2">
			<source file="../../workspace/dataset/test/CountServer.java" startline="37" endline="56" function="start" hash="3065870076698431940"></source>
			<source file="../../workspace/dataset/test/InstanceCheckServer.java" startline="41" endline="66" function="start" hash="-7632639796132013861"></source>
		</class>
	</version>
	<version nr="80" hash="63e42823d" evolution="Same" change="Inconsistent">
		<class nclones="2">
			<source file="../../workspace/dataset/test/ClosingServer.java" startline="37" endline="58" function="start" hash="7950251920048053192"></source>
			<source file="../../workspace/dataset/test/CountServer.java" startline="37" endline="56" function="start" hash="3065870076698431940"></source>
		</class>
	</version>
	<version nr="80" hash="63e42823d" evolution="Same" change="Inconsistent">
		<class nclones="2">
			<source file="../../workspace/dataset/test/CountServer.java" startline="37" endline="56" function="start" hash="3065870076698431940"></source>
			<source file="../../workspace/dataset/test/InstanceCheckServer.java" startline="41" endline="66" function="start" hash="-7632639796132013861"></source>
		</class>
	</version>
	<version nr="90" hash="8d66f7ef5" evolution="Same" change="Inconsistent">
		<class nclones="2">
			<source file="../../workspace/dataset/test/ClosingServer.java" startline="37" endline="58" function="start" hash="7950251920048053192"></source>
			<source file="../../workspace/dataset/test/CountServer.java" startline="37" endline="56" function="start" hash="3065870076698431940"></source>
		</class>
	</version>
	<version nr="90" hash="8d66f7ef5" evolution="Same" change="Inconsistent">
		<class nclones="2">
			<source file="../../workspace/dataset/test/CountServer.java" startline="37" endline="56" function="start" hash="3065870076698431940"></source>
			<source file="../../workspace/dataset/test/InstanceCheckServer.java" startline="41" endline="66" function="start" hash="-7632639796132013861"></source>
		</class>
	</version>
	<version nr="100" hash="af8ac62bd" evolution="Same" change="Inconsistent">
		<class nclones="2">
			<source file="../../workspace/dataset/test/ClosingServer.java" startline="37" endline="58" function="start" hash="7950251920048053192"></source>
			<source file="../../workspace/dataset/test/CountServer.java" startline="37" endline="56" function="start" hash="3065870076698431940"></source>
		</class>
	</version>
	<version nr="100" hash="af8ac62bd" evolution="Same" change="Inconsistent">
		<class nclones="2">
			<source file="../../workspace/dataset/test/CountServer.java" startline="37" endline="56" function="start" hash="3065870076698431940"></source>
			<source file="../../workspace/dataset/test/InstanceCheckServer.java" startline="41" endline="66" function="start" hash="-7632639796132013861"></source>
		</class>
	</version>
	<version nr="110" hash="deebfdf87" evolution="Same" change="Inconsistent">
		<class nclones="2">
			<source file="../../workspace/dataset/test/ClosingServer.java" startline="37" endline="58" function="start" hash="7950251920048053192"></source>
			<source file="../../workspace/dataset/test/CountServer.java" startline="37" endline="56" function="start" hash="3065870076698431940"></source>
		</class>
	</version>
	<version nr="110" hash="deebfdf87" evolution="Same" change="Inconsistent">
		<class nclones="2">
			<source file="../../workspace/dataset/test/CountServer.java" startline="37" endline="56" function="start" hash="3065870076698431940"></source>
			<source file="../../workspace/dataset/test/InstanceCheckServer.java" startline="41" endline="66" function="start" hash="-7632639796132013861"></source>
		</class>
	</version>
	<version nr="120" hash="572f29abe" evolution="Same" change="Inconsistent">
		<class nclones="2">
			<source file="../../workspace/dataset/test/ClosingServer.java" startline="37" endline="58" function="start" hash="7950251920048053192"></source>
			<source file="../../workspace/dataset/test/CountServer.java" startline="37" endline="56" function="start" hash="3065870076698431940"></source>
		</class>
	</version>
	<version nr="120" hash="572f29abe" evolution="Same" change="Inconsistent">
		<class nclones="2">
			<source file="../../workspace/dataset/test/CountServer.java" startline="37" endline="56" function="start" hash="3065870076698431940"></source>
			<source file="../../workspace/dataset/test/InstanceCheckServer.java" startline="41" endline="66" function="start" hash="-7632639796132013861"></source>
		</class>
	</version>
	<version nr="130" hash="ab931672a" evolution="Same" change="Inconsistent">
		<class nclones="2">
			<source file="../../workspace/dataset/test/ClosingServer.java" startline="37" endline="58" function="start" hash="7950251920048053192"></source>
			<source file="../../workspace/dataset/test/CountServer.java" startline="37" endline="56" function="start" hash="3065870076698431940"></source>
		</class>
	</version>
	<version nr="130" hash="ab931672a" evolution="Same" change="Inconsistent">
		<class nclones="2">
			<source file="../../workspace/dataset/test/CountServer.java" startline="37" endline="56" function="start" hash="3065870076698431940"></source>
			<source file="../../workspace/dataset/test/InstanceCheckServer.java" startline="41" endline="66" function="start" hash="-7632639796132013861"></source>
		</class>
	</version>
	<version nr="140" hash="8d1a69700" evolution="Same" change="Inconsistent">
		<class nclones="2">
			<source file="../../workspace/dataset/test/ClosingServer.java" startline="37" endline="58" function="start" hash="7950251920048053192"></source>
			<source file="../../workspace/dataset/test/CountServer.java" startline="37" endline="56" function="start" hash="3065870076698431940"></source>
		</class>
	</version>
	<version nr="140" hash="8d1a69700" evolution="Same" change="Inconsistent">
		<class nclones="2">
			<source file="../../workspace/dataset/test/CountServer.java" startline="37" endline="56" function="start" hash="3065870076698431940"></source>
			<source file="../../workspace/dataset/test/InstanceCheckServer.java" startline="41" endline="66" function="start" hash="-7632639796132013861"></source>
		</class>
	</version>
	<version nr="150" hash="8745db469" evolution="Same" change="Inconsistent">
		<class nclones="2">
			<source file="../../workspace/dataset/test/ClosingServer.java" startline="37" endline="58" function="start" hash="7950251920048053192"></source>
			<source file="../../workspace/dataset/test/CountServer.java" startline="37" endline="56" function="start" hash="3065870076698431940"></source>
		</class>
	</version>
	<version nr="150" hash="8745db469" evolution="Same" change="Inconsistent">
		<class nclones="2">
			<source file="../../workspace/dataset/test/CountServer.java" startline="37" endline="56" function="start" hash="3065870076698431940"></source>
			<source file="../../workspace/dataset/test/InstanceCheckServer.java" startline="41" endline="66" function="start" hash="-7632639796132013861"></source>
		</class>
	</version>
	<version nr="160" hash="03c27dc4c" evolution="Same" change="Inconsistent">
		<class nclones="2">
			<source file="../../workspace/dataset/test/ClosingServer.java" startline="37" endline="58" function="start" hash="7950251920048053192"></source>
			<source file="../../workspace/dataset/test/CountServer.java" startline="37" endline="56" function="start" hash="3065870076698431940"></source>
		</class>
	</version>
	<version nr="160" hash="03c27dc4c" evolution="Same" change="Inconsistent">
		<class nclones="2">
			<source file="../../workspace/dataset/test/CountServer.java" startline="37" endline="56" function="start" hash="3065870076698431940"></source>
			<source file="../../workspace/dataset/test/InstanceCheckServer.java" startline="41" endline="66" function="start" hash="-7632639796132013861"></source>
		</class>
	</version>
	<version nr="170" hash="0f09dcd5b" evolution="Same" change="Inconsistent">
		<class nclones="2">
			<source file="../../workspace/dataset/test/ClosingServer.java" startline="37" endline="58" function="start" hash="7950251920048053192"></source>
			<source file="../../workspace/dataset/test/CountServer.java" startline="37" endline="56" function="start" hash="3065870076698431940"></source>
		</class>
	</version>
	<version nr="170" hash="0f09dcd5b" evolution="Same" change="Inconsistent">
		<class nclones="2">
			<source file="../../workspace/dataset/test/CountServer.java" startline="37" endline="56" function="start" hash="3065870076698431940"></source>
			<source file="../../workspace/dataset/test/InstanceCheckServer.java" startline="41" endline="66" function="start" hash="-7632639796132013861"></source>
		</class>
	</version>
	<version nr="180" hash="54e6e77ab" evolution="Same" change="Inconsistent">
		<class nclones="2">
			<source file="../../workspace/dataset/test/ClosingServer.java" startline="37" endline="58" function="start" hash="7950251920048053192"></source>
			<source file="../../workspace/dataset/test/CountServer.java" startline="37" endline="56" function="start" hash="3065870076698431940"></source>
		</class>
	</version>
	<version nr="180" hash="54e6e77ab" evolution="Same" change="Inconsistent">
		<class nclones="2">
			<source file="../../workspace/dataset/test/CountServer.java" startline="37" endline="56" function="start" hash="3065870076698431940"></source>
			<source file="../../workspace/dataset/test/InstanceCheckServer.java" startline="41" endline="66" function="start" hash="-7632639796132013861"></source>
		</class>
	</version>
	<version nr="190" hash="3d67dcacc" evolution="Same" change="Inconsistent">
		<class nclones="2">
			<source file="../../workspace/dataset/test/ClosingServer.java" startline="37" endline="58" function="start" hash="7950251920048053192"></source>
			<source file="../../workspace/dataset/test/CountServer.java" startline="37" endline="56" function="start" hash="3065870076698431940"></source>
		</class>
	</version>
	<version nr="190" hash="3d67dcacc" evolution="Same" change="Inconsistent">
		<class nclones="2">
			<source file="../../workspace/dataset/test/CountServer.java" startline="37" endline="56" function="start" hash="3065870076698431940"></source>
			<source file="../../workspace/dataset/test/InstanceCheckServer.java" startline="41" endline="66" function="start" hash="-7632639796132013861"></source>
		</class>
	</version>
	<version nr="200" hash="70c9eb220" evolution="Same" change="Inconsistent">
		<class nclones="2">
			<source file="../../workspace/dataset/test/ClosingServer.java" startline="37" endline="58" function="start" hash="7950251920048053192"></source>
			<source file="../../workspace/dataset/test/CountServer.java" startline="37" endline="56" function="start" hash="3065870076698431940"></source>
		</class>
	</version>
	<version nr="200" hash="70c9eb220" evolution="Same" change="Inconsistent">
		<class nclones="2">
			<source file="../../workspace/dataset/test/CountServer.java" startline="37" endline="56" function="start" hash="3065870076698431940"></source>
			<source file="../../workspace/dataset/test/InstanceCheckServer.java" startline="41" endline="66" function="start" hash="-7632639796132013861"></source>
		</class>
	</version>
	<version nr="210" hash="375e9cdce" evolution="Same" change="Inconsistent">
		<class nclones="2">
			<source file="../../workspace/dataset/test/ClosingServer.java" startline="37" endline="58" function="start" hash="7950251920048053192"></source>
			<source file="../../workspace/dataset/test/CountServer.java" startline="37" endline="56" function="start" hash="3065870076698431940"></source>
		</class>
	</version>
	<version nr="210" hash="375e9cdce" evolution="Same" change="Inconsistent">
		<class nclones="2">
			<source file="../../workspace/dataset/test/CountServer.java" startline="37" endline="56" function="start" hash="3065870076698431940"></source>
			<source file="../../workspace/dataset/test/InstanceCheckServer.java" startline="41" endline="66" function="start" hash="-7632639796132013861"></source>
		</class>
	</version>
	<version nr="220" hash="ba642a794" evolution="Same" change="Inconsistent">
		<class nclones="2">
			<source file="../../workspace/dataset/test/ClosingServer.java" startline="37" endline="58" function="start" hash="7950251920048053192"></source>
			<source file="../../workspace/dataset/test/CountServer.java" startline="37" endline="56" function="start" hash="3065870076698431940"></source>
		</class>
	</version>
	<version nr="220" hash="ba642a794" evolution="Same" change="Inconsistent">
		<class nclones="2">
			<source file="../../workspace/dataset/test/CountServer.java" startline="37" endline="56" function="start" hash="3065870076698431940"></source>
			<source file="../../workspace/dataset/test/InstanceCheckServer.java" startline="41" endline="66" function="start" hash="-7632639796132013861"></source>
		</class>
	</version>
	<version nr="230" hash="d0059ecf1" evolution="Same" change="Inconsistent">
		<class nclones="2">
			<source file="../../workspace/dataset/test/ClosingServer.java" startline="37" endline="58" function="start" hash="7950251920048053192"></source>
			<source file="../../workspace/dataset/test/CountServer.java" startline="37" endline="56" function="start" hash="3065870076698431940"></source>
		</class>
	</version>
	<version nr="230" hash="d0059ecf1" evolution="Same" change="Inconsistent">
		<class nclones="2">
			<source file="../../workspace/dataset/test/CountServer.java" startline="37" endline="56" function="start" hash="3065870076698431940"></source>
			<source file="../../workspace/dataset/test/InstanceCheckServer.java" startline="41" endline="66" function="start" hash="-7632639796132013861"></source>
		</class>
	</version>
	<version nr="240" hash="b97840287" evolution="Same" change="Inconsistent">
		<class nclones="2">
			<source file="../../workspace/dataset/test/ClosingServer.java" startline="37" endline="58" function="start" hash="7950251920048053192"></source>
			<source file="../../workspace/dataset/test/CountServer.java" startline="37" endline="56" function="start" hash="3065870076698431940"></source>
		</class>
	</version>
	<version nr="240" hash="b97840287" evolution="Same" change="Inconsistent">
		<class nclones="2">
			<source file="../../workspace/dataset/test/CountServer.java" startline="37" endline="56" function="start" hash="3065870076698431940"></source>
			<source file="../../workspace/dataset/test/InstanceCheckServer.java" startline="41" endline="66" function="start" hash="-7632639796132013861"></source>
		</class>
	</version>
	<version nr="250" hash="c6773311c" evolution="Same" change="Inconsistent">
		<class nclones="2">
			<source file="../../workspace/dataset/test/ClosingServer.java" startline="37" endline="58" function="start" hash="7950251920048053192"></source>
			<source file="../../workspace/dataset/test/CountServer.java" startline="37" endline="56" function="start" hash="3065870076698431940"></source>
		</class>
	</version>
	<version nr="250" hash="c6773311c" evolution="Same" change="Inconsistent">
		<class nclones="2">
			<source file="../../workspace/dataset/test/CountServer.java" startline="37" endline="56" function="start" hash="3065870076698431940"></source>
			<source file="../../workspace/dataset/test/InstanceCheckServer.java" startline="41" endline="66" function="start" hash="-7632639796132013861"></source>
		</class>
	</version>
	<version nr="260" hash="83eedcf77" evolution="Same" change="Inconsistent">
		<class nclones="2">
			<source file="../../workspace/dataset/test/ClosingServer.java" startline="37" endline="58" function="start" hash="7950251920048053192"></source>
			<source file="../../workspace/dataset/test/CountServer.java" startline="37" endline="56" function="start" hash="3065870076698431940"></source>
		</class>
	</version>
	<version nr="260" hash="83eedcf77" evolution="Same" change="Inconsistent">
		<class nclones="2">
			<source file="../../workspace/dataset/test/CountServer.java" startline="37" endline="56" function="start" hash="3065870076698431940"></source>
			<source file="../../workspace/dataset/test/InstanceCheckServer.java" startline="41" endline="66" function="start" hash="-7632639796132013861"></source>
		</class>
	</version>
	<version nr="270" hash="d3155c919" evolution="Same" change="Inconsistent">
		<class nclones="2">
			<source file="../../workspace/dataset/test/ClosingServer.java" startline="37" endline="58" function="start" hash="7950251920048053192"></source>
			<source file="../../workspace/dataset/test/CountServer.java" startline="37" endline="56" function="start" hash="3065870076698431940"></source>
		</class>
	</version>
	<version nr="270" hash="d3155c919" evolution="Same" change="Inconsistent">
		<class nclones="2">
			<source file="../../workspace/dataset/test/CountServer.java" startline="37" endline="56" function="start" hash="3065870076698431940"></source>
			<source file="../../workspace/dataset/test/InstanceCheckServer.java" startline="41" endline="66" function="start" hash="-7632639796132013861"></source>
		</class>
	</version>
	<version nr="280" hash="33deb1d29" evolution="Same" change="Inconsistent">
		<class nclones="2">
			<source file="../../workspace/dataset/test/ClosingServer.java" startline="37" endline="58" function="start" hash="7950251920048053192"></source>
			<source file="../../workspace/dataset/test/CountServer.java" startline="37" endline="56" function="start" hash="3065870076698431940"></source>
		</class>
	</version>
	<version nr="280" hash="33deb1d29" evolution="Same" change="Inconsistent">
		<class nclones="2">
			<source file="../../workspace/dataset/test/CountServer.java" startline="37" endline="56" function="start" hash="3065870076698431940"></source>
			<source file="../../workspace/dataset/test/InstanceCheckServer.java" startline="41" endline="66" function="start" hash="-7632639796132013861"></source>
		</class>
	</version>
	<version nr="290" hash="c3bea1078" evolution="Same" change="Inconsistent">
		<class nclones="2">
			<source file="../../workspace/dataset/test/ClosingServer.java" startline="37" endline="58" function="start" hash="7950251920048053192"></source>
			<source file="../../workspace/dataset/test/CountServer.java" startline="37" endline="56" function="start" hash="3065870076698431940"></source>
		</class>
	</version>
	<version nr="290" hash="c3bea1078" evolution="Same" change="Inconsistent">
		<class nclones="2">
			<source file="../../workspace/dataset/test/CountServer.java" startline="37" endline="56" function="start" hash="3065870076698431940"></source>
			<source file="../../workspace/dataset/test/InstanceCheckServer.java" startline="41" endline="66" function="start" hash="-7632639796132013861"></source>
		</class>
	</version>
</lineage>
<lineage>
	<version nr="0" hash="75f5f0849" evolution="None" change="None">
		<class nclones="6">
			<source file="../../workspace/dataset/test/JavaBufferTest.java" startline="443" endline="450" function="testSetInt" hash="117101114084037574"></source>
			<source file="../../workspace/dataset/test/JavaBufferTest.java" startline="500" endline="507" function="testSetFloat" hash="-6963798019725638582"></source>
			<source file="../../workspace/dataset/test/JavaBufferTest.java" startline="481" endline="488" function="testSetByte" hash="-7508249061521071922"></source>
			<source file="../../workspace/dataset/test/JavaBufferTest.java" startline="462" endline="469" function="testSetLong" hash="-2113073135863461238"></source>
			<source file="../../workspace/dataset/test/JavaBufferTest.java" startline="519" endline="526" function="testSetDouble" hash="-8251679988381703690"></source>
			<source file="../../workspace/dataset/test/JavaBufferTest.java" startline="539" endline="546" function="testSetShort" hash="-4624276382186458647"></source>
		</class>
	</version>
	<version nr="280" hash="33deb1d29" evolution="Same" change="Same">
		<class nclones="6">
			<source file="../../workspace/dataset/test/JavaBufferTest.java" startline="443" endline="450" function="testSetInt" hash="117101114084037574"></source>
			<source file="../../workspace/dataset/test/JavaBufferTest.java" startline="500" endline="507" function="testSetFloat" hash="-6963798019725638582"></source>
			<source file="../../workspace/dataset/test/JavaBufferTest.java" startline="481" endline="488" function="testSetByte" hash="-7508249061521071922"></source>
			<source file="../../workspace/dataset/test/JavaBufferTest.java" startline="462" endline="469" function="testSetLong" hash="-2113073135863461238"></source>
			<source file="../../workspace/dataset/test/JavaBufferTest.java" startline="519" endline="526" function="testSetDouble" hash="-8251679988381703690"></source>
			<source file="../../workspace/dataset/test/JavaBufferTest.java" startline="539" endline="546" function="testSetShort" hash="-4624276382186458647"></source>
		</class>
	</version>
</lineage>
<lineage>
	<version nr="0" hash="75f5f0849" evolution="None" change="None">
		<class nclones="2">
			<source file="../../workspace/dataset/test/TestClient.java" startline="69" endline="183" function="testClientAttributes" hash="-4098922632517217483"></source>
			<source file="../../workspace/dataset/test/HttpTestClient.java" startline="177" endline="267" function="testClientAttributes" hash="589643706877536576"></source>
		</class>
	</version>
	<version nr="10" hash="49d3fac3d" evolution="Same" change="Inconsistent">
		<class nclones="2">
			<source file="../../workspace/dataset/test/TestClient.java" startline="69" endline="183" function="testClientAttributes" hash="-4098922632517217483"></source>
			<source file="../../workspace/dataset/test/HttpTestClient.java" startline="177" endline="267" function="testClientAttributes" hash="-6702941577546580493"></source>
		</class>
	</version>
	<version nr="20" hash="f73e336ec" evolution="Same" change="Inconsistent">
		<class nclones="2">
			<source file="../../workspace/dataset/test/TestClient.java" startline="69" endline="183" function="testClientAttributes" hash="-4098922632517217483"></source>
			<source file="../../workspace/dataset/test/HttpTestClient.java" startline="177" endline="267" function="testClientAttributes" hash="-5364726135964649633"></source>
		</class>
	</version>
	<version nr="40" hash="367bdda7e" evolution="Same" change="Same">
		<class nclones="2">
			<source file="../../workspace/dataset/test/TestClient.java" startline="69" endline="183" function="testClientAttributes" hash="-4098922632517217483"></source>
			<source file="../../workspace/dataset/test/HttpTestClient.java" startline="177" endline="267" function="testClientAttributes" hash="-5364726135964649633"></source>
		</class>
	</version>
	<version nr="50" hash="7eb3e09cf" evolution="Same" change="Consistent">
		<class nclones="2">
			<source file="../../workspace/dataset/test/TestClient.java" startline="69" endline="183" function="testClientAttributes" hash="6079146041404607589"></source>
			<source file="../../workspace/dataset/test/HttpTestClient.java" startline="177" endline="267" function="testClientAttributes" hash="6256570927547977217"></source>
		</class>
	</version>
	<version nr="70" hash="c4092176b" evolution="Same" change="Same">
		<class nclones="2">
			<source file="../../workspace/dataset/test/TestClient.java" startline="69" endline="183" function="testClientAttributes" hash="6079146041404607589"></source>
			<source file="../../workspace/dataset/test/HttpTestClient.java" startline="183" endline="273" function="testClientAttributes" hash="6256570927547977217"></source>
		</class>
	</version>
	<version nr="80" hash="63e42823d" evolution="Same" change="Inconsistent">
		<class nclones="2">
			<source file="../../workspace/dataset/test/TestClient.java" startline="69" endline="183" function="testClientAttributes" hash="6079146041404607589"></source>
			<source file="../../workspace/dataset/test/HttpTestClient.java" startline="183" endline="273" function="testClientAttributes" hash="-7616749972872739533"></source>
		</class>
	</version>
	<version nr="90" hash="8d66f7ef5" evolution="Same" change="Inconsistent">
		<class nclones="2">
			<source file="../../workspace/dataset/test/TestClient.java" startline="69" endline="183" function="testClientAttributes" hash="6079146041404607589"></source>
			<source file="../../workspace/dataset/test/HttpTestClient.java" startline="183" endline="273" function="testClientAttributes" hash="-7919345384613162801"></source>
		</class>
	</version>
	<version nr="110" hash="deebfdf87" evolution="Same" change="Same">
		<class nclones="2">
			<source file="../../workspace/dataset/test/TestClient.java" startline="69" endline="183" function="testClientAttributes" hash="6079146041404607589"></source>
			<source file="../../workspace/dataset/test/HttpTestClient.java" startline="183" endline="273" function="testClientAttributes" hash="-7919345384613162801"></source>
		</class>
	</version>
	<version nr="120" hash="572f29abe" evolution="Same" change="Consistent">
		<class nclones="2">
			<source file="../../workspace/dataset/test/TestClient.java" startline="69" endline="183" function="testClientAttributes" hash="-2582676969244643442"></source>
			<source file="../../workspace/dataset/test/TestClient.java" startline="196" endline="283" function="testServerAttributes" hash="-3457790363910904407"></source>
		</class>
	</version>
	<version nr="210" hash="375e9cdce" evolution="Same" change="Same">
		<class nclones="2">
			<source file="../../workspace/dataset/test/TestClient.java" startline="69" endline="183" function="testClientAttributes" hash="-2582676969244643442"></source>
			<source file="../../workspace/dataset/test/TestClient.java" startline="196" endline="283" function="testServerAttributes" hash="-3457790363910904407"></source>
		</class>
	</version>
</lineage>
<lineage>
	<version nr="0" hash="75f5f0849" evolution="None" change="None">
		<class nclones="2">
			<source file="../../workspace/dataset/test/TestClient.java" startline="185" endline="194" function="testServerDefaults" hash="-7561426120322725529"></source>
			<source file="../../workspace/dataset/test/HttpTestClient.java" startline="269" endline="279" function="testServerDefaults" hash="2615530640755649700"></source>
		</class>
	</version>
	<version nr="110" hash="deebfdf87" evolution="Same" change="Same">
		<class nclones="2">
			<source file="../../workspace/dataset/test/TestClient.java" startline="185" endline="194" function="testServerDefaults" hash="-7561426120322725529"></source>
			<source file="../../workspace/dataset/test/HttpTestClient.java" startline="269" endline="279" function="testServerDefaults" hash="2615530640755649700"></source>
		</class>
	</version>
</lineage>
<lineage>
	<version nr="0" hash="75f5f0849" evolution="None" change="None">
		<class nclones="2">
			<source file="../../workspace/dataset/test/TestClient.java" startline="196" endline="283" function="testServerAttributes" hash="-3457790363910904407"></source>
			<source file="../../workspace/dataset/test/HttpTestClient.java" startline="281" endline="368" function="testServerAttributes" hash="9066319803555660318"></source>
		</class>
	</version>
	<version nr="10" hash="49d3fac3d" evolution="Same" change="Inconsistent">
		<class nclones="2">
			<source file="../../workspace/dataset/test/TestClient.java" startline="196" endline="283" function="testServerAttributes" hash="-3457790363910904407"></source>
			<source file="../../workspace/dataset/test/HttpTestClient.java" startline="281" endline="368" function="testServerAttributes" hash="7648190552045186457"></source>
		</class>
	</version>
	<version nr="20" hash="f73e336ec" evolution="Same" change="Inconsistent">
		<class nclones="2">
			<source file="../../workspace/dataset/test/TestClient.java" startline="196" endline="283" function="testServerAttributes" hash="-3457790363910904407"></source>
			<source file="../../workspace/dataset/test/HttpTestClient.java" startline="281" endline="368" function="testServerAttributes" hash="3167693993720861793"></source>
		</class>
	</version>
	<version nr="40" hash="367bdda7e" evolution="Same" change="Same">
		<class nclones="2">
			<source file="../../workspace/dataset/test/TestClient.java" startline="196" endline="283" function="testServerAttributes" hash="-3457790363910904407"></source>
			<source file="../../workspace/dataset/test/HttpTestClient.java" startline="281" endline="368" function="testServerAttributes" hash="3167693993720861793"></source>
		</class>
	</version>
	<version nr="50" hash="7eb3e09cf" evolution="Same" change="Inconsistent">
		<class nclones="2">
			<source file="../../workspace/dataset/test/TestClient.java" startline="196" endline="283" function="testServerAttributes" hash="-3457790363910904407"></source>
			<source file="../../workspace/dataset/test/HttpTestClient.java" startline="281" endline="368" function="testServerAttributes" hash="7987197713171334707"></source>
		</class>
	</version>
	<version nr="70" hash="c4092176b" evolution="Same" change="Same">
		<class nclones="2">
			<source file="../../workspace/dataset/test/TestClient.java" startline="196" endline="283" function="testServerAttributes" hash="-3457790363910904407"></source>
			<source file="../../workspace/dataset/test/HttpTestClient.java" startline="287" endline="374" function="testServerAttributes" hash="7987197713171334707"></source>
		</class>
	</version>
	<version nr="80" hash="63e42823d" evolution="Same" change="Inconsistent">
		<class nclones="2">
			<source file="../../workspace/dataset/test/TestClient.java" startline="196" endline="283" function="testServerAttributes" hash="-3457790363910904407"></source>
			<source file="../../workspace/dataset/test/HttpTestClient.java" startline="287" endline="374" function="testServerAttributes" hash="6182829199804750889"></source>
		</class>
	</version>
	<version nr="90" hash="8d66f7ef5" evolution="Same" change="Inconsistent">
		<class nclones="2">
			<source file="../../workspace/dataset/test/TestClient.java" startline="196" endline="283" function="testServerAttributes" hash="-3457790363910904407"></source>
			<source file="../../workspace/dataset/test/HttpTestClient.java" startline="287" endline="374" function="testServerAttributes" hash="6132011414315257289"></source>
		</class>
	</version>
	<version nr="110" hash="deebfdf87" evolution="Same" change="Same">
		<class nclones="2">
			<source file="../../workspace/dataset/test/TestClient.java" startline="196" endline="283" function="testServerAttributes" hash="-3457790363910904407"></source>
			<source file="../../workspace/dataset/test/HttpTestClient.java" startline="287" endline="374" function="testServerAttributes" hash="6132011414315257289"></source>
		</class>
	</version>
</lineage>
<lineage>
	<version nr="0" hash="75f5f0849" evolution="None" change="None">
		<class nclones="2">
			<source file="../../workspace/dataset/test/TestClient.java" startline="395" endline="404" function="testConnectInvalidPort" hash="3417128294449907646"></source>
			<source file="../../workspace/dataset/test/TestClient.java" startline="406" endline="415" function="testConnectInvalidHost" hash="-176164323873911799"></source>
		</class>
	</version>
	<version nr="40" hash="367bdda7e" evolution="Same" change="Same">
		<class nclones="2">
			<source file="../../workspace/dataset/test/TestClient.java" startline="395" endline="404" function="testConnectInvalidPort" hash="3417128294449907646"></source>
			<source file="../../workspace/dataset/test/TestClient.java" startline="406" endline="415" function="testConnectInvalidHost" hash="-176164323873911799"></source>
		</class>
	</version>
	<version nr="50" hash="7eb3e09cf" evolution="Same" change="Inconsistent">
		<class nclones="2">
			<source file="../../workspace/dataset/test/TestClient.java" startline="395" endline="404" function="testConnectInvalidPort" hash="3417128294449907646"></source>
			<source file="../../workspace/dataset/test/TestClient.java" startline="406" endline="415" function="testConnectInvalidHost" hash="3034425094916304142"></source>
		</class>
	</version>
	<version nr="210" hash="375e9cdce" evolution="Same" change="Same">
		<class nclones="2">
			<source file="../../workspace/dataset/test/TestClient.java" startline="395" endline="404" function="testConnectInvalidPort" hash="3417128294449907646"></source>
			<source file="../../workspace/dataset/test/TestClient.java" startline="406" endline="415" function="testConnectInvalidHost" hash="3034425094916304142"></source>
		</class>
	</version>
</lineage>
<lineage>
	<version nr="0" hash="75f5f0849" evolution="None" change="None">
		<class nclones="2">
			<source file="../../workspace/dataset/test/TestClient.java" startline="418" endline="431" function="testListenInvalidPort" hash="-214434209738665819"></source>
			<source file="../../workspace/dataset/test/TestClient.java" startline="433" endline="446" function="testListenInvalidHost" hash="-2328204322509073336"></source>
		</class>
	</version>
	<version nr="40" hash="367bdda7e" evolution="Same" change="Same">
		<class nclones="2">
			<source file="../../workspace/dataset/test/TestClient.java" startline="418" endline="431" function="testListenInvalidPort" hash="-214434209738665819"></source>
			<source file="../../workspace/dataset/test/TestClient.java" startline="433" endline="446" function="testListenInvalidHost" hash="-2328204322509073336"></source>
		</class>
	</version>
	<version nr="50" hash="7eb3e09cf" evolution="Same" change="Inconsistent">
		<class nclones="2">
			<source file="../../workspace/dataset/test/TestClient.java" startline="418" endline="431" function="testListenInvalidPort" hash="-214434209738665819"></source>
			<source file="../../workspace/dataset/test/TestClient.java" startline="433" endline="446" function="testListenInvalidHost" hash="-3613291330477930037"></source>
		</class>
	</version>
	<version nr="210" hash="375e9cdce" evolution="Same" change="Same">
		<class nclones="2">
			<source file="../../workspace/dataset/test/TestClient.java" startline="418" endline="431" function="testListenInvalidPort" hash="-214434209738665819"></source>
			<source file="../../workspace/dataset/test/TestClient.java" startline="433" endline="446" function="testListenInvalidHost" hash="-3613291330477930037"></source>
		</class>
	</version>
</lineage>
<lineage>
	<version nr="0" hash="75f5f0849" evolution="None" change="None">
		<class nclones="2">
			<source file="../../workspace/dataset/test/TestClient.java" startline="572" endline="583" function="reconnectAttempts" hash="-5462971630027636921"></source>
			<source file="../../workspace/dataset/test/TestClient.java" startline="585" endline="597" function="testReconnectAttemptsNotEnough" hash="-978199681574181312"></source>
		</class>
	</version>
	<version nr="210" hash="375e9cdce" evolution="Same" change="Same">
		<class nclones="2">
			<source file="../../workspace/dataset/test/TestClient.java" startline="572" endline="583" function="reconnectAttempts" hash="-5462971630027636921"></source>
			<source file="../../workspace/dataset/test/TestClient.java" startline="585" endline="597" function="testReconnectAttemptsNotEnough" hash="-978199681574181312"></source>
		</class>
	</version>
</lineage>
<lineage>
	<version nr="0" hash="75f5f0849" evolution="None" change="None">
		<class nclones="2">
			<source file="../../workspace/dataset/test/TestClient.java" startline="697" endline="706" function="handle" hash="2367337553578506169"></source>
			<source file="../../workspace/dataset/test/WebsocketsTestClient.java" startline="314" endline="323" function="handle" hash="-4733635455506422489"></source>
		</class>
	</version>
	<version nr="210" hash="375e9cdce" evolution="Same" change="Same">
		<class nclones="2">
			<source file="../../workspace/dataset/test/TestClient.java" startline="697" endline="706" function="handle" hash="2367337553578506169"></source>
			<source file="../../workspace/dataset/test/WebsocketsTestClient.java" startline="314" endline="323" function="handle" hash="-4733635455506422489"></source>
		</class>
	</version>
	<version nr="260" hash="83eedcf77" evolution="Add" change="Consistent">
		<class nclones="3">
			<source file="../../workspace/dataset/test/WebsocketsTestClient.java" startline="338" endline="341" function="handle" hash="3474768463016814258"></source>
			<source file="../../workspace/dataset/test/WebsocketsTestClient.java" startline="366" endline="398" function="testValidSubProtocol" hash="-6448811207228686501"></source>
			<source file="../../workspace/dataset/test/WebsocketsTestClient.java" startline="400" endline="432" function="testInvalidSubProtocol" hash="-1447663146890694718"></source>
		</class>
	</version>
	<version nr="260" hash="83eedcf77" evolution="Subtract" change="Inconsistent">
		<class nclones="2">
			<source file="../../workspace/dataset/test/WebsocketsTestClient.java" startline="338" endline="341" function="handle" hash="3474768463016814258"></source>
			<source file="../../workspace/dataset/test/WebsocketsTestClient.java" startline="438" endline="443" function="handle" hash="8636447152259201950"></source>
		</class>
	</version>
	<version nr="270" hash="d3155c919" evolution="Add" change="Inconsistent">
		<class nclones="3">
			<source file="../../workspace/dataset/test/WebsocketsTestClient.java" startline="338" endline="341" function="handle" hash="3474768463016814258"></source>
			<source file="../../workspace/dataset/test/WebsocketsTestClient.java" startline="366" endline="398" function="testValidSubProtocol" hash="-6448811207228686501"></source>
			<source file="../../workspace/dataset/test/WebsocketsTestClient.java" startline="400" endline="432" function="testInvalidSubProtocol" hash="-1447663146890694718"></source>
		</class>
	</version>
	<version nr="270" hash="d3155c919" evolution="Subtract" change="Inconsistent">
		<class nclones="2">
			<source file="../../workspace/dataset/test/WebsocketsTestClient.java" startline="338" endline="341" function="handle" hash="3474768463016814258"></source>
			<source file="../../workspace/dataset/test/WebsocketsTestClient.java" startline="438" endline="443" function="handle" hash="8636447152259201950"></source>
		</class>
	</version>
	<version nr="280" hash="33deb1d29" evolution="Add" change="Inconsistent">
		<class nclones="3">
			<source file="../../workspace/dataset/test/WebsocketsTestClient.java" startline="338" endline="341" function="handle" hash="3474768463016814258"></source>
			<source file="../../workspace/dataset/test/WebsocketsTestClient.java" startline="366" endline="398" function="testValidSubProtocol" hash="-6448811207228686501"></source>
			<source file="../../workspace/dataset/test/WebsocketsTestClient.java" startline="419" endline="426" function="handle" hash="9050440450378626375"></source>
		</class>
	</version>
</lineage>
<lineage>
	<version nr="0" hash="75f5f0849" evolution="None" change="None">
		<class nclones="2">
			<source file="../../workspace/dataset/test/TestClient.java" startline="806" endline="820" function="handle" hash="-4275832836582747284"></source>
			<source file="../../workspace/dataset/test/TestClient.java" startline="833" endline="848" function="handle" hash="-6427526244383544318"></source>
		</class>
	</version>
	<version nr="210" hash="375e9cdce" evolution="Same" change="Same">
		<class nclones="2">
			<source file="../../workspace/dataset/test/TestClient.java" startline="806" endline="820" function="handle" hash="-4275832836582747284"></source>
			<source file="../../workspace/dataset/test/TestClient.java" startline="833" endline="848" function="handle" hash="-6427526244383544318"></source>
		</class>
	</version>
	<version nr="290" hash="c3bea1078" evolution="Add" change="Consistent">
		<class nclones="3">
			<source file="../../workspace/dataset/test/TestClient.java" startline="72" endline="76" function="handle" hash="1576331257706824445"></source>
			<source file="../../workspace/dataset/test/TestClient.java" startline="109" endline="127" function="testDeployModule" hash="7230792561811380262"></source>
			<source file="../../workspace/dataset/test/TestClient.java" startline="172" endline="176" function="handle" hash="1576331257706824445"></source>
		</class>
	</version>
</lineage>
<lineage>
	<version nr="0" hash="75f5f0849" evolution="None" change="None">
		<class nclones="2">
			<source file="../../workspace/dataset/test/WebsocketsTestClient.java" startline="48" endline="60" function="stop" hash="-357705015890035830"></source>
			<source file="../../workspace/dataset/test/HttpTestClient.java" startline="52" endline="64" function="stop" hash="-8714989657654650908"></source>
		</class>
	</version>
	<version nr="110" hash="deebfdf87" evolution="Same" change="Same">
		<class nclones="2">
			<source file="../../workspace/dataset/test/WebsocketsTestClient.java" startline="48" endline="60" function="stop" hash="-357705015890035830"></source>
			<source file="../../workspace/dataset/test/HttpTestClient.java" startline="52" endline="64" function="stop" hash="-8714989657654650908"></source>
		</class>
	</version>
</lineage>
<lineage>
	<version nr="0" hash="75f5f0849" evolution="None" change="None">
		<class nclones="2">
			<source file="../../workspace/dataset/test/LocalClient.java" startline="94" endline="106" function="testReplyDifferentType" hash="-1275722967423485621"></source>
			<source file="../../workspace/dataset/test/LocalClient.java" startline="108" endline="120" function="testReplyUntypedHandler" hash="-5442352781950192973"></source>
		</class>
	</version>
	<version nr="10" hash="49d3fac3d" evolution="Same" change="Same">
		<class nclones="2">
			<source file="../../workspace/dataset/test/LocalClient.java" startline="94" endline="106" function="testReplyDifferentType" hash="-1275722967423485621"></source>
			<source file="../../workspace/dataset/test/LocalClient.java" startline="108" endline="120" function="testReplyUntypedHandler" hash="-5442352781950192973"></source>
		</class>
	</version>
	<version nr="10" hash="49d3fac3d" evolution="Same" change="Inconsistent">
		<class nclones="2">
			<source file="../../workspace/dataset/test/LocalClient.java" startline="94" endline="106" function="testReplyDifferentType" hash="-1275722967423485621"></source>
			<source file="../../workspace/dataset/test/LocalClient.java" startline="114" endline="117" function="handle" hash="1993881163283137942"></source>
		</class>
	</version>
	<version nr="20" hash="f73e336ec" evolution="Same" change="Inconsistent">
		<class nclones="2">
			<source file="../../workspace/dataset/test/LocalClient.java" startline="94" endline="106" function="testReplyDifferentType" hash="-1275722967423485621"></source>
			<source file="../../workspace/dataset/test/LocalClient.java" startline="108" endline="120" function="testReplyUntypedHandler" hash="-5442352781950192973"></source>
		</class>
	</version>
	<version nr="20" hash="f73e336ec" evolution="Same" change="Inconsistent">
		<class nclones="2">
			<source file="../../workspace/dataset/test/LocalClient.java" startline="94" endline="106" function="testReplyDifferentType" hash="-1275722967423485621"></source>
			<source file="../../workspace/dataset/test/LocalClient.java" startline="114" endline="117" function="handle" hash="1993881163283137942"></source>
		</class>
	</version>
	<version nr="30" hash="d629e8a0c" evolution="Same" change="Inconsistent">
		<class nclones="2">
			<source file="../../workspace/dataset/test/LocalClient.java" startline="94" endline="106" function="testReplyDifferentType" hash="-1275722967423485621"></source>
			<source file="../../workspace/dataset/test/LocalClient.java" startline="108" endline="120" function="testReplyUntypedHandler" hash="-5442352781950192973"></source>
		</class>
	</version>
	<version nr="30" hash="d629e8a0c" evolution="Same" change="Inconsistent">
		<class nclones="2">
			<source file="../../workspace/dataset/test/LocalClient.java" startline="94" endline="106" function="testReplyDifferentType" hash="-1275722967423485621"></source>
			<source file="../../workspace/dataset/test/LocalClient.java" startline="114" endline="117" function="handle" hash="1993881163283137942"></source>
		</class>
	</version>
	<version nr="40" hash="367bdda7e" evolution="Same" change="Inconsistent">
		<class nclones="2">
			<source file="../../workspace/dataset/test/LocalClient.java" startline="95" endline="107" function="testReplyDifferentType" hash="-1275722967423485621"></source>
			<source file="../../workspace/dataset/test/LocalClient.java" startline="109" endline="121" function="testReplyUntypedHandler" hash="-5442352781950192973"></source>
		</class>
	</version>
	<version nr="40" hash="367bdda7e" evolution="Same" change="Inconsistent">
		<class nclones="2">
			<source file="../../workspace/dataset/test/LocalClient.java" startline="95" endline="107" function="testReplyDifferentType" hash="-1275722967423485621"></source>
			<source file="../../workspace/dataset/test/LocalClient.java" startline="115" endline="118" function="handle" hash="1993881163283137942"></source>
		</class>
	</version>
	<version nr="50" hash="7eb3e09cf" evolution="Same" change="Inconsistent">
		<class nclones="2">
			<source file="../../workspace/dataset/test/LocalClient.java" startline="97" endline="109" function="testReplyDifferentType" hash="-1275722967423485621"></source>
			<source file="../../workspace/dataset/test/LocalClient.java" startline="111" endline="123" function="testReplyUntypedHandler" hash="-5442352781950192973"></source>
		</class>
	</version>
	<version nr="50" hash="7eb3e09cf" evolution="Same" change="Inconsistent">
		<class nclones="2">
			<source file="../../workspace/dataset/test/LocalClient.java" startline="97" endline="109" function="testReplyDifferentType" hash="-1275722967423485621"></source>
			<source file="../../workspace/dataset/test/LocalClient.java" startline="117" endline="120" function="handle" hash="1993881163283137942"></source>
		</class>
	</version>
	<version nr="60" hash="dfe9724ac" evolution="Same" change="Inconsistent">
		<class nclones="2">
			<source file="../../workspace/dataset/test/LocalClient.java" startline="97" endline="109" function="testReplyDifferentType" hash="-1275722967423485621"></source>
			<source file="../../workspace/dataset/test/LocalClient.java" startline="111" endline="123" function="testReplyUntypedHandler" hash="-5442352781950192973"></source>
		</class>
	</version>
	<version nr="60" hash="dfe9724ac" evolution="Same" change="Inconsistent">
		<class nclones="2">
			<source file="../../workspace/dataset/test/LocalClient.java" startline="97" endline="109" function="testReplyDifferentType" hash="-1275722967423485621"></source>
			<source file="../../workspace/dataset/test/LocalClient.java" startline="117" endline="120" function="handle" hash="1993881163283137942"></source>
		</class>
	</version>
	<version nr="70" hash="c4092176b" evolution="Same" change="Inconsistent">
		<class nclones="2">
			<source file="../../workspace/dataset/test/LocalClient.java" startline="97" endline="109" function="testReplyDifferentType" hash="-1275722967423485621"></source>
			<source file="../../workspace/dataset/test/LocalClient.java" startline="111" endline="123" function="testReplyUntypedHandler" hash="-5442352781950192973"></source>
		</class>
	</version>
	<version nr="70" hash="c4092176b" evolution="Same" change="Inconsistent">
		<class nclones="2">
			<source file="../../workspace/dataset/test/LocalClient.java" startline="97" endline="109" function="testReplyDifferentType" hash="-1275722967423485621"></source>
			<source file="../../workspace/dataset/test/LocalClient.java" startline="117" endline="120" function="handle" hash="1993881163283137942"></source>
		</class>
	</version>
	<version nr="80" hash="63e42823d" evolution="Same" change="Inconsistent">
		<class nclones="2">
			<source file="../../workspace/dataset/test/LocalClient.java" startline="97" endline="109" function="testReplyDifferentType" hash="-1275722967423485621"></source>
			<source file="../../workspace/dataset/test/LocalClient.java" startline="111" endline="123" function="testReplyUntypedHandler" hash="-5442352781950192973"></source>
		</class>
	</version>
	<version nr="80" hash="63e42823d" evolution="Same" change="Inconsistent">
		<class nclones="2">
			<source file="../../workspace/dataset/test/LocalClient.java" startline="97" endline="109" function="testReplyDifferentType" hash="-1275722967423485621"></source>
			<source file="../../workspace/dataset/test/LocalClient.java" startline="117" endline="120" function="handle" hash="1993881163283137942"></source>
		</class>
	</version>
	<version nr="90" hash="8d66f7ef5" evolution="Same" change="Inconsistent">
		<class nclones="2">
			<source file="../../workspace/dataset/test/LocalClient.java" startline="97" endline="109" function="testReplyDifferentType" hash="-1275722967423485621"></source>
			<source file="../../workspace/dataset/test/LocalClient.java" startline="111" endline="123" function="testReplyUntypedHandler" hash="-5442352781950192973"></source>
		</class>
	</version>
	<version nr="90" hash="8d66f7ef5" evolution="Same" change="Inconsistent">
		<class nclones="2">
			<source file="../../workspace/dataset/test/LocalClient.java" startline="97" endline="109" function="testReplyDifferentType" hash="-1275722967423485621"></source>
			<source file="../../workspace/dataset/test/LocalClient.java" startline="117" endline="120" function="handle" hash="1993881163283137942"></source>
		</class>
	</version>
	<version nr="100" hash="af8ac62bd" evolution="Same" change="Inconsistent">
		<class nclones="2">
			<source file="../../workspace/dataset/test/LocalClient.java" startline="97" endline="109" function="testReplyDifferentType" hash="-1275722967423485621"></source>
			<source file="../../workspace/dataset/test/LocalClient.java" startline="111" endline="123" function="testReplyUntypedHandler" hash="-5442352781950192973"></source>
		</class>
	</version>
	<version nr="100" hash="af8ac62bd" evolution="Same" change="Inconsistent">
		<class nclones="2">
			<source file="../../workspace/dataset/test/LocalClient.java" startline="97" endline="109" function="testReplyDifferentType" hash="-1275722967423485621"></source>
			<source file="../../workspace/dataset/test/LocalClient.java" startline="117" endline="120" function="handle" hash="1993881163283137942"></source>
		</class>
	</version>
	<version nr="110" hash="deebfdf87" evolution="Same" change="Inconsistent">
		<class nclones="2">
			<source file="../../workspace/dataset/test/LocalClient.java" startline="97" endline="109" function="testReplyDifferentType" hash="-1275722967423485621"></source>
			<source file="../../workspace/dataset/test/LocalClient.java" startline="111" endline="123" function="testReplyUntypedHandler" hash="-5442352781950192973"></source>
		</class>
	</version>
	<version nr="110" hash="deebfdf87" evolution="Same" change="Inconsistent">
		<class nclones="2">
			<source file="../../workspace/dataset/test/LocalClient.java" startline="97" endline="109" function="testReplyDifferentType" hash="-1275722967423485621"></source>
			<source file="../../workspace/dataset/test/LocalClient.java" startline="117" endline="120" function="handle" hash="1993881163283137942"></source>
		</class>
	</version>
	<version nr="120" hash="572f29abe" evolution="Same" change="Inconsistent">
		<class nclones="2">
			<source file="../../workspace/dataset/test/LocalClient.java" startline="97" endline="109" function="testReplyDifferentType" hash="-1275722967423485621"></source>
			<source file="../../workspace/dataset/test/LocalClient.java" startline="111" endline="123" function="testReplyUntypedHandler" hash="-5442352781950192973"></source>
		</class>
	</version>
	<version nr="120" hash="572f29abe" evolution="Same" change="Inconsistent">
		<class nclones="2">
			<source file="../../workspace/dataset/test/LocalClient.java" startline="97" endline="109" function="testReplyDifferentType" hash="-1275722967423485621"></source>
			<source file="../../workspace/dataset/test/LocalClient.java" startline="117" endline="120" function="handle" hash="1993881163283137942"></source>
		</class>
	</version>
	<version nr="130" hash="ab931672a" evolution="Same" change="Inconsistent">
		<class nclones="2">
			<source file="../../workspace/dataset/test/LocalClient.java" startline="97" endline="109" function="testReplyDifferentType" hash="-1275722967423485621"></source>
			<source file="../../workspace/dataset/test/LocalClient.java" startline="111" endline="123" function="testReplyUntypedHandler" hash="-5442352781950192973"></source>
		</class>
	</version>
	<version nr="130" hash="ab931672a" evolution="Same" change="Inconsistent">
		<class nclones="2">
			<source file="../../workspace/dataset/test/LocalClient.java" startline="97" endline="109" function="testReplyDifferentType" hash="-1275722967423485621"></source>
			<source file="../../workspace/dataset/test/LocalClient.java" startline="117" endline="120" function="handle" hash="1993881163283137942"></source>
		</class>
	</version>
	<version nr="140" hash="8d1a69700" evolution="Same" change="Inconsistent">
		<class nclones="2">
			<source file="../../workspace/dataset/test/LocalClient.java" startline="97" endline="109" function="testReplyDifferentType" hash="-1275722967423485621"></source>
			<source file="../../workspace/dataset/test/LocalClient.java" startline="111" endline="123" function="testReplyUntypedHandler" hash="-5442352781950192973"></source>
		</class>
	</version>
	<version nr="140" hash="8d1a69700" evolution="Same" change="Inconsistent">
		<class nclones="2">
			<source file="../../workspace/dataset/test/LocalClient.java" startline="97" endline="109" function="testReplyDifferentType" hash="-1275722967423485621"></source>
			<source file="../../workspace/dataset/test/LocalClient.java" startline="117" endline="120" function="handle" hash="1993881163283137942"></source>
		</class>
	</version>
	<version nr="150" hash="8745db469" evolution="Same" change="Inconsistent">
		<class nclones="2">
			<source file="../../workspace/dataset/test/LocalClient.java" startline="97" endline="109" function="testReplyDifferentType" hash="-1275722967423485621"></source>
			<source file="../../workspace/dataset/test/LocalClient.java" startline="111" endline="123" function="testReplyUntypedHandler" hash="-5442352781950192973"></source>
		</class>
	</version>
	<version nr="150" hash="8745db469" evolution="Same" change="Inconsistent">
		<class nclones="2">
			<source file="../../workspace/dataset/test/LocalClient.java" startline="97" endline="109" function="testReplyDifferentType" hash="-1275722967423485621"></source>
			<source file="../../workspace/dataset/test/LocalClient.java" startline="117" endline="120" function="handle" hash="1993881163283137942"></source>
		</class>
	</version>
	<version nr="160" hash="03c27dc4c" evolution="Same" change="Inconsistent">
		<class nclones="2">
			<source file="../../workspace/dataset/test/LocalClient.java" startline="97" endline="109" function="testReplyDifferentType" hash="-1275722967423485621"></source>
			<source file="../../workspace/dataset/test/LocalClient.java" startline="111" endline="123" function="testReplyUntypedHandler" hash="-5442352781950192973"></source>
		</class>
	</version>
	<version nr="160" hash="03c27dc4c" evolution="Same" change="Inconsistent">
		<class nclones="2">
			<source file="../../workspace/dataset/test/LocalClient.java" startline="97" endline="109" function="testReplyDifferentType" hash="-1275722967423485621"></source>
			<source file="../../workspace/dataset/test/LocalClient.java" startline="117" endline="120" function="handle" hash="1993881163283137942"></source>
		</class>
	</version>
	<version nr="170" hash="0f09dcd5b" evolution="Same" change="Inconsistent">
		<class nclones="2">
			<source file="../../workspace/dataset/test/LocalClient.java" startline="97" endline="109" function="testReplyDifferentType" hash="-1275722967423485621"></source>
			<source file="../../workspace/dataset/test/LocalClient.java" startline="111" endline="123" function="testReplyUntypedHandler" hash="-5442352781950192973"></source>
		</class>
	</version>
	<version nr="170" hash="0f09dcd5b" evolution="Same" change="Inconsistent">
		<class nclones="2">
			<source file="../../workspace/dataset/test/LocalClient.java" startline="97" endline="109" function="testReplyDifferentType" hash="-1275722967423485621"></source>
			<source file="../../workspace/dataset/test/LocalClient.java" startline="117" endline="120" function="handle" hash="1993881163283137942"></source>
		</class>
	</version>
	<version nr="180" hash="54e6e77ab" evolution="Same" change="Inconsistent">
		<class nclones="2">
			<source file="../../workspace/dataset/test/LocalClient.java" startline="97" endline="109" function="testReplyDifferentType" hash="-1275722967423485621"></source>
			<source file="../../workspace/dataset/test/LocalClient.java" startline="111" endline="123" function="testReplyUntypedHandler" hash="-5442352781950192973"></source>
		</class>
	</version>
	<version nr="180" hash="54e6e77ab" evolution="Same" change="Inconsistent">
		<class nclones="2">
			<source file="../../workspace/dataset/test/LocalClient.java" startline="97" endline="109" function="testReplyDifferentType" hash="-1275722967423485621"></source>
			<source file="../../workspace/dataset/test/LocalClient.java" startline="117" endline="120" function="handle" hash="1993881163283137942"></source>
		</class>
	</version>
	<version nr="190" hash="3d67dcacc" evolution="Same" change="Inconsistent">
		<class nclones="2">
			<source file="../../workspace/dataset/test/LocalClient.java" startline="97" endline="109" function="testReplyDifferentType" hash="-1275722967423485621"></source>
			<source file="../../workspace/dataset/test/LocalClient.java" startline="111" endline="123" function="testReplyUntypedHandler" hash="-5442352781950192973"></source>
		</class>
	</version>
	<version nr="190" hash="3d67dcacc" evolution="Same" change="Inconsistent">
		<class nclones="2">
			<source file="../../workspace/dataset/test/LocalClient.java" startline="97" endline="109" function="testReplyDifferentType" hash="-1275722967423485621"></source>
			<source file="../../workspace/dataset/test/LocalClient.java" startline="117" endline="120" function="handle" hash="1993881163283137942"></source>
		</class>
	</version>
	<version nr="200" hash="70c9eb220" evolution="Same" change="Inconsistent">
		<class nclones="2">
			<source file="../../workspace/dataset/test/LocalClient.java" startline="97" endline="109" function="testReplyDifferentType" hash="-1275722967423485621"></source>
			<source file="../../workspace/dataset/test/LocalClient.java" startline="111" endline="123" function="testReplyUntypedHandler" hash="-5442352781950192973"></source>
		</class>
	</version>
	<version nr="200" hash="70c9eb220" evolution="Same" change="Inconsistent">
		<class nclones="2">
			<source file="../../workspace/dataset/test/LocalClient.java" startline="97" endline="109" function="testReplyDifferentType" hash="-1275722967423485621"></source>
			<source file="../../workspace/dataset/test/LocalClient.java" startline="117" endline="120" function="handle" hash="1993881163283137942"></source>
		</class>
	</version>
	<version nr="210" hash="375e9cdce" evolution="Same" change="Inconsistent">
		<class nclones="2">
			<source file="../../workspace/dataset/test/LocalClient.java" startline="97" endline="109" function="testReplyDifferentType" hash="-1275722967423485621"></source>
			<source file="../../workspace/dataset/test/LocalClient.java" startline="111" endline="123" function="testReplyUntypedHandler" hash="-5442352781950192973"></source>
		</class>
	</version>
	<version nr="210" hash="375e9cdce" evolution="Same" change="Inconsistent">
		<class nclones="2">
			<source file="../../workspace/dataset/test/LocalClient.java" startline="97" endline="109" function="testReplyDifferentType" hash="-1275722967423485621"></source>
			<source file="../../workspace/dataset/test/LocalClient.java" startline="117" endline="120" function="handle" hash="1993881163283137942"></source>
		</class>
	</version>
	<version nr="220" hash="ba642a794" evolution="Same" change="Inconsistent">
		<class nclones="2">
			<source file="../../workspace/dataset/test/LocalClient.java" startline="97" endline="109" function="testReplyDifferentType" hash="-1275722967423485621"></source>
			<source file="../../workspace/dataset/test/LocalClient.java" startline="111" endline="123" function="testReplyUntypedHandler" hash="-5442352781950192973"></source>
		</class>
	</version>
	<version nr="220" hash="ba642a794" evolution="Same" change="Inconsistent">
		<class nclones="2">
			<source file="../../workspace/dataset/test/LocalClient.java" startline="97" endline="109" function="testReplyDifferentType" hash="-1275722967423485621"></source>
			<source file="../../workspace/dataset/test/LocalClient.java" startline="117" endline="120" function="handle" hash="1993881163283137942"></source>
		</class>
	</version>
	<version nr="230" hash="d0059ecf1" evolution="Same" change="Inconsistent">
		<class nclones="2">
			<source file="../../workspace/dataset/test/LocalClient.java" startline="97" endline="109" function="testReplyDifferentType" hash="-1275722967423485621"></source>
			<source file="../../workspace/dataset/test/LocalClient.java" startline="111" endline="123" function="testReplyUntypedHandler" hash="-5442352781950192973"></source>
		</class>
	</version>
	<version nr="230" hash="d0059ecf1" evolution="Same" change="Inconsistent">
		<class nclones="2">
			<source file="../../workspace/dataset/test/LocalClient.java" startline="97" endline="109" function="testReplyDifferentType" hash="-1275722967423485621"></source>
			<source file="../../workspace/dataset/test/LocalClient.java" startline="117" endline="120" function="handle" hash="1993881163283137942"></source>
		</class>
	</version>
	<version nr="240" hash="b97840287" evolution="Same" change="Inconsistent">
		<class nclones="2">
			<source file="../../workspace/dataset/test/LocalClient.java" startline="97" endline="109" function="testReplyDifferentType" hash="-1275722967423485621"></source>
			<source file="../../workspace/dataset/test/LocalClient.java" startline="111" endline="123" function="testReplyUntypedHandler" hash="-5442352781950192973"></source>
		</class>
	</version>
	<version nr="240" hash="b97840287" evolution="Same" change="Inconsistent">
		<class nclones="2">
			<source file="../../workspace/dataset/test/LocalClient.java" startline="97" endline="109" function="testReplyDifferentType" hash="-1275722967423485621"></source>
			<source file="../../workspace/dataset/test/LocalClient.java" startline="117" endline="120" function="handle" hash="1993881163283137942"></source>
		</class>
	</version>
	<version nr="250" hash="c6773311c" evolution="Same" change="Inconsistent">
		<class nclones="2">
			<source file="../../workspace/dataset/test/LocalClient.java" startline="97" endline="109" function="testReplyDifferentType" hash="-1275722967423485621"></source>
			<source file="../../workspace/dataset/test/LocalClient.java" startline="111" endline="123" function="testReplyUntypedHandler" hash="-5442352781950192973"></source>
		</class>
	</version>
	<version nr="250" hash="c6773311c" evolution="Same" change="Inconsistent">
		<class nclones="2">
			<source file="../../workspace/dataset/test/LocalClient.java" startline="97" endline="109" function="testReplyDifferentType" hash="-1275722967423485621"></source>
			<source file="../../workspace/dataset/test/LocalClient.java" startline="117" endline="120" function="handle" hash="1993881163283137942"></source>
		</class>
	</version>
	<version nr="260" hash="83eedcf77" evolution="Same" change="Inconsistent">
		<class nclones="2">
			<source file="../../workspace/dataset/test/LocalClient.java" startline="97" endline="109" function="testReplyDifferentType" hash="-1275722967423485621"></source>
			<source file="../../workspace/dataset/test/LocalClient.java" startline="111" endline="123" function="testReplyUntypedHandler" hash="-5442352781950192973"></source>
		</class>
	</version>
	<version nr="260" hash="83eedcf77" evolution="Same" change="Inconsistent">
		<class nclones="2">
			<source file="../../workspace/dataset/test/LocalClient.java" startline="97" endline="109" function="testReplyDifferentType" hash="-1275722967423485621"></source>
			<source file="../../workspace/dataset/test/LocalClient.java" startline="117" endline="120" function="handle" hash="1993881163283137942"></source>
		</class>
	</version>
	<version nr="270" hash="d3155c919" evolution="Same" change="Inconsistent">
		<class nclones="2">
			<source file="../../workspace/dataset/test/LocalClient.java" startline="97" endline="109" function="testReplyDifferentType" hash="-1275722967423485621"></source>
			<source file="../../workspace/dataset/test/LocalClient.java" startline="111" endline="123" function="testReplyUntypedHandler" hash="-5442352781950192973"></source>
		</class>
	</version>
	<version nr="270" hash="d3155c919" evolution="Same" change="Inconsistent">
		<class nclones="2">
			<source file="../../workspace/dataset/test/LocalClient.java" startline="97" endline="109" function="testReplyDifferentType" hash="-1275722967423485621"></source>
			<source file="../../workspace/dataset/test/LocalClient.java" startline="117" endline="120" function="handle" hash="1993881163283137942"></source>
		</class>
	</version>
	<version nr="280" hash="33deb1d29" evolution="Same" change="Inconsistent">
		<class nclones="2">
			<source file="../../workspace/dataset/test/LocalClient.java" startline="97" endline="109" function="testReplyDifferentType" hash="-1275722967423485621"></source>
			<source file="../../workspace/dataset/test/LocalClient.java" startline="111" endline="123" function="testReplyUntypedHandler" hash="-5442352781950192973"></source>
		</class>
	</version>
</lineage>
<lineage>
	<version nr="0" hash="75f5f0849" evolution="None" change="None">
		<class nclones="3">
			<source file="../../workspace/dataset/test/RedeployerTest.java" startline="101" endline="110" function="testDeleteFileInSubDirectory" hash="4707674884485592739"></source>
			<source file="../../workspace/dataset/test/RedeployerTest.java" startline="123" endline="132" function="testDeleteSubDir" hash="4084112346987586237"></source>
			<source file="../../workspace/dataset/test/RedeployerTest.java" startline="112" endline="121" function="testModifyFileInSubDirectory" hash="-7348140433789391316"></source>
		</class>
	</version>
	<version nr="290" hash="c3bea1078" evolution="Same" change="Same">
		<class nclones="3">
			<source file="../../workspace/dataset/test/RedeployerTest.java" startline="101" endline="110" function="testDeleteFileInSubDirectory" hash="4707674884485592739"></source>
			<source file="../../workspace/dataset/test/RedeployerTest.java" startline="123" endline="132" function="testDeleteSubDir" hash="4084112346987586237"></source>
			<source file="../../workspace/dataset/test/RedeployerTest.java" startline="112" endline="121" function="testModifyFileInSubDirectory" hash="-7348140433789391316"></source>
		</class>
	</version>
</lineage>
<lineage>
	<version nr="0" hash="75f5f0849" evolution="None" change="None">
		<class nclones="3">
			<source file="../../workspace/dataset/test/LocalPeer.java" startline="49" endline="75" function="testPubSubInitialise" hash="3491212081644114049"></source>
			<source file="../../workspace/dataset/test/LocalPeer.java" startline="77" endline="113" function="testPubSubMultipleHandlersInitialise" hash="-8412793810072396500"></source>
			<source file="../../workspace/dataset/test/LocalPeer.java" startline="115" endline="145" function="testPointToPointInitialise" hash="2364120771114789468"></source>
		</class>
	</version>
	<version nr="80" hash="63e42823d" evolution="Same" change="Same">
		<class nclones="3">
			<source file="../../workspace/dataset/test/LocalPeer.java" startline="49" endline="75" function="testPubSubInitialise" hash="3491212081644114049"></source>
			<source file="../../workspace/dataset/test/LocalPeer.java" startline="77" endline="113" function="testPubSubMultipleHandlersInitialise" hash="-8412793810072396500"></source>
			<source file="../../workspace/dataset/test/LocalPeer.java" startline="115" endline="145" function="testPointToPointInitialise" hash="2364120771114789468"></source>
		</class>
	</version>
	<version nr="90" hash="8d66f7ef5" evolution="Same" change="Consistent">
		<class nclones="3">
			<source file="../../workspace/dataset/test/LocalPeer.java" startline="49" endline="76" function="testPubSubInitialise" hash="-9217779034887097178"></source>
			<source file="../../workspace/dataset/test/LocalPeer.java" startline="117" endline="148" function="testPointToPointInitialise" hash="5781573537331412117"></source>
			<source file="../../workspace/dataset/test/LocalPeer.java" startline="78" endline="115" function="testPubSubMultipleHandlersInitialise" hash="1050629272928312317"></source>
		</class>
	</version>
	<version nr="280" hash="33deb1d29" evolution="Same" change="Same">
		<class nclones="3">
			<source file="../../workspace/dataset/test/LocalPeer.java" startline="49" endline="76" function="testPubSubInitialise" hash="-9217779034887097178"></source>
			<source file="../../workspace/dataset/test/LocalPeer.java" startline="117" endline="148" function="testPointToPointInitialise" hash="5781573537331412117"></source>
			<source file="../../workspace/dataset/test/LocalPeer.java" startline="78" endline="115" function="testPubSubMultipleHandlersInitialise" hash="1050629272928312317"></source>
		</class>
	</version>
</lineage>
<lineage>
	<version nr="0" hash="75f5f0849" evolution="None" change="None">
		<class nclones="2">
			<source file="../../workspace/dataset/test/LocalPeer.java" startline="189" endline="214" function="testReplyInitialise" hash="-7143537981145614009"></source>
			<source file="../../workspace/dataset/test/LocalPeer.java" startline="216" endline="241" function="testReplyDifferentTypeInitialise" hash="246535714849752468"></source>
		</class>
	</version>
	<version nr="80" hash="63e42823d" evolution="Same" change="Same">
		<class nclones="2">
			<source file="../../workspace/dataset/test/LocalPeer.java" startline="189" endline="214" function="testReplyInitialise" hash="-7143537981145614009"></source>
			<source file="../../workspace/dataset/test/LocalPeer.java" startline="216" endline="241" function="testReplyDifferentTypeInitialise" hash="246535714849752468"></source>
		</class>
	</version>
	<version nr="90" hash="8d66f7ef5" evolution="Same" change="Consistent">
		<class nclones="2">
			<source file="../../workspace/dataset/test/LocalPeer.java" startline="193" endline="219" function="testReplyInitialise" hash="-3647255803334067378"></source>
			<source file="../../workspace/dataset/test/LocalPeer.java" startline="221" endline="247" function="testReplyDifferentTypeInitialise" hash="2143226041046109521"></source>
		</class>
	</version>
	<version nr="280" hash="33deb1d29" evolution="Same" change="Same">
		<class nclones="2">
			<source file="../../workspace/dataset/test/LocalPeer.java" startline="193" endline="219" function="testReplyInitialise" hash="-3647255803334067378"></source>
			<source file="../../workspace/dataset/test/LocalPeer.java" startline="221" endline="247" function="testReplyDifferentTypeInitialise" hash="2143226041046109521"></source>
		</class>
	</version>
</lineage>
<lineage>
	<version nr="0" hash="75f5f0849" evolution="None" change="None">
		<class nclones="2">
			<source file="../../workspace/dataset/test/HttpTestClient.java" startline="72" endline="87" function="testListenInvalidPort" hash="364946997278396748"></source>
			<source file="../../workspace/dataset/test/HttpTestClient.java" startline="89" endline="104" function="testListenInvalidHost" hash="8613479137658146850"></source>
		</class>
	</version>
	<version nr="110" hash="deebfdf87" evolution="Same" change="Same">
		<class nclones="2">
			<source file="../../workspace/dataset/test/HttpTestClient.java" startline="72" endline="87" function="testListenInvalidPort" hash="364946997278396748"></source>
			<source file="../../workspace/dataset/test/HttpTestClient.java" startline="89" endline="104" function="testListenInvalidHost" hash="8613479137658146850"></source>
		</class>
	</version>
</lineage>
<lineage>
	<version nr="0" hash="75f5f0849" evolution="None" change="None">
		<class nclones="4">
			<source file="../../workspace/dataset/test/HttpTestClient.java" startline="509" endline="530" function="testSimpleRequest" hash="2191206063057576774"></source>
			<source file="../../workspace/dataset/test/HttpTestClient.java" startline="656" endline="679" function="testDefaultRequestHeaders" hash="-4589271124818103619"></source>
			<source file="../../workspace/dataset/test/HttpTestClient.java" startline="633" endline="654" function="testNoParams" hash="-7991303363032135074"></source>
			<source file="../../workspace/dataset/test/HttpTestClient.java" startline="573" endline="595" function="testURIAndPath" hash="-5173778002039760626"></source>
		</class>
	</version>
	<version nr="10" hash="49d3fac3d" evolution="Same" change="Inconsistent">
		<class nclones="4">
			<source file="../../workspace/dataset/test/HttpTestClient.java" startline="509" endline="531" function="testSimpleRequest" hash="-3034465634071685855"></source>
			<source file="../../workspace/dataset/test/HttpTestClient.java" startline="657" endline="680" function="testDefaultRequestHeaders" hash="-4589271124818103619"></source>
			<source file="../../workspace/dataset/test/HttpTestClient.java" startline="634" endline="655" function="testNoParams" hash="-7991303363032135074"></source>
			<source file="../../workspace/dataset/test/HttpTestClient.java" startline="574" endline="596" function="testURIAndPath" hash="-5173778002039760626"></source>
		</class>
	</version>
	<version nr="10" hash="49d3fac3d" evolution="Subtract" change="Inconsistent">
		<class nclones="2">
			<source file="../../workspace/dataset/test/HttpTestClient.java" startline="509" endline="531" function="testSimpleRequest" hash="-3034465634071685855"></source>
			<source file="../../workspace/dataset/test/HttpTestClient.java" startline="1609" endline="1737" function="testUseResponseAfterComplete" hash="556161051813417689"></source>
		</class>
	</version>
	<version nr="20" hash="f73e336ec" evolution="Add" change="Consistent">
		<class nclones="8">
			<source file="../../workspace/dataset/test/HttpTestClient.java" startline="509" endline="531" function="testSimpleRequest" hash="8073141905369689569"></source>
			<source file="../../workspace/dataset/test/HttpTestClient.java" startline="634" endline="655" function="testNoParams" hash="-7991303363032135074"></source>
			<source file="../../workspace/dataset/test/HttpTestClient.java" startline="574" endline="596" function="testURIAndPath" hash="-874213942615396852"></source>
			<source file="../../workspace/dataset/test/HttpTestClient.java" startline="657" endline="680" function="testDefaultRequestHeaders" hash="-1891259403986055011"></source>
			<source file="../../workspace/dataset/test/HttpTestClient.java" startline="2938" endline="2962" function="testHostHeaderOverridePossible" hash="5200269430624452068"></source>
			<source file="../../workspace/dataset/test/HttpTestClient.java" startline="1739" endline="1768" function="testResponseBodyBufferAtEnd" hash="4006909150356129927"></source>
			<source file="../../workspace/dataset/test/HttpTestClient.java" startline="1522" endline="1548" function="testResponseNoTrailers" hash="1257373261301769662"></source>
			<source file="../../workspace/dataset/test/HttpTestClient.java" startline="1982" endline="2011" function="testResponseWriteBuffer" hash="-326915690692417191"></source>
		</class>
	</version>
	<version nr="20" hash="f73e336ec" evolution="Subtract" change="Inconsistent">
		<class nclones="2">
			<source file="../../workspace/dataset/test/HttpTestClient.java" startline="509" endline="531" function="testSimpleRequest" hash="8073141905369689569"></source>
			<source file="../../workspace/dataset/test/HttpTestClient.java" startline="1609" endline="1737" function="testUseResponseAfterComplete" hash="556161051813417689"></source>
		</class>
	</version>
	<version nr="20" hash="f73e336ec" evolution="Same" change="Inconsistent">
		<class nclones="2">
			<source file="../../workspace/dataset/test/HttpTestClient.java" startline="1609" endline="1737" function="testUseResponseAfterComplete" hash="556161051813417689"></source>
			<source file="../../workspace/dataset/test/HttpTestClient.java" startline="2938" endline="2962" function="testHostHeaderOverridePossible" hash="5200269430624452068"></source>
		</class>
	</version>
	<version nr="30" hash="d629e8a0c" evolution="Add" change="Inconsistent">
		<class nclones="8">
			<source file="../../workspace/dataset/test/HttpTestClient.java" startline="509" endline="531" function="testSimpleRequest" hash="8073141905369689569"></source>
			<source file="../../workspace/dataset/test/HttpTestClient.java" startline="574" endline="596" function="testURIAndPath" hash="-874213942615396852"></source>
			<source file="../../workspace/dataset/test/HttpTestClient.java" startline="634" endline="655" function="testNoParams" hash="-7991303363032135074"></source>
			<source file="../../workspace/dataset/test/HttpTestClient.java" startline="2938" endline="2962" function="testHostHeaderOverridePossible" hash="5200269430624452068"></source>
			<source file="../../workspace/dataset/test/HttpTestClient.java" startline="657" endline="680" function="testDefaultRequestHeaders" hash="-1891259403986055011"></source>
			<source file="../../workspace/dataset/test/HttpTestClient.java" startline="1522" endline="1548" function="testResponseNoTrailers" hash="1257373261301769662"></source>
			<source file="../../workspace/dataset/test/HttpTestClient.java" startline="1739" endline="1768" function="testResponseBodyBufferAtEnd" hash="4006909150356129927"></source>
			<source file="../../workspace/dataset/test/HttpTestClient.java" startline="1982" endline="2011" function="testResponseWriteBuffer" hash="-326915690692417191"></source>
		</class>
	</version>
	<version nr="30" hash="d629e8a0c" evolution="Subtract" change="Inconsistent">
		<class nclones="2">
			<source file="../../workspace/dataset/test/HttpTestClient.java" startline="509" endline="531" function="testSimpleRequest" hash="8073141905369689569"></source>
			<source file="../../workspace/dataset/test/HttpTestClient.java" startline="1609" endline="1737" function="testUseResponseAfterComplete" hash="556161051813417689"></source>
		</class>
	</version>
	<version nr="30" hash="d629e8a0c" evolution="Same" change="Inconsistent">
		<class nclones="2">
			<source file="../../workspace/dataset/test/HttpTestClient.java" startline="1609" endline="1737" function="testUseResponseAfterComplete" hash="556161051813417689"></source>
			<source file="../../workspace/dataset/test/HttpTestClient.java" startline="2938" endline="2962" function="testHostHeaderOverridePossible" hash="5200269430624452068"></source>
		</class>
	</version>
	<version nr="40" hash="367bdda7e" evolution="Add" change="Inconsistent">
		<class nclones="8">
			<source file="../../workspace/dataset/test/HttpTestClient.java" startline="509" endline="531" function="testSimpleRequest" hash="8073141905369689569"></source>
			<source file="../../workspace/dataset/test/HttpTestClient.java" startline="574" endline="596" function="testURIAndPath" hash="-874213942615396852"></source>
			<source file="../../workspace/dataset/test/HttpTestClient.java" startline="634" endline="655" function="testNoParams" hash="-7991303363032135074"></source>
			<source file="../../workspace/dataset/test/HttpTestClient.java" startline="2938" endline="2962" function="testHostHeaderOverridePossible" hash="5200269430624452068"></source>
			<source file="../../workspace/dataset/test/HttpTestClient.java" startline="657" endline="680" function="testDefaultRequestHeaders" hash="-1891259403986055011"></source>
			<source file="../../workspace/dataset/test/HttpTestClient.java" startline="1522" endline="1548" function="testResponseNoTrailers" hash="1257373261301769662"></source>
			<source file="../../workspace/dataset/test/HttpTestClient.java" startline="1739" endline="1768" function="testResponseBodyBufferAtEnd" hash="4006909150356129927"></source>
			<source file="../../workspace/dataset/test/HttpTestClient.java" startline="1982" endline="2011" function="testResponseWriteBuffer" hash="-326915690692417191"></source>
		</class>
	</version>
	<version nr="40" hash="367bdda7e" evolution="Subtract" change="Inconsistent">
		<class nclones="2">
			<source file="../../workspace/dataset/test/HttpTestClient.java" startline="509" endline="531" function="testSimpleRequest" hash="8073141905369689569"></source>
			<source file="../../workspace/dataset/test/HttpTestClient.java" startline="1609" endline="1737" function="testUseResponseAfterComplete" hash="556161051813417689"></source>
		</class>
	</version>
	<version nr="40" hash="367bdda7e" evolution="Same" change="Inconsistent">
		<class nclones="2">
			<source file="../../workspace/dataset/test/HttpTestClient.java" startline="1609" endline="1737" function="testUseResponseAfterComplete" hash="556161051813417689"></source>
			<source file="../../workspace/dataset/test/HttpTestClient.java" startline="2938" endline="2962" function="testHostHeaderOverridePossible" hash="5200269430624452068"></source>
		</class>
	</version>
	<version nr="50" hash="7eb3e09cf" evolution="Add" change="Inconsistent">
		<class nclones="8">
			<source file="../../workspace/dataset/test/HttpTestClient.java" startline="509" endline="531" function="testSimpleRequest" hash="-104850337883299709"></source>
			<source file="../../workspace/dataset/test/HttpTestClient.java" startline="574" endline="596" function="testURIAndPath" hash="-6925496158599427272"></source>
			<source file="../../workspace/dataset/test/HttpTestClient.java" startline="657" endline="680" function="testDefaultRequestHeaders" hash="6197871408019574215"></source>
			<source file="../../workspace/dataset/test/HttpTestClient.java" startline="634" endline="655" function="testNoParams" hash="-7991303363032135074"></source>
			<source file="../../workspace/dataset/test/HttpTestClient.java" startline="2938" endline="2962" function="testHostHeaderOverridePossible" hash="5200269430624452068"></source>
			<source file="../../workspace/dataset/test/HttpTestClient.java" startline="1522" endline="1548" function="testResponseNoTrailers" hash="1257373261301769662"></source>
			<source file="../../workspace/dataset/test/HttpTestClient.java" startline="1739" endline="1768" function="testResponseBodyBufferAtEnd" hash="1867569789888631357"></source>
			<source file="../../workspace/dataset/test/HttpTestClient.java" startline="1982" endline="2011" function="testResponseWriteBuffer" hash="-326915690692417191"></source>
		</class>
	</version>
	<version nr="50" hash="7eb3e09cf" evolution="Subtract" change="Inconsistent">
		<class nclones="2">
			<source file="../../workspace/dataset/test/HttpTestClient.java" startline="509" endline="531" function="testSimpleRequest" hash="-104850337883299709"></source>
			<source file="../../workspace/dataset/test/HttpTestClient.java" startline="1609" endline="1737" function="testUseResponseAfterComplete" hash="556161051813417689"></source>
		</class>
	</version>
	<version nr="50" hash="7eb3e09cf" evolution="Same" change="Inconsistent">
		<class nclones="2">
			<source file="../../workspace/dataset/test/HttpTestClient.java" startline="1609" endline="1737" function="testUseResponseAfterComplete" hash="556161051813417689"></source>
			<source file="../../workspace/dataset/test/HttpTestClient.java" startline="2938" endline="2962" function="testHostHeaderOverridePossible" hash="5200269430624452068"></source>
		</class>
	</version>
	<version nr="60" hash="dfe9724ac" evolution="Add" change="Inconsistent">
		<class nclones="8">
			<source file="../../workspace/dataset/test/HttpTestClient.java" startline="515" endline="537" function="testSimpleRequest" hash="-104850337883299709"></source>
			<source file="../../workspace/dataset/test/HttpTestClient.java" startline="2944" endline="2968" function="testHostHeaderOverridePossible" hash="5200269430624452068"></source>
			<source file="../../workspace/dataset/test/HttpTestClient.java" startline="580" endline="602" function="testURIAndPath" hash="-6925496158599427272"></source>
			<source file="../../workspace/dataset/test/HttpTestClient.java" startline="663" endline="686" function="testDefaultRequestHeaders" hash="6197871408019574215"></source>
			<source file="../../workspace/dataset/test/HttpTestClient.java" startline="640" endline="661" function="testNoParams" hash="-7991303363032135074"></source>
			<source file="../../workspace/dataset/test/HttpTestClient.java" startline="1745" endline="1774" function="testResponseBodyBufferAtEnd" hash="1867569789888631357"></source>
			<source file="../../workspace/dataset/test/HttpTestClient.java" startline="1528" endline="1554" function="testResponseNoTrailers" hash="1257373261301769662"></source>
			<source file="../../workspace/dataset/test/HttpTestClient.java" startline="1988" endline="2017" function="testResponseWriteBuffer" hash="-326915690692417191"></source>
		</class>
	</version>
	<version nr="70" hash="c4092176b" evolution="Same" change="Same">
		<class nclones="8">
			<source file="../../workspace/dataset/test/HttpTestClient.java" startline="515" endline="537" function="testSimpleRequest" hash="-104850337883299709"></source>
			<source file="../../workspace/dataset/test/HttpTestClient.java" startline="2944" endline="2968" function="testHostHeaderOverridePossible" hash="5200269430624452068"></source>
			<source file="../../workspace/dataset/test/HttpTestClient.java" startline="580" endline="602" function="testURIAndPath" hash="-6925496158599427272"></source>
			<source file="../../workspace/dataset/test/HttpTestClient.java" startline="663" endline="686" function="testDefaultRequestHeaders" hash="6197871408019574215"></source>
			<source file="../../workspace/dataset/test/HttpTestClient.java" startline="640" endline="661" function="testNoParams" hash="-7991303363032135074"></source>
			<source file="../../workspace/dataset/test/HttpTestClient.java" startline="1745" endline="1774" function="testResponseBodyBufferAtEnd" hash="1867569789888631357"></source>
			<source file="../../workspace/dataset/test/HttpTestClient.java" startline="1528" endline="1554" function="testResponseNoTrailers" hash="1257373261301769662"></source>
			<source file="../../workspace/dataset/test/HttpTestClient.java" startline="1988" endline="2017" function="testResponseWriteBuffer" hash="-326915690692417191"></source>
		</class>
	</version>
	<version nr="70" hash="c4092176b" evolution="Subtract" change="Inconsistent">
		<class nclones="2">
			<source file="../../workspace/dataset/test/HttpTestClient.java" startline="1486" endline="1526" function="testResponseTrailers" hash="1190792704842590955"></source>
			<source file="../../workspace/dataset/test/HttpTestClient.java" startline="1528" endline="1554" function="testResponseNoTrailers" hash="1257373261301769662"></source>
		</class>
	</version>
	<version nr="80" hash="63e42823d" evolution="Add" change="Inconsistent">
		<class nclones="8">
			<source file="../../workspace/dataset/test/HttpTestClient.java" startline="515" endline="537" function="testSimpleRequest" hash="-3961251441468808407"></source>
			<source file="../../workspace/dataset/test/HttpTestClient.java" startline="663" endline="686" function="testDefaultRequestHeaders" hash="-6710942104191311195"></source>
			<source file="../../workspace/dataset/test/HttpTestClient.java" startline="3023" endline="3047" function="testHostHeaderOverridePossible" hash="5200269430624452068"></source>
			<source file="../../workspace/dataset/test/HttpTestClient.java" startline="640" endline="661" function="testNoParams" hash="-7991303363032135074"></source>
			<source file="../../workspace/dataset/test/HttpTestClient.java" startline="580" endline="602" function="testURIAndPath" hash="3281370706963493366"></source>
			<source file="../../workspace/dataset/test/HttpTestClient.java" startline="1528" endline="1554" function="testResponseNoTrailers" hash="1257373261301769662"></source>
			<source file="../../workspace/dataset/test/HttpTestClient.java" startline="1745" endline="1774" function="testResponseBodyBufferAtEnd" hash="2478034933850543079"></source>
			<source file="../../workspace/dataset/test/HttpTestClient.java" startline="1988" endline="2017" function="testResponseWriteBuffer" hash="-326915690692417191"></source>
		</class>
	</version>
	<version nr="80" hash="63e42823d" evolution="Subtract" change="Inconsistent">
		<class nclones="2">
			<source file="../../workspace/dataset/test/HttpTestClient.java" startline="1486" endline="1526" function="testResponseTrailers" hash="-6168081001756622187"></source>
			<source file="../../workspace/dataset/test/HttpTestClient.java" startline="1528" endline="1554" function="testResponseNoTrailers" hash="1257373261301769662"></source>
		</class>
	</version>
	<version nr="90" hash="8d66f7ef5" evolution="Add" change="Inconsistent">
		<class nclones="8">
			<source file="../../workspace/dataset/test/HttpTestClient.java" startline="515" endline="537" function="testSimpleRequest" hash="2358383352227285825"></source>
			<source file="../../workspace/dataset/test/HttpTestClient.java" startline="640" endline="661" function="testNoParams" hash="-7991303363032135074"></source>
			<source file="../../workspace/dataset/test/HttpTestClient.java" startline="663" endline="686" function="testDefaultRequestHeaders" hash="47562220423778349"></source>
			<source file="../../workspace/dataset/test/HttpTestClient.java" startline="3023" endline="3047" function="testHostHeaderOverridePossible" hash="5200269430624452068"></source>
			<source file="../../workspace/dataset/test/HttpTestClient.java" startline="580" endline="602" function="testURIAndPath" hash="-2661524057494938062"></source>
			<source file="../../workspace/dataset/test/HttpTestClient.java" startline="1528" endline="1554" function="testResponseNoTrailers" hash="1257373261301769662"></source>
			<source file="../../workspace/dataset/test/HttpTestClient.java" startline="1745" endline="1774" function="testResponseBodyBufferAtEnd" hash="2728182202551715531"></source>
			<source file="../../workspace/dataset/test/HttpTestClient.java" startline="1988" endline="2017" function="testResponseWriteBuffer" hash="-326915690692417191"></source>
		</class>
	</version>
	<version nr="90" hash="8d66f7ef5" evolution="Subtract" change="Inconsistent">
		<class nclones="2">
			<source file="../../workspace/dataset/test/HttpTestClient.java" startline="1486" endline="1526" function="testResponseTrailers" hash="4700948677763099421"></source>
			<source file="../../workspace/dataset/test/HttpTestClient.java" startline="1528" endline="1554" function="testResponseNoTrailers" hash="1257373261301769662"></source>
		</class>
	</version>
	<version nr="100" hash="af8ac62bd" evolution="Add" change="Inconsistent">
		<class nclones="8">
			<source file="../../workspace/dataset/test/HttpTestClient.java" startline="515" endline="537" function="testSimpleRequest" hash="2358383352227285825"></source>
			<source file="../../workspace/dataset/test/HttpTestClient.java" startline="640" endline="661" function="testNoParams" hash="-7991303363032135074"></source>
			<source file="../../workspace/dataset/test/HttpTestClient.java" startline="663" endline="686" function="testDefaultRequestHeaders" hash="47562220423778349"></source>
			<source file="../../workspace/dataset/test/HttpTestClient.java" startline="3023" endline="3047" function="testHostHeaderOverridePossible" hash="5200269430624452068"></source>
			<source file="../../workspace/dataset/test/HttpTestClient.java" startline="580" endline="602" function="testURIAndPath" hash="-2661524057494938062"></source>
			<source file="../../workspace/dataset/test/HttpTestClient.java" startline="1528" endline="1554" function="testResponseNoTrailers" hash="1257373261301769662"></source>
			<source file="../../workspace/dataset/test/HttpTestClient.java" startline="1745" endline="1774" function="testResponseBodyBufferAtEnd" hash="2728182202551715531"></source>
			<source file="../../workspace/dataset/test/HttpTestClient.java" startline="1988" endline="2017" function="testResponseWriteBuffer" hash="-326915690692417191"></source>
		</class>
	</version>
	<version nr="100" hash="af8ac62bd" evolution="Subtract" change="Inconsistent">
		<class nclones="2">
			<source file="../../workspace/dataset/test/HttpTestClient.java" startline="1486" endline="1526" function="testResponseTrailers" hash="4700948677763099421"></source>
			<source file="../../workspace/dataset/test/HttpTestClient.java" startline="1528" endline="1554" function="testResponseNoTrailers" hash="1257373261301769662"></source>
		</class>
	</version>
	<version nr="110" hash="deebfdf87" evolution="Add" change="Inconsistent">
		<class nclones="8">
			<source file="../../workspace/dataset/test/HttpTestClient.java" startline="515" endline="537" function="testSimpleRequest" hash="2358383352227285825"></source>
			<source file="../../workspace/dataset/test/HttpTestClient.java" startline="640" endline="661" function="testNoParams" hash="-7991303363032135074"></source>
			<source file="../../workspace/dataset/test/HttpTestClient.java" startline="3023" endline="3047" function="testHostHeaderOverridePossible" hash="5200269430624452068"></source>
			<source file="../../workspace/dataset/test/HttpTestClient.java" startline="663" endline="686" function="testDefaultRequestHeaders" hash="47562220423778349"></source>
			<source file="../../workspace/dataset/test/HttpTestClient.java" startline="580" endline="602" function="testURIAndPath" hash="-2661524057494938062"></source>
			<source file="../../workspace/dataset/test/HttpTestClient.java" startline="1528" endline="1554" function="testResponseNoTrailers" hash="1257373261301769662"></source>
			<source file="../../workspace/dataset/test/HttpTestClient.java" startline="1745" endline="1774" function="testResponseBodyBufferAtEnd" hash="2728182202551715531"></source>
			<source file="../../workspace/dataset/test/HttpTestClient.java" startline="1988" endline="2017" function="testResponseWriteBuffer" hash="-326915690692417191"></source>
		</class>
	</version>
	<version nr="110" hash="deebfdf87" evolution="Subtract" change="Inconsistent">
		<class nclones="2">
			<source file="../../workspace/dataset/test/HttpTestClient.java" startline="1486" endline="1526" function="testResponseTrailers" hash="4700948677763099421"></source>
			<source file="../../workspace/dataset/test/HttpTestClient.java" startline="1528" endline="1554" function="testResponseNoTrailers" hash="1257373261301769662"></source>
		</class>
	</version>
</lineage>
<lineage>
	<version nr="0" hash="75f5f0849" evolution="None" change="None">
		<class nclones="2">
			<source file="../../workspace/dataset/test/HttpTestClient.java" startline="855" endline="883" function="testRequestTimeoutCanceledWhenRequestHasAnOtherError" hash="-2863115059009478200"></source>
			<source file="../../workspace/dataset/test/HttpTestClient.java" startline="888" endline="916" function="handle" hash="-5795519781625593072"></source>
		</class>
	</version>
	<version nr="110" hash="deebfdf87" evolution="Same" change="Same">
		<class nclones="2">
			<source file="../../workspace/dataset/test/HttpTestClient.java" startline="856" endline="884" function="testRequestTimeoutCanceledWhenRequestHasAnOtherError" hash="-2863115059009478200"></source>
			<source file="../../workspace/dataset/test/HttpTestClient.java" startline="889" endline="917" function="handle" hash="-5795519781625593072"></source>
		</class>
	</version>
</lineage>
<lineage>
	<version nr="0" hash="75f5f0849" evolution="None" change="None">
		<class nclones="2">
			<source file="../../workspace/dataset/test/HttpTestClient.java" startline="1098" endline="1126" function="testRequestBodyBufferAtEnd" hash="2293998407583820968"></source>
			<source file="../../workspace/dataset/test/HttpTestClient.java" startline="1343" endline="1372" function="testRequestWriteBuffer" hash="-3396296883354364584"></source>
		</class>
	</version>
	<version nr="110" hash="deebfdf87" evolution="Same" change="Same">
		<class nclones="2">
			<source file="../../workspace/dataset/test/HttpTestClient.java" startline="1099" endline="1127" function="testRequestBodyBufferAtEnd" hash="2293998407583820968"></source>
			<source file="../../workspace/dataset/test/HttpTestClient.java" startline="1344" endline="1373" function="testRequestWriteBuffer" hash="-3396296883354364584"></source>
		</class>
	</version>
</lineage>
<lineage>
	<version nr="0" hash="75f5f0849" evolution="None" change="None">
		<class nclones="2">
			<source file="../../workspace/dataset/test/HttpTestClient.java" startline="1102" endline="1113" function="handle" hash="7458747201965461053"></source>
			<source file="../../workspace/dataset/test/HttpTestClient.java" startline="1154" endline="1168" function="handle" hash="-3362334341470166985"></source>
		</class>
	</version>
	<version nr="10" hash="49d3fac3d" evolution="Same" change="Same">
		<class nclones="2">
			<source file="../../workspace/dataset/test/HttpTestClient.java" startline="1103" endline="1114" function="handle" hash="7458747201965461053"></source>
			<source file="../../workspace/dataset/test/HttpTestClient.java" startline="1155" endline="1169" function="handle" hash="-3362334341470166985"></source>
		</class>
	</version>
	<version nr="20" hash="f73e336ec" evolution="Add" change="Same">
		<class nclones="5">
			<source file="../../workspace/dataset/test/HttpTestClient.java" startline="1103" endline="1114" function="handle" hash="7458747201965461053"></source>
			<source file="../../workspace/dataset/test/HttpTestClient.java" startline="2941" endline="2952" function="handle" hash="-4753921077468629570"></source>
			<source file="../../workspace/dataset/test/HttpTestClient.java" startline="1155" endline="1169" function="handle" hash="-3362334341470166985"></source>
			<source file="../../workspace/dataset/test/HttpTestClient.java" startline="1440" endline="1454" function="handle" hash="3409489400846361580"></source>
			<source file="../../workspace/dataset/test/HttpTestClient.java" startline="1349" endline="1360" function="handle" hash="2240717200197788357"></source>
		</class>
	</version>
	<version nr="110" hash="deebfdf87" evolution="Same" change="Same">
		<class nclones="5">
			<source file="../../workspace/dataset/test/HttpTestClient.java" startline="1103" endline="1114" function="handle" hash="7458747201965461053"></source>
			<source file="../../workspace/dataset/test/HttpTestClient.java" startline="2941" endline="2952" function="handle" hash="-4753921077468629570"></source>
			<source file="../../workspace/dataset/test/HttpTestClient.java" startline="1155" endline="1169" function="handle" hash="-3362334341470166985"></source>
			<source file="../../workspace/dataset/test/HttpTestClient.java" startline="1440" endline="1454" function="handle" hash="3409489400846361580"></source>
			<source file="../../workspace/dataset/test/HttpTestClient.java" startline="1349" endline="1360" function="handle" hash="2240717200197788357"></source>
		</class>
	</version>
</lineage>
<lineage>
	<version nr="0" hash="75f5f0849" evolution="None" change="None">
		<class nclones="2">
			<source file="../../workspace/dataset/test/HttpTestClient.java" startline="1141" endline="1181" function="testRequestBodyStringAtEnd" hash="-7176096800106316990"></source>
			<source file="../../workspace/dataset/test/HttpTestClient.java" startline="1292" endline="1341" function="testRequestBodyWriteString" hash="-653437871191865962"></source>
		</class>
	</version>
	<version nr="10" hash="49d3fac3d" evolution="Same" change="Same">
		<class nclones="2">
			<source file="../../workspace/dataset/test/HttpTestClient.java" startline="1142" endline="1182" function="testRequestBodyStringAtEnd" hash="-7176096800106316990"></source>
			<source file="../../workspace/dataset/test/HttpTestClient.java" startline="1293" endline="1342" function="testRequestBodyWriteString" hash="-653437871191865962"></source>
		</class>
	</version>
	<version nr="10" hash="49d3fac3d" evolution="Same" change="Inconsistent">
		<class nclones="2">
			<source file="../../workspace/dataset/test/HttpTestClient.java" startline="1142" endline="1182" function="testRequestBodyStringAtEnd" hash="-7176096800106316990"></source>
			<source file="../../workspace/dataset/test/HttpTestClient.java" startline="1782" endline="1824" function="testResponseBodyStringAtEnd" hash="-8223213652583038542"></source>
		</class>
	</version>
	<version nr="20" hash="f73e336ec" evolution="Same" change="Inconsistent">
		<class nclones="2">
			<source file="../../workspace/dataset/test/HttpTestClient.java" startline="1142" endline="1182" function="testRequestBodyStringAtEnd" hash="-7176096800106316990"></source>
			<source file="../../workspace/dataset/test/HttpTestClient.java" startline="1293" endline="1342" function="testRequestBodyWriteString" hash="-653437871191865962"></source>
		</class>
	</version>
	<version nr="20" hash="f73e336ec" evolution="Same" change="Inconsistent">
		<class nclones="2">
			<source file="../../workspace/dataset/test/HttpTestClient.java" startline="1142" endline="1182" function="testRequestBodyStringAtEnd" hash="-7176096800106316990"></source>
			<source file="../../workspace/dataset/test/HttpTestClient.java" startline="1782" endline="1824" function="testResponseBodyStringAtEnd" hash="8644845527082074928"></source>
		</class>
	</version>
	<version nr="30" hash="d629e8a0c" evolution="Same" change="Inconsistent">
		<class nclones="2">
			<source file="../../workspace/dataset/test/HttpTestClient.java" startline="1142" endline="1182" function="testRequestBodyStringAtEnd" hash="-7176096800106316990"></source>
			<source file="../../workspace/dataset/test/HttpTestClient.java" startline="1293" endline="1342" function="testRequestBodyWriteString" hash="-653437871191865962"></source>
		</class>
	</version>
	<version nr="30" hash="d629e8a0c" evolution="Same" change="Inconsistent">
		<class nclones="2">
			<source file="../../workspace/dataset/test/HttpTestClient.java" startline="1142" endline="1182" function="testRequestBodyStringAtEnd" hash="-7176096800106316990"></source>
			<source file="../../workspace/dataset/test/HttpTestClient.java" startline="1782" endline="1824" function="testResponseBodyStringAtEnd" hash="8644845527082074928"></source>
		</class>
	</version>
	<version nr="40" hash="367bdda7e" evolution="Same" change="Inconsistent">
		<class nclones="2">
			<source file="../../workspace/dataset/test/HttpTestClient.java" startline="1142" endline="1182" function="testRequestBodyStringAtEnd" hash="-7176096800106316990"></source>
			<source file="../../workspace/dataset/test/HttpTestClient.java" startline="1293" endline="1342" function="testRequestBodyWriteString" hash="-653437871191865962"></source>
		</class>
	</version>
	<version nr="40" hash="367bdda7e" evolution="Same" change="Inconsistent">
		<class nclones="2">
			<source file="../../workspace/dataset/test/HttpTestClient.java" startline="1142" endline="1182" function="testRequestBodyStringAtEnd" hash="-7176096800106316990"></source>
			<source file="../../workspace/dataset/test/HttpTestClient.java" startline="1782" endline="1824" function="testResponseBodyStringAtEnd" hash="8644845527082074928"></source>
		</class>
	</version>
	<version nr="50" hash="7eb3e09cf" evolution="Same" change="Inconsistent">
		<class nclones="2">
			<source file="../../workspace/dataset/test/HttpTestClient.java" startline="1142" endline="1182" function="testRequestBodyStringAtEnd" hash="-7176096800106316990"></source>
			<source file="../../workspace/dataset/test/HttpTestClient.java" startline="1293" endline="1342" function="testRequestBodyWriteString" hash="-653437871191865962"></source>
		</class>
	</version>
	<version nr="50" hash="7eb3e09cf" evolution="Same" change="Inconsistent">
		<class nclones="2">
			<source file="../../workspace/dataset/test/HttpTestClient.java" startline="1142" endline="1182" function="testRequestBodyStringAtEnd" hash="-7176096800106316990"></source>
			<source file="../../workspace/dataset/test/HttpTestClient.java" startline="1782" endline="1824" function="testResponseBodyStringAtEnd" hash="-3468688303510494452"></source>
		</class>
	</version>
	<version nr="60" hash="dfe9724ac" evolution="Same" change="Inconsistent">
		<class nclones="2">
			<source file="../../workspace/dataset/test/HttpTestClient.java" startline="1148" endline="1188" function="testRequestBodyStringAtEnd" hash="-7176096800106316990"></source>
			<source file="../../workspace/dataset/test/HttpTestClient.java" startline="1299" endline="1348" function="testRequestBodyWriteString" hash="-653437871191865962"></source>
		</class>
	</version>
	<version nr="60" hash="dfe9724ac" evolution="Same" change="Inconsistent">
		<class nclones="2">
			<source file="../../workspace/dataset/test/HttpTestClient.java" startline="1148" endline="1188" function="testRequestBodyStringAtEnd" hash="-7176096800106316990"></source>
			<source file="../../workspace/dataset/test/HttpTestClient.java" startline="1788" endline="1830" function="testResponseBodyStringAtEnd" hash="-3468688303510494452"></source>
		</class>
	</version>
	<version nr="70" hash="c4092176b" evolution="Same" change="Inconsistent">
		<class nclones="2">
			<source file="../../workspace/dataset/test/HttpTestClient.java" startline="1148" endline="1188" function="testRequestBodyStringAtEnd" hash="-7176096800106316990"></source>
			<source file="../../workspace/dataset/test/HttpTestClient.java" startline="1299" endline="1348" function="testRequestBodyWriteString" hash="-653437871191865962"></source>
		</class>
	</version>
	<version nr="70" hash="c4092176b" evolution="Same" change="Inconsistent">
		<class nclones="2">
			<source file="../../workspace/dataset/test/HttpTestClient.java" startline="1148" endline="1188" function="testRequestBodyStringAtEnd" hash="-7176096800106316990"></source>
			<source file="../../workspace/dataset/test/HttpTestClient.java" startline="1788" endline="1830" function="testResponseBodyStringAtEnd" hash="-3468688303510494452"></source>
		</class>
	</version>
	<version nr="80" hash="63e42823d" evolution="Same" change="Inconsistent">
		<class nclones="2">
			<source file="../../workspace/dataset/test/HttpTestClient.java" startline="1148" endline="1188" function="testRequestBodyStringAtEnd" hash="-7176096800106316990"></source>
			<source file="../../workspace/dataset/test/HttpTestClient.java" startline="1299" endline="1348" function="testRequestBodyWriteString" hash="-653437871191865962"></source>
		</class>
	</version>
	<version nr="80" hash="63e42823d" evolution="Same" change="Inconsistent">
		<class nclones="2">
			<source file="../../workspace/dataset/test/HttpTestClient.java" startline="1148" endline="1188" function="testRequestBodyStringAtEnd" hash="-7176096800106316990"></source>
			<source file="../../workspace/dataset/test/HttpTestClient.java" startline="1788" endline="1830" function="testResponseBodyStringAtEnd" hash="4887055604429477306"></source>
		</class>
	</version>
	<version nr="90" hash="8d66f7ef5" evolution="Same" change="Inconsistent">
		<class nclones="2">
			<source file="../../workspace/dataset/test/HttpTestClient.java" startline="1148" endline="1188" function="testRequestBodyStringAtEnd" hash="-7176096800106316990"></source>
			<source file="../../workspace/dataset/test/HttpTestClient.java" startline="1299" endline="1348" function="testRequestBodyWriteString" hash="-653437871191865962"></source>
		</class>
	</version>
	<version nr="90" hash="8d66f7ef5" evolution="Same" change="Inconsistent">
		<class nclones="2">
			<source file="../../workspace/dataset/test/HttpTestClient.java" startline="1148" endline="1188" function="testRequestBodyStringAtEnd" hash="-7176096800106316990"></source>
			<source file="../../workspace/dataset/test/HttpTestClient.java" startline="1788" endline="1830" function="testResponseBodyStringAtEnd" hash="4660086220027575246"></source>
		</class>
	</version>
	<version nr="100" hash="af8ac62bd" evolution="Same" change="Inconsistent">
		<class nclones="2">
			<source file="../../workspace/dataset/test/HttpTestClient.java" startline="1148" endline="1188" function="testRequestBodyStringAtEnd" hash="-7176096800106316990"></source>
			<source file="../../workspace/dataset/test/HttpTestClient.java" startline="1299" endline="1348" function="testRequestBodyWriteString" hash="-653437871191865962"></source>
		</class>
	</version>
	<version nr="100" hash="af8ac62bd" evolution="Same" change="Inconsistent">
		<class nclones="2">
			<source file="../../workspace/dataset/test/HttpTestClient.java" startline="1148" endline="1188" function="testRequestBodyStringAtEnd" hash="-7176096800106316990"></source>
			<source file="../../workspace/dataset/test/HttpTestClient.java" startline="1788" endline="1830" function="testResponseBodyStringAtEnd" hash="4660086220027575246"></source>
		</class>
	</version>
	<version nr="110" hash="deebfdf87" evolution="Same" change="Inconsistent">
		<class nclones="2">
			<source file="../../workspace/dataset/test/HttpTestClient.java" startline="1148" endline="1188" function="testRequestBodyStringAtEnd" hash="-7176096800106316990"></source>
			<source file="../../workspace/dataset/test/HttpTestClient.java" startline="1299" endline="1348" function="testRequestBodyWriteString" hash="-653437871191865962"></source>
		</class>
	</version>
	<version nr="110" hash="deebfdf87" evolution="Same" change="Inconsistent">
		<class nclones="2">
			<source file="../../workspace/dataset/test/HttpTestClient.java" startline="1148" endline="1188" function="testRequestBodyStringAtEnd" hash="-7176096800106316990"></source>
			<source file="../../workspace/dataset/test/HttpTestClient.java" startline="1788" endline="1830" function="testResponseBodyStringAtEnd" hash="4660086220027575246"></source>
		</class>
	</version>
</lineage>
<lineage>
	<version nr="0" hash="75f5f0849" evolution="None" change="None">
		<class nclones="8">
			<source file="../../workspace/dataset/test/HttpTestClient.java" startline="1483" endline="1501" function="handle" hash="5335055430308768340"></source>
			<source file="../../workspace/dataset/test/HttpTestClient.java" startline="1565" endline="1583" function="handle" hash="9012770533815664397"></source>
			<source file="../../workspace/dataset/test/HttpTestClient.java" startline="1524" endline="1538" function="handle" hash="3189989259099035600"></source>
			<source file="../../workspace/dataset/test/HttpTestClient.java" startline="1869" endline="1883" function="handle" hash="-2884259969799560864"></source>
			<source file="../../workspace/dataset/test/HttpTestClient.java" startline="1794" endline="1809" function="handle" hash="8289300488651279203"></source>
			<source file="../../workspace/dataset/test/HttpTestClient.java" startline="1944" endline="1958" function="handle" hash="7303350531521986573"></source>
			<source file="../../workspace/dataset/test/HttpTestClient.java" startline="1743" endline="1758" function="handle" hash="-2884259969799560864"></source>
			<source file="../../workspace/dataset/test/HttpTestClient.java" startline="1986" endline="2000" function="handle" hash="-7038448468533399527"></source>
		</class>
	</version>
	<version nr="110" hash="deebfdf87" evolution="Same" change="Same">
		<class nclones="8">
			<source file="../../workspace/dataset/test/HttpTestClient.java" startline="1484" endline="1502" function="handle" hash="5335055430308768340"></source>
			<source file="../../workspace/dataset/test/HttpTestClient.java" startline="1566" endline="1584" function="handle" hash="9012770533815664397"></source>
			<source file="../../workspace/dataset/test/HttpTestClient.java" startline="1525" endline="1539" function="handle" hash="3189989259099035600"></source>
			<source file="../../workspace/dataset/test/HttpTestClient.java" startline="1870" endline="1884" function="handle" hash="-2884259969799560864"></source>
			<source file="../../workspace/dataset/test/HttpTestClient.java" startline="1795" endline="1810" function="handle" hash="8289300488651279203"></source>
			<source file="../../workspace/dataset/test/HttpTestClient.java" startline="1945" endline="1959" function="handle" hash="7303350531521986573"></source>
			<source file="../../workspace/dataset/test/HttpTestClient.java" startline="1744" endline="1759" function="handle" hash="-2884259969799560864"></source>
			<source file="../../workspace/dataset/test/HttpTestClient.java" startline="1987" endline="2001" function="handle" hash="-7038448468533399527"></source>
		</class>
	</version>
</lineage>
<lineage>
	<version nr="0" hash="75f5f0849" evolution="None" change="None">
		<class nclones="3">
			<source file="../../workspace/dataset/test/HttpTestClient.java" startline="1521" endline="1547" function="testResponseNoTrailers" hash="1257373261301769662"></source>
			<source file="../../workspace/dataset/test/HttpTestClient.java" startline="1981" endline="2010" function="testResponseWriteBuffer" hash="-326915690692417191"></source>
			<source file="../../workspace/dataset/test/HttpTestClient.java" startline="1738" endline="1767" function="testResponseBodyBufferAtEnd" hash="4395000446934030807"></source>
		</class>
	</version>
	<version nr="10" hash="49d3fac3d" evolution="Same" change="Same">
		<class nclones="3">
			<source file="../../workspace/dataset/test/HttpTestClient.java" startline="1522" endline="1548" function="testResponseNoTrailers" hash="1257373261301769662"></source>
			<source file="../../workspace/dataset/test/HttpTestClient.java" startline="1982" endline="2011" function="testResponseWriteBuffer" hash="-326915690692417191"></source>
			<source file="../../workspace/dataset/test/HttpTestClient.java" startline="1739" endline="1768" function="testResponseBodyBufferAtEnd" hash="4395000446934030807"></source>
		</class>
	</version>
	<version nr="60" hash="dfe9724ac" evolution="Subtract" change="Inconsistent">
		<class nclones="2">
			<source file="../../workspace/dataset/test/HttpTestClient.java" startline="1486" endline="1526" function="testResponseTrailers" hash="1190792704842590955"></source>
			<source file="../../workspace/dataset/test/HttpTestClient.java" startline="1528" endline="1554" function="testResponseNoTrailers" hash="1257373261301769662"></source>
		</class>
	</version>
</lineage>
<lineage>
	<version nr="0" hash="75f5f0849" evolution="None" change="None">
		<class nclones="2">
			<source file="../../workspace/dataset/test/HttpTestClient.java" startline="1781" endline="1823" function="testResponseBodyStringAtEnd" hash="-8223213652583038542"></source>
			<source file="../../workspace/dataset/test/HttpTestClient.java" startline="1931" endline="1979" function="testResponseBodyWriteString" hash="-3570556310605523138"></source>
		</class>
	</version>
	<version nr="10" hash="49d3fac3d" evolution="Same" change="Same">
		<class nclones="2">
			<source file="../../workspace/dataset/test/HttpTestClient.java" startline="1782" endline="1824" function="testResponseBodyStringAtEnd" hash="-8223213652583038542"></source>
			<source file="../../workspace/dataset/test/HttpTestClient.java" startline="1932" endline="1980" function="testResponseBodyWriteString" hash="-3570556310605523138"></source>
		</class>
	</version>
	<version nr="10" hash="49d3fac3d" evolution="Same" change="Inconsistent">
		<class nclones="2">
			<source file="../../workspace/dataset/test/HttpTestClient.java" startline="1293" endline="1342" function="testRequestBodyWriteString" hash="-653437871191865962"></source>
			<source file="../../workspace/dataset/test/HttpTestClient.java" startline="1932" endline="1980" function="testResponseBodyWriteString" hash="-3570556310605523138"></source>
		</class>
	</version>
	<version nr="20" hash="f73e336ec" evolution="Same" change="Consistent">
		<class nclones="2">
			<source file="../../workspace/dataset/test/HttpTestClient.java" startline="1782" endline="1824" function="testResponseBodyStringAtEnd" hash="8644845527082074928"></source>
			<source file="../../workspace/dataset/test/HttpTestClient.java" startline="1932" endline="1980" function="testResponseBodyWriteString" hash="3969008464546155168"></source>
		</class>
	</version>
	<version nr="20" hash="f73e336ec" evolution="Same" change="Inconsistent">
		<class nclones="2">
			<source file="../../workspace/dataset/test/HttpTestClient.java" startline="1293" endline="1342" function="testRequestBodyWriteString" hash="-653437871191865962"></source>
			<source file="../../workspace/dataset/test/HttpTestClient.java" startline="1932" endline="1980" function="testResponseBodyWriteString" hash="3969008464546155168"></source>
		</class>
	</version>
	<version nr="30" hash="d629e8a0c" evolution="Same" change="Inconsistent">
		<class nclones="2">
			<source file="../../workspace/dataset/test/HttpTestClient.java" startline="1782" endline="1824" function="testResponseBodyStringAtEnd" hash="8644845527082074928"></source>
			<source file="../../workspace/dataset/test/HttpTestClient.java" startline="1932" endline="1980" function="testResponseBodyWriteString" hash="3969008464546155168"></source>
		</class>
	</version>
	<version nr="30" hash="d629e8a0c" evolution="Same" change="Inconsistent">
		<class nclones="2">
			<source file="../../workspace/dataset/test/HttpTestClient.java" startline="1293" endline="1342" function="testRequestBodyWriteString" hash="-653437871191865962"></source>
			<source file="../../workspace/dataset/test/HttpTestClient.java" startline="1932" endline="1980" function="testResponseBodyWriteString" hash="3969008464546155168"></source>
		</class>
	</version>
	<version nr="40" hash="367bdda7e" evolution="Same" change="Inconsistent">
		<class nclones="2">
			<source file="../../workspace/dataset/test/HttpTestClient.java" startline="1782" endline="1824" function="testResponseBodyStringAtEnd" hash="8644845527082074928"></source>
			<source file="../../workspace/dataset/test/HttpTestClient.java" startline="1932" endline="1980" function="testResponseBodyWriteString" hash="3969008464546155168"></source>
		</class>
	</version>
	<version nr="40" hash="367bdda7e" evolution="Same" change="Inconsistent">
		<class nclones="2">
			<source file="../../workspace/dataset/test/HttpTestClient.java" startline="1293" endline="1342" function="testRequestBodyWriteString" hash="-653437871191865962"></source>
			<source file="../../workspace/dataset/test/HttpTestClient.java" startline="1932" endline="1980" function="testResponseBodyWriteString" hash="3969008464546155168"></source>
		</class>
	</version>
	<version nr="50" hash="7eb3e09cf" evolution="Same" change="Consistent">
		<class nclones="2">
			<source file="../../workspace/dataset/test/HttpTestClient.java" startline="1782" endline="1824" function="testResponseBodyStringAtEnd" hash="-3468688303510494452"></source>
			<source file="../../workspace/dataset/test/HttpTestClient.java" startline="1932" endline="1980" function="testResponseBodyWriteString" hash="6835606509002887124"></source>
		</class>
	</version>
	<version nr="50" hash="7eb3e09cf" evolution="Same" change="Inconsistent">
		<class nclones="2">
			<source file="../../workspace/dataset/test/HttpTestClient.java" startline="1293" endline="1342" function="testRequestBodyWriteString" hash="-653437871191865962"></source>
			<source file="../../workspace/dataset/test/HttpTestClient.java" startline="1932" endline="1980" function="testResponseBodyWriteString" hash="6835606509002887124"></source>
		</class>
	</version>
	<version nr="60" hash="dfe9724ac" evolution="Same" change="Inconsistent">
		<class nclones="2">
			<source file="../../workspace/dataset/test/HttpTestClient.java" startline="1788" endline="1830" function="testResponseBodyStringAtEnd" hash="-3468688303510494452"></source>
			<source file="../../workspace/dataset/test/HttpTestClient.java" startline="1938" endline="1986" function="testResponseBodyWriteString" hash="6835606509002887124"></source>
		</class>
	</version>
	<version nr="60" hash="dfe9724ac" evolution="Same" change="Inconsistent">
		<class nclones="2">
			<source file="../../workspace/dataset/test/HttpTestClient.java" startline="1299" endline="1348" function="testRequestBodyWriteString" hash="-653437871191865962"></source>
			<source file="../../workspace/dataset/test/HttpTestClient.java" startline="1938" endline="1986" function="testResponseBodyWriteString" hash="6835606509002887124"></source>
		</class>
	</version>
	<version nr="70" hash="c4092176b" evolution="Same" change="Inconsistent">
		<class nclones="2">
			<source file="../../workspace/dataset/test/HttpTestClient.java" startline="1788" endline="1830" function="testResponseBodyStringAtEnd" hash="-3468688303510494452"></source>
			<source file="../../workspace/dataset/test/HttpTestClient.java" startline="1938" endline="1986" function="testResponseBodyWriteString" hash="6835606509002887124"></source>
		</class>
	</version>
	<version nr="70" hash="c4092176b" evolution="Same" change="Inconsistent">
		<class nclones="2">
			<source file="../../workspace/dataset/test/HttpTestClient.java" startline="1299" endline="1348" function="testRequestBodyWriteString" hash="-653437871191865962"></source>
			<source file="../../workspace/dataset/test/HttpTestClient.java" startline="1938" endline="1986" function="testResponseBodyWriteString" hash="6835606509002887124"></source>
		</class>
	</version>
	<version nr="80" hash="63e42823d" evolution="Same" change="Consistent">
		<class nclones="2">
			<source file="../../workspace/dataset/test/HttpTestClient.java" startline="1788" endline="1830" function="testResponseBodyStringAtEnd" hash="4887055604429477306"></source>
			<source file="../../workspace/dataset/test/HttpTestClient.java" startline="1938" endline="1986" function="testResponseBodyWriteString" hash="8980612514903438974"></source>
		</class>
	</version>
	<version nr="80" hash="63e42823d" evolution="Same" change="Inconsistent">
		<class nclones="2">
			<source file="../../workspace/dataset/test/HttpTestClient.java" startline="1299" endline="1348" function="testRequestBodyWriteString" hash="-653437871191865962"></source>
			<source file="../../workspace/dataset/test/HttpTestClient.java" startline="1938" endline="1986" function="testResponseBodyWriteString" hash="8980612514903438974"></source>
		</class>
	</version>
	<version nr="90" hash="8d66f7ef5" evolution="Same" change="Consistent">
		<class nclones="2">
			<source file="../../workspace/dataset/test/HttpTestClient.java" startline="1788" endline="1830" function="testResponseBodyStringAtEnd" hash="4660086220027575246"></source>
			<source file="../../workspace/dataset/test/HttpTestClient.java" startline="1938" endline="1986" function="testResponseBodyWriteString" hash="7945293823912240930"></source>
		</class>
	</version>
	<version nr="90" hash="8d66f7ef5" evolution="Same" change="Inconsistent">
		<class nclones="2">
			<source file="../../workspace/dataset/test/HttpTestClient.java" startline="1299" endline="1348" function="testRequestBodyWriteString" hash="-653437871191865962"></source>
			<source file="../../workspace/dataset/test/HttpTestClient.java" startline="1938" endline="1986" function="testResponseBodyWriteString" hash="7945293823912240930"></source>
		</class>
	</version>
	<version nr="100" hash="af8ac62bd" evolution="Same" change="Inconsistent">
		<class nclones="2">
			<source file="../../workspace/dataset/test/HttpTestClient.java" startline="1788" endline="1830" function="testResponseBodyStringAtEnd" hash="4660086220027575246"></source>
			<source file="../../workspace/dataset/test/HttpTestClient.java" startline="1938" endline="1986" function="testResponseBodyWriteString" hash="7945293823912240930"></source>
		</class>
	</version>
	<version nr="100" hash="af8ac62bd" evolution="Same" change="Inconsistent">
		<class nclones="2">
			<source file="../../workspace/dataset/test/HttpTestClient.java" startline="1299" endline="1348" function="testRequestBodyWriteString" hash="-653437871191865962"></source>
			<source file="../../workspace/dataset/test/HttpTestClient.java" startline="1938" endline="1986" function="testResponseBodyWriteString" hash="7945293823912240930"></source>
		</class>
	</version>
	<version nr="110" hash="deebfdf87" evolution="Same" change="Inconsistent">
		<class nclones="2">
			<source file="../../workspace/dataset/test/HttpTestClient.java" startline="1788" endline="1830" function="testResponseBodyStringAtEnd" hash="4660086220027575246"></source>
			<source file="../../workspace/dataset/test/HttpTestClient.java" startline="1938" endline="1986" function="testResponseBodyWriteString" hash="7945293823912240930"></source>
		</class>
	</version>
	<version nr="110" hash="deebfdf87" evolution="Same" change="Inconsistent">
		<class nclones="2">
			<source file="../../workspace/dataset/test/HttpTestClient.java" startline="1299" endline="1348" function="testRequestBodyWriteString" hash="-653437871191865962"></source>
			<source file="../../workspace/dataset/test/HttpTestClient.java" startline="1938" endline="1986" function="testResponseBodyWriteString" hash="7945293823912240930"></source>
		</class>
	</version>
</lineage>
<lineage>
	<version nr="0" hash="75f5f0849" evolution="None" change="None">
		<class nclones="4">
			<source file="../../workspace/dataset/test/HttpTestClient.java" startline="2068" endline="2098" function="testSendFile" hash="-8111925084401780970"></source>
			<source file="../../workspace/dataset/test/HttpTestClient.java" startline="2156" endline="2187" function="testSendFileOverrideHeaders" hash="-905345067876368952"></source>
			<source file="../../workspace/dataset/test/HttpTestClient.java" startline="2127" endline="2154" function="testSendFileNotFoundWith404Page" hash="-8432223256727680127"></source>
			<source file="../../workspace/dataset/test/HttpTestClient.java" startline="2100" endline="2125" function="testSendFileNotFound" hash="2395060967320268923"></source>
		</class>
	</version>
	<version nr="70" hash="c4092176b" evolution="Same" change="Same">
		<class nclones="4">
			<source file="../../workspace/dataset/test/HttpTestClient.java" startline="2069" endline="2099" function="testSendFile" hash="-8111925084401780970"></source>
			<source file="../../workspace/dataset/test/HttpTestClient.java" startline="2157" endline="2188" function="testSendFileOverrideHeaders" hash="-905345067876368952"></source>
			<source file="../../workspace/dataset/test/HttpTestClient.java" startline="2128" endline="2155" function="testSendFileNotFoundWith404Page" hash="-8432223256727680127"></source>
			<source file="../../workspace/dataset/test/HttpTestClient.java" startline="2101" endline="2126" function="testSendFileNotFound" hash="2395060967320268923"></source>
		</class>
	</version>
	<version nr="80" hash="63e42823d" evolution="Add" change="Same">
		<class nclones="6">
			<source file="../../workspace/dataset/test/HttpTestClient.java" startline="2075" endline="2105" function="testSendFile" hash="-8111925084401780970"></source>
			<source file="../../workspace/dataset/test/HttpTestClient.java" startline="2173" endline="2200" function="testSendFileNotFoundWith404Page" hash="-8432223256727680127"></source>
			<source file="../../workspace/dataset/test/HttpTestClient.java" startline="2236" endline="2267" function="testSendFileOverrideHeaders" hash="-905345067876368952"></source>
			<source file="../../workspace/dataset/test/HttpTestClient.java" startline="2144" endline="2169" function="testSendFileNotFound" hash="2395060967320268923"></source>
			<source file="../../workspace/dataset/test/HttpTestClient.java" startline="2107" endline="2142" function="testSendFileWithHandler" hash="-8206127950641258748"></source>
			<source file="../../workspace/dataset/test/HttpTestClient.java" startline="2202" endline="2234" function="testSendFileNotFoundWith404PageAndHandler" hash="5046511031266222591"></source>
		</class>
	</version>
	<version nr="110" hash="deebfdf87" evolution="Same" change="Same">
		<class nclones="6">
			<source file="../../workspace/dataset/test/HttpTestClient.java" startline="2075" endline="2105" function="testSendFile" hash="-8111925084401780970"></source>
			<source file="../../workspace/dataset/test/HttpTestClient.java" startline="2173" endline="2200" function="testSendFileNotFoundWith404Page" hash="-8432223256727680127"></source>
			<source file="../../workspace/dataset/test/HttpTestClient.java" startline="2107" endline="2142" function="testSendFileWithHandler" hash="-8206127950641258748"></source>
			<source file="../../workspace/dataset/test/HttpTestClient.java" startline="2236" endline="2267" function="testSendFileOverrideHeaders" hash="-905345067876368952"></source>
			<source file="../../workspace/dataset/test/HttpTestClient.java" startline="2144" endline="2169" function="testSendFileNotFound" hash="2395060967320268923"></source>
			<source file="../../workspace/dataset/test/HttpTestClient.java" startline="2202" endline="2234" function="testSendFileNotFoundWith404PageAndHandler" hash="5046511031266222591"></source>
		</class>
	</version>
</lineage>
<lineage>
	<version nr="0" hash="75f5f0849" evolution="None" change="None">
		<class nclones="2">
			<source file="../../workspace/dataset/test/HttpTestClient.java" startline="2103" endline="2117" function="handle" hash="-3837446436951419248"></source>
			<source file="../../workspace/dataset/test/HttpTestClient.java" startline="2162" endline="2178" function="handle" hash="-2251690062146678060"></source>
		</class>
	</version>
	<version nr="70" hash="c4092176b" evolution="Same" change="Same">
		<class nclones="2">
			<source file="../../workspace/dataset/test/HttpTestClient.java" startline="2104" endline="2118" function="handle" hash="-3837446436951419248"></source>
			<source file="../../workspace/dataset/test/HttpTestClient.java" startline="2163" endline="2179" function="handle" hash="-2251690062146678060"></source>
		</class>
	</version>
	<version nr="80" hash="63e42823d" evolution="Add" change="Same">
		<class nclones="6">
			<source file="../../workspace/dataset/test/HttpTestClient.java" startline="2081" endline="2097" function="handle" hash="7068504743681490133"></source>
			<source file="../../workspace/dataset/test/HttpTestClient.java" startline="2207" endline="2220" function="handle" hash="8465788173057850430"></source>
			<source file="../../workspace/dataset/test/HttpTestClient.java" startline="2147" endline="2161" function="handle" hash="-3837446436951419248"></source>
			<source file="../../workspace/dataset/test/HttpTestClient.java" startline="2242" endline="2258" function="handle" hash="-2251690062146678060"></source>
			<source file="../../workspace/dataset/test/HttpTestClient.java" startline="2113" endline="2128" function="handle" hash="7295252498749158124"></source>
			<source file="../../workspace/dataset/test/HttpTestClient.java" startline="2178" endline="2192" function="handle" hash="1010607549317372459"></source>
		</class>
	</version>
	<version nr="110" hash="deebfdf87" evolution="Same" change="Same">
		<class nclones="6">
			<source file="../../workspace/dataset/test/HttpTestClient.java" startline="2081" endline="2097" function="handle" hash="7068504743681490133"></source>
			<source file="../../workspace/dataset/test/HttpTestClient.java" startline="2207" endline="2220" function="handle" hash="8465788173057850430"></source>
			<source file="../../workspace/dataset/test/HttpTestClient.java" startline="2242" endline="2258" function="handle" hash="-2251690062146678060"></source>
			<source file="../../workspace/dataset/test/HttpTestClient.java" startline="2147" endline="2161" function="handle" hash="-3837446436951419248"></source>
			<source file="../../workspace/dataset/test/HttpTestClient.java" startline="2113" endline="2128" function="handle" hash="7295252498749158124"></source>
			<source file="../../workspace/dataset/test/HttpTestClient.java" startline="2178" endline="2192" function="handle" hash="1010607549317372459"></source>
		</class>
	</version>
</lineage>
<lineage>
	<version nr="0" hash="75f5f0849" evolution="None" change="None">
		<class nclones="2">
			<source file="../../workspace/dataset/test/HttpTestClient.java" startline="2234" endline="2275" function="test100ContinueDefault" hash="-55779119068137300"></source>
			<source file="../../workspace/dataset/test/HttpTestClient.java" startline="2277" endline="2321" function="test100ContinueHandled" hash="658094733522960474"></source>
		</class>
	</version>
	<version nr="60" hash="dfe9724ac" evolution="Same" change="Same">
		<class nclones="2">
			<source file="../../workspace/dataset/test/HttpTestClient.java" startline="2235" endline="2276" function="test100ContinueDefault" hash="-55779119068137300"></source>
			<source file="../../workspace/dataset/test/HttpTestClient.java" startline="2278" endline="2322" function="test100ContinueHandled" hash="658094733522960474"></source>
		</class>
	</version>
	<version nr="60" hash="dfe9724ac" evolution="Same" change="Inconsistent">
		<class nclones="2">
			<source file="../../workspace/dataset/test/HttpTestClient.java" startline="2284" endline="2328" function="test100ContinueHandled" hash="658094733522960474"></source>
			<source file="../../workspace/dataset/test/HttpTestClient.java" startline="2903" endline="2942" function="testAccessNetSocket" hash="-8232227339639679361"></source>
		</class>
	</version>
	<version nr="70" hash="c4092176b" evolution="Same" change="Inconsistent">
		<class nclones="2">
			<source file="../../workspace/dataset/test/HttpTestClient.java" startline="2241" endline="2282" function="test100ContinueDefault" hash="-55779119068137300"></source>
			<source file="../../workspace/dataset/test/HttpTestClient.java" startline="2284" endline="2328" function="test100ContinueHandled" hash="658094733522960474"></source>
		</class>
	</version>
	<version nr="70" hash="c4092176b" evolution="Same" change="Inconsistent">
		<class nclones="2">
			<source file="../../workspace/dataset/test/HttpTestClient.java" startline="2284" endline="2328" function="test100ContinueHandled" hash="658094733522960474"></source>
			<source file="../../workspace/dataset/test/HttpTestClient.java" startline="2903" endline="2942" function="testAccessNetSocket" hash="-8232227339639679361"></source>
		</class>
	</version>
	<version nr="80" hash="63e42823d" evolution="Same" change="Inconsistent">
		<class nclones="2">
			<source file="../../workspace/dataset/test/HttpTestClient.java" startline="2314" endline="2355" function="test100ContinueDefault" hash="-55779119068137300"></source>
			<source file="../../workspace/dataset/test/HttpTestClient.java" startline="2357" endline="2401" function="test100ContinueHandled" hash="658094733522960474"></source>
		</class>
	</version>
	<version nr="80" hash="63e42823d" evolution="Same" change="Inconsistent">
		<class nclones="2">
			<source file="../../workspace/dataset/test/HttpTestClient.java" startline="2357" endline="2401" function="test100ContinueHandled" hash="658094733522960474"></source>
			<source file="../../workspace/dataset/test/HttpTestClient.java" startline="2982" endline="3021" function="testAccessNetSocket" hash="-8232227339639679361"></source>
		</class>
	</version>
	<version nr="90" hash="8d66f7ef5" evolution="Same" change="Inconsistent">
		<class nclones="2">
			<source file="../../workspace/dataset/test/HttpTestClient.java" startline="2314" endline="2355" function="test100ContinueDefault" hash="-55779119068137300"></source>
			<source file="../../workspace/dataset/test/HttpTestClient.java" startline="2357" endline="2401" function="test100ContinueHandled" hash="658094733522960474"></source>
		</class>
	</version>
	<version nr="90" hash="8d66f7ef5" evolution="Same" change="Inconsistent">
		<class nclones="2">
			<source file="../../workspace/dataset/test/HttpTestClient.java" startline="2357" endline="2401" function="test100ContinueHandled" hash="658094733522960474"></source>
			<source file="../../workspace/dataset/test/HttpTestClient.java" startline="2982" endline="3021" function="testAccessNetSocket" hash="-8232227339639679361"></source>
		</class>
	</version>
	<version nr="100" hash="af8ac62bd" evolution="Same" change="Inconsistent">
		<class nclones="2">
			<source file="../../workspace/dataset/test/HttpTestClient.java" startline="2314" endline="2355" function="test100ContinueDefault" hash="-55779119068137300"></source>
			<source file="../../workspace/dataset/test/HttpTestClient.java" startline="2357" endline="2401" function="test100ContinueHandled" hash="658094733522960474"></source>
		</class>
	</version>
	<version nr="100" hash="af8ac62bd" evolution="Same" change="Inconsistent">
		<class nclones="2">
			<source file="../../workspace/dataset/test/HttpTestClient.java" startline="2357" endline="2401" function="test100ContinueHandled" hash="658094733522960474"></source>
			<source file="../../workspace/dataset/test/HttpTestClient.java" startline="2982" endline="3021" function="testAccessNetSocket" hash="-8232227339639679361"></source>
		</class>
	</version>
	<version nr="110" hash="deebfdf87" evolution="Same" change="Inconsistent">
		<class nclones="2">
			<source file="../../workspace/dataset/test/HttpTestClient.java" startline="2314" endline="2355" function="test100ContinueDefault" hash="-55779119068137300"></source>
			<source file="../../workspace/dataset/test/HttpTestClient.java" startline="2357" endline="2401" function="test100ContinueHandled" hash="658094733522960474"></source>
		</class>
	</version>
	<version nr="110" hash="deebfdf87" evolution="Same" change="Inconsistent">
		<class nclones="2">
			<source file="../../workspace/dataset/test/HttpTestClient.java" startline="2357" endline="2401" function="test100ContinueHandled" hash="658094733522960474"></source>
			<source file="../../workspace/dataset/test/HttpTestClient.java" startline="2982" endline="3021" function="testAccessNetSocket" hash="-8232227339639679361"></source>
		</class>
	</version>
</lineage>
<lineage>
	<version nr="0" hash="75f5f0849" evolution="None" change="None">
		<class nclones="2">
			<source file="../../workspace/dataset/test/HttpTestClient.java" startline="2310" endline="2319" function="handle" hash="3972919462701703578"></source>
			<source file="../../workspace/dataset/test/HttpTestClient.java" startline="2924" endline="2933" function="handle" hash="8373061325439782205"></source>
		</class>
	</version>
	<version nr="110" hash="deebfdf87" evolution="Same" change="Same">
		<class nclones="2">
			<source file="../../workspace/dataset/test/HttpTestClient.java" startline="2311" endline="2320" function="handle" hash="3972919462701703578"></source>
			<source file="../../workspace/dataset/test/HttpTestClient.java" startline="2925" endline="2934" function="handle" hash="8373061325439782205"></source>
		</class>
	</version>
</lineage>
<lineage>
	<version nr="0" hash="75f5f0849" evolution="None" change="None">
		<class nclones="3">
			<source file="../../workspace/dataset/test/HttpTestClient.java" startline="2635" endline="2657" function="testRemoteAddress" hash="-4610787650593062781"></source>
			<source file="../../workspace/dataset/test/HttpTestClient.java" startline="2659" endline="2682" function="testGetAbsoluteURI" hash="5993850518181229219"></source>
			<source file="../../workspace/dataset/test/HttpTestClient.java" startline="2684" endline="2705" function="testHttpVersion" hash="-7971357548806528083"></source>
		</class>
	</version>
	<version nr="10" hash="49d3fac3d" evolution="Same" change="Same">
		<class nclones="3">
			<source file="../../workspace/dataset/test/HttpTestClient.java" startline="2636" endline="2658" function="testRemoteAddress" hash="-4610787650593062781"></source>
			<source file="../../workspace/dataset/test/HttpTestClient.java" startline="2660" endline="2683" function="testGetAbsoluteURI" hash="5993850518181229219"></source>
			<source file="../../workspace/dataset/test/HttpTestClient.java" startline="2685" endline="2706" function="testHttpVersion" hash="-7971357548806528083"></source>
		</class>
	</version>
	<version nr="20" hash="f73e336ec" evolution="Same" change="Inconsistent">
		<class nclones="3">
			<source file="../../workspace/dataset/test/HttpTestClient.java" startline="2636" endline="2658" function="testRemoteAddress" hash="6157485582468490075"></source>
			<source file="../../workspace/dataset/test/HttpTestClient.java" startline="2660" endline="2683" function="testGetAbsoluteURI" hash="-4061560879864644033"></source>
			<source file="../../workspace/dataset/test/HttpTestClient.java" startline="2685" endline="2706" function="testHttpVersion" hash="-7971357548806528083"></source>
		</class>
	</version>
	<version nr="70" hash="c4092176b" evolution="Same" change="Same">
		<class nclones="3">
			<source file="../../workspace/dataset/test/HttpTestClient.java" startline="2636" endline="2658" function="testRemoteAddress" hash="6157485582468490075"></source>
			<source file="../../workspace/dataset/test/HttpTestClient.java" startline="2660" endline="2683" function="testGetAbsoluteURI" hash="-4061560879864644033"></source>
			<source file="../../workspace/dataset/test/HttpTestClient.java" startline="2685" endline="2706" function="testHttpVersion" hash="-7971357548806528083"></source>
		</class>
	</version>
	<version nr="80" hash="63e42823d" evolution="Same" change="Inconsistent">
		<class nclones="3">
			<source file="../../workspace/dataset/test/HttpTestClient.java" startline="2715" endline="2737" function="testRemoteAddress" hash="-4824720316987691505"></source>
			<source file="../../workspace/dataset/test/HttpTestClient.java" startline="2739" endline="2762" function="testGetAbsoluteURI" hash="-4043125931080474509"></source>
			<source file="../../workspace/dataset/test/HttpTestClient.java" startline="2764" endline="2785" function="testHttpVersion" hash="-7971357548806528083"></source>
		</class>
	</version>
	<version nr="90" hash="8d66f7ef5" evolution="Same" change="Inconsistent">
		<class nclones="3">
			<source file="../../workspace/dataset/test/HttpTestClient.java" startline="2715" endline="2737" function="testRemoteAddress" hash="-6922333485438106789"></source>
			<source file="../../workspace/dataset/test/HttpTestClient.java" startline="2764" endline="2785" function="testHttpVersion" hash="-7971357548806528083"></source>
			<source file="../../workspace/dataset/test/HttpTestClient.java" startline="2739" endline="2762" function="testGetAbsoluteURI" hash="-4010929615765719369"></source>
		</class>
	</version>
	<version nr="110" hash="deebfdf87" evolution="Same" change="Same">
		<class nclones="3">
			<source file="../../workspace/dataset/test/HttpTestClient.java" startline="2715" endline="2737" function="testRemoteAddress" hash="-6922333485438106789"></source>
			<source file="../../workspace/dataset/test/HttpTestClient.java" startline="2764" endline="2785" function="testHttpVersion" hash="-7971357548806528083"></source>
			<source file="../../workspace/dataset/test/HttpTestClient.java" startline="2739" endline="2762" function="testGetAbsoluteURI" hash="-4010929615765719369"></source>
		</class>
	</version>
</lineage>
<lineage>
	<version nr="0" hash="75f5f0849" evolution="None" change="None">
		<class nclones="3">
			<source file="../../workspace/dataset/test/HttpTestClient.java" startline="2707" endline="2774" function="testFormUploadFile" hash="6599809829762035457"></source>
			<source file="../../workspace/dataset/test/HttpTestClient.java" startline="2776" endline="2836" function="testFormUploadAttributes" hash="-1850090024212978096"></source>
			<source file="../../workspace/dataset/test/HttpTestClient.java" startline="2838" endline="2893" function="testFormUploadAttributes2" hash="8138975389163017867"></source>
		</class>
	</version>
	<version nr="70" hash="c4092176b" evolution="Same" change="Same">
		<class nclones="3">
			<source file="../../workspace/dataset/test/HttpTestClient.java" startline="2708" endline="2775" function="testFormUploadFile" hash="6599809829762035457"></source>
			<source file="../../workspace/dataset/test/HttpTestClient.java" startline="2777" endline="2837" function="testFormUploadAttributes" hash="-1850090024212978096"></source>
			<source file="../../workspace/dataset/test/HttpTestClient.java" startline="2839" endline="2894" function="testFormUploadAttributes2" hash="8138975389163017867"></source>
		</class>
	</version>
	<version nr="80" hash="63e42823d" evolution="Subtract" change="Same">
		<class nclones="2">
			<source file="../../workspace/dataset/test/HttpTestClient.java" startline="2862" endline="2922" function="testFormUploadAttributes" hash="-1850090024212978096"></source>
			<source file="../../workspace/dataset/test/HttpTestClient.java" startline="2924" endline="2979" function="testFormUploadAttributes2" hash="8138975389163017867"></source>
		</class>
	</version>
	<version nr="110" hash="deebfdf87" evolution="Same" change="Same">
		<class nclones="2">
			<source file="../../workspace/dataset/test/HttpTestClient.java" startline="2862" endline="2922" function="testFormUploadAttributes" hash="-1850090024212978096"></source>
			<source file="../../workspace/dataset/test/HttpTestClient.java" startline="2924" endline="2979" function="testFormUploadAttributes2" hash="8138975389163017867"></source>
		</class>
	</version>
</lineage>
<lineage>
	<version nr="0" hash="75f5f0849" evolution="None" change="None">
		<class nclones="6">
			<source file="../../workspace/dataset/test/JavaBufferTest.java" startline="118" endline="335" function="testGetOutOfBounds" hash="-7869416813418142149"></source>
			<source file="../../workspace/dataset/test/JavaBufferTest.java" startline="118" endline="335" function="testGetOutOfBounds" hash="-7869416813418142149"></source>
			<source file="../../workspace/dataset/test/JavaBufferTest.java" startline="118" endline="335" function="testGetOutOfBounds" hash="-7869416813418142149"></source>
			<source file="../../workspace/dataset/test/JavaBufferTest.java" startline="118" endline="335" function="testGetOutOfBounds" hash="-7869416813418142149"></source>
			<source file="../../workspace/dataset/test/JavaBufferTest.java" startline="118" endline="335" function="testGetOutOfBounds" hash="-7869416813418142149"></source>
			<source file="../../workspace/dataset/test/JavaBufferTest.java" startline="118" endline="335" function="testGetOutOfBounds" hash="-7869416813418142149"></source>
		</class>
	</version>
	<version nr="180" hash="54e6e77ab" evolution="Same" change="Same">
		<class nclones="6">
			<source file="../../workspace/dataset/test/JavaBufferTest.java" startline="118" endline="335" function="testGetOutOfBounds" hash="-7869416813418142149"></source>
			<source file="../../workspace/dataset/test/JavaBufferTest.java" startline="118" endline="335" function="testGetOutOfBounds" hash="-7869416813418142149"></source>
			<source file="../../workspace/dataset/test/JavaBufferTest.java" startline="118" endline="335" function="testGetOutOfBounds" hash="-7869416813418142149"></source>
			<source file="../../workspace/dataset/test/JavaBufferTest.java" startline="118" endline="335" function="testGetOutOfBounds" hash="-7869416813418142149"></source>
			<source file="../../workspace/dataset/test/JavaBufferTest.java" startline="118" endline="335" function="testGetOutOfBounds" hash="-7869416813418142149"></source>
			<source file="../../workspace/dataset/test/JavaBufferTest.java" startline="118" endline="335" function="testGetOutOfBounds" hash="-7869416813418142149"></source>
		</class>
	</version>
	<version nr="190" hash="3d67dcacc" evolution="Same" change="Consistent">
		<class nclones="6">
			<source file="../../workspace/dataset/test/JavaBufferTest.java" startline="153" endline="370" function="testGetOutOfBounds" hash="816165022900701997"></source>
			<source file="../../workspace/dataset/test/JavaBufferTest.java" startline="153" endline="370" function="testGetOutOfBounds" hash="816165022900701997"></source>
			<source file="../../workspace/dataset/test/JavaBufferTest.java" startline="153" endline="370" function="testGetOutOfBounds" hash="816165022900701997"></source>
			<source file="../../workspace/dataset/test/JavaBufferTest.java" startline="153" endline="370" function="testGetOutOfBounds" hash="816165022900701997"></source>
			<source file="../../workspace/dataset/test/JavaBufferTest.java" startline="153" endline="370" function="testGetOutOfBounds" hash="816165022900701997"></source>
			<source file="../../workspace/dataset/test/JavaBufferTest.java" startline="153" endline="370" function="testGetOutOfBounds" hash="816165022900701997"></source>
		</class>
	</version>
	<version nr="280" hash="33deb1d29" evolution="Same" change="Same">
		<class nclones="6">
			<source file="../../workspace/dataset/test/JavaBufferTest.java" startline="153" endline="370" function="testGetOutOfBounds" hash="816165022900701997"></source>
			<source file="../../workspace/dataset/test/JavaBufferTest.java" startline="153" endline="370" function="testGetOutOfBounds" hash="816165022900701997"></source>
			<source file="../../workspace/dataset/test/JavaBufferTest.java" startline="153" endline="370" function="testGetOutOfBounds" hash="816165022900701997"></source>
			<source file="../../workspace/dataset/test/JavaBufferTest.java" startline="153" endline="370" function="testGetOutOfBounds" hash="816165022900701997"></source>
			<source file="../../workspace/dataset/test/JavaBufferTest.java" startline="153" endline="370" function="testGetOutOfBounds" hash="816165022900701997"></source>
			<source file="../../workspace/dataset/test/JavaBufferTest.java" startline="153" endline="370" function="testGetOutOfBounds" hash="816165022900701997"></source>
		</class>
	</version>
</lineage>
<lineage>
	<version nr="0" hash="75f5f0849" evolution="None" change="None">
		<class nclones="2">
			<source file="../../workspace/dataset/test/LocalPeer.java" startline="56" endline="62" function="handle" hash="-4250549581517991567"></source>
			<source file="../../workspace/dataset/test/LocalPeer.java" startline="161" endline="167" function="handle" hash="7195437769365212775"></source>
		</class>
	</version>
	<version nr="80" hash="63e42823d" evolution="Same" change="Same">
		<class nclones="2">
			<source file="../../workspace/dataset/test/LocalPeer.java" startline="56" endline="62" function="handle" hash="-4250549581517991567"></source>
			<source file="../../workspace/dataset/test/LocalPeer.java" startline="161" endline="167" function="handle" hash="7195437769365212775"></source>
		</class>
	</version>
	<version nr="90" hash="8d66f7ef5" evolution="Same" change="Consistent">
		<class nclones="2">
			<source file="../../workspace/dataset/test/LocalPeer.java" startline="90" endline="104" function="handle" hash="-2736110180489165984"></source>
			<source file="../../workspace/dataset/test/LocalPeer.java" startline="122" endline="137" function="handle" hash="-6204337737691716871"></source>
		</class>
	</version>
	<version nr="280" hash="33deb1d29" evolution="Same" change="Same">
		<class nclones="2">
			<source file="../../workspace/dataset/test/LocalPeer.java" startline="90" endline="104" function="handle" hash="-2736110180489165984"></source>
			<source file="../../workspace/dataset/test/LocalPeer.java" startline="122" endline="137" function="handle" hash="-6204337737691716871"></source>
		</class>
	</version>
</lineage>
<lineage>
	<version nr="0" hash="75f5f0849" evolution="None" change="None">
		<class nclones="2">
			<source file="../../workspace/dataset/test/CountServer.java" startline="37" endline="56" function="start" hash="3065870076698431940"></source>
			<source file="../../workspace/dataset/test/InstanceCheckServer.java" startline="41" endline="66" function="start" hash="-7632639796132013861"></source>
		</class>
	</version>
</lineage>
<lineage>
	<version nr="0" hash="75f5f0849" evolution="None" change="None">
		<class nclones="2">
			<source file="../../workspace/dataset/test/LocalClient.java" startline="94" endline="106" function="testReplyDifferentType" hash="-1275722967423485621"></source>
			<source file="../../workspace/dataset/test/LocalClient.java" startline="114" endline="117" function="handle" hash="1993881163283137942"></source>
		</class>
	</version>
	<version nr="280" hash="33deb1d29" evolution="Same" change="Same">
		<class nclones="2">
			<source file="../../workspace/dataset/test/LocalClient.java" startline="103" endline="106" function="handle" hash="1993881163283137942"></source>
			<source file="../../workspace/dataset/test/LocalClient.java" startline="117" endline="120" function="handle" hash="1993881163283137942"></source>
		</class>
	</version>
</lineage>
<lineage>
	<version nr="0" hash="75f5f0849" evolution="None" change="None">
		<class nclones="2">
			<source file="../../workspace/dataset/test/HttpTestClient.java" startline="2498" endline="2551" function="tls" hash="4895825998400889653"></source>
			<source file="../../workspace/dataset/test/TestClient.java" startline="627" endline="689" function="tls" hash="8989217146766731773"></source>
		</class>
	</version>
	<version nr="110" hash="deebfdf87" evolution="Same" change="Same">
		<class nclones="2">
			<source file="../../workspace/dataset/test/HttpTestClient.java" startline="2499" endline="2552" function="tls" hash="4895825998400889653"></source>
			<source file="../../workspace/dataset/test/TestClient.java" startline="627" endline="689" function="tls" hash="8989217146766731773"></source>
		</class>
	</version>
	<version nr="120" hash="572f29abe" evolution="Same" change="Inconsistent">
		<class nclones="2">
			<source file="../../workspace/dataset/test/TestClient.java" startline="627" endline="689" function="tls" hash="8989217146766731773"></source>
			<source file="../../workspace/dataset/test/TestClient.java" startline="691" endline="772" function="testStartTLSClientTrustAll" hash="6945015966045620881"></source>
		</class>
	</version>
	<version nr="180" hash="54e6e77ab" evolution="Same" change="Same">
		<class nclones="2">
			<source file="../../workspace/dataset/test/TestClient.java" startline="627" endline="689" function="tls" hash="8989217146766731773"></source>
			<source file="../../workspace/dataset/test/TestClient.java" startline="691" endline="772" function="testStartTLSClientTrustAll" hash="6945015966045620881"></source>
		</class>
	</version>
	<version nr="190" hash="3d67dcacc" evolution="Same" change="Inconsistent">
		<class nclones="2">
			<source file="../../workspace/dataset/test/TestClient.java" startline="285" endline="315" function="getEchoHandler" hash="7267257789631740916"></source>
			<source file="../../workspace/dataset/test/TestClient.java" startline="627" endline="689" function="tls" hash="8989217146766731773"></source>
		</class>
	</version>
	<version nr="190" hash="3d67dcacc" evolution="Same" change="Inconsistent">
		<class nclones="2">
			<source file="../../workspace/dataset/test/TestClient.java" startline="627" endline="689" function="tls" hash="8989217146766731773"></source>
			<source file="../../workspace/dataset/test/TestClient.java" startline="691" endline="772" function="testStartTLSClientTrustAll" hash="6945015966045620881"></source>
		</class>
	</version>
	<version nr="200" hash="70c9eb220" evolution="Same" change="Inconsistent">
		<class nclones="2">
			<source file="../../workspace/dataset/test/TestClient.java" startline="285" endline="315" function="getEchoHandler" hash="7267257789631740916"></source>
			<source file="../../workspace/dataset/test/TestClient.java" startline="627" endline="689" function="tls" hash="8989217146766731773"></source>
		</class>
	</version>
	<version nr="200" hash="70c9eb220" evolution="Same" change="Inconsistent">
		<class nclones="2">
			<source file="../../workspace/dataset/test/TestClient.java" startline="627" endline="689" function="tls" hash="8989217146766731773"></source>
			<source file="../../workspace/dataset/test/TestClient.java" startline="691" endline="772" function="testStartTLSClientTrustAll" hash="6945015966045620881"></source>
		</class>
	</version>
	<version nr="210" hash="375e9cdce" evolution="Same" change="Inconsistent">
		<class nclones="2">
			<source file="../../workspace/dataset/test/TestClient.java" startline="285" endline="315" function="getEchoHandler" hash="7267257789631740916"></source>
			<source file="../../workspace/dataset/test/TestClient.java" startline="627" endline="689" function="tls" hash="8989217146766731773"></source>
		</class>
	</version>
	<version nr="210" hash="375e9cdce" evolution="Same" change="Inconsistent">
		<class nclones="2">
			<source file="../../workspace/dataset/test/TestClient.java" startline="627" endline="689" function="tls" hash="8989217146766731773"></source>
			<source file="../../workspace/dataset/test/TestClient.java" startline="691" endline="772" function="testStartTLSClientTrustAll" hash="6945015966045620881"></source>
		</class>
	</version>
</lineage>
<lineage>
	<version nr="0" hash="75f5f0849" evolution="None" change="None">
		<class nclones="2">
			<source file="../../workspace/dataset/test/HttpTestClient.java" startline="509" endline="530" function="testSimpleRequest" hash="2191206063057576774"></source>
			<source file="../../workspace/dataset/test/HttpTestClient.java" startline="1608" endline="1736" function="testUseResponseAfterComplete" hash="556161051813417689"></source>
		</class>
	</version>
</lineage>
<lineage>
	<version nr="0" hash="75f5f0849" evolution="None" change="None">
		<class nclones="2">
			<source file="../../workspace/dataset/test/HttpTestClient.java" startline="509" endline="530" function="testSimpleRequest" hash="2191206063057576774"></source>
			<source file="../../workspace/dataset/test/HttpTestClient.java" startline="1825" endline="1850" function="testResponseBodyWriteStringNonChunked" hash="9193624859956127024"></source>
		</class>
	</version>
</lineage>
<lineage>
	<version nr="0" hash="75f5f0849" evolution="None" change="None">
		<class nclones="2">
			<source file="../../workspace/dataset/test/HttpTestClient.java" startline="509" endline="530" function="testSimpleRequest" hash="2191206063057576774"></source>
			<source file="../../workspace/dataset/test/HttpTestClient.java" startline="605" endline="631" function="testParams" hash="-5029536951041984336"></source>
		</class>
	</version>
</lineage>
<lineage>
	<version nr="0" hash="75f5f0849" evolution="None" change="None">
		<class nclones="2">
			<source file="../../workspace/dataset/test/HttpTestClient.java" startline="605" endline="631" function="testParams" hash="-5029536951041984336"></source>
			<source file="../../workspace/dataset/test/HttpTestClient.java" startline="1608" endline="1736" function="testUseResponseAfterComplete" hash="556161051813417689"></source>
		</class>
	</version>
</lineage>
<lineage>
	<version nr="0" hash="75f5f0849" evolution="None" change="None">
		<class nclones="2">
			<source file="../../workspace/dataset/test/HttpTestClient.java" startline="605" endline="631" function="testParams" hash="-5029536951041984336"></source>
			<source file="../../workspace/dataset/test/HttpTestClient.java" startline="1825" endline="1850" function="testResponseBodyWriteStringNonChunked" hash="9193624859956127024"></source>
		</class>
	</version>
</lineage>
<lineage>
	<version nr="0" hash="75f5f0849" evolution="None" change="None">
		<class nclones="2">
			<source file="../../workspace/dataset/test/HttpTestClient.java" startline="1141" endline="1181" function="testRequestBodyStringAtEnd" hash="-7176096800106316990"></source>
			<source file="../../workspace/dataset/test/HttpTestClient.java" startline="1781" endline="1823" function="testResponseBodyStringAtEnd" hash="-8223213652583038542"></source>
		</class>
	</version>
</lineage>
<lineage>
	<version nr="0" hash="75f5f0849" evolution="None" change="None">
		<class nclones="2">
			<source file="../../workspace/dataset/test/HttpTestClient.java" startline="1292" endline="1341" function="testRequestBodyWriteString" hash="-653437871191865962"></source>
			<source file="../../workspace/dataset/test/HttpTestClient.java" startline="1931" endline="1979" function="testResponseBodyWriteString" hash="-3570556310605523138"></source>
		</class>
	</version>
	<version nr="10" hash="49d3fac3d" evolution="Same" change="Inconsistent">
		<class nclones="2">
			<source file="../../workspace/dataset/test/HttpTestClient.java" startline="1227" endline="1267" function="testRequestBodyWriteBuffer" hash="-8934257741399647907"></source>
			<source file="../../workspace/dataset/test/HttpTestClient.java" startline="1293" endline="1342" function="testRequestBodyWriteString" hash="-653437871191865962"></source>
		</class>
	</version>
	<version nr="50" hash="7eb3e09cf" evolution="Same" change="Same">
		<class nclones="2">
			<source file="../../workspace/dataset/test/HttpTestClient.java" startline="1227" endline="1267" function="testRequestBodyWriteBuffer" hash="-8934257741399647907"></source>
			<source file="../../workspace/dataset/test/HttpTestClient.java" startline="1293" endline="1342" function="testRequestBodyWriteString" hash="-653437871191865962"></source>
		</class>
	</version>
</lineage>
<lineage>
	<version nr="0" hash="75f5f0849" evolution="None" change="None">
		<class nclones="2">
			<source file="../../workspace/dataset/test/HttpTestClient.java" startline="1608" endline="1736" function="testUseResponseAfterComplete" hash="556161051813417689"></source>
			<source file="../../workspace/dataset/test/HttpTestClient.java" startline="1825" endline="1850" function="testResponseBodyWriteStringNonChunked" hash="9193624859956127024"></source>
		</class>
	</version>
</lineage>
<lineage>
	<version nr="30" hash="d629e8a0c" evolution="None" change="None">
		<class nclones="2">
			<source file="../../workspace/dataset/test/DnsTestClient.java" startline="214" endline="228" function="testLookup4" hash="4067494464711704078"></source>
			<source file="../../workspace/dataset/test/DnsTestClient.java" startline="245" endline="259" function="testLookup" hash="4589923797621654764"></source>
		</class>
	</version>
	<version nr="280" hash="33deb1d29" evolution="Same" change="Same">
		<class nclones="2">
			<source file="../../workspace/dataset/test/DnsTestClient.java" startline="214" endline="228" function="testLookup4" hash="4067494464711704078"></source>
			<source file="../../workspace/dataset/test/DnsTestClient.java" startline="245" endline="259" function="testLookup" hash="4589923797621654764"></source>
		</class>
	</version>
</lineage>
<lineage>
	<version nr="30" hash="d629e8a0c" evolution="None" change="None">
		<class nclones="2">
			<source file="../../workspace/dataset/test/DnsTestClient.java" startline="274" endline="291" function="testReverseLookupIpv4" hash="-318262299381103985"></source>
			<source file="../../workspace/dataset/test/DnsTestClient.java" startline="294" endline="312" function="testReverseLookupIpv6" hash="7302808250691013541"></source>
		</class>
	</version>
	<version nr="120" hash="572f29abe" evolution="Same" change="Same">
		<class nclones="2">
			<source file="../../workspace/dataset/test/DnsTestClient.java" startline="274" endline="291" function="testReverseLookupIpv4" hash="-318262299381103985"></source>
			<source file="../../workspace/dataset/test/DnsTestClient.java" startline="294" endline="312" function="testReverseLookupIpv6" hash="7302808250691013541"></source>
		</class>
	</version>
	<version nr="120" hash="572f29abe" evolution="Same" change="Inconsistent">
		<class nclones="2">
			<source file="../../workspace/dataset/test/DnsTestClient.java" startline="274" endline="291" function="testReverseLookupIpv4" hash="-318262299381103985"></source>
			<source file="../../workspace/dataset/test/DnsTestClient.java" startline="302" endline="310" function="handle" hash="-1405871951963584287"></source>
		</class>
	</version>
	<version nr="130" hash="ab931672a" evolution="Same" change="Inconsistent">
		<class nclones="2">
			<source file="../../workspace/dataset/test/DnsTestClient.java" startline="274" endline="291" function="testReverseLookupIpv4" hash="-318262299381103985"></source>
			<source file="../../workspace/dataset/test/DnsTestClient.java" startline="294" endline="312" function="testReverseLookupIpv6" hash="7302808250691013541"></source>
		</class>
	</version>
	<version nr="130" hash="ab931672a" evolution="Same" change="Inconsistent">
		<class nclones="2">
			<source file="../../workspace/dataset/test/DnsTestClient.java" startline="274" endline="291" function="testReverseLookupIpv4" hash="-318262299381103985"></source>
			<source file="../../workspace/dataset/test/DnsTestClient.java" startline="302" endline="310" function="handle" hash="-1405871951963584287"></source>
		</class>
	</version>
	<version nr="140" hash="8d1a69700" evolution="Same" change="Inconsistent">
		<class nclones="2">
			<source file="../../workspace/dataset/test/DnsTestClient.java" startline="274" endline="291" function="testReverseLookupIpv4" hash="-318262299381103985"></source>
			<source file="../../workspace/dataset/test/DnsTestClient.java" startline="294" endline="312" function="testReverseLookupIpv6" hash="7302808250691013541"></source>
		</class>
	</version>
	<version nr="140" hash="8d1a69700" evolution="Same" change="Inconsistent">
		<class nclones="2">
			<source file="../../workspace/dataset/test/DnsTestClient.java" startline="274" endline="291" function="testReverseLookupIpv4" hash="-318262299381103985"></source>
			<source file="../../workspace/dataset/test/DnsTestClient.java" startline="302" endline="310" function="handle" hash="-1405871951963584287"></source>
		</class>
	</version>
	<version nr="150" hash="8745db469" evolution="Same" change="Inconsistent">
		<class nclones="2">
			<source file="../../workspace/dataset/test/DnsTestClient.java" startline="274" endline="291" function="testReverseLookupIpv4" hash="-318262299381103985"></source>
			<source file="../../workspace/dataset/test/DnsTestClient.java" startline="294" endline="312" function="testReverseLookupIpv6" hash="7302808250691013541"></source>
		</class>
	</version>
	<version nr="150" hash="8745db469" evolution="Same" change="Inconsistent">
		<class nclones="2">
			<source file="../../workspace/dataset/test/DnsTestClient.java" startline="274" endline="291" function="testReverseLookupIpv4" hash="-318262299381103985"></source>
			<source file="../../workspace/dataset/test/DnsTestClient.java" startline="302" endline="310" function="handle" hash="-1405871951963584287"></source>
		</class>
	</version>
	<version nr="160" hash="03c27dc4c" evolution="Same" change="Inconsistent">
		<class nclones="2">
			<source file="../../workspace/dataset/test/DnsTestClient.java" startline="274" endline="291" function="testReverseLookupIpv4" hash="-318262299381103985"></source>
			<source file="../../workspace/dataset/test/DnsTestClient.java" startline="294" endline="312" function="testReverseLookupIpv6" hash="7302808250691013541"></source>
		</class>
	</version>
	<version nr="160" hash="03c27dc4c" evolution="Same" change="Inconsistent">
		<class nclones="2">
			<source file="../../workspace/dataset/test/DnsTestClient.java" startline="274" endline="291" function="testReverseLookupIpv4" hash="-318262299381103985"></source>
			<source file="../../workspace/dataset/test/DnsTestClient.java" startline="302" endline="310" function="handle" hash="-1405871951963584287"></source>
		</class>
	</version>
	<version nr="170" hash="0f09dcd5b" evolution="Same" change="Inconsistent">
		<class nclones="2">
			<source file="../../workspace/dataset/test/DnsTestClient.java" startline="274" endline="291" function="testReverseLookupIpv4" hash="-318262299381103985"></source>
			<source file="../../workspace/dataset/test/DnsTestClient.java" startline="294" endline="312" function="testReverseLookupIpv6" hash="7302808250691013541"></source>
		</class>
	</version>
	<version nr="170" hash="0f09dcd5b" evolution="Same" change="Inconsistent">
		<class nclones="2">
			<source file="../../workspace/dataset/test/DnsTestClient.java" startline="274" endline="291" function="testReverseLookupIpv4" hash="-318262299381103985"></source>
			<source file="../../workspace/dataset/test/DnsTestClient.java" startline="302" endline="310" function="handle" hash="-1405871951963584287"></source>
		</class>
	</version>
	<version nr="180" hash="54e6e77ab" evolution="Same" change="Inconsistent">
		<class nclones="2">
			<source file="../../workspace/dataset/test/DnsTestClient.java" startline="274" endline="291" function="testReverseLookupIpv4" hash="-318262299381103985"></source>
			<source file="../../workspace/dataset/test/DnsTestClient.java" startline="294" endline="312" function="testReverseLookupIpv6" hash="7302808250691013541"></source>
		</class>
	</version>
	<version nr="180" hash="54e6e77ab" evolution="Same" change="Inconsistent">
		<class nclones="2">
			<source file="../../workspace/dataset/test/DnsTestClient.java" startline="274" endline="291" function="testReverseLookupIpv4" hash="-318262299381103985"></source>
			<source file="../../workspace/dataset/test/DnsTestClient.java" startline="302" endline="310" function="handle" hash="-1405871951963584287"></source>
		</class>
	</version>
	<version nr="190" hash="3d67dcacc" evolution="Same" change="Inconsistent">
		<class nclones="2">
			<source file="../../workspace/dataset/test/DnsTestClient.java" startline="274" endline="291" function="testReverseLookupIpv4" hash="-318262299381103985"></source>
			<source file="../../workspace/dataset/test/DnsTestClient.java" startline="294" endline="312" function="testReverseLookupIpv6" hash="7302808250691013541"></source>
		</class>
	</version>
	<version nr="190" hash="3d67dcacc" evolution="Same" change="Inconsistent">
		<class nclones="2">
			<source file="../../workspace/dataset/test/DnsTestClient.java" startline="274" endline="291" function="testReverseLookupIpv4" hash="-318262299381103985"></source>
			<source file="../../workspace/dataset/test/DnsTestClient.java" startline="302" endline="310" function="handle" hash="-1405871951963584287"></source>
		</class>
	</version>
	<version nr="200" hash="70c9eb220" evolution="Same" change="Inconsistent">
		<class nclones="2">
			<source file="../../workspace/dataset/test/DnsTestClient.java" startline="274" endline="291" function="testReverseLookupIpv4" hash="-318262299381103985"></source>
			<source file="../../workspace/dataset/test/DnsTestClient.java" startline="294" endline="312" function="testReverseLookupIpv6" hash="7302808250691013541"></source>
		</class>
	</version>
	<version nr="200" hash="70c9eb220" evolution="Same" change="Inconsistent">
		<class nclones="2">
			<source file="../../workspace/dataset/test/DnsTestClient.java" startline="274" endline="291" function="testReverseLookupIpv4" hash="-318262299381103985"></source>
			<source file="../../workspace/dataset/test/DnsTestClient.java" startline="302" endline="310" function="handle" hash="-1405871951963584287"></source>
		</class>
	</version>
	<version nr="210" hash="375e9cdce" evolution="Same" change="Inconsistent">
		<class nclones="2">
			<source file="../../workspace/dataset/test/DnsTestClient.java" startline="274" endline="291" function="testReverseLookupIpv4" hash="-318262299381103985"></source>
			<source file="../../workspace/dataset/test/DnsTestClient.java" startline="294" endline="312" function="testReverseLookupIpv6" hash="7302808250691013541"></source>
		</class>
	</version>
	<version nr="210" hash="375e9cdce" evolution="Same" change="Inconsistent">
		<class nclones="2">
			<source file="../../workspace/dataset/test/DnsTestClient.java" startline="274" endline="291" function="testReverseLookupIpv4" hash="-318262299381103985"></source>
			<source file="../../workspace/dataset/test/DnsTestClient.java" startline="302" endline="310" function="handle" hash="-1405871951963584287"></source>
		</class>
	</version>
	<version nr="220" hash="ba642a794" evolution="Same" change="Inconsistent">
		<class nclones="2">
			<source file="../../workspace/dataset/test/DnsTestClient.java" startline="274" endline="291" function="testReverseLookupIpv4" hash="-318262299381103985"></source>
			<source file="../../workspace/dataset/test/DnsTestClient.java" startline="294" endline="312" function="testReverseLookupIpv6" hash="7302808250691013541"></source>
		</class>
	</version>
	<version nr="220" hash="ba642a794" evolution="Same" change="Inconsistent">
		<class nclones="2">
			<source file="../../workspace/dataset/test/DnsTestClient.java" startline="274" endline="291" function="testReverseLookupIpv4" hash="-318262299381103985"></source>
			<source file="../../workspace/dataset/test/DnsTestClient.java" startline="302" endline="310" function="handle" hash="-1405871951963584287"></source>
		</class>
	</version>
	<version nr="230" hash="d0059ecf1" evolution="Same" change="Inconsistent">
		<class nclones="2">
			<source file="../../workspace/dataset/test/DnsTestClient.java" startline="274" endline="291" function="testReverseLookupIpv4" hash="-318262299381103985"></source>
			<source file="../../workspace/dataset/test/DnsTestClient.java" startline="294" endline="312" function="testReverseLookupIpv6" hash="7302808250691013541"></source>
		</class>
	</version>
	<version nr="230" hash="d0059ecf1" evolution="Same" change="Inconsistent">
		<class nclones="2">
			<source file="../../workspace/dataset/test/DnsTestClient.java" startline="274" endline="291" function="testReverseLookupIpv4" hash="-318262299381103985"></source>
			<source file="../../workspace/dataset/test/DnsTestClient.java" startline="302" endline="310" function="handle" hash="-1405871951963584287"></source>
		</class>
	</version>
	<version nr="240" hash="b97840287" evolution="Same" change="Inconsistent">
		<class nclones="2">
			<source file="../../workspace/dataset/test/DnsTestClient.java" startline="274" endline="291" function="testReverseLookupIpv4" hash="-318262299381103985"></source>
			<source file="../../workspace/dataset/test/DnsTestClient.java" startline="294" endline="312" function="testReverseLookupIpv6" hash="7302808250691013541"></source>
		</class>
	</version>
	<version nr="240" hash="b97840287" evolution="Same" change="Inconsistent">
		<class nclones="2">
			<source file="../../workspace/dataset/test/DnsTestClient.java" startline="274" endline="291" function="testReverseLookupIpv4" hash="-318262299381103985"></source>
			<source file="../../workspace/dataset/test/DnsTestClient.java" startline="302" endline="310" function="handle" hash="-1405871951963584287"></source>
		</class>
	</version>
	<version nr="250" hash="c6773311c" evolution="Same" change="Inconsistent">
		<class nclones="2">
			<source file="../../workspace/dataset/test/DnsTestClient.java" startline="274" endline="291" function="testReverseLookupIpv4" hash="-318262299381103985"></source>
			<source file="../../workspace/dataset/test/DnsTestClient.java" startline="294" endline="312" function="testReverseLookupIpv6" hash="7302808250691013541"></source>
		</class>
	</version>
	<version nr="250" hash="c6773311c" evolution="Same" change="Inconsistent">
		<class nclones="2">
			<source file="../../workspace/dataset/test/DnsTestClient.java" startline="274" endline="291" function="testReverseLookupIpv4" hash="-318262299381103985"></source>
			<source file="../../workspace/dataset/test/DnsTestClient.java" startline="302" endline="310" function="handle" hash="-1405871951963584287"></source>
		</class>
	</version>
	<version nr="260" hash="83eedcf77" evolution="Same" change="Inconsistent">
		<class nclones="2">
			<source file="../../workspace/dataset/test/DnsTestClient.java" startline="274" endline="291" function="testReverseLookupIpv4" hash="-318262299381103985"></source>
			<source file="../../workspace/dataset/test/DnsTestClient.java" startline="294" endline="312" function="testReverseLookupIpv6" hash="7302808250691013541"></source>
		</class>
	</version>
	<version nr="260" hash="83eedcf77" evolution="Same" change="Inconsistent">
		<class nclones="2">
			<source file="../../workspace/dataset/test/DnsTestClient.java" startline="274" endline="291" function="testReverseLookupIpv4" hash="-318262299381103985"></source>
			<source file="../../workspace/dataset/test/DnsTestClient.java" startline="302" endline="310" function="handle" hash="-1405871951963584287"></source>
		</class>
	</version>
	<version nr="270" hash="d3155c919" evolution="Same" change="Inconsistent">
		<class nclones="2">
			<source file="../../workspace/dataset/test/DnsTestClient.java" startline="274" endline="291" function="testReverseLookupIpv4" hash="-318262299381103985"></source>
			<source file="../../workspace/dataset/test/DnsTestClient.java" startline="294" endline="312" function="testReverseLookupIpv6" hash="7302808250691013541"></source>
		</class>
	</version>
	<version nr="270" hash="d3155c919" evolution="Same" change="Inconsistent">
		<class nclones="2">
			<source file="../../workspace/dataset/test/DnsTestClient.java" startline="274" endline="291" function="testReverseLookupIpv4" hash="-318262299381103985"></source>
			<source file="../../workspace/dataset/test/DnsTestClient.java" startline="302" endline="310" function="handle" hash="-1405871951963584287"></source>
		</class>
	</version>
	<version nr="280" hash="33deb1d29" evolution="Same" change="Inconsistent">
		<class nclones="2">
			<source file="../../workspace/dataset/test/DnsTestClient.java" startline="274" endline="291" function="testReverseLookupIpv4" hash="-318262299381103985"></source>
			<source file="../../workspace/dataset/test/DnsTestClient.java" startline="294" endline="312" function="testReverseLookupIpv6" hash="7302808250691013541"></source>
		</class>
	</version>
	<version nr="280" hash="33deb1d29" evolution="Same" change="Inconsistent">
		<class nclones="2">
			<source file="../../workspace/dataset/test/DnsTestClient.java" startline="274" endline="291" function="testReverseLookupIpv4" hash="-318262299381103985"></source>
			<source file="../../workspace/dataset/test/DnsTestClient.java" startline="302" endline="310" function="handle" hash="-1405871951963584287"></source>
		</class>
	</version>
</lineage>
<lineage>
	<version nr="30" hash="d629e8a0c" evolution="None" change="None">
		<class nclones="2">
			<source file="../../workspace/dataset/test/HATest.java" startline="304" endline="323" function="testSimpleQuorum" hash="-6569672399157696133"></source>
			<source file="../../workspace/dataset/test/HATest.java" startline="348" endline="367" function="testQuorumMultipleSameNode" hash="-7978922296791172872"></source>
		</class>
	</version>
	<version nr="40" hash="367bdda7e" evolution="Same" change="Same">
		<class nclones="2">
			<source file="../../workspace/dataset/test/HATest.java" startline="304" endline="323" function="testSimpleQuorum" hash="-6569672399157696133"></source>
			<source file="../../workspace/dataset/test/HATest.java" startline="348" endline="367" function="testQuorumMultipleSameNode" hash="-7978922296791172872"></source>
		</class>
	</version>
	<version nr="40" hash="367bdda7e" evolution="Same" change="Inconsistent">
		<class nclones="2">
			<source file="../../workspace/dataset/test/HATest.java" startline="304" endline="323" function="testSimpleQuorum" hash="-6569672399157696133"></source>
			<source file="../../workspace/dataset/test/HATest.java" startline="400" endline="432" function="testQuorumNoQuorum" hash="-1537470844717914495"></source>
		</class>
	</version>
	<version nr="40" hash="367bdda7e" evolution="Same" change="Inconsistent">
		<class nclones="2">
			<source file="../../workspace/dataset/test/HATest.java" startline="348" endline="367" function="testQuorumMultipleSameNode" hash="-7978922296791172872"></source>
			<source file="../../workspace/dataset/test/HATest.java" startline="400" endline="432" function="testQuorumNoQuorum" hash="-1537470844717914495"></source>
		</class>
	</version>
	<version nr="50" hash="7eb3e09cf" evolution="Same" change="Inconsistent">
		<class nclones="2">
			<source file="../../workspace/dataset/test/HATest.java" startline="304" endline="323" function="testSimpleQuorum" hash="-6569672399157696133"></source>
			<source file="../../workspace/dataset/test/HATest.java" startline="348" endline="367" function="testQuorumMultipleSameNode" hash="-7978922296791172872"></source>
		</class>
	</version>
	<version nr="50" hash="7eb3e09cf" evolution="Same" change="Inconsistent">
		<class nclones="2">
			<source file="../../workspace/dataset/test/HATest.java" startline="304" endline="323" function="testSimpleQuorum" hash="-6569672399157696133"></source>
			<source file="../../workspace/dataset/test/HATest.java" startline="400" endline="432" function="testQuorumNoQuorum" hash="-1537470844717914495"></source>
		</class>
	</version>
	<version nr="50" hash="7eb3e09cf" evolution="Same" change="Inconsistent">
		<class nclones="2">
			<source file="../../workspace/dataset/test/HATest.java" startline="348" endline="367" function="testQuorumMultipleSameNode" hash="-7978922296791172872"></source>
			<source file="../../workspace/dataset/test/HATest.java" startline="400" endline="432" function="testQuorumNoQuorum" hash="-1537470844717914495"></source>
		</class>
	</version>
	<version nr="60" hash="dfe9724ac" evolution="Same" change="Inconsistent">
		<class nclones="2">
			<source file="../../workspace/dataset/test/HATest.java" startline="304" endline="323" function="testSimpleQuorum" hash="-6569672399157696133"></source>
			<source file="../../workspace/dataset/test/HATest.java" startline="348" endline="367" function="testQuorumMultipleSameNode" hash="-7978922296791172872"></source>
		</class>
	</version>
	<version nr="60" hash="dfe9724ac" evolution="Same" change="Inconsistent">
		<class nclones="2">
			<source file="../../workspace/dataset/test/HATest.java" startline="304" endline="323" function="testSimpleQuorum" hash="-6569672399157696133"></source>
			<source file="../../workspace/dataset/test/HATest.java" startline="400" endline="432" function="testQuorumNoQuorum" hash="-1537470844717914495"></source>
		</class>
	</version>
	<version nr="60" hash="dfe9724ac" evolution="Same" change="Inconsistent">
		<class nclones="2">
			<source file="../../workspace/dataset/test/HATest.java" startline="348" endline="367" function="testQuorumMultipleSameNode" hash="-7978922296791172872"></source>
			<source file="../../workspace/dataset/test/HATest.java" startline="400" endline="432" function="testQuorumNoQuorum" hash="-1537470844717914495"></source>
		</class>
	</version>
	<version nr="70" hash="c4092176b" evolution="Same" change="Inconsistent">
		<class nclones="2">
			<source file="../../workspace/dataset/test/HATest.java" startline="304" endline="323" function="testSimpleQuorum" hash="-6569672399157696133"></source>
			<source file="../../workspace/dataset/test/HATest.java" startline="348" endline="367" function="testQuorumMultipleSameNode" hash="-7978922296791172872"></source>
		</class>
	</version>
	<version nr="70" hash="c4092176b" evolution="Same" change="Inconsistent">
		<class nclones="2">
			<source file="../../workspace/dataset/test/HATest.java" startline="304" endline="323" function="testSimpleQuorum" hash="-6569672399157696133"></source>
			<source file="../../workspace/dataset/test/HATest.java" startline="400" endline="432" function="testQuorumNoQuorum" hash="-1537470844717914495"></source>
		</class>
	</version>
	<version nr="70" hash="c4092176b" evolution="Same" change="Inconsistent">
		<class nclones="2">
			<source file="../../workspace/dataset/test/HATest.java" startline="348" endline="367" function="testQuorumMultipleSameNode" hash="-7978922296791172872"></source>
			<source file="../../workspace/dataset/test/HATest.java" startline="400" endline="432" function="testQuorumNoQuorum" hash="-1537470844717914495"></source>
		</class>
	</version>
	<version nr="80" hash="63e42823d" evolution="Same" change="Inconsistent">
		<class nclones="2">
			<source file="../../workspace/dataset/test/HATest.java" startline="304" endline="323" function="testSimpleQuorum" hash="-6569672399157696133"></source>
			<source file="../../workspace/dataset/test/HATest.java" startline="348" endline="367" function="testQuorumMultipleSameNode" hash="-7978922296791172872"></source>
		</class>
	</version>
	<version nr="80" hash="63e42823d" evolution="Same" change="Inconsistent">
		<class nclones="2">
			<source file="../../workspace/dataset/test/HATest.java" startline="304" endline="323" function="testSimpleQuorum" hash="-6569672399157696133"></source>
			<source file="../../workspace/dataset/test/HATest.java" startline="400" endline="432" function="testQuorumNoQuorum" hash="-1537470844717914495"></source>
		</class>
	</version>
	<version nr="80" hash="63e42823d" evolution="Same" change="Inconsistent">
		<class nclones="2">
			<source file="../../workspace/dataset/test/HATest.java" startline="348" endline="367" function="testQuorumMultipleSameNode" hash="-7978922296791172872"></source>
			<source file="../../workspace/dataset/test/HATest.java" startline="400" endline="432" function="testQuorumNoQuorum" hash="-1537470844717914495"></source>
		</class>
	</version>
	<version nr="90" hash="8d66f7ef5" evolution="Same" change="Inconsistent">
		<class nclones="2">
			<source file="../../workspace/dataset/test/HATest.java" startline="303" endline="322" function="testSimpleQuorum" hash="-6569672399157696133"></source>
			<source file="../../workspace/dataset/test/HATest.java" startline="347" endline="366" function="testQuorumMultipleSameNode" hash="-7978922296791172872"></source>
		</class>
	</version>
	<version nr="90" hash="8d66f7ef5" evolution="Same" change="Inconsistent">
		<class nclones="2">
			<source file="../../workspace/dataset/test/HATest.java" startline="303" endline="322" function="testSimpleQuorum" hash="-6569672399157696133"></source>
			<source file="../../workspace/dataset/test/HATest.java" startline="399" endline="431" function="testQuorumNoQuorum" hash="-1537470844717914495"></source>
		</class>
	</version>
	<version nr="90" hash="8d66f7ef5" evolution="Same" change="Inconsistent">
		<class nclones="2">
			<source file="../../workspace/dataset/test/HATest.java" startline="347" endline="366" function="testQuorumMultipleSameNode" hash="-7978922296791172872"></source>
			<source file="../../workspace/dataset/test/HATest.java" startline="399" endline="431" function="testQuorumNoQuorum" hash="-1537470844717914495"></source>
		</class>
	</version>
	<version nr="100" hash="af8ac62bd" evolution="Same" change="Inconsistent">
		<class nclones="2">
			<source file="../../workspace/dataset/test/HATest.java" startline="303" endline="322" function="testSimpleQuorum" hash="-6569672399157696133"></source>
			<source file="../../workspace/dataset/test/HATest.java" startline="347" endline="366" function="testQuorumMultipleSameNode" hash="-7978922296791172872"></source>
		</class>
	</version>
	<version nr="100" hash="af8ac62bd" evolution="Same" change="Inconsistent">
		<class nclones="2">
			<source file="../../workspace/dataset/test/HATest.java" startline="303" endline="322" function="testSimpleQuorum" hash="-6569672399157696133"></source>
			<source file="../../workspace/dataset/test/HATest.java" startline="399" endline="431" function="testQuorumNoQuorum" hash="-1537470844717914495"></source>
		</class>
	</version>
	<version nr="100" hash="af8ac62bd" evolution="Same" change="Inconsistent">
		<class nclones="2">
			<source file="../../workspace/dataset/test/HATest.java" startline="347" endline="366" function="testQuorumMultipleSameNode" hash="-7978922296791172872"></source>
			<source file="../../workspace/dataset/test/HATest.java" startline="399" endline="431" function="testQuorumNoQuorum" hash="-1537470844717914495"></source>
		</class>
	</version>
	<version nr="110" hash="deebfdf87" evolution="Same" change="Inconsistent">
		<class nclones="2">
			<source file="../../workspace/dataset/test/HATest.java" startline="303" endline="322" function="testSimpleQuorum" hash="-6569672399157696133"></source>
			<source file="../../workspace/dataset/test/HATest.java" startline="347" endline="366" function="testQuorumMultipleSameNode" hash="-7978922296791172872"></source>
		</class>
	</version>
	<version nr="110" hash="deebfdf87" evolution="Same" change="Inconsistent">
		<class nclones="2">
			<source file="../../workspace/dataset/test/HATest.java" startline="303" endline="322" function="testSimpleQuorum" hash="-6569672399157696133"></source>
			<source file="../../workspace/dataset/test/HATest.java" startline="399" endline="431" function="testQuorumNoQuorum" hash="-1537470844717914495"></source>
		</class>
	</version>
	<version nr="110" hash="deebfdf87" evolution="Same" change="Inconsistent">
		<class nclones="2">
			<source file="../../workspace/dataset/test/HATest.java" startline="347" endline="366" function="testQuorumMultipleSameNode" hash="-7978922296791172872"></source>
			<source file="../../workspace/dataset/test/HATest.java" startline="399" endline="431" function="testQuorumNoQuorum" hash="-1537470844717914495"></source>
		</class>
	</version>
	<version nr="120" hash="572f29abe" evolution="Same" change="Inconsistent">
		<class nclones="2">
			<source file="../../workspace/dataset/test/HATest.java" startline="303" endline="322" function="testSimpleQuorum" hash="-6569672399157696133"></source>
			<source file="../../workspace/dataset/test/HATest.java" startline="347" endline="366" function="testQuorumMultipleSameNode" hash="-7978922296791172872"></source>
		</class>
	</version>
	<version nr="120" hash="572f29abe" evolution="Same" change="Inconsistent">
		<class nclones="2">
			<source file="../../workspace/dataset/test/HATest.java" startline="303" endline="322" function="testSimpleQuorum" hash="-6569672399157696133"></source>
			<source file="../../workspace/dataset/test/HATest.java" startline="399" endline="431" function="testQuorumNoQuorum" hash="-1537470844717914495"></source>
		</class>
	</version>
	<version nr="120" hash="572f29abe" evolution="Same" change="Inconsistent">
		<class nclones="2">
			<source file="../../workspace/dataset/test/HATest.java" startline="347" endline="366" function="testQuorumMultipleSameNode" hash="-7978922296791172872"></source>
			<source file="../../workspace/dataset/test/HATest.java" startline="399" endline="431" function="testQuorumNoQuorum" hash="-1537470844717914495"></source>
		</class>
	</version>
	<version nr="130" hash="ab931672a" evolution="Same" change="Inconsistent">
		<class nclones="2">
			<source file="../../workspace/dataset/test/HATest.java" startline="303" endline="322" function="testSimpleQuorum" hash="-6569672399157696133"></source>
			<source file="../../workspace/dataset/test/HATest.java" startline="347" endline="366" function="testQuorumMultipleSameNode" hash="-7978922296791172872"></source>
		</class>
	</version>
	<version nr="130" hash="ab931672a" evolution="Same" change="Inconsistent">
		<class nclones="2">
			<source file="../../workspace/dataset/test/HATest.java" startline="303" endline="322" function="testSimpleQuorum" hash="-6569672399157696133"></source>
			<source file="../../workspace/dataset/test/HATest.java" startline="399" endline="431" function="testQuorumNoQuorum" hash="-1537470844717914495"></source>
		</class>
	</version>
	<version nr="130" hash="ab931672a" evolution="Same" change="Inconsistent">
		<class nclones="2">
			<source file="../../workspace/dataset/test/HATest.java" startline="347" endline="366" function="testQuorumMultipleSameNode" hash="-7978922296791172872"></source>
			<source file="../../workspace/dataset/test/HATest.java" startline="399" endline="431" function="testQuorumNoQuorum" hash="-1537470844717914495"></source>
		</class>
	</version>
	<version nr="140" hash="8d1a69700" evolution="Same" change="Inconsistent">
		<class nclones="2">
			<source file="../../workspace/dataset/test/HATest.java" startline="303" endline="322" function="testSimpleQuorum" hash="-6569672399157696133"></source>
			<source file="../../workspace/dataset/test/HATest.java" startline="347" endline="366" function="testQuorumMultipleSameNode" hash="-7978922296791172872"></source>
		</class>
	</version>
	<version nr="140" hash="8d1a69700" evolution="Same" change="Inconsistent">
		<class nclones="2">
			<source file="../../workspace/dataset/test/HATest.java" startline="303" endline="322" function="testSimpleQuorum" hash="-6569672399157696133"></source>
			<source file="../../workspace/dataset/test/HATest.java" startline="399" endline="431" function="testQuorumNoQuorum" hash="-1537470844717914495"></source>
		</class>
	</version>
	<version nr="140" hash="8d1a69700" evolution="Same" change="Inconsistent">
		<class nclones="2">
			<source file="../../workspace/dataset/test/HATest.java" startline="347" endline="366" function="testQuorumMultipleSameNode" hash="-7978922296791172872"></source>
			<source file="../../workspace/dataset/test/HATest.java" startline="399" endline="431" function="testQuorumNoQuorum" hash="-1537470844717914495"></source>
		</class>
	</version>
	<version nr="150" hash="8745db469" evolution="Same" change="Inconsistent">
		<class nclones="2">
			<source file="../../workspace/dataset/test/HATest.java" startline="303" endline="322" function="testSimpleQuorum" hash="-6569672399157696133"></source>
			<source file="../../workspace/dataset/test/HATest.java" startline="347" endline="366" function="testQuorumMultipleSameNode" hash="-7978922296791172872"></source>
		</class>
	</version>
	<version nr="150" hash="8745db469" evolution="Same" change="Inconsistent">
		<class nclones="2">
			<source file="../../workspace/dataset/test/HATest.java" startline="303" endline="322" function="testSimpleQuorum" hash="-6569672399157696133"></source>
			<source file="../../workspace/dataset/test/HATest.java" startline="399" endline="431" function="testQuorumNoQuorum" hash="-1537470844717914495"></source>
		</class>
	</version>
	<version nr="150" hash="8745db469" evolution="Same" change="Inconsistent">
		<class nclones="2">
			<source file="../../workspace/dataset/test/HATest.java" startline="347" endline="366" function="testQuorumMultipleSameNode" hash="-7978922296791172872"></source>
			<source file="../../workspace/dataset/test/HATest.java" startline="399" endline="431" function="testQuorumNoQuorum" hash="-1537470844717914495"></source>
		</class>
	</version>
	<version nr="160" hash="03c27dc4c" evolution="Same" change="Inconsistent">
		<class nclones="2">
			<source file="../../workspace/dataset/test/HATest.java" startline="303" endline="322" function="testSimpleQuorum" hash="-6569672399157696133"></source>
			<source file="../../workspace/dataset/test/HATest.java" startline="347" endline="366" function="testQuorumMultipleSameNode" hash="-7978922296791172872"></source>
		</class>
	</version>
	<version nr="160" hash="03c27dc4c" evolution="Same" change="Inconsistent">
		<class nclones="2">
			<source file="../../workspace/dataset/test/HATest.java" startline="303" endline="322" function="testSimpleQuorum" hash="-6569672399157696133"></source>
			<source file="../../workspace/dataset/test/HATest.java" startline="399" endline="431" function="testQuorumNoQuorum" hash="-1537470844717914495"></source>
		</class>
	</version>
	<version nr="160" hash="03c27dc4c" evolution="Same" change="Inconsistent">
		<class nclones="2">
			<source file="../../workspace/dataset/test/HATest.java" startline="347" endline="366" function="testQuorumMultipleSameNode" hash="-7978922296791172872"></source>
			<source file="../../workspace/dataset/test/HATest.java" startline="399" endline="431" function="testQuorumNoQuorum" hash="-1537470844717914495"></source>
		</class>
	</version>
	<version nr="170" hash="0f09dcd5b" evolution="Same" change="Inconsistent">
		<class nclones="2">
			<source file="../../workspace/dataset/test/HATest.java" startline="303" endline="322" function="testSimpleQuorum" hash="-6569672399157696133"></source>
			<source file="../../workspace/dataset/test/HATest.java" startline="347" endline="366" function="testQuorumMultipleSameNode" hash="-7978922296791172872"></source>
		</class>
	</version>
	<version nr="170" hash="0f09dcd5b" evolution="Same" change="Inconsistent">
		<class nclones="2">
			<source file="../../workspace/dataset/test/HATest.java" startline="303" endline="322" function="testSimpleQuorum" hash="-6569672399157696133"></source>
			<source file="../../workspace/dataset/test/HATest.java" startline="399" endline="431" function="testQuorumNoQuorum" hash="-1537470844717914495"></source>
		</class>
	</version>
	<version nr="170" hash="0f09dcd5b" evolution="Same" change="Inconsistent">
		<class nclones="2">
			<source file="../../workspace/dataset/test/HATest.java" startline="347" endline="366" function="testQuorumMultipleSameNode" hash="-7978922296791172872"></source>
			<source file="../../workspace/dataset/test/HATest.java" startline="399" endline="431" function="testQuorumNoQuorum" hash="-1537470844717914495"></source>
		</class>
	</version>
	<version nr="180" hash="54e6e77ab" evolution="Same" change="Inconsistent">
		<class nclones="2">
			<source file="../../workspace/dataset/test/HATest.java" startline="303" endline="322" function="testSimpleQuorum" hash="-6569672399157696133"></source>
			<source file="../../workspace/dataset/test/HATest.java" startline="347" endline="366" function="testQuorumMultipleSameNode" hash="-7978922296791172872"></source>
		</class>
	</version>
	<version nr="180" hash="54e6e77ab" evolution="Same" change="Inconsistent">
		<class nclones="2">
			<source file="../../workspace/dataset/test/HATest.java" startline="303" endline="322" function="testSimpleQuorum" hash="-6569672399157696133"></source>
			<source file="../../workspace/dataset/test/HATest.java" startline="399" endline="431" function="testQuorumNoQuorum" hash="-1537470844717914495"></source>
		</class>
	</version>
	<version nr="180" hash="54e6e77ab" evolution="Same" change="Inconsistent">
		<class nclones="2">
			<source file="../../workspace/dataset/test/HATest.java" startline="347" endline="366" function="testQuorumMultipleSameNode" hash="-7978922296791172872"></source>
			<source file="../../workspace/dataset/test/HATest.java" startline="399" endline="431" function="testQuorumNoQuorum" hash="-1537470844717914495"></source>
		</class>
	</version>
	<version nr="190" hash="3d67dcacc" evolution="Same" change="Inconsistent">
		<class nclones="2">
			<source file="../../workspace/dataset/test/HATest.java" startline="303" endline="322" function="testSimpleQuorum" hash="-6569672399157696133"></source>
			<source file="../../workspace/dataset/test/HATest.java" startline="347" endline="366" function="testQuorumMultipleSameNode" hash="-7978922296791172872"></source>
		</class>
	</version>
	<version nr="190" hash="3d67dcacc" evolution="Same" change="Inconsistent">
		<class nclones="2">
			<source file="../../workspace/dataset/test/HATest.java" startline="303" endline="322" function="testSimpleQuorum" hash="-6569672399157696133"></source>
			<source file="../../workspace/dataset/test/HATest.java" startline="399" endline="431" function="testQuorumNoQuorum" hash="-1537470844717914495"></source>
		</class>
	</version>
	<version nr="190" hash="3d67dcacc" evolution="Same" change="Inconsistent">
		<class nclones="2">
			<source file="../../workspace/dataset/test/HATest.java" startline="347" endline="366" function="testQuorumMultipleSameNode" hash="-7978922296791172872"></source>
			<source file="../../workspace/dataset/test/HATest.java" startline="399" endline="431" function="testQuorumNoQuorum" hash="-1537470844717914495"></source>
		</class>
	</version>
	<version nr="200" hash="70c9eb220" evolution="Same" change="Inconsistent">
		<class nclones="2">
			<source file="../../workspace/dataset/test/HATest.java" startline="303" endline="322" function="testSimpleQuorum" hash="-6569672399157696133"></source>
			<source file="../../workspace/dataset/test/HATest.java" startline="347" endline="366" function="testQuorumMultipleSameNode" hash="-7978922296791172872"></source>
		</class>
	</version>
	<version nr="200" hash="70c9eb220" evolution="Same" change="Inconsistent">
		<class nclones="2">
			<source file="../../workspace/dataset/test/HATest.java" startline="303" endline="322" function="testSimpleQuorum" hash="-6569672399157696133"></source>
			<source file="../../workspace/dataset/test/HATest.java" startline="399" endline="431" function="testQuorumNoQuorum" hash="-1537470844717914495"></source>
		</class>
	</version>
	<version nr="200" hash="70c9eb220" evolution="Same" change="Inconsistent">
		<class nclones="2">
			<source file="../../workspace/dataset/test/HATest.java" startline="347" endline="366" function="testQuorumMultipleSameNode" hash="-7978922296791172872"></source>
			<source file="../../workspace/dataset/test/HATest.java" startline="399" endline="431" function="testQuorumNoQuorum" hash="-1537470844717914495"></source>
		</class>
	</version>
	<version nr="210" hash="375e9cdce" evolution="Same" change="Inconsistent">
		<class nclones="2">
			<source file="../../workspace/dataset/test/HATest.java" startline="303" endline="322" function="testSimpleQuorum" hash="-6569672399157696133"></source>
			<source file="../../workspace/dataset/test/HATest.java" startline="347" endline="366" function="testQuorumMultipleSameNode" hash="-7978922296791172872"></source>
		</class>
	</version>
	<version nr="210" hash="375e9cdce" evolution="Same" change="Inconsistent">
		<class nclones="2">
			<source file="../../workspace/dataset/test/HATest.java" startline="303" endline="322" function="testSimpleQuorum" hash="-6569672399157696133"></source>
			<source file="../../workspace/dataset/test/HATest.java" startline="399" endline="431" function="testQuorumNoQuorum" hash="-1537470844717914495"></source>
		</class>
	</version>
	<version nr="210" hash="375e9cdce" evolution="Same" change="Inconsistent">
		<class nclones="2">
			<source file="../../workspace/dataset/test/HATest.java" startline="347" endline="366" function="testQuorumMultipleSameNode" hash="-7978922296791172872"></source>
			<source file="../../workspace/dataset/test/HATest.java" startline="399" endline="431" function="testQuorumNoQuorum" hash="-1537470844717914495"></source>
		</class>
	</version>
	<version nr="220" hash="ba642a794" evolution="Same" change="Inconsistent">
		<class nclones="2">
			<source file="../../workspace/dataset/test/HATest.java" startline="303" endline="322" function="testSimpleQuorum" hash="-6569672399157696133"></source>
			<source file="../../workspace/dataset/test/HATest.java" startline="347" endline="366" function="testQuorumMultipleSameNode" hash="-7978922296791172872"></source>
		</class>
	</version>
	<version nr="220" hash="ba642a794" evolution="Same" change="Inconsistent">
		<class nclones="2">
			<source file="../../workspace/dataset/test/HATest.java" startline="303" endline="322" function="testSimpleQuorum" hash="-6569672399157696133"></source>
			<source file="../../workspace/dataset/test/HATest.java" startline="399" endline="431" function="testQuorumNoQuorum" hash="-1537470844717914495"></source>
		</class>
	</version>
	<version nr="220" hash="ba642a794" evolution="Same" change="Inconsistent">
		<class nclones="2">
			<source file="../../workspace/dataset/test/HATest.java" startline="347" endline="366" function="testQuorumMultipleSameNode" hash="-7978922296791172872"></source>
			<source file="../../workspace/dataset/test/HATest.java" startline="399" endline="431" function="testQuorumNoQuorum" hash="-1537470844717914495"></source>
		</class>
	</version>
	<version nr="230" hash="d0059ecf1" evolution="Same" change="Inconsistent">
		<class nclones="2">
			<source file="../../workspace/dataset/test/HATest.java" startline="303" endline="322" function="testSimpleQuorum" hash="-6569672399157696133"></source>
			<source file="../../workspace/dataset/test/HATest.java" startline="347" endline="366" function="testQuorumMultipleSameNode" hash="-7978922296791172872"></source>
		</class>
	</version>
	<version nr="230" hash="d0059ecf1" evolution="Same" change="Inconsistent">
		<class nclones="2">
			<source file="../../workspace/dataset/test/HATest.java" startline="303" endline="322" function="testSimpleQuorum" hash="-6569672399157696133"></source>
			<source file="../../workspace/dataset/test/HATest.java" startline="399" endline="431" function="testQuorumNoQuorum" hash="-1537470844717914495"></source>
		</class>
	</version>
	<version nr="230" hash="d0059ecf1" evolution="Same" change="Inconsistent">
		<class nclones="2">
			<source file="../../workspace/dataset/test/HATest.java" startline="347" endline="366" function="testQuorumMultipleSameNode" hash="-7978922296791172872"></source>
			<source file="../../workspace/dataset/test/HATest.java" startline="399" endline="431" function="testQuorumNoQuorum" hash="-1537470844717914495"></source>
		</class>
	</version>
	<version nr="240" hash="b97840287" evolution="Same" change="Inconsistent">
		<class nclones="2">
			<source file="../../workspace/dataset/test/HATest.java" startline="303" endline="322" function="testSimpleQuorum" hash="-6569672399157696133"></source>
			<source file="../../workspace/dataset/test/HATest.java" startline="347" endline="366" function="testQuorumMultipleSameNode" hash="-7978922296791172872"></source>
		</class>
	</version>
	<version nr="240" hash="b97840287" evolution="Same" change="Inconsistent">
		<class nclones="2">
			<source file="../../workspace/dataset/test/HATest.java" startline="303" endline="322" function="testSimpleQuorum" hash="-6569672399157696133"></source>
			<source file="../../workspace/dataset/test/HATest.java" startline="399" endline="431" function="testQuorumNoQuorum" hash="-1537470844717914495"></source>
		</class>
	</version>
	<version nr="240" hash="b97840287" evolution="Same" change="Inconsistent">
		<class nclones="2">
			<source file="../../workspace/dataset/test/HATest.java" startline="347" endline="366" function="testQuorumMultipleSameNode" hash="-7978922296791172872"></source>
			<source file="../../workspace/dataset/test/HATest.java" startline="399" endline="431" function="testQuorumNoQuorum" hash="-1537470844717914495"></source>
		</class>
	</version>
	<version nr="250" hash="c6773311c" evolution="Same" change="Inconsistent">
		<class nclones="2">
			<source file="../../workspace/dataset/test/HATest.java" startline="303" endline="322" function="testSimpleQuorum" hash="-6569672399157696133"></source>
			<source file="../../workspace/dataset/test/HATest.java" startline="347" endline="366" function="testQuorumMultipleSameNode" hash="-7978922296791172872"></source>
		</class>
	</version>
	<version nr="250" hash="c6773311c" evolution="Same" change="Inconsistent">
		<class nclones="2">
			<source file="../../workspace/dataset/test/HATest.java" startline="303" endline="322" function="testSimpleQuorum" hash="-6569672399157696133"></source>
			<source file="../../workspace/dataset/test/HATest.java" startline="399" endline="431" function="testQuorumNoQuorum" hash="-1537470844717914495"></source>
		</class>
	</version>
	<version nr="250" hash="c6773311c" evolution="Same" change="Inconsistent">
		<class nclones="2">
			<source file="../../workspace/dataset/test/HATest.java" startline="347" endline="366" function="testQuorumMultipleSameNode" hash="-7978922296791172872"></source>
			<source file="../../workspace/dataset/test/HATest.java" startline="399" endline="431" function="testQuorumNoQuorum" hash="-1537470844717914495"></source>
		</class>
	</version>
	<version nr="260" hash="83eedcf77" evolution="Same" change="Inconsistent">
		<class nclones="2">
			<source file="../../workspace/dataset/test/HATest.java" startline="303" endline="322" function="testSimpleQuorum" hash="-6569672399157696133"></source>
			<source file="../../workspace/dataset/test/HATest.java" startline="347" endline="366" function="testQuorumMultipleSameNode" hash="-7978922296791172872"></source>
		</class>
	</version>
	<version nr="260" hash="83eedcf77" evolution="Same" change="Inconsistent">
		<class nclones="2">
			<source file="../../workspace/dataset/test/HATest.java" startline="303" endline="322" function="testSimpleQuorum" hash="-6569672399157696133"></source>
			<source file="../../workspace/dataset/test/HATest.java" startline="399" endline="431" function="testQuorumNoQuorum" hash="-1537470844717914495"></source>
		</class>
	</version>
	<version nr="260" hash="83eedcf77" evolution="Same" change="Inconsistent">
		<class nclones="2">
			<source file="../../workspace/dataset/test/HATest.java" startline="347" endline="366" function="testQuorumMultipleSameNode" hash="-7978922296791172872"></source>
			<source file="../../workspace/dataset/test/HATest.java" startline="399" endline="431" function="testQuorumNoQuorum" hash="-1537470844717914495"></source>
		</class>
	</version>
	<version nr="270" hash="d3155c919" evolution="Same" change="Inconsistent">
		<class nclones="2">
			<source file="../../workspace/dataset/test/HATest.java" startline="303" endline="322" function="testSimpleQuorum" hash="-6569672399157696133"></source>
			<source file="../../workspace/dataset/test/HATest.java" startline="347" endline="366" function="testQuorumMultipleSameNode" hash="-7978922296791172872"></source>
		</class>
	</version>
	<version nr="270" hash="d3155c919" evolution="Same" change="Inconsistent">
		<class nclones="2">
			<source file="../../workspace/dataset/test/HATest.java" startline="303" endline="322" function="testSimpleQuorum" hash="-6569672399157696133"></source>
			<source file="../../workspace/dataset/test/HATest.java" startline="399" endline="431" function="testQuorumNoQuorum" hash="-1537470844717914495"></source>
		</class>
	</version>
	<version nr="270" hash="d3155c919" evolution="Same" change="Inconsistent">
		<class nclones="2">
			<source file="../../workspace/dataset/test/HATest.java" startline="347" endline="366" function="testQuorumMultipleSameNode" hash="-7978922296791172872"></source>
			<source file="../../workspace/dataset/test/HATest.java" startline="399" endline="431" function="testQuorumNoQuorum" hash="-1537470844717914495"></source>
		</class>
	</version>
	<version nr="280" hash="33deb1d29" evolution="Same" change="Inconsistent">
		<class nclones="2">
			<source file="../../workspace/dataset/test/HATest.java" startline="303" endline="322" function="testSimpleQuorum" hash="-6569672399157696133"></source>
			<source file="../../workspace/dataset/test/HATest.java" startline="347" endline="366" function="testQuorumMultipleSameNode" hash="-7978922296791172872"></source>
		</class>
	</version>
	<version nr="280" hash="33deb1d29" evolution="Same" change="Inconsistent">
		<class nclones="2">
			<source file="../../workspace/dataset/test/HATest.java" startline="303" endline="322" function="testSimpleQuorum" hash="-6569672399157696133"></source>
			<source file="../../workspace/dataset/test/HATest.java" startline="399" endline="431" function="testQuorumNoQuorum" hash="-1537470844717914495"></source>
		</class>
	</version>
	<version nr="280" hash="33deb1d29" evolution="Same" change="Inconsistent">
		<class nclones="2">
			<source file="../../workspace/dataset/test/HATest.java" startline="347" endline="366" function="testQuorumMultipleSameNode" hash="-7978922296791172872"></source>
			<source file="../../workspace/dataset/test/HATest.java" startline="399" endline="431" function="testQuorumNoQuorum" hash="-1537470844717914495"></source>
		</class>
	</version>
	<version nr="290" hash="c3bea1078" evolution="Same" change="Inconsistent">
		<class nclones="2">
			<source file="../../workspace/dataset/test/HATest.java" startline="303" endline="322" function="testSimpleQuorum" hash="-6569672399157696133"></source>
			<source file="../../workspace/dataset/test/HATest.java" startline="347" endline="366" function="testQuorumMultipleSameNode" hash="-7978922296791172872"></source>
		</class>
	</version>
	<version nr="290" hash="c3bea1078" evolution="Same" change="Inconsistent">
		<class nclones="2">
			<source file="../../workspace/dataset/test/HATest.java" startline="303" endline="322" function="testSimpleQuorum" hash="-6569672399157696133"></source>
			<source file="../../workspace/dataset/test/HATest.java" startline="399" endline="431" function="testQuorumNoQuorum" hash="-1537470844717914495"></source>
		</class>
	</version>
	<version nr="290" hash="c3bea1078" evolution="Same" change="Inconsistent">
		<class nclones="2">
			<source file="../../workspace/dataset/test/HATest.java" startline="347" endline="366" function="testQuorumMultipleSameNode" hash="-7978922296791172872"></source>
			<source file="../../workspace/dataset/test/HATest.java" startline="399" endline="431" function="testQuorumNoQuorum" hash="-1537470844717914495"></source>
		</class>
	</version>
</lineage>
<lineage>
	<version nr="30" hash="d629e8a0c" evolution="None" change="None">
		<class nclones="2">
			<source file="../../workspace/dataset/test/HATest.java" startline="525" endline="546" function="checkModulesDeployed" hash="-898883512293664228"></source>
			<source file="../../workspace/dataset/test/HATest.java" startline="548" endline="567" function="checkModulesDeployedStill" hash="2888109977063978338"></source>
		</class>
	</version>
	<version nr="290" hash="c3bea1078" evolution="Same" change="Same">
		<class nclones="2">
			<source file="../../workspace/dataset/test/HATest.java" startline="525" endline="546" function="checkModulesDeployed" hash="-898883512293664228"></source>
			<source file="../../workspace/dataset/test/HATest.java" startline="548" endline="567" function="checkModulesDeployedStill" hash="2888109977063978338"></source>
		</class>
	</version>
</lineage>
<lineage>
	<version nr="30" hash="d629e8a0c" evolution="None" change="None">
		<class nclones="2">
			<source file="../../workspace/dataset/test/HATest.java" startline="132" endline="140" function="testMultipleOtherNodesDifferentMod" hash="7513034435500007418"></source>
			<source file="../../workspace/dataset/test/HATest.java" startline="142" endline="150" function="testMultipleOtherNodesSameMod" hash="-6380182583194961374"></source>
		</class>
	</version>
	<version nr="290" hash="c3bea1078" evolution="Same" change="Same">
		<class nclones="2">
			<source file="../../workspace/dataset/test/HATest.java" startline="132" endline="140" function="testMultipleOtherNodesDifferentMod" hash="7513034435500007418"></source>
			<source file="../../workspace/dataset/test/HATest.java" startline="142" endline="150" function="testMultipleOtherNodesSameMod" hash="-6380182583194961374"></source>
		</class>
	</version>
</lineage>
<lineage>
	<version nr="30" hash="d629e8a0c" evolution="None" change="None">
		<class nclones="2">
			<source file="../../workspace/dataset/test/HATest.java" startline="214" endline="225" function="testSimpleKillAndDeployMore" hash="3770741562723753231"></source>
			<source file="../../workspace/dataset/test/HATest.java" startline="257" endline="284" function="testGroups" hash="5482507989419931164"></source>
		</class>
	</version>
	<version nr="290" hash="c3bea1078" evolution="Same" change="Same">
		<class nclones="2">
			<source file="../../workspace/dataset/test/HATest.java" startline="214" endline="225" function="testSimpleKillAndDeployMore" hash="3770741562723753231"></source>
			<source file="../../workspace/dataset/test/HATest.java" startline="257" endline="284" function="testGroups" hash="5482507989419931164"></source>
		</class>
	</version>
</lineage>
<lineage>
	<version nr="30" hash="d629e8a0c" evolution="None" change="None">
		<class nclones="2">
			<source file="../../workspace/dataset/test/HATest.java" startline="304" endline="323" function="testSimpleQuorum" hash="-6569672399157696133"></source>
			<source file="../../workspace/dataset/test/HATest.java" startline="400" endline="432" function="testQuorumNoQuorum" hash="-1537470844717914495"></source>
		</class>
	</version>
</lineage>
<lineage>
	<version nr="30" hash="d629e8a0c" evolution="None" change="None">
		<class nclones="2">
			<source file="../../workspace/dataset/test/HATest.java" startline="348" endline="367" function="testQuorumMultipleSameNode" hash="-7978922296791172872"></source>
			<source file="../../workspace/dataset/test/HATest.java" startline="400" endline="432" function="testQuorumNoQuorum" hash="-1537470844717914495"></source>
		</class>
	</version>
</lineage>
<lineage>
	<version nr="30" hash="d629e8a0c" evolution="None" change="None">
		<class nclones="2">
			<source file="../../workspace/dataset/test/HATest.java" startline="369" endline="398" function="testQuorumSeveralNodes" hash="-5164471161385907717"></source>
			<source file="../../workspace/dataset/test/HATest.java" startline="434" endline="463" function="testQuorumWithGroups" hash="-1160725562061962078"></source>
		</class>
	</version>
	<version nr="290" hash="c3bea1078" evolution="Same" change="Same">
		<class nclones="2">
			<source file="../../workspace/dataset/test/HATest.java" startline="369" endline="398" function="testQuorumSeveralNodes" hash="-5164471161385907717"></source>
			<source file="../../workspace/dataset/test/HATest.java" startline="434" endline="463" function="testQuorumWithGroups" hash="-1160725562061962078"></source>
		</class>
	</version>
</lineage>
<lineage>
	<version nr="30" hash="d629e8a0c" evolution="None" change="None">
		<class nclones="2">
			<source file="../../workspace/dataset/test/HATest.java" startline="490" endline="508" function="deployMods" hash="-8306973311724863858"></source>
			<source file="../../workspace/dataset/test/HATest.java" startline="515" endline="520" function="handle" hash="-7469021418219417977"></source>
		</class>
	</version>
	<version nr="80" hash="63e42823d" evolution="Same" change="Same">
		<class nclones="2">
			<source file="../../workspace/dataset/test/HATest.java" startline="490" endline="508" function="deployMods" hash="-8306973311724863858"></source>
			<source file="../../workspace/dataset/test/HATest.java" startline="515" endline="520" function="handle" hash="-7469021418219417977"></source>
		</class>
	</version>
	<version nr="90" hash="8d66f7ef5" evolution="Same" change="Consistent">
		<class nclones="2">
			<source file="../../workspace/dataset/test/HATest.java" startline="495" endline="502" function="handle" hash="-5513413295028748779"></source>
			<source file="../../workspace/dataset/test/HATest.java" startline="509" endline="522" function="deployModsNoCheck" hash="6992974027213098646"></source>
		</class>
	</version>
	<version nr="100" hash="af8ac62bd" evolution="Same" change="Inconsistent">
		<class nclones="2">
			<source file="../../workspace/dataset/test/HATest.java" startline="489" endline="507" function="deployMods" hash="-8306973311724863858"></source>
			<source file="../../workspace/dataset/test/HATest.java" startline="509" endline="522" function="deployModsNoCheck" hash="6992974027213098646"></source>
		</class>
	</version>
	<version nr="110" hash="deebfdf87" evolution="Same" change="Inconsistent">
		<class nclones="2">
			<source file="../../workspace/dataset/test/HATest.java" startline="495" endline="502" function="handle" hash="-5513413295028748779"></source>
			<source file="../../workspace/dataset/test/HATest.java" startline="509" endline="522" function="deployModsNoCheck" hash="6992974027213098646"></source>
		</class>
	</version>
	<version nr="120" hash="572f29abe" evolution="Same" change="Consistent">
		<class nclones="2">
			<source file="../../workspace/dataset/test/HATest.java" startline="489" endline="507" function="deployMods" hash="-8306973311724863858"></source>
			<source file="../../workspace/dataset/test/HATest.java" startline="514" endline="519" function="handle" hash="-7469021418219417977"></source>
		</class>
	</version>
	<version nr="280" hash="33deb1d29" evolution="Same" change="Same">
		<class nclones="2">
			<source file="../../workspace/dataset/test/HATest.java" startline="489" endline="507" function="deployMods" hash="-8306973311724863858"></source>
			<source file="../../workspace/dataset/test/HATest.java" startline="514" endline="519" function="handle" hash="-7469021418219417977"></source>
		</class>
	</version>
	<version nr="290" hash="c3bea1078" evolution="Same" change="Inconsistent">
		<class nclones="2">
			<source file="../../workspace/dataset/test/HATest.java" startline="495" endline="502" function="handle" hash="-5513413295028748779"></source>
			<source file="../../workspace/dataset/test/HATest.java" startline="514" endline="519" function="handle" hash="-7469021418219417977"></source>
		</class>
	</version>
</lineage>
<lineage>
	<version nr="50" hash="7eb3e09cf" evolution="None" change="None">
		<class nclones="2">
			<source file="../../workspace/dataset/test/LocalEchoClient.java" startline="309" endline="322" function="testReplyNoHandlers" hash="7563863988898212773"></source>
			<source file="../../workspace/dataset/test/LocalEchoClient.java" startline="324" endline="341" function="testReplyRecipientFailure" hash="4477211655762768591"></source>
		</class>
	</version>
	<version nr="160" hash="03c27dc4c" evolution="Same" change="Same">
		<class nclones="2">
			<source file="../../workspace/dataset/test/LocalEchoClient.java" startline="309" endline="322" function="testReplyNoHandlers" hash="7563863988898212773"></source>
			<source file="../../workspace/dataset/test/LocalEchoClient.java" startline="324" endline="341" function="testReplyRecipientFailure" hash="4477211655762768591"></source>
		</class>
	</version>
</lineage>
<lineage>
	<version nr="50" hash="7eb3e09cf" evolution="None" change="None">
		<class nclones="2">
			<source file="../../workspace/dataset/test/LocalEchoPeer.java" startline="152" endline="169" function="testSendWithTimeoutReplyInitialise" hash="-607975194297559874"></source>
			<source file="../../workspace/dataset/test/LocalEchoPeer.java" startline="286" endline="304" function="testReplyRecipientFailureInitialise" hash="6978211615708499136"></source>
		</class>
	</version>
	<version nr="280" hash="33deb1d29" evolution="Same" change="Same">
		<class nclones="2">
			<source file="../../workspace/dataset/test/LocalEchoPeer.java" startline="152" endline="169" function="testSendWithTimeoutReplyInitialise" hash="-607975194297559874"></source>
			<source file="../../workspace/dataset/test/LocalEchoPeer.java" startline="286" endline="304" function="testReplyRecipientFailureInitialise" hash="6978211615708499136"></source>
		</class>
	</version>
</lineage>
<lineage>
	<version nr="50" hash="7eb3e09cf" evolution="None" change="None">
		<class nclones="4">
			<source file="../../workspace/dataset/test/LocalEchoPeer.java" startline="171" endline="196" function="testSendWithTimeoutNoReplyInitialise" hash="-3701833228528656560"></source>
			<source file="../../workspace/dataset/test/LocalEchoPeer.java" startline="226" endline="252" function="testReplyWithTimeoutReplyInitialise" hash="-6321575835670880888"></source>
			<source file="../../workspace/dataset/test/LocalEchoPeer.java" startline="198" endline="224" function="testSendWithDefaultTimeoutNoReplyInitialise" hash="-6680552380050699997"></source>
			<source file="../../workspace/dataset/test/LocalEchoPeer.java" startline="254" endline="284" function="testReplyWithTimeoutNoReplyInitialise" hash="5571665313265857240"></source>
		</class>
	</version>
	<version nr="70" hash="c4092176b" evolution="Same" change="Same">
		<class nclones="4">
			<source file="../../workspace/dataset/test/LocalEchoPeer.java" startline="171" endline="196" function="testSendWithTimeoutNoReplyInitialise" hash="-3701833228528656560"></source>
			<source file="../../workspace/dataset/test/LocalEchoPeer.java" startline="198" endline="224" function="testSendWithDefaultTimeoutNoReplyInitialise" hash="-6680552380050699997"></source>
			<source file="../../workspace/dataset/test/LocalEchoPeer.java" startline="226" endline="252" function="testReplyWithTimeoutReplyInitialise" hash="-6321575835670880888"></source>
			<source file="../../workspace/dataset/test/LocalEchoPeer.java" startline="254" endline="284" function="testReplyWithTimeoutNoReplyInitialise" hash="5571665313265857240"></source>
		</class>
	</version>
	<version nr="80" hash="63e42823d" evolution="Add" change="Inconsistent">
		<class nclones="5">
			<source file="../../workspace/dataset/test/LocalEchoPeer.java" startline="171" endline="196" function="testSendWithTimeoutNoReplyInitialise" hash="339539688805617247"></source>
			<source file="../../workspace/dataset/test/LocalEchoPeer.java" startline="256" endline="282" function="testReplyWithTimeoutReplyInitialise" hash="-6321575835670880888"></source>
			<source file="../../workspace/dataset/test/LocalEchoPeer.java" startline="198" endline="226" function="testSendReplyWithTimeoutNoReplyHandlerInitialise" hash="-1438974029187614568"></source>
			<source file="../../workspace/dataset/test/LocalEchoPeer.java" startline="228" endline="254" function="testSendWithDefaultTimeoutNoReplyInitialise" hash="-6680552380050699997"></source>
			<source file="../../workspace/dataset/test/LocalEchoPeer.java" startline="284" endline="314" function="testReplyWithTimeoutNoReplyInitialise" hash="5571665313265857240"></source>
		</class>
	</version>
	<version nr="80" hash="63e42823d" evolution="Subtract" change="Inconsistent">
		<class nclones="2">
			<source file="../../workspace/dataset/test/LocalEchoPeer.java" startline="187" endline="193" function="handle" hash="-7605192372577528524"></source>
			<source file="../../workspace/dataset/test/LocalEchoPeer.java" startline="228" endline="254" function="testSendWithDefaultTimeoutNoReplyInitialise" hash="-6680552380050699997"></source>
		</class>
	</version>
	<version nr="90" hash="8d66f7ef5" evolution="Add" change="Inconsistent">
		<class nclones="5">
			<source file="../../workspace/dataset/test/LocalEchoPeer.java" startline="171" endline="196" function="testSendWithTimeoutNoReplyInitialise" hash="339539688805617247"></source>
			<source file="../../workspace/dataset/test/LocalEchoPeer.java" startline="256" endline="282" function="testReplyWithTimeoutReplyInitialise" hash="-6321575835670880888"></source>
			<source file="../../workspace/dataset/test/LocalEchoPeer.java" startline="228" endline="254" function="testSendWithDefaultTimeoutNoReplyInitialise" hash="-6680552380050699997"></source>
			<source file="../../workspace/dataset/test/LocalEchoPeer.java" startline="198" endline="226" function="testSendReplyWithTimeoutNoReplyHandlerInitialise" hash="-1438974029187614568"></source>
			<source file="../../workspace/dataset/test/LocalEchoPeer.java" startline="284" endline="314" function="testReplyWithTimeoutNoReplyInitialise" hash="5571665313265857240"></source>
		</class>
	</version>
	<version nr="90" hash="8d66f7ef5" evolution="Subtract" change="Inconsistent">
		<class nclones="2">
			<source file="../../workspace/dataset/test/LocalEchoPeer.java" startline="187" endline="193" function="handle" hash="-7605192372577528524"></source>
			<source file="../../workspace/dataset/test/LocalEchoPeer.java" startline="228" endline="254" function="testSendWithDefaultTimeoutNoReplyInitialise" hash="-6680552380050699997"></source>
		</class>
	</version>
	<version nr="100" hash="af8ac62bd" evolution="Add" change="Inconsistent">
		<class nclones="5">
			<source file="../../workspace/dataset/test/LocalEchoPeer.java" startline="179" endline="204" function="testSendWithTimeoutNoReplyInitialise" hash="339539688805617247"></source>
			<source file="../../workspace/dataset/test/LocalEchoPeer.java" startline="264" endline="290" function="testReplyWithTimeoutReplyInitialise" hash="-6321575835670880888"></source>
			<source file="../../workspace/dataset/test/LocalEchoPeer.java" startline="236" endline="262" function="testSendWithDefaultTimeoutNoReplyInitialise" hash="-6680552380050699997"></source>
			<source file="../../workspace/dataset/test/LocalEchoPeer.java" startline="206" endline="234" function="testSendReplyWithTimeoutNoReplyHandlerInitialise" hash="-1438974029187614568"></source>
			<source file="../../workspace/dataset/test/LocalEchoPeer.java" startline="292" endline="322" function="testReplyWithTimeoutNoReplyInitialise" hash="5571665313265857240"></source>
		</class>
	</version>
	<version nr="100" hash="af8ac62bd" evolution="Subtract" change="Inconsistent">
		<class nclones="2">
			<source file="../../workspace/dataset/test/LocalEchoPeer.java" startline="195" endline="201" function="handle" hash="-7605192372577528524"></source>
			<source file="../../workspace/dataset/test/LocalEchoPeer.java" startline="236" endline="262" function="testSendWithDefaultTimeoutNoReplyInitialise" hash="-6680552380050699997"></source>
		</class>
	</version>
	<version nr="100" hash="af8ac62bd" evolution="Same" change="Consistent">
		<class nclones="2">
			<source file="../../workspace/dataset/test/LocalEchoPeer.java" startline="206" endline="234" function="testSendReplyWithTimeoutNoReplyHandlerInitialise" hash="-1438974029187614568"></source>
			<source file="../../workspace/dataset/test/LocalEchoPeer.java" startline="269" endline="278" function="handle" hash="-7636301710284105888"></source>
		</class>
	</version>
	<version nr="110" hash="deebfdf87" evolution="Add" change="Inconsistent">
		<class nclones="5">
			<source file="../../workspace/dataset/test/LocalEchoPeer.java" startline="179" endline="204" function="testSendWithTimeoutNoReplyInitialise" hash="339539688805617247"></source>
			<source file="../../workspace/dataset/test/LocalEchoPeer.java" startline="236" endline="262" function="testSendWithDefaultTimeoutNoReplyInitialise" hash="-6680552380050699997"></source>
			<source file="../../workspace/dataset/test/LocalEchoPeer.java" startline="264" endline="290" function="testReplyWithTimeoutReplyInitialise" hash="-6321575835670880888"></source>
			<source file="../../workspace/dataset/test/LocalEchoPeer.java" startline="206" endline="234" function="testSendReplyWithTimeoutNoReplyHandlerInitialise" hash="-1438974029187614568"></source>
			<source file="../../workspace/dataset/test/LocalEchoPeer.java" startline="292" endline="322" function="testReplyWithTimeoutNoReplyInitialise" hash="5571665313265857240"></source>
		</class>
	</version>
	<version nr="160" hash="03c27dc4c" evolution="Same" change="Same">
		<class nclones="5">
			<source file="../../workspace/dataset/test/LocalEchoPeer.java" startline="179" endline="204" function="testSendWithTimeoutNoReplyInitialise" hash="339539688805617247"></source>
			<source file="../../workspace/dataset/test/LocalEchoPeer.java" startline="236" endline="262" function="testSendWithDefaultTimeoutNoReplyInitialise" hash="-6680552380050699997"></source>
			<source file="../../workspace/dataset/test/LocalEchoPeer.java" startline="206" endline="234" function="testSendReplyWithTimeoutNoReplyHandlerInitialise" hash="-1438974029187614568"></source>
			<source file="../../workspace/dataset/test/LocalEchoPeer.java" startline="264" endline="290" function="testReplyWithTimeoutReplyInitialise" hash="-6321575835670880888"></source>
			<source file="../../workspace/dataset/test/LocalEchoPeer.java" startline="292" endline="322" function="testReplyWithTimeoutNoReplyInitialise" hash="5571665313265857240"></source>
		</class>
	</version>
	<version nr="170" hash="0f09dcd5b" evolution="Same" change="Consistent">
		<class nclones="5">
			<source file="../../workspace/dataset/test/LocalEchoPeer.java" startline="181" endline="205" function="testSendWithTimeoutNoReplyInitialise" hash="7825451090418190329"></source>
			<source file="../../workspace/dataset/test/LocalEchoPeer.java" startline="237" endline="263" function="testSendWithDefaultTimeoutNoReplyInitialise" hash="-5082137046158937803"></source>
			<source file="../../workspace/dataset/test/LocalEchoPeer.java" startline="207" endline="235" function="testSendReplyWithTimeoutNoReplyHandlerInitialise" hash="6152443068797049298"></source>
			<source file="../../workspace/dataset/test/LocalEchoPeer.java" startline="265" endline="291" function="testReplyWithTimeoutReplyInitialise" hash="985013518985528364"></source>
			<source file="../../workspace/dataset/test/LocalEchoPeer.java" startline="293" endline="323" function="testReplyWithTimeoutNoReplyInitialise" hash="2149635510789268738"></source>
		</class>
	</version>
	<version nr="170" hash="0f09dcd5b" evolution="Subtract" change="Inconsistent">
		<class nclones="2">
			<source file="../../workspace/dataset/test/LocalEchoPeer.java" startline="181" endline="205" function="testSendWithTimeoutNoReplyInitialise" hash="7825451090418190329"></source>
			<source file="../../workspace/dataset/test/LocalEchoPeer.java" startline="247" endline="249" function="handle" hash="-1780714237169485086"></source>
		</class>
	</version>
	<version nr="170" hash="0f09dcd5b" evolution="Same" change="Consistent">
		<class nclones="2">
			<source file="../../workspace/dataset/test/LocalEchoPeer.java" startline="216" endline="222" function="handle" hash="-3067005739538203547"></source>
			<source file="../../workspace/dataset/test/LocalEchoPeer.java" startline="265" endline="291" function="testReplyWithTimeoutReplyInitialise" hash="985013518985528364"></source>
		</class>
	</version>
	<version nr="180" hash="54e6e77ab" evolution="Add" change="Inconsistent">
		<class nclones="5">
			<source file="../../workspace/dataset/test/LocalEchoPeer.java" startline="181" endline="205" function="testSendWithTimeoutNoReplyInitialise" hash="7825451090418190329"></source>
			<source file="../../workspace/dataset/test/LocalEchoPeer.java" startline="237" endline="263" function="testSendWithDefaultTimeoutNoReplyInitialise" hash="-5082137046158937803"></source>
			<source file="../../workspace/dataset/test/LocalEchoPeer.java" startline="207" endline="235" function="testSendReplyWithTimeoutNoReplyHandlerInitialise" hash="6152443068797049298"></source>
			<source file="../../workspace/dataset/test/LocalEchoPeer.java" startline="265" endline="291" function="testReplyWithTimeoutReplyInitialise" hash="985013518985528364"></source>
			<source file="../../workspace/dataset/test/LocalEchoPeer.java" startline="293" endline="323" function="testReplyWithTimeoutNoReplyInitialise" hash="2149635510789268738"></source>
		</class>
	</version>
	<version nr="180" hash="54e6e77ab" evolution="Subtract" change="Inconsistent">
		<class nclones="2">
			<source file="../../workspace/dataset/test/LocalEchoPeer.java" startline="216" endline="222" function="handle" hash="-3067005739538203547"></source>
			<source file="../../workspace/dataset/test/LocalEchoPeer.java" startline="265" endline="291" function="testReplyWithTimeoutReplyInitialise" hash="985013518985528364"></source>
		</class>
	</version>
	<version nr="190" hash="3d67dcacc" evolution="Add" change="Inconsistent">
		<class nclones="5">
			<source file="../../workspace/dataset/test/LocalEchoPeer.java" startline="181" endline="205" function="testSendWithTimeoutNoReplyInitialise" hash="7825451090418190329"></source>
			<source file="../../workspace/dataset/test/LocalEchoPeer.java" startline="237" endline="263" function="testSendWithDefaultTimeoutNoReplyInitialise" hash="-5082137046158937803"></source>
			<source file="../../workspace/dataset/test/LocalEchoPeer.java" startline="207" endline="235" function="testSendReplyWithTimeoutNoReplyHandlerInitialise" hash="6152443068797049298"></source>
			<source file="../../workspace/dataset/test/LocalEchoPeer.java" startline="265" endline="291" function="testReplyWithTimeoutReplyInitialise" hash="985013518985528364"></source>
			<source file="../../workspace/dataset/test/LocalEchoPeer.java" startline="293" endline="323" function="testReplyWithTimeoutNoReplyInitialise" hash="2149635510789268738"></source>
		</class>
	</version>
	<version nr="250" hash="c6773311c" evolution="Same" change="Same">
		<class nclones="5">
			<source file="../../workspace/dataset/test/LocalEchoPeer.java" startline="181" endline="205" function="testSendWithTimeoutNoReplyInitialise" hash="7825451090418190329"></source>
			<source file="../../workspace/dataset/test/LocalEchoPeer.java" startline="237" endline="263" function="testSendWithDefaultTimeoutNoReplyInitialise" hash="-5082137046158937803"></source>
			<source file="../../workspace/dataset/test/LocalEchoPeer.java" startline="207" endline="235" function="testSendReplyWithTimeoutNoReplyHandlerInitialise" hash="6152443068797049298"></source>
			<source file="../../workspace/dataset/test/LocalEchoPeer.java" startline="265" endline="291" function="testReplyWithTimeoutReplyInitialise" hash="985013518985528364"></source>
			<source file="../../workspace/dataset/test/LocalEchoPeer.java" startline="293" endline="323" function="testReplyWithTimeoutNoReplyInitialise" hash="2149635510789268738"></source>
		</class>
	</version>
	<version nr="250" hash="c6773311c" evolution="Subtract" change="Inconsistent">
		<class nclones="2">
			<source file="../../workspace/dataset/test/LocalEchoPeer.java" startline="185" endline="193" function="handle" hash="-1361260337394385408"></source>
			<source file="../../workspace/dataset/test/LocalEchoPeer.java" startline="237" endline="263" function="testSendWithDefaultTimeoutNoReplyInitialise" hash="-5082137046158937803"></source>
		</class>
	</version>
	<version nr="250" hash="c6773311c" evolution="Same" change="Consistent">
		<class nclones="2">
			<source file="../../workspace/dataset/test/LocalEchoPeer.java" startline="216" endline="222" function="handle" hash="-3067005739538203547"></source>
			<source file="../../workspace/dataset/test/LocalEchoPeer.java" startline="265" endline="291" function="testReplyWithTimeoutReplyInitialise" hash="985013518985528364"></source>
		</class>
	</version>
	<version nr="260" hash="83eedcf77" evolution="Add" change="Inconsistent">
		<class nclones="5">
			<source file="../../workspace/dataset/test/LocalEchoPeer.java" startline="181" endline="205" function="testSendWithTimeoutNoReplyInitialise" hash="7825451090418190329"></source>
			<source file="../../workspace/dataset/test/LocalEchoPeer.java" startline="265" endline="291" function="testReplyWithTimeoutReplyInitialise" hash="985013518985528364"></source>
			<source file="../../workspace/dataset/test/LocalEchoPeer.java" startline="237" endline="263" function="testSendWithDefaultTimeoutNoReplyInitialise" hash="-5082137046158937803"></source>
			<source file="../../workspace/dataset/test/LocalEchoPeer.java" startline="207" endline="235" function="testSendReplyWithTimeoutNoReplyHandlerInitialise" hash="6152443068797049298"></source>
			<source file="../../workspace/dataset/test/LocalEchoPeer.java" startline="293" endline="323" function="testReplyWithTimeoutNoReplyInitialise" hash="2149635510789268738"></source>
		</class>
	</version>
	<version nr="270" hash="d3155c919" evolution="Same" change="Same">
		<class nclones="5">
			<source file="../../workspace/dataset/test/LocalEchoPeer.java" startline="181" endline="205" function="testSendWithTimeoutNoReplyInitialise" hash="7825451090418190329"></source>
			<source file="../../workspace/dataset/test/LocalEchoPeer.java" startline="265" endline="291" function="testReplyWithTimeoutReplyInitialise" hash="985013518985528364"></source>
			<source file="../../workspace/dataset/test/LocalEchoPeer.java" startline="237" endline="263" function="testSendWithDefaultTimeoutNoReplyInitialise" hash="-5082137046158937803"></source>
			<source file="../../workspace/dataset/test/LocalEchoPeer.java" startline="207" endline="235" function="testSendReplyWithTimeoutNoReplyHandlerInitialise" hash="6152443068797049298"></source>
			<source file="../../workspace/dataset/test/LocalEchoPeer.java" startline="293" endline="323" function="testReplyWithTimeoutNoReplyInitialise" hash="2149635510789268738"></source>
		</class>
	</version>
	<version nr="270" hash="d3155c919" evolution="Subtract" change="Inconsistent">
		<class nclones="2">
			<source file="../../workspace/dataset/test/LocalEchoPeer.java" startline="185" endline="193" function="handle" hash="-1361260337394385408"></source>
			<source file="../../workspace/dataset/test/LocalEchoPeer.java" startline="237" endline="263" function="testSendWithDefaultTimeoutNoReplyInitialise" hash="-5082137046158937803"></source>
		</class>
	</version>
	<version nr="280" hash="33deb1d29" evolution="Add" change="Inconsistent">
		<class nclones="5">
			<source file="../../workspace/dataset/test/LocalEchoPeer.java" startline="181" endline="205" function="testSendWithTimeoutNoReplyInitialise" hash="7825451090418190329"></source>
			<source file="../../workspace/dataset/test/LocalEchoPeer.java" startline="237" endline="263" function="testSendWithDefaultTimeoutNoReplyInitialise" hash="-5082137046158937803"></source>
			<source file="../../workspace/dataset/test/LocalEchoPeer.java" startline="265" endline="291" function="testReplyWithTimeoutReplyInitialise" hash="985013518985528364"></source>
			<source file="../../workspace/dataset/test/LocalEchoPeer.java" startline="207" endline="235" function="testSendReplyWithTimeoutNoReplyHandlerInitialise" hash="6152443068797049298"></source>
			<source file="../../workspace/dataset/test/LocalEchoPeer.java" startline="293" endline="323" function="testReplyWithTimeoutNoReplyInitialise" hash="2149635510789268738"></source>
		</class>
	</version>
	<version nr="280" hash="33deb1d29" evolution="Subtract" change="Inconsistent">
		<class nclones="2">
			<source file="../../workspace/dataset/test/LocalEchoPeer.java" startline="185" endline="193" function="handle" hash="-1361260337394385408"></source>
			<source file="../../workspace/dataset/test/LocalEchoPeer.java" startline="237" endline="263" function="testSendWithDefaultTimeoutNoReplyInitialise" hash="-5082137046158937803"></source>
		</class>
	</version>
</lineage>
<lineage>
	<version nr="50" hash="7eb3e09cf" evolution="None" change="None">
		<class nclones="2">
			<source file="../../workspace/dataset/test/LocalEchoPeer.java" startline="187" endline="193" function="handle" hash="-7605192372577528524"></source>
			<source file="../../workspace/dataset/test/LocalEchoPeer.java" startline="204" endline="212" function="handle" hash="-2622265768937535328"></source>
		</class>
	</version>
	<version nr="70" hash="c4092176b" evolution="Same" change="Same">
		<class nclones="2">
			<source file="../../workspace/dataset/test/LocalEchoPeer.java" startline="187" endline="193" function="handle" hash="-7605192372577528524"></source>
			<source file="../../workspace/dataset/test/LocalEchoPeer.java" startline="204" endline="212" function="handle" hash="-2622265768937535328"></source>
		</class>
	</version>
	<version nr="80" hash="63e42823d" evolution="Same" change="Consistent">
		<class nclones="2">
			<source file="../../workspace/dataset/test/LocalEchoPeer.java" startline="207" endline="213" function="handle" hash="-3067005739538203547"></source>
			<source file="../../workspace/dataset/test/LocalEchoPeer.java" startline="264" endline="268" function="handle" hash="5555924162335356080"></source>
		</class>
	</version>
	<version nr="90" hash="8d66f7ef5" evolution="Same" change="Same">
		<class nclones="2">
			<source file="../../workspace/dataset/test/LocalEchoPeer.java" startline="207" endline="213" function="handle" hash="-3067005739538203547"></source>
			<source file="../../workspace/dataset/test/LocalEchoPeer.java" startline="264" endline="268" function="handle" hash="5555924162335356080"></source>
		</class>
	</version>
	<version nr="110" hash="deebfdf87" evolution="Same" change="Consistent">
		<class nclones="2">
			<source file="../../workspace/dataset/test/LocalEchoPeer.java" startline="195" endline="201" function="handle" hash="-7605192372577528524"></source>
			<source file="../../workspace/dataset/test/LocalEchoPeer.java" startline="236" endline="262" function="testSendWithDefaultTimeoutNoReplyInitialise" hash="-6680552380050699997"></source>
		</class>
	</version>
	<version nr="120" hash="572f29abe" evolution="Same" change="Consistent">
		<class nclones="2">
			<source file="../../workspace/dataset/test/LocalEchoPeer.java" startline="184" endline="192" function="handle" hash="-2622265768937535328"></source>
			<source file="../../workspace/dataset/test/LocalEchoPeer.java" startline="242" endline="250" function="handle" hash="-2622265768937535328"></source>
		</class>
	</version>
	<version nr="160" hash="03c27dc4c" evolution="Same" change="Same">
		<class nclones="2">
			<source file="../../workspace/dataset/test/LocalEchoPeer.java" startline="184" endline="192" function="handle" hash="-2622265768937535328"></source>
			<source file="../../workspace/dataset/test/LocalEchoPeer.java" startline="242" endline="250" function="handle" hash="-2622265768937535328"></source>
		</class>
	</version>
	<version nr="180" hash="54e6e77ab" evolution="Same" change="Consistent">
		<class nclones="2">
			<source file="../../workspace/dataset/test/LocalEchoPeer.java" startline="181" endline="205" function="testSendWithTimeoutNoReplyInitialise" hash="7825451090418190329"></source>
			<source file="../../workspace/dataset/test/LocalEchoPeer.java" startline="247" endline="249" function="handle" hash="-1780714237169485086"></source>
		</class>
	</version>
	<version nr="190" hash="3d67dcacc" evolution="Same" change="Inconsistent">
		<class nclones="2">
			<source file="../../workspace/dataset/test/LocalEchoPeer.java" startline="185" endline="193" function="handle" hash="-1361260337394385408"></source>
			<source file="../../workspace/dataset/test/LocalEchoPeer.java" startline="247" endline="249" function="handle" hash="-1780714237169485086"></source>
		</class>
	</version>
	<version nr="240" hash="b97840287" evolution="Same" change="Same">
		<class nclones="2">
			<source file="../../workspace/dataset/test/LocalEchoPeer.java" startline="185" endline="193" function="handle" hash="-1361260337394385408"></source>
			<source file="../../workspace/dataset/test/LocalEchoPeer.java" startline="247" endline="249" function="handle" hash="-1780714237169485086"></source>
		</class>
	</version>
	<version nr="260" hash="83eedcf77" evolution="Same" change="Inconsistent">
		<class nclones="2">
			<source file="../../workspace/dataset/test/LocalEchoPeer.java" startline="185" endline="193" function="handle" hash="-1361260337394385408"></source>
			<source file="../../workspace/dataset/test/LocalEchoPeer.java" startline="237" endline="263" function="testSendWithDefaultTimeoutNoReplyInitialise" hash="-5082137046158937803"></source>
		</class>
	</version>
	<version nr="270" hash="d3155c919" evolution="Same" change="Consistent">
		<class nclones="2">
			<source file="../../workspace/dataset/test/LocalEchoPeer.java" startline="216" endline="222" function="handle" hash="-3067005739538203547"></source>
			<source file="../../workspace/dataset/test/LocalEchoPeer.java" startline="273" endline="277" function="handle" hash="5555924162335356080"></source>
		</class>
	</version>
	<version nr="280" hash="33deb1d29" evolution="Same" change="Inconsistent">
		<class nclones="2">
			<source file="../../workspace/dataset/test/LocalEchoPeer.java" startline="216" endline="222" function="handle" hash="-3067005739538203547"></source>
			<source file="../../workspace/dataset/test/LocalEchoPeer.java" startline="270" endline="279" function="handle" hash="-571449212555449664"></source>
		</class>
	</version>
</lineage>
<lineage>
	<version nr="60" hash="dfe9724ac" evolution="None" change="None">
		<class nclones="2">
			<source file="../../workspace/dataset/test/RepoDownloadTestClient.java" startline="33" endline="43" function="testMavenDownload" hash="4032427984867263279"></source>
			<source file="../../workspace/dataset/test/RepoDownloadTestClient.java" startline="61" endline="71" function="testBintrayDownload" hash="-7630585803340965550"></source>
		</class>
	</version>
	<version nr="150" hash="8745db469" evolution="Same" change="Same">
		<class nclones="2">
			<source file="../../workspace/dataset/test/RepoDownloadTestClient.java" startline="33" endline="43" function="testMavenDownload" hash="4032427984867263279"></source>
			<source file="../../workspace/dataset/test/RepoDownloadTestClient.java" startline="61" endline="71" function="testBintrayDownload" hash="-7630585803340965550"></source>
		</class>
	</version>
	<version nr="160" hash="03c27dc4c" evolution="Add" change="Consistent">
		<class nclones="3">
			<source file="../../workspace/dataset/test/RepoDownloadTestClient.java" startline="32" endline="48" function="testMavenDownload" hash="-9061512258732052488"></source>
			<source file="../../workspace/dataset/test/RepoDownloadTestClient.java" startline="50" endline="69" function="testMavenDownloadWithProxy" hash="5157159867491099830"></source>
			<source file="../../workspace/dataset/test/RepoDownloadTestClient.java" startline="71" endline="87" function="testBintrayDownload" hash="3901261570512380803"></source>
		</class>
	</version>
	<version nr="290" hash="c3bea1078" evolution="Same" change="Same">
		<class nclones="3">
			<source file="../../workspace/dataset/test/RepoDownloadTestClient.java" startline="32" endline="48" function="testMavenDownload" hash="-9061512258732052488"></source>
			<source file="../../workspace/dataset/test/RepoDownloadTestClient.java" startline="50" endline="69" function="testMavenDownloadWithProxy" hash="5157159867491099830"></source>
			<source file="../../workspace/dataset/test/RepoDownloadTestClient.java" startline="71" endline="87" function="testBintrayDownload" hash="3901261570512380803"></source>
		</class>
	</version>
</lineage>
<lineage>
	<version nr="60" hash="dfe9724ac" evolution="None" change="None">
		<class nclones="2">
			<source file="../../workspace/dataset/test/HttpTestClient.java" startline="731" endline="778" function="testLowerCaseHeaders" hash="1132496090902907294"></source>
			<source file="../../workspace/dataset/test/HttpTestClient.java" startline="731" endline="778" function="testLowerCaseHeaders" hash="1132496090902907294"></source>
		</class>
	</version>
	<version nr="80" hash="63e42823d" evolution="Same" change="Same">
		<class nclones="2">
			<source file="../../workspace/dataset/test/HttpTestClient.java" startline="731" endline="778" function="testLowerCaseHeaders" hash="1132496090902907294"></source>
			<source file="../../workspace/dataset/test/HttpTestClient.java" startline="731" endline="778" function="testLowerCaseHeaders" hash="1132496090902907294"></source>
		</class>
	</version>
</lineage>
<lineage>
	<version nr="80" hash="63e42823d" evolution="None" change="None">
		<class nclones="3">
			<source file="../../workspace/dataset/test/HttpTestClient.java" startline="2827" endline="2858" function="handle" hash="3345699252435665059"></source>
			<source file="../../workspace/dataset/test/HttpTestClient.java" startline="2894" endline="2920" function="handle" hash="-3506089988975815569"></source>
			<source file="../../workspace/dataset/test/HttpTestClient.java" startline="2956" endline="2977" function="handle" hash="-7151998770551771743"></source>
		</class>
	</version>
	<version nr="110" hash="deebfdf87" evolution="Same" change="Same">
		<class nclones="3">
			<source file="../../workspace/dataset/test/HttpTestClient.java" startline="2827" endline="2858" function="handle" hash="3345699252435665059"></source>
			<source file="../../workspace/dataset/test/HttpTestClient.java" startline="2894" endline="2920" function="handle" hash="-3506089988975815569"></source>
			<source file="../../workspace/dataset/test/HttpTestClient.java" startline="2956" endline="2977" function="handle" hash="-7151998770551771743"></source>
		</class>
	</version>
</lineage>
<lineage>
	<version nr="190" hash="3d67dcacc" evolution="None" change="None">
		<class nclones="2">
			<source file="../../workspace/dataset/test/JavaBufferTest.java" startline="75" endline="89" function="testAppendBytesWithOffsetAndLen" hash="8846608271786199517"></source>
			<source file="../../workspace/dataset/test/JavaBufferTest.java" startline="92" endline="107" function="testAppendBufferWithOffsetAndLen" hash="7440930167430387369"></source>
		</class>
	</version>
	<version nr="200" hash="70c9eb220" evolution="Same" change="Same">
		<class nclones="2">
			<source file="../../workspace/dataset/test/JavaBufferTest.java" startline="75" endline="89" function="testAppendBytesWithOffsetAndLen" hash="8846608271786199517"></source>
			<source file="../../workspace/dataset/test/JavaBufferTest.java" startline="92" endline="107" function="testAppendBufferWithOffsetAndLen" hash="7440930167430387369"></source>
		</class>
	</version>
	<version nr="200" hash="70c9eb220" evolution="Same" change="Inconsistent">
		<class nclones="2">
			<source file="../../workspace/dataset/test/JavaBufferTest.java" startline="92" endline="107" function="testAppendBufferWithOffsetAndLen" hash="7440930167430387369"></source>
			<source file="../../workspace/dataset/test/JavaBufferTest.java" startline="628" endline="645" function="testSetBufferWithOffsetAndLen" hash="-1052088124747588752"></source>
		</class>
	</version>
	<version nr="210" hash="375e9cdce" evolution="Same" change="Inconsistent">
		<class nclones="2">
			<source file="../../workspace/dataset/test/JavaBufferTest.java" startline="75" endline="89" function="testAppendBytesWithOffsetAndLen" hash="8846608271786199517"></source>
			<source file="../../workspace/dataset/test/JavaBufferTest.java" startline="92" endline="107" function="testAppendBufferWithOffsetAndLen" hash="7440930167430387369"></source>
		</class>
	</version>
	<version nr="210" hash="375e9cdce" evolution="Same" change="Inconsistent">
		<class nclones="2">
			<source file="../../workspace/dataset/test/JavaBufferTest.java" startline="92" endline="107" function="testAppendBufferWithOffsetAndLen" hash="7440930167430387369"></source>
			<source file="../../workspace/dataset/test/JavaBufferTest.java" startline="628" endline="645" function="testSetBufferWithOffsetAndLen" hash="-1052088124747588752"></source>
		</class>
	</version>
	<version nr="220" hash="ba642a794" evolution="Same" change="Inconsistent">
		<class nclones="2">
			<source file="../../workspace/dataset/test/JavaBufferTest.java" startline="75" endline="89" function="testAppendBytesWithOffsetAndLen" hash="8846608271786199517"></source>
			<source file="../../workspace/dataset/test/JavaBufferTest.java" startline="92" endline="107" function="testAppendBufferWithOffsetAndLen" hash="7440930167430387369"></source>
		</class>
	</version>
	<version nr="220" hash="ba642a794" evolution="Same" change="Inconsistent">
		<class nclones="2">
			<source file="../../workspace/dataset/test/JavaBufferTest.java" startline="92" endline="107" function="testAppendBufferWithOffsetAndLen" hash="7440930167430387369"></source>
			<source file="../../workspace/dataset/test/JavaBufferTest.java" startline="628" endline="645" function="testSetBufferWithOffsetAndLen" hash="-1052088124747588752"></source>
		</class>
	</version>
	<version nr="230" hash="d0059ecf1" evolution="Same" change="Inconsistent">
		<class nclones="2">
			<source file="../../workspace/dataset/test/JavaBufferTest.java" startline="75" endline="89" function="testAppendBytesWithOffsetAndLen" hash="8846608271786199517"></source>
			<source file="../../workspace/dataset/test/JavaBufferTest.java" startline="92" endline="107" function="testAppendBufferWithOffsetAndLen" hash="7440930167430387369"></source>
		</class>
	</version>
	<version nr="230" hash="d0059ecf1" evolution="Same" change="Inconsistent">
		<class nclones="2">
			<source file="../../workspace/dataset/test/JavaBufferTest.java" startline="92" endline="107" function="testAppendBufferWithOffsetAndLen" hash="7440930167430387369"></source>
			<source file="../../workspace/dataset/test/JavaBufferTest.java" startline="628" endline="645" function="testSetBufferWithOffsetAndLen" hash="-1052088124747588752"></source>
		</class>
	</version>
	<version nr="240" hash="b97840287" evolution="Same" change="Inconsistent">
		<class nclones="2">
			<source file="../../workspace/dataset/test/JavaBufferTest.java" startline="75" endline="89" function="testAppendBytesWithOffsetAndLen" hash="8846608271786199517"></source>
			<source file="../../workspace/dataset/test/JavaBufferTest.java" startline="92" endline="107" function="testAppendBufferWithOffsetAndLen" hash="7440930167430387369"></source>
		</class>
	</version>
	<version nr="240" hash="b97840287" evolution="Same" change="Inconsistent">
		<class nclones="2">
			<source file="../../workspace/dataset/test/JavaBufferTest.java" startline="92" endline="107" function="testAppendBufferWithOffsetAndLen" hash="7440930167430387369"></source>
			<source file="../../workspace/dataset/test/JavaBufferTest.java" startline="628" endline="645" function="testSetBufferWithOffsetAndLen" hash="-1052088124747588752"></source>
		</class>
	</version>
	<version nr="250" hash="c6773311c" evolution="Same" change="Inconsistent">
		<class nclones="2">
			<source file="../../workspace/dataset/test/JavaBufferTest.java" startline="75" endline="89" function="testAppendBytesWithOffsetAndLen" hash="8846608271786199517"></source>
			<source file="../../workspace/dataset/test/JavaBufferTest.java" startline="92" endline="107" function="testAppendBufferWithOffsetAndLen" hash="7440930167430387369"></source>
		</class>
	</version>
	<version nr="250" hash="c6773311c" evolution="Same" change="Inconsistent">
		<class nclones="2">
			<source file="../../workspace/dataset/test/JavaBufferTest.java" startline="92" endline="107" function="testAppendBufferWithOffsetAndLen" hash="7440930167430387369"></source>
			<source file="../../workspace/dataset/test/JavaBufferTest.java" startline="628" endline="645" function="testSetBufferWithOffsetAndLen" hash="-1052088124747588752"></source>
		</class>
	</version>
	<version nr="260" hash="83eedcf77" evolution="Same" change="Inconsistent">
		<class nclones="2">
			<source file="../../workspace/dataset/test/JavaBufferTest.java" startline="75" endline="89" function="testAppendBytesWithOffsetAndLen" hash="8846608271786199517"></source>
			<source file="../../workspace/dataset/test/JavaBufferTest.java" startline="92" endline="107" function="testAppendBufferWithOffsetAndLen" hash="7440930167430387369"></source>
		</class>
	</version>
	<version nr="260" hash="83eedcf77" evolution="Same" change="Inconsistent">
		<class nclones="2">
			<source file="../../workspace/dataset/test/JavaBufferTest.java" startline="92" endline="107" function="testAppendBufferWithOffsetAndLen" hash="7440930167430387369"></source>
			<source file="../../workspace/dataset/test/JavaBufferTest.java" startline="628" endline="645" function="testSetBufferWithOffsetAndLen" hash="-1052088124747588752"></source>
		</class>
	</version>
	<version nr="270" hash="d3155c919" evolution="Same" change="Inconsistent">
		<class nclones="2">
			<source file="../../workspace/dataset/test/JavaBufferTest.java" startline="75" endline="89" function="testAppendBytesWithOffsetAndLen" hash="8846608271786199517"></source>
			<source file="../../workspace/dataset/test/JavaBufferTest.java" startline="92" endline="107" function="testAppendBufferWithOffsetAndLen" hash="7440930167430387369"></source>
		</class>
	</version>
	<version nr="270" hash="d3155c919" evolution="Same" change="Inconsistent">
		<class nclones="2">
			<source file="../../workspace/dataset/test/JavaBufferTest.java" startline="92" endline="107" function="testAppendBufferWithOffsetAndLen" hash="7440930167430387369"></source>
			<source file="../../workspace/dataset/test/JavaBufferTest.java" startline="628" endline="645" function="testSetBufferWithOffsetAndLen" hash="-1052088124747588752"></source>
		</class>
	</version>
	<version nr="280" hash="33deb1d29" evolution="Same" change="Inconsistent">
		<class nclones="2">
			<source file="../../workspace/dataset/test/JavaBufferTest.java" startline="75" endline="89" function="testAppendBytesWithOffsetAndLen" hash="8846608271786199517"></source>
			<source file="../../workspace/dataset/test/JavaBufferTest.java" startline="92" endline="107" function="testAppendBufferWithOffsetAndLen" hash="7440930167430387369"></source>
		</class>
	</version>
	<version nr="280" hash="33deb1d29" evolution="Same" change="Inconsistent">
		<class nclones="2">
			<source file="../../workspace/dataset/test/JavaBufferTest.java" startline="92" endline="107" function="testAppendBufferWithOffsetAndLen" hash="7440930167430387369"></source>
			<source file="../../workspace/dataset/test/JavaBufferTest.java" startline="628" endline="645" function="testSetBufferWithOffsetAndLen" hash="-1052088124747588752"></source>
		</class>
	</version>
</lineage>
<lineage>
	<version nr="190" hash="3d67dcacc" evolution="None" change="None">
		<class nclones="2">
			<source file="../../workspace/dataset/test/JavaBufferTest.java" startline="608" endline="624" function="testSetBytesWithOffsetAndLen" hash="39516467570243964"></source>
			<source file="../../workspace/dataset/test/JavaBufferTest.java" startline="628" endline="645" function="testSetBufferWithOffsetAndLen" hash="-1052088124747588752"></source>
		</class>
	</version>
	<version nr="280" hash="33deb1d29" evolution="Same" change="Same">
		<class nclones="2">
			<source file="../../workspace/dataset/test/JavaBufferTest.java" startline="608" endline="624" function="testSetBytesWithOffsetAndLen" hash="39516467570243964"></source>
			<source file="../../workspace/dataset/test/JavaBufferTest.java" startline="628" endline="645" function="testSetBufferWithOffsetAndLen" hash="-1052088124747588752"></source>
		</class>
	</version>
</lineage>
<lineage>
	<version nr="190" hash="3d67dcacc" evolution="None" change="None">
		<class nclones="2">
			<source file="../../workspace/dataset/test/JavaBufferTest.java" startline="92" endline="107" function="testAppendBufferWithOffsetAndLen" hash="7440930167430387369"></source>
			<source file="../../workspace/dataset/test/JavaBufferTest.java" startline="628" endline="645" function="testSetBufferWithOffsetAndLen" hash="-1052088124747588752"></source>
		</class>
	</version>
</lineage>
<lineage>
	<version nr="260" hash="83eedcf77" evolution="None" change="None">
		<class nclones="3">
			<source file="../../workspace/dataset/test/WebsocketsTestClient.java" startline="331" endline="364" function="testWriteFromConnectHandler" hash="-4989490454941052290"></source>
			<source file="../../workspace/dataset/test/WebsocketsTestClient.java" startline="400" endline="432" function="testInvalidSubProtocol" hash="-1447663146890694718"></source>
			<source file="../../workspace/dataset/test/WebsocketsTestClient.java" startline="366" endline="398" function="testValidSubProtocol" hash="-6448811207228686501"></source>
		</class>
	</version>
	<version nr="280" hash="33deb1d29" evolution="Same" change="Same">
		<class nclones="3">
			<source file="../../workspace/dataset/test/WebsocketsTestClient.java" startline="331" endline="364" function="testWriteFromConnectHandler" hash="-4989490454941052290"></source>
			<source file="../../workspace/dataset/test/WebsocketsTestClient.java" startline="400" endline="432" function="testInvalidSubProtocol" hash="-1447663146890694718"></source>
			<source file="../../workspace/dataset/test/WebsocketsTestClient.java" startline="366" endline="398" function="testValidSubProtocol" hash="-6448811207228686501"></source>
		</class>
	</version>
</lineage>
<lineage>
	<version nr="260" hash="83eedcf77" evolution="None" change="None">
		<class nclones="2">
			<source file="../../workspace/dataset/test/LocalEchoPeer.java" startline="216" endline="222" function="handle" hash="-3067005739538203547"></source>
			<source file="../../workspace/dataset/test/LocalEchoPeer.java" startline="273" endline="277" function="handle" hash="5555924162335356080"></source>
		</class>
	</version>
</lineage>
<lineage>
	<version nr="290" hash="c3bea1078" evolution="None" change="None">
		<class nclones="3">
			<source file="../../workspace/dataset/test/TestClient.java" startline="60" endline="78" function="testDeployVerticle" hash="2043085596478516272"></source>
			<source file="../../workspace/dataset/test/TestClient.java" startline="160" endline="178" function="testDeployNestedModule" hash="8392606847623366331"></source>
			<source file="../../workspace/dataset/test/TestClient.java" startline="109" endline="127" function="testDeployModule" hash="7230792561811380262"></source>
		</class>
	</version>
</lineage>
<lineage>
	<version nr="290" hash="c3bea1078" evolution="None" change="None">
		<class nclones="2">
			<source file="../../workspace/dataset/test/TestClient.java" startline="80" endline="107" function="testUndeployVerticle" hash="-5600295008371434817"></source>
			<source file="../../workspace/dataset/test/TestClient.java" startline="129" endline="158" function="testUndeployModule" hash="8489259134570544766"></source>
		</class>
	</version>
</lineage>
<lineage>
	<version nr="290" hash="c3bea1078" evolution="None" change="None">
		<class nclones="2">
			<source file="../../workspace/dataset/test/RecordParserTest.java" startline="49" endline="76" function="testFixed" hash="2865842329322753817"></source>
			<source file="../../workspace/dataset/test/RecordParserTest.java" startline="146" endline="174" function="delimited" hash="-5891543850854955769"></source>
		</class>
	</version>
	<version nr="360" hash="411b21a74" evolution="Same" change="Same">
		<class nclones="2">
			<source file="../../workspace/dataset/test/RecordParserTest.java" startline="49" endline="76" function="testFixed" hash="2865842329322753817"></source>
			<source file="../../workspace/dataset/test/RecordParserTest.java" startline="146" endline="174" function="delimited" hash="-5891543850854955769"></source>
		</class>
	</version>
	<version nr="370" hash="80d537a3f" evolution="Same" change="Consistent">
		<class nclones="2">
			<source file="../../workspace/dataset/test/RecordParserTest.java" startline="50" endline="77" function="testFixed" hash="8326399640216460679"></source>
			<source file="../../workspace/dataset/test/RecordParserTest.java" startline="147" endline="175" function="delimited" hash="-377153596103237237"></source>
		</class>
	</version>
	<version nr="390" hash="aa261383e" evolution="Same" change="Same">
		<class nclones="2">
			<source file="../../workspace/dataset/test/RecordParserTest.java" startline="49" endline="76" function="testFixed" hash="8326399640216460679"></source>
			<source file="../../workspace/dataset/test/RecordParserTest.java" startline="146" endline="174" function="delimited" hash="-377153596103237237"></source>
		</class>
	</version>
	<version nr="400" hash="a2064dca2" evolution="Same" change="Consistent">
		<class nclones="2">
			<source file="../../workspace/dataset/test/RecordParserTest.java" startline="49" endline="76" function="testFixed" hash="1487264108746604830"></source>
			<source file="../../workspace/dataset/test/RecordParserTest.java" startline="146" endline="174" function="delimited" hash="-6338401797590884663"></source>
		</class>
	</version>
	<version nr="530" hash="941fdb7dd" evolution="Same" change="Same">
		<class nclones="2">
			<source file="../../workspace/dataset/test/RecordParserTest.java" startline="49" endline="76" function="testFixed" hash="1487264108746604830"></source>
			<source file="../../workspace/dataset/test/RecordParserTest.java" startline="146" endline="174" function="delimited" hash="-6338401797590884663"></source>
		</class>
	</version>
</lineage>
<lineage>
	<version nr="290" hash="c3bea1078" evolution="None" change="None">
		<class nclones="2">
			<source file="../../workspace/dataset/test/BufferTest.java" startline="74" endline="88" function="testAppendBytesWithOffsetAndLen" hash="-5073150893884971590"></source>
			<source file="../../workspace/dataset/test/BufferTest.java" startline="91" endline="106" function="testAppendBufferWithOffsetAndLen" hash="-5650336649489560188"></source>
		</class>
	</version>
	<version nr="300" hash="776fb3c51" evolution="Same" change="Same">
		<class nclones="2">
			<source file="../../workspace/dataset/test/BufferTest.java" startline="74" endline="88" function="testAppendBytesWithOffsetAndLen" hash="-5073150893884971590"></source>
			<source file="../../workspace/dataset/test/BufferTest.java" startline="91" endline="106" function="testAppendBufferWithOffsetAndLen" hash="-5650336649489560188"></source>
		</class>
	</version>
	<version nr="300" hash="776fb3c51" evolution="Same" change="Inconsistent">
		<class nclones="2">
			<source file="../../workspace/dataset/test/BufferTest.java" startline="91" endline="106" function="testAppendBufferWithOffsetAndLen" hash="-5650336649489560188"></source>
			<source file="../../workspace/dataset/test/BufferTest.java" startline="627" endline="644" function="testSetBufferWithOffsetAndLen" hash="-5059674241038265151"></source>
		</class>
	</version>
	<version nr="310" hash="0f51f990c" evolution="Same" change="Inconsistent">
		<class nclones="2">
			<source file="../../workspace/dataset/test/BufferTest.java" startline="75" endline="89" function="testAppendBytesWithOffsetAndLen" hash="-5073150893884971590"></source>
			<source file="../../workspace/dataset/test/BufferTest.java" startline="92" endline="107" function="testAppendBufferWithOffsetAndLen" hash="-5650336649489560188"></source>
		</class>
	</version>
	<version nr="310" hash="0f51f990c" evolution="Same" change="Inconsistent">
		<class nclones="2">
			<source file="../../workspace/dataset/test/BufferTest.java" startline="92" endline="107" function="testAppendBufferWithOffsetAndLen" hash="-5650336649489560188"></source>
			<source file="../../workspace/dataset/test/BufferTest.java" startline="628" endline="645" function="testSetBufferWithOffsetAndLen" hash="-5059674241038265151"></source>
		</class>
	</version>
	<version nr="320" hash="8bf0bfa4c" evolution="Same" change="Inconsistent">
		<class nclones="2">
			<source file="../../workspace/dataset/test/BufferTest.java" startline="75" endline="89" function="testAppendBytesWithOffsetAndLen" hash="-5073150893884971590"></source>
			<source file="../../workspace/dataset/test/BufferTest.java" startline="92" endline="107" function="testAppendBufferWithOffsetAndLen" hash="-5650336649489560188"></source>
		</class>
	</version>
	<version nr="320" hash="8bf0bfa4c" evolution="Same" change="Inconsistent">
		<class nclones="2">
			<source file="../../workspace/dataset/test/BufferTest.java" startline="92" endline="107" function="testAppendBufferWithOffsetAndLen" hash="-5650336649489560188"></source>
			<source file="../../workspace/dataset/test/BufferTest.java" startline="628" endline="645" function="testSetBufferWithOffsetAndLen" hash="-5059674241038265151"></source>
		</class>
	</version>
	<version nr="330" hash="8eb545267" evolution="Same" change="Inconsistent">
		<class nclones="2">
			<source file="../../workspace/dataset/test/BufferTest.java" startline="75" endline="89" function="testAppendBytesWithOffsetAndLen" hash="-5073150893884971590"></source>
			<source file="../../workspace/dataset/test/BufferTest.java" startline="92" endline="107" function="testAppendBufferWithOffsetAndLen" hash="-5650336649489560188"></source>
		</class>
	</version>
	<version nr="330" hash="8eb545267" evolution="Same" change="Inconsistent">
		<class nclones="2">
			<source file="../../workspace/dataset/test/BufferTest.java" startline="92" endline="107" function="testAppendBufferWithOffsetAndLen" hash="-5650336649489560188"></source>
			<source file="../../workspace/dataset/test/BufferTest.java" startline="628" endline="645" function="testSetBufferWithOffsetAndLen" hash="-5059674241038265151"></source>
		</class>
	</version>
	<version nr="340" hash="709b14702" evolution="Same" change="Inconsistent">
		<class nclones="2">
			<source file="../../workspace/dataset/test/BufferTest.java" startline="75" endline="89" function="testAppendBytesWithOffsetAndLen" hash="-5073150893884971590"></source>
			<source file="../../workspace/dataset/test/BufferTest.java" startline="92" endline="107" function="testAppendBufferWithOffsetAndLen" hash="-5650336649489560188"></source>
		</class>
	</version>
	<version nr="340" hash="709b14702" evolution="Same" change="Inconsistent">
		<class nclones="2">
			<source file="../../workspace/dataset/test/BufferTest.java" startline="92" endline="107" function="testAppendBufferWithOffsetAndLen" hash="-5650336649489560188"></source>
			<source file="../../workspace/dataset/test/BufferTest.java" startline="639" endline="656" function="testSetBufferWithOffsetAndLen" hash="-5059674241038265151"></source>
		</class>
	</version>
	<version nr="350" hash="4fcb95af7" evolution="Same" change="Consistent">
		<class nclones="2">
			<source file="../../workspace/dataset/test/BufferTest.java" startline="74" endline="88" function="testAppendBytesWithOffsetAndLen" hash="-5133689359299011684"></source>
			<source file="../../workspace/dataset/test/BufferTest.java" startline="91" endline="106" function="testAppendBufferWithOffsetAndLen" hash="-5809367793184577700"></source>
		</class>
	</version>
	<version nr="350" hash="4fcb95af7" evolution="Same" change="Inconsistent">
		<class nclones="2">
			<source file="../../workspace/dataset/test/BufferTest.java" startline="91" endline="106" function="testAppendBufferWithOffsetAndLen" hash="-5809367793184577700"></source>
			<source file="../../workspace/dataset/test/BufferTest.java" startline="638" endline="655" function="testSetBufferWithOffsetAndLen" hash="3958914501205285757"></source>
		</class>
	</version>
	<version nr="360" hash="411b21a74" evolution="Same" change="Inconsistent">
		<class nclones="2">
			<source file="../../workspace/dataset/test/BufferTest.java" startline="74" endline="88" function="testAppendBytesWithOffsetAndLen" hash="-5133689359299011684"></source>
			<source file="../../workspace/dataset/test/BufferTest.java" startline="91" endline="106" function="testAppendBufferWithOffsetAndLen" hash="-5809367793184577700"></source>
		</class>
	</version>
	<version nr="360" hash="411b21a74" evolution="Same" change="Inconsistent">
		<class nclones="2">
			<source file="../../workspace/dataset/test/BufferTest.java" startline="91" endline="106" function="testAppendBufferWithOffsetAndLen" hash="-5809367793184577700"></source>
			<source file="../../workspace/dataset/test/BufferTest.java" startline="638" endline="655" function="testSetBufferWithOffsetAndLen" hash="3958914501205285757"></source>
		</class>
	</version>
	<version nr="370" hash="80d537a3f" evolution="Same" change="Consistent">
		<class nclones="2">
			<source file="../../workspace/dataset/test/BufferTest.java" startline="74" endline="88" function="testAppendBytesWithOffsetAndLen" hash="-6245188571617049830"></source>
			<source file="../../workspace/dataset/test/BufferTest.java" startline="91" endline="106" function="testAppendBufferWithOffsetAndLen" hash="-5319731831164472800"></source>
		</class>
	</version>
	<version nr="370" hash="80d537a3f" evolution="Same" change="Inconsistent">
		<class nclones="2">
			<source file="../../workspace/dataset/test/BufferTest.java" startline="91" endline="106" function="testAppendBufferWithOffsetAndLen" hash="-5319731831164472800"></source>
			<source file="../../workspace/dataset/test/BufferTest.java" startline="638" endline="655" function="testSetBufferWithOffsetAndLen" hash="-2244924526391992439"></source>
		</class>
	</version>
	<version nr="380" hash="976517520" evolution="Same" change="Inconsistent">
		<class nclones="2">
			<source file="../../workspace/dataset/test/BufferTest.java" startline="74" endline="88" function="testAppendBytesWithOffsetAndLen" hash="-6245188571617049830"></source>
			<source file="../../workspace/dataset/test/BufferTest.java" startline="91" endline="106" function="testAppendBufferWithOffsetAndLen" hash="-5319731831164472800"></source>
		</class>
	</version>
	<version nr="380" hash="976517520" evolution="Same" change="Inconsistent">
		<class nclones="2">
			<source file="../../workspace/dataset/test/BufferTest.java" startline="91" endline="106" function="testAppendBufferWithOffsetAndLen" hash="-5319731831164472800"></source>
			<source file="../../workspace/dataset/test/BufferTest.java" startline="638" endline="655" function="testSetBufferWithOffsetAndLen" hash="-2244924526391992439"></source>
		</class>
	</version>
	<version nr="390" hash="aa261383e" evolution="Same" change="Inconsistent">
		<class nclones="2">
			<source file="../../workspace/dataset/test/BufferTest.java" startline="74" endline="88" function="testAppendBytesWithOffsetAndLen" hash="-6245188571617049830"></source>
			<source file="../../workspace/dataset/test/BufferTest.java" startline="91" endline="106" function="testAppendBufferWithOffsetAndLen" hash="-5319731831164472800"></source>
		</class>
	</version>
	<version nr="390" hash="aa261383e" evolution="Same" change="Inconsistent">
		<class nclones="2">
			<source file="../../workspace/dataset/test/BufferTest.java" startline="91" endline="106" function="testAppendBufferWithOffsetAndLen" hash="-5319731831164472800"></source>
			<source file="../../workspace/dataset/test/BufferTest.java" startline="638" endline="655" function="testSetBufferWithOffsetAndLen" hash="-2244924526391992439"></source>
		</class>
	</version>
	<version nr="400" hash="a2064dca2" evolution="Same" change="Consistent">
		<class nclones="2">
			<source file="../../workspace/dataset/test/BufferTest.java" startline="74" endline="88" function="testAppendBytesWithOffsetAndLen" hash="6449807745439066421"></source>
			<source file="../../workspace/dataset/test/BufferTest.java" startline="91" endline="106" function="testAppendBufferWithOffsetAndLen" hash="8316323092465251792"></source>
		</class>
	</version>
	<version nr="400" hash="a2064dca2" evolution="Same" change="Inconsistent">
		<class nclones="2">
			<source file="../../workspace/dataset/test/BufferTest.java" startline="91" endline="106" function="testAppendBufferWithOffsetAndLen" hash="8316323092465251792"></source>
			<source file="../../workspace/dataset/test/BufferTest.java" startline="638" endline="655" function="testSetBufferWithOffsetAndLen" hash="-7305276126261978563"></source>
		</class>
	</version>
	<version nr="410" hash="01c7f6236" evolution="Same" change="Inconsistent">
		<class nclones="2">
			<source file="../../workspace/dataset/test/BufferTest.java" startline="74" endline="88" function="testAppendBytesWithOffsetAndLen" hash="6449807745439066421"></source>
			<source file="../../workspace/dataset/test/BufferTest.java" startline="91" endline="106" function="testAppendBufferWithOffsetAndLen" hash="8316323092465251792"></source>
		</class>
	</version>
	<version nr="410" hash="01c7f6236" evolution="Same" change="Inconsistent">
		<class nclones="2">
			<source file="../../workspace/dataset/test/BufferTest.java" startline="91" endline="106" function="testAppendBufferWithOffsetAndLen" hash="8316323092465251792"></source>
			<source file="../../workspace/dataset/test/BufferTest.java" startline="638" endline="655" function="testSetBufferWithOffsetAndLen" hash="-7305276126261978563"></source>
		</class>
	</version>
	<version nr="420" hash="74267e8ef" evolution="Same" change="Inconsistent">
		<class nclones="2">
			<source file="../../workspace/dataset/test/BufferTest.java" startline="74" endline="88" function="testAppendBytesWithOffsetAndLen" hash="6449807745439066421"></source>
			<source file="../../workspace/dataset/test/BufferTest.java" startline="91" endline="106" function="testAppendBufferWithOffsetAndLen" hash="8316323092465251792"></source>
		</class>
	</version>
	<version nr="420" hash="74267e8ef" evolution="Same" change="Inconsistent">
		<class nclones="2">
			<source file="../../workspace/dataset/test/BufferTest.java" startline="91" endline="106" function="testAppendBufferWithOffsetAndLen" hash="8316323092465251792"></source>
			<source file="../../workspace/dataset/test/BufferTest.java" startline="638" endline="655" function="testSetBufferWithOffsetAndLen" hash="-7305276126261978563"></source>
		</class>
	</version>
	<version nr="430" hash="575018090" evolution="Same" change="Inconsistent">
		<class nclones="2">
			<source file="../../workspace/dataset/test/BufferTest.java" startline="74" endline="88" function="testAppendBytesWithOffsetAndLen" hash="6449807745439066421"></source>
			<source file="../../workspace/dataset/test/BufferTest.java" startline="91" endline="106" function="testAppendBufferWithOffsetAndLen" hash="8316323092465251792"></source>
		</class>
	</version>
	<version nr="430" hash="575018090" evolution="Same" change="Inconsistent">
		<class nclones="2">
			<source file="../../workspace/dataset/test/BufferTest.java" startline="91" endline="106" function="testAppendBufferWithOffsetAndLen" hash="8316323092465251792"></source>
			<source file="../../workspace/dataset/test/BufferTest.java" startline="638" endline="655" function="testSetBufferWithOffsetAndLen" hash="-7305276126261978563"></source>
		</class>
	</version>
	<version nr="440" hash="1c5447153" evolution="Same" change="Inconsistent">
		<class nclones="2">
			<source file="../../workspace/dataset/test/BufferTest.java" startline="74" endline="88" function="testAppendBytesWithOffsetAndLen" hash="6449807745439066421"></source>
			<source file="../../workspace/dataset/test/BufferTest.java" startline="91" endline="106" function="testAppendBufferWithOffsetAndLen" hash="8316323092465251792"></source>
		</class>
	</version>
	<version nr="440" hash="1c5447153" evolution="Same" change="Inconsistent">
		<class nclones="2">
			<source file="../../workspace/dataset/test/BufferTest.java" startline="91" endline="106" function="testAppendBufferWithOffsetAndLen" hash="8316323092465251792"></source>
			<source file="../../workspace/dataset/test/BufferTest.java" startline="638" endline="655" function="testSetBufferWithOffsetAndLen" hash="-7305276126261978563"></source>
		</class>
	</version>
	<version nr="450" hash="724c761f7" evolution="Same" change="Inconsistent">
		<class nclones="2">
			<source file="../../workspace/dataset/test/BufferTest.java" startline="74" endline="88" function="testAppendBytesWithOffsetAndLen" hash="6449807745439066421"></source>
			<source file="../../workspace/dataset/test/BufferTest.java" startline="91" endline="106" function="testAppendBufferWithOffsetAndLen" hash="8316323092465251792"></source>
		</class>
	</version>
	<version nr="450" hash="724c761f7" evolution="Same" change="Inconsistent">
		<class nclones="2">
			<source file="../../workspace/dataset/test/BufferTest.java" startline="91" endline="106" function="testAppendBufferWithOffsetAndLen" hash="8316323092465251792"></source>
			<source file="../../workspace/dataset/test/BufferTest.java" startline="638" endline="655" function="testSetBufferWithOffsetAndLen" hash="-7305276126261978563"></source>
		</class>
	</version>
	<version nr="460" hash="4ed93b060" evolution="Same" change="Inconsistent">
		<class nclones="2">
			<source file="../../workspace/dataset/test/BufferTest.java" startline="74" endline="88" function="testAppendBytesWithOffsetAndLen" hash="6449807745439066421"></source>
			<source file="../../workspace/dataset/test/BufferTest.java" startline="91" endline="106" function="testAppendBufferWithOffsetAndLen" hash="8316323092465251792"></source>
		</class>
	</version>
	<version nr="460" hash="4ed93b060" evolution="Same" change="Inconsistent">
		<class nclones="2">
			<source file="../../workspace/dataset/test/BufferTest.java" startline="91" endline="106" function="testAppendBufferWithOffsetAndLen" hash="8316323092465251792"></source>
			<source file="../../workspace/dataset/test/BufferTest.java" startline="638" endline="655" function="testSetBufferWithOffsetAndLen" hash="-7305276126261978563"></source>
		</class>
	</version>
	<version nr="470" hash="218abc18c" evolution="Same" change="Inconsistent">
		<class nclones="2">
			<source file="../../workspace/dataset/test/BufferTest.java" startline="74" endline="88" function="testAppendBytesWithOffsetAndLen" hash="6449807745439066421"></source>
			<source file="../../workspace/dataset/test/BufferTest.java" startline="91" endline="106" function="testAppendBufferWithOffsetAndLen" hash="8316323092465251792"></source>
		</class>
	</version>
	<version nr="470" hash="218abc18c" evolution="Same" change="Inconsistent">
		<class nclones="2">
			<source file="../../workspace/dataset/test/BufferTest.java" startline="91" endline="106" function="testAppendBufferWithOffsetAndLen" hash="8316323092465251792"></source>
			<source file="../../workspace/dataset/test/BufferTest.java" startline="638" endline="655" function="testSetBufferWithOffsetAndLen" hash="-7305276126261978563"></source>
		</class>
	</version>
	<version nr="480" hash="742ceb53e" evolution="Same" change="Inconsistent">
		<class nclones="2">
			<source file="../../workspace/dataset/test/BufferTest.java" startline="74" endline="88" function="testAppendBytesWithOffsetAndLen" hash="6449807745439066421"></source>
			<source file="../../workspace/dataset/test/BufferTest.java" startline="91" endline="106" function="testAppendBufferWithOffsetAndLen" hash="8316323092465251792"></source>
		</class>
	</version>
	<version nr="480" hash="742ceb53e" evolution="Same" change="Inconsistent">
		<class nclones="2">
			<source file="../../workspace/dataset/test/BufferTest.java" startline="91" endline="106" function="testAppendBufferWithOffsetAndLen" hash="8316323092465251792"></source>
			<source file="../../workspace/dataset/test/BufferTest.java" startline="638" endline="655" function="testSetBufferWithOffsetAndLen" hash="-7305276126261978563"></source>
		</class>
	</version>
	<version nr="490" hash="313d80596" evolution="Same" change="Inconsistent">
		<class nclones="2">
			<source file="../../workspace/dataset/test/BufferTest.java" startline="74" endline="88" function="testAppendBytesWithOffsetAndLen" hash="6449807745439066421"></source>
			<source file="../../workspace/dataset/test/BufferTest.java" startline="91" endline="106" function="testAppendBufferWithOffsetAndLen" hash="8316323092465251792"></source>
		</class>
	</version>
	<version nr="490" hash="313d80596" evolution="Same" change="Inconsistent">
		<class nclones="2">
			<source file="../../workspace/dataset/test/BufferTest.java" startline="91" endline="106" function="testAppendBufferWithOffsetAndLen" hash="8316323092465251792"></source>
			<source file="../../workspace/dataset/test/BufferTest.java" startline="638" endline="655" function="testSetBufferWithOffsetAndLen" hash="-7305276126261978563"></source>
		</class>
	</version>
	<version nr="500" hash="107aad176" evolution="Same" change="Inconsistent">
		<class nclones="2">
			<source file="../../workspace/dataset/test/BufferTest.java" startline="74" endline="88" function="testAppendBytesWithOffsetAndLen" hash="6449807745439066421"></source>
			<source file="../../workspace/dataset/test/BufferTest.java" startline="91" endline="106" function="testAppendBufferWithOffsetAndLen" hash="8316323092465251792"></source>
		</class>
	</version>
	<version nr="500" hash="107aad176" evolution="Same" change="Inconsistent">
		<class nclones="2">
			<source file="../../workspace/dataset/test/BufferTest.java" startline="91" endline="106" function="testAppendBufferWithOffsetAndLen" hash="8316323092465251792"></source>
			<source file="../../workspace/dataset/test/BufferTest.java" startline="638" endline="655" function="testSetBufferWithOffsetAndLen" hash="-7305276126261978563"></source>
		</class>
	</version>
	<version nr="510" hash="b4defc96c" evolution="Same" change="Inconsistent">
		<class nclones="2">
			<source file="../../workspace/dataset/test/BufferTest.java" startline="74" endline="88" function="testAppendBytesWithOffsetAndLen" hash="6449807745439066421"></source>
			<source file="../../workspace/dataset/test/BufferTest.java" startline="91" endline="106" function="testAppendBufferWithOffsetAndLen" hash="8316323092465251792"></source>
		</class>
	</version>
	<version nr="510" hash="b4defc96c" evolution="Same" change="Inconsistent">
		<class nclones="2">
			<source file="../../workspace/dataset/test/BufferTest.java" startline="91" endline="106" function="testAppendBufferWithOffsetAndLen" hash="8316323092465251792"></source>
			<source file="../../workspace/dataset/test/BufferTest.java" startline="638" endline="655" function="testSetBufferWithOffsetAndLen" hash="-7305276126261978563"></source>
		</class>
	</version>
	<version nr="520" hash="bd8373df7" evolution="Same" change="Inconsistent">
		<class nclones="2">
			<source file="../../workspace/dataset/test/BufferTest.java" startline="74" endline="88" function="testAppendBytesWithOffsetAndLen" hash="6449807745439066421"></source>
			<source file="../../workspace/dataset/test/BufferTest.java" startline="91" endline="106" function="testAppendBufferWithOffsetAndLen" hash="8316323092465251792"></source>
		</class>
	</version>
	<version nr="520" hash="bd8373df7" evolution="Same" change="Inconsistent">
		<class nclones="2">
			<source file="../../workspace/dataset/test/BufferTest.java" startline="91" endline="106" function="testAppendBufferWithOffsetAndLen" hash="8316323092465251792"></source>
			<source file="../../workspace/dataset/test/BufferTest.java" startline="638" endline="655" function="testSetBufferWithOffsetAndLen" hash="-7305276126261978563"></source>
		</class>
	</version>
	<version nr="530" hash="941fdb7dd" evolution="Same" change="Inconsistent">
		<class nclones="2">
			<source file="../../workspace/dataset/test/BufferTest.java" startline="74" endline="88" function="testAppendBytesWithOffsetAndLen" hash="6449807745439066421"></source>
			<source file="../../workspace/dataset/test/BufferTest.java" startline="91" endline="106" function="testAppendBufferWithOffsetAndLen" hash="8316323092465251792"></source>
		</class>
	</version>
	<version nr="530" hash="941fdb7dd" evolution="Same" change="Inconsistent">
		<class nclones="2">
			<source file="../../workspace/dataset/test/BufferTest.java" startline="91" endline="106" function="testAppendBufferWithOffsetAndLen" hash="8316323092465251792"></source>
			<source file="../../workspace/dataset/test/BufferTest.java" startline="638" endline="655" function="testSetBufferWithOffsetAndLen" hash="-7305276126261978563"></source>
		</class>
	</version>
</lineage>
<lineage>
	<version nr="290" hash="c3bea1078" evolution="None" change="None">
		<class nclones="6">
			<source file="../../workspace/dataset/test/BufferTest.java" startline="477" endline="484" function="testSetInt" hash="117101114084037574"></source>
			<source file="../../workspace/dataset/test/BufferTest.java" startline="496" endline="503" function="testSetLong" hash="-2113073135863461238"></source>
			<source file="../../workspace/dataset/test/BufferTest.java" startline="573" endline="580" function="testSetShort" hash="-4624276382186458647"></source>
			<source file="../../workspace/dataset/test/BufferTest.java" startline="534" endline="541" function="testSetFloat" hash="6582053401821971559"></source>
			<source file="../../workspace/dataset/test/BufferTest.java" startline="553" endline="560" function="testSetDouble" hash="8205030389477573091"></source>
			<source file="../../workspace/dataset/test/BufferTest.java" startline="515" endline="522" function="testSetByte" hash="-7508249061521071922"></source>
		</class>
	</version>
	<version nr="530" hash="941fdb7dd" evolution="Same" change="Same">
		<class nclones="6">
			<source file="../../workspace/dataset/test/BufferTest.java" startline="477" endline="484" function="testSetInt" hash="117101114084037574"></source>
			<source file="../../workspace/dataset/test/BufferTest.java" startline="496" endline="503" function="testSetLong" hash="-2113073135863461238"></source>
			<source file="../../workspace/dataset/test/BufferTest.java" startline="573" endline="580" function="testSetShort" hash="-4624276382186458647"></source>
			<source file="../../workspace/dataset/test/BufferTest.java" startline="515" endline="522" function="testSetByte" hash="-7508249061521071922"></source>
			<source file="../../workspace/dataset/test/BufferTest.java" startline="534" endline="541" function="testSetFloat" hash="6582053401821971559"></source>
			<source file="../../workspace/dataset/test/BufferTest.java" startline="553" endline="560" function="testSetDouble" hash="8205030389477573091"></source>
		</class>
	</version>
</lineage>
<lineage>
	<version nr="290" hash="c3bea1078" evolution="None" change="None">
		<class nclones="2">
			<source file="../../workspace/dataset/test/BufferTest.java" startline="607" endline="623" function="testSetBytesWithOffsetAndLen" hash="-4284656760030190869"></source>
			<source file="../../workspace/dataset/test/BufferTest.java" startline="627" endline="644" function="testSetBufferWithOffsetAndLen" hash="-5059674241038265151"></source>
		</class>
	</version>
	<version nr="340" hash="709b14702" evolution="Same" change="Same">
		<class nclones="2">
			<source file="../../workspace/dataset/test/BufferTest.java" startline="607" endline="623" function="testSetBytesWithOffsetAndLen" hash="-4284656760030190869"></source>
			<source file="../../workspace/dataset/test/BufferTest.java" startline="627" endline="644" function="testSetBufferWithOffsetAndLen" hash="-5059674241038265151"></source>
		</class>
	</version>
	<version nr="350" hash="4fcb95af7" evolution="Same" change="Consistent">
		<class nclones="2">
			<source file="../../workspace/dataset/test/BufferTest.java" startline="618" endline="634" function="testSetBytesWithOffsetAndLen" hash="6978043971366859017"></source>
			<source file="../../workspace/dataset/test/BufferTest.java" startline="638" endline="655" function="testSetBufferWithOffsetAndLen" hash="3958914501205285757"></source>
		</class>
	</version>
	<version nr="360" hash="411b21a74" evolution="Same" change="Same">
		<class nclones="2">
			<source file="../../workspace/dataset/test/BufferTest.java" startline="618" endline="634" function="testSetBytesWithOffsetAndLen" hash="6978043971366859017"></source>
			<source file="../../workspace/dataset/test/BufferTest.java" startline="638" endline="655" function="testSetBufferWithOffsetAndLen" hash="3958914501205285757"></source>
		</class>
	</version>
	<version nr="370" hash="80d537a3f" evolution="Same" change="Consistent">
		<class nclones="2">
			<source file="../../workspace/dataset/test/BufferTest.java" startline="618" endline="634" function="testSetBytesWithOffsetAndLen" hash="-504487518736165769"></source>
			<source file="../../workspace/dataset/test/BufferTest.java" startline="638" endline="655" function="testSetBufferWithOffsetAndLen" hash="-2244924526391992439"></source>
		</class>
	</version>
	<version nr="390" hash="aa261383e" evolution="Same" change="Same">
		<class nclones="2">
			<source file="../../workspace/dataset/test/BufferTest.java" startline="618" endline="634" function="testSetBytesWithOffsetAndLen" hash="-504487518736165769"></source>
			<source file="../../workspace/dataset/test/BufferTest.java" startline="638" endline="655" function="testSetBufferWithOffsetAndLen" hash="-2244924526391992439"></source>
		</class>
	</version>
	<version nr="400" hash="a2064dca2" evolution="Same" change="Consistent">
		<class nclones="2">
			<source file="../../workspace/dataset/test/BufferTest.java" startline="618" endline="634" function="testSetBytesWithOffsetAndLen" hash="-1655797757421116288"></source>
			<source file="../../workspace/dataset/test/BufferTest.java" startline="638" endline="655" function="testSetBufferWithOffsetAndLen" hash="-7305276126261978563"></source>
		</class>
	</version>
	<version nr="530" hash="941fdb7dd" evolution="Same" change="Same">
		<class nclones="2">
			<source file="../../workspace/dataset/test/BufferTest.java" startline="618" endline="634" function="testSetBytesWithOffsetAndLen" hash="-1655797757421116288"></source>
			<source file="../../workspace/dataset/test/BufferTest.java" startline="638" endline="655" function="testSetBufferWithOffsetAndLen" hash="-7305276126261978563"></source>
		</class>
	</version>
</lineage>
<lineage>
	<version nr="290" hash="c3bea1078" evolution="None" change="None">
		<class nclones="3">
			<source file="../../workspace/dataset/test/BufferTest.java" startline="152" endline="369" function="testGetOutOfBounds" hash="-2107348468047169022"></source>
			<source file="../../workspace/dataset/test/BufferTest.java" startline="152" endline="369" function="testGetOutOfBounds" hash="-2107348468047169022"></source>
			<source file="../../workspace/dataset/test/BufferTest.java" startline="152" endline="369" function="testGetOutOfBounds" hash="-2107348468047169022"></source>
		</class>
	</version>
	<version nr="330" hash="8eb545267" evolution="Same" change="Same">
		<class nclones="3">
			<source file="../../workspace/dataset/test/BufferTest.java" startline="152" endline="369" function="testGetOutOfBounds" hash="-2107348468047169022"></source>
			<source file="../../workspace/dataset/test/BufferTest.java" startline="152" endline="369" function="testGetOutOfBounds" hash="-2107348468047169022"></source>
			<source file="../../workspace/dataset/test/BufferTest.java" startline="152" endline="369" function="testGetOutOfBounds" hash="-2107348468047169022"></source>
		</class>
	</version>
	<version nr="340" hash="709b14702" evolution="Same" change="Consistent">
		<class nclones="3">
			<source file="../../workspace/dataset/test/BufferTest.java" startline="153" endline="370" function="testGetOutOfBounds" hash="-4318051697740764716"></source>
			<source file="../../workspace/dataset/test/BufferTest.java" startline="153" endline="370" function="testGetOutOfBounds" hash="-4318051697740764716"></source>
			<source file="../../workspace/dataset/test/BufferTest.java" startline="153" endline="370" function="testGetOutOfBounds" hash="-4318051697740764716"></source>
		</class>
	</version>
	<version nr="350" hash="4fcb95af7" evolution="Same" change="Consistent">
		<class nclones="3">
			<source file="../../workspace/dataset/test/BufferTest.java" startline="152" endline="369" function="testGetOutOfBounds" hash="-8441338602183062509"></source>
			<source file="../../workspace/dataset/test/BufferTest.java" startline="152" endline="369" function="testGetOutOfBounds" hash="-8441338602183062509"></source>
			<source file="../../workspace/dataset/test/BufferTest.java" startline="152" endline="369" function="testGetOutOfBounds" hash="-8441338602183062509"></source>
		</class>
	</version>
	<version nr="360" hash="411b21a74" evolution="Same" change="Same">
		<class nclones="3">
			<source file="../../workspace/dataset/test/BufferTest.java" startline="152" endline="369" function="testGetOutOfBounds" hash="-8441338602183062509"></source>
			<source file="../../workspace/dataset/test/BufferTest.java" startline="152" endline="369" function="testGetOutOfBounds" hash="-8441338602183062509"></source>
			<source file="../../workspace/dataset/test/BufferTest.java" startline="152" endline="369" function="testGetOutOfBounds" hash="-8441338602183062509"></source>
		</class>
	</version>
	<version nr="370" hash="80d537a3f" evolution="Same" change="Consistent">
		<class nclones="3">
			<source file="../../workspace/dataset/test/BufferTest.java" startline="152" endline="369" function="testGetOutOfBounds" hash="502367700179326435"></source>
			<source file="../../workspace/dataset/test/BufferTest.java" startline="152" endline="369" function="testGetOutOfBounds" hash="502367700179326435"></source>
			<source file="../../workspace/dataset/test/BufferTest.java" startline="152" endline="369" function="testGetOutOfBounds" hash="502367700179326435"></source>
		</class>
	</version>
	<version nr="390" hash="aa261383e" evolution="Same" change="Same">
		<class nclones="3">
			<source file="../../workspace/dataset/test/BufferTest.java" startline="152" endline="369" function="testGetOutOfBounds" hash="502367700179326435"></source>
			<source file="../../workspace/dataset/test/BufferTest.java" startline="152" endline="369" function="testGetOutOfBounds" hash="502367700179326435"></source>
			<source file="../../workspace/dataset/test/BufferTest.java" startline="152" endline="369" function="testGetOutOfBounds" hash="502367700179326435"></source>
		</class>
	</version>
	<version nr="400" hash="a2064dca2" evolution="Same" change="Consistent">
		<class nclones="3">
			<source file="../../workspace/dataset/test/BufferTest.java" startline="152" endline="369" function="testGetOutOfBounds" hash="-2372102976431764985"></source>
			<source file="../../workspace/dataset/test/BufferTest.java" startline="152" endline="369" function="testGetOutOfBounds" hash="-2372102976431764985"></source>
			<source file="../../workspace/dataset/test/BufferTest.java" startline="152" endline="369" function="testGetOutOfBounds" hash="-2372102976431764985"></source>
		</class>
	</version>
	<version nr="410" hash="01c7f6236" evolution="Subtract" change="Same">
		<class nclones="2">
			<source file="../../workspace/dataset/test/BufferTest.java" startline="152" endline="369" function="testGetOutOfBounds" hash="-2372102976431764985"></source>
			<source file="../../workspace/dataset/test/BufferTest.java" startline="152" endline="369" function="testGetOutOfBounds" hash="-2372102976431764985"></source>
		</class>
	</version>
	<version nr="440" hash="1c5447153" evolution="Same" change="Same">
		<class nclones="2">
			<source file="../../workspace/dataset/test/BufferTest.java" startline="152" endline="369" function="testGetOutOfBounds" hash="-2372102976431764985"></source>
			<source file="../../workspace/dataset/test/BufferTest.java" startline="152" endline="369" function="testGetOutOfBounds" hash="-2372102976431764985"></source>
		</class>
	</version>
	<version nr="450" hash="724c761f7" evolution="Same" change="Consistent">
		<class nclones="2">
			<source file="../../workspace/dataset/test/BufferTest.java" startline="152" endline="369" function="testGetOutOfBounds" hash="-7886490775308145742"></source>
			<source file="../../workspace/dataset/test/BufferTest.java" startline="152" endline="369" function="testGetOutOfBounds" hash="-7886490775308145742"></source>
		</class>
	</version>
	<version nr="530" hash="941fdb7dd" evolution="Same" change="Same">
		<class nclones="2">
			<source file="../../workspace/dataset/test/BufferTest.java" startline="152" endline="369" function="testGetOutOfBounds" hash="-7886490775308145742"></source>
			<source file="../../workspace/dataset/test/BufferTest.java" startline="152" endline="369" function="testGetOutOfBounds" hash="-7886490775308145742"></source>
		</class>
	</version>
</lineage>
<lineage>
	<version nr="290" hash="c3bea1078" evolution="None" change="None">
		<class nclones="2">
			<source file="../../workspace/dataset/test/SharedDataTest.java" startline="65" endline="132" function="testMapTypes" hash="-8907978964089174891"></source>
			<source file="../../workspace/dataset/test/SharedDataTest.java" startline="135" endline="211" function="testSetTypes" hash="-5392943814233135919"></source>
		</class>
	</version>
</lineage>
<lineage>
	<version nr="290" hash="c3bea1078" evolution="None" change="None">
		<class nclones="2">
			<source file="../../workspace/dataset/test/BufferTest.java" startline="91" endline="106" function="testAppendBufferWithOffsetAndLen" hash="-5650336649489560188"></source>
			<source file="../../workspace/dataset/test/BufferTest.java" startline="627" endline="644" function="testSetBufferWithOffsetAndLen" hash="-5059674241038265151"></source>
		</class>
	</version>
</lineage>
<lineage>
	<version nr="300" hash="776fb3c51" evolution="None" change="None">
		<class nclones="10">
			<source file="../../workspace/dataset/test/FakeDNSServer.java" startline="52" endline="68" function="testResolveA" hash="684166709845079163"></source>
			<source file="../../workspace/dataset/test/FakeDNSServer.java" startline="89" endline="106" function="testResolveMX" hash="-7187870097331066963"></source>
			<source file="../../workspace/dataset/test/FakeDNSServer.java" startline="108" endline="124" function="testResolveTXT" hash="-8222687551432931166"></source>
			<source file="../../workspace/dataset/test/FakeDNSServer.java" startline="70" endline="87" function="testResolveAAAA" hash="9056164354459818885"></source>
			<source file="../../workspace/dataset/test/FakeDNSServer.java" startline="252" endline="268" function="testReverseLookup" hash="6464764790577746144"></source>
			<source file="../../workspace/dataset/test/FakeDNSServer.java" startline="144" endline="160" function="testResolveCNAME" hash="2303550180091881704"></source>
			<source file="../../workspace/dataset/test/FakeDNSServer.java" startline="201" endline="218" function="testLookup4" hash="-4686286654716548784"></source>
			<source file="../../workspace/dataset/test/FakeDNSServer.java" startline="126" endline="142" function="testResolveNS" hash="-2912846211222800016"></source>
			<source file="../../workspace/dataset/test/FakeDNSServer.java" startline="162" endline="178" function="testResolvePTR" hash="6464764790577746144"></source>
			<source file="../../workspace/dataset/test/FakeDNSServer.java" startline="220" endline="237" function="testLookup6" hash="-6349819394007142261"></source>
		</class>
	</version>
	<version nr="310" hash="0f51f990c" evolution="Same" change="Same">
		<class nclones="10">
			<source file="../../workspace/dataset/test/FakeDNSServer.java" startline="52" endline="68" function="testResolveA" hash="684166709845079163"></source>
			<source file="../../workspace/dataset/test/FakeDNSServer.java" startline="89" endline="106" function="testResolveMX" hash="-7187870097331066963"></source>
			<source file="../../workspace/dataset/test/FakeDNSServer.java" startline="108" endline="124" function="testResolveTXT" hash="-8222687551432931166"></source>
			<source file="../../workspace/dataset/test/FakeDNSServer.java" startline="70" endline="87" function="testResolveAAAA" hash="9056164354459818885"></source>
			<source file="../../workspace/dataset/test/FakeDNSServer.java" startline="252" endline="268" function="testReverseLookup" hash="6464764790577746144"></source>
			<source file="../../workspace/dataset/test/FakeDNSServer.java" startline="144" endline="160" function="testResolveCNAME" hash="2303550180091881704"></source>
			<source file="../../workspace/dataset/test/FakeDNSServer.java" startline="201" endline="218" function="testLookup4" hash="-4686286654716548784"></source>
			<source file="../../workspace/dataset/test/FakeDNSServer.java" startline="126" endline="142" function="testResolveNS" hash="-2912846211222800016"></source>
			<source file="../../workspace/dataset/test/FakeDNSServer.java" startline="162" endline="178" function="testResolvePTR" hash="6464764790577746144"></source>
			<source file="../../workspace/dataset/test/FakeDNSServer.java" startline="220" endline="237" function="testLookup6" hash="-6349819394007142261"></source>
		</class>
	</version>
	<version nr="310" hash="0f51f990c" evolution="Subtract" change="Inconsistent">
		<class nclones="4">
			<source file="../../workspace/dataset/test/FakeDNSServer.java" startline="52" endline="68" function="testResolveA" hash="684166709845079163"></source>
			<source file="../../workspace/dataset/test/FakeDNSServer.java" startline="73" endline="85" function="getRecords" hash="7037387250109579180"></source>
			<source file="../../workspace/dataset/test/FakeDNSServer.java" startline="204" endline="216" function="getRecords" hash="-1010938328077447741"></source>
			<source file="../../workspace/dataset/test/FakeDNSServer.java" startline="220" endline="237" function="testLookup6" hash="-6349819394007142261"></source>
		</class>
	</version>
	<version nr="310" hash="0f51f990c" evolution="Subtract" change="Same">
		<class nclones="2">
			<source file="../../workspace/dataset/test/FakeDNSServer.java" startline="52" endline="68" function="testResolveA" hash="684166709845079163"></source>
			<source file="../../workspace/dataset/test/FakeDNSServer.java" startline="204" endline="216" function="getRecords" hash="-1010938328077447741"></source>
		</class>
	</version>
	<version nr="310" hash="0f51f990c" evolution="Same" change="Consistent">
		<class nclones="2">
			<source file="../../workspace/dataset/test/FakeDNSServer.java" startline="73" endline="85" function="getRecords" hash="7037387250109579180"></source>
			<source file="../../workspace/dataset/test/FakeDNSServer.java" startline="220" endline="237" function="testLookup6" hash="-6349819394007142261"></source>
		</class>
	</version>
	<version nr="310" hash="0f51f990c" evolution="Add" change="Consistent">
		<class nclones="4">
			<source file="../../workspace/dataset/test/FakeDNSServer.java" startline="129" endline="140" function="getRecords" hash="9041190612020534251"></source>
			<source file="../../workspace/dataset/test/FakeDNSServer.java" startline="147" endline="158" function="getRecords" hash="-6269652067989461973"></source>
			<source file="../../workspace/dataset/test/FakeDNSServer.java" startline="165" endline="176" function="getRecords" hash="4404576952831193479"></source>
			<source file="../../workspace/dataset/test/FakeDNSServer.java" startline="252" endline="268" function="testReverseLookup" hash="6464764790577746144"></source>
		</class>
	</version>
	<version nr="320" hash="8bf0bfa4c" evolution="Add" change="Inconsistent">
		<class nclones="10">
			<source file="../../workspace/dataset/test/FakeDNSServer.java" startline="52" endline="68" function="testResolveA" hash="684166709845079163"></source>
			<source file="../../workspace/dataset/test/FakeDNSServer.java" startline="89" endline="106" function="testResolveMX" hash="-7187870097331066963"></source>
			<source file="../../workspace/dataset/test/FakeDNSServer.java" startline="108" endline="124" function="testResolveTXT" hash="-8222687551432931166"></source>
			<source file="../../workspace/dataset/test/FakeDNSServer.java" startline="70" endline="87" function="testResolveAAAA" hash="9056164354459818885"></source>
			<source file="../../workspace/dataset/test/FakeDNSServer.java" startline="252" endline="268" function="testReverseLookup" hash="6464764790577746144"></source>
			<source file="../../workspace/dataset/test/FakeDNSServer.java" startline="144" endline="160" function="testResolveCNAME" hash="2303550180091881704"></source>
			<source file="../../workspace/dataset/test/FakeDNSServer.java" startline="201" endline="218" function="testLookup4" hash="-4686286654716548784"></source>
			<source file="../../workspace/dataset/test/FakeDNSServer.java" startline="126" endline="142" function="testResolveNS" hash="-2912846211222800016"></source>
			<source file="../../workspace/dataset/test/FakeDNSServer.java" startline="162" endline="178" function="testResolvePTR" hash="6464764790577746144"></source>
			<source file="../../workspace/dataset/test/FakeDNSServer.java" startline="220" endline="237" function="testLookup6" hash="-6349819394007142261"></source>
		</class>
	</version>
	<version nr="320" hash="8bf0bfa4c" evolution="Subtract" change="Inconsistent">
		<class nclones="4">
			<source file="../../workspace/dataset/test/FakeDNSServer.java" startline="129" endline="140" function="getRecords" hash="9041190612020534251"></source>
			<source file="../../workspace/dataset/test/FakeDNSServer.java" startline="147" endline="158" function="getRecords" hash="-6269652067989461973"></source>
			<source file="../../workspace/dataset/test/FakeDNSServer.java" startline="165" endline="176" function="getRecords" hash="4404576952831193479"></source>
			<source file="../../workspace/dataset/test/FakeDNSServer.java" startline="252" endline="268" function="testReverseLookup" hash="6464764790577746144"></source>
		</class>
	</version>
	<version nr="320" hash="8bf0bfa4c" evolution="Subtract" change="Consistent">
		<class nclones="2">
			<source file="../../workspace/dataset/test/FakeDNSServer.java" startline="52" endline="68" function="testResolveA" hash="684166709845079163"></source>
			<source file="../../workspace/dataset/test/FakeDNSServer.java" startline="204" endline="216" function="getRecords" hash="-1010938328077447741"></source>
		</class>
	</version>
	<version nr="320" hash="8bf0bfa4c" evolution="Same" change="Consistent">
		<class nclones="2">
			<source file="../../workspace/dataset/test/FakeDNSServer.java" startline="73" endline="85" function="getRecords" hash="7037387250109579180"></source>
			<source file="../../workspace/dataset/test/FakeDNSServer.java" startline="220" endline="237" function="testLookup6" hash="-6349819394007142261"></source>
		</class>
	</version>
	<version nr="330" hash="8eb545267" evolution="Add" change="Inconsistent">
		<class nclones="10">
			<source file="../../workspace/dataset/test/FakeDNSServer.java" startline="52" endline="68" function="testResolveA" hash="684166709845079163"></source>
			<source file="../../workspace/dataset/test/FakeDNSServer.java" startline="162" endline="178" function="testResolvePTR" hash="6464764790577746144"></source>
			<source file="../../workspace/dataset/test/FakeDNSServer.java" startline="108" endline="124" function="testResolveTXT" hash="-8222687551432931166"></source>
			<source file="../../workspace/dataset/test/FakeDNSServer.java" startline="252" endline="268" function="testReverseLookup" hash="6464764790577746144"></source>
			<source file="../../workspace/dataset/test/FakeDNSServer.java" startline="70" endline="87" function="testResolveAAAA" hash="9056164354459818885"></source>
			<source file="../../workspace/dataset/test/FakeDNSServer.java" startline="144" endline="160" function="testResolveCNAME" hash="2303550180091881704"></source>
			<source file="../../workspace/dataset/test/FakeDNSServer.java" startline="220" endline="237" function="testLookup6" hash="-6349819394007142261"></source>
			<source file="../../workspace/dataset/test/FakeDNSServer.java" startline="89" endline="106" function="testResolveMX" hash="-7187870097331066963"></source>
			<source file="../../workspace/dataset/test/FakeDNSServer.java" startline="201" endline="218" function="testLookup4" hash="-4686286654716548784"></source>
			<source file="../../workspace/dataset/test/FakeDNSServer.java" startline="126" endline="142" function="testResolveNS" hash="-2912846211222800016"></source>
		</class>
	</version>
	<version nr="330" hash="8eb545267" evolution="Subtract" change="Inconsistent">
		<class nclones="4">
			<source file="../../workspace/dataset/test/FakeDNSServer.java" startline="52" endline="68" function="testResolveA" hash="684166709845079163"></source>
			<source file="../../workspace/dataset/test/FakeDNSServer.java" startline="73" endline="85" function="getRecords" hash="7037387250109579180"></source>
			<source file="../../workspace/dataset/test/FakeDNSServer.java" startline="204" endline="216" function="getRecords" hash="-1010938328077447741"></source>
			<source file="../../workspace/dataset/test/FakeDNSServer.java" startline="220" endline="237" function="testLookup6" hash="-6349819394007142261"></source>
		</class>
	</version>
	<version nr="330" hash="8eb545267" evolution="Subtract" change="Same">
		<class nclones="2">
			<source file="../../workspace/dataset/test/FakeDNSServer.java" startline="52" endline="68" function="testResolveA" hash="684166709845079163"></source>
			<source file="../../workspace/dataset/test/FakeDNSServer.java" startline="204" endline="216" function="getRecords" hash="-1010938328077447741"></source>
		</class>
	</version>
	<version nr="330" hash="8eb545267" evolution="Same" change="Consistent">
		<class nclones="2">
			<source file="../../workspace/dataset/test/FakeDNSServer.java" startline="73" endline="85" function="getRecords" hash="7037387250109579180"></source>
			<source file="../../workspace/dataset/test/FakeDNSServer.java" startline="220" endline="237" function="testLookup6" hash="-6349819394007142261"></source>
		</class>
	</version>
	<version nr="330" hash="8eb545267" evolution="Add" change="Consistent">
		<class nclones="4">
			<source file="../../workspace/dataset/test/FakeDNSServer.java" startline="129" endline="140" function="getRecords" hash="9041190612020534251"></source>
			<source file="../../workspace/dataset/test/FakeDNSServer.java" startline="147" endline="158" function="getRecords" hash="-6269652067989461973"></source>
			<source file="../../workspace/dataset/test/FakeDNSServer.java" startline="165" endline="176" function="getRecords" hash="4404576952831193479"></source>
			<source file="../../workspace/dataset/test/FakeDNSServer.java" startline="252" endline="268" function="testReverseLookup" hash="6464764790577746144"></source>
		</class>
	</version>
	<version nr="340" hash="709b14702" evolution="Add" change="Inconsistent">
		<class nclones="10">
			<source file="../../workspace/dataset/test/FakeDNSServer.java" startline="52" endline="68" function="testResolveA" hash="684166709845079163"></source>
			<source file="../../workspace/dataset/test/FakeDNSServer.java" startline="162" endline="178" function="testResolvePTR" hash="6464764790577746144"></source>
			<source file="../../workspace/dataset/test/FakeDNSServer.java" startline="108" endline="124" function="testResolveTXT" hash="-8222687551432931166"></source>
			<source file="../../workspace/dataset/test/FakeDNSServer.java" startline="252" endline="268" function="testReverseLookup" hash="6464764790577746144"></source>
			<source file="../../workspace/dataset/test/FakeDNSServer.java" startline="70" endline="87" function="testResolveAAAA" hash="9056164354459818885"></source>
			<source file="../../workspace/dataset/test/FakeDNSServer.java" startline="144" endline="160" function="testResolveCNAME" hash="2303550180091881704"></source>
			<source file="../../workspace/dataset/test/FakeDNSServer.java" startline="220" endline="237" function="testLookup6" hash="-6349819394007142261"></source>
			<source file="../../workspace/dataset/test/FakeDNSServer.java" startline="89" endline="106" function="testResolveMX" hash="-7187870097331066963"></source>
			<source file="../../workspace/dataset/test/FakeDNSServer.java" startline="201" endline="218" function="testLookup4" hash="-4686286654716548784"></source>
			<source file="../../workspace/dataset/test/FakeDNSServer.java" startline="126" endline="142" function="testResolveNS" hash="-2912846211222800016"></source>
		</class>
	</version>
	<version nr="340" hash="709b14702" evolution="Subtract" change="Inconsistent">
		<class nclones="4">
			<source file="../../workspace/dataset/test/FakeDNSServer.java" startline="129" endline="140" function="getRecords" hash="9041190612020534251"></source>
			<source file="../../workspace/dataset/test/FakeDNSServer.java" startline="147" endline="158" function="getRecords" hash="-6269652067989461973"></source>
			<source file="../../workspace/dataset/test/FakeDNSServer.java" startline="165" endline="176" function="getRecords" hash="4404576952831193479"></source>
			<source file="../../workspace/dataset/test/FakeDNSServer.java" startline="252" endline="268" function="testReverseLookup" hash="6464764790577746144"></source>
		</class>
	</version>
	<version nr="340" hash="709b14702" evolution="Subtract" change="Consistent">
		<class nclones="2">
			<source file="../../workspace/dataset/test/FakeDNSServer.java" startline="52" endline="68" function="testResolveA" hash="684166709845079163"></source>
			<source file="../../workspace/dataset/test/FakeDNSServer.java" startline="204" endline="216" function="getRecords" hash="-1010938328077447741"></source>
		</class>
	</version>
	<version nr="340" hash="709b14702" evolution="Same" change="Consistent">
		<class nclones="2">
			<source file="../../workspace/dataset/test/FakeDNSServer.java" startline="73" endline="85" function="getRecords" hash="7037387250109579180"></source>
			<source file="../../workspace/dataset/test/FakeDNSServer.java" startline="220" endline="237" function="testLookup6" hash="-6349819394007142261"></source>
		</class>
	</version>
	<version nr="350" hash="4fcb95af7" evolution="Add" change="Inconsistent">
		<class nclones="10">
			<source file="../../workspace/dataset/test/FakeDNSServer.java" startline="61" endline="77" function="testResolveA" hash="684166709845079163"></source>
			<source file="../../workspace/dataset/test/FakeDNSServer.java" startline="171" endline="187" function="testResolvePTR" hash="6464764790577746144"></source>
			<source file="../../workspace/dataset/test/FakeDNSServer.java" startline="117" endline="133" function="testResolveTXT" hash="-8222687551432931166"></source>
			<source file="../../workspace/dataset/test/FakeDNSServer.java" startline="261" endline="277" function="testReverseLookup" hash="6464764790577746144"></source>
			<source file="../../workspace/dataset/test/FakeDNSServer.java" startline="79" endline="96" function="testResolveAAAA" hash="9056164354459818885"></source>
			<source file="../../workspace/dataset/test/FakeDNSServer.java" startline="153" endline="169" function="testResolveCNAME" hash="2303550180091881704"></source>
			<source file="../../workspace/dataset/test/FakeDNSServer.java" startline="229" endline="246" function="testLookup6" hash="-6349819394007142261"></source>
			<source file="../../workspace/dataset/test/FakeDNSServer.java" startline="98" endline="115" function="testResolveMX" hash="-7187870097331066963"></source>
			<source file="../../workspace/dataset/test/FakeDNSServer.java" startline="210" endline="227" function="testLookup4" hash="-4686286654716548784"></source>
			<source file="../../workspace/dataset/test/FakeDNSServer.java" startline="135" endline="151" function="testResolveNS" hash="-2912846211222800016"></source>
		</class>
	</version>
	<version nr="370" hash="80d537a3f" evolution="Same" change="Same">
		<class nclones="10">
			<source file="../../workspace/dataset/test/FakeDNSServer.java" startline="61" endline="77" function="testResolveA" hash="684166709845079163"></source>
			<source file="../../workspace/dataset/test/FakeDNSServer.java" startline="171" endline="187" function="testResolvePTR" hash="6464764790577746144"></source>
			<source file="../../workspace/dataset/test/FakeDNSServer.java" startline="117" endline="133" function="testResolveTXT" hash="-8222687551432931166"></source>
			<source file="../../workspace/dataset/test/FakeDNSServer.java" startline="261" endline="277" function="testReverseLookup" hash="6464764790577746144"></source>
			<source file="../../workspace/dataset/test/FakeDNSServer.java" startline="79" endline="96" function="testResolveAAAA" hash="9056164354459818885"></source>
			<source file="../../workspace/dataset/test/FakeDNSServer.java" startline="153" endline="169" function="testResolveCNAME" hash="2303550180091881704"></source>
			<source file="../../workspace/dataset/test/FakeDNSServer.java" startline="229" endline="246" function="testLookup6" hash="-6349819394007142261"></source>
			<source file="../../workspace/dataset/test/FakeDNSServer.java" startline="98" endline="115" function="testResolveMX" hash="-7187870097331066963"></source>
			<source file="../../workspace/dataset/test/FakeDNSServer.java" startline="210" endline="227" function="testLookup4" hash="-4686286654716548784"></source>
			<source file="../../workspace/dataset/test/FakeDNSServer.java" startline="135" endline="151" function="testResolveNS" hash="-2912846211222800016"></source>
		</class>
	</version>
	<version nr="370" hash="80d537a3f" evolution="Subtract" change="Inconsistent">
		<class nclones="4">
			<source file="../../workspace/dataset/test/FakeDNSServer.java" startline="61" endline="77" function="testResolveA" hash="684166709845079163"></source>
			<source file="../../workspace/dataset/test/FakeDNSServer.java" startline="82" endline="94" function="getRecords" hash="7037387250109579180"></source>
			<source file="../../workspace/dataset/test/FakeDNSServer.java" startline="213" endline="225" function="getRecords" hash="-1010938328077447741"></source>
			<source file="../../workspace/dataset/test/FakeDNSServer.java" startline="232" endline="244" function="getRecords" hash="4162657142426643614"></source>
		</class>
	</version>
	<version nr="370" hash="80d537a3f" evolution="Subtract" change="Same">
		<class nclones="2">
			<source file="../../workspace/dataset/test/FakeDNSServer.java" startline="82" endline="94" function="getRecords" hash="7037387250109579180"></source>
			<source file="../../workspace/dataset/test/FakeDNSServer.java" startline="232" endline="244" function="getRecords" hash="4162657142426643614"></source>
		</class>
	</version>
	<version nr="380" hash="976517520" evolution="Add" change="Same">
		<class nclones="4">
			<source file="../../workspace/dataset/test/FakeDNSServer.java" startline="61" endline="77" function="testResolveA" hash="684166709845079163"></source>
			<source file="../../workspace/dataset/test/FakeDNSServer.java" startline="82" endline="94" function="getRecords" hash="7037387250109579180"></source>
			<source file="../../workspace/dataset/test/FakeDNSServer.java" startline="213" endline="225" function="getRecords" hash="-1010938328077447741"></source>
			<source file="../../workspace/dataset/test/FakeDNSServer.java" startline="232" endline="244" function="getRecords" hash="4162657142426643614"></source>
		</class>
	</version>
	<version nr="380" hash="976517520" evolution="Subtract" change="Same">
		<class nclones="2">
			<source file="../../workspace/dataset/test/FakeDNSServer.java" startline="82" endline="94" function="getRecords" hash="7037387250109579180"></source>
			<source file="../../workspace/dataset/test/FakeDNSServer.java" startline="232" endline="244" function="getRecords" hash="4162657142426643614"></source>
		</class>
	</version>
	<version nr="390" hash="aa261383e" evolution="Add" change="Same">
		<class nclones="4">
			<source file="../../workspace/dataset/test/FakeDNSServer.java" startline="61" endline="77" function="testResolveA" hash="684166709845079163"></source>
			<source file="../../workspace/dataset/test/FakeDNSServer.java" startline="82" endline="94" function="getRecords" hash="7037387250109579180"></source>
			<source file="../../workspace/dataset/test/FakeDNSServer.java" startline="213" endline="225" function="getRecords" hash="-1010938328077447741"></source>
			<source file="../../workspace/dataset/test/FakeDNSServer.java" startline="232" endline="244" function="getRecords" hash="4162657142426643614"></source>
		</class>
	</version>
	<version nr="390" hash="aa261383e" evolution="Subtract" change="Same">
		<class nclones="2">
			<source file="../../workspace/dataset/test/FakeDNSServer.java" startline="82" endline="94" function="getRecords" hash="7037387250109579180"></source>
			<source file="../../workspace/dataset/test/FakeDNSServer.java" startline="232" endline="244" function="getRecords" hash="4162657142426643614"></source>
		</class>
	</version>
	<version nr="400" hash="a2064dca2" evolution="Add" change="Same">
		<class nclones="4">
			<source file="../../workspace/dataset/test/FakeDNSServer.java" startline="61" endline="77" function="testResolveA" hash="684166709845079163"></source>
			<source file="../../workspace/dataset/test/FakeDNSServer.java" startline="82" endline="94" function="getRecords" hash="7037387250109579180"></source>
			<source file="../../workspace/dataset/test/FakeDNSServer.java" startline="213" endline="225" function="getRecords" hash="-1010938328077447741"></source>
			<source file="../../workspace/dataset/test/FakeDNSServer.java" startline="232" endline="244" function="getRecords" hash="4162657142426643614"></source>
		</class>
	</version>
	<version nr="400" hash="a2064dca2" evolution="Subtract" change="Same">
		<class nclones="2">
			<source file="../../workspace/dataset/test/FakeDNSServer.java" startline="82" endline="94" function="getRecords" hash="7037387250109579180"></source>
			<source file="../../workspace/dataset/test/FakeDNSServer.java" startline="232" endline="244" function="getRecords" hash="4162657142426643614"></source>
		</class>
	</version>
	<version nr="410" hash="01c7f6236" evolution="Add" change="Same">
		<class nclones="9">
			<source file="../../workspace/dataset/test/FakeDNSServer.java" startline="61" endline="77" function="testResolveA" hash="684166709845079163"></source>
			<source file="../../workspace/dataset/test/FakeDNSServer.java" startline="82" endline="94" function="getRecords" hash="7037387250109579180"></source>
			<source file="../../workspace/dataset/test/FakeDNSServer.java" startline="117" endline="133" function="testResolveTXT" hash="-8222687551432931166"></source>
			<source file="../../workspace/dataset/test/FakeDNSServer.java" startline="138" endline="149" function="getRecords" hash="9041190612020534251"></source>
			<source file="../../workspace/dataset/test/FakeDNSServer.java" startline="153" endline="169" function="testResolveCNAME" hash="2303550180091881704"></source>
			<source file="../../workspace/dataset/test/FakeDNSServer.java" startline="171" endline="187" function="testResolvePTR" hash="6464764790577746144"></source>
			<source file="../../workspace/dataset/test/FakeDNSServer.java" startline="213" endline="225" function="getRecords" hash="-1010938328077447741"></source>
			<source file="../../workspace/dataset/test/FakeDNSServer.java" startline="232" endline="244" function="getRecords" hash="4162657142426643614"></source>
			<source file="../../workspace/dataset/test/FakeDNSServer.java" startline="261" endline="277" function="testReverseLookup" hash="6464764790577746144"></source>
		</class>
	</version>
	<version nr="410" hash="01c7f6236" evolution="Subtract" change="Same">
		<class nclones="2">
			<source file="../../workspace/dataset/test/FakeDNSServer.java" startline="82" endline="94" function="getRecords" hash="7037387250109579180"></source>
			<source file="../../workspace/dataset/test/FakeDNSServer.java" startline="232" endline="244" function="getRecords" hash="4162657142426643614"></source>
		</class>
	</version>
	<version nr="420" hash="74267e8ef" evolution="Add" change="Same">
		<class nclones="9">
			<source file="../../workspace/dataset/test/FakeDNSServer.java" startline="61" endline="77" function="testResolveA" hash="684166709845079163"></source>
			<source file="../../workspace/dataset/test/FakeDNSServer.java" startline="82" endline="94" function="getRecords" hash="7037387250109579180"></source>
			<source file="../../workspace/dataset/test/FakeDNSServer.java" startline="117" endline="133" function="testResolveTXT" hash="-8222687551432931166"></source>
			<source file="../../workspace/dataset/test/FakeDNSServer.java" startline="138" endline="149" function="getRecords" hash="9041190612020534251"></source>
			<source file="../../workspace/dataset/test/FakeDNSServer.java" startline="153" endline="169" function="testResolveCNAME" hash="2303550180091881704"></source>
			<source file="../../workspace/dataset/test/FakeDNSServer.java" startline="171" endline="187" function="testResolvePTR" hash="6464764790577746144"></source>
			<source file="../../workspace/dataset/test/FakeDNSServer.java" startline="213" endline="225" function="getRecords" hash="-1010938328077447741"></source>
			<source file="../../workspace/dataset/test/FakeDNSServer.java" startline="232" endline="244" function="getRecords" hash="4162657142426643614"></source>
			<source file="../../workspace/dataset/test/FakeDNSServer.java" startline="261" endline="277" function="testReverseLookup" hash="6464764790577746144"></source>
		</class>
	</version>
	<version nr="420" hash="74267e8ef" evolution="Subtract" change="Same">
		<class nclones="2">
			<source file="../../workspace/dataset/test/FakeDNSServer.java" startline="82" endline="94" function="getRecords" hash="7037387250109579180"></source>
			<source file="../../workspace/dataset/test/FakeDNSServer.java" startline="232" endline="244" function="getRecords" hash="4162657142426643614"></source>
		</class>
	</version>
	<version nr="430" hash="575018090" evolution="Add" change="Same">
		<class nclones="9">
			<source file="../../workspace/dataset/test/FakeDNSServer.java" startline="61" endline="77" function="testResolveA" hash="684166709845079163"></source>
			<source file="../../workspace/dataset/test/FakeDNSServer.java" startline="82" endline="94" function="getRecords" hash="7037387250109579180"></source>
			<source file="../../workspace/dataset/test/FakeDNSServer.java" startline="117" endline="133" function="testResolveTXT" hash="-8222687551432931166"></source>
			<source file="../../workspace/dataset/test/FakeDNSServer.java" startline="138" endline="149" function="getRecords" hash="9041190612020534251"></source>
			<source file="../../workspace/dataset/test/FakeDNSServer.java" startline="153" endline="169" function="testResolveCNAME" hash="2303550180091881704"></source>
			<source file="../../workspace/dataset/test/FakeDNSServer.java" startline="171" endline="187" function="testResolvePTR" hash="6464764790577746144"></source>
			<source file="../../workspace/dataset/test/FakeDNSServer.java" startline="213" endline="225" function="getRecords" hash="-1010938328077447741"></source>
			<source file="../../workspace/dataset/test/FakeDNSServer.java" startline="232" endline="244" function="getRecords" hash="4162657142426643614"></source>
			<source file="../../workspace/dataset/test/FakeDNSServer.java" startline="261" endline="277" function="testReverseLookup" hash="6464764790577746144"></source>
		</class>
	</version>
	<version nr="430" hash="575018090" evolution="Subtract" change="Same">
		<class nclones="2">
			<source file="../../workspace/dataset/test/FakeDNSServer.java" startline="82" endline="94" function="getRecords" hash="7037387250109579180"></source>
			<source file="../../workspace/dataset/test/FakeDNSServer.java" startline="232" endline="244" function="getRecords" hash="4162657142426643614"></source>
		</class>
	</version>
	<version nr="440" hash="1c5447153" evolution="Add" change="Same">
		<class nclones="9">
			<source file="../../workspace/dataset/test/FakeDNSServer.java" startline="61" endline="77" function="testResolveA" hash="684166709845079163"></source>
			<source file="../../workspace/dataset/test/FakeDNSServer.java" startline="82" endline="94" function="getRecords" hash="7037387250109579180"></source>
			<source file="../../workspace/dataset/test/FakeDNSServer.java" startline="117" endline="133" function="testResolveTXT" hash="-8222687551432931166"></source>
			<source file="../../workspace/dataset/test/FakeDNSServer.java" startline="138" endline="149" function="getRecords" hash="9041190612020534251"></source>
			<source file="../../workspace/dataset/test/FakeDNSServer.java" startline="153" endline="169" function="testResolveCNAME" hash="2303550180091881704"></source>
			<source file="../../workspace/dataset/test/FakeDNSServer.java" startline="171" endline="187" function="testResolvePTR" hash="6464764790577746144"></source>
			<source file="../../workspace/dataset/test/FakeDNSServer.java" startline="213" endline="225" function="getRecords" hash="-1010938328077447741"></source>
			<source file="../../workspace/dataset/test/FakeDNSServer.java" startline="232" endline="244" function="getRecords" hash="4162657142426643614"></source>
			<source file="../../workspace/dataset/test/FakeDNSServer.java" startline="261" endline="277" function="testReverseLookup" hash="6464764790577746144"></source>
		</class>
	</version>
	<version nr="440" hash="1c5447153" evolution="Subtract" change="Same">
		<class nclones="2">
			<source file="../../workspace/dataset/test/FakeDNSServer.java" startline="82" endline="94" function="getRecords" hash="7037387250109579180"></source>
			<source file="../../workspace/dataset/test/FakeDNSServer.java" startline="232" endline="244" function="getRecords" hash="4162657142426643614"></source>
		</class>
	</version>
	<version nr="450" hash="724c761f7" evolution="Add" change="Same">
		<class nclones="9">
			<source file="../../workspace/dataset/test/FakeDNSServer.java" startline="61" endline="77" function="testResolveA" hash="684166709845079163"></source>
			<source file="../../workspace/dataset/test/FakeDNSServer.java" startline="82" endline="94" function="getRecords" hash="7037387250109579180"></source>
			<source file="../../workspace/dataset/test/FakeDNSServer.java" startline="117" endline="133" function="testResolveTXT" hash="-8222687551432931166"></source>
			<source file="../../workspace/dataset/test/FakeDNSServer.java" startline="138" endline="149" function="getRecords" hash="9041190612020534251"></source>
			<source file="../../workspace/dataset/test/FakeDNSServer.java" startline="153" endline="169" function="testResolveCNAME" hash="2303550180091881704"></source>
			<source file="../../workspace/dataset/test/FakeDNSServer.java" startline="174" endline="185" function="getRecords" hash="4404576952831193479"></source>
			<source file="../../workspace/dataset/test/FakeDNSServer.java" startline="213" endline="225" function="getRecords" hash="-1010938328077447741"></source>
			<source file="../../workspace/dataset/test/FakeDNSServer.java" startline="232" endline="244" function="getRecords" hash="4162657142426643614"></source>
			<source file="../../workspace/dataset/test/FakeDNSServer.java" startline="261" endline="277" function="testReverseLookup" hash="6464764790577746144"></source>
		</class>
	</version>
	<version nr="450" hash="724c761f7" evolution="Subtract" change="Same">
		<class nclones="2">
			<source file="../../workspace/dataset/test/FakeDNSServer.java" startline="82" endline="94" function="getRecords" hash="7037387250109579180"></source>
			<source file="../../workspace/dataset/test/FakeDNSServer.java" startline="232" endline="244" function="getRecords" hash="4162657142426643614"></source>
		</class>
	</version>
	<version nr="460" hash="4ed93b060" evolution="Add" change="Same">
		<class nclones="9">
			<source file="../../workspace/dataset/test/FakeDNSServer.java" startline="61" endline="77" function="testResolveA" hash="684166709845079163"></source>
			<source file="../../workspace/dataset/test/FakeDNSServer.java" startline="82" endline="94" function="getRecords" hash="7037387250109579180"></source>
			<source file="../../workspace/dataset/test/FakeDNSServer.java" startline="117" endline="133" function="testResolveTXT" hash="-8222687551432931166"></source>
			<source file="../../workspace/dataset/test/FakeDNSServer.java" startline="138" endline="149" function="getRecords" hash="9041190612020534251"></source>
			<source file="../../workspace/dataset/test/FakeDNSServer.java" startline="153" endline="169" function="testResolveCNAME" hash="2303550180091881704"></source>
			<source file="../../workspace/dataset/test/FakeDNSServer.java" startline="174" endline="185" function="getRecords" hash="4404576952831193479"></source>
			<source file="../../workspace/dataset/test/FakeDNSServer.java" startline="213" endline="225" function="getRecords" hash="-1010938328077447741"></source>
			<source file="../../workspace/dataset/test/FakeDNSServer.java" startline="232" endline="244" function="getRecords" hash="4162657142426643614"></source>
			<source file="../../workspace/dataset/test/FakeDNSServer.java" startline="261" endline="277" function="testReverseLookup" hash="6464764790577746144"></source>
		</class>
	</version>
	<version nr="460" hash="4ed93b060" evolution="Subtract" change="Same">
		<class nclones="2">
			<source file="../../workspace/dataset/test/FakeDNSServer.java" startline="82" endline="94" function="getRecords" hash="7037387250109579180"></source>
			<source file="../../workspace/dataset/test/FakeDNSServer.java" startline="232" endline="244" function="getRecords" hash="4162657142426643614"></source>
		</class>
	</version>
	<version nr="470" hash="218abc18c" evolution="Add" change="Same">
		<class nclones="9">
			<source file="../../workspace/dataset/test/FakeDNSServer.java" startline="61" endline="77" function="testResolveA" hash="684166709845079163"></source>
			<source file="../../workspace/dataset/test/FakeDNSServer.java" startline="82" endline="94" function="getRecords" hash="7037387250109579180"></source>
			<source file="../../workspace/dataset/test/FakeDNSServer.java" startline="117" endline="133" function="testResolveTXT" hash="-8222687551432931166"></source>
			<source file="../../workspace/dataset/test/FakeDNSServer.java" startline="138" endline="149" function="getRecords" hash="9041190612020534251"></source>
			<source file="../../workspace/dataset/test/FakeDNSServer.java" startline="153" endline="169" function="testResolveCNAME" hash="2303550180091881704"></source>
			<source file="../../workspace/dataset/test/FakeDNSServer.java" startline="174" endline="185" function="getRecords" hash="4404576952831193479"></source>
			<source file="../../workspace/dataset/test/FakeDNSServer.java" startline="213" endline="225" function="getRecords" hash="-1010938328077447741"></source>
			<source file="../../workspace/dataset/test/FakeDNSServer.java" startline="232" endline="244" function="getRecords" hash="4162657142426643614"></source>
			<source file="../../workspace/dataset/test/FakeDNSServer.java" startline="261" endline="277" function="testReverseLookup" hash="6464764790577746144"></source>
		</class>
	</version>
	<version nr="470" hash="218abc18c" evolution="Subtract" change="Same">
		<class nclones="2">
			<source file="../../workspace/dataset/test/FakeDNSServer.java" startline="82" endline="94" function="getRecords" hash="7037387250109579180"></source>
			<source file="../../workspace/dataset/test/FakeDNSServer.java" startline="232" endline="244" function="getRecords" hash="4162657142426643614"></source>
		</class>
	</version>
	<version nr="480" hash="742ceb53e" evolution="Add" change="Same">
		<class nclones="9">
			<source file="../../workspace/dataset/test/FakeDNSServer.java" startline="61" endline="77" function="testResolveA" hash="684166709845079163"></source>
			<source file="../../workspace/dataset/test/FakeDNSServer.java" startline="82" endline="94" function="getRecords" hash="7037387250109579180"></source>
			<source file="../../workspace/dataset/test/FakeDNSServer.java" startline="117" endline="133" function="testResolveTXT" hash="-8222687551432931166"></source>
			<source file="../../workspace/dataset/test/FakeDNSServer.java" startline="138" endline="149" function="getRecords" hash="9041190612020534251"></source>
			<source file="../../workspace/dataset/test/FakeDNSServer.java" startline="153" endline="169" function="testResolveCNAME" hash="2303550180091881704"></source>
			<source file="../../workspace/dataset/test/FakeDNSServer.java" startline="174" endline="185" function="getRecords" hash="4404576952831193479"></source>
			<source file="../../workspace/dataset/test/FakeDNSServer.java" startline="213" endline="225" function="getRecords" hash="-1010938328077447741"></source>
			<source file="../../workspace/dataset/test/FakeDNSServer.java" startline="232" endline="244" function="getRecords" hash="4162657142426643614"></source>
			<source file="../../workspace/dataset/test/FakeDNSServer.java" startline="261" endline="277" function="testReverseLookup" hash="6464764790577746144"></source>
		</class>
	</version>
	<version nr="480" hash="742ceb53e" evolution="Subtract" change="Same">
		<class nclones="2">
			<source file="../../workspace/dataset/test/FakeDNSServer.java" startline="82" endline="94" function="getRecords" hash="7037387250109579180"></source>
			<source file="../../workspace/dataset/test/FakeDNSServer.java" startline="232" endline="244" function="getRecords" hash="4162657142426643614"></source>
		</class>
	</version>
	<version nr="490" hash="313d80596" evolution="Add" change="Same">
		<class nclones="9">
			<source file="../../workspace/dataset/test/FakeDNSServer.java" startline="61" endline="77" function="testResolveA" hash="684166709845079163"></source>
			<source file="../../workspace/dataset/test/FakeDNSServer.java" startline="82" endline="94" function="getRecords" hash="7037387250109579180"></source>
			<source file="../../workspace/dataset/test/FakeDNSServer.java" startline="117" endline="133" function="testResolveTXT" hash="-8222687551432931166"></source>
			<source file="../../workspace/dataset/test/FakeDNSServer.java" startline="138" endline="149" function="getRecords" hash="9041190612020534251"></source>
			<source file="../../workspace/dataset/test/FakeDNSServer.java" startline="153" endline="169" function="testResolveCNAME" hash="2303550180091881704"></source>
			<source file="../../workspace/dataset/test/FakeDNSServer.java" startline="171" endline="187" function="testResolvePTR" hash="6464764790577746144"></source>
			<source file="../../workspace/dataset/test/FakeDNSServer.java" startline="213" endline="225" function="getRecords" hash="-1010938328077447741"></source>
			<source file="../../workspace/dataset/test/FakeDNSServer.java" startline="232" endline="244" function="getRecords" hash="4162657142426643614"></source>
			<source file="../../workspace/dataset/test/FakeDNSServer.java" startline="261" endline="277" function="testReverseLookup" hash="6464764790577746144"></source>
		</class>
	</version>
	<version nr="490" hash="313d80596" evolution="Subtract" change="Same">
		<class nclones="2">
			<source file="../../workspace/dataset/test/FakeDNSServer.java" startline="82" endline="94" function="getRecords" hash="7037387250109579180"></source>
			<source file="../../workspace/dataset/test/FakeDNSServer.java" startline="232" endline="244" function="getRecords" hash="4162657142426643614"></source>
		</class>
	</version>
	<version nr="500" hash="107aad176" evolution="Add" change="Same">
		<class nclones="9">
			<source file="../../workspace/dataset/test/FakeDNSServer.java" startline="61" endline="77" function="testResolveA" hash="684166709845079163"></source>
			<source file="../../workspace/dataset/test/FakeDNSServer.java" startline="82" endline="94" function="getRecords" hash="7037387250109579180"></source>
			<source file="../../workspace/dataset/test/FakeDNSServer.java" startline="117" endline="133" function="testResolveTXT" hash="-8222687551432931166"></source>
			<source file="../../workspace/dataset/test/FakeDNSServer.java" startline="138" endline="149" function="getRecords" hash="9041190612020534251"></source>
			<source file="../../workspace/dataset/test/FakeDNSServer.java" startline="153" endline="169" function="testResolveCNAME" hash="2303550180091881704"></source>
			<source file="../../workspace/dataset/test/FakeDNSServer.java" startline="171" endline="187" function="testResolvePTR" hash="6464764790577746144"></source>
			<source file="../../workspace/dataset/test/FakeDNSServer.java" startline="213" endline="225" function="getRecords" hash="-1010938328077447741"></source>
			<source file="../../workspace/dataset/test/FakeDNSServer.java" startline="232" endline="244" function="getRecords" hash="4162657142426643614"></source>
			<source file="../../workspace/dataset/test/FakeDNSServer.java" startline="261" endline="277" function="testReverseLookup" hash="6464764790577746144"></source>
		</class>
	</version>
	<version nr="500" hash="107aad176" evolution="Subtract" change="Same">
		<class nclones="2">
			<source file="../../workspace/dataset/test/FakeDNSServer.java" startline="82" endline="94" function="getRecords" hash="7037387250109579180"></source>
			<source file="../../workspace/dataset/test/FakeDNSServer.java" startline="232" endline="244" function="getRecords" hash="4162657142426643614"></source>
		</class>
	</version>
	<version nr="510" hash="b4defc96c" evolution="Add" change="Same">
		<class nclones="9">
			<source file="../../workspace/dataset/test/FakeDNSServer.java" startline="61" endline="77" function="testResolveA" hash="684166709845079163"></source>
			<source file="../../workspace/dataset/test/FakeDNSServer.java" startline="82" endline="94" function="getRecords" hash="7037387250109579180"></source>
			<source file="../../workspace/dataset/test/FakeDNSServer.java" startline="117" endline="133" function="testResolveTXT" hash="-8222687551432931166"></source>
			<source file="../../workspace/dataset/test/FakeDNSServer.java" startline="138" endline="149" function="getRecords" hash="9041190612020534251"></source>
			<source file="../../workspace/dataset/test/FakeDNSServer.java" startline="153" endline="169" function="testResolveCNAME" hash="2303550180091881704"></source>
			<source file="../../workspace/dataset/test/FakeDNSServer.java" startline="171" endline="187" function="testResolvePTR" hash="6464764790577746144"></source>
			<source file="../../workspace/dataset/test/FakeDNSServer.java" startline="213" endline="225" function="getRecords" hash="-1010938328077447741"></source>
			<source file="../../workspace/dataset/test/FakeDNSServer.java" startline="232" endline="244" function="getRecords" hash="4162657142426643614"></source>
			<source file="../../workspace/dataset/test/FakeDNSServer.java" startline="261" endline="277" function="testReverseLookup" hash="6464764790577746144"></source>
		</class>
	</version>
	<version nr="510" hash="b4defc96c" evolution="Subtract" change="Same">
		<class nclones="2">
			<source file="../../workspace/dataset/test/FakeDNSServer.java" startline="82" endline="94" function="getRecords" hash="7037387250109579180"></source>
			<source file="../../workspace/dataset/test/FakeDNSServer.java" startline="232" endline="244" function="getRecords" hash="4162657142426643614"></source>
		</class>
	</version>
	<version nr="520" hash="bd8373df7" evolution="Add" change="Inconsistent">
		<class nclones="9">
			<source file="../../workspace/dataset/test/FakeDNSServer.java" startline="61" endline="77" function="testResolveA" hash="684166709845079163"></source>
			<source file="../../workspace/dataset/test/FakeDNSServer.java" startline="79" endline="96" function="testResolveAAAA" hash="9056164354459818885"></source>
			<source file="../../workspace/dataset/test/FakeDNSServer.java" startline="117" endline="133" function="testResolveTXT" hash="-8222687551432931166"></source>
			<source file="../../workspace/dataset/test/FakeDNSServer.java" startline="138" endline="149" function="getRecords" hash="9041190612020534251"></source>
			<source file="../../workspace/dataset/test/FakeDNSServer.java" startline="153" endline="169" function="testResolveCNAME" hash="2303550180091881704"></source>
			<source file="../../workspace/dataset/test/FakeDNSServer.java" startline="171" endline="187" function="testResolvePTR" hash="6464764790577746144"></source>
			<source file="../../workspace/dataset/test/FakeDNSServer.java" startline="213" endline="225" function="getRecords" hash="-1010938328077447741"></source>
			<source file="../../workspace/dataset/test/FakeDNSServer.java" startline="232" endline="244" function="getRecords" hash="4162657142426643614"></source>
			<source file="../../workspace/dataset/test/FakeDNSServer.java" startline="261" endline="277" function="testReverseLookup" hash="6464764790577746144"></source>
		</class>
	</version>
	<version nr="520" hash="bd8373df7" evolution="Subtract" change="Same">
		<class nclones="2">
			<source file="../../workspace/dataset/test/FakeDNSServer.java" startline="79" endline="96" function="testResolveAAAA" hash="9056164354459818885"></source>
			<source file="../../workspace/dataset/test/FakeDNSServer.java" startline="232" endline="244" function="getRecords" hash="4162657142426643614"></source>
		</class>
	</version>
	<version nr="520" hash="bd8373df7" evolution="Add" change="Consistent">
		<class nclones="4">
			<source file="../../workspace/dataset/test/FakeDNSServer.java" startline="138" endline="149" function="getRecords" hash="9041190612020534251"></source>
			<source file="../../workspace/dataset/test/FakeDNSServer.java" startline="153" endline="169" function="testResolveCNAME" hash="2303550180091881704"></source>
			<source file="../../workspace/dataset/test/FakeDNSServer.java" startline="171" endline="187" function="testResolvePTR" hash="6464764790577746144"></source>
			<source file="../../workspace/dataset/test/FakeDNSServer.java" startline="261" endline="277" function="testReverseLookup" hash="6464764790577746144"></source>
		</class>
	</version>
	<version nr="530" hash="941fdb7dd" evolution="Add" change="Inconsistent">
		<class nclones="10">
			<source file="../../workspace/dataset/test/FakeDNSServer.java" startline="61" endline="77" function="testResolveA" hash="684166709845079163"></source>
			<source file="../../workspace/dataset/test/FakeDNSServer.java" startline="79" endline="96" function="testResolveAAAA" hash="9056164354459818885"></source>
			<source file="../../workspace/dataset/test/FakeDNSServer.java" startline="135" endline="151" function="testResolveNS" hash="-2912846211222800016"></source>
			<source file="../../workspace/dataset/test/FakeDNSServer.java" startline="98" endline="115" function="testResolveMX" hash="-7187870097331066963"></source>
			<source file="../../workspace/dataset/test/FakeDNSServer.java" startline="229" endline="246" function="testLookup6" hash="-6349819394007142261"></source>
			<source file="../../workspace/dataset/test/FakeDNSServer.java" startline="210" endline="227" function="testLookup4" hash="-4686286654716548784"></source>
			<source file="../../workspace/dataset/test/FakeDNSServer.java" startline="153" endline="169" function="testResolveCNAME" hash="2303550180091881704"></source>
			<source file="../../workspace/dataset/test/FakeDNSServer.java" startline="117" endline="133" function="testResolveTXT" hash="-8222687551432931166"></source>
			<source file="../../workspace/dataset/test/FakeDNSServer.java" startline="171" endline="187" function="testResolvePTR" hash="6464764790577746144"></source>
			<source file="../../workspace/dataset/test/FakeDNSServer.java" startline="261" endline="277" function="testReverseLookup" hash="6464764790577746144"></source>
		</class>
	</version>
	<version nr="530" hash="941fdb7dd" evolution="Subtract" change="Inconsistent">
		<class nclones="9">
			<source file="../../workspace/dataset/test/FakeDNSServer.java" startline="61" endline="77" function="testResolveA" hash="684166709845079163"></source>
			<source file="../../workspace/dataset/test/FakeDNSServer.java" startline="79" endline="96" function="testResolveAAAA" hash="9056164354459818885"></source>
			<source file="../../workspace/dataset/test/FakeDNSServer.java" startline="117" endline="133" function="testResolveTXT" hash="-8222687551432931166"></source>
			<source file="../../workspace/dataset/test/FakeDNSServer.java" startline="138" endline="149" function="getRecords" hash="9041190612020534251"></source>
			<source file="../../workspace/dataset/test/FakeDNSServer.java" startline="153" endline="169" function="testResolveCNAME" hash="2303550180091881704"></source>
			<source file="../../workspace/dataset/test/FakeDNSServer.java" startline="174" endline="185" function="getRecords" hash="4404576952831193479"></source>
			<source file="../../workspace/dataset/test/FakeDNSServer.java" startline="213" endline="225" function="getRecords" hash="-1010938328077447741"></source>
			<source file="../../workspace/dataset/test/FakeDNSServer.java" startline="232" endline="244" function="getRecords" hash="4162657142426643614"></source>
			<source file="../../workspace/dataset/test/FakeDNSServer.java" startline="261" endline="277" function="testReverseLookup" hash="6464764790577746144"></source>
		</class>
	</version>
	<version nr="530" hash="941fdb7dd" evolution="Subtract" change="Same">
		<class nclones="2">
			<source file="../../workspace/dataset/test/FakeDNSServer.java" startline="61" endline="77" function="testResolveA" hash="684166709845079163"></source>
			<source file="../../workspace/dataset/test/FakeDNSServer.java" startline="213" endline="225" function="getRecords" hash="-1010938328077447741"></source>
		</class>
	</version>
	<version nr="530" hash="941fdb7dd" evolution="Same" change="Consistent">
		<class nclones="2">
			<source file="../../workspace/dataset/test/FakeDNSServer.java" startline="79" endline="96" function="testResolveAAAA" hash="9056164354459818885"></source>
			<source file="../../workspace/dataset/test/FakeDNSServer.java" startline="232" endline="244" function="getRecords" hash="4162657142426643614"></source>
		</class>
	</version>
	<version nr="530" hash="941fdb7dd" evolution="Same" change="Consistent">
		<class nclones="2">
			<source file="../../workspace/dataset/test/FakeDNSServer.java" startline="174" endline="185" function="getRecords" hash="4404576952831193479"></source>
			<source file="../../workspace/dataset/test/FakeDNSServer.java" startline="261" endline="277" function="testReverseLookup" hash="6464764790577746144"></source>
		</class>
	</version>
	<version nr="540" hash="fe316372a" evolution="Add" change="Inconsistent">
		<class nclones="10">
			<source file="../../workspace/dataset/test/FakeDNSServer.java" startline="61" endline="77" function="testResolveA" hash="684166709845079163"></source>
			<source file="../../workspace/dataset/test/FakeDNSServer.java" startline="261" endline="277" function="testReverseLookup" hash="6464764790577746144"></source>
			<source file="../../workspace/dataset/test/FakeDNSServer.java" startline="135" endline="151" function="testResolveNS" hash="-2912846211222800016"></source>
			<source file="../../workspace/dataset/test/FakeDNSServer.java" startline="98" endline="115" function="testResolveMX" hash="-7187870097331066963"></source>
			<source file="../../workspace/dataset/test/FakeDNSServer.java" startline="117" endline="133" function="testResolveTXT" hash="-8222687551432931166"></source>
			<source file="../../workspace/dataset/test/FakeDNSServer.java" startline="153" endline="169" function="testResolveCNAME" hash="2303550180091881704"></source>
			<source file="../../workspace/dataset/test/FakeDNSServer.java" startline="171" endline="187" function="testResolvePTR" hash="6464764790577746144"></source>
			<source file="../../workspace/dataset/test/FakeDNSServer.java" startline="210" endline="227" function="testLookup4" hash="-4686286654716548784"></source>
			<source file="../../workspace/dataset/test/FakeDNSServer.java" startline="79" endline="96" function="testResolveAAAA" hash="9056164354459818885"></source>
			<source file="../../workspace/dataset/test/FakeDNSServer.java" startline="229" endline="246" function="testLookup6" hash="-6349819394007142261"></source>
		</class>
	</version>
	<version nr="540" hash="fe316372a" evolution="Subtract" change="Inconsistent">
		<class nclones="9">
			<source file="../../workspace/dataset/test/FakeDNSServer.java" startline="61" endline="77" function="testResolveA" hash="684166709845079163"></source>
			<source file="../../workspace/dataset/test/FakeDNSServer.java" startline="82" endline="94" function="getRecords" hash="7037387250109579180"></source>
			<source file="../../workspace/dataset/test/FakeDNSServer.java" startline="117" endline="133" function="testResolveTXT" hash="-8222687551432931166"></source>
			<source file="../../workspace/dataset/test/FakeDNSServer.java" startline="138" endline="149" function="getRecords" hash="9041190612020534251"></source>
			<source file="../../workspace/dataset/test/FakeDNSServer.java" startline="153" endline="169" function="testResolveCNAME" hash="2303550180091881704"></source>
			<source file="../../workspace/dataset/test/FakeDNSServer.java" startline="171" endline="187" function="testResolvePTR" hash="6464764790577746144"></source>
			<source file="../../workspace/dataset/test/FakeDNSServer.java" startline="213" endline="225" function="getRecords" hash="-1010938328077447741"></source>
			<source file="../../workspace/dataset/test/FakeDNSServer.java" startline="232" endline="244" function="getRecords" hash="4162657142426643614"></source>
			<source file="../../workspace/dataset/test/FakeDNSServer.java" startline="261" endline="277" function="testReverseLookup" hash="6464764790577746144"></source>
		</class>
	</version>
	<version nr="540" hash="fe316372a" evolution="Subtract" change="Same">
		<class nclones="2">
			<source file="../../workspace/dataset/test/FakeDNSServer.java" startline="61" endline="77" function="testResolveA" hash="684166709845079163"></source>
			<source file="../../workspace/dataset/test/FakeDNSServer.java" startline="213" endline="225" function="getRecords" hash="-1010938328077447741"></source>
		</class>
	</version>
	<version nr="540" hash="fe316372a" evolution="Same" change="Consistent">
		<class nclones="2">
			<source file="../../workspace/dataset/test/FakeDNSServer.java" startline="82" endline="94" function="getRecords" hash="7037387250109579180"></source>
			<source file="../../workspace/dataset/test/FakeDNSServer.java" startline="232" endline="244" function="getRecords" hash="4162657142426643614"></source>
		</class>
	</version>
	<version nr="550" hash="5fdf305aa" evolution="Add" change="Same">
		<class nclones="9">
			<source file="../../workspace/dataset/test/FakeDNSServer.java" startline="61" endline="77" function="testResolveA" hash="684166709845079163"></source>
			<source file="../../workspace/dataset/test/FakeDNSServer.java" startline="82" endline="94" function="getRecords" hash="7037387250109579180"></source>
			<source file="../../workspace/dataset/test/FakeDNSServer.java" startline="117" endline="133" function="testResolveTXT" hash="-8222687551432931166"></source>
			<source file="../../workspace/dataset/test/FakeDNSServer.java" startline="138" endline="149" function="getRecords" hash="9041190612020534251"></source>
			<source file="../../workspace/dataset/test/FakeDNSServer.java" startline="153" endline="169" function="testResolveCNAME" hash="2303550180091881704"></source>
			<source file="../../workspace/dataset/test/FakeDNSServer.java" startline="171" endline="187" function="testResolvePTR" hash="6464764790577746144"></source>
			<source file="../../workspace/dataset/test/FakeDNSServer.java" startline="213" endline="225" function="getRecords" hash="-1010938328077447741"></source>
			<source file="../../workspace/dataset/test/FakeDNSServer.java" startline="232" endline="244" function="getRecords" hash="4162657142426643614"></source>
			<source file="../../workspace/dataset/test/FakeDNSServer.java" startline="261" endline="277" function="testReverseLookup" hash="6464764790577746144"></source>
		</class>
	</version>
	<version nr="550" hash="5fdf305aa" evolution="Subtract" change="Same">
		<class nclones="2">
			<source file="../../workspace/dataset/test/FakeDNSServer.java" startline="82" endline="94" function="getRecords" hash="7037387250109579180"></source>
			<source file="../../workspace/dataset/test/FakeDNSServer.java" startline="232" endline="244" function="getRecords" hash="4162657142426643614"></source>
		</class>
	</version>
	<version nr="560" hash="684eee3d2" evolution="Add" change="Inconsistent">
		<class nclones="9">
			<source file="../../workspace/dataset/test/FakeDNSServer.java" startline="61" endline="77" function="testResolveA" hash="684166709845079163"></source>
			<source file="../../workspace/dataset/test/FakeDNSServer.java" startline="79" endline="96" function="testResolveAAAA" hash="9056164354459818885"></source>
			<source file="../../workspace/dataset/test/FakeDNSServer.java" startline="117" endline="133" function="testResolveTXT" hash="-8222687551432931166"></source>
			<source file="../../workspace/dataset/test/FakeDNSServer.java" startline="138" endline="149" function="getRecords" hash="9041190612020534251"></source>
			<source file="../../workspace/dataset/test/FakeDNSServer.java" startline="153" endline="169" function="testResolveCNAME" hash="2303550180091881704"></source>
			<source file="../../workspace/dataset/test/FakeDNSServer.java" startline="174" endline="185" function="getRecords" hash="4404576952831193479"></source>
			<source file="../../workspace/dataset/test/FakeDNSServer.java" startline="213" endline="225" function="getRecords" hash="-1010938328077447741"></source>
			<source file="../../workspace/dataset/test/FakeDNSServer.java" startline="232" endline="244" function="getRecords" hash="4162657142426643614"></source>
			<source file="../../workspace/dataset/test/FakeDNSServer.java" startline="261" endline="277" function="testReverseLookup" hash="6464764790577746144"></source>
		</class>
	</version>
	<version nr="560" hash="684eee3d2" evolution="Subtract" change="Same">
		<class nclones="2">
			<source file="../../workspace/dataset/test/FakeDNSServer.java" startline="79" endline="96" function="testResolveAAAA" hash="9056164354459818885"></source>
			<source file="../../workspace/dataset/test/FakeDNSServer.java" startline="232" endline="244" function="getRecords" hash="4162657142426643614"></source>
		</class>
	</version>
	<version nr="560" hash="684eee3d2" evolution="Same" change="Consistent">
		<class nclones="2">
			<source file="../../workspace/dataset/test/FakeDNSServer.java" startline="174" endline="185" function="getRecords" hash="4404576952831193479"></source>
			<source file="../../workspace/dataset/test/FakeDNSServer.java" startline="261" endline="277" function="testReverseLookup" hash="6464764790577746144"></source>
		</class>
	</version>
	<version nr="570" hash="c51270fc4" evolution="Add" change="Inconsistent">
		<class nclones="10">
			<source file="../../workspace/dataset/test/FakeDNSServer.java" startline="61" endline="77" function="testResolveA" hash="684166709845079163"></source>
			<source file="../../workspace/dataset/test/FakeDNSServer.java" startline="117" endline="133" function="testResolveTXT" hash="-8222687551432931166"></source>
			<source file="../../workspace/dataset/test/FakeDNSServer.java" startline="153" endline="169" function="testResolveCNAME" hash="2303550180091881704"></source>
			<source file="../../workspace/dataset/test/FakeDNSServer.java" startline="171" endline="187" function="testResolvePTR" hash="6464764790577746144"></source>
			<source file="../../workspace/dataset/test/FakeDNSServer.java" startline="210" endline="227" function="testLookup4" hash="-4686286654716548784"></source>
			<source file="../../workspace/dataset/test/FakeDNSServer.java" startline="229" endline="246" function="testLookup6" hash="-6349819394007142261"></source>
			<source file="../../workspace/dataset/test/FakeDNSServer.java" startline="261" endline="277" function="testReverseLookup" hash="6464764790577746144"></source>
			<source file="../../workspace/dataset/test/FakeDNSServer.java" startline="135" endline="151" function="testResolveNS" hash="-2912846211222800016"></source>
			<source file="../../workspace/dataset/test/FakeDNSServer.java" startline="79" endline="96" function="testResolveAAAA" hash="9056164354459818885"></source>
			<source file="../../workspace/dataset/test/FakeDNSServer.java" startline="98" endline="115" function="testResolveMX" hash="-7187870097331066963"></source>
		</class>
	</version>
	<version nr="570" hash="c51270fc4" evolution="Subtract" change="Inconsistent">
		<class nclones="9">
			<source file="../../workspace/dataset/test/FakeDNSServer.java" startline="61" endline="77" function="testResolveA" hash="684166709845079163"></source>
			<source file="../../workspace/dataset/test/FakeDNSServer.java" startline="79" endline="96" function="testResolveAAAA" hash="9056164354459818885"></source>
			<source file="../../workspace/dataset/test/FakeDNSServer.java" startline="117" endline="133" function="testResolveTXT" hash="-8222687551432931166"></source>
			<source file="../../workspace/dataset/test/FakeDNSServer.java" startline="138" endline="149" function="getRecords" hash="9041190612020534251"></source>
			<source file="../../workspace/dataset/test/FakeDNSServer.java" startline="153" endline="169" function="testResolveCNAME" hash="2303550180091881704"></source>
			<source file="../../workspace/dataset/test/FakeDNSServer.java" startline="171" endline="187" function="testResolvePTR" hash="6464764790577746144"></source>
			<source file="../../workspace/dataset/test/FakeDNSServer.java" startline="213" endline="225" function="getRecords" hash="-1010938328077447741"></source>
			<source file="../../workspace/dataset/test/FakeDNSServer.java" startline="232" endline="244" function="getRecords" hash="4162657142426643614"></source>
			<source file="../../workspace/dataset/test/FakeDNSServer.java" startline="261" endline="277" function="testReverseLookup" hash="6464764790577746144"></source>
		</class>
	</version>
	<version nr="570" hash="c51270fc4" evolution="Subtract" change="Same">
		<class nclones="2">
			<source file="../../workspace/dataset/test/FakeDNSServer.java" startline="61" endline="77" function="testResolveA" hash="684166709845079163"></source>
			<source file="../../workspace/dataset/test/FakeDNSServer.java" startline="213" endline="225" function="getRecords" hash="-1010938328077447741"></source>
		</class>
	</version>
	<version nr="570" hash="c51270fc4" evolution="Same" change="Consistent">
		<class nclones="2">
			<source file="../../workspace/dataset/test/FakeDNSServer.java" startline="79" endline="96" function="testResolveAAAA" hash="9056164354459818885"></source>
			<source file="../../workspace/dataset/test/FakeDNSServer.java" startline="232" endline="244" function="getRecords" hash="4162657142426643614"></source>
		</class>
	</version>
	<version nr="570" hash="c51270fc4" evolution="Add" change="Consistent">
		<class nclones="4">
			<source file="../../workspace/dataset/test/FakeDNSServer.java" startline="138" endline="149" function="getRecords" hash="9041190612020534251"></source>
			<source file="../../workspace/dataset/test/FakeDNSServer.java" startline="153" endline="169" function="testResolveCNAME" hash="2303550180091881704"></source>
			<source file="../../workspace/dataset/test/FakeDNSServer.java" startline="171" endline="187" function="testResolvePTR" hash="6464764790577746144"></source>
			<source file="../../workspace/dataset/test/FakeDNSServer.java" startline="261" endline="277" function="testReverseLookup" hash="6464764790577746144"></source>
		</class>
	</version>
	<version nr="580" hash="06ba79481" evolution="Add" change="Inconsistent">
		<class nclones="10">
			<source file="../../workspace/dataset/test/FakeDNSServer.java" startline="61" endline="77" function="testResolveA" hash="684166709845079163"></source>
			<source file="../../workspace/dataset/test/FakeDNSServer.java" startline="117" endline="133" function="testResolveTXT" hash="-8222687551432931166"></source>
			<source file="../../workspace/dataset/test/FakeDNSServer.java" startline="153" endline="169" function="testResolveCNAME" hash="2303550180091881704"></source>
			<source file="../../workspace/dataset/test/FakeDNSServer.java" startline="171" endline="187" function="testResolvePTR" hash="6464764790577746144"></source>
			<source file="../../workspace/dataset/test/FakeDNSServer.java" startline="210" endline="227" function="testLookup4" hash="-4686286654716548784"></source>
			<source file="../../workspace/dataset/test/FakeDNSServer.java" startline="229" endline="246" function="testLookup6" hash="-6349819394007142261"></source>
			<source file="../../workspace/dataset/test/FakeDNSServer.java" startline="261" endline="277" function="testReverseLookup" hash="6464764790577746144"></source>
			<source file="../../workspace/dataset/test/FakeDNSServer.java" startline="135" endline="151" function="testResolveNS" hash="-2912846211222800016"></source>
			<source file="../../workspace/dataset/test/FakeDNSServer.java" startline="79" endline="96" function="testResolveAAAA" hash="9056164354459818885"></source>
			<source file="../../workspace/dataset/test/FakeDNSServer.java" startline="98" endline="115" function="testResolveMX" hash="-7187870097331066963"></source>
		</class>
	</version>
	<version nr="580" hash="06ba79481" evolution="Subtract" change="Inconsistent">
		<class nclones="9">
			<source file="../../workspace/dataset/test/FakeDNSServer.java" startline="61" endline="77" function="testResolveA" hash="684166709845079163"></source>
			<source file="../../workspace/dataset/test/FakeDNSServer.java" startline="79" endline="96" function="testResolveAAAA" hash="9056164354459818885"></source>
			<source file="../../workspace/dataset/test/FakeDNSServer.java" startline="117" endline="133" function="testResolveTXT" hash="-8222687551432931166"></source>
			<source file="../../workspace/dataset/test/FakeDNSServer.java" startline="138" endline="149" function="getRecords" hash="9041190612020534251"></source>
			<source file="../../workspace/dataset/test/FakeDNSServer.java" startline="153" endline="169" function="testResolveCNAME" hash="2303550180091881704"></source>
			<source file="../../workspace/dataset/test/FakeDNSServer.java" startline="171" endline="187" function="testResolvePTR" hash="6464764790577746144"></source>
			<source file="../../workspace/dataset/test/FakeDNSServer.java" startline="213" endline="225" function="getRecords" hash="-1010938328077447741"></source>
			<source file="../../workspace/dataset/test/FakeDNSServer.java" startline="232" endline="244" function="getRecords" hash="4162657142426643614"></source>
			<source file="../../workspace/dataset/test/FakeDNSServer.java" startline="261" endline="277" function="testReverseLookup" hash="6464764790577746144"></source>
		</class>
	</version>
	<version nr="580" hash="06ba79481" evolution="Subtract" change="Same">
		<class nclones="2">
			<source file="../../workspace/dataset/test/FakeDNSServer.java" startline="61" endline="77" function="testResolveA" hash="684166709845079163"></source>
			<source file="../../workspace/dataset/test/FakeDNSServer.java" startline="213" endline="225" function="getRecords" hash="-1010938328077447741"></source>
		</class>
	</version>
	<version nr="580" hash="06ba79481" evolution="Same" change="Consistent">
		<class nclones="2">
			<source file="../../workspace/dataset/test/FakeDNSServer.java" startline="79" endline="96" function="testResolveAAAA" hash="9056164354459818885"></source>
			<source file="../../workspace/dataset/test/FakeDNSServer.java" startline="232" endline="244" function="getRecords" hash="4162657142426643614"></source>
		</class>
	</version>
	<version nr="580" hash="06ba79481" evolution="Add" change="Consistent">
		<class nclones="4">
			<source file="../../workspace/dataset/test/FakeDNSServer.java" startline="138" endline="149" function="getRecords" hash="9041190612020534251"></source>
			<source file="../../workspace/dataset/test/FakeDNSServer.java" startline="153" endline="169" function="testResolveCNAME" hash="2303550180091881704"></source>
			<source file="../../workspace/dataset/test/FakeDNSServer.java" startline="171" endline="187" function="testResolvePTR" hash="6464764790577746144"></source>
			<source file="../../workspace/dataset/test/FakeDNSServer.java" startline="261" endline="277" function="testReverseLookup" hash="6464764790577746144"></source>
		</class>
	</version>
	<version nr="590" hash="9854d8ace" evolution="Add" change="Inconsistent">
		<class nclones="10">
			<source file="../../workspace/dataset/test/FakeDNSServer.java" startline="61" endline="77" function="testResolveA" hash="684166709845079163"></source>
			<source file="../../workspace/dataset/test/FakeDNSServer.java" startline="117" endline="133" function="testResolveTXT" hash="-8222687551432931166"></source>
			<source file="../../workspace/dataset/test/FakeDNSServer.java" startline="153" endline="169" function="testResolveCNAME" hash="2303550180091881704"></source>
			<source file="../../workspace/dataset/test/FakeDNSServer.java" startline="171" endline="187" function="testResolvePTR" hash="6464764790577746144"></source>
			<source file="../../workspace/dataset/test/FakeDNSServer.java" startline="210" endline="227" function="testLookup4" hash="-4686286654716548784"></source>
			<source file="../../workspace/dataset/test/FakeDNSServer.java" startline="229" endline="246" function="testLookup6" hash="-6349819394007142261"></source>
			<source file="../../workspace/dataset/test/FakeDNSServer.java" startline="261" endline="277" function="testReverseLookup" hash="6464764790577746144"></source>
			<source file="../../workspace/dataset/test/FakeDNSServer.java" startline="135" endline="151" function="testResolveNS" hash="-2912846211222800016"></source>
			<source file="../../workspace/dataset/test/FakeDNSServer.java" startline="79" endline="96" function="testResolveAAAA" hash="9056164354459818885"></source>
			<source file="../../workspace/dataset/test/FakeDNSServer.java" startline="98" endline="115" function="testResolveMX" hash="-7187870097331066963"></source>
		</class>
	</version>
	<version nr="590" hash="9854d8ace" evolution="Subtract" change="Inconsistent">
		<class nclones="9">
			<source file="../../workspace/dataset/test/FakeDNSServer.java" startline="61" endline="77" function="testResolveA" hash="684166709845079163"></source>
			<source file="../../workspace/dataset/test/FakeDNSServer.java" startline="79" endline="96" function="testResolveAAAA" hash="9056164354459818885"></source>
			<source file="../../workspace/dataset/test/FakeDNSServer.java" startline="117" endline="133" function="testResolveTXT" hash="-8222687551432931166"></source>
			<source file="../../workspace/dataset/test/FakeDNSServer.java" startline="138" endline="149" function="getRecords" hash="9041190612020534251"></source>
			<source file="../../workspace/dataset/test/FakeDNSServer.java" startline="153" endline="169" function="testResolveCNAME" hash="2303550180091881704"></source>
			<source file="../../workspace/dataset/test/FakeDNSServer.java" startline="171" endline="187" function="testResolvePTR" hash="6464764790577746144"></source>
			<source file="../../workspace/dataset/test/FakeDNSServer.java" startline="213" endline="225" function="getRecords" hash="-1010938328077447741"></source>
			<source file="../../workspace/dataset/test/FakeDNSServer.java" startline="232" endline="244" function="getRecords" hash="4162657142426643614"></source>
			<source file="../../workspace/dataset/test/FakeDNSServer.java" startline="261" endline="277" function="testReverseLookup" hash="6464764790577746144"></source>
		</class>
	</version>
	<version nr="590" hash="9854d8ace" evolution="Subtract" change="Same">
		<class nclones="2">
			<source file="../../workspace/dataset/test/FakeDNSServer.java" startline="61" endline="77" function="testResolveA" hash="684166709845079163"></source>
			<source file="../../workspace/dataset/test/FakeDNSServer.java" startline="213" endline="225" function="getRecords" hash="-1010938328077447741"></source>
		</class>
	</version>
	<version nr="590" hash="9854d8ace" evolution="Same" change="Consistent">
		<class nclones="2">
			<source file="../../workspace/dataset/test/FakeDNSServer.java" startline="79" endline="96" function="testResolveAAAA" hash="9056164354459818885"></source>
			<source file="../../workspace/dataset/test/FakeDNSServer.java" startline="232" endline="244" function="getRecords" hash="4162657142426643614"></source>
		</class>
	</version>
	<version nr="590" hash="9854d8ace" evolution="Add" change="Consistent">
		<class nclones="4">
			<source file="../../workspace/dataset/test/FakeDNSServer.java" startline="138" endline="149" function="getRecords" hash="9041190612020534251"></source>
			<source file="../../workspace/dataset/test/FakeDNSServer.java" startline="153" endline="169" function="testResolveCNAME" hash="2303550180091881704"></source>
			<source file="../../workspace/dataset/test/FakeDNSServer.java" startline="171" endline="187" function="testResolvePTR" hash="6464764790577746144"></source>
			<source file="../../workspace/dataset/test/FakeDNSServer.java" startline="261" endline="277" function="testReverseLookup" hash="6464764790577746144"></source>
		</class>
	</version>
	<version nr="600" hash="64be6a8f9" evolution="Add" change="Inconsistent">
		<class nclones="10">
			<source file="../../workspace/dataset/test/FakeDNSServer.java" startline="61" endline="77" function="testResolveA" hash="684166709845079163"></source>
			<source file="../../workspace/dataset/test/FakeDNSServer.java" startline="117" endline="133" function="testResolveTXT" hash="-8222687551432931166"></source>
			<source file="../../workspace/dataset/test/FakeDNSServer.java" startline="153" endline="169" function="testResolveCNAME" hash="2303550180091881704"></source>
			<source file="../../workspace/dataset/test/FakeDNSServer.java" startline="171" endline="187" function="testResolvePTR" hash="6464764790577746144"></source>
			<source file="../../workspace/dataset/test/FakeDNSServer.java" startline="210" endline="227" function="testLookup4" hash="-4686286654716548784"></source>
			<source file="../../workspace/dataset/test/FakeDNSServer.java" startline="229" endline="246" function="testLookup6" hash="-6349819394007142261"></source>
			<source file="../../workspace/dataset/test/FakeDNSServer.java" startline="261" endline="277" function="testReverseLookup" hash="6464764790577746144"></source>
			<source file="../../workspace/dataset/test/FakeDNSServer.java" startline="135" endline="151" function="testResolveNS" hash="-2912846211222800016"></source>
			<source file="../../workspace/dataset/test/FakeDNSServer.java" startline="79" endline="96" function="testResolveAAAA" hash="9056164354459818885"></source>
			<source file="../../workspace/dataset/test/FakeDNSServer.java" startline="98" endline="115" function="testResolveMX" hash="-7187870097331066963"></source>
		</class>
	</version>
	<version nr="600" hash="64be6a8f9" evolution="Subtract" change="Inconsistent">
		<class nclones="9">
			<source file="../../workspace/dataset/test/FakeDNSServer.java" startline="61" endline="77" function="testResolveA" hash="684166709845079163"></source>
			<source file="../../workspace/dataset/test/FakeDNSServer.java" startline="79" endline="96" function="testResolveAAAA" hash="9056164354459818885"></source>
			<source file="../../workspace/dataset/test/FakeDNSServer.java" startline="117" endline="133" function="testResolveTXT" hash="-8222687551432931166"></source>
			<source file="../../workspace/dataset/test/FakeDNSServer.java" startline="138" endline="149" function="getRecords" hash="9041190612020534251"></source>
			<source file="../../workspace/dataset/test/FakeDNSServer.java" startline="153" endline="169" function="testResolveCNAME" hash="2303550180091881704"></source>
			<source file="../../workspace/dataset/test/FakeDNSServer.java" startline="171" endline="187" function="testResolvePTR" hash="6464764790577746144"></source>
			<source file="../../workspace/dataset/test/FakeDNSServer.java" startline="213" endline="225" function="getRecords" hash="-1010938328077447741"></source>
			<source file="../../workspace/dataset/test/FakeDNSServer.java" startline="232" endline="244" function="getRecords" hash="4162657142426643614"></source>
			<source file="../../workspace/dataset/test/FakeDNSServer.java" startline="261" endline="277" function="testReverseLookup" hash="6464764790577746144"></source>
		</class>
	</version>
	<version nr="600" hash="64be6a8f9" evolution="Subtract" change="Same">
		<class nclones="2">
			<source file="../../workspace/dataset/test/FakeDNSServer.java" startline="61" endline="77" function="testResolveA" hash="684166709845079163"></source>
			<source file="../../workspace/dataset/test/FakeDNSServer.java" startline="213" endline="225" function="getRecords" hash="-1010938328077447741"></source>
		</class>
	</version>
	<version nr="600" hash="64be6a8f9" evolution="Same" change="Consistent">
		<class nclones="2">
			<source file="../../workspace/dataset/test/FakeDNSServer.java" startline="79" endline="96" function="testResolveAAAA" hash="9056164354459818885"></source>
			<source file="../../workspace/dataset/test/FakeDNSServer.java" startline="232" endline="244" function="getRecords" hash="4162657142426643614"></source>
		</class>
	</version>
	<version nr="600" hash="64be6a8f9" evolution="Add" change="Consistent">
		<class nclones="4">
			<source file="../../workspace/dataset/test/FakeDNSServer.java" startline="138" endline="149" function="getRecords" hash="9041190612020534251"></source>
			<source file="../../workspace/dataset/test/FakeDNSServer.java" startline="153" endline="169" function="testResolveCNAME" hash="2303550180091881704"></source>
			<source file="../../workspace/dataset/test/FakeDNSServer.java" startline="171" endline="187" function="testResolvePTR" hash="6464764790577746144"></source>
			<source file="../../workspace/dataset/test/FakeDNSServer.java" startline="261" endline="277" function="testReverseLookup" hash="6464764790577746144"></source>
		</class>
	</version>
	<version nr="610" hash="4ddcc8431" evolution="Add" change="Inconsistent">
		<class nclones="10">
			<source file="../../workspace/dataset/test/FakeDNSServer.java" startline="61" endline="77" function="testResolveA" hash="684166709845079163"></source>
			<source file="../../workspace/dataset/test/FakeDNSServer.java" startline="117" endline="133" function="testResolveTXT" hash="-8222687551432931166"></source>
			<source file="../../workspace/dataset/test/FakeDNSServer.java" startline="153" endline="169" function="testResolveCNAME" hash="2303550180091881704"></source>
			<source file="../../workspace/dataset/test/FakeDNSServer.java" startline="171" endline="187" function="testResolvePTR" hash="6464764790577746144"></source>
			<source file="../../workspace/dataset/test/FakeDNSServer.java" startline="210" endline="227" function="testLookup4" hash="-4686286654716548784"></source>
			<source file="../../workspace/dataset/test/FakeDNSServer.java" startline="229" endline="246" function="testLookup6" hash="-6349819394007142261"></source>
			<source file="../../workspace/dataset/test/FakeDNSServer.java" startline="261" endline="277" function="testReverseLookup" hash="6464764790577746144"></source>
			<source file="../../workspace/dataset/test/FakeDNSServer.java" startline="135" endline="151" function="testResolveNS" hash="-2912846211222800016"></source>
			<source file="../../workspace/dataset/test/FakeDNSServer.java" startline="79" endline="96" function="testResolveAAAA" hash="9056164354459818885"></source>
			<source file="../../workspace/dataset/test/FakeDNSServer.java" startline="98" endline="115" function="testResolveMX" hash="-7187870097331066963"></source>
		</class>
	</version>
	<version nr="610" hash="4ddcc8431" evolution="Subtract" change="Inconsistent">
		<class nclones="9">
			<source file="../../workspace/dataset/test/FakeDNSServer.java" startline="61" endline="77" function="testResolveA" hash="684166709845079163"></source>
			<source file="../../workspace/dataset/test/FakeDNSServer.java" startline="79" endline="96" function="testResolveAAAA" hash="9056164354459818885"></source>
			<source file="../../workspace/dataset/test/FakeDNSServer.java" startline="117" endline="133" function="testResolveTXT" hash="-8222687551432931166"></source>
			<source file="../../workspace/dataset/test/FakeDNSServer.java" startline="138" endline="149" function="getRecords" hash="9041190612020534251"></source>
			<source file="../../workspace/dataset/test/FakeDNSServer.java" startline="153" endline="169" function="testResolveCNAME" hash="2303550180091881704"></source>
			<source file="../../workspace/dataset/test/FakeDNSServer.java" startline="171" endline="187" function="testResolvePTR" hash="6464764790577746144"></source>
			<source file="../../workspace/dataset/test/FakeDNSServer.java" startline="213" endline="225" function="getRecords" hash="-1010938328077447741"></source>
			<source file="../../workspace/dataset/test/FakeDNSServer.java" startline="232" endline="244" function="getRecords" hash="4162657142426643614"></source>
			<source file="../../workspace/dataset/test/FakeDNSServer.java" startline="261" endline="277" function="testReverseLookup" hash="6464764790577746144"></source>
		</class>
	</version>
	<version nr="610" hash="4ddcc8431" evolution="Subtract" change="Same">
		<class nclones="2">
			<source file="../../workspace/dataset/test/FakeDNSServer.java" startline="61" endline="77" function="testResolveA" hash="684166709845079163"></source>
			<source file="../../workspace/dataset/test/FakeDNSServer.java" startline="213" endline="225" function="getRecords" hash="-1010938328077447741"></source>
		</class>
	</version>
	<version nr="610" hash="4ddcc8431" evolution="Same" change="Consistent">
		<class nclones="2">
			<source file="../../workspace/dataset/test/FakeDNSServer.java" startline="79" endline="96" function="testResolveAAAA" hash="9056164354459818885"></source>
			<source file="../../workspace/dataset/test/FakeDNSServer.java" startline="232" endline="244" function="getRecords" hash="4162657142426643614"></source>
		</class>
	</version>
	<version nr="610" hash="4ddcc8431" evolution="Add" change="Consistent">
		<class nclones="4">
			<source file="../../workspace/dataset/test/FakeDNSServer.java" startline="138" endline="149" function="getRecords" hash="9041190612020534251"></source>
			<source file="../../workspace/dataset/test/FakeDNSServer.java" startline="153" endline="169" function="testResolveCNAME" hash="2303550180091881704"></source>
			<source file="../../workspace/dataset/test/FakeDNSServer.java" startline="171" endline="187" function="testResolvePTR" hash="6464764790577746144"></source>
			<source file="../../workspace/dataset/test/FakeDNSServer.java" startline="261" endline="277" function="testReverseLookup" hash="6464764790577746144"></source>
		</class>
	</version>
	<version nr="620" hash="986ac79d7" evolution="Add" change="Inconsistent">
		<class nclones="10">
			<source file="../../workspace/dataset/test/FakeDNSServer.java" startline="61" endline="77" function="testResolveA" hash="684166709845079163"></source>
			<source file="../../workspace/dataset/test/FakeDNSServer.java" startline="153" endline="169" function="testResolveCNAME" hash="2303550180091881704"></source>
			<source file="../../workspace/dataset/test/FakeDNSServer.java" startline="261" endline="277" function="testReverseLookup" hash="6464764790577746144"></source>
			<source file="../../workspace/dataset/test/FakeDNSServer.java" startline="229" endline="246" function="testLookup6" hash="-6349819394007142261"></source>
			<source file="../../workspace/dataset/test/FakeDNSServer.java" startline="210" endline="227" function="testLookup4" hash="-4686286654716548784"></source>
			<source file="../../workspace/dataset/test/FakeDNSServer.java" startline="98" endline="115" function="testResolveMX" hash="-7187870097331066963"></source>
			<source file="../../workspace/dataset/test/FakeDNSServer.java" startline="135" endline="151" function="testResolveNS" hash="-2912846211222800016"></source>
			<source file="../../workspace/dataset/test/FakeDNSServer.java" startline="171" endline="187" function="testResolvePTR" hash="6464764790577746144"></source>
			<source file="../../workspace/dataset/test/FakeDNSServer.java" startline="117" endline="133" function="testResolveTXT" hash="-8222687551432931166"></source>
			<source file="../../workspace/dataset/test/FakeDNSServer.java" startline="79" endline="96" function="testResolveAAAA" hash="9056164354459818885"></source>
		</class>
	</version>
	<version nr="620" hash="986ac79d7" evolution="Subtract" change="Inconsistent">
		<class nclones="9">
			<source file="../../workspace/dataset/test/FakeDNSServer.java" startline="61" endline="77" function="testResolveA" hash="684166709845079163"></source>
			<source file="../../workspace/dataset/test/FakeDNSServer.java" startline="79" endline="96" function="testResolveAAAA" hash="9056164354459818885"></source>
			<source file="../../workspace/dataset/test/FakeDNSServer.java" startline="117" endline="133" function="testResolveTXT" hash="-8222687551432931166"></source>
			<source file="../../workspace/dataset/test/FakeDNSServer.java" startline="138" endline="149" function="getRecords" hash="9041190612020534251"></source>
			<source file="../../workspace/dataset/test/FakeDNSServer.java" startline="153" endline="169" function="testResolveCNAME" hash="2303550180091881704"></source>
			<source file="../../workspace/dataset/test/FakeDNSServer.java" startline="171" endline="187" function="testResolvePTR" hash="6464764790577746144"></source>
			<source file="../../workspace/dataset/test/FakeDNSServer.java" startline="213" endline="225" function="getRecords" hash="-1010938328077447741"></source>
			<source file="../../workspace/dataset/test/FakeDNSServer.java" startline="232" endline="244" function="getRecords" hash="4162657142426643614"></source>
			<source file="../../workspace/dataset/test/FakeDNSServer.java" startline="261" endline="277" function="testReverseLookup" hash="6464764790577746144"></source>
		</class>
	</version>
	<version nr="620" hash="986ac79d7" evolution="Subtract" change="Same">
		<class nclones="2">
			<source file="../../workspace/dataset/test/FakeDNSServer.java" startline="61" endline="77" function="testResolveA" hash="684166709845079163"></source>
			<source file="../../workspace/dataset/test/FakeDNSServer.java" startline="213" endline="225" function="getRecords" hash="-1010938328077447741"></source>
		</class>
	</version>
	<version nr="620" hash="986ac79d7" evolution="Same" change="Consistent">
		<class nclones="2">
			<source file="../../workspace/dataset/test/FakeDNSServer.java" startline="79" endline="96" function="testResolveAAAA" hash="9056164354459818885"></source>
			<source file="../../workspace/dataset/test/FakeDNSServer.java" startline="232" endline="244" function="getRecords" hash="4162657142426643614"></source>
		</class>
	</version>
	<version nr="620" hash="986ac79d7" evolution="Add" change="Consistent">
		<class nclones="4">
			<source file="../../workspace/dataset/test/FakeDNSServer.java" startline="138" endline="149" function="getRecords" hash="9041190612020534251"></source>
			<source file="../../workspace/dataset/test/FakeDNSServer.java" startline="153" endline="169" function="testResolveCNAME" hash="2303550180091881704"></source>
			<source file="../../workspace/dataset/test/FakeDNSServer.java" startline="171" endline="187" function="testResolvePTR" hash="6464764790577746144"></source>
			<source file="../../workspace/dataset/test/FakeDNSServer.java" startline="261" endline="277" function="testReverseLookup" hash="6464764790577746144"></source>
		</class>
	</version>
	<version nr="630" hash="32a2842fa" evolution="Add" change="Inconsistent">
		<class nclones="10">
			<source file="../../workspace/dataset/test/FakeDNSServer.java" startline="61" endline="77" function="testResolveA" hash="684166709845079163"></source>
			<source file="../../workspace/dataset/test/FakeDNSServer.java" startline="153" endline="169" function="testResolveCNAME" hash="2303550180091881704"></source>
			<source file="../../workspace/dataset/test/FakeDNSServer.java" startline="261" endline="277" function="testReverseLookup" hash="6464764790577746144"></source>
			<source file="../../workspace/dataset/test/FakeDNSServer.java" startline="229" endline="246" function="testLookup6" hash="-6349819394007142261"></source>
			<source file="../../workspace/dataset/test/FakeDNSServer.java" startline="210" endline="227" function="testLookup4" hash="-4686286654716548784"></source>
			<source file="../../workspace/dataset/test/FakeDNSServer.java" startline="98" endline="115" function="testResolveMX" hash="-7187870097331066963"></source>
			<source file="../../workspace/dataset/test/FakeDNSServer.java" startline="135" endline="151" function="testResolveNS" hash="-2912846211222800016"></source>
			<source file="../../workspace/dataset/test/FakeDNSServer.java" startline="171" endline="187" function="testResolvePTR" hash="6464764790577746144"></source>
			<source file="../../workspace/dataset/test/FakeDNSServer.java" startline="117" endline="133" function="testResolveTXT" hash="-8222687551432931166"></source>
			<source file="../../workspace/dataset/test/FakeDNSServer.java" startline="79" endline="96" function="testResolveAAAA" hash="9056164354459818885"></source>
		</class>
	</version>
	<version nr="630" hash="32a2842fa" evolution="Subtract" change="Inconsistent">
		<class nclones="9">
			<source file="../../workspace/dataset/test/FakeDNSServer.java" startline="61" endline="77" function="testResolveA" hash="684166709845079163"></source>
			<source file="../../workspace/dataset/test/FakeDNSServer.java" startline="79" endline="96" function="testResolveAAAA" hash="9056164354459818885"></source>
			<source file="../../workspace/dataset/test/FakeDNSServer.java" startline="117" endline="133" function="testResolveTXT" hash="-8222687551432931166"></source>
			<source file="../../workspace/dataset/test/FakeDNSServer.java" startline="138" endline="149" function="getRecords" hash="9041190612020534251"></source>
			<source file="../../workspace/dataset/test/FakeDNSServer.java" startline="153" endline="169" function="testResolveCNAME" hash="2303550180091881704"></source>
			<source file="../../workspace/dataset/test/FakeDNSServer.java" startline="171" endline="187" function="testResolvePTR" hash="6464764790577746144"></source>
			<source file="../../workspace/dataset/test/FakeDNSServer.java" startline="213" endline="225" function="getRecords" hash="-1010938328077447741"></source>
			<source file="../../workspace/dataset/test/FakeDNSServer.java" startline="232" endline="244" function="getRecords" hash="4162657142426643614"></source>
			<source file="../../workspace/dataset/test/FakeDNSServer.java" startline="261" endline="277" function="testReverseLookup" hash="6464764790577746144"></source>
		</class>
	</version>
	<version nr="630" hash="32a2842fa" evolution="Subtract" change="Same">
		<class nclones="2">
			<source file="../../workspace/dataset/test/FakeDNSServer.java" startline="61" endline="77" function="testResolveA" hash="684166709845079163"></source>
			<source file="../../workspace/dataset/test/FakeDNSServer.java" startline="213" endline="225" function="getRecords" hash="-1010938328077447741"></source>
		</class>
	</version>
	<version nr="630" hash="32a2842fa" evolution="Same" change="Consistent">
		<class nclones="2">
			<source file="../../workspace/dataset/test/FakeDNSServer.java" startline="79" endline="96" function="testResolveAAAA" hash="9056164354459818885"></source>
			<source file="../../workspace/dataset/test/FakeDNSServer.java" startline="232" endline="244" function="getRecords" hash="4162657142426643614"></source>
		</class>
	</version>
	<version nr="630" hash="32a2842fa" evolution="Add" change="Consistent">
		<class nclones="4">
			<source file="../../workspace/dataset/test/FakeDNSServer.java" startline="138" endline="149" function="getRecords" hash="9041190612020534251"></source>
			<source file="../../workspace/dataset/test/FakeDNSServer.java" startline="153" endline="169" function="testResolveCNAME" hash="2303550180091881704"></source>
			<source file="../../workspace/dataset/test/FakeDNSServer.java" startline="171" endline="187" function="testResolvePTR" hash="6464764790577746144"></source>
			<source file="../../workspace/dataset/test/FakeDNSServer.java" startline="261" endline="277" function="testReverseLookup" hash="6464764790577746144"></source>
		</class>
	</version>
	<version nr="640" hash="b0d84cefe" evolution="Add" change="Inconsistent">
		<class nclones="10">
			<source file="../../workspace/dataset/test/FakeDNSServer.java" startline="61" endline="77" function="testResolveA" hash="684166709845079163"></source>
			<source file="../../workspace/dataset/test/FakeDNSServer.java" startline="153" endline="169" function="testResolveCNAME" hash="2303550180091881704"></source>
			<source file="../../workspace/dataset/test/FakeDNSServer.java" startline="261" endline="277" function="testReverseLookup" hash="6464764790577746144"></source>
			<source file="../../workspace/dataset/test/FakeDNSServer.java" startline="229" endline="246" function="testLookup6" hash="-6349819394007142261"></source>
			<source file="../../workspace/dataset/test/FakeDNSServer.java" startline="210" endline="227" function="testLookup4" hash="-4686286654716548784"></source>
			<source file="../../workspace/dataset/test/FakeDNSServer.java" startline="98" endline="115" function="testResolveMX" hash="-7187870097331066963"></source>
			<source file="../../workspace/dataset/test/FakeDNSServer.java" startline="135" endline="151" function="testResolveNS" hash="-2912846211222800016"></source>
			<source file="../../workspace/dataset/test/FakeDNSServer.java" startline="171" endline="187" function="testResolvePTR" hash="6464764790577746144"></source>
			<source file="../../workspace/dataset/test/FakeDNSServer.java" startline="117" endline="133" function="testResolveTXT" hash="-8222687551432931166"></source>
			<source file="../../workspace/dataset/test/FakeDNSServer.java" startline="79" endline="96" function="testResolveAAAA" hash="9056164354459818885"></source>
		</class>
	</version>
	<version nr="640" hash="b0d84cefe" evolution="Subtract" change="Inconsistent">
		<class nclones="9">
			<source file="../../workspace/dataset/test/FakeDNSServer.java" startline="61" endline="77" function="testResolveA" hash="684166709845079163"></source>
			<source file="../../workspace/dataset/test/FakeDNSServer.java" startline="79" endline="96" function="testResolveAAAA" hash="9056164354459818885"></source>
			<source file="../../workspace/dataset/test/FakeDNSServer.java" startline="117" endline="133" function="testResolveTXT" hash="-8222687551432931166"></source>
			<source file="../../workspace/dataset/test/FakeDNSServer.java" startline="138" endline="149" function="getRecords" hash="9041190612020534251"></source>
			<source file="../../workspace/dataset/test/FakeDNSServer.java" startline="153" endline="169" function="testResolveCNAME" hash="2303550180091881704"></source>
			<source file="../../workspace/dataset/test/FakeDNSServer.java" startline="171" endline="187" function="testResolvePTR" hash="6464764790577746144"></source>
			<source file="../../workspace/dataset/test/FakeDNSServer.java" startline="213" endline="225" function="getRecords" hash="-1010938328077447741"></source>
			<source file="../../workspace/dataset/test/FakeDNSServer.java" startline="232" endline="244" function="getRecords" hash="4162657142426643614"></source>
			<source file="../../workspace/dataset/test/FakeDNSServer.java" startline="261" endline="277" function="testReverseLookup" hash="6464764790577746144"></source>
		</class>
	</version>
	<version nr="640" hash="b0d84cefe" evolution="Subtract" change="Same">
		<class nclones="2">
			<source file="../../workspace/dataset/test/FakeDNSServer.java" startline="61" endline="77" function="testResolveA" hash="684166709845079163"></source>
			<source file="../../workspace/dataset/test/FakeDNSServer.java" startline="213" endline="225" function="getRecords" hash="-1010938328077447741"></source>
		</class>
	</version>
	<version nr="640" hash="b0d84cefe" evolution="Same" change="Consistent">
		<class nclones="2">
			<source file="../../workspace/dataset/test/FakeDNSServer.java" startline="79" endline="96" function="testResolveAAAA" hash="9056164354459818885"></source>
			<source file="../../workspace/dataset/test/FakeDNSServer.java" startline="232" endline="244" function="getRecords" hash="4162657142426643614"></source>
		</class>
	</version>
	<version nr="640" hash="b0d84cefe" evolution="Add" change="Consistent">
		<class nclones="4">
			<source file="../../workspace/dataset/test/FakeDNSServer.java" startline="138" endline="149" function="getRecords" hash="9041190612020534251"></source>
			<source file="../../workspace/dataset/test/FakeDNSServer.java" startline="153" endline="169" function="testResolveCNAME" hash="2303550180091881704"></source>
			<source file="../../workspace/dataset/test/FakeDNSServer.java" startline="171" endline="187" function="testResolvePTR" hash="6464764790577746144"></source>
			<source file="../../workspace/dataset/test/FakeDNSServer.java" startline="261" endline="277" function="testReverseLookup" hash="6464764790577746144"></source>
		</class>
	</version>
	<version nr="650" hash="387c2403e" evolution="Add" change="Inconsistent">
		<class nclones="10">
			<source file="../../workspace/dataset/test/FakeDNSServer.java" startline="63" endline="79" function="testResolveA" hash="684166709845079163"></source>
			<source file="../../workspace/dataset/test/FakeDNSServer.java" startline="81" endline="98" function="testResolveAAAA" hash="9056164354459818885"></source>
			<source file="../../workspace/dataset/test/FakeDNSServer.java" startline="155" endline="171" function="testResolveCNAME" hash="2303550180091881704"></source>
			<source file="../../workspace/dataset/test/FakeDNSServer.java" startline="173" endline="189" function="testResolvePTR" hash="6464764790577746144"></source>
			<source file="../../workspace/dataset/test/FakeDNSServer.java" startline="212" endline="229" function="testLookup4" hash="-4686286654716548784"></source>
			<source file="../../workspace/dataset/test/FakeDNSServer.java" startline="231" endline="248" function="testLookup6" hash="-6349819394007142261"></source>
			<source file="../../workspace/dataset/test/FakeDNSServer.java" startline="137" endline="153" function="testResolveNS" hash="-2912846211222800016"></source>
			<source file="../../workspace/dataset/test/FakeDNSServer.java" startline="263" endline="279" function="testReverseLookup" hash="6464764790577746144"></source>
			<source file="../../workspace/dataset/test/FakeDNSServer.java" startline="100" endline="117" function="testResolveMX" hash="-7187870097331066963"></source>
			<source file="../../workspace/dataset/test/FakeDNSServer.java" startline="119" endline="135" function="testResolveTXT" hash="-8222687551432931166"></source>
		</class>
	</version>
	<version nr="650" hash="387c2403e" evolution="Subtract" change="Inconsistent">
		<class nclones="9">
			<source file="../../workspace/dataset/test/FakeDNSServer.java" startline="63" endline="79" function="testResolveA" hash="684166709845079163"></source>
			<source file="../../workspace/dataset/test/FakeDNSServer.java" startline="84" endline="96" function="getRecords" hash="7037387250109579180"></source>
			<source file="../../workspace/dataset/test/FakeDNSServer.java" startline="119" endline="135" function="testResolveTXT" hash="-8222687551432931166"></source>
			<source file="../../workspace/dataset/test/FakeDNSServer.java" startline="137" endline="153" function="testResolveNS" hash="-2912846211222800016"></source>
			<source file="../../workspace/dataset/test/FakeDNSServer.java" startline="158" endline="169" function="getRecords" hash="-6269652067989461973"></source>
			<source file="../../workspace/dataset/test/FakeDNSServer.java" startline="173" endline="189" function="testResolvePTR" hash="6464764790577746144"></source>
			<source file="../../workspace/dataset/test/FakeDNSServer.java" startline="215" endline="227" function="getRecords" hash="-1010938328077447741"></source>
			<source file="../../workspace/dataset/test/FakeDNSServer.java" startline="231" endline="248" function="testLookup6" hash="-6349819394007142261"></source>
			<source file="../../workspace/dataset/test/FakeDNSServer.java" startline="266" endline="277" function="getRecords" hash="4404576952831193479"></source>
		</class>
	</version>
	<version nr="650" hash="387c2403e" evolution="Subtract" change="Same">
		<class nclones="2">
			<source file="../../workspace/dataset/test/FakeDNSServer.java" startline="63" endline="79" function="testResolveA" hash="684166709845079163"></source>
			<source file="../../workspace/dataset/test/FakeDNSServer.java" startline="215" endline="227" function="getRecords" hash="-1010938328077447741"></source>
		</class>
	</version>
	<version nr="650" hash="387c2403e" evolution="Same" change="Consistent">
		<class nclones="2">
			<source file="../../workspace/dataset/test/FakeDNSServer.java" startline="84" endline="96" function="getRecords" hash="7037387250109579180"></source>
			<source file="../../workspace/dataset/test/FakeDNSServer.java" startline="231" endline="248" function="testLookup6" hash="-6349819394007142261"></source>
		</class>
	</version>
	<version nr="650" hash="387c2403e" evolution="Same" change="Consistent">
		<class nclones="2">
			<source file="../../workspace/dataset/test/FakeDNSServer.java" startline="173" endline="189" function="testResolvePTR" hash="6464764790577746144"></source>
			<source file="../../workspace/dataset/test/FakeDNSServer.java" startline="266" endline="277" function="getRecords" hash="4404576952831193479"></source>
		</class>
	</version>
	<version nr="660" hash="ca3a1380c" evolution="Add" change="Inconsistent">
		<class nclones="10">
			<source file="../../workspace/dataset/test/FakeDNSServer.java" startline="63" endline="79" function="testResolveA" hash="684166709845079163"></source>
			<source file="../../workspace/dataset/test/FakeDNSServer.java" startline="81" endline="98" function="testResolveAAAA" hash="9056164354459818885"></source>
			<source file="../../workspace/dataset/test/FakeDNSServer.java" startline="155" endline="171" function="testResolveCNAME" hash="2303550180091881704"></source>
			<source file="../../workspace/dataset/test/FakeDNSServer.java" startline="173" endline="189" function="testResolvePTR" hash="6464764790577746144"></source>
			<source file="../../workspace/dataset/test/FakeDNSServer.java" startline="212" endline="229" function="testLookup4" hash="-4686286654716548784"></source>
			<source file="../../workspace/dataset/test/FakeDNSServer.java" startline="231" endline="248" function="testLookup6" hash="-6349819394007142261"></source>
			<source file="../../workspace/dataset/test/FakeDNSServer.java" startline="137" endline="153" function="testResolveNS" hash="-2912846211222800016"></source>
			<source file="../../workspace/dataset/test/FakeDNSServer.java" startline="263" endline="279" function="testReverseLookup" hash="6464764790577746144"></source>
			<source file="../../workspace/dataset/test/FakeDNSServer.java" startline="100" endline="117" function="testResolveMX" hash="-7187870097331066963"></source>
			<source file="../../workspace/dataset/test/FakeDNSServer.java" startline="119" endline="135" function="testResolveTXT" hash="-8222687551432931166"></source>
		</class>
	</version>
	<version nr="660" hash="ca3a1380c" evolution="Subtract" change="Inconsistent">
		<class nclones="9">
			<source file="../../workspace/dataset/test/FakeDNSServer.java" startline="63" endline="79" function="testResolveA" hash="684166709845079163"></source>
			<source file="../../workspace/dataset/test/FakeDNSServer.java" startline="84" endline="96" function="getRecords" hash="7037387250109579180"></source>
			<source file="../../workspace/dataset/test/FakeDNSServer.java" startline="119" endline="135" function="testResolveTXT" hash="-8222687551432931166"></source>
			<source file="../../workspace/dataset/test/FakeDNSServer.java" startline="137" endline="153" function="testResolveNS" hash="-2912846211222800016"></source>
			<source file="../../workspace/dataset/test/FakeDNSServer.java" startline="158" endline="169" function="getRecords" hash="-6269652067989461973"></source>
			<source file="../../workspace/dataset/test/FakeDNSServer.java" startline="173" endline="189" function="testResolvePTR" hash="6464764790577746144"></source>
			<source file="../../workspace/dataset/test/FakeDNSServer.java" startline="215" endline="227" function="getRecords" hash="-1010938328077447741"></source>
			<source file="../../workspace/dataset/test/FakeDNSServer.java" startline="231" endline="248" function="testLookup6" hash="-6349819394007142261"></source>
			<source file="../../workspace/dataset/test/FakeDNSServer.java" startline="266" endline="277" function="getRecords" hash="4404576952831193479"></source>
		</class>
	</version>
	<version nr="660" hash="ca3a1380c" evolution="Subtract" change="Same">
		<class nclones="2">
			<source file="../../workspace/dataset/test/FakeDNSServer.java" startline="63" endline="79" function="testResolveA" hash="684166709845079163"></source>
			<source file="../../workspace/dataset/test/FakeDNSServer.java" startline="215" endline="227" function="getRecords" hash="-1010938328077447741"></source>
		</class>
	</version>
	<version nr="660" hash="ca3a1380c" evolution="Same" change="Consistent">
		<class nclones="2">
			<source file="../../workspace/dataset/test/FakeDNSServer.java" startline="84" endline="96" function="getRecords" hash="7037387250109579180"></source>
			<source file="../../workspace/dataset/test/FakeDNSServer.java" startline="231" endline="248" function="testLookup6" hash="-6349819394007142261"></source>
		</class>
	</version>
	<version nr="660" hash="ca3a1380c" evolution="Same" change="Consistent">
		<class nclones="2">
			<source file="../../workspace/dataset/test/FakeDNSServer.java" startline="173" endline="189" function="testResolvePTR" hash="6464764790577746144"></source>
			<source file="../../workspace/dataset/test/FakeDNSServer.java" startline="266" endline="277" function="getRecords" hash="4404576952831193479"></source>
		</class>
	</version>
	<version nr="670" hash="536c5fd5a" evolution="Add" change="Inconsistent">
		<class nclones="10">
			<source file="../../workspace/dataset/test/FakeDNSServer.java" startline="63" endline="79" function="testResolveA" hash="684166709845079163"></source>
			<source file="../../workspace/dataset/test/FakeDNSServer.java" startline="81" endline="98" function="testResolveAAAA" hash="9056164354459818885"></source>
			<source file="../../workspace/dataset/test/FakeDNSServer.java" startline="155" endline="171" function="testResolveCNAME" hash="2303550180091881704"></source>
			<source file="../../workspace/dataset/test/FakeDNSServer.java" startline="173" endline="189" function="testResolvePTR" hash="6464764790577746144"></source>
			<source file="../../workspace/dataset/test/FakeDNSServer.java" startline="212" endline="229" function="testLookup4" hash="-4686286654716548784"></source>
			<source file="../../workspace/dataset/test/FakeDNSServer.java" startline="231" endline="248" function="testLookup6" hash="-6349819394007142261"></source>
			<source file="../../workspace/dataset/test/FakeDNSServer.java" startline="137" endline="153" function="testResolveNS" hash="-2912846211222800016"></source>
			<source file="../../workspace/dataset/test/FakeDNSServer.java" startline="263" endline="279" function="testReverseLookup" hash="6464764790577746144"></source>
			<source file="../../workspace/dataset/test/FakeDNSServer.java" startline="100" endline="117" function="testResolveMX" hash="-7187870097331066963"></source>
			<source file="../../workspace/dataset/test/FakeDNSServer.java" startline="119" endline="135" function="testResolveTXT" hash="-8222687551432931166"></source>
		</class>
	</version>
	<version nr="670" hash="536c5fd5a" evolution="Subtract" change="Inconsistent">
		<class nclones="9">
			<source file="../../workspace/dataset/test/FakeDNSServer.java" startline="63" endline="79" function="testResolveA" hash="684166709845079163"></source>
			<source file="../../workspace/dataset/test/FakeDNSServer.java" startline="84" endline="96" function="getRecords" hash="7037387250109579180"></source>
			<source file="../../workspace/dataset/test/FakeDNSServer.java" startline="119" endline="135" function="testResolveTXT" hash="-8222687551432931166"></source>
			<source file="../../workspace/dataset/test/FakeDNSServer.java" startline="137" endline="153" function="testResolveNS" hash="-2912846211222800016"></source>
			<source file="../../workspace/dataset/test/FakeDNSServer.java" startline="158" endline="169" function="getRecords" hash="-6269652067989461973"></source>
			<source file="../../workspace/dataset/test/FakeDNSServer.java" startline="173" endline="189" function="testResolvePTR" hash="6464764790577746144"></source>
			<source file="../../workspace/dataset/test/FakeDNSServer.java" startline="215" endline="227" function="getRecords" hash="-1010938328077447741"></source>
			<source file="../../workspace/dataset/test/FakeDNSServer.java" startline="231" endline="248" function="testLookup6" hash="-6349819394007142261"></source>
			<source file="../../workspace/dataset/test/FakeDNSServer.java" startline="266" endline="277" function="getRecords" hash="4404576952831193479"></source>
		</class>
	</version>
	<version nr="670" hash="536c5fd5a" evolution="Subtract" change="Same">
		<class nclones="2">
			<source file="../../workspace/dataset/test/FakeDNSServer.java" startline="63" endline="79" function="testResolveA" hash="684166709845079163"></source>
			<source file="../../workspace/dataset/test/FakeDNSServer.java" startline="215" endline="227" function="getRecords" hash="-1010938328077447741"></source>
		</class>
	</version>
	<version nr="670" hash="536c5fd5a" evolution="Same" change="Consistent">
		<class nclones="2">
			<source file="../../workspace/dataset/test/FakeDNSServer.java" startline="84" endline="96" function="getRecords" hash="7037387250109579180"></source>
			<source file="../../workspace/dataset/test/FakeDNSServer.java" startline="231" endline="248" function="testLookup6" hash="-6349819394007142261"></source>
		</class>
	</version>
	<version nr="670" hash="536c5fd5a" evolution="Same" change="Consistent">
		<class nclones="2">
			<source file="../../workspace/dataset/test/FakeDNSServer.java" startline="173" endline="189" function="testResolvePTR" hash="6464764790577746144"></source>
			<source file="../../workspace/dataset/test/FakeDNSServer.java" startline="266" endline="277" function="getRecords" hash="4404576952831193479"></source>
		</class>
	</version>
	<version nr="680" hash="64246e66c" evolution="Add" change="Inconsistent">
		<class nclones="10">
			<source file="../../workspace/dataset/test/FakeDNSServer.java" startline="63" endline="79" function="testResolveA" hash="684166709845079163"></source>
			<source file="../../workspace/dataset/test/FakeDNSServer.java" startline="81" endline="98" function="testResolveAAAA" hash="9056164354459818885"></source>
			<source file="../../workspace/dataset/test/FakeDNSServer.java" startline="119" endline="135" function="testResolveTXT" hash="-8222687551432931166"></source>
			<source file="../../workspace/dataset/test/FakeDNSServer.java" startline="100" endline="117" function="testResolveMX" hash="-7187870097331066963"></source>
			<source file="../../workspace/dataset/test/FakeDNSServer.java" startline="155" endline="171" function="testResolveCNAME" hash="2303550180091881704"></source>
			<source file="../../workspace/dataset/test/FakeDNSServer.java" startline="263" endline="279" function="testReverseLookup" hash="6464764790577746144"></source>
			<source file="../../workspace/dataset/test/FakeDNSServer.java" startline="173" endline="189" function="testResolvePTR" hash="6464764790577746144"></source>
			<source file="../../workspace/dataset/test/FakeDNSServer.java" startline="212" endline="229" function="testLookup4" hash="-4686286654716548784"></source>
			<source file="../../workspace/dataset/test/FakeDNSServer.java" startline="137" endline="153" function="testResolveNS" hash="-2912846211222800016"></source>
			<source file="../../workspace/dataset/test/FakeDNSServer.java" startline="231" endline="248" function="testLookup6" hash="-6349819394007142261"></source>
		</class>
	</version>
	<version nr="680" hash="64246e66c" evolution="Subtract" change="Inconsistent">
		<class nclones="9">
			<source file="../../workspace/dataset/test/FakeDNSServer.java" startline="63" endline="79" function="testResolveA" hash="684166709845079163"></source>
			<source file="../../workspace/dataset/test/FakeDNSServer.java" startline="84" endline="96" function="getRecords" hash="7037387250109579180"></source>
			<source file="../../workspace/dataset/test/FakeDNSServer.java" startline="119" endline="135" function="testResolveTXT" hash="-8222687551432931166"></source>
			<source file="../../workspace/dataset/test/FakeDNSServer.java" startline="137" endline="153" function="testResolveNS" hash="-2912846211222800016"></source>
			<source file="../../workspace/dataset/test/FakeDNSServer.java" startline="158" endline="169" function="getRecords" hash="-6269652067989461973"></source>
			<source file="../../workspace/dataset/test/FakeDNSServer.java" startline="176" endline="187" function="getRecords" hash="4404576952831193479"></source>
			<source file="../../workspace/dataset/test/FakeDNSServer.java" startline="215" endline="227" function="getRecords" hash="-1010938328077447741"></source>
			<source file="../../workspace/dataset/test/FakeDNSServer.java" startline="231" endline="248" function="testLookup6" hash="-6349819394007142261"></source>
			<source file="../../workspace/dataset/test/FakeDNSServer.java" startline="263" endline="279" function="testReverseLookup" hash="6464764790577746144"></source>
		</class>
	</version>
	<version nr="680" hash="64246e66c" evolution="Subtract" change="Same">
		<class nclones="2">
			<source file="../../workspace/dataset/test/FakeDNSServer.java" startline="63" endline="79" function="testResolveA" hash="684166709845079163"></source>
			<source file="../../workspace/dataset/test/FakeDNSServer.java" startline="215" endline="227" function="getRecords" hash="-1010938328077447741"></source>
		</class>
	</version>
	<version nr="680" hash="64246e66c" evolution="Same" change="Consistent">
		<class nclones="2">
			<source file="../../workspace/dataset/test/FakeDNSServer.java" startline="84" endline="96" function="getRecords" hash="7037387250109579180"></source>
			<source file="../../workspace/dataset/test/FakeDNSServer.java" startline="231" endline="248" function="testLookup6" hash="-6349819394007142261"></source>
		</class>
	</version>
	<version nr="680" hash="64246e66c" evolution="Same" change="Consistent">
		<class nclones="2">
			<source file="../../workspace/dataset/test/FakeDNSServer.java" startline="176" endline="187" function="getRecords" hash="4404576952831193479"></source>
			<source file="../../workspace/dataset/test/FakeDNSServer.java" startline="263" endline="279" function="testReverseLookup" hash="6464764790577746144"></source>
		</class>
	</version>
	<version nr="690" hash="a175af312" evolution="Add" change="Inconsistent">
		<class nclones="10">
			<source file="../../workspace/dataset/test/FakeDNSServer.java" startline="63" endline="79" function="testResolveA" hash="684166709845079163"></source>
			<source file="../../workspace/dataset/test/FakeDNSServer.java" startline="100" endline="117" function="testResolveMX" hash="-7187870097331066963"></source>
			<source file="../../workspace/dataset/test/FakeDNSServer.java" startline="119" endline="135" function="testResolveTXT" hash="-8222687551432931166"></source>
			<source file="../../workspace/dataset/test/FakeDNSServer.java" startline="263" endline="279" function="testReverseLookup" hash="6464764790577746144"></source>
			<source file="../../workspace/dataset/test/FakeDNSServer.java" startline="231" endline="248" function="testLookup6" hash="-6349819394007142261"></source>
			<source file="../../workspace/dataset/test/FakeDNSServer.java" startline="81" endline="98" function="testResolveAAAA" hash="9056164354459818885"></source>
			<source file="../../workspace/dataset/test/FakeDNSServer.java" startline="137" endline="153" function="testResolveNS" hash="-2912846211222800016"></source>
			<source file="../../workspace/dataset/test/FakeDNSServer.java" startline="155" endline="171" function="testResolveCNAME" hash="2303550180091881704"></source>
			<source file="../../workspace/dataset/test/FakeDNSServer.java" startline="173" endline="189" function="testResolvePTR" hash="6464764790577746144"></source>
			<source file="../../workspace/dataset/test/FakeDNSServer.java" startline="212" endline="229" function="testLookup4" hash="-4686286654716548784"></source>
		</class>
	</version>
	<version nr="690" hash="a175af312" evolution="Subtract" change="Inconsistent">
		<class nclones="9">
			<source file="../../workspace/dataset/test/FakeDNSServer.java" startline="63" endline="79" function="testResolveA" hash="684166709845079163"></source>
			<source file="../../workspace/dataset/test/FakeDNSServer.java" startline="84" endline="96" function="getRecords" hash="7037387250109579180"></source>
			<source file="../../workspace/dataset/test/FakeDNSServer.java" startline="119" endline="135" function="testResolveTXT" hash="-8222687551432931166"></source>
			<source file="../../workspace/dataset/test/FakeDNSServer.java" startline="137" endline="153" function="testResolveNS" hash="-2912846211222800016"></source>
			<source file="../../workspace/dataset/test/FakeDNSServer.java" startline="158" endline="169" function="getRecords" hash="-6269652067989461973"></source>
			<source file="../../workspace/dataset/test/FakeDNSServer.java" startline="173" endline="189" function="testResolvePTR" hash="6464764790577746144"></source>
			<source file="../../workspace/dataset/test/FakeDNSServer.java" startline="215" endline="227" function="getRecords" hash="-1010938328077447741"></source>
			<source file="../../workspace/dataset/test/FakeDNSServer.java" startline="231" endline="248" function="testLookup6" hash="-6349819394007142261"></source>
			<source file="../../workspace/dataset/test/FakeDNSServer.java" startline="263" endline="279" function="testReverseLookup" hash="6464764790577746144"></source>
		</class>
	</version>
	<version nr="690" hash="a175af312" evolution="Subtract" change="Same">
		<class nclones="2">
			<source file="../../workspace/dataset/test/FakeDNSServer.java" startline="63" endline="79" function="testResolveA" hash="684166709845079163"></source>
			<source file="../../workspace/dataset/test/FakeDNSServer.java" startline="215" endline="227" function="getRecords" hash="-1010938328077447741"></source>
		</class>
	</version>
	<version nr="690" hash="a175af312" evolution="Same" change="Consistent">
		<class nclones="2">
			<source file="../../workspace/dataset/test/FakeDNSServer.java" startline="84" endline="96" function="getRecords" hash="7037387250109579180"></source>
			<source file="../../workspace/dataset/test/FakeDNSServer.java" startline="231" endline="248" function="testLookup6" hash="-6349819394007142261"></source>
		</class>
	</version>
	<version nr="690" hash="a175af312" evolution="Add" change="Consistent">
		<class nclones="4">
			<source file="../../workspace/dataset/test/FakeDNSServer.java" startline="137" endline="153" function="testResolveNS" hash="-2912846211222800016"></source>
			<source file="../../workspace/dataset/test/FakeDNSServer.java" startline="158" endline="169" function="getRecords" hash="-6269652067989461973"></source>
			<source file="../../workspace/dataset/test/FakeDNSServer.java" startline="173" endline="189" function="testResolvePTR" hash="6464764790577746144"></source>
			<source file="../../workspace/dataset/test/FakeDNSServer.java" startline="263" endline="279" function="testReverseLookup" hash="6464764790577746144"></source>
		</class>
	</version>
	<version nr="700" hash="dbe6ec333" evolution="Add" change="Inconsistent">
		<class nclones="10">
			<source file="../../workspace/dataset/test/FakeDNSServer.java" startline="63" endline="79" function="testResolveA" hash="684166709845079163"></source>
			<source file="../../workspace/dataset/test/FakeDNSServer.java" startline="100" endline="117" function="testResolveMX" hash="-7187870097331066963"></source>
			<source file="../../workspace/dataset/test/FakeDNSServer.java" startline="119" endline="135" function="testResolveTXT" hash="-8222687551432931166"></source>
			<source file="../../workspace/dataset/test/FakeDNSServer.java" startline="263" endline="279" function="testReverseLookup" hash="6464764790577746144"></source>
			<source file="../../workspace/dataset/test/FakeDNSServer.java" startline="231" endline="248" function="testLookup6" hash="-6349819394007142261"></source>
			<source file="../../workspace/dataset/test/FakeDNSServer.java" startline="81" endline="98" function="testResolveAAAA" hash="9056164354459818885"></source>
			<source file="../../workspace/dataset/test/FakeDNSServer.java" startline="137" endline="153" function="testResolveNS" hash="-2912846211222800016"></source>
			<source file="../../workspace/dataset/test/FakeDNSServer.java" startline="155" endline="171" function="testResolveCNAME" hash="2303550180091881704"></source>
			<source file="../../workspace/dataset/test/FakeDNSServer.java" startline="173" endline="189" function="testResolvePTR" hash="6464764790577746144"></source>
			<source file="../../workspace/dataset/test/FakeDNSServer.java" startline="212" endline="229" function="testLookup4" hash="-4686286654716548784"></source>
		</class>
	</version>
	<version nr="700" hash="dbe6ec333" evolution="Subtract" change="Inconsistent">
		<class nclones="9">
			<source file="../../workspace/dataset/test/FakeDNSServer.java" startline="63" endline="79" function="testResolveA" hash="684166709845079163"></source>
			<source file="../../workspace/dataset/test/FakeDNSServer.java" startline="84" endline="96" function="getRecords" hash="7037387250109579180"></source>
			<source file="../../workspace/dataset/test/FakeDNSServer.java" startline="119" endline="135" function="testResolveTXT" hash="-8222687551432931166"></source>
			<source file="../../workspace/dataset/test/FakeDNSServer.java" startline="137" endline="153" function="testResolveNS" hash="-2912846211222800016"></source>
			<source file="../../workspace/dataset/test/FakeDNSServer.java" startline="158" endline="169" function="getRecords" hash="-6269652067989461973"></source>
			<source file="../../workspace/dataset/test/FakeDNSServer.java" startline="173" endline="189" function="testResolvePTR" hash="6464764790577746144"></source>
			<source file="../../workspace/dataset/test/FakeDNSServer.java" startline="215" endline="227" function="getRecords" hash="-1010938328077447741"></source>
			<source file="../../workspace/dataset/test/FakeDNSServer.java" startline="231" endline="248" function="testLookup6" hash="-6349819394007142261"></source>
			<source file="../../workspace/dataset/test/FakeDNSServer.java" startline="263" endline="279" function="testReverseLookup" hash="6464764790577746144"></source>
		</class>
	</version>
	<version nr="700" hash="dbe6ec333" evolution="Subtract" change="Same">
		<class nclones="2">
			<source file="../../workspace/dataset/test/FakeDNSServer.java" startline="63" endline="79" function="testResolveA" hash="684166709845079163"></source>
			<source file="../../workspace/dataset/test/FakeDNSServer.java" startline="215" endline="227" function="getRecords" hash="-1010938328077447741"></source>
		</class>
	</version>
	<version nr="700" hash="dbe6ec333" evolution="Same" change="Consistent">
		<class nclones="2">
			<source file="../../workspace/dataset/test/FakeDNSServer.java" startline="84" endline="96" function="getRecords" hash="7037387250109579180"></source>
			<source file="../../workspace/dataset/test/FakeDNSServer.java" startline="231" endline="248" function="testLookup6" hash="-6349819394007142261"></source>
		</class>
	</version>
	<version nr="700" hash="dbe6ec333" evolution="Add" change="Consistent">
		<class nclones="4">
			<source file="../../workspace/dataset/test/FakeDNSServer.java" startline="137" endline="153" function="testResolveNS" hash="-2912846211222800016"></source>
			<source file="../../workspace/dataset/test/FakeDNSServer.java" startline="158" endline="169" function="getRecords" hash="-6269652067989461973"></source>
			<source file="../../workspace/dataset/test/FakeDNSServer.java" startline="173" endline="189" function="testResolvePTR" hash="6464764790577746144"></source>
			<source file="../../workspace/dataset/test/FakeDNSServer.java" startline="263" endline="279" function="testReverseLookup" hash="6464764790577746144"></source>
		</class>
	</version>
	<version nr="710" hash="110fba7eb" evolution="Add" change="Inconsistent">
		<class nclones="10">
			<source file="../../workspace/dataset/test/FakeDNSServer.java" startline="63" endline="79" function="testResolveA" hash="684166709845079163"></source>
			<source file="../../workspace/dataset/test/FakeDNSServer.java" startline="100" endline="117" function="testResolveMX" hash="-7187870097331066963"></source>
			<source file="../../workspace/dataset/test/FakeDNSServer.java" startline="119" endline="135" function="testResolveTXT" hash="-8222687551432931166"></source>
			<source file="../../workspace/dataset/test/FakeDNSServer.java" startline="263" endline="279" function="testReverseLookup" hash="6464764790577746144"></source>
			<source file="../../workspace/dataset/test/FakeDNSServer.java" startline="231" endline="248" function="testLookup6" hash="-6349819394007142261"></source>
			<source file="../../workspace/dataset/test/FakeDNSServer.java" startline="81" endline="98" function="testResolveAAAA" hash="9056164354459818885"></source>
			<source file="../../workspace/dataset/test/FakeDNSServer.java" startline="137" endline="153" function="testResolveNS" hash="-2912846211222800016"></source>
			<source file="../../workspace/dataset/test/FakeDNSServer.java" startline="155" endline="171" function="testResolveCNAME" hash="2303550180091881704"></source>
			<source file="../../workspace/dataset/test/FakeDNSServer.java" startline="173" endline="189" function="testResolvePTR" hash="6464764790577746144"></source>
			<source file="../../workspace/dataset/test/FakeDNSServer.java" startline="212" endline="229" function="testLookup4" hash="-4686286654716548784"></source>
		</class>
	</version>
	<version nr="710" hash="110fba7eb" evolution="Subtract" change="Inconsistent">
		<class nclones="9">
			<source file="../../workspace/dataset/test/FakeDNSServer.java" startline="63" endline="79" function="testResolveA" hash="684166709845079163"></source>
			<source file="../../workspace/dataset/test/FakeDNSServer.java" startline="84" endline="96" function="getRecords" hash="7037387250109579180"></source>
			<source file="../../workspace/dataset/test/FakeDNSServer.java" startline="119" endline="135" function="testResolveTXT" hash="-8222687551432931166"></source>
			<source file="../../workspace/dataset/test/FakeDNSServer.java" startline="137" endline="153" function="testResolveNS" hash="-2912846211222800016"></source>
			<source file="../../workspace/dataset/test/FakeDNSServer.java" startline="158" endline="169" function="getRecords" hash="-6269652067989461973"></source>
			<source file="../../workspace/dataset/test/FakeDNSServer.java" startline="173" endline="189" function="testResolvePTR" hash="6464764790577746144"></source>
			<source file="../../workspace/dataset/test/FakeDNSServer.java" startline="215" endline="227" function="getRecords" hash="-1010938328077447741"></source>
			<source file="../../workspace/dataset/test/FakeDNSServer.java" startline="231" endline="248" function="testLookup6" hash="-6349819394007142261"></source>
			<source file="../../workspace/dataset/test/FakeDNSServer.java" startline="263" endline="279" function="testReverseLookup" hash="6464764790577746144"></source>
		</class>
	</version>
	<version nr="710" hash="110fba7eb" evolution="Subtract" change="Same">
		<class nclones="2">
			<source file="../../workspace/dataset/test/FakeDNSServer.java" startline="63" endline="79" function="testResolveA" hash="684166709845079163"></source>
			<source file="../../workspace/dataset/test/FakeDNSServer.java" startline="215" endline="227" function="getRecords" hash="-1010938328077447741"></source>
		</class>
	</version>
	<version nr="710" hash="110fba7eb" evolution="Same" change="Consistent">
		<class nclones="2">
			<source file="../../workspace/dataset/test/FakeDNSServer.java" startline="84" endline="96" function="getRecords" hash="7037387250109579180"></source>
			<source file="../../workspace/dataset/test/FakeDNSServer.java" startline="231" endline="248" function="testLookup6" hash="-6349819394007142261"></source>
		</class>
	</version>
	<version nr="710" hash="110fba7eb" evolution="Add" change="Consistent">
		<class nclones="4">
			<source file="../../workspace/dataset/test/FakeDNSServer.java" startline="137" endline="153" function="testResolveNS" hash="-2912846211222800016"></source>
			<source file="../../workspace/dataset/test/FakeDNSServer.java" startline="158" endline="169" function="getRecords" hash="-6269652067989461973"></source>
			<source file="../../workspace/dataset/test/FakeDNSServer.java" startline="173" endline="189" function="testResolvePTR" hash="6464764790577746144"></source>
			<source file="../../workspace/dataset/test/FakeDNSServer.java" startline="263" endline="279" function="testReverseLookup" hash="6464764790577746144"></source>
		</class>
	</version>
	<version nr="720" hash="78dedf7fd" evolution="Add" change="Inconsistent">
		<class nclones="10">
			<source file="../../workspace/dataset/test/FakeDNSServer.java" startline="63" endline="79" function="testResolveA" hash="684166709845079163"></source>
			<source file="../../workspace/dataset/test/FakeDNSServer.java" startline="100" endline="117" function="testResolveMX" hash="-7187870097331066963"></source>
			<source file="../../workspace/dataset/test/FakeDNSServer.java" startline="119" endline="135" function="testResolveTXT" hash="-8222687551432931166"></source>
			<source file="../../workspace/dataset/test/FakeDNSServer.java" startline="263" endline="279" function="testReverseLookup" hash="6464764790577746144"></source>
			<source file="../../workspace/dataset/test/FakeDNSServer.java" startline="231" endline="248" function="testLookup6" hash="-6349819394007142261"></source>
			<source file="../../workspace/dataset/test/FakeDNSServer.java" startline="81" endline="98" function="testResolveAAAA" hash="9056164354459818885"></source>
			<source file="../../workspace/dataset/test/FakeDNSServer.java" startline="137" endline="153" function="testResolveNS" hash="-2912846211222800016"></source>
			<source file="../../workspace/dataset/test/FakeDNSServer.java" startline="155" endline="171" function="testResolveCNAME" hash="2303550180091881704"></source>
			<source file="../../workspace/dataset/test/FakeDNSServer.java" startline="173" endline="189" function="testResolvePTR" hash="6464764790577746144"></source>
			<source file="../../workspace/dataset/test/FakeDNSServer.java" startline="212" endline="229" function="testLookup4" hash="-4686286654716548784"></source>
		</class>
	</version>
	<version nr="720" hash="78dedf7fd" evolution="Subtract" change="Inconsistent">
		<class nclones="4">
			<source file="../../workspace/dataset/test/FakeDNSServer.java" startline="137" endline="153" function="testResolveNS" hash="-2912846211222800016"></source>
			<source file="../../workspace/dataset/test/FakeDNSServer.java" startline="158" endline="169" function="getRecords" hash="-6269652067989461973"></source>
			<source file="../../workspace/dataset/test/FakeDNSServer.java" startline="173" endline="189" function="testResolvePTR" hash="6464764790577746144"></source>
			<source file="../../workspace/dataset/test/FakeDNSServer.java" startline="263" endline="279" function="testReverseLookup" hash="6464764790577746144"></source>
		</class>
	</version>
	<version nr="730" hash="9a48d5298" evolution="Add" change="Inconsistent">
		<class nclones="10">
			<source file="../../workspace/dataset/test/FakeDNSServer.java" startline="63" endline="79" function="testResolveA" hash="684166709845079163"></source>
			<source file="../../workspace/dataset/test/FakeDNSServer.java" startline="100" endline="117" function="testResolveMX" hash="-7187870097331066963"></source>
			<source file="../../workspace/dataset/test/FakeDNSServer.java" startline="119" endline="135" function="testResolveTXT" hash="-8222687551432931166"></source>
			<source file="../../workspace/dataset/test/FakeDNSServer.java" startline="263" endline="279" function="testReverseLookup" hash="6464764790577746144"></source>
			<source file="../../workspace/dataset/test/FakeDNSServer.java" startline="231" endline="248" function="testLookup6" hash="-6349819394007142261"></source>
			<source file="../../workspace/dataset/test/FakeDNSServer.java" startline="81" endline="98" function="testResolveAAAA" hash="9056164354459818885"></source>
			<source file="../../workspace/dataset/test/FakeDNSServer.java" startline="137" endline="153" function="testResolveNS" hash="-2912846211222800016"></source>
			<source file="../../workspace/dataset/test/FakeDNSServer.java" startline="155" endline="171" function="testResolveCNAME" hash="2303550180091881704"></source>
			<source file="../../workspace/dataset/test/FakeDNSServer.java" startline="173" endline="189" function="testResolvePTR" hash="6464764790577746144"></source>
			<source file="../../workspace/dataset/test/FakeDNSServer.java" startline="212" endline="229" function="testLookup4" hash="-4686286654716548784"></source>
		</class>
	</version>
	<version nr="730" hash="9a48d5298" evolution="Subtract" change="Inconsistent">
		<class nclones="4">
			<source file="../../workspace/dataset/test/FakeDNSServer.java" startline="137" endline="153" function="testResolveNS" hash="-2912846211222800016"></source>
			<source file="../../workspace/dataset/test/FakeDNSServer.java" startline="158" endline="169" function="getRecords" hash="-6269652067989461973"></source>
			<source file="../../workspace/dataset/test/FakeDNSServer.java" startline="173" endline="189" function="testResolvePTR" hash="6464764790577746144"></source>
			<source file="../../workspace/dataset/test/FakeDNSServer.java" startline="263" endline="279" function="testReverseLookup" hash="6464764790577746144"></source>
		</class>
	</version>
	<version nr="740" hash="991296401" evolution="Add" change="Inconsistent">
		<class nclones="10">
			<source file="../../workspace/dataset/test/FakeDNSServer.java" startline="63" endline="79" function="testResolveA" hash="684166709845079163"></source>
			<source file="../../workspace/dataset/test/FakeDNSServer.java" startline="100" endline="117" function="testResolveMX" hash="-7187870097331066963"></source>
			<source file="../../workspace/dataset/test/FakeDNSServer.java" startline="263" endline="279" function="testReverseLookup" hash="6464764790577746144"></source>
			<source file="../../workspace/dataset/test/FakeDNSServer.java" startline="81" endline="98" function="testResolveAAAA" hash="9056164354459818885"></source>
			<source file="../../workspace/dataset/test/FakeDNSServer.java" startline="137" endline="153" function="testResolveNS" hash="-2912846211222800016"></source>
			<source file="../../workspace/dataset/test/FakeDNSServer.java" startline="119" endline="135" function="testResolveTXT" hash="-8222687551432931166"></source>
			<source file="../../workspace/dataset/test/FakeDNSServer.java" startline="155" endline="171" function="testResolveCNAME" hash="2303550180091881704"></source>
			<source file="../../workspace/dataset/test/FakeDNSServer.java" startline="173" endline="189" function="testResolvePTR" hash="6464764790577746144"></source>
			<source file="../../workspace/dataset/test/FakeDNSServer.java" startline="212" endline="229" function="testLookup4" hash="-4686286654716548784"></source>
			<source file="../../workspace/dataset/test/FakeDNSServer.java" startline="231" endline="248" function="testLookup6" hash="-6349819394007142261"></source>
		</class>
	</version>
	<version nr="740" hash="991296401" evolution="Subtract" change="Inconsistent">
		<class nclones="2">
			<source file="../../workspace/dataset/test/FakeDNSServer.java" startline="176" endline="187" function="getRecords" hash="4404576952831193479"></source>
			<source file="../../workspace/dataset/test/FakeDNSServer.java" startline="263" endline="279" function="testReverseLookup" hash="6464764790577746144"></source>
		</class>
	</version>
	<version nr="750" hash="9d0255696" evolution="Add" change="Inconsistent">
		<class nclones="10">
			<source file="../../workspace/dataset/test/FakeDNSServer.java" startline="63" endline="79" function="testResolveA" hash="684166709845079163"></source>
			<source file="../../workspace/dataset/test/FakeDNSServer.java" startline="100" endline="117" function="testResolveMX" hash="-7187870097331066963"></source>
			<source file="../../workspace/dataset/test/FakeDNSServer.java" startline="263" endline="279" function="testReverseLookup" hash="6464764790577746144"></source>
			<source file="../../workspace/dataset/test/FakeDNSServer.java" startline="81" endline="98" function="testResolveAAAA" hash="9056164354459818885"></source>
			<source file="../../workspace/dataset/test/FakeDNSServer.java" startline="137" endline="153" function="testResolveNS" hash="-2912846211222800016"></source>
			<source file="../../workspace/dataset/test/FakeDNSServer.java" startline="119" endline="135" function="testResolveTXT" hash="-8222687551432931166"></source>
			<source file="../../workspace/dataset/test/FakeDNSServer.java" startline="155" endline="171" function="testResolveCNAME" hash="2303550180091881704"></source>
			<source file="../../workspace/dataset/test/FakeDNSServer.java" startline="173" endline="189" function="testResolvePTR" hash="6464764790577746144"></source>
			<source file="../../workspace/dataset/test/FakeDNSServer.java" startline="212" endline="229" function="testLookup4" hash="-4686286654716548784"></source>
			<source file="../../workspace/dataset/test/FakeDNSServer.java" startline="231" endline="248" function="testLookup6" hash="-6349819394007142261"></source>
		</class>
	</version>
	<version nr="750" hash="9d0255696" evolution="Subtract" change="Inconsistent">
		<class nclones="2">
			<source file="../../workspace/dataset/test/FakeDNSServer.java" startline="176" endline="187" function="getRecords" hash="4404576952831193479"></source>
			<source file="../../workspace/dataset/test/FakeDNSServer.java" startline="263" endline="279" function="testReverseLookup" hash="6464764790577746144"></source>
		</class>
	</version>
	<version nr="760" hash="4bff6f4e4" evolution="Add" change="Inconsistent">
		<class nclones="10">
			<source file="../../workspace/dataset/test/FakeDNSServer.java" startline="63" endline="79" function="testResolveA" hash="684166709845079163"></source>
			<source file="../../workspace/dataset/test/FakeDNSServer.java" startline="100" endline="117" function="testResolveMX" hash="-7187870097331066963"></source>
			<source file="../../workspace/dataset/test/FakeDNSServer.java" startline="263" endline="279" function="testReverseLookup" hash="6464764790577746144"></source>
			<source file="../../workspace/dataset/test/FakeDNSServer.java" startline="81" endline="98" function="testResolveAAAA" hash="9056164354459818885"></source>
			<source file="../../workspace/dataset/test/FakeDNSServer.java" startline="137" endline="153" function="testResolveNS" hash="-2912846211222800016"></source>
			<source file="../../workspace/dataset/test/FakeDNSServer.java" startline="119" endline="135" function="testResolveTXT" hash="-8222687551432931166"></source>
			<source file="../../workspace/dataset/test/FakeDNSServer.java" startline="155" endline="171" function="testResolveCNAME" hash="2303550180091881704"></source>
			<source file="../../workspace/dataset/test/FakeDNSServer.java" startline="173" endline="189" function="testResolvePTR" hash="6464764790577746144"></source>
			<source file="../../workspace/dataset/test/FakeDNSServer.java" startline="212" endline="229" function="testLookup4" hash="-4686286654716548784"></source>
			<source file="../../workspace/dataset/test/FakeDNSServer.java" startline="231" endline="248" function="testLookup6" hash="-6349819394007142261"></source>
		</class>
	</version>
	<version nr="760" hash="4bff6f4e4" evolution="Subtract" change="Inconsistent">
		<class nclones="2">
			<source file="../../workspace/dataset/test/FakeDNSServer.java" startline="176" endline="187" function="getRecords" hash="4404576952831193479"></source>
			<source file="../../workspace/dataset/test/FakeDNSServer.java" startline="263" endline="279" function="testReverseLookup" hash="6464764790577746144"></source>
		</class>
	</version>
	<version nr="770" hash="82c8821ea" evolution="Add" change="Inconsistent">
		<class nclones="10">
			<source file="../../workspace/dataset/test/FakeDNSServer.java" startline="63" endline="79" function="testResolveA" hash="684166709845079163"></source>
			<source file="../../workspace/dataset/test/FakeDNSServer.java" startline="100" endline="117" function="testResolveMX" hash="-7187870097331066963"></source>
			<source file="../../workspace/dataset/test/FakeDNSServer.java" startline="263" endline="279" function="testReverseLookup" hash="6464764790577746144"></source>
			<source file="../../workspace/dataset/test/FakeDNSServer.java" startline="81" endline="98" function="testResolveAAAA" hash="9056164354459818885"></source>
			<source file="../../workspace/dataset/test/FakeDNSServer.java" startline="137" endline="153" function="testResolveNS" hash="-2912846211222800016"></source>
			<source file="../../workspace/dataset/test/FakeDNSServer.java" startline="119" endline="135" function="testResolveTXT" hash="-8222687551432931166"></source>
			<source file="../../workspace/dataset/test/FakeDNSServer.java" startline="155" endline="171" function="testResolveCNAME" hash="2303550180091881704"></source>
			<source file="../../workspace/dataset/test/FakeDNSServer.java" startline="173" endline="189" function="testResolvePTR" hash="6464764790577746144"></source>
			<source file="../../workspace/dataset/test/FakeDNSServer.java" startline="212" endline="229" function="testLookup4" hash="-4686286654716548784"></source>
			<source file="../../workspace/dataset/test/FakeDNSServer.java" startline="231" endline="248" function="testLookup6" hash="-6349819394007142261"></source>
		</class>
	</version>
	<version nr="770" hash="82c8821ea" evolution="Subtract" change="Inconsistent">
		<class nclones="2">
			<source file="../../workspace/dataset/test/FakeDNSServer.java" startline="176" endline="187" function="getRecords" hash="4404576952831193479"></source>
			<source file="../../workspace/dataset/test/FakeDNSServer.java" startline="263" endline="279" function="testReverseLookup" hash="6464764790577746144"></source>
		</class>
	</version>
	<version nr="780" hash="5177e8fba" evolution="Add" change="Inconsistent">
		<class nclones="10">
			<source file="../../workspace/dataset/test/FakeDNSServer.java" startline="63" endline="79" function="testResolveA" hash="684166709845079163"></source>
			<source file="../../workspace/dataset/test/FakeDNSServer.java" startline="100" endline="117" function="testResolveMX" hash="-7187870097331066963"></source>
			<source file="../../workspace/dataset/test/FakeDNSServer.java" startline="263" endline="279" function="testReverseLookup" hash="6464764790577746144"></source>
			<source file="../../workspace/dataset/test/FakeDNSServer.java" startline="81" endline="98" function="testResolveAAAA" hash="9056164354459818885"></source>
			<source file="../../workspace/dataset/test/FakeDNSServer.java" startline="137" endline="153" function="testResolveNS" hash="-2912846211222800016"></source>
			<source file="../../workspace/dataset/test/FakeDNSServer.java" startline="119" endline="135" function="testResolveTXT" hash="-8222687551432931166"></source>
			<source file="../../workspace/dataset/test/FakeDNSServer.java" startline="155" endline="171" function="testResolveCNAME" hash="2303550180091881704"></source>
			<source file="../../workspace/dataset/test/FakeDNSServer.java" startline="173" endline="189" function="testResolvePTR" hash="6464764790577746144"></source>
			<source file="../../workspace/dataset/test/FakeDNSServer.java" startline="212" endline="229" function="testLookup4" hash="-4686286654716548784"></source>
			<source file="../../workspace/dataset/test/FakeDNSServer.java" startline="231" endline="248" function="testLookup6" hash="-6349819394007142261"></source>
		</class>
	</version>
	<version nr="780" hash="5177e8fba" evolution="Subtract" change="Inconsistent">
		<class nclones="2">
			<source file="../../workspace/dataset/test/FakeDNSServer.java" startline="176" endline="187" function="getRecords" hash="4404576952831193479"></source>
			<source file="../../workspace/dataset/test/FakeDNSServer.java" startline="263" endline="279" function="testReverseLookup" hash="6464764790577746144"></source>
		</class>
	</version>
	<version nr="790" hash="1a555deec" evolution="Add" change="Inconsistent">
		<class nclones="10">
			<source file="../../workspace/dataset/test/FakeDNSServer.java" startline="63" endline="79" function="testResolveA" hash="684166709845079163"></source>
			<source file="../../workspace/dataset/test/FakeDNSServer.java" startline="100" endline="117" function="testResolveMX" hash="-7187870097331066963"></source>
			<source file="../../workspace/dataset/test/FakeDNSServer.java" startline="263" endline="279" function="testReverseLookup" hash="6464764790577746144"></source>
			<source file="../../workspace/dataset/test/FakeDNSServer.java" startline="81" endline="98" function="testResolveAAAA" hash="9056164354459818885"></source>
			<source file="../../workspace/dataset/test/FakeDNSServer.java" startline="137" endline="153" function="testResolveNS" hash="-2912846211222800016"></source>
			<source file="../../workspace/dataset/test/FakeDNSServer.java" startline="119" endline="135" function="testResolveTXT" hash="-8222687551432931166"></source>
			<source file="../../workspace/dataset/test/FakeDNSServer.java" startline="155" endline="171" function="testResolveCNAME" hash="2303550180091881704"></source>
			<source file="../../workspace/dataset/test/FakeDNSServer.java" startline="173" endline="189" function="testResolvePTR" hash="6464764790577746144"></source>
			<source file="../../workspace/dataset/test/FakeDNSServer.java" startline="212" endline="229" function="testLookup4" hash="-4686286654716548784"></source>
			<source file="../../workspace/dataset/test/FakeDNSServer.java" startline="231" endline="248" function="testLookup6" hash="-6349819394007142261"></source>
		</class>
	</version>
	<version nr="790" hash="1a555deec" evolution="Subtract" change="Inconsistent">
		<class nclones="2">
			<source file="../../workspace/dataset/test/FakeDNSServer.java" startline="176" endline="187" function="getRecords" hash="4404576952831193479"></source>
			<source file="../../workspace/dataset/test/FakeDNSServer.java" startline="263" endline="279" function="testReverseLookup" hash="6464764790577746144"></source>
		</class>
	</version>
	<version nr="800" hash="38968977e" evolution="Add" change="Inconsistent">
		<class nclones="10">
			<source file="../../workspace/dataset/test/FakeDNSServer.java" startline="63" endline="79" function="testResolveA" hash="684166709845079163"></source>
			<source file="../../workspace/dataset/test/FakeDNSServer.java" startline="100" endline="117" function="testResolveMX" hash="-7187870097331066963"></source>
			<source file="../../workspace/dataset/test/FakeDNSServer.java" startline="119" endline="135" function="testResolveTXT" hash="-8222687551432931166"></source>
			<source file="../../workspace/dataset/test/FakeDNSServer.java" startline="81" endline="98" function="testResolveAAAA" hash="9056164354459818885"></source>
			<source file="../../workspace/dataset/test/FakeDNSServer.java" startline="137" endline="153" function="testResolveNS" hash="-2912846211222800016"></source>
			<source file="../../workspace/dataset/test/FakeDNSServer.java" startline="155" endline="171" function="testResolveCNAME" hash="2303550180091881704"></source>
			<source file="../../workspace/dataset/test/FakeDNSServer.java" startline="173" endline="189" function="testResolvePTR" hash="6464764790577746144"></source>
			<source file="../../workspace/dataset/test/FakeDNSServer.java" startline="263" endline="279" function="testReverseLookup" hash="6464764790577746144"></source>
			<source file="../../workspace/dataset/test/FakeDNSServer.java" startline="212" endline="229" function="testLookup4" hash="-4686286654716548784"></source>
			<source file="../../workspace/dataset/test/FakeDNSServer.java" startline="231" endline="248" function="testLookup6" hash="-6349819394007142261"></source>
		</class>
	</version>
	<version nr="800" hash="38968977e" evolution="Subtract" change="Inconsistent">
		<class nclones="2">
			<source file="../../workspace/dataset/test/FakeDNSServer.java" startline="176" endline="187" function="getRecords" hash="4404576952831193479"></source>
			<source file="../../workspace/dataset/test/FakeDNSServer.java" startline="263" endline="279" function="testReverseLookup" hash="6464764790577746144"></source>
		</class>
	</version>
	<version nr="810" hash="04b57a268" evolution="Add" change="Inconsistent">
		<class nclones="10">
			<source file="../../workspace/dataset/test/FakeDNSServer.java" startline="63" endline="79" function="testResolveA" hash="684166709845079163"></source>
			<source file="../../workspace/dataset/test/FakeDNSServer.java" startline="100" endline="117" function="testResolveMX" hash="-7187870097331066963"></source>
			<source file="../../workspace/dataset/test/FakeDNSServer.java" startline="119" endline="135" function="testResolveTXT" hash="-8222687551432931166"></source>
			<source file="../../workspace/dataset/test/FakeDNSServer.java" startline="81" endline="98" function="testResolveAAAA" hash="9056164354459818885"></source>
			<source file="../../workspace/dataset/test/FakeDNSServer.java" startline="137" endline="153" function="testResolveNS" hash="-2912846211222800016"></source>
			<source file="../../workspace/dataset/test/FakeDNSServer.java" startline="155" endline="171" function="testResolveCNAME" hash="2303550180091881704"></source>
			<source file="../../workspace/dataset/test/FakeDNSServer.java" startline="173" endline="189" function="testResolvePTR" hash="6464764790577746144"></source>
			<source file="../../workspace/dataset/test/FakeDNSServer.java" startline="263" endline="279" function="testReverseLookup" hash="6464764790577746144"></source>
			<source file="../../workspace/dataset/test/FakeDNSServer.java" startline="212" endline="229" function="testLookup4" hash="-4686286654716548784"></source>
			<source file="../../workspace/dataset/test/FakeDNSServer.java" startline="231" endline="248" function="testLookup6" hash="-6349819394007142261"></source>
		</class>
	</version>
	<version nr="810" hash="04b57a268" evolution="Subtract" change="Inconsistent">
		<class nclones="2">
			<source file="../../workspace/dataset/test/FakeDNSServer.java" startline="176" endline="187" function="getRecords" hash="4404576952831193479"></source>
			<source file="../../workspace/dataset/test/FakeDNSServer.java" startline="263" endline="279" function="testReverseLookup" hash="6464764790577746144"></source>
		</class>
	</version>
	<version nr="820" hash="fe8bf4032" evolution="Add" change="Inconsistent">
		<class nclones="10">
			<source file="../../workspace/dataset/test/FakeDNSServer.java" startline="63" endline="79" function="testResolveA" hash="684166709845079163"></source>
			<source file="../../workspace/dataset/test/FakeDNSServer.java" startline="100" endline="117" function="testResolveMX" hash="-7187870097331066963"></source>
			<source file="../../workspace/dataset/test/FakeDNSServer.java" startline="119" endline="135" function="testResolveTXT" hash="-8222687551432931166"></source>
			<source file="../../workspace/dataset/test/FakeDNSServer.java" startline="81" endline="98" function="testResolveAAAA" hash="9056164354459818885"></source>
			<source file="../../workspace/dataset/test/FakeDNSServer.java" startline="137" endline="153" function="testResolveNS" hash="-2912846211222800016"></source>
			<source file="../../workspace/dataset/test/FakeDNSServer.java" startline="155" endline="171" function="testResolveCNAME" hash="2303550180091881704"></source>
			<source file="../../workspace/dataset/test/FakeDNSServer.java" startline="173" endline="189" function="testResolvePTR" hash="6464764790577746144"></source>
			<source file="../../workspace/dataset/test/FakeDNSServer.java" startline="263" endline="279" function="testReverseLookup" hash="6464764790577746144"></source>
			<source file="../../workspace/dataset/test/FakeDNSServer.java" startline="212" endline="229" function="testLookup4" hash="-4686286654716548784"></source>
			<source file="../../workspace/dataset/test/FakeDNSServer.java" startline="231" endline="248" function="testLookup6" hash="-6349819394007142261"></source>
		</class>
	</version>
	<version nr="820" hash="fe8bf4032" evolution="Subtract" change="Inconsistent">
		<class nclones="2">
			<source file="../../workspace/dataset/test/FakeDNSServer.java" startline="176" endline="187" function="getRecords" hash="4404576952831193479"></source>
			<source file="../../workspace/dataset/test/FakeDNSServer.java" startline="263" endline="279" function="testReverseLookup" hash="6464764790577746144"></source>
		</class>
	</version>
	<version nr="830" hash="0b7d73b8e" evolution="Add" change="Inconsistent">
		<class nclones="10">
			<source file="../../workspace/dataset/test/FakeDNSServer.java" startline="63" endline="79" function="testResolveA" hash="684166709845079163"></source>
			<source file="../../workspace/dataset/test/FakeDNSServer.java" startline="100" endline="117" function="testResolveMX" hash="-7187870097331066963"></source>
			<source file="../../workspace/dataset/test/FakeDNSServer.java" startline="119" endline="135" function="testResolveTXT" hash="-8222687551432931166"></source>
			<source file="../../workspace/dataset/test/FakeDNSServer.java" startline="81" endline="98" function="testResolveAAAA" hash="9056164354459818885"></source>
			<source file="../../workspace/dataset/test/FakeDNSServer.java" startline="137" endline="153" function="testResolveNS" hash="-2912846211222800016"></source>
			<source file="../../workspace/dataset/test/FakeDNSServer.java" startline="155" endline="171" function="testResolveCNAME" hash="2303550180091881704"></source>
			<source file="../../workspace/dataset/test/FakeDNSServer.java" startline="173" endline="189" function="testResolvePTR" hash="6464764790577746144"></source>
			<source file="../../workspace/dataset/test/FakeDNSServer.java" startline="263" endline="279" function="testReverseLookup" hash="6464764790577746144"></source>
			<source file="../../workspace/dataset/test/FakeDNSServer.java" startline="212" endline="229" function="testLookup4" hash="-4686286654716548784"></source>
			<source file="../../workspace/dataset/test/FakeDNSServer.java" startline="231" endline="248" function="testLookup6" hash="-6349819394007142261"></source>
		</class>
	</version>
	<version nr="830" hash="0b7d73b8e" evolution="Subtract" change="Inconsistent">
		<class nclones="2">
			<source file="../../workspace/dataset/test/FakeDNSServer.java" startline="176" endline="187" function="getRecords" hash="4404576952831193479"></source>
			<source file="../../workspace/dataset/test/FakeDNSServer.java" startline="263" endline="279" function="testReverseLookup" hash="6464764790577746144"></source>
		</class>
	</version>
	<version nr="840" hash="ca777e3d4" evolution="Add" change="Inconsistent">
		<class nclones="10">
			<source file="../../workspace/dataset/test/FakeDNSServer.java" startline="63" endline="79" function="testResolveA" hash="684166709845079163"></source>
			<source file="../../workspace/dataset/test/FakeDNSServer.java" startline="100" endline="117" function="testResolveMX" hash="-7187870097331066963"></source>
			<source file="../../workspace/dataset/test/FakeDNSServer.java" startline="119" endline="135" function="testResolveTXT" hash="-8222687551432931166"></source>
			<source file="../../workspace/dataset/test/FakeDNSServer.java" startline="81" endline="98" function="testResolveAAAA" hash="9056164354459818885"></source>
			<source file="../../workspace/dataset/test/FakeDNSServer.java" startline="137" endline="153" function="testResolveNS" hash="-2912846211222800016"></source>
			<source file="../../workspace/dataset/test/FakeDNSServer.java" startline="155" endline="171" function="testResolveCNAME" hash="2303550180091881704"></source>
			<source file="../../workspace/dataset/test/FakeDNSServer.java" startline="173" endline="189" function="testResolvePTR" hash="6464764790577746144"></source>
			<source file="../../workspace/dataset/test/FakeDNSServer.java" startline="263" endline="279" function="testReverseLookup" hash="6464764790577746144"></source>
			<source file="../../workspace/dataset/test/FakeDNSServer.java" startline="212" endline="229" function="testLookup4" hash="-4686286654716548784"></source>
			<source file="../../workspace/dataset/test/FakeDNSServer.java" startline="231" endline="248" function="testLookup6" hash="-6349819394007142261"></source>
		</class>
	</version>
	<version nr="840" hash="ca777e3d4" evolution="Subtract" change="Inconsistent">
		<class nclones="2">
			<source file="../../workspace/dataset/test/FakeDNSServer.java" startline="176" endline="187" function="getRecords" hash="4404576952831193479"></source>
			<source file="../../workspace/dataset/test/FakeDNSServer.java" startline="263" endline="279" function="testReverseLookup" hash="6464764790577746144"></source>
		</class>
	</version>
	<version nr="850" hash="5edbfd591" evolution="Add" change="Inconsistent">
		<class nclones="10">
			<source file="../../workspace/dataset/test/FakeDNSServer.java" startline="63" endline="79" function="testResolveA" hash="684166709845079163"></source>
			<source file="../../workspace/dataset/test/FakeDNSServer.java" startline="137" endline="153" function="testResolveNS" hash="-2912846211222800016"></source>
			<source file="../../workspace/dataset/test/FakeDNSServer.java" startline="231" endline="248" function="testLookup6" hash="-6349819394007142261"></source>
			<source file="../../workspace/dataset/test/FakeDNSServer.java" startline="81" endline="98" function="testResolveAAAA" hash="9056164354459818885"></source>
			<source file="../../workspace/dataset/test/FakeDNSServer.java" startline="155" endline="171" function="testResolveCNAME" hash="2303550180091881704"></source>
			<source file="../../workspace/dataset/test/FakeDNSServer.java" startline="119" endline="135" function="testResolveTXT" hash="-8222687551432931166"></source>
			<source file="../../workspace/dataset/test/FakeDNSServer.java" startline="173" endline="189" function="testResolvePTR" hash="6464764790577746144"></source>
			<source file="../../workspace/dataset/test/FakeDNSServer.java" startline="212" endline="229" function="testLookup4" hash="-4686286654716548784"></source>
			<source file="../../workspace/dataset/test/FakeDNSServer.java" startline="263" endline="279" function="testReverseLookup" hash="6464764790577746144"></source>
			<source file="../../workspace/dataset/test/FakeDNSServer.java" startline="100" endline="117" function="testResolveMX" hash="-7187870097331066963"></source>
		</class>
	</version>
	<version nr="850" hash="5edbfd591" evolution="Subtract" change="Inconsistent">
		<class nclones="2">
			<source file="../../workspace/dataset/test/FakeDNSServer.java" startline="176" endline="187" function="getRecords" hash="4404576952831193479"></source>
			<source file="../../workspace/dataset/test/FakeDNSServer.java" startline="263" endline="279" function="testReverseLookup" hash="6464764790577746144"></source>
		</class>
	</version>
	<version nr="860" hash="e36a3ecb7" evolution="Add" change="Inconsistent">
		<class nclones="10">
			<source file="../../workspace/dataset/test/FakeDNSServer.java" startline="63" endline="79" function="testResolveA" hash="684166709845079163"></source>
			<source file="../../workspace/dataset/test/FakeDNSServer.java" startline="263" endline="279" function="testReverseLookup" hash="6464764790577746144"></source>
			<source file="../../workspace/dataset/test/FakeDNSServer.java" startline="119" endline="135" function="testResolveTXT" hash="-8222687551432931166"></source>
			<source file="../../workspace/dataset/test/FakeDNSServer.java" startline="231" endline="248" function="testLookup6" hash="-6349819394007142261"></source>
			<source file="../../workspace/dataset/test/FakeDNSServer.java" startline="155" endline="171" function="testResolveCNAME" hash="2303550180091881704"></source>
			<source file="../../workspace/dataset/test/FakeDNSServer.java" startline="212" endline="229" function="testLookup4" hash="-4686286654716548784"></source>
			<source file="../../workspace/dataset/test/FakeDNSServer.java" startline="100" endline="117" function="testResolveMX" hash="-7187870097331066963"></source>
			<source file="../../workspace/dataset/test/FakeDNSServer.java" startline="81" endline="98" function="testResolveAAAA" hash="9056164354459818885"></source>
			<source file="../../workspace/dataset/test/FakeDNSServer.java" startline="137" endline="153" function="testResolveNS" hash="-2912846211222800016"></source>
			<source file="../../workspace/dataset/test/FakeDNSServer.java" startline="173" endline="189" function="testResolvePTR" hash="6464764790577746144"></source>
		</class>
	</version>
	<version nr="860" hash="e36a3ecb7" evolution="Subtract" change="Inconsistent">
		<class nclones="2">
			<source file="../../workspace/dataset/test/FakeDNSServer.java" startline="176" endline="187" function="getRecords" hash="4404576952831193479"></source>
			<source file="../../workspace/dataset/test/FakeDNSServer.java" startline="263" endline="279" function="testReverseLookup" hash="6464764790577746144"></source>
		</class>
	</version>
	<version nr="870" hash="1e838dde1" evolution="Add" change="Inconsistent">
		<class nclones="10">
			<source file="../../workspace/dataset/test/FakeDNSServer.java" startline="63" endline="79" function="testResolveA" hash="684166709845079163"></source>
			<source file="../../workspace/dataset/test/FakeDNSServer.java" startline="231" endline="248" function="testLookup6" hash="-6349819394007142261"></source>
			<source file="../../workspace/dataset/test/FakeDNSServer.java" startline="137" endline="153" function="testResolveNS" hash="-2912846211222800016"></source>
			<source file="../../workspace/dataset/test/FakeDNSServer.java" startline="263" endline="279" function="testReverseLookup" hash="6464764790577746144"></source>
			<source file="../../workspace/dataset/test/FakeDNSServer.java" startline="155" endline="171" function="testResolveCNAME" hash="2303550180091881704"></source>
			<source file="../../workspace/dataset/test/FakeDNSServer.java" startline="173" endline="189" function="testResolvePTR" hash="6464764790577746144"></source>
			<source file="../../workspace/dataset/test/FakeDNSServer.java" startline="119" endline="135" function="testResolveTXT" hash="-8222687551432931166"></source>
			<source file="../../workspace/dataset/test/FakeDNSServer.java" startline="212" endline="229" function="testLookup4" hash="-4686286654716548784"></source>
			<source file="../../workspace/dataset/test/FakeDNSServer.java" startline="81" endline="98" function="testResolveAAAA" hash="9056164354459818885"></source>
			<source file="../../workspace/dataset/test/FakeDNSServer.java" startline="100" endline="117" function="testResolveMX" hash="-7187870097331066963"></source>
		</class>
	</version>
	<version nr="870" hash="1e838dde1" evolution="Subtract" change="Inconsistent">
		<class nclones="2">
			<source file="../../workspace/dataset/test/FakeDNSServer.java" startline="176" endline="187" function="getRecords" hash="4404576952831193479"></source>
			<source file="../../workspace/dataset/test/FakeDNSServer.java" startline="263" endline="279" function="testReverseLookup" hash="6464764790577746144"></source>
		</class>
	</version>
	<version nr="880" hash="38e8f65ba" evolution="Add" change="Inconsistent">
		<class nclones="10">
			<source file="../../workspace/dataset/test/FakeDNSServer.java" startline="63" endline="79" function="testResolveA" hash="684166709845079163"></source>
			<source file="../../workspace/dataset/test/FakeDNSServer.java" startline="100" endline="117" function="testResolveMX" hash="-7187870097331066963"></source>
			<source file="../../workspace/dataset/test/FakeDNSServer.java" startline="81" endline="98" function="testResolveAAAA" hash="9056164354459818885"></source>
			<source file="../../workspace/dataset/test/FakeDNSServer.java" startline="231" endline="248" function="testLookup6" hash="-6349819394007142261"></source>
			<source file="../../workspace/dataset/test/FakeDNSServer.java" startline="212" endline="229" function="testLookup4" hash="-4686286654716548784"></source>
			<source file="../../workspace/dataset/test/FakeDNSServer.java" startline="263" endline="279" function="testReverseLookup" hash="6464764790577746144"></source>
			<source file="../../workspace/dataset/test/FakeDNSServer.java" startline="119" endline="135" function="testResolveTXT" hash="-8222687551432931166"></source>
			<source file="../../workspace/dataset/test/FakeDNSServer.java" startline="173" endline="189" function="testResolvePTR" hash="6464764790577746144"></source>
			<source file="../../workspace/dataset/test/FakeDNSServer.java" startline="155" endline="171" function="testResolveCNAME" hash="2303550180091881704"></source>
			<source file="../../workspace/dataset/test/FakeDNSServer.java" startline="137" endline="153" function="testResolveNS" hash="-2912846211222800016"></source>
		</class>
	</version>
	<version nr="880" hash="38e8f65ba" evolution="Subtract" change="Inconsistent">
		<class nclones="2">
			<source file="../../workspace/dataset/test/FakeDNSServer.java" startline="176" endline="187" function="getRecords" hash="4404576952831193479"></source>
			<source file="../../workspace/dataset/test/FakeDNSServer.java" startline="263" endline="279" function="testReverseLookup" hash="6464764790577746144"></source>
		</class>
	</version>
	<version nr="890" hash="7eedb314f" evolution="Add" change="Inconsistent">
		<class nclones="10">
			<source file="../../workspace/dataset/test/FakeDNSServer.java" startline="63" endline="79" function="testResolveA" hash="684166709845079163"></source>
			<source file="../../workspace/dataset/test/FakeDNSServer.java" startline="155" endline="171" function="testResolveCNAME" hash="2303550180091881704"></source>
			<source file="../../workspace/dataset/test/FakeDNSServer.java" startline="212" endline="229" function="testLookup4" hash="-4686286654716548784"></source>
			<source file="../../workspace/dataset/test/FakeDNSServer.java" startline="81" endline="98" function="testResolveAAAA" hash="9056164354459818885"></source>
			<source file="../../workspace/dataset/test/FakeDNSServer.java" startline="263" endline="279" function="testReverseLookup" hash="6464764790577746144"></source>
			<source file="../../workspace/dataset/test/FakeDNSServer.java" startline="173" endline="189" function="testResolvePTR" hash="6464764790577746144"></source>
			<source file="../../workspace/dataset/test/FakeDNSServer.java" startline="137" endline="153" function="testResolveNS" hash="-2912846211222800016"></source>
			<source file="../../workspace/dataset/test/FakeDNSServer.java" startline="119" endline="135" function="testResolveTXT" hash="-8222687551432931166"></source>
			<source file="../../workspace/dataset/test/FakeDNSServer.java" startline="231" endline="248" function="testLookup6" hash="-6349819394007142261"></source>
			<source file="../../workspace/dataset/test/FakeDNSServer.java" startline="100" endline="117" function="testResolveMX" hash="-7187870097331066963"></source>
		</class>
	</version>
	<version nr="890" hash="7eedb314f" evolution="Subtract" change="Inconsistent">
		<class nclones="2">
			<source file="../../workspace/dataset/test/FakeDNSServer.java" startline="176" endline="187" function="getRecords" hash="4404576952831193479"></source>
			<source file="../../workspace/dataset/test/FakeDNSServer.java" startline="263" endline="279" function="testReverseLookup" hash="6464764790577746144"></source>
		</class>
	</version>
	<version nr="900" hash="39487f911" evolution="Add" change="Inconsistent">
		<class nclones="10">
			<source file="../../workspace/dataset/test/FakeDNSServer.java" startline="63" endline="79" function="testResolveA" hash="684166709845079163"></source>
			<source file="../../workspace/dataset/test/FakeDNSServer.java" startline="263" endline="279" function="testReverseLookup" hash="6464764790577746144"></source>
			<source file="../../workspace/dataset/test/FakeDNSServer.java" startline="100" endline="117" function="testResolveMX" hash="-7187870097331066963"></source>
			<source file="../../workspace/dataset/test/FakeDNSServer.java" startline="119" endline="135" function="testResolveTXT" hash="-8222687551432931166"></source>
			<source file="../../workspace/dataset/test/FakeDNSServer.java" startline="173" endline="189" function="testResolvePTR" hash="6464764790577746144"></source>
			<source file="../../workspace/dataset/test/FakeDNSServer.java" startline="212" endline="229" function="testLookup4" hash="-4686286654716548784"></source>
			<source file="../../workspace/dataset/test/FakeDNSServer.java" startline="81" endline="98" function="testResolveAAAA" hash="9056164354459818885"></source>
			<source file="../../workspace/dataset/test/FakeDNSServer.java" startline="155" endline="171" function="testResolveCNAME" hash="2303550180091881704"></source>
			<source file="../../workspace/dataset/test/FakeDNSServer.java" startline="137" endline="153" function="testResolveNS" hash="-2912846211222800016"></source>
			<source file="../../workspace/dataset/test/FakeDNSServer.java" startline="231" endline="248" function="testLookup6" hash="-6349819394007142261"></source>
		</class>
	</version>
	<version nr="910" hash="6f08587f2" evolution="Same" change="Same">
		<class nclones="10">
			<source file="../../workspace/dataset/test/FakeDNSServer.java" startline="63" endline="79" function="testResolveA" hash="684166709845079163"></source>
			<source file="../../workspace/dataset/test/FakeDNSServer.java" startline="212" endline="229" function="testLookup4" hash="-4686286654716548784"></source>
			<source file="../../workspace/dataset/test/FakeDNSServer.java" startline="263" endline="279" function="testReverseLookup" hash="6464764790577746144"></source>
			<source file="../../workspace/dataset/test/FakeDNSServer.java" startline="155" endline="171" function="testResolveCNAME" hash="2303550180091881704"></source>
			<source file="../../workspace/dataset/test/FakeDNSServer.java" startline="173" endline="189" function="testResolvePTR" hash="6464764790577746144"></source>
			<source file="../../workspace/dataset/test/FakeDNSServer.java" startline="137" endline="153" function="testResolveNS" hash="-2912846211222800016"></source>
			<source file="../../workspace/dataset/test/FakeDNSServer.java" startline="119" endline="135" function="testResolveTXT" hash="-8222687551432931166"></source>
			<source file="../../workspace/dataset/test/FakeDNSServer.java" startline="231" endline="248" function="testLookup6" hash="-6349819394007142261"></source>
			<source file="../../workspace/dataset/test/FakeDNSServer.java" startline="81" endline="98" function="testResolveAAAA" hash="9056164354459818885"></source>
			<source file="../../workspace/dataset/test/FakeDNSServer.java" startline="100" endline="117" function="testResolveMX" hash="-7187870097331066963"></source>
		</class>
	</version>
	<version nr="910" hash="6f08587f2" evolution="Subtract" change="Inconsistent">
		<class nclones="2">
			<source file="../../workspace/dataset/test/FakeDNSServer.java" startline="66" endline="77" function="getRecords" hash="1035055056266409882"></source>
			<source file="../../workspace/dataset/test/FakeDNSServer.java" startline="212" endline="229" function="testLookup4" hash="-4686286654716548784"></source>
		</class>
	</version>
	<version nr="920" hash="6b63dc8f9" evolution="Add" change="Inconsistent">
		<class nclones="10">
			<source file="../../workspace/dataset/test/FakeDNSServer.java" startline="63" endline="79" function="testResolveA" hash="684166709845079163"></source>
			<source file="../../workspace/dataset/test/FakeDNSServer.java" startline="81" endline="98" function="testResolveAAAA" hash="9056164354459818885"></source>
			<source file="../../workspace/dataset/test/FakeDNSServer.java" startline="155" endline="171" function="testResolveCNAME" hash="2303550180091881704"></source>
			<source file="../../workspace/dataset/test/FakeDNSServer.java" startline="119" endline="135" function="testResolveTXT" hash="-8222687551432931166"></source>
			<source file="../../workspace/dataset/test/FakeDNSServer.java" startline="263" endline="279" function="testReverseLookup" hash="6464764790577746144"></source>
			<source file="../../workspace/dataset/test/FakeDNSServer.java" startline="137" endline="153" function="testResolveNS" hash="-2912846211222800016"></source>
			<source file="../../workspace/dataset/test/FakeDNSServer.java" startline="212" endline="229" function="testLookup4" hash="-4686286654716548784"></source>
			<source file="../../workspace/dataset/test/FakeDNSServer.java" startline="100" endline="117" function="testResolveMX" hash="-7187870097331066963"></source>
			<source file="../../workspace/dataset/test/FakeDNSServer.java" startline="173" endline="189" function="testResolvePTR" hash="6464764790577746144"></source>
			<source file="../../workspace/dataset/test/FakeDNSServer.java" startline="231" endline="248" function="testLookup6" hash="-6349819394007142261"></source>
		</class>
	</version>
	<version nr="920" hash="6b63dc8f9" evolution="Subtract" change="Inconsistent">
		<class nclones="2">
			<source file="../../workspace/dataset/test/FakeDNSServer.java" startline="66" endline="77" function="getRecords" hash="1035055056266409882"></source>
			<source file="../../workspace/dataset/test/FakeDNSServer.java" startline="212" endline="229" function="testLookup4" hash="-4686286654716548784"></source>
		</class>
	</version>
	<version nr="930" hash="37fa8d37f" evolution="Add" change="Inconsistent">
		<class nclones="10">
			<source file="../../workspace/dataset/test/FakeDNSServer.java" startline="63" endline="79" function="testResolveA" hash="684166709845079163"></source>
			<source file="../../workspace/dataset/test/FakeDNSServer.java" startline="81" endline="98" function="testResolveAAAA" hash="9056164354459818885"></source>
			<source file="../../workspace/dataset/test/FakeDNSServer.java" startline="155" endline="171" function="testResolveCNAME" hash="2303550180091881704"></source>
			<source file="../../workspace/dataset/test/FakeDNSServer.java" startline="119" endline="135" function="testResolveTXT" hash="-8222687551432931166"></source>
			<source file="../../workspace/dataset/test/FakeDNSServer.java" startline="263" endline="279" function="testReverseLookup" hash="6464764790577746144"></source>
			<source file="../../workspace/dataset/test/FakeDNSServer.java" startline="137" endline="153" function="testResolveNS" hash="-2912846211222800016"></source>
			<source file="../../workspace/dataset/test/FakeDNSServer.java" startline="212" endline="229" function="testLookup4" hash="-4686286654716548784"></source>
			<source file="../../workspace/dataset/test/FakeDNSServer.java" startline="100" endline="117" function="testResolveMX" hash="-7187870097331066963"></source>
			<source file="../../workspace/dataset/test/FakeDNSServer.java" startline="173" endline="189" function="testResolvePTR" hash="6464764790577746144"></source>
			<source file="../../workspace/dataset/test/FakeDNSServer.java" startline="231" endline="248" function="testLookup6" hash="-6349819394007142261"></source>
		</class>
	</version>
	<version nr="930" hash="37fa8d37f" evolution="Subtract" change="Inconsistent">
		<class nclones="2">
			<source file="../../workspace/dataset/test/FakeDNSServer.java" startline="66" endline="77" function="getRecords" hash="1035055056266409882"></source>
			<source file="../../workspace/dataset/test/FakeDNSServer.java" startline="212" endline="229" function="testLookup4" hash="-4686286654716548784"></source>
		</class>
	</version>
	<version nr="940" hash="9774c0da0" evolution="Add" change="Inconsistent">
		<class nclones="10">
			<source file="../../workspace/dataset/test/FakeDNSServer.java" startline="63" endline="79" function="testResolveA" hash="684166709845079163"></source>
			<source file="../../workspace/dataset/test/FakeDNSServer.java" startline="81" endline="98" function="testResolveAAAA" hash="9056164354459818885"></source>
			<source file="../../workspace/dataset/test/FakeDNSServer.java" startline="263" endline="279" function="testReverseLookup" hash="6464764790577746144"></source>
			<source file="../../workspace/dataset/test/FakeDNSServer.java" startline="100" endline="117" function="testResolveMX" hash="-7187870097331066963"></source>
			<source file="../../workspace/dataset/test/FakeDNSServer.java" startline="231" endline="248" function="testLookup6" hash="-6349819394007142261"></source>
			<source file="../../workspace/dataset/test/FakeDNSServer.java" startline="119" endline="135" function="testResolveTXT" hash="-8222687551432931166"></source>
			<source file="../../workspace/dataset/test/FakeDNSServer.java" startline="212" endline="229" function="testLookup4" hash="-4686286654716548784"></source>
			<source file="../../workspace/dataset/test/FakeDNSServer.java" startline="173" endline="189" function="testResolvePTR" hash="6464764790577746144"></source>
			<source file="../../workspace/dataset/test/FakeDNSServer.java" startline="155" endline="171" function="testResolveCNAME" hash="2303550180091881704"></source>
			<source file="../../workspace/dataset/test/FakeDNSServer.java" startline="137" endline="153" function="testResolveNS" hash="-2912846211222800016"></source>
		</class>
	</version>
	<version nr="940" hash="9774c0da0" evolution="Subtract" change="Inconsistent">
		<class nclones="2">
			<source file="../../workspace/dataset/test/FakeDNSServer.java" startline="66" endline="77" function="getRecords" hash="1035055056266409882"></source>
			<source file="../../workspace/dataset/test/FakeDNSServer.java" startline="212" endline="229" function="testLookup4" hash="-4686286654716548784"></source>
		</class>
	</version>
	<version nr="950" hash="b4bc6849b" evolution="Add" change="Inconsistent">
		<class nclones="10">
			<source file="../../workspace/dataset/test/FakeDNSServer.java" startline="63" endline="79" function="testResolveA" hash="684166709845079163"></source>
			<source file="../../workspace/dataset/test/FakeDNSServer.java" startline="212" endline="229" function="testLookup4" hash="-4686286654716548784"></source>
			<source file="../../workspace/dataset/test/FakeDNSServer.java" startline="263" endline="279" function="testReverseLookup" hash="6464764790577746144"></source>
			<source file="../../workspace/dataset/test/FakeDNSServer.java" startline="100" endline="117" function="testResolveMX" hash="-7187870097331066963"></source>
			<source file="../../workspace/dataset/test/FakeDNSServer.java" startline="231" endline="248" function="testLookup6" hash="-6349819394007142261"></source>
			<source file="../../workspace/dataset/test/FakeDNSServer.java" startline="155" endline="171" function="testResolveCNAME" hash="2303550180091881704"></source>
			<source file="../../workspace/dataset/test/FakeDNSServer.java" startline="173" endline="189" function="testResolvePTR" hash="6464764790577746144"></source>
			<source file="../../workspace/dataset/test/FakeDNSServer.java" startline="81" endline="98" function="testResolveAAAA" hash="9056164354459818885"></source>
			<source file="../../workspace/dataset/test/FakeDNSServer.java" startline="137" endline="153" function="testResolveNS" hash="-2912846211222800016"></source>
			<source file="../../workspace/dataset/test/FakeDNSServer.java" startline="119" endline="135" function="testResolveTXT" hash="-8222687551432931166"></source>
		</class>
	</version>
	<version nr="950" hash="b4bc6849b" evolution="Subtract" change="Inconsistent">
		<class nclones="2">
			<source file="../../workspace/dataset/test/FakeDNSServer.java" startline="66" endline="77" function="getRecords" hash="1035055056266409882"></source>
			<source file="../../workspace/dataset/test/FakeDNSServer.java" startline="212" endline="229" function="testLookup4" hash="-4686286654716548784"></source>
		</class>
	</version>
	<version nr="960" hash="148111ab3" evolution="Add" change="Inconsistent">
		<class nclones="10">
			<source file="../../workspace/dataset/test/FakeDNSServer.java" startline="63" endline="79" function="testResolveA" hash="684166709845079163"></source>
			<source file="../../workspace/dataset/test/FakeDNSServer.java" startline="212" endline="229" function="testLookup4" hash="-4686286654716548784"></source>
			<source file="../../workspace/dataset/test/FakeDNSServer.java" startline="263" endline="279" function="testReverseLookup" hash="6464764790577746144"></source>
			<source file="../../workspace/dataset/test/FakeDNSServer.java" startline="100" endline="117" function="testResolveMX" hash="-7187870097331066963"></source>
			<source file="../../workspace/dataset/test/FakeDNSServer.java" startline="231" endline="248" function="testLookup6" hash="-6349819394007142261"></source>
			<source file="../../workspace/dataset/test/FakeDNSServer.java" startline="155" endline="171" function="testResolveCNAME" hash="2303550180091881704"></source>
			<source file="../../workspace/dataset/test/FakeDNSServer.java" startline="173" endline="189" function="testResolvePTR" hash="6464764790577746144"></source>
			<source file="../../workspace/dataset/test/FakeDNSServer.java" startline="81" endline="98" function="testResolveAAAA" hash="9056164354459818885"></source>
			<source file="../../workspace/dataset/test/FakeDNSServer.java" startline="137" endline="153" function="testResolveNS" hash="-2912846211222800016"></source>
			<source file="../../workspace/dataset/test/FakeDNSServer.java" startline="119" endline="135" function="testResolveTXT" hash="-8222687551432931166"></source>
		</class>
	</version>
	<version nr="970" hash="a8da72327" evolution="Same" change="Same">
		<class nclones="10">
			<source file="../../workspace/dataset/test/FakeDNSServer.java" startline="63" endline="79" function="testResolveA" hash="684166709845079163"></source>
			<source file="../../workspace/dataset/test/FakeDNSServer.java" startline="119" endline="135" function="testResolveTXT" hash="-8222687551432931166"></source>
			<source file="../../workspace/dataset/test/FakeDNSServer.java" startline="212" endline="229" function="testLookup4" hash="-4686286654716548784"></source>
			<source file="../../workspace/dataset/test/FakeDNSServer.java" startline="100" endline="117" function="testResolveMX" hash="-7187870097331066963"></source>
			<source file="../../workspace/dataset/test/FakeDNSServer.java" startline="81" endline="98" function="testResolveAAAA" hash="9056164354459818885"></source>
			<source file="../../workspace/dataset/test/FakeDNSServer.java" startline="231" endline="248" function="testLookup6" hash="-6349819394007142261"></source>
			<source file="../../workspace/dataset/test/FakeDNSServer.java" startline="173" endline="189" function="testResolvePTR" hash="6464764790577746144"></source>
			<source file="../../workspace/dataset/test/FakeDNSServer.java" startline="155" endline="171" function="testResolveCNAME" hash="2303550180091881704"></source>
			<source file="../../workspace/dataset/test/FakeDNSServer.java" startline="263" endline="279" function="testReverseLookup" hash="6464764790577746144"></source>
			<source file="../../workspace/dataset/test/FakeDNSServer.java" startline="137" endline="153" function="testResolveNS" hash="-2912846211222800016"></source>
		</class>
	</version>
	<version nr="970" hash="a8da72327" evolution="Subtract" change="Inconsistent">
		<class nclones="2">
			<source file="../../workspace/dataset/test/FakeDNSServer.java" startline="63" endline="79" function="testResolveA" hash="684166709845079163"></source>
			<source file="../../workspace/dataset/test/FakeDNSServer.java" startline="84" endline="96" function="getRecords" hash="7037387250109579180"></source>
		</class>
	</version>
	<version nr="970" hash="a8da72327" evolution="Same" change="Inconsistent">
		<class nclones="2">
			<source file="../../workspace/dataset/test/FakeDNSServer.java" startline="84" endline="96" function="getRecords" hash="7037387250109579180"></source>
			<source file="../../workspace/dataset/test/FakeDNSServer.java" startline="231" endline="248" function="testLookup6" hash="-6349819394007142261"></source>
		</class>
	</version>
	<version nr="980" hash="31dfe4b3f" evolution="Add" change="Inconsistent">
		<class nclones="10">
			<source file="../../workspace/dataset/test/FakeDNSServer.java" startline="63" endline="79" function="testResolveA" hash="684166709845079163"></source>
			<source file="../../workspace/dataset/test/FakeDNSServer.java" startline="100" endline="117" function="testResolveMX" hash="-7187870097331066963"></source>
			<source file="../../workspace/dataset/test/FakeDNSServer.java" startline="173" endline="189" function="testResolvePTR" hash="6464764790577746144"></source>
			<source file="../../workspace/dataset/test/FakeDNSServer.java" startline="263" endline="279" function="testReverseLookup" hash="6464764790577746144"></source>
			<source file="../../workspace/dataset/test/FakeDNSServer.java" startline="137" endline="153" function="testResolveNS" hash="-2912846211222800016"></source>
			<source file="../../workspace/dataset/test/FakeDNSServer.java" startline="81" endline="98" function="testResolveAAAA" hash="9056164354459818885"></source>
			<source file="../../workspace/dataset/test/FakeDNSServer.java" startline="119" endline="135" function="testResolveTXT" hash="-8222687551432931166"></source>
			<source file="../../workspace/dataset/test/FakeDNSServer.java" startline="155" endline="171" function="testResolveCNAME" hash="2303550180091881704"></source>
			<source file="../../workspace/dataset/test/FakeDNSServer.java" startline="231" endline="248" function="testLookup6" hash="-6349819394007142261"></source>
			<source file="../../workspace/dataset/test/FakeDNSServer.java" startline="212" endline="229" function="testLookup4" hash="-4686286654716548784"></source>
		</class>
	</version>
	<version nr="980" hash="31dfe4b3f" evolution="Subtract" change="Inconsistent">
		<class nclones="2">
			<source file="../../workspace/dataset/test/FakeDNSServer.java" startline="63" endline="79" function="testResolveA" hash="684166709845079163"></source>
			<source file="../../workspace/dataset/test/FakeDNSServer.java" startline="84" endline="96" function="getRecords" hash="7037387250109579180"></source>
		</class>
	</version>
	<version nr="980" hash="31dfe4b3f" evolution="Same" change="Inconsistent">
		<class nclones="2">
			<source file="../../workspace/dataset/test/FakeDNSServer.java" startline="84" endline="96" function="getRecords" hash="7037387250109579180"></source>
			<source file="../../workspace/dataset/test/FakeDNSServer.java" startline="231" endline="248" function="testLookup6" hash="-6349819394007142261"></source>
		</class>
	</version>
	<version nr="990" hash="6a866ed44" evolution="Add" change="Inconsistent">
		<class nclones="10">
			<source file="../../workspace/dataset/test/FakeDNSServer.java" startline="63" endline="79" function="testResolveA" hash="684166709845079163"></source>
			<source file="../../workspace/dataset/test/FakeDNSServer.java" startline="100" endline="117" function="testResolveMX" hash="-7187870097331066963"></source>
			<source file="../../workspace/dataset/test/FakeDNSServer.java" startline="173" endline="189" function="testResolvePTR" hash="6464764790577746144"></source>
			<source file="../../workspace/dataset/test/FakeDNSServer.java" startline="263" endline="279" function="testReverseLookup" hash="6464764790577746144"></source>
			<source file="../../workspace/dataset/test/FakeDNSServer.java" startline="137" endline="153" function="testResolveNS" hash="-2912846211222800016"></source>
			<source file="../../workspace/dataset/test/FakeDNSServer.java" startline="81" endline="98" function="testResolveAAAA" hash="9056164354459818885"></source>
			<source file="../../workspace/dataset/test/FakeDNSServer.java" startline="231" endline="248" function="testLookup6" hash="-6349819394007142261"></source>
			<source file="../../workspace/dataset/test/FakeDNSServer.java" startline="119" endline="135" function="testResolveTXT" hash="-8222687551432931166"></source>
			<source file="../../workspace/dataset/test/FakeDNSServer.java" startline="155" endline="171" function="testResolveCNAME" hash="2303550180091881704"></source>
			<source file="../../workspace/dataset/test/FakeDNSServer.java" startline="212" endline="229" function="testLookup4" hash="-4686286654716548784"></source>
		</class>
	</version>
	<version nr="990" hash="6a866ed44" evolution="Subtract" change="Inconsistent">
		<class nclones="2">
			<source file="../../workspace/dataset/test/FakeDNSServer.java" startline="63" endline="79" function="testResolveA" hash="684166709845079163"></source>
			<source file="../../workspace/dataset/test/FakeDNSServer.java" startline="84" endline="96" function="getRecords" hash="7037387250109579180"></source>
		</class>
	</version>
	<version nr="990" hash="6a866ed44" evolution="Same" change="Inconsistent">
		<class nclones="2">
			<source file="../../workspace/dataset/test/FakeDNSServer.java" startline="84" endline="96" function="getRecords" hash="7037387250109579180"></source>
			<source file="../../workspace/dataset/test/FakeDNSServer.java" startline="231" endline="248" function="testLookup6" hash="-6349819394007142261"></source>
		</class>
	</version>
	<version nr="1000" hash="e6a291fa6" evolution="Add" change="Inconsistent">
		<class nclones="10">
			<source file="../../workspace/dataset/test/FakeDNSServer.java" startline="63" endline="79" function="testResolveA" hash="684166709845079163"></source>
			<source file="../../workspace/dataset/test/FakeDNSServer.java" startline="100" endline="117" function="testResolveMX" hash="-7187870097331066963"></source>
			<source file="../../workspace/dataset/test/FakeDNSServer.java" startline="173" endline="189" function="testResolvePTR" hash="6464764790577746144"></source>
			<source file="../../workspace/dataset/test/FakeDNSServer.java" startline="263" endline="279" function="testReverseLookup" hash="6464764790577746144"></source>
			<source file="../../workspace/dataset/test/FakeDNSServer.java" startline="137" endline="153" function="testResolveNS" hash="-2912846211222800016"></source>
			<source file="../../workspace/dataset/test/FakeDNSServer.java" startline="81" endline="98" function="testResolveAAAA" hash="9056164354459818885"></source>
			<source file="../../workspace/dataset/test/FakeDNSServer.java" startline="231" endline="248" function="testLookup6" hash="-6349819394007142261"></source>
			<source file="../../workspace/dataset/test/FakeDNSServer.java" startline="119" endline="135" function="testResolveTXT" hash="-8222687551432931166"></source>
			<source file="../../workspace/dataset/test/FakeDNSServer.java" startline="155" endline="171" function="testResolveCNAME" hash="2303550180091881704"></source>
			<source file="../../workspace/dataset/test/FakeDNSServer.java" startline="212" endline="229" function="testLookup4" hash="-4686286654716548784"></source>
		</class>
	</version>
	<version nr="1000" hash="e6a291fa6" evolution="Subtract" change="Inconsistent">
		<class nclones="2">
			<source file="../../workspace/dataset/test/FakeDNSServer.java" startline="63" endline="79" function="testResolveA" hash="684166709845079163"></source>
			<source file="../../workspace/dataset/test/FakeDNSServer.java" startline="84" endline="96" function="getRecords" hash="7037387250109579180"></source>
		</class>
	</version>
	<version nr="1000" hash="e6a291fa6" evolution="Same" change="Inconsistent">
		<class nclones="2">
			<source file="../../workspace/dataset/test/FakeDNSServer.java" startline="84" endline="96" function="getRecords" hash="7037387250109579180"></source>
			<source file="../../workspace/dataset/test/FakeDNSServer.java" startline="231" endline="248" function="testLookup6" hash="-6349819394007142261"></source>
		</class>
	</version>
	<version nr="1010" hash="4ee8000b0" evolution="Add" change="Inconsistent">
		<class nclones="10">
			<source file="../../workspace/dataset/test/FakeDNSServer.java" startline="63" endline="79" function="testResolveA" hash="684166709845079163"></source>
			<source file="../../workspace/dataset/test/FakeDNSServer.java" startline="100" endline="117" function="testResolveMX" hash="-7187870097331066963"></source>
			<source file="../../workspace/dataset/test/FakeDNSServer.java" startline="173" endline="189" function="testResolvePTR" hash="6464764790577746144"></source>
			<source file="../../workspace/dataset/test/FakeDNSServer.java" startline="263" endline="279" function="testReverseLookup" hash="6464764790577746144"></source>
			<source file="../../workspace/dataset/test/FakeDNSServer.java" startline="137" endline="153" function="testResolveNS" hash="-2912846211222800016"></source>
			<source file="../../workspace/dataset/test/FakeDNSServer.java" startline="81" endline="98" function="testResolveAAAA" hash="9056164354459818885"></source>
			<source file="../../workspace/dataset/test/FakeDNSServer.java" startline="231" endline="248" function="testLookup6" hash="-6349819394007142261"></source>
			<source file="../../workspace/dataset/test/FakeDNSServer.java" startline="119" endline="135" function="testResolveTXT" hash="-8222687551432931166"></source>
			<source file="../../workspace/dataset/test/FakeDNSServer.java" startline="155" endline="171" function="testResolveCNAME" hash="2303550180091881704"></source>
			<source file="../../workspace/dataset/test/FakeDNSServer.java" startline="212" endline="229" function="testLookup4" hash="-4686286654716548784"></source>
		</class>
	</version>
	<version nr="1010" hash="4ee8000b0" evolution="Subtract" change="Inconsistent">
		<class nclones="2">
			<source file="../../workspace/dataset/test/FakeDNSServer.java" startline="63" endline="79" function="testResolveA" hash="684166709845079163"></source>
			<source file="../../workspace/dataset/test/FakeDNSServer.java" startline="84" endline="96" function="getRecords" hash="7037387250109579180"></source>
		</class>
	</version>
	<version nr="1010" hash="4ee8000b0" evolution="Same" change="Inconsistent">
		<class nclones="2">
			<source file="../../workspace/dataset/test/FakeDNSServer.java" startline="84" endline="96" function="getRecords" hash="7037387250109579180"></source>
			<source file="../../workspace/dataset/test/FakeDNSServer.java" startline="231" endline="248" function="testLookup6" hash="-6349819394007142261"></source>
		</class>
	</version>
	<version nr="1020" hash="551574f63" evolution="Add" change="Inconsistent">
		<class nclones="10">
			<source file="../../workspace/dataset/test/FakeDNSServer.java" startline="63" endline="79" function="testResolveA" hash="684166709845079163"></source>
			<source file="../../workspace/dataset/test/FakeDNSServer.java" startline="100" endline="117" function="testResolveMX" hash="-7187870097331066963"></source>
			<source file="../../workspace/dataset/test/FakeDNSServer.java" startline="173" endline="189" function="testResolvePTR" hash="6464764790577746144"></source>
			<source file="../../workspace/dataset/test/FakeDNSServer.java" startline="263" endline="279" function="testReverseLookup" hash="6464764790577746144"></source>
			<source file="../../workspace/dataset/test/FakeDNSServer.java" startline="137" endline="153" function="testResolveNS" hash="-2912846211222800016"></source>
			<source file="../../workspace/dataset/test/FakeDNSServer.java" startline="81" endline="98" function="testResolveAAAA" hash="9056164354459818885"></source>
			<source file="../../workspace/dataset/test/FakeDNSServer.java" startline="231" endline="248" function="testLookup6" hash="-6349819394007142261"></source>
			<source file="../../workspace/dataset/test/FakeDNSServer.java" startline="119" endline="135" function="testResolveTXT" hash="-8222687551432931166"></source>
			<source file="../../workspace/dataset/test/FakeDNSServer.java" startline="155" endline="171" function="testResolveCNAME" hash="2303550180091881704"></source>
			<source file="../../workspace/dataset/test/FakeDNSServer.java" startline="212" endline="229" function="testLookup4" hash="-4686286654716548784"></source>
		</class>
	</version>
	<version nr="1020" hash="551574f63" evolution="Subtract" change="Inconsistent">
		<class nclones="2">
			<source file="../../workspace/dataset/test/FakeDNSServer.java" startline="63" endline="79" function="testResolveA" hash="684166709845079163"></source>
			<source file="../../workspace/dataset/test/FakeDNSServer.java" startline="84" endline="96" function="getRecords" hash="7037387250109579180"></source>
		</class>
	</version>
	<version nr="1020" hash="551574f63" evolution="Same" change="Inconsistent">
		<class nclones="2">
			<source file="../../workspace/dataset/test/FakeDNSServer.java" startline="84" endline="96" function="getRecords" hash="7037387250109579180"></source>
			<source file="../../workspace/dataset/test/FakeDNSServer.java" startline="231" endline="248" function="testLookup6" hash="-6349819394007142261"></source>
		</class>
	</version>
	<version nr="1030" hash="d2eed896a" evolution="Add" change="Inconsistent">
		<class nclones="10">
			<source file="../../workspace/dataset/test/FakeDNSServer.java" startline="63" endline="79" function="testResolveA" hash="684166709845079163"></source>
			<source file="../../workspace/dataset/test/FakeDNSServer.java" startline="212" endline="229" function="testLookup4" hash="-4686286654716548784"></source>
			<source file="../../workspace/dataset/test/FakeDNSServer.java" startline="100" endline="117" function="testResolveMX" hash="-7187870097331066963"></source>
			<source file="../../workspace/dataset/test/FakeDNSServer.java" startline="231" endline="248" function="testLookup6" hash="-6349819394007142261"></source>
			<source file="../../workspace/dataset/test/FakeDNSServer.java" startline="81" endline="98" function="testResolveAAAA" hash="9056164354459818885"></source>
			<source file="../../workspace/dataset/test/FakeDNSServer.java" startline="137" endline="153" function="testResolveNS" hash="-2912846211222800016"></source>
			<source file="../../workspace/dataset/test/FakeDNSServer.java" startline="173" endline="189" function="testResolvePTR" hash="6464764790577746144"></source>
			<source file="../../workspace/dataset/test/FakeDNSServer.java" startline="155" endline="171" function="testResolveCNAME" hash="2303550180091881704"></source>
			<source file="../../workspace/dataset/test/FakeDNSServer.java" startline="119" endline="135" function="testResolveTXT" hash="-8222687551432931166"></source>
			<source file="../../workspace/dataset/test/FakeDNSServer.java" startline="263" endline="279" function="testReverseLookup" hash="6464764790577746144"></source>
		</class>
	</version>
	<version nr="1030" hash="d2eed896a" evolution="Subtract" change="Inconsistent">
		<class nclones="2">
			<source file="../../workspace/dataset/test/FakeDNSServer.java" startline="63" endline="79" function="testResolveA" hash="684166709845079163"></source>
			<source file="../../workspace/dataset/test/FakeDNSServer.java" startline="84" endline="96" function="getRecords" hash="7037387250109579180"></source>
		</class>
	</version>
	<version nr="1030" hash="d2eed896a" evolution="Same" change="Inconsistent">
		<class nclones="2">
			<source file="../../workspace/dataset/test/FakeDNSServer.java" startline="84" endline="96" function="getRecords" hash="7037387250109579180"></source>
			<source file="../../workspace/dataset/test/FakeDNSServer.java" startline="231" endline="248" function="testLookup6" hash="-6349819394007142261"></source>
		</class>
	</version>
	<version nr="1040" hash="6beb9ce58" evolution="Add" change="Inconsistent">
		<class nclones="10">
			<source file="../../workspace/dataset/test/FakeDNSServer.java" startline="63" endline="79" function="testResolveA" hash="684166709845079163"></source>
			<source file="../../workspace/dataset/test/FakeDNSServer.java" startline="212" endline="229" function="testLookup4" hash="-4686286654716548784"></source>
			<source file="../../workspace/dataset/test/FakeDNSServer.java" startline="100" endline="117" function="testResolveMX" hash="-7187870097331066963"></source>
			<source file="../../workspace/dataset/test/FakeDNSServer.java" startline="231" endline="248" function="testLookup6" hash="-6349819394007142261"></source>
			<source file="../../workspace/dataset/test/FakeDNSServer.java" startline="81" endline="98" function="testResolveAAAA" hash="9056164354459818885"></source>
			<source file="../../workspace/dataset/test/FakeDNSServer.java" startline="137" endline="153" function="testResolveNS" hash="-2912846211222800016"></source>
			<source file="../../workspace/dataset/test/FakeDNSServer.java" startline="173" endline="189" function="testResolvePTR" hash="6464764790577746144"></source>
			<source file="../../workspace/dataset/test/FakeDNSServer.java" startline="155" endline="171" function="testResolveCNAME" hash="2303550180091881704"></source>
			<source file="../../workspace/dataset/test/FakeDNSServer.java" startline="119" endline="135" function="testResolveTXT" hash="-8222687551432931166"></source>
			<source file="../../workspace/dataset/test/FakeDNSServer.java" startline="263" endline="279" function="testReverseLookup" hash="6464764790577746144"></source>
		</class>
	</version>
	<version nr="1040" hash="6beb9ce58" evolution="Subtract" change="Inconsistent">
		<class nclones="2">
			<source file="../../workspace/dataset/test/FakeDNSServer.java" startline="63" endline="79" function="testResolveA" hash="684166709845079163"></source>
			<source file="../../workspace/dataset/test/FakeDNSServer.java" startline="84" endline="96" function="getRecords" hash="7037387250109579180"></source>
		</class>
	</version>
	<version nr="1040" hash="6beb9ce58" evolution="Same" change="Inconsistent">
		<class nclones="2">
			<source file="../../workspace/dataset/test/FakeDNSServer.java" startline="84" endline="96" function="getRecords" hash="7037387250109579180"></source>
			<source file="../../workspace/dataset/test/FakeDNSServer.java" startline="231" endline="248" function="testLookup6" hash="-6349819394007142261"></source>
		</class>
	</version>
	<version nr="1050" hash="c46c05688" evolution="Add" change="Inconsistent">
		<class nclones="10">
			<source file="../../workspace/dataset/test/FakeDNSServer.java" startline="63" endline="79" function="testResolveA" hash="684166709845079163"></source>
			<source file="../../workspace/dataset/test/FakeDNSServer.java" startline="119" endline="135" function="testResolveTXT" hash="-8222687551432931166"></source>
			<source file="../../workspace/dataset/test/FakeDNSServer.java" startline="231" endline="248" function="testLookup6" hash="-6349819394007142261"></source>
			<source file="../../workspace/dataset/test/FakeDNSServer.java" startline="212" endline="229" function="testLookup4" hash="-4686286654716548784"></source>
			<source file="../../workspace/dataset/test/FakeDNSServer.java" startline="81" endline="98" function="testResolveAAAA" hash="9056164354459818885"></source>
			<source file="../../workspace/dataset/test/FakeDNSServer.java" startline="100" endline="117" function="testResolveMX" hash="-7187870097331066963"></source>
			<source file="../../workspace/dataset/test/FakeDNSServer.java" startline="173" endline="189" function="testResolvePTR" hash="6464764790577746144"></source>
			<source file="../../workspace/dataset/test/FakeDNSServer.java" startline="263" endline="279" function="testReverseLookup" hash="6464764790577746144"></source>
			<source file="../../workspace/dataset/test/FakeDNSServer.java" startline="155" endline="171" function="testResolveCNAME" hash="2303550180091881704"></source>
			<source file="../../workspace/dataset/test/FakeDNSServer.java" startline="137" endline="153" function="testResolveNS" hash="-2912846211222800016"></source>
		</class>
	</version>
	<version nr="1050" hash="c46c05688" evolution="Subtract" change="Inconsistent">
		<class nclones="2">
			<source file="../../workspace/dataset/test/FakeDNSServer.java" startline="63" endline="79" function="testResolveA" hash="684166709845079163"></source>
			<source file="../../workspace/dataset/test/FakeDNSServer.java" startline="84" endline="96" function="getRecords" hash="7037387250109579180"></source>
		</class>
	</version>
	<version nr="1050" hash="c46c05688" evolution="Same" change="Inconsistent">
		<class nclones="2">
			<source file="../../workspace/dataset/test/FakeDNSServer.java" startline="84" endline="96" function="getRecords" hash="7037387250109579180"></source>
			<source file="../../workspace/dataset/test/FakeDNSServer.java" startline="231" endline="248" function="testLookup6" hash="-6349819394007142261"></source>
		</class>
	</version>
	<version nr="1060" hash="a2902d2be" evolution="Add" change="Inconsistent">
		<class nclones="10">
			<source file="../../workspace/dataset/test/FakeDNSServer.java" startline="63" endline="79" function="testResolveA" hash="684166709845079163"></source>
			<source file="../../workspace/dataset/test/FakeDNSServer.java" startline="81" endline="98" function="testResolveAAAA" hash="9056164354459818885"></source>
			<source file="../../workspace/dataset/test/FakeDNSServer.java" startline="100" endline="117" function="testResolveMX" hash="-7187870097331066963"></source>
			<source file="../../workspace/dataset/test/FakeDNSServer.java" startline="137" endline="153" function="testResolveNS" hash="-2912846211222800016"></source>
			<source file="../../workspace/dataset/test/FakeDNSServer.java" startline="155" endline="171" function="testResolveCNAME" hash="2303550180091881704"></source>
			<source file="../../workspace/dataset/test/FakeDNSServer.java" startline="173" endline="189" function="testResolvePTR" hash="6464764790577746144"></source>
			<source file="../../workspace/dataset/test/FakeDNSServer.java" startline="119" endline="135" function="testResolveTXT" hash="-8222687551432931166"></source>
			<source file="../../workspace/dataset/test/FakeDNSServer.java" startline="263" endline="279" function="testReverseLookup" hash="6464764790577746144"></source>
			<source file="../../workspace/dataset/test/FakeDNSServer.java" startline="212" endline="229" function="testLookup4" hash="-4686286654716548784"></source>
			<source file="../../workspace/dataset/test/FakeDNSServer.java" startline="231" endline="248" function="testLookup6" hash="-6349819394007142261"></source>
		</class>
	</version>
	<version nr="1060" hash="a2902d2be" evolution="Subtract" change="Inconsistent">
		<class nclones="2">
			<source file="../../workspace/dataset/test/FakeDNSServer.java" startline="63" endline="79" function="testResolveA" hash="684166709845079163"></source>
			<source file="../../workspace/dataset/test/FakeDNSServer.java" startline="84" endline="96" function="getRecords" hash="7037387250109579180"></source>
		</class>
	</version>
	<version nr="1060" hash="a2902d2be" evolution="Same" change="Inconsistent">
		<class nclones="2">
			<source file="../../workspace/dataset/test/FakeDNSServer.java" startline="84" endline="96" function="getRecords" hash="7037387250109579180"></source>
			<source file="../../workspace/dataset/test/FakeDNSServer.java" startline="231" endline="248" function="testLookup6" hash="-6349819394007142261"></source>
		</class>
	</version>
	<version nr="1070" hash="d58b0e674" evolution="Add" change="Inconsistent">
		<class nclones="10">
			<source file="../../workspace/dataset/test/FakeDNSServer.java" startline="63" endline="79" function="testResolveA" hash="684166709845079163"></source>
			<source file="../../workspace/dataset/test/FakeDNSServer.java" startline="81" endline="98" function="testResolveAAAA" hash="9056164354459818885"></source>
			<source file="../../workspace/dataset/test/FakeDNSServer.java" startline="100" endline="117" function="testResolveMX" hash="-7187870097331066963"></source>
			<source file="../../workspace/dataset/test/FakeDNSServer.java" startline="137" endline="153" function="testResolveNS" hash="-2912846211222800016"></source>
			<source file="../../workspace/dataset/test/FakeDNSServer.java" startline="155" endline="171" function="testResolveCNAME" hash="2303550180091881704"></source>
			<source file="../../workspace/dataset/test/FakeDNSServer.java" startline="173" endline="189" function="testResolvePTR" hash="6464764790577746144"></source>
			<source file="../../workspace/dataset/test/FakeDNSServer.java" startline="119" endline="135" function="testResolveTXT" hash="-8222687551432931166"></source>
			<source file="../../workspace/dataset/test/FakeDNSServer.java" startline="263" endline="279" function="testReverseLookup" hash="6464764790577746144"></source>
			<source file="../../workspace/dataset/test/FakeDNSServer.java" startline="212" endline="229" function="testLookup4" hash="-4686286654716548784"></source>
			<source file="../../workspace/dataset/test/FakeDNSServer.java" startline="231" endline="248" function="testLookup6" hash="-6349819394007142261"></source>
		</class>
	</version>
	<version nr="1070" hash="d58b0e674" evolution="Subtract" change="Inconsistent">
		<class nclones="2">
			<source file="../../workspace/dataset/test/FakeDNSServer.java" startline="63" endline="79" function="testResolveA" hash="684166709845079163"></source>
			<source file="../../workspace/dataset/test/FakeDNSServer.java" startline="84" endline="96" function="getRecords" hash="7037387250109579180"></source>
		</class>
	</version>
	<version nr="1070" hash="d58b0e674" evolution="Same" change="Inconsistent">
		<class nclones="2">
			<source file="../../workspace/dataset/test/FakeDNSServer.java" startline="84" endline="96" function="getRecords" hash="7037387250109579180"></source>
			<source file="../../workspace/dataset/test/FakeDNSServer.java" startline="231" endline="248" function="testLookup6" hash="-6349819394007142261"></source>
		</class>
	</version>
	<version nr="1080" hash="e91a7a400" evolution="Add" change="Inconsistent">
		<class nclones="11">
			<source file="../../workspace/dataset/test/FakeDNSServer.java" startline="63" endline="79" function="testResolveA" hash="684166709845079163"></source>
			<source file="../../workspace/dataset/test/FakeDNSServer.java" startline="212" endline="229" function="testLookup4" hash="-4686286654716548784"></source>
			<source file="../../workspace/dataset/test/FakeDNSServer.java" startline="100" endline="117" function="testResolveMX" hash="-7187870097331066963"></source>
			<source file="../../workspace/dataset/test/FakeDNSServer.java" startline="263" endline="279" function="testReverseLookup" hash="6464764790577746144"></source>
			<source file="../../workspace/dataset/test/FakeDNSServer.java" startline="231" endline="248" function="testLookup6" hash="-6349819394007142261"></source>
			<source file="../../workspace/dataset/test/FakeDNSServer.java" startline="281" endline="297" function="testResolveASameServer" hash="6514272433800141168"></source>
			<source file="../../workspace/dataset/test/FakeDNSServer.java" startline="155" endline="171" function="testResolveCNAME" hash="2303550180091881704"></source>
			<source file="../../workspace/dataset/test/FakeDNSServer.java" startline="119" endline="135" function="testResolveTXT" hash="-8222687551432931166"></source>
			<source file="../../workspace/dataset/test/FakeDNSServer.java" startline="137" endline="153" function="testResolveNS" hash="-2912846211222800016"></source>
			<source file="../../workspace/dataset/test/FakeDNSServer.java" startline="173" endline="189" function="testResolvePTR" hash="6464764790577746144"></source>
			<source file="../../workspace/dataset/test/FakeDNSServer.java" startline="81" endline="98" function="testResolveAAAA" hash="9056164354459818885"></source>
		</class>
	</version>
	<version nr="1080" hash="e91a7a400" evolution="Subtract" change="Inconsistent">
		<class nclones="2">
			<source file="../../workspace/dataset/test/FakeDNSServer.java" startline="63" endline="79" function="testResolveA" hash="684166709845079163"></source>
			<source file="../../workspace/dataset/test/FakeDNSServer.java" startline="84" endline="96" function="getRecords" hash="7037387250109579180"></source>
		</class>
	</version>
	<version nr="1080" hash="e91a7a400" evolution="Same" change="Inconsistent">
		<class nclones="2">
			<source file="../../workspace/dataset/test/FakeDNSServer.java" startline="84" endline="96" function="getRecords" hash="7037387250109579180"></source>
			<source file="../../workspace/dataset/test/FakeDNSServer.java" startline="231" endline="248" function="testLookup6" hash="-6349819394007142261"></source>
		</class>
	</version>
	<version nr="1080" hash="e91a7a400" evolution="Same" change="Inconsistent">
		<class nclones="2">
			<source file="../../workspace/dataset/test/FakeDNSServer.java" startline="84" endline="96" function="getRecords" hash="7037387250109579180"></source>
			<source file="../../workspace/dataset/test/FakeDNSServer.java" startline="284" endline="295" function="getRecords" hash="7826685664875077155"></source>
		</class>
	</version>
	<version nr="1090" hash="f90ecff6c" evolution="Same" change="Inconsistent">
		<class nclones="2">
			<source file="../../workspace/dataset/test/FakeDNSServer.java" startline="63" endline="79" function="testResolveA" hash="684166709845079163"></source>
			<source file="../../workspace/dataset/test/FakeDNSServer.java" startline="84" endline="96" function="getRecords" hash="7037387250109579180"></source>
		</class>
	</version>
	<version nr="1090" hash="f90ecff6c" evolution="Same" change="Inconsistent">
		<class nclones="2">
			<source file="../../workspace/dataset/test/FakeDNSServer.java" startline="84" endline="96" function="getRecords" hash="7037387250109579180"></source>
			<source file="../../workspace/dataset/test/FakeDNSServer.java" startline="231" endline="248" function="testLookup6" hash="-6349819394007142261"></source>
		</class>
	</version>
	<version nr="1090" hash="f90ecff6c" evolution="Same" change="Inconsistent">
		<class nclones="2">
			<source file="../../workspace/dataset/test/FakeDNSServer.java" startline="84" endline="96" function="getRecords" hash="7037387250109579180"></source>
			<source file="../../workspace/dataset/test/FakeDNSServer.java" startline="284" endline="295" function="getRecords" hash="7826685664875077155"></source>
		</class>
	</version>
	<version nr="1100" hash="23fcad50f" evolution="Same" change="Inconsistent">
		<class nclones="2">
			<source file="../../workspace/dataset/test/FakeDNSServer.java" startline="63" endline="79" function="testResolveA" hash="684166709845079163"></source>
			<source file="../../workspace/dataset/test/FakeDNSServer.java" startline="84" endline="96" function="getRecords" hash="7037387250109579180"></source>
		</class>
	</version>
	<version nr="1100" hash="23fcad50f" evolution="Same" change="Inconsistent">
		<class nclones="2">
			<source file="../../workspace/dataset/test/FakeDNSServer.java" startline="84" endline="96" function="getRecords" hash="7037387250109579180"></source>
			<source file="../../workspace/dataset/test/FakeDNSServer.java" startline="231" endline="248" function="testLookup6" hash="-6349819394007142261"></source>
		</class>
	</version>
	<version nr="1100" hash="23fcad50f" evolution="Same" change="Inconsistent">
		<class nclones="2">
			<source file="../../workspace/dataset/test/FakeDNSServer.java" startline="84" endline="96" function="getRecords" hash="7037387250109579180"></source>
			<source file="../../workspace/dataset/test/FakeDNSServer.java" startline="284" endline="295" function="getRecords" hash="7826685664875077155"></source>
		</class>
	</version>
	<version nr="1110" hash="885fa7513" evolution="Same" change="Inconsistent">
		<class nclones="2">
			<source file="../../workspace/dataset/test/FakeDNSServer.java" startline="63" endline="79" function="testResolveA" hash="684166709845079163"></source>
			<source file="../../workspace/dataset/test/FakeDNSServer.java" startline="84" endline="96" function="getRecords" hash="7037387250109579180"></source>
		</class>
	</version>
	<version nr="1110" hash="885fa7513" evolution="Same" change="Inconsistent">
		<class nclones="2">
			<source file="../../workspace/dataset/test/FakeDNSServer.java" startline="84" endline="96" function="getRecords" hash="7037387250109579180"></source>
			<source file="../../workspace/dataset/test/FakeDNSServer.java" startline="231" endline="248" function="testLookup6" hash="-6349819394007142261"></source>
		</class>
	</version>
	<version nr="1110" hash="885fa7513" evolution="Same" change="Inconsistent">
		<class nclones="2">
			<source file="../../workspace/dataset/test/FakeDNSServer.java" startline="84" endline="96" function="getRecords" hash="7037387250109579180"></source>
			<source file="../../workspace/dataset/test/FakeDNSServer.java" startline="284" endline="295" function="getRecords" hash="7826685664875077155"></source>
		</class>
	</version>
	<version nr="1120" hash="3103b02b5" evolution="Same" change="Inconsistent">
		<class nclones="2">
			<source file="../../workspace/dataset/test/FakeDNSServer.java" startline="63" endline="79" function="testResolveA" hash="684166709845079163"></source>
			<source file="../../workspace/dataset/test/FakeDNSServer.java" startline="84" endline="96" function="getRecords" hash="7037387250109579180"></source>
		</class>
	</version>
	<version nr="1120" hash="3103b02b5" evolution="Same" change="Inconsistent">
		<class nclones="2">
			<source file="../../workspace/dataset/test/FakeDNSServer.java" startline="84" endline="96" function="getRecords" hash="7037387250109579180"></source>
			<source file="../../workspace/dataset/test/FakeDNSServer.java" startline="231" endline="248" function="testLookup6" hash="-6349819394007142261"></source>
		</class>
	</version>
	<version nr="1120" hash="3103b02b5" evolution="Same" change="Inconsistent">
		<class nclones="2">
			<source file="../../workspace/dataset/test/FakeDNSServer.java" startline="84" endline="96" function="getRecords" hash="7037387250109579180"></source>
			<source file="../../workspace/dataset/test/FakeDNSServer.java" startline="284" endline="295" function="getRecords" hash="7826685664875077155"></source>
		</class>
	</version>
	<version nr="1130" hash="0d4923a15" evolution="Same" change="Inconsistent">
		<class nclones="2">
			<source file="../../workspace/dataset/test/FakeDNSServer.java" startline="63" endline="79" function="testResolveA" hash="684166709845079163"></source>
			<source file="../../workspace/dataset/test/FakeDNSServer.java" startline="84" endline="96" function="getRecords" hash="7037387250109579180"></source>
		</class>
	</version>
	<version nr="1130" hash="0d4923a15" evolution="Same" change="Inconsistent">
		<class nclones="2">
			<source file="../../workspace/dataset/test/FakeDNSServer.java" startline="84" endline="96" function="getRecords" hash="7037387250109579180"></source>
			<source file="../../workspace/dataset/test/FakeDNSServer.java" startline="231" endline="248" function="testLookup6" hash="-6349819394007142261"></source>
		</class>
	</version>
	<version nr="1130" hash="0d4923a15" evolution="Same" change="Inconsistent">
		<class nclones="2">
			<source file="../../workspace/dataset/test/FakeDNSServer.java" startline="84" endline="96" function="getRecords" hash="7037387250109579180"></source>
			<source file="../../workspace/dataset/test/FakeDNSServer.java" startline="284" endline="295" function="getRecords" hash="7826685664875077155"></source>
		</class>
	</version>
	<version nr="1140" hash="3afe8bb4c" evolution="Same" change="Inconsistent">
		<class nclones="2">
			<source file="../../workspace/dataset/test/FakeDNSServer.java" startline="63" endline="79" function="testResolveA" hash="684166709845079163"></source>
			<source file="../../workspace/dataset/test/FakeDNSServer.java" startline="84" endline="96" function="getRecords" hash="7037387250109579180"></source>
		</class>
	</version>
	<version nr="1140" hash="3afe8bb4c" evolution="Same" change="Inconsistent">
		<class nclones="2">
			<source file="../../workspace/dataset/test/FakeDNSServer.java" startline="84" endline="96" function="getRecords" hash="7037387250109579180"></source>
			<source file="../../workspace/dataset/test/FakeDNSServer.java" startline="231" endline="248" function="testLookup6" hash="-6349819394007142261"></source>
		</class>
	</version>
	<version nr="1140" hash="3afe8bb4c" evolution="Same" change="Inconsistent">
		<class nclones="2">
			<source file="../../workspace/dataset/test/FakeDNSServer.java" startline="84" endline="96" function="getRecords" hash="7037387250109579180"></source>
			<source file="../../workspace/dataset/test/FakeDNSServer.java" startline="284" endline="295" function="getRecords" hash="7826685664875077155"></source>
		</class>
	</version>
	<version nr="1150" hash="15a2cf335" evolution="Same" change="Inconsistent">
		<class nclones="2">
			<source file="../../workspace/dataset/test/FakeDNSServer.java" startline="63" endline="79" function="testResolveA" hash="684166709845079163"></source>
			<source file="../../workspace/dataset/test/FakeDNSServer.java" startline="84" endline="96" function="getRecords" hash="7037387250109579180"></source>
		</class>
	</version>
	<version nr="1150" hash="15a2cf335" evolution="Same" change="Inconsistent">
		<class nclones="2">
			<source file="../../workspace/dataset/test/FakeDNSServer.java" startline="84" endline="96" function="getRecords" hash="7037387250109579180"></source>
			<source file="../../workspace/dataset/test/FakeDNSServer.java" startline="231" endline="248" function="testLookup6" hash="-6349819394007142261"></source>
		</class>
	</version>
	<version nr="1150" hash="15a2cf335" evolution="Same" change="Inconsistent">
		<class nclones="2">
			<source file="../../workspace/dataset/test/FakeDNSServer.java" startline="84" endline="96" function="getRecords" hash="7037387250109579180"></source>
			<source file="../../workspace/dataset/test/FakeDNSServer.java" startline="284" endline="295" function="getRecords" hash="7826685664875077155"></source>
		</class>
	</version>
	<version nr="1160" hash="0a6aa48fd" evolution="Same" change="Inconsistent">
		<class nclones="2">
			<source file="../../workspace/dataset/test/FakeDNSServer.java" startline="63" endline="79" function="testResolveA" hash="684166709845079163"></source>
			<source file="../../workspace/dataset/test/FakeDNSServer.java" startline="84" endline="96" function="getRecords" hash="7037387250109579180"></source>
		</class>
	</version>
	<version nr="1160" hash="0a6aa48fd" evolution="Same" change="Inconsistent">
		<class nclones="2">
			<source file="../../workspace/dataset/test/FakeDNSServer.java" startline="84" endline="96" function="getRecords" hash="7037387250109579180"></source>
			<source file="../../workspace/dataset/test/FakeDNSServer.java" startline="231" endline="248" function="testLookup6" hash="-6349819394007142261"></source>
		</class>
	</version>
	<version nr="1160" hash="0a6aa48fd" evolution="Same" change="Inconsistent">
		<class nclones="2">
			<source file="../../workspace/dataset/test/FakeDNSServer.java" startline="84" endline="96" function="getRecords" hash="7037387250109579180"></source>
			<source file="../../workspace/dataset/test/FakeDNSServer.java" startline="284" endline="295" function="getRecords" hash="7826685664875077155"></source>
		</class>
	</version>
	<version nr="1170" hash="dd09e1d72" evolution="Same" change="Inconsistent">
		<class nclones="2">
			<source file="../../workspace/dataset/test/FakeDNSServer.java" startline="63" endline="79" function="testResolveA" hash="684166709845079163"></source>
			<source file="../../workspace/dataset/test/FakeDNSServer.java" startline="84" endline="96" function="getRecords" hash="7037387250109579180"></source>
		</class>
	</version>
	<version nr="1170" hash="dd09e1d72" evolution="Same" change="Inconsistent">
		<class nclones="2">
			<source file="../../workspace/dataset/test/FakeDNSServer.java" startline="84" endline="96" function="getRecords" hash="7037387250109579180"></source>
			<source file="../../workspace/dataset/test/FakeDNSServer.java" startline="231" endline="248" function="testLookup6" hash="-6349819394007142261"></source>
		</class>
	</version>
	<version nr="1170" hash="dd09e1d72" evolution="Same" change="Inconsistent">
		<class nclones="2">
			<source file="../../workspace/dataset/test/FakeDNSServer.java" startline="84" endline="96" function="getRecords" hash="7037387250109579180"></source>
			<source file="../../workspace/dataset/test/FakeDNSServer.java" startline="284" endline="295" function="getRecords" hash="7826685664875077155"></source>
		</class>
	</version>
	<version nr="1180" hash="d59ac007f" evolution="Same" change="Inconsistent">
		<class nclones="2">
			<source file="../../workspace/dataset/test/FakeDNSServer.java" startline="63" endline="79" function="testResolveA" hash="684166709845079163"></source>
			<source file="../../workspace/dataset/test/FakeDNSServer.java" startline="84" endline="96" function="getRecords" hash="7037387250109579180"></source>
		</class>
	</version>
	<version nr="1180" hash="d59ac007f" evolution="Same" change="Inconsistent">
		<class nclones="2">
			<source file="../../workspace/dataset/test/FakeDNSServer.java" startline="84" endline="96" function="getRecords" hash="7037387250109579180"></source>
			<source file="../../workspace/dataset/test/FakeDNSServer.java" startline="231" endline="248" function="testLookup6" hash="-6349819394007142261"></source>
		</class>
	</version>
	<version nr="1180" hash="d59ac007f" evolution="Same" change="Inconsistent">
		<class nclones="2">
			<source file="../../workspace/dataset/test/FakeDNSServer.java" startline="84" endline="96" function="getRecords" hash="7037387250109579180"></source>
			<source file="../../workspace/dataset/test/FakeDNSServer.java" startline="284" endline="295" function="getRecords" hash="7826685664875077155"></source>
		</class>
	</version>
</lineage>
<lineage>
	<version nr="300" hash="776fb3c51" evolution="None" change="None">
		<class nclones="4">
			<source file="../../workspace/dataset/test/FakeDNSServer.java" startline="52" endline="68" function="testResolveA" hash="684166709845079163"></source>
			<source file="../../workspace/dataset/test/FakeDNSServer.java" startline="73" endline="85" function="getRecords" hash="7037387250109579180"></source>
			<source file="../../workspace/dataset/test/FakeDNSServer.java" startline="204" endline="216" function="getRecords" hash="-1010938328077447741"></source>
			<source file="../../workspace/dataset/test/FakeDNSServer.java" startline="220" endline="237" function="testLookup6" hash="-6349819394007142261"></source>
		</class>
	</version>
	<version nr="340" hash="709b14702" evolution="Same" change="Same">
		<class nclones="4">
			<source file="../../workspace/dataset/test/FakeDNSServer.java" startline="52" endline="68" function="testResolveA" hash="684166709845079163"></source>
			<source file="../../workspace/dataset/test/FakeDNSServer.java" startline="73" endline="85" function="getRecords" hash="7037387250109579180"></source>
			<source file="../../workspace/dataset/test/FakeDNSServer.java" startline="204" endline="216" function="getRecords" hash="-1010938328077447741"></source>
			<source file="../../workspace/dataset/test/FakeDNSServer.java" startline="220" endline="237" function="testLookup6" hash="-6349819394007142261"></source>
		</class>
	</version>
	<version nr="350" hash="4fcb95af7" evolution="Same" change="Inconsistent">
		<class nclones="4">
			<source file="../../workspace/dataset/test/FakeDNSServer.java" startline="64" endline="75" function="getRecords" hash="1035055056266409882"></source>
			<source file="../../workspace/dataset/test/FakeDNSServer.java" startline="82" endline="94" function="getRecords" hash="7037387250109579180"></source>
			<source file="../../workspace/dataset/test/FakeDNSServer.java" startline="213" endline="225" function="getRecords" hash="-1010938328077447741"></source>
			<source file="../../workspace/dataset/test/FakeDNSServer.java" startline="232" endline="244" function="getRecords" hash="4162657142426643614"></source>
		</class>
	</version>
	<version nr="360" hash="411b21a74" evolution="Same" change="Same">
		<class nclones="4">
			<source file="../../workspace/dataset/test/FakeDNSServer.java" startline="64" endline="75" function="getRecords" hash="1035055056266409882"></source>
			<source file="../../workspace/dataset/test/FakeDNSServer.java" startline="82" endline="94" function="getRecords" hash="7037387250109579180"></source>
			<source file="../../workspace/dataset/test/FakeDNSServer.java" startline="213" endline="225" function="getRecords" hash="-1010938328077447741"></source>
			<source file="../../workspace/dataset/test/FakeDNSServer.java" startline="232" endline="244" function="getRecords" hash="4162657142426643614"></source>
		</class>
	</version>
	<version nr="370" hash="80d537a3f" evolution="Same" change="Consistent">
		<class nclones="4">
			<source file="../../workspace/dataset/test/FakeDNSServer.java" startline="138" endline="149" function="getRecords" hash="9041190612020534251"></source>
			<source file="../../workspace/dataset/test/FakeDNSServer.java" startline="153" endline="169" function="testResolveCNAME" hash="2303550180091881704"></source>
			<source file="../../workspace/dataset/test/FakeDNSServer.java" startline="171" endline="187" function="testResolvePTR" hash="6464764790577746144"></source>
			<source file="../../workspace/dataset/test/FakeDNSServer.java" startline="261" endline="277" function="testReverseLookup" hash="6464764790577746144"></source>
		</class>
	</version>
	<version nr="380" hash="976517520" evolution="Add" change="Inconsistent">
		<class nclones="10">
			<source file="../../workspace/dataset/test/FakeDNSServer.java" startline="61" endline="77" function="testResolveA" hash="684166709845079163"></source>
			<source file="../../workspace/dataset/test/FakeDNSServer.java" startline="229" endline="246" function="testLookup6" hash="-6349819394007142261"></source>
			<source file="../../workspace/dataset/test/FakeDNSServer.java" startline="153" endline="169" function="testResolveCNAME" hash="2303550180091881704"></source>
			<source file="../../workspace/dataset/test/FakeDNSServer.java" startline="171" endline="187" function="testResolvePTR" hash="6464764790577746144"></source>
			<source file="../../workspace/dataset/test/FakeDNSServer.java" startline="210" endline="227" function="testLookup4" hash="-4686286654716548784"></source>
			<source file="../../workspace/dataset/test/FakeDNSServer.java" startline="261" endline="277" function="testReverseLookup" hash="6464764790577746144"></source>
			<source file="../../workspace/dataset/test/FakeDNSServer.java" startline="117" endline="133" function="testResolveTXT" hash="-8222687551432931166"></source>
			<source file="../../workspace/dataset/test/FakeDNSServer.java" startline="79" endline="96" function="testResolveAAAA" hash="9056164354459818885"></source>
			<source file="../../workspace/dataset/test/FakeDNSServer.java" startline="135" endline="151" function="testResolveNS" hash="-2912846211222800016"></source>
			<source file="../../workspace/dataset/test/FakeDNSServer.java" startline="98" endline="115" function="testResolveMX" hash="-7187870097331066963"></source>
		</class>
	</version>
	<version nr="380" hash="976517520" evolution="Subtract" change="Inconsistent">
		<class nclones="4">
			<source file="../../workspace/dataset/test/FakeDNSServer.java" startline="138" endline="149" function="getRecords" hash="9041190612020534251"></source>
			<source file="../../workspace/dataset/test/FakeDNSServer.java" startline="153" endline="169" function="testResolveCNAME" hash="2303550180091881704"></source>
			<source file="../../workspace/dataset/test/FakeDNSServer.java" startline="171" endline="187" function="testResolvePTR" hash="6464764790577746144"></source>
			<source file="../../workspace/dataset/test/FakeDNSServer.java" startline="261" endline="277" function="testReverseLookup" hash="6464764790577746144"></source>
		</class>
	</version>
	<version nr="390" hash="aa261383e" evolution="Add" change="Inconsistent">
		<class nclones="10">
			<source file="../../workspace/dataset/test/FakeDNSServer.java" startline="61" endline="77" function="testResolveA" hash="684166709845079163"></source>
			<source file="../../workspace/dataset/test/FakeDNSServer.java" startline="229" endline="246" function="testLookup6" hash="-6349819394007142261"></source>
			<source file="../../workspace/dataset/test/FakeDNSServer.java" startline="153" endline="169" function="testResolveCNAME" hash="2303550180091881704"></source>
			<source file="../../workspace/dataset/test/FakeDNSServer.java" startline="171" endline="187" function="testResolvePTR" hash="6464764790577746144"></source>
			<source file="../../workspace/dataset/test/FakeDNSServer.java" startline="210" endline="227" function="testLookup4" hash="-4686286654716548784"></source>
			<source file="../../workspace/dataset/test/FakeDNSServer.java" startline="261" endline="277" function="testReverseLookup" hash="6464764790577746144"></source>
			<source file="../../workspace/dataset/test/FakeDNSServer.java" startline="117" endline="133" function="testResolveTXT" hash="-8222687551432931166"></source>
			<source file="../../workspace/dataset/test/FakeDNSServer.java" startline="79" endline="96" function="testResolveAAAA" hash="9056164354459818885"></source>
			<source file="../../workspace/dataset/test/FakeDNSServer.java" startline="135" endline="151" function="testResolveNS" hash="-2912846211222800016"></source>
			<source file="../../workspace/dataset/test/FakeDNSServer.java" startline="98" endline="115" function="testResolveMX" hash="-7187870097331066963"></source>
		</class>
	</version>
	<version nr="390" hash="aa261383e" evolution="Subtract" change="Inconsistent">
		<class nclones="4">
			<source file="../../workspace/dataset/test/FakeDNSServer.java" startline="138" endline="149" function="getRecords" hash="9041190612020534251"></source>
			<source file="../../workspace/dataset/test/FakeDNSServer.java" startline="153" endline="169" function="testResolveCNAME" hash="2303550180091881704"></source>
			<source file="../../workspace/dataset/test/FakeDNSServer.java" startline="171" endline="187" function="testResolvePTR" hash="6464764790577746144"></source>
			<source file="../../workspace/dataset/test/FakeDNSServer.java" startline="261" endline="277" function="testReverseLookup" hash="6464764790577746144"></source>
		</class>
	</version>
	<version nr="400" hash="a2064dca2" evolution="Add" change="Inconsistent">
		<class nclones="10">
			<source file="../../workspace/dataset/test/FakeDNSServer.java" startline="61" endline="77" function="testResolveA" hash="684166709845079163"></source>
			<source file="../../workspace/dataset/test/FakeDNSServer.java" startline="117" endline="133" function="testResolveTXT" hash="-8222687551432931166"></source>
			<source file="../../workspace/dataset/test/FakeDNSServer.java" startline="210" endline="227" function="testLookup4" hash="-4686286654716548784"></source>
			<source file="../../workspace/dataset/test/FakeDNSServer.java" startline="229" endline="246" function="testLookup6" hash="-6349819394007142261"></source>
			<source file="../../workspace/dataset/test/FakeDNSServer.java" startline="261" endline="277" function="testReverseLookup" hash="6464764790577746144"></source>
			<source file="../../workspace/dataset/test/FakeDNSServer.java" startline="98" endline="115" function="testResolveMX" hash="-7187870097331066963"></source>
			<source file="../../workspace/dataset/test/FakeDNSServer.java" startline="171" endline="187" function="testResolvePTR" hash="6464764790577746144"></source>
			<source file="../../workspace/dataset/test/FakeDNSServer.java" startline="153" endline="169" function="testResolveCNAME" hash="2303550180091881704"></source>
			<source file="../../workspace/dataset/test/FakeDNSServer.java" startline="79" endline="96" function="testResolveAAAA" hash="9056164354459818885"></source>
			<source file="../../workspace/dataset/test/FakeDNSServer.java" startline="135" endline="151" function="testResolveNS" hash="-2912846211222800016"></source>
		</class>
	</version>
	<version nr="400" hash="a2064dca2" evolution="Subtract" change="Inconsistent">
		<class nclones="4">
			<source file="../../workspace/dataset/test/FakeDNSServer.java" startline="138" endline="149" function="getRecords" hash="9041190612020534251"></source>
			<source file="../../workspace/dataset/test/FakeDNSServer.java" startline="153" endline="169" function="testResolveCNAME" hash="2303550180091881704"></source>
			<source file="../../workspace/dataset/test/FakeDNSServer.java" startline="171" endline="187" function="testResolvePTR" hash="6464764790577746144"></source>
			<source file="../../workspace/dataset/test/FakeDNSServer.java" startline="261" endline="277" function="testReverseLookup" hash="6464764790577746144"></source>
		</class>
	</version>
	<version nr="410" hash="01c7f6236" evolution="Add" change="Inconsistent">
		<class nclones="10">
			<source file="../../workspace/dataset/test/FakeDNSServer.java" startline="61" endline="77" function="testResolveA" hash="684166709845079163"></source>
			<source file="../../workspace/dataset/test/FakeDNSServer.java" startline="261" endline="277" function="testReverseLookup" hash="6464764790577746144"></source>
			<source file="../../workspace/dataset/test/FakeDNSServer.java" startline="135" endline="151" function="testResolveNS" hash="-2912846211222800016"></source>
			<source file="../../workspace/dataset/test/FakeDNSServer.java" startline="210" endline="227" function="testLookup4" hash="-4686286654716548784"></source>
			<source file="../../workspace/dataset/test/FakeDNSServer.java" startline="98" endline="115" function="testResolveMX" hash="-7187870097331066963"></source>
			<source file="../../workspace/dataset/test/FakeDNSServer.java" startline="117" endline="133" function="testResolveTXT" hash="-8222687551432931166"></source>
			<source file="../../workspace/dataset/test/FakeDNSServer.java" startline="79" endline="96" function="testResolveAAAA" hash="9056164354459818885"></source>
			<source file="../../workspace/dataset/test/FakeDNSServer.java" startline="171" endline="187" function="testResolvePTR" hash="6464764790577746144"></source>
			<source file="../../workspace/dataset/test/FakeDNSServer.java" startline="153" endline="169" function="testResolveCNAME" hash="2303550180091881704"></source>
			<source file="../../workspace/dataset/test/FakeDNSServer.java" startline="229" endline="246" function="testLookup6" hash="-6349819394007142261"></source>
		</class>
	</version>
	<version nr="420" hash="74267e8ef" evolution="Same" change="Same">
		<class nclones="10">
			<source file="../../workspace/dataset/test/FakeDNSServer.java" startline="61" endline="77" function="testResolveA" hash="684166709845079163"></source>
			<source file="../../workspace/dataset/test/FakeDNSServer.java" startline="98" endline="115" function="testResolveMX" hash="-7187870097331066963"></source>
			<source file="../../workspace/dataset/test/FakeDNSServer.java" startline="261" endline="277" function="testReverseLookup" hash="6464764790577746144"></source>
			<source file="../../workspace/dataset/test/FakeDNSServer.java" startline="117" endline="133" function="testResolveTXT" hash="-8222687551432931166"></source>
			<source file="../../workspace/dataset/test/FakeDNSServer.java" startline="135" endline="151" function="testResolveNS" hash="-2912846211222800016"></source>
			<source file="../../workspace/dataset/test/FakeDNSServer.java" startline="153" endline="169" function="testResolveCNAME" hash="2303550180091881704"></source>
			<source file="../../workspace/dataset/test/FakeDNSServer.java" startline="171" endline="187" function="testResolvePTR" hash="6464764790577746144"></source>
			<source file="../../workspace/dataset/test/FakeDNSServer.java" startline="79" endline="96" function="testResolveAAAA" hash="9056164354459818885"></source>
			<source file="../../workspace/dataset/test/FakeDNSServer.java" startline="210" endline="227" function="testLookup4" hash="-4686286654716548784"></source>
			<source file="../../workspace/dataset/test/FakeDNSServer.java" startline="229" endline="246" function="testLookup6" hash="-6349819394007142261"></source>
		</class>
	</version>
	<version nr="420" hash="74267e8ef" evolution="Subtract" change="Inconsistent">
		<class nclones="2">
			<source file="../../workspace/dataset/test/FakeDNSServer.java" startline="61" endline="77" function="testResolveA" hash="684166709845079163"></source>
			<source file="../../workspace/dataset/test/FakeDNSServer.java" startline="213" endline="225" function="getRecords" hash="-1010938328077447741"></source>
		</class>
	</version>
	<version nr="430" hash="575018090" evolution="Add" change="Inconsistent">
		<class nclones="10">
			<source file="../../workspace/dataset/test/FakeDNSServer.java" startline="61" endline="77" function="testResolveA" hash="684166709845079163"></source>
			<source file="../../workspace/dataset/test/FakeDNSServer.java" startline="98" endline="115" function="testResolveMX" hash="-7187870097331066963"></source>
			<source file="../../workspace/dataset/test/FakeDNSServer.java" startline="261" endline="277" function="testReverseLookup" hash="6464764790577746144"></source>
			<source file="../../workspace/dataset/test/FakeDNSServer.java" startline="117" endline="133" function="testResolveTXT" hash="-8222687551432931166"></source>
			<source file="../../workspace/dataset/test/FakeDNSServer.java" startline="135" endline="151" function="testResolveNS" hash="-2912846211222800016"></source>
			<source file="../../workspace/dataset/test/FakeDNSServer.java" startline="153" endline="169" function="testResolveCNAME" hash="2303550180091881704"></source>
			<source file="../../workspace/dataset/test/FakeDNSServer.java" startline="171" endline="187" function="testResolvePTR" hash="6464764790577746144"></source>
			<source file="../../workspace/dataset/test/FakeDNSServer.java" startline="79" endline="96" function="testResolveAAAA" hash="9056164354459818885"></source>
			<source file="../../workspace/dataset/test/FakeDNSServer.java" startline="210" endline="227" function="testLookup4" hash="-4686286654716548784"></source>
			<source file="../../workspace/dataset/test/FakeDNSServer.java" startline="229" endline="246" function="testLookup6" hash="-6349819394007142261"></source>
		</class>
	</version>
	<version nr="430" hash="575018090" evolution="Subtract" change="Inconsistent">
		<class nclones="2">
			<source file="../../workspace/dataset/test/FakeDNSServer.java" startline="61" endline="77" function="testResolveA" hash="684166709845079163"></source>
			<source file="../../workspace/dataset/test/FakeDNSServer.java" startline="213" endline="225" function="getRecords" hash="-1010938328077447741"></source>
		</class>
	</version>
	<version nr="440" hash="1c5447153" evolution="Add" change="Inconsistent">
		<class nclones="10">
			<source file="../../workspace/dataset/test/FakeDNSServer.java" startline="61" endline="77" function="testResolveA" hash="684166709845079163"></source>
			<source file="../../workspace/dataset/test/FakeDNSServer.java" startline="98" endline="115" function="testResolveMX" hash="-7187870097331066963"></source>
			<source file="../../workspace/dataset/test/FakeDNSServer.java" startline="261" endline="277" function="testReverseLookup" hash="6464764790577746144"></source>
			<source file="../../workspace/dataset/test/FakeDNSServer.java" startline="117" endline="133" function="testResolveTXT" hash="-8222687551432931166"></source>
			<source file="../../workspace/dataset/test/FakeDNSServer.java" startline="135" endline="151" function="testResolveNS" hash="-2912846211222800016"></source>
			<source file="../../workspace/dataset/test/FakeDNSServer.java" startline="153" endline="169" function="testResolveCNAME" hash="2303550180091881704"></source>
			<source file="../../workspace/dataset/test/FakeDNSServer.java" startline="171" endline="187" function="testResolvePTR" hash="6464764790577746144"></source>
			<source file="../../workspace/dataset/test/FakeDNSServer.java" startline="79" endline="96" function="testResolveAAAA" hash="9056164354459818885"></source>
			<source file="../../workspace/dataset/test/FakeDNSServer.java" startline="210" endline="227" function="testLookup4" hash="-4686286654716548784"></source>
			<source file="../../workspace/dataset/test/FakeDNSServer.java" startline="229" endline="246" function="testLookup6" hash="-6349819394007142261"></source>
		</class>
	</version>
	<version nr="440" hash="1c5447153" evolution="Subtract" change="Inconsistent">
		<class nclones="2">
			<source file="../../workspace/dataset/test/FakeDNSServer.java" startline="61" endline="77" function="testResolveA" hash="684166709845079163"></source>
			<source file="../../workspace/dataset/test/FakeDNSServer.java" startline="213" endline="225" function="getRecords" hash="-1010938328077447741"></source>
		</class>
	</version>
	<version nr="450" hash="724c761f7" evolution="Add" change="Inconsistent">
		<class nclones="10">
			<source file="../../workspace/dataset/test/FakeDNSServer.java" startline="61" endline="77" function="testResolveA" hash="684166709845079163"></source>
			<source file="../../workspace/dataset/test/FakeDNSServer.java" startline="210" endline="227" function="testLookup4" hash="-4686286654716548784"></source>
			<source file="../../workspace/dataset/test/FakeDNSServer.java" startline="229" endline="246" function="testLookup6" hash="-6349819394007142261"></source>
			<source file="../../workspace/dataset/test/FakeDNSServer.java" startline="171" endline="187" function="testResolvePTR" hash="6464764790577746144"></source>
			<source file="../../workspace/dataset/test/FakeDNSServer.java" startline="153" endline="169" function="testResolveCNAME" hash="2303550180091881704"></source>
			<source file="../../workspace/dataset/test/FakeDNSServer.java" startline="261" endline="277" function="testReverseLookup" hash="6464764790577746144"></source>
			<source file="../../workspace/dataset/test/FakeDNSServer.java" startline="117" endline="133" function="testResolveTXT" hash="-8222687551432931166"></source>
			<source file="../../workspace/dataset/test/FakeDNSServer.java" startline="79" endline="96" function="testResolveAAAA" hash="9056164354459818885"></source>
			<source file="../../workspace/dataset/test/FakeDNSServer.java" startline="135" endline="151" function="testResolveNS" hash="-2912846211222800016"></source>
			<source file="../../workspace/dataset/test/FakeDNSServer.java" startline="98" endline="115" function="testResolveMX" hash="-7187870097331066963"></source>
		</class>
	</version>
	<version nr="450" hash="724c761f7" evolution="Subtract" change="Inconsistent">
		<class nclones="2">
			<source file="../../workspace/dataset/test/FakeDNSServer.java" startline="61" endline="77" function="testResolveA" hash="684166709845079163"></source>
			<source file="../../workspace/dataset/test/FakeDNSServer.java" startline="213" endline="225" function="getRecords" hash="-1010938328077447741"></source>
		</class>
	</version>
	<version nr="460" hash="4ed93b060" evolution="Add" change="Inconsistent">
		<class nclones="10">
			<source file="../../workspace/dataset/test/FakeDNSServer.java" startline="61" endline="77" function="testResolveA" hash="684166709845079163"></source>
			<source file="../../workspace/dataset/test/FakeDNSServer.java" startline="210" endline="227" function="testLookup4" hash="-4686286654716548784"></source>
			<source file="../../workspace/dataset/test/FakeDNSServer.java" startline="229" endline="246" function="testLookup6" hash="-6349819394007142261"></source>
			<source file="../../workspace/dataset/test/FakeDNSServer.java" startline="171" endline="187" function="testResolvePTR" hash="6464764790577746144"></source>
			<source file="../../workspace/dataset/test/FakeDNSServer.java" startline="153" endline="169" function="testResolveCNAME" hash="2303550180091881704"></source>
			<source file="../../workspace/dataset/test/FakeDNSServer.java" startline="261" endline="277" function="testReverseLookup" hash="6464764790577746144"></source>
			<source file="../../workspace/dataset/test/FakeDNSServer.java" startline="117" endline="133" function="testResolveTXT" hash="-8222687551432931166"></source>
			<source file="../../workspace/dataset/test/FakeDNSServer.java" startline="79" endline="96" function="testResolveAAAA" hash="9056164354459818885"></source>
			<source file="../../workspace/dataset/test/FakeDNSServer.java" startline="135" endline="151" function="testResolveNS" hash="-2912846211222800016"></source>
			<source file="../../workspace/dataset/test/FakeDNSServer.java" startline="98" endline="115" function="testResolveMX" hash="-7187870097331066963"></source>
		</class>
	</version>
	<version nr="460" hash="4ed93b060" evolution="Subtract" change="Inconsistent">
		<class nclones="2">
			<source file="../../workspace/dataset/test/FakeDNSServer.java" startline="61" endline="77" function="testResolveA" hash="684166709845079163"></source>
			<source file="../../workspace/dataset/test/FakeDNSServer.java" startline="213" endline="225" function="getRecords" hash="-1010938328077447741"></source>
		</class>
	</version>
	<version nr="470" hash="218abc18c" evolution="Add" change="Inconsistent">
		<class nclones="10">
			<source file="../../workspace/dataset/test/FakeDNSServer.java" startline="61" endline="77" function="testResolveA" hash="684166709845079163"></source>
			<source file="../../workspace/dataset/test/FakeDNSServer.java" startline="210" endline="227" function="testLookup4" hash="-4686286654716548784"></source>
			<source file="../../workspace/dataset/test/FakeDNSServer.java" startline="229" endline="246" function="testLookup6" hash="-6349819394007142261"></source>
			<source file="../../workspace/dataset/test/FakeDNSServer.java" startline="171" endline="187" function="testResolvePTR" hash="6464764790577746144"></source>
			<source file="../../workspace/dataset/test/FakeDNSServer.java" startline="153" endline="169" function="testResolveCNAME" hash="2303550180091881704"></source>
			<source file="../../workspace/dataset/test/FakeDNSServer.java" startline="261" endline="277" function="testReverseLookup" hash="6464764790577746144"></source>
			<source file="../../workspace/dataset/test/FakeDNSServer.java" startline="117" endline="133" function="testResolveTXT" hash="-8222687551432931166"></source>
			<source file="../../workspace/dataset/test/FakeDNSServer.java" startline="79" endline="96" function="testResolveAAAA" hash="9056164354459818885"></source>
			<source file="../../workspace/dataset/test/FakeDNSServer.java" startline="135" endline="151" function="testResolveNS" hash="-2912846211222800016"></source>
			<source file="../../workspace/dataset/test/FakeDNSServer.java" startline="98" endline="115" function="testResolveMX" hash="-7187870097331066963"></source>
		</class>
	</version>
	<version nr="470" hash="218abc18c" evolution="Subtract" change="Inconsistent">
		<class nclones="2">
			<source file="../../workspace/dataset/test/FakeDNSServer.java" startline="61" endline="77" function="testResolveA" hash="684166709845079163"></source>
			<source file="../../workspace/dataset/test/FakeDNSServer.java" startline="213" endline="225" function="getRecords" hash="-1010938328077447741"></source>
		</class>
	</version>
	<version nr="480" hash="742ceb53e" evolution="Add" change="Inconsistent">
		<class nclones="10">
			<source file="../../workspace/dataset/test/FakeDNSServer.java" startline="61" endline="77" function="testResolveA" hash="684166709845079163"></source>
			<source file="../../workspace/dataset/test/FakeDNSServer.java" startline="210" endline="227" function="testLookup4" hash="-4686286654716548784"></source>
			<source file="../../workspace/dataset/test/FakeDNSServer.java" startline="229" endline="246" function="testLookup6" hash="-6349819394007142261"></source>
			<source file="../../workspace/dataset/test/FakeDNSServer.java" startline="171" endline="187" function="testResolvePTR" hash="6464764790577746144"></source>
			<source file="../../workspace/dataset/test/FakeDNSServer.java" startline="153" endline="169" function="testResolveCNAME" hash="2303550180091881704"></source>
			<source file="../../workspace/dataset/test/FakeDNSServer.java" startline="261" endline="277" function="testReverseLookup" hash="6464764790577746144"></source>
			<source file="../../workspace/dataset/test/FakeDNSServer.java" startline="117" endline="133" function="testResolveTXT" hash="-8222687551432931166"></source>
			<source file="../../workspace/dataset/test/FakeDNSServer.java" startline="79" endline="96" function="testResolveAAAA" hash="9056164354459818885"></source>
			<source file="../../workspace/dataset/test/FakeDNSServer.java" startline="135" endline="151" function="testResolveNS" hash="-2912846211222800016"></source>
			<source file="../../workspace/dataset/test/FakeDNSServer.java" startline="98" endline="115" function="testResolveMX" hash="-7187870097331066963"></source>
		</class>
	</version>
	<version nr="480" hash="742ceb53e" evolution="Subtract" change="Inconsistent">
		<class nclones="2">
			<source file="../../workspace/dataset/test/FakeDNSServer.java" startline="61" endline="77" function="testResolveA" hash="684166709845079163"></source>
			<source file="../../workspace/dataset/test/FakeDNSServer.java" startline="213" endline="225" function="getRecords" hash="-1010938328077447741"></source>
		</class>
	</version>
	<version nr="490" hash="313d80596" evolution="Add" change="Inconsistent">
		<class nclones="10">
			<source file="../../workspace/dataset/test/FakeDNSServer.java" startline="61" endline="77" function="testResolveA" hash="684166709845079163"></source>
			<source file="../../workspace/dataset/test/FakeDNSServer.java" startline="98" endline="115" function="testResolveMX" hash="-7187870097331066963"></source>
			<source file="../../workspace/dataset/test/FakeDNSServer.java" startline="261" endline="277" function="testReverseLookup" hash="6464764790577746144"></source>
			<source file="../../workspace/dataset/test/FakeDNSServer.java" startline="117" endline="133" function="testResolveTXT" hash="-8222687551432931166"></source>
			<source file="../../workspace/dataset/test/FakeDNSServer.java" startline="135" endline="151" function="testResolveNS" hash="-2912846211222800016"></source>
			<source file="../../workspace/dataset/test/FakeDNSServer.java" startline="153" endline="169" function="testResolveCNAME" hash="2303550180091881704"></source>
			<source file="../../workspace/dataset/test/FakeDNSServer.java" startline="171" endline="187" function="testResolvePTR" hash="6464764790577746144"></source>
			<source file="../../workspace/dataset/test/FakeDNSServer.java" startline="79" endline="96" function="testResolveAAAA" hash="9056164354459818885"></source>
			<source file="../../workspace/dataset/test/FakeDNSServer.java" startline="210" endline="227" function="testLookup4" hash="-4686286654716548784"></source>
			<source file="../../workspace/dataset/test/FakeDNSServer.java" startline="229" endline="246" function="testLookup6" hash="-6349819394007142261"></source>
		</class>
	</version>
	<version nr="490" hash="313d80596" evolution="Subtract" change="Inconsistent">
		<class nclones="2">
			<source file="../../workspace/dataset/test/FakeDNSServer.java" startline="61" endline="77" function="testResolveA" hash="684166709845079163"></source>
			<source file="../../workspace/dataset/test/FakeDNSServer.java" startline="213" endline="225" function="getRecords" hash="-1010938328077447741"></source>
		</class>
	</version>
	<version nr="500" hash="107aad176" evolution="Add" change="Inconsistent">
		<class nclones="10">
			<source file="../../workspace/dataset/test/FakeDNSServer.java" startline="61" endline="77" function="testResolveA" hash="684166709845079163"></source>
			<source file="../../workspace/dataset/test/FakeDNSServer.java" startline="98" endline="115" function="testResolveMX" hash="-7187870097331066963"></source>
			<source file="../../workspace/dataset/test/FakeDNSServer.java" startline="261" endline="277" function="testReverseLookup" hash="6464764790577746144"></source>
			<source file="../../workspace/dataset/test/FakeDNSServer.java" startline="117" endline="133" function="testResolveTXT" hash="-8222687551432931166"></source>
			<source file="../../workspace/dataset/test/FakeDNSServer.java" startline="135" endline="151" function="testResolveNS" hash="-2912846211222800016"></source>
			<source file="../../workspace/dataset/test/FakeDNSServer.java" startline="153" endline="169" function="testResolveCNAME" hash="2303550180091881704"></source>
			<source file="../../workspace/dataset/test/FakeDNSServer.java" startline="171" endline="187" function="testResolvePTR" hash="6464764790577746144"></source>
			<source file="../../workspace/dataset/test/FakeDNSServer.java" startline="79" endline="96" function="testResolveAAAA" hash="9056164354459818885"></source>
			<source file="../../workspace/dataset/test/FakeDNSServer.java" startline="210" endline="227" function="testLookup4" hash="-4686286654716548784"></source>
			<source file="../../workspace/dataset/test/FakeDNSServer.java" startline="229" endline="246" function="testLookup6" hash="-6349819394007142261"></source>
		</class>
	</version>
	<version nr="500" hash="107aad176" evolution="Subtract" change="Inconsistent">
		<class nclones="2">
			<source file="../../workspace/dataset/test/FakeDNSServer.java" startline="61" endline="77" function="testResolveA" hash="684166709845079163"></source>
			<source file="../../workspace/dataset/test/FakeDNSServer.java" startline="213" endline="225" function="getRecords" hash="-1010938328077447741"></source>
		</class>
	</version>
	<version nr="510" hash="b4defc96c" evolution="Add" change="Inconsistent">
		<class nclones="10">
			<source file="../../workspace/dataset/test/FakeDNSServer.java" startline="61" endline="77" function="testResolveA" hash="684166709845079163"></source>
			<source file="../../workspace/dataset/test/FakeDNSServer.java" startline="98" endline="115" function="testResolveMX" hash="-7187870097331066963"></source>
			<source file="../../workspace/dataset/test/FakeDNSServer.java" startline="261" endline="277" function="testReverseLookup" hash="6464764790577746144"></source>
			<source file="../../workspace/dataset/test/FakeDNSServer.java" startline="117" endline="133" function="testResolveTXT" hash="-8222687551432931166"></source>
			<source file="../../workspace/dataset/test/FakeDNSServer.java" startline="135" endline="151" function="testResolveNS" hash="-2912846211222800016"></source>
			<source file="../../workspace/dataset/test/FakeDNSServer.java" startline="153" endline="169" function="testResolveCNAME" hash="2303550180091881704"></source>
			<source file="../../workspace/dataset/test/FakeDNSServer.java" startline="171" endline="187" function="testResolvePTR" hash="6464764790577746144"></source>
			<source file="../../workspace/dataset/test/FakeDNSServer.java" startline="79" endline="96" function="testResolveAAAA" hash="9056164354459818885"></source>
			<source file="../../workspace/dataset/test/FakeDNSServer.java" startline="210" endline="227" function="testLookup4" hash="-4686286654716548784"></source>
			<source file="../../workspace/dataset/test/FakeDNSServer.java" startline="229" endline="246" function="testLookup6" hash="-6349819394007142261"></source>
		</class>
	</version>
	<version nr="510" hash="b4defc96c" evolution="Subtract" change="Inconsistent">
		<class nclones="2">
			<source file="../../workspace/dataset/test/FakeDNSServer.java" startline="61" endline="77" function="testResolveA" hash="684166709845079163"></source>
			<source file="../../workspace/dataset/test/FakeDNSServer.java" startline="213" endline="225" function="getRecords" hash="-1010938328077447741"></source>
		</class>
	</version>
	<version nr="520" hash="bd8373df7" evolution="Add" change="Inconsistent">
		<class nclones="10">
			<source file="../../workspace/dataset/test/FakeDNSServer.java" startline="61" endline="77" function="testResolveA" hash="684166709845079163"></source>
			<source file="../../workspace/dataset/test/FakeDNSServer.java" startline="98" endline="115" function="testResolveMX" hash="-7187870097331066963"></source>
			<source file="../../workspace/dataset/test/FakeDNSServer.java" startline="210" endline="227" function="testLookup4" hash="-4686286654716548784"></source>
			<source file="../../workspace/dataset/test/FakeDNSServer.java" startline="229" endline="246" function="testLookup6" hash="-6349819394007142261"></source>
			<source file="../../workspace/dataset/test/FakeDNSServer.java" startline="261" endline="277" function="testReverseLookup" hash="6464764790577746144"></source>
			<source file="../../workspace/dataset/test/FakeDNSServer.java" startline="117" endline="133" function="testResolveTXT" hash="-8222687551432931166"></source>
			<source file="../../workspace/dataset/test/FakeDNSServer.java" startline="171" endline="187" function="testResolvePTR" hash="6464764790577746144"></source>
			<source file="../../workspace/dataset/test/FakeDNSServer.java" startline="135" endline="151" function="testResolveNS" hash="-2912846211222800016"></source>
			<source file="../../workspace/dataset/test/FakeDNSServer.java" startline="79" endline="96" function="testResolveAAAA" hash="9056164354459818885"></source>
			<source file="../../workspace/dataset/test/FakeDNSServer.java" startline="153" endline="169" function="testResolveCNAME" hash="2303550180091881704"></source>
		</class>
	</version>
	<version nr="520" hash="bd8373df7" evolution="Subtract" change="Inconsistent">
		<class nclones="2">
			<source file="../../workspace/dataset/test/FakeDNSServer.java" startline="61" endline="77" function="testResolveA" hash="684166709845079163"></source>
			<source file="../../workspace/dataset/test/FakeDNSServer.java" startline="213" endline="225" function="getRecords" hash="-1010938328077447741"></source>
		</class>
	</version>
	<version nr="550" hash="5fdf305aa" evolution="Add" change="Inconsistent">
		<class nclones="10">
			<source file="../../workspace/dataset/test/FakeDNSServer.java" startline="61" endline="77" function="testResolveA" hash="684166709845079163"></source>
			<source file="../../workspace/dataset/test/FakeDNSServer.java" startline="261" endline="277" function="testReverseLookup" hash="6464764790577746144"></source>
			<source file="../../workspace/dataset/test/FakeDNSServer.java" startline="135" endline="151" function="testResolveNS" hash="-2912846211222800016"></source>
			<source file="../../workspace/dataset/test/FakeDNSServer.java" startline="98" endline="115" function="testResolveMX" hash="-7187870097331066963"></source>
			<source file="../../workspace/dataset/test/FakeDNSServer.java" startline="117" endline="133" function="testResolveTXT" hash="-8222687551432931166"></source>
			<source file="../../workspace/dataset/test/FakeDNSServer.java" startline="153" endline="169" function="testResolveCNAME" hash="2303550180091881704"></source>
			<source file="../../workspace/dataset/test/FakeDNSServer.java" startline="171" endline="187" function="testResolvePTR" hash="6464764790577746144"></source>
			<source file="../../workspace/dataset/test/FakeDNSServer.java" startline="210" endline="227" function="testLookup4" hash="-4686286654716548784"></source>
			<source file="../../workspace/dataset/test/FakeDNSServer.java" startline="79" endline="96" function="testResolveAAAA" hash="9056164354459818885"></source>
			<source file="../../workspace/dataset/test/FakeDNSServer.java" startline="229" endline="246" function="testLookup6" hash="-6349819394007142261"></source>
		</class>
	</version>
	<version nr="550" hash="5fdf305aa" evolution="Subtract" change="Inconsistent">
		<class nclones="2">
			<source file="../../workspace/dataset/test/FakeDNSServer.java" startline="61" endline="77" function="testResolveA" hash="684166709845079163"></source>
			<source file="../../workspace/dataset/test/FakeDNSServer.java" startline="213" endline="225" function="getRecords" hash="-1010938328077447741"></source>
		</class>
	</version>
	<version nr="560" hash="684eee3d2" evolution="Add" change="Inconsistent">
		<class nclones="10">
			<source file="../../workspace/dataset/test/FakeDNSServer.java" startline="61" endline="77" function="testResolveA" hash="684166709845079163"></source>
			<source file="../../workspace/dataset/test/FakeDNSServer.java" startline="153" endline="169" function="testResolveCNAME" hash="2303550180091881704"></source>
			<source file="../../workspace/dataset/test/FakeDNSServer.java" startline="117" endline="133" function="testResolveTXT" hash="-8222687551432931166"></source>
			<source file="../../workspace/dataset/test/FakeDNSServer.java" startline="171" endline="187" function="testResolvePTR" hash="6464764790577746144"></source>
			<source file="../../workspace/dataset/test/FakeDNSServer.java" startline="98" endline="115" function="testResolveMX" hash="-7187870097331066963"></source>
			<source file="../../workspace/dataset/test/FakeDNSServer.java" startline="261" endline="277" function="testReverseLookup" hash="6464764790577746144"></source>
			<source file="../../workspace/dataset/test/FakeDNSServer.java" startline="79" endline="96" function="testResolveAAAA" hash="9056164354459818885"></source>
			<source file="../../workspace/dataset/test/FakeDNSServer.java" startline="135" endline="151" function="testResolveNS" hash="-2912846211222800016"></source>
			<source file="../../workspace/dataset/test/FakeDNSServer.java" startline="229" endline="246" function="testLookup6" hash="-6349819394007142261"></source>
			<source file="../../workspace/dataset/test/FakeDNSServer.java" startline="210" endline="227" function="testLookup4" hash="-4686286654716548784"></source>
		</class>
	</version>
	<version nr="560" hash="684eee3d2" evolution="Subtract" change="Inconsistent">
		<class nclones="2">
			<source file="../../workspace/dataset/test/FakeDNSServer.java" startline="61" endline="77" function="testResolveA" hash="684166709845079163"></source>
			<source file="../../workspace/dataset/test/FakeDNSServer.java" startline="213" endline="225" function="getRecords" hash="-1010938328077447741"></source>
		</class>
	</version>
	<version nr="890" hash="7eedb314f" evolution="Same" change="Same">
		<class nclones="2">
			<source file="../../workspace/dataset/test/FakeDNSServer.java" startline="63" endline="79" function="testResolveA" hash="684166709845079163"></source>
			<source file="../../workspace/dataset/test/FakeDNSServer.java" startline="215" endline="227" function="getRecords" hash="-1010938328077447741"></source>
		</class>
	</version>
	<version nr="900" hash="39487f911" evolution="Same" change="Consistent">
		<class nclones="2">
			<source file="../../workspace/dataset/test/FakeDNSServer.java" startline="66" endline="77" function="getRecords" hash="1035055056266409882"></source>
			<source file="../../workspace/dataset/test/FakeDNSServer.java" startline="212" endline="229" function="testLookup4" hash="-4686286654716548784"></source>
		</class>
	</version>
	<version nr="900" hash="39487f911" evolution="Same" change="Inconsistent">
		<class nclones="2">
			<source file="../../workspace/dataset/test/FakeDNSServer.java" startline="66" endline="77" function="getRecords" hash="1035055056266409882"></source>
			<source file="../../workspace/dataset/test/FakeDNSServer.java" startline="84" endline="96" function="getRecords" hash="7037387250109579180"></source>
		</class>
	</version>
	<version nr="950" hash="b4bc6849b" evolution="Same" change="Same">
		<class nclones="2">
			<source file="../../workspace/dataset/test/FakeDNSServer.java" startline="66" endline="77" function="getRecords" hash="1035055056266409882"></source>
			<source file="../../workspace/dataset/test/FakeDNSServer.java" startline="84" endline="96" function="getRecords" hash="7037387250109579180"></source>
		</class>
	</version>
	<version nr="960" hash="148111ab3" evolution="Same" change="Inconsistent">
		<class nclones="2">
			<source file="../../workspace/dataset/test/FakeDNSServer.java" startline="63" endline="79" function="testResolveA" hash="684166709845079163"></source>
			<source file="../../workspace/dataset/test/FakeDNSServer.java" startline="84" endline="96" function="getRecords" hash="7037387250109579180"></source>
		</class>
	</version>
	<version nr="960" hash="148111ab3" evolution="Same" change="Inconsistent">
		<class nclones="2">
			<source file="../../workspace/dataset/test/FakeDNSServer.java" startline="84" endline="96" function="getRecords" hash="7037387250109579180"></source>
			<source file="../../workspace/dataset/test/FakeDNSServer.java" startline="231" endline="248" function="testLookup6" hash="-6349819394007142261"></source>
		</class>
	</version>
	<version nr="970" hash="a8da72327" evolution="Same" change="Consistent">
		<class nclones="2">
			<source file="../../workspace/dataset/test/FakeDNSServer.java" startline="176" endline="187" function="getRecords" hash="4404576952831193479"></source>
			<source file="../../workspace/dataset/test/FakeDNSServer.java" startline="263" endline="279" function="testReverseLookup" hash="6464764790577746144"></source>
		</class>
	</version>
	<version nr="1070" hash="d58b0e674" evolution="Same" change="Same">
		<class nclones="2">
			<source file="../../workspace/dataset/test/FakeDNSServer.java" startline="176" endline="187" function="getRecords" hash="4404576952831193479"></source>
			<source file="../../workspace/dataset/test/FakeDNSServer.java" startline="263" endline="279" function="testReverseLookup" hash="6464764790577746144"></source>
		</class>
	</version>
	<version nr="1090" hash="f90ecff6c" evolution="Add" change="Inconsistent">
		<class nclones="11">
			<source file="../../workspace/dataset/test/FakeDNSServer.java" startline="63" endline="79" function="testResolveA" hash="684166709845079163"></source>
			<source file="../../workspace/dataset/test/FakeDNSServer.java" startline="100" endline="117" function="testResolveMX" hash="-7187870097331066963"></source>
			<source file="../../workspace/dataset/test/FakeDNSServer.java" startline="81" endline="98" function="testResolveAAAA" hash="9056164354459818885"></source>
			<source file="../../workspace/dataset/test/FakeDNSServer.java" startline="263" endline="279" function="testReverseLookup" hash="6464764790577746144"></source>
			<source file="../../workspace/dataset/test/FakeDNSServer.java" startline="231" endline="248" function="testLookup6" hash="-6349819394007142261"></source>
			<source file="../../workspace/dataset/test/FakeDNSServer.java" startline="281" endline="297" function="testResolveASameServer" hash="6514272433800141168"></source>
			<source file="../../workspace/dataset/test/FakeDNSServer.java" startline="173" endline="189" function="testResolvePTR" hash="6464764790577746144"></source>
			<source file="../../workspace/dataset/test/FakeDNSServer.java" startline="212" endline="229" function="testLookup4" hash="-4686286654716548784"></source>
			<source file="../../workspace/dataset/test/FakeDNSServer.java" startline="119" endline="135" function="testResolveTXT" hash="-8222687551432931166"></source>
			<source file="../../workspace/dataset/test/FakeDNSServer.java" startline="137" endline="153" function="testResolveNS" hash="-2912846211222800016"></source>
			<source file="../../workspace/dataset/test/FakeDNSServer.java" startline="155" endline="171" function="testResolveCNAME" hash="2303550180091881704"></source>
		</class>
	</version>
	<version nr="1180" hash="d59ac007f" evolution="Same" change="Same">
		<class nclones="11">
			<source file="../../workspace/dataset/test/FakeDNSServer.java" startline="63" endline="79" function="testResolveA" hash="684166709845079163"></source>
			<source file="../../workspace/dataset/test/FakeDNSServer.java" startline="100" endline="117" function="testResolveMX" hash="-7187870097331066963"></source>
			<source file="../../workspace/dataset/test/FakeDNSServer.java" startline="81" endline="98" function="testResolveAAAA" hash="9056164354459818885"></source>
			<source file="../../workspace/dataset/test/FakeDNSServer.java" startline="263" endline="279" function="testReverseLookup" hash="6464764790577746144"></source>
			<source file="../../workspace/dataset/test/FakeDNSServer.java" startline="231" endline="248" function="testLookup6" hash="-6349819394007142261"></source>
			<source file="../../workspace/dataset/test/FakeDNSServer.java" startline="281" endline="297" function="testResolveASameServer" hash="6514272433800141168"></source>
			<source file="../../workspace/dataset/test/FakeDNSServer.java" startline="173" endline="189" function="testResolvePTR" hash="6464764790577746144"></source>
			<source file="../../workspace/dataset/test/FakeDNSServer.java" startline="212" endline="229" function="testLookup4" hash="-4686286654716548784"></source>
			<source file="../../workspace/dataset/test/FakeDNSServer.java" startline="119" endline="135" function="testResolveTXT" hash="-8222687551432931166"></source>
			<source file="../../workspace/dataset/test/FakeDNSServer.java" startline="137" endline="153" function="testResolveNS" hash="-2912846211222800016"></source>
			<source file="../../workspace/dataset/test/FakeDNSServer.java" startline="155" endline="171" function="testResolveCNAME" hash="2303550180091881704"></source>
		</class>
	</version>
</lineage>
<lineage>
	<version nr="300" hash="776fb3c51" evolution="None" change="None">
		<class nclones="4">
			<source file="../../workspace/dataset/test/FakeDNSServer.java" startline="129" endline="140" function="getRecords" hash="9041190612020534251"></source>
			<source file="../../workspace/dataset/test/FakeDNSServer.java" startline="147" endline="158" function="getRecords" hash="-6269652067989461973"></source>
			<source file="../../workspace/dataset/test/FakeDNSServer.java" startline="165" endline="176" function="getRecords" hash="4404576952831193479"></source>
			<source file="../../workspace/dataset/test/FakeDNSServer.java" startline="252" endline="268" function="testReverseLookup" hash="6464764790577746144"></source>
		</class>
	</version>
	<version nr="410" hash="01c7f6236" evolution="Subtract" change="Consistent">
		<class nclones="2">
			<source file="../../workspace/dataset/test/FakeDNSServer.java" startline="61" endline="77" function="testResolveA" hash="684166709845079163"></source>
			<source file="../../workspace/dataset/test/FakeDNSServer.java" startline="213" endline="225" function="getRecords" hash="-1010938328077447741"></source>
		</class>
	</version>
	<version nr="720" hash="78dedf7fd" evolution="Same" change="Consistent">
		<class nclones="2">
			<source file="../../workspace/dataset/test/FakeDNSServer.java" startline="84" endline="96" function="getRecords" hash="7037387250109579180"></source>
			<source file="../../workspace/dataset/test/FakeDNSServer.java" startline="231" endline="248" function="testLookup6" hash="-6349819394007142261"></source>
		</class>
	</version>
	<version nr="890" hash="7eedb314f" evolution="Same" change="Same">
		<class nclones="2">
			<source file="../../workspace/dataset/test/FakeDNSServer.java" startline="84" endline="96" function="getRecords" hash="7037387250109579180"></source>
			<source file="../../workspace/dataset/test/FakeDNSServer.java" startline="231" endline="248" function="testLookup6" hash="-6349819394007142261"></source>
		</class>
	</version>
	<version nr="960" hash="148111ab3" evolution="Same" change="Consistent">
		<class nclones="2">
			<source file="../../workspace/dataset/test/FakeDNSServer.java" startline="176" endline="187" function="getRecords" hash="4404576952831193479"></source>
			<source file="../../workspace/dataset/test/FakeDNSServer.java" startline="263" endline="279" function="testReverseLookup" hash="6464764790577746144"></source>
		</class>
	</version>
</lineage>
<lineage>
	<version nr="300" hash="776fb3c51" evolution="None" change="None">
		<class nclones="2">
			<source file="../../workspace/dataset/test/FakeDNSServer.java" startline="52" endline="68" function="testResolveA" hash="684166709845079163"></source>
			<source file="../../workspace/dataset/test/FakeDNSServer.java" startline="204" endline="216" function="getRecords" hash="-1010938328077447741"></source>
		</class>
	</version>
</lineage>
<lineage>
	<version nr="300" hash="776fb3c51" evolution="None" change="None">
		<class nclones="2">
			<source file="../../workspace/dataset/test/FakeDNSServer.java" startline="73" endline="85" function="getRecords" hash="7037387250109579180"></source>
			<source file="../../workspace/dataset/test/FakeDNSServer.java" startline="220" endline="237" function="testLookup6" hash="-6349819394007142261"></source>
		</class>
	</version>
</lineage>
<lineage>
	<version nr="410" hash="01c7f6236" evolution="None" change="None">
		<class nclones="2">
			<source file="../../workspace/dataset/test/VertxOptionsTest.java" startline="132" endline="163" function="testCopyOptions" hash="7200427289169255217"></source>
			<source file="../../workspace/dataset/test/VertxOptionsTest.java" startline="166" endline="210" function="testJsonOptions" hash="-5928230497465939859"></source>
		</class>
	</version>
	<version nr="420" hash="74267e8ef" evolution="Same" change="Consistent">
		<class nclones="2">
			<source file="../../workspace/dataset/test/VertxOptionsTest.java" startline="132" endline="163" function="testCopyOptions" hash="1940767225614064487"></source>
			<source file="../../workspace/dataset/test/VertxOptionsTest.java" startline="166" endline="210" function="testJsonOptions" hash="-5315067736437228533"></source>
		</class>
	</version>
	<version nr="430" hash="575018090" evolution="Same" change="Consistent">
		<class nclones="2">
			<source file="../../workspace/dataset/test/VertxOptionsTest.java" startline="157" endline="198" function="testCopyOptions" hash="-4597307085961746142"></source>
			<source file="../../workspace/dataset/test/VertxOptionsTest.java" startline="201" endline="258" function="testJsonOptions" hash="-7516656914249582787"></source>
		</class>
	</version>
	<version nr="470" hash="218abc18c" evolution="Same" change="Same">
		<class nclones="2">
			<source file="../../workspace/dataset/test/VertxOptionsTest.java" startline="157" endline="198" function="testCopyOptions" hash="-4597307085961746142"></source>
			<source file="../../workspace/dataset/test/VertxOptionsTest.java" startline="201" endline="258" function="testJsonOptions" hash="-7516656914249582787"></source>
		</class>
	</version>
	<version nr="480" hash="742ceb53e" evolution="Same" change="Consistent">
		<class nclones="2">
			<source file="../../workspace/dataset/test/VertxOptionsTest.java" startline="157" endline="198" function="testCopyOptions" hash="-8083422504105645900"></source>
			<source file="../../workspace/dataset/test/VertxOptionsTest.java" startline="219" endline="276" function="testJsonOptions" hash="-4973605530624858707"></source>
		</class>
	</version>
	<version nr="500" hash="107aad176" evolution="Same" change="Same">
		<class nclones="2">
			<source file="../../workspace/dataset/test/VertxOptionsTest.java" startline="157" endline="198" function="testCopyOptions" hash="-8083422504105645900"></source>
			<source file="../../workspace/dataset/test/VertxOptionsTest.java" startline="219" endline="276" function="testJsonOptions" hash="-4973605530624858707"></source>
		</class>
	</version>
	<version nr="510" hash="b4defc96c" evolution="Same" change="Consistent">
		<class nclones="2">
			<source file="../../workspace/dataset/test/VertxOptionsTest.java" startline="171" endline="221" function="testCopyOptions" hash="-7183836328708789262"></source>
			<source file="../../workspace/dataset/test/VertxOptionsTest.java" startline="242" endline="311" function="testJsonOptions" hash="-5715184782934129160"></source>
		</class>
	</version>
	<version nr="520" hash="bd8373df7" evolution="Same" change="Consistent">
		<class nclones="2">
			<source file="../../workspace/dataset/test/VertxOptionsTest.java" startline="161" endline="209" function="testCopyOptions" hash="4899976757522051040"></source>
			<source file="../../workspace/dataset/test/VertxOptionsTest.java" startline="229" endline="296" function="testJsonOptions" hash="-2848468940213641905"></source>
		</class>
	</version>
	<version nr="530" hash="941fdb7dd" evolution="Same" change="Consistent">
		<class nclones="2">
			<source file="../../workspace/dataset/test/VertxOptionsTest.java" startline="181" endline="235" function="testCopyOptions" hash="7495853168628852339"></source>
			<source file="../../workspace/dataset/test/VertxOptionsTest.java" startline="257" endline="332" function="testJsonOptions" hash="-893617859993928489"></source>
		</class>
	</version>
	<version nr="610" hash="4ddcc8431" evolution="Same" change="Same">
		<class nclones="2">
			<source file="../../workspace/dataset/test/VertxOptionsTest.java" startline="181" endline="235" function="testCopyOptions" hash="7495853168628852339"></source>
			<source file="../../workspace/dataset/test/VertxOptionsTest.java" startline="257" endline="332" function="testJsonOptions" hash="-893617859993928489"></source>
		</class>
	</version>
	<version nr="620" hash="986ac79d7" evolution="Same" change="Consistent">
		<class nclones="2">
			<source file="../../workspace/dataset/test/VertxOptionsTest.java" startline="170" endline="228" function="testCopyOptions" hash="-1077294790529504000"></source>
			<source file="../../workspace/dataset/test/VertxOptionsTest.java" startline="250" endline="324" function="testJsonOptions" hash="-341567733266740818"></source>
		</class>
	</version>
	<version nr="640" hash="b0d84cefe" evolution="Same" change="Same">
		<class nclones="2">
			<source file="../../workspace/dataset/test/VertxOptionsTest.java" startline="170" endline="228" function="testCopyOptions" hash="-1077294790529504000"></source>
			<source file="../../workspace/dataset/test/VertxOptionsTest.java" startline="250" endline="324" function="testJsonOptions" hash="-341567733266740818"></source>
		</class>
	</version>
	<version nr="650" hash="387c2403e" evolution="Same" change="Consistent">
		<class nclones="2">
			<source file="../../workspace/dataset/test/VertxOptionsTest.java" startline="170" endline="222" function="testCopyOptions" hash="8713110034489087537"></source>
			<source file="../../workspace/dataset/test/VertxOptionsTest.java" startline="244" endline="316" function="testJsonOptions" hash="-1755944307329256731"></source>
		</class>
	</version>
	<version nr="700" hash="dbe6ec333" evolution="Same" change="Same">
		<class nclones="2">
			<source file="../../workspace/dataset/test/VertxOptionsTest.java" startline="170" endline="222" function="testCopyOptions" hash="8713110034489087537"></source>
			<source file="../../workspace/dataset/test/VertxOptionsTest.java" startline="244" endline="316" function="testJsonOptions" hash="-1755944307329256731"></source>
		</class>
	</version>
	<version nr="710" hash="110fba7eb" evolution="Same" change="Inconsistent">
		<class nclones="2">
			<source file="../../workspace/dataset/test/VertxOptionsTest.java" startline="176" endline="228" function="testCopyOptions" hash="8713110034489087537"></source>
			<source file="../../workspace/dataset/test/VertxOptionsTest.java" startline="250" endline="322" function="testJsonOptions" hash="-4679961794641184860"></source>
		</class>
	</version>
	<version nr="730" hash="9a48d5298" evolution="Same" change="Same">
		<class nclones="2">
			<source file="../../workspace/dataset/test/VertxOptionsTest.java" startline="176" endline="228" function="testCopyOptions" hash="8713110034489087537"></source>
			<source file="../../workspace/dataset/test/VertxOptionsTest.java" startline="250" endline="322" function="testJsonOptions" hash="-4679961794641184860"></source>
		</class>
	</version>
	<version nr="740" hash="991296401" evolution="Same" change="Consistent">
		<class nclones="2">
			<source file="../../workspace/dataset/test/VertxOptionsTest.java" startline="185" endline="240" function="testCopyOptions" hash="-3560774659429040829"></source>
			<source file="../../workspace/dataset/test/VertxOptionsTest.java" startline="263" endline="339" function="testJsonOptions" hash="-1713481909634063634"></source>
		</class>
	</version>
	<version nr="810" hash="04b57a268" evolution="Same" change="Same">
		<class nclones="2">
			<source file="../../workspace/dataset/test/VertxOptionsTest.java" startline="185" endline="240" function="testCopyOptions" hash="-3560774659429040829"></source>
			<source file="../../workspace/dataset/test/VertxOptionsTest.java" startline="263" endline="339" function="testJsonOptions" hash="-1713481909634063634"></source>
		</class>
	</version>
	<version nr="820" hash="fe8bf4032" evolution="Same" change="Consistent">
		<class nclones="2">
			<source file="../../workspace/dataset/test/VertxOptionsTest.java" startline="185" endline="240" function="testCopyOptions" hash="-5118137118489728911"></source>
			<source file="../../workspace/dataset/test/VertxOptionsTest.java" startline="263" endline="339" function="testJsonOptions" hash="6260659164501531310"></source>
		</class>
	</version>
	<version nr="870" hash="1e838dde1" evolution="Same" change="Same">
		<class nclones="2">
			<source file="../../workspace/dataset/test/VertxOptionsTest.java" startline="185" endline="240" function="testCopyOptions" hash="-5118137118489728911"></source>
			<source file="../../workspace/dataset/test/VertxOptionsTest.java" startline="263" endline="339" function="testJsonOptions" hash="6260659164501531310"></source>
		</class>
	</version>
	<version nr="880" hash="38e8f65ba" evolution="Same" change="Consistent">
		<class nclones="2">
			<source file="../../workspace/dataset/test/VertxOptionsTest.java" startline="204" endline="264" function="testCopyOptions" hash="-1383726666085199105"></source>
			<source file="../../workspace/dataset/test/VertxOptionsTest.java" startline="289" endline="373" function="testJsonOptions" hash="-374555711673684624"></source>
		</class>
	</version>
	<version nr="1480" hash="98179d3f5" evolution="Same" change="Same">
		<class nclones="2">
			<source file="../../workspace/dataset/test/VertxOptionsTest.java" startline="204" endline="264" function="testCopyOptions" hash="-1383726666085199105"></source>
			<source file="../../workspace/dataset/test/VertxOptionsTest.java" startline="289" endline="373" function="testJsonOptions" hash="-374555711673684624"></source>
		</class>
	</version>
	<version nr="1490" hash="d4900f27a" evolution="Same" change="Consistent">
		<class nclones="2">
			<source file="../../workspace/dataset/test/VertxOptionsTest.java" startline="204" endline="267" function="testCopyOptions" hash="-5780712354918709950"></source>
			<source file="../../workspace/dataset/test/VertxOptionsTest.java" startline="293" endline="380" function="testJsonOptions" hash="-7717270402221087850"></source>
		</class>
	</version>
	<version nr="1760" hash="4df0dbb81" evolution="Same" change="Same">
		<class nclones="2">
			<source file="../../workspace/dataset/test/VertxOptionsTest.java" startline="204" endline="267" function="testCopyOptions" hash="-5780712354918709950"></source>
			<source file="../../workspace/dataset/test/VertxOptionsTest.java" startline="293" endline="380" function="testJsonOptions" hash="-7717270402221087850"></source>
		</class>
	</version>
	<version nr="1770" hash="a4d13b6e2" evolution="Same" change="Consistent">
		<class nclones="2">
			<source file="../../workspace/dataset/test/VertxOptionsTest.java" startline="209" endline="285" function="testCopyOptions" hash="-4998677561275680226"></source>
			<source file="../../workspace/dataset/test/VertxOptionsTest.java" startline="315" endline="418" function="testJsonOptions" hash="-4387327134367213196"></source>
		</class>
	</version>
	<version nr="1830" hash="10d536a16" evolution="Same" change="Same">
		<class nclones="2">
			<source file="../../workspace/dataset/test/VertxOptionsTest.java" startline="209" endline="285" function="testCopyOptions" hash="-4998677561275680226"></source>
			<source file="../../workspace/dataset/test/VertxOptionsTest.java" startline="315" endline="418" function="testJsonOptions" hash="-4387327134367213196"></source>
		</class>
	</version>
	<version nr="1840" hash="688194599" evolution="Same" change="Inconsistent">
		<class nclones="2">
			<source file="../../workspace/dataset/test/VertxOptionsTest.java" startline="210" endline="286" function="testCopyOptions" hash="-4998677561275680226"></source>
			<source file="../../workspace/dataset/test/VertxOptionsTest.java" startline="316" endline="426" function="testJsonOptions" hash="357205983797238836"></source>
		</class>
	</version>
	<version nr="1890" hash="29246ee2f" evolution="Same" change="Same">
		<class nclones="2">
			<source file="../../workspace/dataset/test/VertxOptionsTest.java" startline="210" endline="286" function="testCopyOptions" hash="-4998677561275680226"></source>
			<source file="../../workspace/dataset/test/VertxOptionsTest.java" startline="316" endline="426" function="testJsonOptions" hash="357205983797238836"></source>
		</class>
	</version>
	<version nr="1900" hash="74c4419fa" evolution="Same" change="Inconsistent">
		<class nclones="2">
			<source file="../../workspace/dataset/test/VertxOptionsTest.java" startline="211" endline="287" function="testCopyOptions" hash="-4998677561275680226"></source>
			<source file="../../workspace/dataset/test/VertxOptionsTest.java" startline="317" endline="427" function="testJsonOptions" hash="5178491304578247220"></source>
		</class>
	</version>
	<version nr="2030" hash="10c6f90d8" evolution="Same" change="Same">
		<class nclones="2">
			<source file="../../workspace/dataset/test/VertxOptionsTest.java" startline="211" endline="287" function="testCopyOptions" hash="-4998677561275680226"></source>
			<source file="../../workspace/dataset/test/VertxOptionsTest.java" startline="317" endline="427" function="testJsonOptions" hash="5178491304578247220"></source>
		</class>
	</version>
	<version nr="2040" hash="299d4b2ac" evolution="Same" change="Consistent">
		<class nclones="2">
			<source file="../../workspace/dataset/test/VertxOptionsTest.java" startline="211" endline="285" function="testCopyOptions" hash="8246846803990041531"></source>
			<source file="../../workspace/dataset/test/VertxOptionsTest.java" startline="314" endline="423" function="testJsonOptions" hash="-4915665321673392034"></source>
		</class>
	</version>
	<version nr="2080" hash="14fb13b32" evolution="Same" change="Same">
		<class nclones="2">
			<source file="../../workspace/dataset/test/VertxOptionsTest.java" startline="211" endline="285" function="testCopyOptions" hash="8246846803990041531"></source>
			<source file="../../workspace/dataset/test/VertxOptionsTest.java" startline="314" endline="423" function="testJsonOptions" hash="-4915665321673392034"></source>
		</class>
	</version>
	<version nr="2090" hash="fd7bf15f3" evolution="Same" change="Consistent">
		<class nclones="2">
			<source file="../../workspace/dataset/test/VertxOptionsTest.java" startline="211" endline="285" function="testCopyOptions" hash="5526439065980174191"></source>
			<source file="../../workspace/dataset/test/VertxOptionsTest.java" startline="314" endline="423" function="testJsonOptions" hash="263397363887183130"></source>
		</class>
	</version>
	<version nr="2460" hash="2727979cf" evolution="Same" change="Same">
		<class nclones="2">
			<source file="../../workspace/dataset/test/VertxOptionsTest.java" startline="211" endline="285" function="testCopyOptions" hash="5526439065980174191"></source>
			<source file="../../workspace/dataset/test/VertxOptionsTest.java" startline="314" endline="423" function="testJsonOptions" hash="263397363887183130"></source>
		</class>
	</version>
	<version nr="2470" hash="23078d30c" evolution="Same" change="Inconsistent">
		<class nclones="2">
			<source file="../../workspace/dataset/test/VertxOptionsTest.java" startline="208" endline="282" function="testCopyOptions" hash="5526439065980174191"></source>
			<source file="../../workspace/dataset/test/VertxOptionsTest.java" startline="310" endline="420" function="testJsonOptions" hash="-2475964100020103067"></source>
		</class>
	</version>
	<version nr="2520" hash="b8a93913a" evolution="Same" change="Same">
		<class nclones="2">
			<source file="../../workspace/dataset/test/VertxOptionsTest.java" startline="208" endline="282" function="testCopyOptions" hash="5526439065980174191"></source>
			<source file="../../workspace/dataset/test/VertxOptionsTest.java" startline="310" endline="420" function="testJsonOptions" hash="-2475964100020103067"></source>
		</class>
	</version>
	<version nr="2530" hash="6cb5277af" evolution="Same" change="Inconsistent">
		<class nclones="2">
			<source file="../../workspace/dataset/test/VertxOptionsTest.java" startline="208" endline="282" function="testCopyOptions" hash="5526439065980174191"></source>
			<source file="../../workspace/dataset/test/VertxOptionsTest.java" startline="310" endline="420" function="testJsonOptions" hash="5026505247964428855"></source>
		</class>
	</version>
	<version nr="2810" hash="f5d65be4b" evolution="Same" change="Same">
		<class nclones="2">
			<source file="../../workspace/dataset/test/VertxOptionsTest.java" startline="208" endline="282" function="testCopyOptions" hash="5526439065980174191"></source>
			<source file="../../workspace/dataset/test/VertxOptionsTest.java" startline="310" endline="420" function="testJsonOptions" hash="5026505247964428855"></source>
		</class>
	</version>
	<version nr="2820" hash="11ab14472" evolution="Same" change="Consistent">
		<class nclones="2">
			<source file="../../workspace/dataset/test/VertxOptionsTest.java" startline="210" endline="290" function="testCopyOptions" hash="-6527884107364783201"></source>
			<source file="../../workspace/dataset/test/VertxOptionsTest.java" startline="318" endline="430" function="testJsonOptions" hash="-5719580948481171454"></source>
		</class>
	</version>
	<version nr="3040" hash="b7ec7df48" evolution="Same" change="Same">
		<class nclones="2">
			<source file="../../workspace/dataset/test/VertxOptionsTest.java" startline="210" endline="290" function="testCopyOptions" hash="-6527884107364783201"></source>
			<source file="../../workspace/dataset/test/VertxOptionsTest.java" startline="318" endline="430" function="testJsonOptions" hash="-5719580948481171454"></source>
		</class>
	</version>
</lineage>
<lineage>
	<version nr="520" hash="bd8373df7" evolution="None" change="None">
		<class nclones="2">
			<source file="../../workspace/dataset/test/JsonObjectTest.java" startline="1171" endline="1193" function="testIterator" hash="1741766352620598757"></source>
			<source file="../../workspace/dataset/test/JsonObjectTest.java" startline="1196" endline="1216" function="testStream" hash="8268008695930573295"></source>
		</class>
	</version>
	<version nr="740" hash="991296401" evolution="Same" change="Same">
		<class nclones="2">
			<source file="../../workspace/dataset/test/JsonObjectTest.java" startline="1171" endline="1193" function="testIterator" hash="1741766352620598757"></source>
			<source file="../../workspace/dataset/test/JsonObjectTest.java" startline="1196" endline="1216" function="testStream" hash="8268008695930573295"></source>
		</class>
	</version>
	<version nr="750" hash="9d0255696" evolution="Same" change="Inconsistent">
		<class nclones="2">
			<source file="../../workspace/dataset/test/JsonObjectTest.java" startline="1206" endline="1228" function="testIterator" hash="1741766352620598757"></source>
			<source file="../../workspace/dataset/test/JsonObjectTest.java" startline="1231" endline="1251" function="testStream" hash="3225548485331000291"></source>
		</class>
	</version>
	<version nr="770" hash="82c8821ea" evolution="Same" change="Same">
		<class nclones="2">
			<source file="../../workspace/dataset/test/JsonObjectTest.java" startline="1206" endline="1228" function="testIterator" hash="1741766352620598757"></source>
			<source file="../../workspace/dataset/test/JsonObjectTest.java" startline="1231" endline="1251" function="testStream" hash="3225548485331000291"></source>
		</class>
	</version>
	<version nr="780" hash="5177e8fba" evolution="Same" change="Inconsistent">
		<class nclones="2">
			<source file="../../workspace/dataset/test/JsonObjectTest.java" startline="1206" endline="1228" function="testIterator" hash="1741766352620598757"></source>
			<source file="../../workspace/dataset/test/JsonObjectTest.java" startline="1231" endline="1251" function="testStream" hash="8268008695930573295"></source>
		</class>
	</version>
	<version nr="910" hash="6f08587f2" evolution="Same" change="Same">
		<class nclones="2">
			<source file="../../workspace/dataset/test/JsonObjectTest.java" startline="1206" endline="1228" function="testIterator" hash="1741766352620598757"></source>
			<source file="../../workspace/dataset/test/JsonObjectTest.java" startline="1231" endline="1251" function="testStream" hash="8268008695930573295"></source>
		</class>
	</version>
</lineage>
<lineage>
	<version nr="520" hash="bd8373df7" evolution="None" change="None">
		<class nclones="2">
			<source file="../../workspace/dataset/test/JsonObjectTest.java" startline="1259" endline="1271" function="testInvalidValsOnCopy2" hash="-1773176436497825693"></source>
			<source file="../../workspace/dataset/test/JsonObjectTest.java" startline="1274" endline="1286" function="testInvalidValsOnCopy3" hash="311314473809566913"></source>
		</class>
	</version>
	<version nr="910" hash="6f08587f2" evolution="Same" change="Same">
		<class nclones="2">
			<source file="../../workspace/dataset/test/JsonObjectTest.java" startline="1259" endline="1271" function="testInvalidValsOnCopy2" hash="-1773176436497825693"></source>
			<source file="../../workspace/dataset/test/JsonObjectTest.java" startline="1274" endline="1286" function="testInvalidValsOnCopy3" hash="311314473809566913"></source>
		</class>
	</version>
</lineage>
<lineage>
	<version nr="520" hash="bd8373df7" evolution="None" change="None">
		<class nclones="2">
			<source file="../../workspace/dataset/test/JsonArrayTest.java" startline="576" endline="595" function="testIterator" hash="-441391616726309540"></source>
			<source file="../../workspace/dataset/test/JsonArrayTest.java" startline="598" endline="615" function="testStream" hash="3663361636489813742"></source>
		</class>
	</version>
	<version nr="740" hash="991296401" evolution="Same" change="Same">
		<class nclones="2">
			<source file="../../workspace/dataset/test/JsonArrayTest.java" startline="622" endline="641" function="testIterator" hash="-441391616726309540"></source>
			<source file="../../workspace/dataset/test/JsonArrayTest.java" startline="644" endline="661" function="testStream" hash="3663361636489813742"></source>
		</class>
	</version>
	<version nr="750" hash="9d0255696" evolution="Same" change="Inconsistent">
		<class nclones="2">
			<source file="../../workspace/dataset/test/JsonArrayTest.java" startline="656" endline="675" function="testIterator" hash="-441391616726309540"></source>
			<source file="../../workspace/dataset/test/JsonArrayTest.java" startline="678" endline="695" function="testStream" hash="-1556329635639563462"></source>
		</class>
	</version>
	<version nr="770" hash="82c8821ea" evolution="Same" change="Same">
		<class nclones="2">
			<source file="../../workspace/dataset/test/JsonArrayTest.java" startline="656" endline="675" function="testIterator" hash="-441391616726309540"></source>
			<source file="../../workspace/dataset/test/JsonArrayTest.java" startline="678" endline="695" function="testStream" hash="-1556329635639563462"></source>
		</class>
	</version>
	<version nr="780" hash="5177e8fba" evolution="Same" change="Inconsistent">
		<class nclones="2">
			<source file="../../workspace/dataset/test/JsonArrayTest.java" startline="671" endline="690" function="testIterator" hash="-441391616726309540"></source>
			<source file="../../workspace/dataset/test/JsonArrayTest.java" startline="693" endline="710" function="testStream" hash="3663361636489813742"></source>
		</class>
	</version>
	<version nr="910" hash="6f08587f2" evolution="Same" change="Same">
		<class nclones="2">
			<source file="../../workspace/dataset/test/JsonArrayTest.java" startline="671" endline="690" function="testIterator" hash="-441391616726309540"></source>
			<source file="../../workspace/dataset/test/JsonArrayTest.java" startline="693" endline="710" function="testStream" hash="3663361636489813742"></source>
		</class>
	</version>
</lineage>
<lineage>
	<version nr="520" hash="bd8373df7" evolution="None" change="None">
		<class nclones="2">
			<source file="../../workspace/dataset/test/JsonArrayTest.java" startline="653" endline="665" function="testInvalidValsOnCopy2" hash="9212921812797603011"></source>
			<source file="../../workspace/dataset/test/JsonArrayTest.java" startline="668" endline="680" function="testInvalidValsOnCopy3" hash="8146175226415101929"></source>
		</class>
	</version>
	<version nr="910" hash="6f08587f2" evolution="Same" change="Same">
		<class nclones="2">
			<source file="../../workspace/dataset/test/JsonArrayTest.java" startline="699" endline="711" function="testInvalidValsOnCopy2" hash="9212921812797603011"></source>
			<source file="../../workspace/dataset/test/JsonArrayTest.java" startline="714" endline="726" function="testInvalidValsOnCopy3" hash="8146175226415101929"></source>
		</class>
	</version>
</lineage>
<lineage>
	<version nr="520" hash="bd8373df7" evolution="None" change="None">
		<class nclones="2">
			<source file="../../workspace/dataset/test/JsonArrayTest.java" startline="686" endline="702" function="testEncode" hash="665791540659154372"></source>
			<source file="../../workspace/dataset/test/JsonArrayTest.java" startline="726" endline="744" function="testEncodePrettily" hash="-5560205982619703701"></source>
		</class>
	</version>
	<version nr="640" hash="b0d84cefe" evolution="Same" change="Same">
		<class nclones="2">
			<source file="../../workspace/dataset/test/JsonArrayTest.java" startline="732" endline="748" function="testEncode" hash="665791540659154372"></source>
			<source file="../../workspace/dataset/test/JsonArrayTest.java" startline="772" endline="790" function="testEncodePrettily" hash="-5560205982619703701"></source>
		</class>
	</version>
	<version nr="650" hash="387c2403e" evolution="Same" change="Inconsistent">
		<class nclones="2">
			<source file="../../workspace/dataset/test/JsonArrayTest.java" startline="766" endline="782" function="testEncode" hash="665791540659154372"></source>
			<source file="../../workspace/dataset/test/JsonArrayTest.java" startline="806" endline="824" function="testEncodePrettily" hash="3924842930055783389"></source>
		</class>
	</version>
	<version nr="910" hash="6f08587f2" evolution="Same" change="Same">
		<class nclones="2">
			<source file="../../workspace/dataset/test/JsonArrayTest.java" startline="766" endline="782" function="testEncode" hash="665791540659154372"></source>
			<source file="../../workspace/dataset/test/JsonArrayTest.java" startline="806" endline="824" function="testEncodePrettily" hash="3924842930055783389"></source>
		</class>
	</version>
</lineage>
<lineage>
	<version nr="520" hash="bd8373df7" evolution="None" change="None">
		<class nclones="2">
			<source file="../../workspace/dataset/test/JsonArrayTest.java" startline="822" endline="833" function="testCreateFromListNestedJsonObject" hash="-6259895847103313970"></source>
			<source file="../../workspace/dataset/test/JsonArrayTest.java" startline="836" endline="849" function="testCreateFromListNestedMap" hash="9165545905904928370"></source>
		</class>
	</version>
	<version nr="530" hash="941fdb7dd" evolution="Same" change="Same">
		<class nclones="2">
			<source file="../../workspace/dataset/test/JsonArrayTest.java" startline="868" endline="879" function="testCreateFromListNestedJsonObject" hash="-6259895847103313970"></source>
			<source file="../../workspace/dataset/test/JsonArrayTest.java" startline="882" endline="895" function="testCreateFromListNestedMap" hash="9165545905904928370"></source>
		</class>
	</version>
	<version nr="530" hash="941fdb7dd" evolution="Same" change="Inconsistent">
		<class nclones="2">
			<source file="../../workspace/dataset/test/JsonArrayTest.java" startline="868" endline="879" function="testCreateFromListNestedJsonObject" hash="-6259895847103313970"></source>
			<source file="../../workspace/dataset/test/JsonArrayTest.java" startline="898" endline="909" function="testCreateFromListNestedJsonArray" hash="-4621926435519848184"></source>
		</class>
	</version>
	<version nr="530" hash="941fdb7dd" evolution="Same" change="Inconsistent">
		<class nclones="2">
			<source file="../../workspace/dataset/test/JsonArrayTest.java" startline="882" endline="895" function="testCreateFromListNestedMap" hash="9165545905904928370"></source>
			<source file="../../workspace/dataset/test/JsonArrayTest.java" startline="898" endline="909" function="testCreateFromListNestedJsonArray" hash="-4621926435519848184"></source>
		</class>
	</version>
	<version nr="540" hash="fe316372a" evolution="Same" change="Inconsistent">
		<class nclones="2">
			<source file="../../workspace/dataset/test/JsonArrayTest.java" startline="868" endline="879" function="testCreateFromListNestedJsonObject" hash="-6259895847103313970"></source>
			<source file="../../workspace/dataset/test/JsonArrayTest.java" startline="882" endline="895" function="testCreateFromListNestedMap" hash="9165545905904928370"></source>
		</class>
	</version>
	<version nr="540" hash="fe316372a" evolution="Same" change="Inconsistent">
		<class nclones="2">
			<source file="../../workspace/dataset/test/JsonArrayTest.java" startline="868" endline="879" function="testCreateFromListNestedJsonObject" hash="-6259895847103313970"></source>
			<source file="../../workspace/dataset/test/JsonArrayTest.java" startline="898" endline="909" function="testCreateFromListNestedJsonArray" hash="-4621926435519848184"></source>
		</class>
	</version>
	<version nr="540" hash="fe316372a" evolution="Same" change="Inconsistent">
		<class nclones="2">
			<source file="../../workspace/dataset/test/JsonArrayTest.java" startline="882" endline="895" function="testCreateFromListNestedMap" hash="9165545905904928370"></source>
			<source file="../../workspace/dataset/test/JsonArrayTest.java" startline="898" endline="909" function="testCreateFromListNestedJsonArray" hash="-4621926435519848184"></source>
		</class>
	</version>
	<version nr="550" hash="5fdf305aa" evolution="Same" change="Inconsistent">
		<class nclones="2">
			<source file="../../workspace/dataset/test/JsonArrayTest.java" startline="868" endline="879" function="testCreateFromListNestedJsonObject" hash="-6259895847103313970"></source>
			<source file="../../workspace/dataset/test/JsonArrayTest.java" startline="882" endline="895" function="testCreateFromListNestedMap" hash="9165545905904928370"></source>
		</class>
	</version>
	<version nr="550" hash="5fdf305aa" evolution="Same" change="Inconsistent">
		<class nclones="2">
			<source file="../../workspace/dataset/test/JsonArrayTest.java" startline="868" endline="879" function="testCreateFromListNestedJsonObject" hash="-6259895847103313970"></source>
			<source file="../../workspace/dataset/test/JsonArrayTest.java" startline="898" endline="909" function="testCreateFromListNestedJsonArray" hash="-4621926435519848184"></source>
		</class>
	</version>
	<version nr="550" hash="5fdf305aa" evolution="Same" change="Inconsistent">
		<class nclones="2">
			<source file="../../workspace/dataset/test/JsonArrayTest.java" startline="882" endline="895" function="testCreateFromListNestedMap" hash="9165545905904928370"></source>
			<source file="../../workspace/dataset/test/JsonArrayTest.java" startline="898" endline="909" function="testCreateFromListNestedJsonArray" hash="-4621926435519848184"></source>
		</class>
	</version>
	<version nr="560" hash="684eee3d2" evolution="Same" change="Inconsistent">
		<class nclones="2">
			<source file="../../workspace/dataset/test/JsonArrayTest.java" startline="869" endline="880" function="testCreateFromListNestedJsonObject" hash="-6259895847103313970"></source>
			<source file="../../workspace/dataset/test/JsonArrayTest.java" startline="883" endline="896" function="testCreateFromListNestedMap" hash="9165545905904928370"></source>
		</class>
	</version>
	<version nr="560" hash="684eee3d2" evolution="Same" change="Inconsistent">
		<class nclones="2">
			<source file="../../workspace/dataset/test/JsonArrayTest.java" startline="869" endline="880" function="testCreateFromListNestedJsonObject" hash="-6259895847103313970"></source>
			<source file="../../workspace/dataset/test/JsonArrayTest.java" startline="899" endline="910" function="testCreateFromListNestedJsonArray" hash="-4621926435519848184"></source>
		</class>
	</version>
	<version nr="560" hash="684eee3d2" evolution="Same" change="Inconsistent">
		<class nclones="2">
			<source file="../../workspace/dataset/test/JsonArrayTest.java" startline="883" endline="896" function="testCreateFromListNestedMap" hash="9165545905904928370"></source>
			<source file="../../workspace/dataset/test/JsonArrayTest.java" startline="899" endline="910" function="testCreateFromListNestedJsonArray" hash="-4621926435519848184"></source>
		</class>
	</version>
	<version nr="570" hash="c51270fc4" evolution="Same" change="Inconsistent">
		<class nclones="2">
			<source file="../../workspace/dataset/test/JsonArrayTest.java" startline="869" endline="880" function="testCreateFromListNestedJsonObject" hash="-6259895847103313970"></source>
			<source file="../../workspace/dataset/test/JsonArrayTest.java" startline="883" endline="896" function="testCreateFromListNestedMap" hash="9165545905904928370"></source>
		</class>
	</version>
	<version nr="570" hash="c51270fc4" evolution="Same" change="Inconsistent">
		<class nclones="2">
			<source file="../../workspace/dataset/test/JsonArrayTest.java" startline="869" endline="880" function="testCreateFromListNestedJsonObject" hash="-6259895847103313970"></source>
			<source file="../../workspace/dataset/test/JsonArrayTest.java" startline="899" endline="910" function="testCreateFromListNestedJsonArray" hash="-4621926435519848184"></source>
		</class>
	</version>
	<version nr="570" hash="c51270fc4" evolution="Same" change="Inconsistent">
		<class nclones="2">
			<source file="../../workspace/dataset/test/JsonArrayTest.java" startline="883" endline="896" function="testCreateFromListNestedMap" hash="9165545905904928370"></source>
			<source file="../../workspace/dataset/test/JsonArrayTest.java" startline="899" endline="910" function="testCreateFromListNestedJsonArray" hash="-4621926435519848184"></source>
		</class>
	</version>
	<version nr="580" hash="06ba79481" evolution="Same" change="Inconsistent">
		<class nclones="2">
			<source file="../../workspace/dataset/test/JsonArrayTest.java" startline="885" endline="896" function="testCreateFromListNestedJsonObject" hash="-6259895847103313970"></source>
			<source file="../../workspace/dataset/test/JsonArrayTest.java" startline="899" endline="912" function="testCreateFromListNestedMap" hash="9165545905904928370"></source>
		</class>
	</version>
	<version nr="580" hash="06ba79481" evolution="Same" change="Inconsistent">
		<class nclones="2">
			<source file="../../workspace/dataset/test/JsonArrayTest.java" startline="885" endline="896" function="testCreateFromListNestedJsonObject" hash="-6259895847103313970"></source>
			<source file="../../workspace/dataset/test/JsonArrayTest.java" startline="915" endline="926" function="testCreateFromListNestedJsonArray" hash="-4621926435519848184"></source>
		</class>
	</version>
	<version nr="580" hash="06ba79481" evolution="Same" change="Inconsistent">
		<class nclones="2">
			<source file="../../workspace/dataset/test/JsonArrayTest.java" startline="899" endline="912" function="testCreateFromListNestedMap" hash="9165545905904928370"></source>
			<source file="../../workspace/dataset/test/JsonArrayTest.java" startline="915" endline="926" function="testCreateFromListNestedJsonArray" hash="-4621926435519848184"></source>
		</class>
	</version>
	<version nr="590" hash="9854d8ace" evolution="Same" change="Inconsistent">
		<class nclones="2">
			<source file="../../workspace/dataset/test/JsonArrayTest.java" startline="885" endline="896" function="testCreateFromListNestedJsonObject" hash="-6259895847103313970"></source>
			<source file="../../workspace/dataset/test/JsonArrayTest.java" startline="899" endline="912" function="testCreateFromListNestedMap" hash="9165545905904928370"></source>
		</class>
	</version>
	<version nr="590" hash="9854d8ace" evolution="Same" change="Inconsistent">
		<class nclones="2">
			<source file="../../workspace/dataset/test/JsonArrayTest.java" startline="885" endline="896" function="testCreateFromListNestedJsonObject" hash="-6259895847103313970"></source>
			<source file="../../workspace/dataset/test/JsonArrayTest.java" startline="915" endline="926" function="testCreateFromListNestedJsonArray" hash="-4621926435519848184"></source>
		</class>
	</version>
	<version nr="590" hash="9854d8ace" evolution="Same" change="Inconsistent">
		<class nclones="2">
			<source file="../../workspace/dataset/test/JsonArrayTest.java" startline="899" endline="912" function="testCreateFromListNestedMap" hash="9165545905904928370"></source>
			<source file="../../workspace/dataset/test/JsonArrayTest.java" startline="915" endline="926" function="testCreateFromListNestedJsonArray" hash="-4621926435519848184"></source>
		</class>
	</version>
	<version nr="600" hash="64be6a8f9" evolution="Same" change="Inconsistent">
		<class nclones="2">
			<source file="../../workspace/dataset/test/JsonArrayTest.java" startline="901" endline="912" function="testCreateFromListNestedJsonObject" hash="-6259895847103313970"></source>
			<source file="../../workspace/dataset/test/JsonArrayTest.java" startline="915" endline="928" function="testCreateFromListNestedMap" hash="9165545905904928370"></source>
		</class>
	</version>
	<version nr="600" hash="64be6a8f9" evolution="Same" change="Inconsistent">
		<class nclones="2">
			<source file="../../workspace/dataset/test/JsonArrayTest.java" startline="901" endline="912" function="testCreateFromListNestedJsonObject" hash="-6259895847103313970"></source>
			<source file="../../workspace/dataset/test/JsonArrayTest.java" startline="931" endline="942" function="testCreateFromListNestedJsonArray" hash="-4621926435519848184"></source>
		</class>
	</version>
	<version nr="600" hash="64be6a8f9" evolution="Same" change="Inconsistent">
		<class nclones="2">
			<source file="../../workspace/dataset/test/JsonArrayTest.java" startline="915" endline="928" function="testCreateFromListNestedMap" hash="9165545905904928370"></source>
			<source file="../../workspace/dataset/test/JsonArrayTest.java" startline="931" endline="942" function="testCreateFromListNestedJsonArray" hash="-4621926435519848184"></source>
		</class>
	</version>
	<version nr="610" hash="4ddcc8431" evolution="Same" change="Inconsistent">
		<class nclones="2">
			<source file="../../workspace/dataset/test/JsonArrayTest.java" startline="901" endline="912" function="testCreateFromListNestedJsonObject" hash="-6259895847103313970"></source>
			<source file="../../workspace/dataset/test/JsonArrayTest.java" startline="915" endline="928" function="testCreateFromListNestedMap" hash="9165545905904928370"></source>
		</class>
	</version>
	<version nr="610" hash="4ddcc8431" evolution="Same" change="Inconsistent">
		<class nclones="2">
			<source file="../../workspace/dataset/test/JsonArrayTest.java" startline="901" endline="912" function="testCreateFromListNestedJsonObject" hash="-6259895847103313970"></source>
			<source file="../../workspace/dataset/test/JsonArrayTest.java" startline="931" endline="942" function="testCreateFromListNestedJsonArray" hash="-4621926435519848184"></source>
		</class>
	</version>
	<version nr="610" hash="4ddcc8431" evolution="Same" change="Inconsistent">
		<class nclones="2">
			<source file="../../workspace/dataset/test/JsonArrayTest.java" startline="915" endline="928" function="testCreateFromListNestedMap" hash="9165545905904928370"></source>
			<source file="../../workspace/dataset/test/JsonArrayTest.java" startline="931" endline="942" function="testCreateFromListNestedJsonArray" hash="-4621926435519848184"></source>
		</class>
	</version>
	<version nr="620" hash="986ac79d7" evolution="Same" change="Inconsistent">
		<class nclones="2">
			<source file="../../workspace/dataset/test/JsonArrayTest.java" startline="901" endline="912" function="testCreateFromListNestedJsonObject" hash="-6259895847103313970"></source>
			<source file="../../workspace/dataset/test/JsonArrayTest.java" startline="915" endline="928" function="testCreateFromListNestedMap" hash="9165545905904928370"></source>
		</class>
	</version>
	<version nr="620" hash="986ac79d7" evolution="Same" change="Inconsistent">
		<class nclones="2">
			<source file="../../workspace/dataset/test/JsonArrayTest.java" startline="901" endline="912" function="testCreateFromListNestedJsonObject" hash="-6259895847103313970"></source>
			<source file="../../workspace/dataset/test/JsonArrayTest.java" startline="931" endline="942" function="testCreateFromListNestedJsonArray" hash="-4621926435519848184"></source>
		</class>
	</version>
	<version nr="620" hash="986ac79d7" evolution="Same" change="Inconsistent">
		<class nclones="2">
			<source file="../../workspace/dataset/test/JsonArrayTest.java" startline="915" endline="928" function="testCreateFromListNestedMap" hash="9165545905904928370"></source>
			<source file="../../workspace/dataset/test/JsonArrayTest.java" startline="931" endline="942" function="testCreateFromListNestedJsonArray" hash="-4621926435519848184"></source>
		</class>
	</version>
	<version nr="630" hash="32a2842fa" evolution="Same" change="Inconsistent">
		<class nclones="2">
			<source file="../../workspace/dataset/test/JsonArrayTest.java" startline="901" endline="912" function="testCreateFromListNestedJsonObject" hash="-6259895847103313970"></source>
			<source file="../../workspace/dataset/test/JsonArrayTest.java" startline="915" endline="928" function="testCreateFromListNestedMap" hash="9165545905904928370"></source>
		</class>
	</version>
	<version nr="630" hash="32a2842fa" evolution="Same" change="Inconsistent">
		<class nclones="2">
			<source file="../../workspace/dataset/test/JsonArrayTest.java" startline="901" endline="912" function="testCreateFromListNestedJsonObject" hash="-6259895847103313970"></source>
			<source file="../../workspace/dataset/test/JsonArrayTest.java" startline="931" endline="942" function="testCreateFromListNestedJsonArray" hash="-4621926435519848184"></source>
		</class>
	</version>
	<version nr="630" hash="32a2842fa" evolution="Same" change="Inconsistent">
		<class nclones="2">
			<source file="../../workspace/dataset/test/JsonArrayTest.java" startline="915" endline="928" function="testCreateFromListNestedMap" hash="9165545905904928370"></source>
			<source file="../../workspace/dataset/test/JsonArrayTest.java" startline="931" endline="942" function="testCreateFromListNestedJsonArray" hash="-4621926435519848184"></source>
		</class>
	</version>
	<version nr="640" hash="b0d84cefe" evolution="Same" change="Inconsistent">
		<class nclones="2">
			<source file="../../workspace/dataset/test/JsonArrayTest.java" startline="901" endline="912" function="testCreateFromListNestedJsonObject" hash="-6259895847103313970"></source>
			<source file="../../workspace/dataset/test/JsonArrayTest.java" startline="915" endline="928" function="testCreateFromListNestedMap" hash="9165545905904928370"></source>
		</class>
	</version>
	<version nr="640" hash="b0d84cefe" evolution="Same" change="Inconsistent">
		<class nclones="2">
			<source file="../../workspace/dataset/test/JsonArrayTest.java" startline="901" endline="912" function="testCreateFromListNestedJsonObject" hash="-6259895847103313970"></source>
			<source file="../../workspace/dataset/test/JsonArrayTest.java" startline="931" endline="942" function="testCreateFromListNestedJsonArray" hash="-4621926435519848184"></source>
		</class>
	</version>
	<version nr="640" hash="b0d84cefe" evolution="Same" change="Inconsistent">
		<class nclones="2">
			<source file="../../workspace/dataset/test/JsonArrayTest.java" startline="915" endline="928" function="testCreateFromListNestedMap" hash="9165545905904928370"></source>
			<source file="../../workspace/dataset/test/JsonArrayTest.java" startline="931" endline="942" function="testCreateFromListNestedJsonArray" hash="-4621926435519848184"></source>
		</class>
	</version>
	<version nr="650" hash="387c2403e" evolution="Same" change="Inconsistent">
		<class nclones="2">
			<source file="../../workspace/dataset/test/JsonArrayTest.java" startline="902" endline="913" function="testCreateFromListNestedJsonObject" hash="-6259895847103313970"></source>
			<source file="../../workspace/dataset/test/JsonArrayTest.java" startline="916" endline="929" function="testCreateFromListNestedMap" hash="9165545905904928370"></source>
		</class>
	</version>
	<version nr="650" hash="387c2403e" evolution="Same" change="Inconsistent">
		<class nclones="2">
			<source file="../../workspace/dataset/test/JsonArrayTest.java" startline="902" endline="913" function="testCreateFromListNestedJsonObject" hash="-6259895847103313970"></source>
			<source file="../../workspace/dataset/test/JsonArrayTest.java" startline="932" endline="943" function="testCreateFromListNestedJsonArray" hash="-4621926435519848184"></source>
		</class>
	</version>
	<version nr="650" hash="387c2403e" evolution="Same" change="Inconsistent">
		<class nclones="2">
			<source file="../../workspace/dataset/test/JsonArrayTest.java" startline="916" endline="929" function="testCreateFromListNestedMap" hash="9165545905904928370"></source>
			<source file="../../workspace/dataset/test/JsonArrayTest.java" startline="932" endline="943" function="testCreateFromListNestedJsonArray" hash="-4621926435519848184"></source>
		</class>
	</version>
	<version nr="660" hash="ca3a1380c" evolution="Same" change="Inconsistent">
		<class nclones="2">
			<source file="../../workspace/dataset/test/JsonArrayTest.java" startline="902" endline="913" function="testCreateFromListNestedJsonObject" hash="-6259895847103313970"></source>
			<source file="../../workspace/dataset/test/JsonArrayTest.java" startline="916" endline="929" function="testCreateFromListNestedMap" hash="9165545905904928370"></source>
		</class>
	</version>
	<version nr="660" hash="ca3a1380c" evolution="Same" change="Inconsistent">
		<class nclones="2">
			<source file="../../workspace/dataset/test/JsonArrayTest.java" startline="902" endline="913" function="testCreateFromListNestedJsonObject" hash="-6259895847103313970"></source>
			<source file="../../workspace/dataset/test/JsonArrayTest.java" startline="932" endline="943" function="testCreateFromListNestedJsonArray" hash="-4621926435519848184"></source>
		</class>
	</version>
	<version nr="660" hash="ca3a1380c" evolution="Same" change="Inconsistent">
		<class nclones="2">
			<source file="../../workspace/dataset/test/JsonArrayTest.java" startline="916" endline="929" function="testCreateFromListNestedMap" hash="9165545905904928370"></source>
			<source file="../../workspace/dataset/test/JsonArrayTest.java" startline="932" endline="943" function="testCreateFromListNestedJsonArray" hash="-4621926435519848184"></source>
		</class>
	</version>
	<version nr="670" hash="536c5fd5a" evolution="Same" change="Inconsistent">
		<class nclones="2">
			<source file="../../workspace/dataset/test/JsonArrayTest.java" startline="902" endline="913" function="testCreateFromListNestedJsonObject" hash="-6259895847103313970"></source>
			<source file="../../workspace/dataset/test/JsonArrayTest.java" startline="916" endline="929" function="testCreateFromListNestedMap" hash="9165545905904928370"></source>
		</class>
	</version>
	<version nr="670" hash="536c5fd5a" evolution="Same" change="Inconsistent">
		<class nclones="2">
			<source file="../../workspace/dataset/test/JsonArrayTest.java" startline="902" endline="913" function="testCreateFromListNestedJsonObject" hash="-6259895847103313970"></source>
			<source file="../../workspace/dataset/test/JsonArrayTest.java" startline="932" endline="943" function="testCreateFromListNestedJsonArray" hash="-4621926435519848184"></source>
		</class>
	</version>
	<version nr="670" hash="536c5fd5a" evolution="Same" change="Inconsistent">
		<class nclones="2">
			<source file="../../workspace/dataset/test/JsonArrayTest.java" startline="916" endline="929" function="testCreateFromListNestedMap" hash="9165545905904928370"></source>
			<source file="../../workspace/dataset/test/JsonArrayTest.java" startline="932" endline="943" function="testCreateFromListNestedJsonArray" hash="-4621926435519848184"></source>
		</class>
	</version>
	<version nr="680" hash="64246e66c" evolution="Same" change="Inconsistent">
		<class nclones="2">
			<source file="../../workspace/dataset/test/JsonArrayTest.java" startline="902" endline="913" function="testCreateFromListNestedJsonObject" hash="-6259895847103313970"></source>
			<source file="../../workspace/dataset/test/JsonArrayTest.java" startline="916" endline="929" function="testCreateFromListNestedMap" hash="9165545905904928370"></source>
		</class>
	</version>
	<version nr="680" hash="64246e66c" evolution="Same" change="Inconsistent">
		<class nclones="2">
			<source file="../../workspace/dataset/test/JsonArrayTest.java" startline="902" endline="913" function="testCreateFromListNestedJsonObject" hash="-6259895847103313970"></source>
			<source file="../../workspace/dataset/test/JsonArrayTest.java" startline="932" endline="943" function="testCreateFromListNestedJsonArray" hash="-4621926435519848184"></source>
		</class>
	</version>
	<version nr="680" hash="64246e66c" evolution="Same" change="Inconsistent">
		<class nclones="2">
			<source file="../../workspace/dataset/test/JsonArrayTest.java" startline="916" endline="929" function="testCreateFromListNestedMap" hash="9165545905904928370"></source>
			<source file="../../workspace/dataset/test/JsonArrayTest.java" startline="932" endline="943" function="testCreateFromListNestedJsonArray" hash="-4621926435519848184"></source>
		</class>
	</version>
	<version nr="690" hash="a175af312" evolution="Same" change="Inconsistent">
		<class nclones="2">
			<source file="../../workspace/dataset/test/JsonArrayTest.java" startline="902" endline="913" function="testCreateFromListNestedJsonObject" hash="-6259895847103313970"></source>
			<source file="../../workspace/dataset/test/JsonArrayTest.java" startline="916" endline="929" function="testCreateFromListNestedMap" hash="9165545905904928370"></source>
		</class>
	</version>
	<version nr="690" hash="a175af312" evolution="Same" change="Inconsistent">
		<class nclones="2">
			<source file="../../workspace/dataset/test/JsonArrayTest.java" startline="902" endline="913" function="testCreateFromListNestedJsonObject" hash="-6259895847103313970"></source>
			<source file="../../workspace/dataset/test/JsonArrayTest.java" startline="932" endline="943" function="testCreateFromListNestedJsonArray" hash="-4621926435519848184"></source>
		</class>
	</version>
	<version nr="690" hash="a175af312" evolution="Same" change="Inconsistent">
		<class nclones="2">
			<source file="../../workspace/dataset/test/JsonArrayTest.java" startline="916" endline="929" function="testCreateFromListNestedMap" hash="9165545905904928370"></source>
			<source file="../../workspace/dataset/test/JsonArrayTest.java" startline="932" endline="943" function="testCreateFromListNestedJsonArray" hash="-4621926435519848184"></source>
		</class>
	</version>
	<version nr="700" hash="dbe6ec333" evolution="Same" change="Inconsistent">
		<class nclones="2">
			<source file="../../workspace/dataset/test/JsonArrayTest.java" startline="902" endline="913" function="testCreateFromListNestedJsonObject" hash="-6259895847103313970"></source>
			<source file="../../workspace/dataset/test/JsonArrayTest.java" startline="916" endline="929" function="testCreateFromListNestedMap" hash="9165545905904928370"></source>
		</class>
	</version>
	<version nr="700" hash="dbe6ec333" evolution="Same" change="Inconsistent">
		<class nclones="2">
			<source file="../../workspace/dataset/test/JsonArrayTest.java" startline="902" endline="913" function="testCreateFromListNestedJsonObject" hash="-6259895847103313970"></source>
			<source file="../../workspace/dataset/test/JsonArrayTest.java" startline="932" endline="943" function="testCreateFromListNestedJsonArray" hash="-4621926435519848184"></source>
		</class>
	</version>
	<version nr="700" hash="dbe6ec333" evolution="Same" change="Inconsistent">
		<class nclones="2">
			<source file="../../workspace/dataset/test/JsonArrayTest.java" startline="916" endline="929" function="testCreateFromListNestedMap" hash="9165545905904928370"></source>
			<source file="../../workspace/dataset/test/JsonArrayTest.java" startline="932" endline="943" function="testCreateFromListNestedJsonArray" hash="-4621926435519848184"></source>
		</class>
	</version>
	<version nr="710" hash="110fba7eb" evolution="Same" change="Inconsistent">
		<class nclones="2">
			<source file="../../workspace/dataset/test/JsonArrayTest.java" startline="902" endline="913" function="testCreateFromListNestedJsonObject" hash="-6259895847103313970"></source>
			<source file="../../workspace/dataset/test/JsonArrayTest.java" startline="916" endline="929" function="testCreateFromListNestedMap" hash="9165545905904928370"></source>
		</class>
	</version>
	<version nr="710" hash="110fba7eb" evolution="Same" change="Inconsistent">
		<class nclones="2">
			<source file="../../workspace/dataset/test/JsonArrayTest.java" startline="902" endline="913" function="testCreateFromListNestedJsonObject" hash="-6259895847103313970"></source>
			<source file="../../workspace/dataset/test/JsonArrayTest.java" startline="932" endline="943" function="testCreateFromListNestedJsonArray" hash="-4621926435519848184"></source>
		</class>
	</version>
	<version nr="710" hash="110fba7eb" evolution="Same" change="Inconsistent">
		<class nclones="2">
			<source file="../../workspace/dataset/test/JsonArrayTest.java" startline="916" endline="929" function="testCreateFromListNestedMap" hash="9165545905904928370"></source>
			<source file="../../workspace/dataset/test/JsonArrayTest.java" startline="932" endline="943" function="testCreateFromListNestedJsonArray" hash="-4621926435519848184"></source>
		</class>
	</version>
	<version nr="720" hash="78dedf7fd" evolution="Same" change="Inconsistent">
		<class nclones="2">
			<source file="../../workspace/dataset/test/JsonArrayTest.java" startline="902" endline="913" function="testCreateFromListNestedJsonObject" hash="-6259895847103313970"></source>
			<source file="../../workspace/dataset/test/JsonArrayTest.java" startline="916" endline="929" function="testCreateFromListNestedMap" hash="9165545905904928370"></source>
		</class>
	</version>
	<version nr="720" hash="78dedf7fd" evolution="Same" change="Inconsistent">
		<class nclones="2">
			<source file="../../workspace/dataset/test/JsonArrayTest.java" startline="902" endline="913" function="testCreateFromListNestedJsonObject" hash="-6259895847103313970"></source>
			<source file="../../workspace/dataset/test/JsonArrayTest.java" startline="932" endline="943" function="testCreateFromListNestedJsonArray" hash="-4621926435519848184"></source>
		</class>
	</version>
	<version nr="720" hash="78dedf7fd" evolution="Same" change="Inconsistent">
		<class nclones="2">
			<source file="../../workspace/dataset/test/JsonArrayTest.java" startline="916" endline="929" function="testCreateFromListNestedMap" hash="9165545905904928370"></source>
			<source file="../../workspace/dataset/test/JsonArrayTest.java" startline="932" endline="943" function="testCreateFromListNestedJsonArray" hash="-4621926435519848184"></source>
		</class>
	</version>
	<version nr="730" hash="9a48d5298" evolution="Same" change="Inconsistent">
		<class nclones="2">
			<source file="../../workspace/dataset/test/JsonArrayTest.java" startline="902" endline="913" function="testCreateFromListNestedJsonObject" hash="-6259895847103313970"></source>
			<source file="../../workspace/dataset/test/JsonArrayTest.java" startline="916" endline="929" function="testCreateFromListNestedMap" hash="9165545905904928370"></source>
		</class>
	</version>
	<version nr="730" hash="9a48d5298" evolution="Same" change="Inconsistent">
		<class nclones="2">
			<source file="../../workspace/dataset/test/JsonArrayTest.java" startline="902" endline="913" function="testCreateFromListNestedJsonObject" hash="-6259895847103313970"></source>
			<source file="../../workspace/dataset/test/JsonArrayTest.java" startline="932" endline="943" function="testCreateFromListNestedJsonArray" hash="-4621926435519848184"></source>
		</class>
	</version>
	<version nr="730" hash="9a48d5298" evolution="Same" change="Inconsistent">
		<class nclones="2">
			<source file="../../workspace/dataset/test/JsonArrayTest.java" startline="916" endline="929" function="testCreateFromListNestedMap" hash="9165545905904928370"></source>
			<source file="../../workspace/dataset/test/JsonArrayTest.java" startline="932" endline="943" function="testCreateFromListNestedJsonArray" hash="-4621926435519848184"></source>
		</class>
	</version>
	<version nr="740" hash="991296401" evolution="Same" change="Inconsistent">
		<class nclones="2">
			<source file="../../workspace/dataset/test/JsonArrayTest.java" startline="902" endline="913" function="testCreateFromListNestedJsonObject" hash="-6259895847103313970"></source>
			<source file="../../workspace/dataset/test/JsonArrayTest.java" startline="916" endline="929" function="testCreateFromListNestedMap" hash="9165545905904928370"></source>
		</class>
	</version>
	<version nr="740" hash="991296401" evolution="Same" change="Inconsistent">
		<class nclones="2">
			<source file="../../workspace/dataset/test/JsonArrayTest.java" startline="902" endline="913" function="testCreateFromListNestedJsonObject" hash="-6259895847103313970"></source>
			<source file="../../workspace/dataset/test/JsonArrayTest.java" startline="932" endline="943" function="testCreateFromListNestedJsonArray" hash="-4621926435519848184"></source>
		</class>
	</version>
	<version nr="740" hash="991296401" evolution="Same" change="Inconsistent">
		<class nclones="2">
			<source file="../../workspace/dataset/test/JsonArrayTest.java" startline="916" endline="929" function="testCreateFromListNestedMap" hash="9165545905904928370"></source>
			<source file="../../workspace/dataset/test/JsonArrayTest.java" startline="932" endline="943" function="testCreateFromListNestedJsonArray" hash="-4621926435519848184"></source>
		</class>
	</version>
	<version nr="750" hash="9d0255696" evolution="Same" change="Inconsistent">
		<class nclones="2">
			<source file="../../workspace/dataset/test/JsonArrayTest.java" startline="902" endline="913" function="testCreateFromListNestedJsonObject" hash="-6259895847103313970"></source>
			<source file="../../workspace/dataset/test/JsonArrayTest.java" startline="916" endline="929" function="testCreateFromListNestedMap" hash="9165545905904928370"></source>
		</class>
	</version>
	<version nr="750" hash="9d0255696" evolution="Same" change="Inconsistent">
		<class nclones="2">
			<source file="../../workspace/dataset/test/JsonArrayTest.java" startline="902" endline="913" function="testCreateFromListNestedJsonObject" hash="-6259895847103313970"></source>
			<source file="../../workspace/dataset/test/JsonArrayTest.java" startline="932" endline="943" function="testCreateFromListNestedJsonArray" hash="-4621926435519848184"></source>
		</class>
	</version>
	<version nr="750" hash="9d0255696" evolution="Same" change="Inconsistent">
		<class nclones="2">
			<source file="../../workspace/dataset/test/JsonArrayTest.java" startline="916" endline="929" function="testCreateFromListNestedMap" hash="9165545905904928370"></source>
			<source file="../../workspace/dataset/test/JsonArrayTest.java" startline="932" endline="943" function="testCreateFromListNestedJsonArray" hash="-4621926435519848184"></source>
		</class>
	</version>
	<version nr="760" hash="4bff6f4e4" evolution="Same" change="Inconsistent">
		<class nclones="2">
			<source file="../../workspace/dataset/test/JsonArrayTest.java" startline="902" endline="913" function="testCreateFromListNestedJsonObject" hash="-6259895847103313970"></source>
			<source file="../../workspace/dataset/test/JsonArrayTest.java" startline="916" endline="929" function="testCreateFromListNestedMap" hash="9165545905904928370"></source>
		</class>
	</version>
	<version nr="760" hash="4bff6f4e4" evolution="Same" change="Inconsistent">
		<class nclones="2">
			<source file="../../workspace/dataset/test/JsonArrayTest.java" startline="902" endline="913" function="testCreateFromListNestedJsonObject" hash="-6259895847103313970"></source>
			<source file="../../workspace/dataset/test/JsonArrayTest.java" startline="932" endline="943" function="testCreateFromListNestedJsonArray" hash="-4621926435519848184"></source>
		</class>
	</version>
	<version nr="760" hash="4bff6f4e4" evolution="Same" change="Inconsistent">
		<class nclones="2">
			<source file="../../workspace/dataset/test/JsonArrayTest.java" startline="916" endline="929" function="testCreateFromListNestedMap" hash="9165545905904928370"></source>
			<source file="../../workspace/dataset/test/JsonArrayTest.java" startline="932" endline="943" function="testCreateFromListNestedJsonArray" hash="-4621926435519848184"></source>
		</class>
	</version>
	<version nr="770" hash="82c8821ea" evolution="Same" change="Inconsistent">
		<class nclones="2">
			<source file="../../workspace/dataset/test/JsonArrayTest.java" startline="902" endline="913" function="testCreateFromListNestedJsonObject" hash="-6259895847103313970"></source>
			<source file="../../workspace/dataset/test/JsonArrayTest.java" startline="916" endline="929" function="testCreateFromListNestedMap" hash="9165545905904928370"></source>
		</class>
	</version>
	<version nr="770" hash="82c8821ea" evolution="Same" change="Inconsistent">
		<class nclones="2">
			<source file="../../workspace/dataset/test/JsonArrayTest.java" startline="902" endline="913" function="testCreateFromListNestedJsonObject" hash="-6259895847103313970"></source>
			<source file="../../workspace/dataset/test/JsonArrayTest.java" startline="932" endline="943" function="testCreateFromListNestedJsonArray" hash="-4621926435519848184"></source>
		</class>
	</version>
	<version nr="770" hash="82c8821ea" evolution="Same" change="Inconsistent">
		<class nclones="2">
			<source file="../../workspace/dataset/test/JsonArrayTest.java" startline="916" endline="929" function="testCreateFromListNestedMap" hash="9165545905904928370"></source>
			<source file="../../workspace/dataset/test/JsonArrayTest.java" startline="932" endline="943" function="testCreateFromListNestedJsonArray" hash="-4621926435519848184"></source>
		</class>
	</version>
	<version nr="780" hash="5177e8fba" evolution="Same" change="Inconsistent">
		<class nclones="2">
			<source file="../../workspace/dataset/test/JsonArrayTest.java" startline="917" endline="928" function="testCreateFromListNestedJsonObject" hash="-6259895847103313970"></source>
			<source file="../../workspace/dataset/test/JsonArrayTest.java" startline="931" endline="944" function="testCreateFromListNestedMap" hash="9165545905904928370"></source>
		</class>
	</version>
	<version nr="780" hash="5177e8fba" evolution="Same" change="Inconsistent">
		<class nclones="2">
			<source file="../../workspace/dataset/test/JsonArrayTest.java" startline="917" endline="928" function="testCreateFromListNestedJsonObject" hash="-6259895847103313970"></source>
			<source file="../../workspace/dataset/test/JsonArrayTest.java" startline="947" endline="958" function="testCreateFromListNestedJsonArray" hash="-4621926435519848184"></source>
		</class>
	</version>
	<version nr="780" hash="5177e8fba" evolution="Same" change="Inconsistent">
		<class nclones="2">
			<source file="../../workspace/dataset/test/JsonArrayTest.java" startline="931" endline="944" function="testCreateFromListNestedMap" hash="9165545905904928370"></source>
			<source file="../../workspace/dataset/test/JsonArrayTest.java" startline="947" endline="958" function="testCreateFromListNestedJsonArray" hash="-4621926435519848184"></source>
		</class>
	</version>
	<version nr="790" hash="1a555deec" evolution="Same" change="Inconsistent">
		<class nclones="2">
			<source file="../../workspace/dataset/test/JsonArrayTest.java" startline="917" endline="928" function="testCreateFromListNestedJsonObject" hash="-6259895847103313970"></source>
			<source file="../../workspace/dataset/test/JsonArrayTest.java" startline="931" endline="944" function="testCreateFromListNestedMap" hash="9165545905904928370"></source>
		</class>
	</version>
	<version nr="790" hash="1a555deec" evolution="Same" change="Inconsistent">
		<class nclones="2">
			<source file="../../workspace/dataset/test/JsonArrayTest.java" startline="917" endline="928" function="testCreateFromListNestedJsonObject" hash="-6259895847103313970"></source>
			<source file="../../workspace/dataset/test/JsonArrayTest.java" startline="947" endline="958" function="testCreateFromListNestedJsonArray" hash="-4621926435519848184"></source>
		</class>
	</version>
	<version nr="790" hash="1a555deec" evolution="Same" change="Inconsistent">
		<class nclones="2">
			<source file="../../workspace/dataset/test/JsonArrayTest.java" startline="931" endline="944" function="testCreateFromListNestedMap" hash="9165545905904928370"></source>
			<source file="../../workspace/dataset/test/JsonArrayTest.java" startline="947" endline="958" function="testCreateFromListNestedJsonArray" hash="-4621926435519848184"></source>
		</class>
	</version>
	<version nr="800" hash="38968977e" evolution="Same" change="Inconsistent">
		<class nclones="2">
			<source file="../../workspace/dataset/test/JsonArrayTest.java" startline="917" endline="928" function="testCreateFromListNestedJsonObject" hash="-6259895847103313970"></source>
			<source file="../../workspace/dataset/test/JsonArrayTest.java" startline="931" endline="944" function="testCreateFromListNestedMap" hash="9165545905904928370"></source>
		</class>
	</version>
	<version nr="800" hash="38968977e" evolution="Same" change="Inconsistent">
		<class nclones="2">
			<source file="../../workspace/dataset/test/JsonArrayTest.java" startline="917" endline="928" function="testCreateFromListNestedJsonObject" hash="-6259895847103313970"></source>
			<source file="../../workspace/dataset/test/JsonArrayTest.java" startline="947" endline="958" function="testCreateFromListNestedJsonArray" hash="-4621926435519848184"></source>
		</class>
	</version>
	<version nr="800" hash="38968977e" evolution="Same" change="Inconsistent">
		<class nclones="2">
			<source file="../../workspace/dataset/test/JsonArrayTest.java" startline="931" endline="944" function="testCreateFromListNestedMap" hash="9165545905904928370"></source>
			<source file="../../workspace/dataset/test/JsonArrayTest.java" startline="947" endline="958" function="testCreateFromListNestedJsonArray" hash="-4621926435519848184"></source>
		</class>
	</version>
	<version nr="810" hash="04b57a268" evolution="Same" change="Inconsistent">
		<class nclones="2">
			<source file="../../workspace/dataset/test/JsonArrayTest.java" startline="917" endline="928" function="testCreateFromListNestedJsonObject" hash="-6259895847103313970"></source>
			<source file="../../workspace/dataset/test/JsonArrayTest.java" startline="931" endline="944" function="testCreateFromListNestedMap" hash="9165545905904928370"></source>
		</class>
	</version>
	<version nr="810" hash="04b57a268" evolution="Same" change="Inconsistent">
		<class nclones="2">
			<source file="../../workspace/dataset/test/JsonArrayTest.java" startline="917" endline="928" function="testCreateFromListNestedJsonObject" hash="-6259895847103313970"></source>
			<source file="../../workspace/dataset/test/JsonArrayTest.java" startline="947" endline="958" function="testCreateFromListNestedJsonArray" hash="-4621926435519848184"></source>
		</class>
	</version>
	<version nr="810" hash="04b57a268" evolution="Same" change="Inconsistent">
		<class nclones="2">
			<source file="../../workspace/dataset/test/JsonArrayTest.java" startline="931" endline="944" function="testCreateFromListNestedMap" hash="9165545905904928370"></source>
			<source file="../../workspace/dataset/test/JsonArrayTest.java" startline="947" endline="958" function="testCreateFromListNestedJsonArray" hash="-4621926435519848184"></source>
		</class>
	</version>
	<version nr="820" hash="fe8bf4032" evolution="Same" change="Inconsistent">
		<class nclones="2">
			<source file="../../workspace/dataset/test/JsonArrayTest.java" startline="917" endline="928" function="testCreateFromListNestedJsonObject" hash="-6259895847103313970"></source>
			<source file="../../workspace/dataset/test/JsonArrayTest.java" startline="931" endline="944" function="testCreateFromListNestedMap" hash="9165545905904928370"></source>
		</class>
	</version>
	<version nr="820" hash="fe8bf4032" evolution="Same" change="Inconsistent">
		<class nclones="2">
			<source file="../../workspace/dataset/test/JsonArrayTest.java" startline="917" endline="928" function="testCreateFromListNestedJsonObject" hash="-6259895847103313970"></source>
			<source file="../../workspace/dataset/test/JsonArrayTest.java" startline="947" endline="958" function="testCreateFromListNestedJsonArray" hash="-4621926435519848184"></source>
		</class>
	</version>
	<version nr="820" hash="fe8bf4032" evolution="Same" change="Inconsistent">
		<class nclones="2">
			<source file="../../workspace/dataset/test/JsonArrayTest.java" startline="931" endline="944" function="testCreateFromListNestedMap" hash="9165545905904928370"></source>
			<source file="../../workspace/dataset/test/JsonArrayTest.java" startline="947" endline="958" function="testCreateFromListNestedJsonArray" hash="-4621926435519848184"></source>
		</class>
	</version>
	<version nr="830" hash="0b7d73b8e" evolution="Same" change="Inconsistent">
		<class nclones="2">
			<source file="../../workspace/dataset/test/JsonArrayTest.java" startline="917" endline="928" function="testCreateFromListNestedJsonObject" hash="-6259895847103313970"></source>
			<source file="../../workspace/dataset/test/JsonArrayTest.java" startline="931" endline="944" function="testCreateFromListNestedMap" hash="9165545905904928370"></source>
		</class>
	</version>
	<version nr="830" hash="0b7d73b8e" evolution="Same" change="Inconsistent">
		<class nclones="2">
			<source file="../../workspace/dataset/test/JsonArrayTest.java" startline="917" endline="928" function="testCreateFromListNestedJsonObject" hash="-6259895847103313970"></source>
			<source file="../../workspace/dataset/test/JsonArrayTest.java" startline="947" endline="958" function="testCreateFromListNestedJsonArray" hash="-4621926435519848184"></source>
		</class>
	</version>
	<version nr="830" hash="0b7d73b8e" evolution="Same" change="Inconsistent">
		<class nclones="2">
			<source file="../../workspace/dataset/test/JsonArrayTest.java" startline="931" endline="944" function="testCreateFromListNestedMap" hash="9165545905904928370"></source>
			<source file="../../workspace/dataset/test/JsonArrayTest.java" startline="947" endline="958" function="testCreateFromListNestedJsonArray" hash="-4621926435519848184"></source>
		</class>
	</version>
	<version nr="840" hash="ca777e3d4" evolution="Same" change="Inconsistent">
		<class nclones="2">
			<source file="../../workspace/dataset/test/JsonArrayTest.java" startline="917" endline="928" function="testCreateFromListNestedJsonObject" hash="-6259895847103313970"></source>
			<source file="../../workspace/dataset/test/JsonArrayTest.java" startline="931" endline="944" function="testCreateFromListNestedMap" hash="9165545905904928370"></source>
		</class>
	</version>
	<version nr="840" hash="ca777e3d4" evolution="Same" change="Inconsistent">
		<class nclones="2">
			<source file="../../workspace/dataset/test/JsonArrayTest.java" startline="917" endline="928" function="testCreateFromListNestedJsonObject" hash="-6259895847103313970"></source>
			<source file="../../workspace/dataset/test/JsonArrayTest.java" startline="947" endline="958" function="testCreateFromListNestedJsonArray" hash="-4621926435519848184"></source>
		</class>
	</version>
	<version nr="840" hash="ca777e3d4" evolution="Same" change="Inconsistent">
		<class nclones="2">
			<source file="../../workspace/dataset/test/JsonArrayTest.java" startline="931" endline="944" function="testCreateFromListNestedMap" hash="9165545905904928370"></source>
			<source file="../../workspace/dataset/test/JsonArrayTest.java" startline="947" endline="958" function="testCreateFromListNestedJsonArray" hash="-4621926435519848184"></source>
		</class>
	</version>
	<version nr="850" hash="5edbfd591" evolution="Same" change="Inconsistent">
		<class nclones="2">
			<source file="../../workspace/dataset/test/JsonArrayTest.java" startline="917" endline="928" function="testCreateFromListNestedJsonObject" hash="-6259895847103313970"></source>
			<source file="../../workspace/dataset/test/JsonArrayTest.java" startline="931" endline="944" function="testCreateFromListNestedMap" hash="9165545905904928370"></source>
		</class>
	</version>
	<version nr="850" hash="5edbfd591" evolution="Same" change="Inconsistent">
		<class nclones="2">
			<source file="../../workspace/dataset/test/JsonArrayTest.java" startline="917" endline="928" function="testCreateFromListNestedJsonObject" hash="-6259895847103313970"></source>
			<source file="../../workspace/dataset/test/JsonArrayTest.java" startline="947" endline="958" function="testCreateFromListNestedJsonArray" hash="-4621926435519848184"></source>
		</class>
	</version>
	<version nr="850" hash="5edbfd591" evolution="Same" change="Inconsistent">
		<class nclones="2">
			<source file="../../workspace/dataset/test/JsonArrayTest.java" startline="931" endline="944" function="testCreateFromListNestedMap" hash="9165545905904928370"></source>
			<source file="../../workspace/dataset/test/JsonArrayTest.java" startline="947" endline="958" function="testCreateFromListNestedJsonArray" hash="-4621926435519848184"></source>
		</class>
	</version>
	<version nr="860" hash="e36a3ecb7" evolution="Same" change="Inconsistent">
		<class nclones="2">
			<source file="../../workspace/dataset/test/JsonArrayTest.java" startline="917" endline="928" function="testCreateFromListNestedJsonObject" hash="-6259895847103313970"></source>
			<source file="../../workspace/dataset/test/JsonArrayTest.java" startline="931" endline="944" function="testCreateFromListNestedMap" hash="9165545905904928370"></source>
		</class>
	</version>
	<version nr="860" hash="e36a3ecb7" evolution="Same" change="Inconsistent">
		<class nclones="2">
			<source file="../../workspace/dataset/test/JsonArrayTest.java" startline="917" endline="928" function="testCreateFromListNestedJsonObject" hash="-6259895847103313970"></source>
			<source file="../../workspace/dataset/test/JsonArrayTest.java" startline="947" endline="958" function="testCreateFromListNestedJsonArray" hash="-4621926435519848184"></source>
		</class>
	</version>
	<version nr="860" hash="e36a3ecb7" evolution="Same" change="Inconsistent">
		<class nclones="2">
			<source file="../../workspace/dataset/test/JsonArrayTest.java" startline="931" endline="944" function="testCreateFromListNestedMap" hash="9165545905904928370"></source>
			<source file="../../workspace/dataset/test/JsonArrayTest.java" startline="947" endline="958" function="testCreateFromListNestedJsonArray" hash="-4621926435519848184"></source>
		</class>
	</version>
	<version nr="870" hash="1e838dde1" evolution="Same" change="Inconsistent">
		<class nclones="2">
			<source file="../../workspace/dataset/test/JsonArrayTest.java" startline="970" endline="981" function="testCreateFromListNestedJsonObject" hash="-6259895847103313970"></source>
			<source file="../../workspace/dataset/test/JsonArrayTest.java" startline="984" endline="997" function="testCreateFromListNestedMap" hash="9165545905904928370"></source>
		</class>
	</version>
	<version nr="870" hash="1e838dde1" evolution="Same" change="Inconsistent">
		<class nclones="2">
			<source file="../../workspace/dataset/test/JsonArrayTest.java" startline="970" endline="981" function="testCreateFromListNestedJsonObject" hash="-6259895847103313970"></source>
			<source file="../../workspace/dataset/test/JsonArrayTest.java" startline="1000" endline="1011" function="testCreateFromListNestedJsonArray" hash="-4621926435519848184"></source>
		</class>
	</version>
	<version nr="870" hash="1e838dde1" evolution="Same" change="Inconsistent">
		<class nclones="2">
			<source file="../../workspace/dataset/test/JsonArrayTest.java" startline="984" endline="997" function="testCreateFromListNestedMap" hash="9165545905904928370"></source>
			<source file="../../workspace/dataset/test/JsonArrayTest.java" startline="1000" endline="1011" function="testCreateFromListNestedJsonArray" hash="-4621926435519848184"></source>
		</class>
	</version>
	<version nr="880" hash="38e8f65ba" evolution="Same" change="Inconsistent">
		<class nclones="2">
			<source file="../../workspace/dataset/test/JsonArrayTest.java" startline="970" endline="981" function="testCreateFromListNestedJsonObject" hash="-6259895847103313970"></source>
			<source file="../../workspace/dataset/test/JsonArrayTest.java" startline="984" endline="997" function="testCreateFromListNestedMap" hash="9165545905904928370"></source>
		</class>
	</version>
	<version nr="880" hash="38e8f65ba" evolution="Same" change="Inconsistent">
		<class nclones="2">
			<source file="../../workspace/dataset/test/JsonArrayTest.java" startline="970" endline="981" function="testCreateFromListNestedJsonObject" hash="-6259895847103313970"></source>
			<source file="../../workspace/dataset/test/JsonArrayTest.java" startline="1000" endline="1011" function="testCreateFromListNestedJsonArray" hash="-4621926435519848184"></source>
		</class>
	</version>
	<version nr="880" hash="38e8f65ba" evolution="Same" change="Inconsistent">
		<class nclones="2">
			<source file="../../workspace/dataset/test/JsonArrayTest.java" startline="984" endline="997" function="testCreateFromListNestedMap" hash="9165545905904928370"></source>
			<source file="../../workspace/dataset/test/JsonArrayTest.java" startline="1000" endline="1011" function="testCreateFromListNestedJsonArray" hash="-4621926435519848184"></source>
		</class>
	</version>
	<version nr="890" hash="7eedb314f" evolution="Same" change="Inconsistent">
		<class nclones="2">
			<source file="../../workspace/dataset/test/JsonArrayTest.java" startline="970" endline="981" function="testCreateFromListNestedJsonObject" hash="-6259895847103313970"></source>
			<source file="../../workspace/dataset/test/JsonArrayTest.java" startline="984" endline="997" function="testCreateFromListNestedMap" hash="9165545905904928370"></source>
		</class>
	</version>
	<version nr="890" hash="7eedb314f" evolution="Same" change="Inconsistent">
		<class nclones="2">
			<source file="../../workspace/dataset/test/JsonArrayTest.java" startline="970" endline="981" function="testCreateFromListNestedJsonObject" hash="-6259895847103313970"></source>
			<source file="../../workspace/dataset/test/JsonArrayTest.java" startline="1000" endline="1011" function="testCreateFromListNestedJsonArray" hash="-4621926435519848184"></source>
		</class>
	</version>
	<version nr="890" hash="7eedb314f" evolution="Same" change="Inconsistent">
		<class nclones="2">
			<source file="../../workspace/dataset/test/JsonArrayTest.java" startline="984" endline="997" function="testCreateFromListNestedMap" hash="9165545905904928370"></source>
			<source file="../../workspace/dataset/test/JsonArrayTest.java" startline="1000" endline="1011" function="testCreateFromListNestedJsonArray" hash="-4621926435519848184"></source>
		</class>
	</version>
	<version nr="900" hash="39487f911" evolution="Same" change="Inconsistent">
		<class nclones="2">
			<source file="../../workspace/dataset/test/JsonArrayTest.java" startline="970" endline="981" function="testCreateFromListNestedJsonObject" hash="-6259895847103313970"></source>
			<source file="../../workspace/dataset/test/JsonArrayTest.java" startline="984" endline="997" function="testCreateFromListNestedMap" hash="9165545905904928370"></source>
		</class>
	</version>
	<version nr="900" hash="39487f911" evolution="Same" change="Inconsistent">
		<class nclones="2">
			<source file="../../workspace/dataset/test/JsonArrayTest.java" startline="970" endline="981" function="testCreateFromListNestedJsonObject" hash="-6259895847103313970"></source>
			<source file="../../workspace/dataset/test/JsonArrayTest.java" startline="1000" endline="1011" function="testCreateFromListNestedJsonArray" hash="-4621926435519848184"></source>
		</class>
	</version>
	<version nr="900" hash="39487f911" evolution="Same" change="Inconsistent">
		<class nclones="2">
			<source file="../../workspace/dataset/test/JsonArrayTest.java" startline="984" endline="997" function="testCreateFromListNestedMap" hash="9165545905904928370"></source>
			<source file="../../workspace/dataset/test/JsonArrayTest.java" startline="1000" endline="1011" function="testCreateFromListNestedJsonArray" hash="-4621926435519848184"></source>
		</class>
	</version>
	<version nr="910" hash="6f08587f2" evolution="Same" change="Inconsistent">
		<class nclones="2">
			<source file="../../workspace/dataset/test/JsonArrayTest.java" startline="970" endline="981" function="testCreateFromListNestedJsonObject" hash="-6259895847103313970"></source>
			<source file="../../workspace/dataset/test/JsonArrayTest.java" startline="984" endline="997" function="testCreateFromListNestedMap" hash="9165545905904928370"></source>
		</class>
	</version>
	<version nr="910" hash="6f08587f2" evolution="Same" change="Inconsistent">
		<class nclones="2">
			<source file="../../workspace/dataset/test/JsonArrayTest.java" startline="970" endline="981" function="testCreateFromListNestedJsonObject" hash="-6259895847103313970"></source>
			<source file="../../workspace/dataset/test/JsonArrayTest.java" startline="1000" endline="1011" function="testCreateFromListNestedJsonArray" hash="-4621926435519848184"></source>
		</class>
	</version>
	<version nr="910" hash="6f08587f2" evolution="Same" change="Inconsistent">
		<class nclones="2">
			<source file="../../workspace/dataset/test/JsonArrayTest.java" startline="984" endline="997" function="testCreateFromListNestedMap" hash="9165545905904928370"></source>
			<source file="../../workspace/dataset/test/JsonArrayTest.java" startline="1000" endline="1011" function="testCreateFromListNestedJsonArray" hash="-4621926435519848184"></source>
		</class>
	</version>
</lineage>
<lineage>
	<version nr="520" hash="bd8373df7" evolution="None" change="None">
		<class nclones="2">
			<source file="../../workspace/dataset/test/JsonArrayTest.java" startline="822" endline="833" function="testCreateFromListNestedJsonObject" hash="-6259895847103313970"></source>
			<source file="../../workspace/dataset/test/JsonArrayTest.java" startline="852" endline="863" function="testCreateFromListNestedJsonArray" hash="-4621926435519848184"></source>
		</class>
	</version>
</lineage>
<lineage>
	<version nr="520" hash="bd8373df7" evolution="None" change="None">
		<class nclones="2">
			<source file="../../workspace/dataset/test/JsonArrayTest.java" startline="836" endline="849" function="testCreateFromListNestedMap" hash="9165545905904928370"></source>
			<source file="../../workspace/dataset/test/JsonArrayTest.java" startline="852" endline="863" function="testCreateFromListNestedJsonArray" hash="-4621926435519848184"></source>
		</class>
	</version>
</lineage>
<lineage>
	<version nr="520" hash="bd8373df7" evolution="None" change="None">
		<class nclones="2">
			<source file="../../workspace/dataset/test/JsonObjectTest.java" startline="53" endline="85" function="testGetInteger" hash="-2822317439048154167"></source>
			<source file="../../workspace/dataset/test/JsonObjectTest.java" startline="88" endline="123" function="testGetIntegerDefault" hash="6872291968730178011"></source>
		</class>
	</version>
	<version nr="550" hash="5fdf305aa" evolution="Same" change="Same">
		<class nclones="2">
			<source file="../../workspace/dataset/test/JsonObjectTest.java" startline="53" endline="85" function="testGetInteger" hash="-2822317439048154167"></source>
			<source file="../../workspace/dataset/test/JsonObjectTest.java" startline="88" endline="123" function="testGetIntegerDefault" hash="6872291968730178011"></source>
		</class>
	</version>
	<version nr="560" hash="684eee3d2" evolution="Same" change="Consistent">
		<class nclones="2">
			<source file="../../workspace/dataset/test/JsonObjectTest.java" startline="54" endline="86" function="testGetInteger" hash="-796654835938342333"></source>
			<source file="../../workspace/dataset/test/JsonObjectTest.java" startline="89" endline="124" function="testGetIntegerDefault" hash="4357591430496970057"></source>
		</class>
	</version>
	<version nr="570" hash="c51270fc4" evolution="Same" change="Same">
		<class nclones="2">
			<source file="../../workspace/dataset/test/JsonObjectTest.java" startline="54" endline="86" function="testGetInteger" hash="-796654835938342333"></source>
			<source file="../../workspace/dataset/test/JsonObjectTest.java" startline="89" endline="124" function="testGetIntegerDefault" hash="4357591430496970057"></source>
		</class>
	</version>
	<version nr="580" hash="06ba79481" evolution="Same" change="Consistent">
		<class nclones="2">
			<source file="../../workspace/dataset/test/JsonObjectTest.java" startline="54" endline="86" function="testGetInteger" hash="-6433081093254605949"></source>
			<source file="../../workspace/dataset/test/JsonObjectTest.java" startline="89" endline="124" function="testGetIntegerDefault" hash="-254527538877738979"></source>
		</class>
	</version>
	<version nr="590" hash="9854d8ace" evolution="Same" change="Same">
		<class nclones="2">
			<source file="../../workspace/dataset/test/JsonObjectTest.java" startline="54" endline="86" function="testGetInteger" hash="-6433081093254605949"></source>
			<source file="../../workspace/dataset/test/JsonObjectTest.java" startline="89" endline="124" function="testGetIntegerDefault" hash="-254527538877738979"></source>
		</class>
	</version>
	<version nr="600" hash="64be6a8f9" evolution="Same" change="Consistent">
		<class nclones="2">
			<source file="../../workspace/dataset/test/JsonObjectTest.java" startline="54" endline="86" function="testGetInteger" hash="-2530619593654965835"></source>
			<source file="../../workspace/dataset/test/JsonObjectTest.java" startline="89" endline="124" function="testGetIntegerDefault" hash="3253714951501644131"></source>
		</class>
	</version>
	<version nr="640" hash="b0d84cefe" evolution="Same" change="Same">
		<class nclones="2">
			<source file="../../workspace/dataset/test/JsonObjectTest.java" startline="54" endline="86" function="testGetInteger" hash="-2530619593654965835"></source>
			<source file="../../workspace/dataset/test/JsonObjectTest.java" startline="89" endline="124" function="testGetIntegerDefault" hash="3253714951501644131"></source>
		</class>
	</version>
	<version nr="650" hash="387c2403e" evolution="Same" change="Consistent">
		<class nclones="2">
			<source file="../../workspace/dataset/test/JsonObjectTest.java" startline="55" endline="87" function="testGetInteger" hash="7716225029637226085"></source>
			<source file="../../workspace/dataset/test/JsonObjectTest.java" startline="90" endline="125" function="testGetIntegerDefault" hash="3006626026398386543"></source>
		</class>
	</version>
	<version nr="710" hash="110fba7eb" evolution="Same" change="Same">
		<class nclones="2">
			<source file="../../workspace/dataset/test/JsonObjectTest.java" startline="55" endline="87" function="testGetInteger" hash="7716225029637226085"></source>
			<source file="../../workspace/dataset/test/JsonObjectTest.java" startline="90" endline="125" function="testGetIntegerDefault" hash="3006626026398386543"></source>
		</class>
	</version>
	<version nr="720" hash="78dedf7fd" evolution="Same" change="Consistent">
		<class nclones="2">
			<source file="../../workspace/dataset/test/JsonObjectTest.java" startline="55" endline="87" function="testGetInteger" hash="-8900274643579235190"></source>
			<source file="../../workspace/dataset/test/JsonObjectTest.java" startline="90" endline="125" function="testGetIntegerDefault" hash="8893674108516653652"></source>
		</class>
	</version>
	<version nr="740" hash="991296401" evolution="Same" change="Same">
		<class nclones="2">
			<source file="../../workspace/dataset/test/JsonObjectTest.java" startline="55" endline="87" function="testGetInteger" hash="-8900274643579235190"></source>
			<source file="../../workspace/dataset/test/JsonObjectTest.java" startline="90" endline="125" function="testGetIntegerDefault" hash="8893674108516653652"></source>
		</class>
	</version>
	<version nr="750" hash="9d0255696" evolution="Same" change="Consistent">
		<class nclones="2">
			<source file="../../workspace/dataset/test/JsonObjectTest.java" startline="55" endline="87" function="testGetInteger" hash="4879679351099362801"></source>
			<source file="../../workspace/dataset/test/JsonObjectTest.java" startline="90" endline="125" function="testGetIntegerDefault" hash="1629870557180503971"></source>
		</class>
	</version>
	<version nr="770" hash="82c8821ea" evolution="Same" change="Same">
		<class nclones="2">
			<source file="../../workspace/dataset/test/JsonObjectTest.java" startline="55" endline="87" function="testGetInteger" hash="4879679351099362801"></source>
			<source file="../../workspace/dataset/test/JsonObjectTest.java" startline="90" endline="125" function="testGetIntegerDefault" hash="1629870557180503971"></source>
		</class>
	</version>
	<version nr="780" hash="5177e8fba" evolution="Same" change="Consistent">
		<class nclones="2">
			<source file="../../workspace/dataset/test/JsonObjectTest.java" startline="55" endline="87" function="testGetInteger" hash="-7198490727628027179"></source>
			<source file="../../workspace/dataset/test/JsonObjectTest.java" startline="90" endline="125" function="testGetIntegerDefault" hash="2516717094910743771"></source>
		</class>
	</version>
	<version nr="810" hash="04b57a268" evolution="Same" change="Same">
		<class nclones="2">
			<source file="../../workspace/dataset/test/JsonObjectTest.java" startline="55" endline="87" function="testGetInteger" hash="-7198490727628027179"></source>
			<source file="../../workspace/dataset/test/JsonObjectTest.java" startline="90" endline="125" function="testGetIntegerDefault" hash="2516717094910743771"></source>
		</class>
	</version>
	<version nr="820" hash="fe8bf4032" evolution="Same" change="Consistent">
		<class nclones="2">
			<source file="../../workspace/dataset/test/JsonObjectTest.java" startline="46" endline="78" function="testGetInteger" hash="-6938053393886608379"></source>
			<source file="../../workspace/dataset/test/JsonObjectTest.java" startline="81" endline="116" function="testGetIntegerDefault" hash="-6414296804099585493"></source>
		</class>
	</version>
	<version nr="860" hash="e36a3ecb7" evolution="Same" change="Same">
		<class nclones="2">
			<source file="../../workspace/dataset/test/JsonObjectTest.java" startline="46" endline="78" function="testGetInteger" hash="-6938053393886608379"></source>
			<source file="../../workspace/dataset/test/JsonObjectTest.java" startline="81" endline="116" function="testGetIntegerDefault" hash="-6414296804099585493"></source>
		</class>
	</version>
	<version nr="870" hash="1e838dde1" evolution="Same" change="Consistent">
		<class nclones="2">
			<source file="../../workspace/dataset/test/JsonObjectTest.java" startline="49" endline="81" function="testGetInteger" hash="-5267174766201674642"></source>
			<source file="../../workspace/dataset/test/JsonObjectTest.java" startline="84" endline="119" function="testGetIntegerDefault" hash="8029058795288224816"></source>
		</class>
	</version>
	<version nr="910" hash="6f08587f2" evolution="Same" change="Same">
		<class nclones="2">
			<source file="../../workspace/dataset/test/JsonObjectTest.java" startline="49" endline="81" function="testGetInteger" hash="-5267174766201674642"></source>
			<source file="../../workspace/dataset/test/JsonObjectTest.java" startline="84" endline="119" function="testGetIntegerDefault" hash="8029058795288224816"></source>
		</class>
	</version>
</lineage>
<lineage>
	<version nr="520" hash="bd8373df7" evolution="None" change="None">
		<class nclones="2">
			<source file="../../workspace/dataset/test/JsonObjectTest.java" startline="126" endline="158" function="testGetLong" hash="4925812567003098079"></source>
			<source file="../../workspace/dataset/test/JsonObjectTest.java" startline="161" endline="196" function="testGetLongDefault" hash="-1727191606653761014"></source>
		</class>
	</version>
	<version nr="550" hash="5fdf305aa" evolution="Same" change="Same">
		<class nclones="2">
			<source file="../../workspace/dataset/test/JsonObjectTest.java" startline="126" endline="158" function="testGetLong" hash="4925812567003098079"></source>
			<source file="../../workspace/dataset/test/JsonObjectTest.java" startline="161" endline="196" function="testGetLongDefault" hash="-1727191606653761014"></source>
		</class>
	</version>
	<version nr="560" hash="684eee3d2" evolution="Same" change="Consistent">
		<class nclones="2">
			<source file="../../workspace/dataset/test/JsonObjectTest.java" startline="127" endline="159" function="testGetLong" hash="3831691266704219861"></source>
			<source file="../../workspace/dataset/test/JsonObjectTest.java" startline="162" endline="197" function="testGetLongDefault" hash="2868601174811071428"></source>
		</class>
	</version>
	<version nr="570" hash="c51270fc4" evolution="Same" change="Same">
		<class nclones="2">
			<source file="../../workspace/dataset/test/JsonObjectTest.java" startline="127" endline="159" function="testGetLong" hash="3831691266704219861"></source>
			<source file="../../workspace/dataset/test/JsonObjectTest.java" startline="162" endline="197" function="testGetLongDefault" hash="2868601174811071428"></source>
		</class>
	</version>
	<version nr="580" hash="06ba79481" evolution="Same" change="Consistent">
		<class nclones="2">
			<source file="../../workspace/dataset/test/JsonObjectTest.java" startline="127" endline="159" function="testGetLong" hash="5744165838718674353"></source>
			<source file="../../workspace/dataset/test/JsonObjectTest.java" startline="162" endline="197" function="testGetLongDefault" hash="2252354203657359220"></source>
		</class>
	</version>
	<version nr="590" hash="9854d8ace" evolution="Same" change="Same">
		<class nclones="2">
			<source file="../../workspace/dataset/test/JsonObjectTest.java" startline="127" endline="159" function="testGetLong" hash="5744165838718674353"></source>
			<source file="../../workspace/dataset/test/JsonObjectTest.java" startline="162" endline="197" function="testGetLongDefault" hash="2252354203657359220"></source>
		</class>
	</version>
	<version nr="600" hash="64be6a8f9" evolution="Same" change="Consistent">
		<class nclones="2">
			<source file="../../workspace/dataset/test/JsonObjectTest.java" startline="127" endline="159" function="testGetLong" hash="-2733229899748172217"></source>
			<source file="../../workspace/dataset/test/JsonObjectTest.java" startline="162" endline="197" function="testGetLongDefault" hash="5498886934659042920"></source>
		</class>
	</version>
	<version nr="640" hash="b0d84cefe" evolution="Same" change="Same">
		<class nclones="2">
			<source file="../../workspace/dataset/test/JsonObjectTest.java" startline="127" endline="159" function="testGetLong" hash="-2733229899748172217"></source>
			<source file="../../workspace/dataset/test/JsonObjectTest.java" startline="162" endline="197" function="testGetLongDefault" hash="5498886934659042920"></source>
		</class>
	</version>
	<version nr="650" hash="387c2403e" evolution="Same" change="Consistent">
		<class nclones="2">
			<source file="../../workspace/dataset/test/JsonObjectTest.java" startline="128" endline="160" function="testGetLong" hash="-5556594514486611157"></source>
			<source file="../../workspace/dataset/test/JsonObjectTest.java" startline="163" endline="198" function="testGetLongDefault" hash="5394772805790738912"></source>
		</class>
	</version>
	<version nr="710" hash="110fba7eb" evolution="Same" change="Same">
		<class nclones="2">
			<source file="../../workspace/dataset/test/JsonObjectTest.java" startline="128" endline="160" function="testGetLong" hash="-5556594514486611157"></source>
			<source file="../../workspace/dataset/test/JsonObjectTest.java" startline="163" endline="198" function="testGetLongDefault" hash="5394772805790738912"></source>
		</class>
	</version>
	<version nr="720" hash="78dedf7fd" evolution="Same" change="Consistent">
		<class nclones="2">
			<source file="../../workspace/dataset/test/JsonObjectTest.java" startline="128" endline="160" function="testGetLong" hash="-9074351394649856016"></source>
			<source file="../../workspace/dataset/test/JsonObjectTest.java" startline="163" endline="198" function="testGetLongDefault" hash="-1749665297909466185"></source>
		</class>
	</version>
	<version nr="740" hash="991296401" evolution="Same" change="Same">
		<class nclones="2">
			<source file="../../workspace/dataset/test/JsonObjectTest.java" startline="128" endline="160" function="testGetLong" hash="-9074351394649856016"></source>
			<source file="../../workspace/dataset/test/JsonObjectTest.java" startline="163" endline="198" function="testGetLongDefault" hash="-1749665297909466185"></source>
		</class>
	</version>
	<version nr="750" hash="9d0255696" evolution="Same" change="Consistent">
		<class nclones="2">
			<source file="../../workspace/dataset/test/JsonObjectTest.java" startline="128" endline="160" function="testGetLong" hash="7364166185166281039"></source>
			<source file="../../workspace/dataset/test/JsonObjectTest.java" startline="163" endline="198" function="testGetLongDefault" hash="-8083105233398662594"></source>
		</class>
	</version>
	<version nr="770" hash="82c8821ea" evolution="Same" change="Same">
		<class nclones="2">
			<source file="../../workspace/dataset/test/JsonObjectTest.java" startline="128" endline="160" function="testGetLong" hash="7364166185166281039"></source>
			<source file="../../workspace/dataset/test/JsonObjectTest.java" startline="163" endline="198" function="testGetLongDefault" hash="-8083105233398662594"></source>
		</class>
	</version>
	<version nr="780" hash="5177e8fba" evolution="Same" change="Consistent">
		<class nclones="2">
			<source file="../../workspace/dataset/test/JsonObjectTest.java" startline="128" endline="160" function="testGetLong" hash="-5484644180768720545"></source>
			<source file="../../workspace/dataset/test/JsonObjectTest.java" startline="163" endline="198" function="testGetLongDefault" hash="-5524564357915018234"></source>
		</class>
	</version>
	<version nr="810" hash="04b57a268" evolution="Same" change="Same">
		<class nclones="2">
			<source file="../../workspace/dataset/test/JsonObjectTest.java" startline="128" endline="160" function="testGetLong" hash="-5484644180768720545"></source>
			<source file="../../workspace/dataset/test/JsonObjectTest.java" startline="163" endline="198" function="testGetLongDefault" hash="-5524564357915018234"></source>
		</class>
	</version>
	<version nr="820" hash="fe8bf4032" evolution="Same" change="Consistent">
		<class nclones="2">
			<source file="../../workspace/dataset/test/JsonObjectTest.java" startline="119" endline="151" function="testGetLong" hash="5403234576714898839"></source>
			<source file="../../workspace/dataset/test/JsonObjectTest.java" startline="154" endline="189" function="testGetLongDefault" hash="-8400328899526081944"></source>
		</class>
	</version>
	<version nr="860" hash="e36a3ecb7" evolution="Same" change="Same">
		<class nclones="2">
			<source file="../../workspace/dataset/test/JsonObjectTest.java" startline="119" endline="151" function="testGetLong" hash="5403234576714898839"></source>
			<source file="../../workspace/dataset/test/JsonObjectTest.java" startline="154" endline="189" function="testGetLongDefault" hash="-8400328899526081944"></source>
		</class>
	</version>
	<version nr="870" hash="1e838dde1" evolution="Same" change="Consistent">
		<class nclones="2">
			<source file="../../workspace/dataset/test/JsonObjectTest.java" startline="122" endline="154" function="testGetLong" hash="7713032004393767084"></source>
			<source file="../../workspace/dataset/test/JsonObjectTest.java" startline="157" endline="192" function="testGetLongDefault" hash="-3242218734419592847"></source>
		</class>
	</version>
	<version nr="910" hash="6f08587f2" evolution="Same" change="Same">
		<class nclones="2">
			<source file="../../workspace/dataset/test/JsonObjectTest.java" startline="122" endline="154" function="testGetLong" hash="7713032004393767084"></source>
			<source file="../../workspace/dataset/test/JsonObjectTest.java" startline="157" endline="192" function="testGetLongDefault" hash="-3242218734419592847"></source>
		</class>
	</version>
</lineage>
<lineage>
	<version nr="520" hash="bd8373df7" evolution="None" change="None">
		<class nclones="2">
			<source file="../../workspace/dataset/test/JsonObjectTest.java" startline="627" endline="654" function="testGetValue" hash="1989409863677847997"></source>
			<source file="../../workspace/dataset/test/JsonObjectTest.java" startline="657" endline="696" function="testGetValueDefault" hash="8228636790422527136"></source>
		</class>
	</version>
	<version nr="570" hash="c51270fc4" evolution="Same" change="Same">
		<class nclones="2">
			<source file="../../workspace/dataset/test/JsonObjectTest.java" startline="627" endline="654" function="testGetValue" hash="1989409863677847997"></source>
			<source file="../../workspace/dataset/test/JsonObjectTest.java" startline="657" endline="696" function="testGetValueDefault" hash="8228636790422527136"></source>
		</class>
	</version>
	<version nr="580" hash="06ba79481" evolution="Same" change="Inconsistent">
		<class nclones="2">
			<source file="../../workspace/dataset/test/JsonObjectTest.java" startline="628" endline="671" function="testGetValue" hash="4439875806169746569"></source>
			<source file="../../workspace/dataset/test/JsonObjectTest.java" startline="674" endline="713" function="testGetValueDefault" hash="8228636790422527136"></source>
		</class>
	</version>
	<version nr="910" hash="6f08587f2" evolution="Same" change="Same">
		<class nclones="2">
			<source file="../../workspace/dataset/test/JsonObjectTest.java" startline="628" endline="671" function="testGetValue" hash="4439875806169746569"></source>
			<source file="../../workspace/dataset/test/JsonObjectTest.java" startline="674" endline="713" function="testGetValueDefault" hash="8228636790422527136"></source>
		</class>
	</version>
</lineage>
<lineage>
	<version nr="520" hash="bd8373df7" evolution="None" change="None">
		<class nclones="2">
			<source file="../../workspace/dataset/test/JsonObjectTest.java" startline="874" endline="893" function="testPutJsonObject" hash="7394345523335355978"></source>
			<source file="../../workspace/dataset/test/JsonObjectTest.java" startline="896" endline="919" function="testPutJsonArray" hash="3267715991092607464"></source>
		</class>
	</version>
	<version nr="910" hash="6f08587f2" evolution="Same" change="Same">
		<class nclones="2">
			<source file="../../workspace/dataset/test/JsonObjectTest.java" startline="874" endline="893" function="testPutJsonObject" hash="7394345523335355978"></source>
			<source file="../../workspace/dataset/test/JsonObjectTest.java" startline="896" endline="919" function="testPutJsonArray" hash="3267715991092607464"></source>
		</class>
	</version>
</lineage>
<lineage>
	<version nr="520" hash="bd8373df7" evolution="None" change="None">
		<class nclones="2">
			<source file="../../workspace/dataset/test/JsonObjectTest.java" startline="1027" endline="1045" function="testEncode" hash="-2493809024697328574"></source>
			<source file="../../workspace/dataset/test/JsonObjectTest.java" startline="1077" endline="1104" function="testEncodePrettily" hash="7409413864156104737"></source>
		</class>
	</version>
	<version nr="640" hash="b0d84cefe" evolution="Same" change="Same">
		<class nclones="2">
			<source file="../../workspace/dataset/test/JsonObjectTest.java" startline="1027" endline="1045" function="testEncode" hash="-2493809024697328574"></source>
			<source file="../../workspace/dataset/test/JsonObjectTest.java" startline="1077" endline="1104" function="testEncodePrettily" hash="7409413864156104737"></source>
		</class>
	</version>
	<version nr="650" hash="387c2403e" evolution="Same" change="Inconsistent">
		<class nclones="2">
			<source file="../../workspace/dataset/test/JsonObjectTest.java" startline="1062" endline="1080" function="testEncode" hash="-2493809024697328574"></source>
			<source file="../../workspace/dataset/test/JsonObjectTest.java" startline="1112" endline="1139" function="testEncodePrettily" hash="-982909707283627999"></source>
		</class>
	</version>
	<version nr="860" hash="e36a3ecb7" evolution="Same" change="Same">
		<class nclones="2">
			<source file="../../workspace/dataset/test/JsonObjectTest.java" startline="1062" endline="1080" function="testEncode" hash="-2493809024697328574"></source>
			<source file="../../workspace/dataset/test/JsonObjectTest.java" startline="1112" endline="1139" function="testEncodePrettily" hash="-982909707283627999"></source>
		</class>
	</version>
	<version nr="870" hash="1e838dde1" evolution="Same" change="Consistent">
		<class nclones="2">
			<source file="../../workspace/dataset/test/JsonObjectTest.java" startline="1150" endline="1170" function="testEncode" hash="2906504735893175241"></source>
			<source file="../../workspace/dataset/test/JsonObjectTest.java" startline="1205" endline="1236" function="testEncodePrettily" hash="4701137944759333943"></source>
		</class>
	</version>
	<version nr="910" hash="6f08587f2" evolution="Same" change="Same">
		<class nclones="2">
			<source file="../../workspace/dataset/test/JsonObjectTest.java" startline="1150" endline="1170" function="testEncode" hash="2906504735893175241"></source>
			<source file="../../workspace/dataset/test/JsonObjectTest.java" startline="1205" endline="1236" function="testEncodePrettily" hash="4701137944759333943"></source>
		</class>
	</version>
</lineage>
<lineage>
	<version nr="560" hash="684eee3d2" evolution="None" change="None">
		<class nclones="2">
			<source file="../../workspace/dataset/test/CaseInsensitiveHeadersTest.java" startline="464" endline="476" function="testSetTest1" hash="-870804920524604617"></source>
			<source file="../../workspace/dataset/test/CaseInsensitiveHeadersTest.java" startline="495" endline="507" function="testSetTest3" hash="8341924766609760347"></source>
		</class>
	</version>
	<version nr="1490" hash="d4900f27a" evolution="Same" change="Same">
		<class nclones="2">
			<source file="../../workspace/dataset/test/CaseInsensitiveHeadersTest.java" startline="459" endline="471" function="testSetTest1" hash="-870804920524604617"></source>
			<source file="../../workspace/dataset/test/CaseInsensitiveHeadersTest.java" startline="490" endline="502" function="testSetTest3" hash="8341924766609760347"></source>
		</class>
	</version>
	<version nr="1500" hash="f6ac6c64b" evolution="Same" change="Consistent">
		<class nclones="2">
			<source file="../../workspace/dataset/test/CaseInsensitiveHeadersTest.java" startline="463" endline="475" function="testSetTest1" hash="-1650199891532159278"></source>
			<source file="../../workspace/dataset/test/CaseInsensitiveHeadersTest.java" startline="494" endline="506" function="testSetTest3" hash="8637414444624919166"></source>
		</class>
	</version>
	<version nr="2360" hash="18f3e379b" evolution="Same" change="Same">
		<class nclones="2">
			<source file="../../workspace/dataset/test/CaseInsensitiveHeadersTest.java" startline="463" endline="475" function="testSetTest1" hash="-1650199891532159278"></source>
			<source file="../../workspace/dataset/test/CaseInsensitiveHeadersTest.java" startline="494" endline="506" function="testSetTest3" hash="8637414444624919166"></source>
		</class>
	</version>
</lineage>
<lineage>
	<version nr="560" hash="684eee3d2" evolution="None" change="None">
		<class nclones="4">
			<source file="../../workspace/dataset/test/CaseInsensitiveHeadersTest.java" startline="586" endline="598" function="testSetTest11" hash="2837991313969524510"></source>
			<source file="../../workspace/dataset/test/CaseInsensitiveHeadersTest.java" startline="616" endline="628" function="testSetTest13" hash="-3300706810812133876"></source>
			<source file="../../workspace/dataset/test/CaseInsensitiveHeadersTest.java" startline="631" endline="643" function="testSetTest14" hash="642782117874795134"></source>
			<source file="../../workspace/dataset/test/CaseInsensitiveHeadersTest.java" startline="601" endline="613" function="testSetTest12" hash="-2135790670948306518"></source>
		</class>
	</version>
	<version nr="1490" hash="d4900f27a" evolution="Same" change="Same">
		<class nclones="4">
			<source file="../../workspace/dataset/test/CaseInsensitiveHeadersTest.java" startline="581" endline="593" function="testSetTest11" hash="2837991313969524510"></source>
			<source file="../../workspace/dataset/test/CaseInsensitiveHeadersTest.java" startline="626" endline="638" function="testSetTest14" hash="642782117874795134"></source>
			<source file="../../workspace/dataset/test/CaseInsensitiveHeadersTest.java" startline="611" endline="623" function="testSetTest13" hash="-3300706810812133876"></source>
			<source file="../../workspace/dataset/test/CaseInsensitiveHeadersTest.java" startline="596" endline="608" function="testSetTest12" hash="-2135790670948306518"></source>
		</class>
	</version>
	<version nr="1500" hash="f6ac6c64b" evolution="Same" change="Consistent">
		<class nclones="4">
			<source file="../../workspace/dataset/test/CaseInsensitiveHeadersTest.java" startline="585" endline="597" function="testSetTest11" hash="5305967643643666507"></source>
			<source file="../../workspace/dataset/test/CaseInsensitiveHeadersTest.java" startline="615" endline="627" function="testSetTest13" hash="3563357001154460153"></source>
			<source file="../../workspace/dataset/test/CaseInsensitiveHeadersTest.java" startline="630" endline="642" function="testSetTest14" hash="-5915675933716985877"></source>
			<source file="../../workspace/dataset/test/CaseInsensitiveHeadersTest.java" startline="600" endline="612" function="testSetTest12" hash="-6467321997512221217"></source>
		</class>
	</version>
	<version nr="2360" hash="18f3e379b" evolution="Same" change="Same">
		<class nclones="4">
			<source file="../../workspace/dataset/test/CaseInsensitiveHeadersTest.java" startline="585" endline="597" function="testSetTest11" hash="5305967643643666507"></source>
			<source file="../../workspace/dataset/test/CaseInsensitiveHeadersTest.java" startline="615" endline="627" function="testSetTest13" hash="3563357001154460153"></source>
			<source file="../../workspace/dataset/test/CaseInsensitiveHeadersTest.java" startline="630" endline="642" function="testSetTest14" hash="-5915675933716985877"></source>
			<source file="../../workspace/dataset/test/CaseInsensitiveHeadersTest.java" startline="600" endline="612" function="testSetTest12" hash="-6467321997512221217"></source>
		</class>
	</version>
</lineage>
<lineage>
	<version nr="560" hash="684eee3d2" evolution="None" change="None">
		<class nclones="2">
			<source file="../../workspace/dataset/test/JsonArrayTest.java" startline="939" endline="954" function="testJsonArrayEquality" hash="6577326143223317524"></source>
			<source file="../../workspace/dataset/test/JsonObjectTest.java" startline="1439" endline="1454" function="testJsonObjectEquality" hash="-4715983907400064978"></source>
		</class>
	</version>
	<version nr="910" hash="6f08587f2" evolution="Same" change="Same">
		<class nclones="2">
			<source file="../../workspace/dataset/test/JsonArrayTest.java" startline="939" endline="954" function="testJsonArrayEquality" hash="6577326143223317524"></source>
			<source file="../../workspace/dataset/test/JsonObjectTest.java" startline="1439" endline="1454" function="testJsonObjectEquality" hash="-4715983907400064978"></source>
		</class>
	</version>
</lineage>
<lineage>
	<version nr="560" hash="684eee3d2" evolution="None" change="None">
		<class nclones="2">
			<source file="../../workspace/dataset/test/CaseInsensitiveHeadersTest.java" startline="700" endline="758" function="testGetHashColl" hash="-3945452688231932690"></source>
			<source file="../../workspace/dataset/test/CaseInsensitiveHeadersTest.java" startline="761" endline="781" function="testGetAllHashColl" hash="-10336287252881765"></source>
		</class>
	</version>
	<version nr="1490" hash="d4900f27a" evolution="Same" change="Same">
		<class nclones="2">
			<source file="../../workspace/dataset/test/CaseInsensitiveHeadersTest.java" startline="695" endline="753" function="testGetHashColl" hash="-3945452688231932690"></source>
			<source file="../../workspace/dataset/test/CaseInsensitiveHeadersTest.java" startline="756" endline="776" function="testGetAllHashColl" hash="-10336287252881765"></source>
		</class>
	</version>
	<version nr="1500" hash="f6ac6c64b" evolution="Same" change="Consistent">
		<class nclones="2">
			<source file="../../workspace/dataset/test/CaseInsensitiveHeadersTest.java" startline="699" endline="757" function="testGetHashColl" hash="-7022878212966112597"></source>
			<source file="../../workspace/dataset/test/CaseInsensitiveHeadersTest.java" startline="760" endline="780" function="testGetAllHashColl" hash="5333168319120306302"></source>
		</class>
	</version>
	<version nr="1930" hash="818412898" evolution="Same" change="Same">
		<class nclones="2">
			<source file="../../workspace/dataset/test/CaseInsensitiveHeadersTest.java" startline="699" endline="757" function="testGetHashColl" hash="-7022878212966112597"></source>
			<source file="../../workspace/dataset/test/CaseInsensitiveHeadersTest.java" startline="760" endline="780" function="testGetAllHashColl" hash="5333168319120306302"></source>
		</class>
	</version>
	<version nr="1940" hash="e09b2b1ee" evolution="Same" change="Consistent">
		<class nclones="2">
			<source file="../../workspace/dataset/test/CaseInsensitiveHeadersTest.java" startline="724" endline="744" function="testGetHashColl" hash="638147646575260982"></source>
			<source file="../../workspace/dataset/test/CaseInsensitiveHeadersTest.java" startline="747" endline="765" function="testGetAllHashColl" hash="-3317148197324228070"></source>
		</class>
	</version>
	<version nr="2360" hash="18f3e379b" evolution="Same" change="Same">
		<class nclones="2">
			<source file="../../workspace/dataset/test/CaseInsensitiveHeadersTest.java" startline="724" endline="744" function="testGetHashColl" hash="638147646575260982"></source>
			<source file="../../workspace/dataset/test/CaseInsensitiveHeadersTest.java" startline="747" endline="765" function="testGetAllHashColl" hash="-3317148197324228070"></source>
		</class>
	</version>
</lineage>
<lineage>
	<version nr="680" hash="64246e66c" evolution="None" change="None">
		<class nclones="2">
			<source file="../../workspace/dataset/test/FakeVertxMetrics.java" startline="90" endline="123" function="createMetrics" hash="2454610276112431513"></source>
			<source file="../../workspace/dataset/test/FakeVertxMetrics.java" startline="125" endline="158" function="createMetrics" hash="2454610276112431513"></source>
		</class>
	</version>
	<version nr="690" hash="a175af312" evolution="Same" change="Consistent">
		<class nclones="2">
			<source file="../../workspace/dataset/test/FakeVertxMetrics.java" startline="78" endline="104" function="createMetrics" hash="-5349906232229440091"></source>
			<source file="../../workspace/dataset/test/FakeVertxMetrics.java" startline="106" endline="132" function="createMetrics" hash="-5349906232229440091"></source>
		</class>
	</version>
	<version nr="970" hash="a8da72327" evolution="Same" change="Same">
		<class nclones="2">
			<source file="../../workspace/dataset/test/FakeVertxMetrics.java" startline="78" endline="104" function="createMetrics" hash="-5349906232229440091"></source>
			<source file="../../workspace/dataset/test/FakeVertxMetrics.java" startline="106" endline="132" function="createMetrics" hash="-5349906232229440091"></source>
		</class>
	</version>
	<version nr="980" hash="31dfe4b3f" evolution="Same" change="Consistent">
		<class nclones="2">
			<source file="../../workspace/dataset/test/FakeVertxMetrics.java" startline="82" endline="108" function="createMetrics" hash="6754314276195730010"></source>
			<source file="../../workspace/dataset/test/FakeVertxMetrics.java" startline="110" endline="136" function="createMetrics" hash="6754314276195730010"></source>
		</class>
	</version>
	<version nr="1740" hash="d7e0117cb" evolution="Same" change="Same">
		<class nclones="2">
			<source file="../../workspace/dataset/test/FakeVertxMetrics.java" startline="82" endline="108" function="createMetrics" hash="6754314276195730010"></source>
			<source file="../../workspace/dataset/test/FakeVertxMetrics.java" startline="110" endline="136" function="createMetrics" hash="6754314276195730010"></source>
		</class>
	</version>
</lineage>
<lineage>
	<version nr="680" hash="64246e66c" evolution="None" change="None">
		<class nclones="2">
			<source file="../../workspace/dataset/test/FakeVertxMetrics.java" startline="120" endline="121" function="close" hash="0"></source>
			<source file="../../workspace/dataset/test/FakeVertxMetrics.java" startline="151" endline="153" function="isEnabled" hash="-3394228111231680982"></source>
		</class>
	</version>
	<version nr="970" hash="a8da72327" evolution="Same" change="Same">
		<class nclones="2">
			<source file="../../workspace/dataset/test/FakeVertxMetrics.java" startline="85" endline="86" function="disconnected" hash="0"></source>
			<source file="../../workspace/dataset/test/FakeVertxMetrics.java" startline="129" endline="130" function="close" hash="0"></source>
		</class>
	</version>
	<version nr="1030" hash="d2eed896a" evolution="Same" change="Inconsistent">
		<class nclones="2">
			<source file="../../workspace/dataset/test/FakeVertxMetrics.java" startline="89" endline="90" function="disconnected" hash="0"></source>
			<source file="../../workspace/dataset/test/FakeVertxMetrics.java" startline="129" endline="131" function="isEnabled" hash="-3394228111231680982"></source>
		</class>
	</version>
	<version nr="1040" hash="6beb9ce58" evolution="Same" change="Inconsistent">
		<class nclones="2">
			<source file="../../workspace/dataset/test/FakeVertxMetrics.java" startline="85" endline="87" function="connected" hash="-4158255204198001033"></source>
			<source file="../../workspace/dataset/test/FakeVertxMetrics.java" startline="129" endline="131" function="isEnabled" hash="-3394228111231680982"></source>
		</class>
	</version>
	<version nr="1090" hash="f90ecff6c" evolution="Same" change="Same">
		<class nclones="2">
			<source file="../../workspace/dataset/test/FakeVertxMetrics.java" startline="85" endline="87" function="connected" hash="-4158255204198001033"></source>
			<source file="../../workspace/dataset/test/FakeVertxMetrics.java" startline="129" endline="131" function="isEnabled" hash="-3394228111231680982"></source>
		</class>
	</version>
	<version nr="1480" hash="98179d3f5" evolution="Same" change="Inconsistent">
		<class nclones="2">
			<source file="../../workspace/dataset/test/FakeVertxMetrics.java" startline="85" endline="86" function="bytesRead" hash="0"></source>
			<source file="../../workspace/dataset/test/FakeVertxMetrics.java" startline="122" endline="124" function="isEnabled" hash="-3394228111231680982"></source>
		</class>
	</version>
	<version nr="1610" hash="03d5171f1" evolution="Same" change="Same">
		<class nclones="2">
			<source file="../../workspace/dataset/test/FakeVertxMetrics.java" startline="85" endline="86" function="bytesRead" hash="0"></source>
			<source file="../../workspace/dataset/test/FakeVertxMetrics.java" startline="122" endline="124" function="isEnabled" hash="-3394228111231680982"></source>
		</class>
	</version>
</lineage>
<lineage>
	<version nr="740" hash="991296401" evolution="None" change="None">
		<class nclones="2">
			<source file="../../workspace/dataset/test/BlockedThreadCheckerTest.java" startline="33" endline="48" function="testBlockCheckExceptionTimeLimit" hash="-1767934056107739414"></source>
			<source file="../../workspace/dataset/test/BlockedThreadCheckerTest.java" startline="51" endline="68" function="testBlockCheckWorker" hash="4136841121785429512"></source>
		</class>
	</version>
	<version nr="1080" hash="e91a7a400" evolution="Same" change="Same">
		<class nclones="2">
			<source file="../../workspace/dataset/test/BlockedThreadCheckerTest.java" startline="33" endline="48" function="testBlockCheckExceptionTimeLimit" hash="-1767934056107739414"></source>
			<source file="../../workspace/dataset/test/BlockedThreadCheckerTest.java" startline="51" endline="68" function="testBlockCheckWorker" hash="4136841121785429512"></source>
		</class>
	</version>
	<version nr="1090" hash="f90ecff6c" evolution="Same" change="Consistent">
		<class nclones="2">
			<source file="../../workspace/dataset/test/BlockedThreadCheckerTest.java" startline="33" endline="48" function="testBlockCheckExceptionTimeLimit" hash="-1545476974578012231"></source>
			<source file="../../workspace/dataset/test/BlockedThreadCheckerTest.java" startline="51" endline="68" function="testBlockCheckWorker" hash="-1213227814797130151"></source>
		</class>
	</version>
	<version nr="1250" hash="d64c3e85b" evolution="Same" change="Same">
		<class nclones="2">
			<source file="../../workspace/dataset/test/BlockedThreadCheckerTest.java" startline="33" endline="48" function="testBlockCheckExceptionTimeLimit" hash="-1545476974578012231"></source>
			<source file="../../workspace/dataset/test/BlockedThreadCheckerTest.java" startline="51" endline="68" function="testBlockCheckWorker" hash="-1213227814797130151"></source>
		</class>
	</version>
</lineage>
<lineage>
	<version nr="850" hash="5edbfd591" evolution="None" change="None">
		<class nclones="2">
			<source file="../../workspace/dataset/test/DataObjectTest.java" startline="37" endline="183" function="testJsonToDataObject" hash="5955141834275728205"></source>
			<source file="../../workspace/dataset/test/DataObjectTest.java" startline="253" endline="357" function="testDataObjectToJson" hash="-8056895773639907339"></source>
		</class>
	</version>
	<version nr="860" hash="e36a3ecb7" evolution="Same" change="Inconsistent">
		<class nclones="2">
			<source file="../../workspace/dataset/test/DataObjectTest.java" startline="42" endline="199" function="testJsonToDataObject" hash="-1907110017362309736"></source>
			<source file="../../workspace/dataset/test/DataObjectTest.java" startline="269" endline="373" function="testDataObjectToJson" hash="-8056895773639907339"></source>
		</class>
	</version>
	<version nr="880" hash="38e8f65ba" evolution="Same" change="Same">
		<class nclones="2">
			<source file="../../workspace/dataset/test/DataObjectTest.java" startline="42" endline="199" function="testJsonToDataObject" hash="-1907110017362309736"></source>
			<source file="../../workspace/dataset/test/DataObjectTest.java" startline="269" endline="373" function="testDataObjectToJson" hash="-8056895773639907339"></source>
		</class>
	</version>
</lineage>
<lineage>
	<version nr="900" hash="39487f911" evolution="None" change="None">
		<class nclones="2">
			<source file="../../workspace/dataset/test/DefaultParserTest.java" startline="43" endline="58" function="testWithOneLongOption" hash="-4394980968504126248"></source>
			<source file="../../workspace/dataset/test/DefaultParserTest.java" startline="62" endline="77" function="testWithOneLongOptionUsingSpace" hash="-6885287813544482191"></source>
		</class>
	</version>
	<version nr="920" hash="6b63dc8f9" evolution="Same" change="Same">
		<class nclones="2">
			<source file="../../workspace/dataset/test/DefaultParserTest.java" startline="43" endline="58" function="testWithOneLongOption" hash="-4394980968504126248"></source>
			<source file="../../workspace/dataset/test/DefaultParserTest.java" startline="62" endline="77" function="testWithOneLongOptionUsingSpace" hash="-6885287813544482191"></source>
		</class>
	</version>
	<version nr="930" hash="37fa8d37f" evolution="Same" change="Consistent">
		<class nclones="2">
			<source file="../../workspace/dataset/test/DefaultParserTest.java" startline="43" endline="58" function="testWithOneLongOption" hash="-6712459387453076364"></source>
			<source file="../../workspace/dataset/test/DefaultParserTest.java" startline="62" endline="77" function="testWithOneLongOptionUsingSpace" hash="5455025883709917349"></source>
		</class>
	</version>
	<version nr="940" hash="9774c0da0" evolution="Same" change="Same">
		<class nclones="2">
			<source file="../../workspace/dataset/test/DefaultParserTest.java" startline="44" endline="59" function="testWithOneLongOption" hash="-6712459387453076364"></source>
			<source file="../../workspace/dataset/test/DefaultParserTest.java" startline="63" endline="78" function="testWithOneLongOptionUsingSpace" hash="5455025883709917349"></source>
		</class>
	</version>
	<version nr="950" hash="b4bc6849b" evolution="Same" change="Consistent">
		<class nclones="2">
			<source file="../../workspace/dataset/test/DefaultParserTest.java" startline="48" endline="63" function="testWithOneLongOption" hash="-5138686909733915243"></source>
			<source file="../../workspace/dataset/test/DefaultParserTest.java" startline="67" endline="82" function="testWithOneLongOptionUsingSpace" hash="3329618625747271236"></source>
		</class>
	</version>
	<version nr="1860" hash="cfa8a166d" evolution="Same" change="Same">
		<class nclones="2">
			<source file="../../workspace/dataset/test/DefaultParserTest.java" startline="48" endline="63" function="testWithOneLongOption" hash="-5138686909733915243"></source>
			<source file="../../workspace/dataset/test/DefaultParserTest.java" startline="67" endline="82" function="testWithOneLongOptionUsingSpace" hash="3329618625747271236"></source>
		</class>
	</version>
	<version nr="1870" hash="276d6f96e" evolution="Same" change="Consistent">
		<class nclones="2">
			<source file="../../workspace/dataset/test/DefaultParserTest.java" startline="43" endline="58" function="testWithOneLongOption" hash="4494065755113310939"></source>
			<source file="../../workspace/dataset/test/DefaultParserTest.java" startline="62" endline="77" function="testWithOneLongOptionUsingSpace" hash="-2231879222617243834"></source>
		</class>
	</version>
	<version nr="3040" hash="b7ec7df48" evolution="Same" change="Same">
		<class nclones="2">
			<source file="../../workspace/dataset/test/DefaultParserTest.java" startline="43" endline="58" function="testWithOneLongOption" hash="4494065755113310939"></source>
			<source file="../../workspace/dataset/test/DefaultParserTest.java" startline="62" endline="77" function="testWithOneLongOptionUsingSpace" hash="-2231879222617243834"></source>
		</class>
	</version>
</lineage>
<lineage>
	<version nr="900" hash="39487f911" evolution="None" change="None">
		<class nclones="3">
			<source file="../../workspace/dataset/test/IntensiveDefaultParserTest.java" startline="269" endline="285" function="testLongWithUnexpectedArgument1" hash="5068279657162444192"></source>
			<source file="../../workspace/dataset/test/IntensiveDefaultParserTest.java" startline="288" endline="302" function="testLongWithUnexpectedArgument2" hash="-6205268273318398261"></source>
			<source file="../../workspace/dataset/test/IntensiveDefaultParserTest.java" startline="305" endline="320" function="testShortWithUnexpectedArgument" hash="-4434930778425220241"></source>
		</class>
	</version>
	<version nr="3040" hash="b7ec7df48" evolution="Same" change="Same">
		<class nclones="3">
			<source file="../../workspace/dataset/test/IntensiveDefaultParserTest.java" startline="269" endline="285" function="testLongWithUnexpectedArgument1" hash="5068279657162444192"></source>
			<source file="../../workspace/dataset/test/IntensiveDefaultParserTest.java" startline="288" endline="302" function="testLongWithUnexpectedArgument2" hash="-6205268273318398261"></source>
			<source file="../../workspace/dataset/test/IntensiveDefaultParserTest.java" startline="305" endline="320" function="testShortWithUnexpectedArgument" hash="-4434930778425220241"></source>
		</class>
	</version>
</lineage>
<lineage>
	<version nr="900" hash="39487f911" evolution="None" change="None">
		<class nclones="4">
			<source file="../../workspace/dataset/test/IntensiveDefaultParserTest.java" startline="397" endline="415" function="testAmbiguousPartialLongOption1" hash="2091784679460468415"></source>
			<source file="../../workspace/dataset/test/IntensiveDefaultParserTest.java" startline="418" endline="435" function="testAmbiguousPartialLongOption2" hash="-1302128357178452793"></source>
			<source file="../../workspace/dataset/test/IntensiveDefaultParserTest.java" startline="458" endline="475" function="testAmbiguousPartialLongOption4" hash="2845584832938102007"></source>
			<source file="../../workspace/dataset/test/IntensiveDefaultParserTest.java" startline="438" endline="455" function="testAmbiguousPartialLongOption3" hash="-6944287895452603289"></source>
		</class>
	</version>
	<version nr="3040" hash="b7ec7df48" evolution="Same" change="Same">
		<class nclones="4">
			<source file="../../workspace/dataset/test/IntensiveDefaultParserTest.java" startline="397" endline="415" function="testAmbiguousPartialLongOption1" hash="2091784679460468415"></source>
			<source file="../../workspace/dataset/test/IntensiveDefaultParserTest.java" startline="418" endline="435" function="testAmbiguousPartialLongOption2" hash="-1302128357178452793"></source>
			<source file="../../workspace/dataset/test/IntensiveDefaultParserTest.java" startline="458" endline="475" function="testAmbiguousPartialLongOption4" hash="2845584832938102007"></source>
			<source file="../../workspace/dataset/test/IntensiveDefaultParserTest.java" startline="438" endline="455" function="testAmbiguousPartialLongOption3" hash="-6944287895452603289"></source>
		</class>
	</version>
</lineage>
<lineage>
	<version nr="900" hash="39487f911" evolution="None" change="None">
		<class nclones="3">
			<source file="../../workspace/dataset/test/DefaultParserTest.java" startline="306" endline="412" function="testVertxRun" hash="7857998545315359415"></source>
			<source file="../../workspace/dataset/test/DefaultParserTest.java" startline="306" endline="412" function="testVertxRun" hash="7857998545315359415"></source>
			<source file="../../workspace/dataset/test/DefaultParserTest.java" startline="306" endline="412" function="testVertxRun" hash="7857998545315359415"></source>
		</class>
	</version>
	<version nr="930" hash="37fa8d37f" evolution="Same" change="Same">
		<class nclones="3">
			<source file="../../workspace/dataset/test/DefaultParserTest.java" startline="306" endline="412" function="testVertxRun" hash="7857998545315359415"></source>
			<source file="../../workspace/dataset/test/DefaultParserTest.java" startline="306" endline="412" function="testVertxRun" hash="7857998545315359415"></source>
			<source file="../../workspace/dataset/test/DefaultParserTest.java" startline="306" endline="412" function="testVertxRun" hash="7857998545315359415"></source>
		</class>
	</version>
	<version nr="940" hash="9774c0da0" evolution="Same" change="Consistent">
		<class nclones="3">
			<source file="../../workspace/dataset/test/DefaultParserTest.java" startline="307" endline="413" function="testVertxRun" hash="9050919627917542577"></source>
			<source file="../../workspace/dataset/test/DefaultParserTest.java" startline="307" endline="413" function="testVertxRun" hash="9050919627917542577"></source>
			<source file="../../workspace/dataset/test/DefaultParserTest.java" startline="307" endline="413" function="testVertxRun" hash="9050919627917542577"></source>
		</class>
	</version>
	<version nr="950" hash="b4bc6849b" evolution="Same" change="Consistent">
		<class nclones="3">
			<source file="../../workspace/dataset/test/DefaultParserTest.java" startline="311" endline="417" function="testVertxRun" hash="-4219431178736529356"></source>
			<source file="../../workspace/dataset/test/DefaultParserTest.java" startline="311" endline="417" function="testVertxRun" hash="-4219431178736529356"></source>
			<source file="../../workspace/dataset/test/DefaultParserTest.java" startline="311" endline="417" function="testVertxRun" hash="-4219431178736529356"></source>
		</class>
	</version>
	<version nr="1860" hash="cfa8a166d" evolution="Same" change="Same">
		<class nclones="3">
			<source file="../../workspace/dataset/test/DefaultParserTest.java" startline="311" endline="417" function="testVertxRun" hash="-4219431178736529356"></source>
			<source file="../../workspace/dataset/test/DefaultParserTest.java" startline="311" endline="417" function="testVertxRun" hash="-4219431178736529356"></source>
			<source file="../../workspace/dataset/test/DefaultParserTest.java" startline="311" endline="417" function="testVertxRun" hash="-4219431178736529356"></source>
		</class>
	</version>
	<version nr="1870" hash="276d6f96e" evolution="Same" change="Consistent">
		<class nclones="3">
			<source file="../../workspace/dataset/test/DefaultParserTest.java" startline="306" endline="412" function="testVertxRun" hash="-5397508395104274818"></source>
			<source file="../../workspace/dataset/test/DefaultParserTest.java" startline="306" endline="412" function="testVertxRun" hash="-5397508395104274818"></source>
			<source file="../../workspace/dataset/test/DefaultParserTest.java" startline="306" endline="412" function="testVertxRun" hash="-5397508395104274818"></source>
		</class>
	</version>
	<version nr="2220" hash="c592b7eb7" evolution="Same" change="Same">
		<class nclones="3">
			<source file="../../workspace/dataset/test/DefaultParserTest.java" startline="306" endline="412" function="testVertxRun" hash="-5397508395104274818"></source>
			<source file="../../workspace/dataset/test/DefaultParserTest.java" startline="306" endline="412" function="testVertxRun" hash="-5397508395104274818"></source>
			<source file="../../workspace/dataset/test/DefaultParserTest.java" startline="306" endline="412" function="testVertxRun" hash="-5397508395104274818"></source>
		</class>
	</version>
	<version nr="2230" hash="d97c6ccad" evolution="Same" change="Consistent">
		<class nclones="3">
			<source file="../../workspace/dataset/test/DefaultParserTest.java" startline="306" endline="412" function="testVertxRun" hash="5711657156546584123"></source>
			<source file="../../workspace/dataset/test/DefaultParserTest.java" startline="306" endline="412" function="testVertxRun" hash="5711657156546584123"></source>
			<source file="../../workspace/dataset/test/DefaultParserTest.java" startline="306" endline="412" function="testVertxRun" hash="5711657156546584123"></source>
		</class>
	</version>
	<version nr="3040" hash="b7ec7df48" evolution="Same" change="Same">
		<class nclones="3">
			<source file="../../workspace/dataset/test/DefaultParserTest.java" startline="306" endline="412" function="testVertxRun" hash="5711657156546584123"></source>
			<source file="../../workspace/dataset/test/DefaultParserTest.java" startline="306" endline="412" function="testVertxRun" hash="5711657156546584123"></source>
			<source file="../../workspace/dataset/test/DefaultParserTest.java" startline="306" endline="412" function="testVertxRun" hash="5711657156546584123"></source>
		</class>
	</version>
</lineage>
<lineage>
	<version nr="900" hash="39487f911" evolution="None" change="None">
		<class nclones="2">
			<source file="../../workspace/dataset/test/IntensiveDefaultParserTest.java" startline="338" endline="349" function="testUnambiguousPartialLongOption1" hash="3333967425949581105"></source>
			<source file="../../workspace/dataset/test/IntensiveDefaultParserTest.java" startline="352" endline="363" function="testUnambiguousPartialLongOption2" hash="4625930291613163975"></source>
		</class>
	</version>
	<version nr="3040" hash="b7ec7df48" evolution="Same" change="Same">
		<class nclones="2">
			<source file="../../workspace/dataset/test/IntensiveDefaultParserTest.java" startline="338" endline="349" function="testUnambiguousPartialLongOption1" hash="3333967425949581105"></source>
			<source file="../../workspace/dataset/test/IntensiveDefaultParserTest.java" startline="352" endline="363" function="testUnambiguousPartialLongOption2" hash="4625930291613163975"></source>
		</class>
	</version>
</lineage>
<lineage>
	<version nr="900" hash="39487f911" evolution="None" change="None">
		<class nclones="2">
			<source file="../../workspace/dataset/test/IntensiveDefaultParserTest.java" startline="366" endline="378" function="testUnambiguousPartialLongOption3" hash="3062510932812751241"></source>
			<source file="../../workspace/dataset/test/IntensiveDefaultParserTest.java" startline="381" endline="394" function="testUnambiguousPartialLongOption4" hash="8818681222485250791"></source>
		</class>
	</version>
	<version nr="3040" hash="b7ec7df48" evolution="Same" change="Same">
		<class nclones="2">
			<source file="../../workspace/dataset/test/IntensiveDefaultParserTest.java" startline="366" endline="378" function="testUnambiguousPartialLongOption3" hash="3062510932812751241"></source>
			<source file="../../workspace/dataset/test/IntensiveDefaultParserTest.java" startline="381" endline="394" function="testUnambiguousPartialLongOption4" hash="8818681222485250791"></source>
		</class>
	</version>
</lineage>
<lineage>
	<version nr="900" hash="39487f911" evolution="None" change="None">
		<class nclones="2">
			<source file="../../workspace/dataset/test/IntensiveDefaultParserTest.java" startline="494" endline="507" function="testWithRequiredOption" hash="8172724756026244856"></source>
			<source file="../../workspace/dataset/test/IntensiveDefaultParserTest.java" startline="510" endline="522" function="testOptionAndRequiredOption" hash="-5217925006787038765"></source>
		</class>
	</version>
	<version nr="3040" hash="b7ec7df48" evolution="Same" change="Same">
		<class nclones="2">
			<source file="../../workspace/dataset/test/IntensiveDefaultParserTest.java" startline="494" endline="507" function="testWithRequiredOption" hash="8172724756026244856"></source>
			<source file="../../workspace/dataset/test/IntensiveDefaultParserTest.java" startline="510" endline="522" function="testOptionAndRequiredOption" hash="-5217925006787038765"></source>
		</class>
	</version>
</lineage>
<lineage>
	<version nr="910" hash="6f08587f2" evolution="None" change="None">
		<class nclones="2">
			<source file="../../workspace/dataset/test/VertxCommandLineInterfaceTest.java" startline="184" endline="233" function="testComplexCommandExecutions" hash="4839370288635945717"></source>
			<source file="../../workspace/dataset/test/VertxCommandLineInterfaceTest.java" startline="257" endline="259" function="getPrintStream" hash="3426805069324119502"></source>
		</class>
	</version>
	<version nr="3040" hash="b7ec7df48" evolution="Same" change="Same">
		<class nclones="2">
			<source file="../../workspace/dataset/test/VertxCommandLineInterfaceTest.java" startline="184" endline="233" function="testComplexCommandExecutions" hash="4839370288635945717"></source>
			<source file="../../workspace/dataset/test/VertxCommandLineInterfaceTest.java" startline="257" endline="259" function="getPrintStream" hash="3426805069324119502"></source>
		</class>
	</version>
</lineage>
<lineage>
	<version nr="920" hash="6b63dc8f9" evolution="None" change="None">
		<class nclones="2">
			<source file="../../workspace/dataset/test/FileSelectorTest.java" startline="72" endline="86" function="testMatchPath_UnixFileSeparator" hash="-6057420936648854254"></source>
			<source file="../../workspace/dataset/test/FileSelectorTest.java" startline="89" endline="103" function="testMatchPath_WindowsFileSeparator" hash="162839393201402792"></source>
		</class>
	</version>
	<version nr="3040" hash="b7ec7df48" evolution="Same" change="Same">
		<class nclones="2">
			<source file="../../workspace/dataset/test/FileSelectorTest.java" startline="72" endline="86" function="testMatchPath_UnixFileSeparator" hash="-6057420936648854254"></source>
			<source file="../../workspace/dataset/test/FileSelectorTest.java" startline="89" endline="103" function="testMatchPath_WindowsFileSeparator" hash="162839393201402792"></source>
		</class>
	</version>
</lineage>
<lineage>
	<version nr="930" hash="37fa8d37f" evolution="None" change="None">
		<class nclones="2">
			<source file="../../workspace/dataset/test/DefaultCLITest.java" startline="150" endline="166" function="testUsageComputationWithSeveralArguments" hash="6689894518839338252"></source>
			<source file="../../workspace/dataset/test/DefaultCLITest.java" startline="169" endline="185" function="testUsageComputationWithHiddenArguments" hash="3868360323851577168"></source>
		</class>
	</version>
	<version nr="1860" hash="cfa8a166d" evolution="Same" change="Same">
		<class nclones="2">
			<source file="../../workspace/dataset/test/DefaultCLITest.java" startline="148" endline="164" function="testUsageComputationWithSeveralArguments" hash="6689894518839338252"></source>
			<source file="../../workspace/dataset/test/DefaultCLITest.java" startline="167" endline="183" function="testUsageComputationWithHiddenArguments" hash="3868360323851577168"></source>
		</class>
	</version>
	<version nr="1870" hash="276d6f96e" evolution="Same" change="Consistent">
		<class nclones="2">
			<source file="../../workspace/dataset/test/DefaultCLITest.java" startline="155" endline="171" function="testUsageComputationWithSeveralArguments" hash="144250425024444050"></source>
			<source file="../../workspace/dataset/test/DefaultCLITest.java" startline="174" endline="190" function="testUsageComputationWithHiddenArguments" hash="1485571482050979496"></source>
		</class>
	</version>
	<version nr="3040" hash="b7ec7df48" evolution="Same" change="Same">
		<class nclones="2">
			<source file="../../workspace/dataset/test/DefaultCLITest.java" startline="155" endline="171" function="testUsageComputationWithSeveralArguments" hash="144250425024444050"></source>
			<source file="../../workspace/dataset/test/DefaultCLITest.java" startline="174" endline="190" function="testUsageComputationWithHiddenArguments" hash="1485571482050979496"></source>
		</class>
	</version>
</lineage>
<lineage>
	<version nr="940" hash="9774c0da0" evolution="None" change="None">
		<class nclones="2">
			<source file="../../workspace/dataset/test/DefaultParserTest.java" startline="551" endline="561" function="testThatArgumentIndexCanBeGenerated" hash="-3572805490473335203"></source>
			<source file="../../workspace/dataset/test/DefaultParserTest.java" startline="564" endline="574" function="testThatArgumentIndexCanBeGeneratedWithPartiallyNumberedArguments" hash="344817502973040609"></source>
		</class>
	</version>
	<version nr="3040" hash="b7ec7df48" evolution="Same" change="Same">
		<class nclones="2">
			<source file="../../workspace/dataset/test/DefaultParserTest.java" startline="565" endline="575" function="testThatArgumentIndexCanBeGenerated" hash="-3572805490473335203"></source>
			<source file="../../workspace/dataset/test/DefaultParserTest.java" startline="578" endline="588" function="testThatArgumentIndexCanBeGeneratedWithPartiallyNumberedArguments" hash="344817502973040609"></source>
		</class>
	</version>
</lineage>
<lineage>
	<version nr="940" hash="9774c0da0" evolution="None" change="None">
		<class nclones="2">
			<source file="../../workspace/dataset/test/DefaultParserTest.java" startline="501" endline="514" function="testWithArgumentReceivingMultipleValues" hash="8656090860404855973"></source>
			<source file="../../workspace/dataset/test/DefaultParserTest.java" startline="528" endline="548" function="testWithMultipleRequiredArgument" hash="4295690619094784777"></source>
		</class>
	</version>
	<version nr="950" hash="b4bc6849b" evolution="Same" change="Consistent">
		<class nclones="2">
			<source file="../../workspace/dataset/test/DefaultParserTest.java" startline="505" endline="518" function="testWithArgumentReceivingMultipleValues" hash="7275246356879825060"></source>
			<source file="../../workspace/dataset/test/DefaultParserTest.java" startline="542" endline="562" function="testWithMultipleRequiredArgument" hash="-9126219932255715556"></source>
		</class>
	</version>
	<version nr="950" hash="b4bc6849b" evolution="Same" change="Inconsistent">
		<class nclones="2">
			<source file="../../workspace/dataset/test/DefaultParserTest.java" startline="531" endline="539" function="testWithMultipleArgumentReceivingSingleValues" hash="-5240638102455329665"></source>
			<source file="../../workspace/dataset/test/DefaultParserTest.java" startline="542" endline="562" function="testWithMultipleRequiredArgument" hash="-9126219932255715556"></source>
		</class>
	</version>
	<version nr="960" hash="148111ab3" evolution="Same" change="Inconsistent">
		<class nclones="2">
			<source file="../../workspace/dataset/test/DefaultParserTest.java" startline="505" endline="518" function="testWithArgumentReceivingMultipleValues" hash="7275246356879825060"></source>
			<source file="../../workspace/dataset/test/DefaultParserTest.java" startline="542" endline="562" function="testWithMultipleRequiredArgument" hash="-9126219932255715556"></source>
		</class>
	</version>
	<version nr="960" hash="148111ab3" evolution="Same" change="Inconsistent">
		<class nclones="2">
			<source file="../../workspace/dataset/test/DefaultParserTest.java" startline="531" endline="539" function="testWithMultipleArgumentReceivingSingleValues" hash="-5240638102455329665"></source>
			<source file="../../workspace/dataset/test/DefaultParserTest.java" startline="542" endline="562" function="testWithMultipleRequiredArgument" hash="-9126219932255715556"></source>
		</class>
	</version>
	<version nr="970" hash="a8da72327" evolution="Same" change="Inconsistent">
		<class nclones="2">
			<source file="../../workspace/dataset/test/DefaultParserTest.java" startline="505" endline="518" function="testWithArgumentReceivingMultipleValues" hash="7275246356879825060"></source>
			<source file="../../workspace/dataset/test/DefaultParserTest.java" startline="542" endline="562" function="testWithMultipleRequiredArgument" hash="-9126219932255715556"></source>
		</class>
	</version>
	<version nr="970" hash="a8da72327" evolution="Same" change="Inconsistent">
		<class nclones="2">
			<source file="../../workspace/dataset/test/DefaultParserTest.java" startline="531" endline="539" function="testWithMultipleArgumentReceivingSingleValues" hash="-5240638102455329665"></source>
			<source file="../../workspace/dataset/test/DefaultParserTest.java" startline="542" endline="562" function="testWithMultipleRequiredArgument" hash="-9126219932255715556"></source>
		</class>
	</version>
	<version nr="980" hash="31dfe4b3f" evolution="Same" change="Inconsistent">
		<class nclones="2">
			<source file="../../workspace/dataset/test/DefaultParserTest.java" startline="505" endline="518" function="testWithArgumentReceivingMultipleValues" hash="7275246356879825060"></source>
			<source file="../../workspace/dataset/test/DefaultParserTest.java" startline="542" endline="562" function="testWithMultipleRequiredArgument" hash="-9126219932255715556"></source>
		</class>
	</version>
	<version nr="980" hash="31dfe4b3f" evolution="Same" change="Inconsistent">
		<class nclones="2">
			<source file="../../workspace/dataset/test/DefaultParserTest.java" startline="531" endline="539" function="testWithMultipleArgumentReceivingSingleValues" hash="-5240638102455329665"></source>
			<source file="../../workspace/dataset/test/DefaultParserTest.java" startline="542" endline="562" function="testWithMultipleRequiredArgument" hash="-9126219932255715556"></source>
		</class>
	</version>
	<version nr="990" hash="6a866ed44" evolution="Same" change="Inconsistent">
		<class nclones="2">
			<source file="../../workspace/dataset/test/DefaultParserTest.java" startline="505" endline="518" function="testWithArgumentReceivingMultipleValues" hash="7275246356879825060"></source>
			<source file="../../workspace/dataset/test/DefaultParserTest.java" startline="542" endline="562" function="testWithMultipleRequiredArgument" hash="-9126219932255715556"></source>
		</class>
	</version>
	<version nr="990" hash="6a866ed44" evolution="Same" change="Inconsistent">
		<class nclones="2">
			<source file="../../workspace/dataset/test/DefaultParserTest.java" startline="531" endline="539" function="testWithMultipleArgumentReceivingSingleValues" hash="-5240638102455329665"></source>
			<source file="../../workspace/dataset/test/DefaultParserTest.java" startline="542" endline="562" function="testWithMultipleRequiredArgument" hash="-9126219932255715556"></source>
		</class>
	</version>
	<version nr="1000" hash="e6a291fa6" evolution="Same" change="Inconsistent">
		<class nclones="2">
			<source file="../../workspace/dataset/test/DefaultParserTest.java" startline="505" endline="518" function="testWithArgumentReceivingMultipleValues" hash="7275246356879825060"></source>
			<source file="../../workspace/dataset/test/DefaultParserTest.java" startline="542" endline="562" function="testWithMultipleRequiredArgument" hash="-9126219932255715556"></source>
		</class>
	</version>
	<version nr="1000" hash="e6a291fa6" evolution="Same" change="Inconsistent">
		<class nclones="2">
			<source file="../../workspace/dataset/test/DefaultParserTest.java" startline="531" endline="539" function="testWithMultipleArgumentReceivingSingleValues" hash="-5240638102455329665"></source>
			<source file="../../workspace/dataset/test/DefaultParserTest.java" startline="542" endline="562" function="testWithMultipleRequiredArgument" hash="-9126219932255715556"></source>
		</class>
	</version>
	<version nr="1010" hash="4ee8000b0" evolution="Same" change="Inconsistent">
		<class nclones="2">
			<source file="../../workspace/dataset/test/DefaultParserTest.java" startline="505" endline="518" function="testWithArgumentReceivingMultipleValues" hash="7275246356879825060"></source>
			<source file="../../workspace/dataset/test/DefaultParserTest.java" startline="542" endline="562" function="testWithMultipleRequiredArgument" hash="-9126219932255715556"></source>
		</class>
	</version>
	<version nr="1010" hash="4ee8000b0" evolution="Same" change="Inconsistent">
		<class nclones="2">
			<source file="../../workspace/dataset/test/DefaultParserTest.java" startline="531" endline="539" function="testWithMultipleArgumentReceivingSingleValues" hash="-5240638102455329665"></source>
			<source file="../../workspace/dataset/test/DefaultParserTest.java" startline="542" endline="562" function="testWithMultipleRequiredArgument" hash="-9126219932255715556"></source>
		</class>
	</version>
	<version nr="1020" hash="551574f63" evolution="Same" change="Inconsistent">
		<class nclones="2">
			<source file="../../workspace/dataset/test/DefaultParserTest.java" startline="505" endline="518" function="testWithArgumentReceivingMultipleValues" hash="7275246356879825060"></source>
			<source file="../../workspace/dataset/test/DefaultParserTest.java" startline="542" endline="562" function="testWithMultipleRequiredArgument" hash="-9126219932255715556"></source>
		</class>
	</version>
	<version nr="1020" hash="551574f63" evolution="Same" change="Inconsistent">
		<class nclones="2">
			<source file="../../workspace/dataset/test/DefaultParserTest.java" startline="531" endline="539" function="testWithMultipleArgumentReceivingSingleValues" hash="-5240638102455329665"></source>
			<source file="../../workspace/dataset/test/DefaultParserTest.java" startline="542" endline="562" function="testWithMultipleRequiredArgument" hash="-9126219932255715556"></source>
		</class>
	</version>
	<version nr="1030" hash="d2eed896a" evolution="Same" change="Inconsistent">
		<class nclones="2">
			<source file="../../workspace/dataset/test/DefaultParserTest.java" startline="505" endline="518" function="testWithArgumentReceivingMultipleValues" hash="7275246356879825060"></source>
			<source file="../../workspace/dataset/test/DefaultParserTest.java" startline="542" endline="562" function="testWithMultipleRequiredArgument" hash="-9126219932255715556"></source>
		</class>
	</version>
	<version nr="1030" hash="d2eed896a" evolution="Same" change="Inconsistent">
		<class nclones="2">
			<source file="../../workspace/dataset/test/DefaultParserTest.java" startline="531" endline="539" function="testWithMultipleArgumentReceivingSingleValues" hash="-5240638102455329665"></source>
			<source file="../../workspace/dataset/test/DefaultParserTest.java" startline="542" endline="562" function="testWithMultipleRequiredArgument" hash="-9126219932255715556"></source>
		</class>
	</version>
	<version nr="1040" hash="6beb9ce58" evolution="Same" change="Inconsistent">
		<class nclones="2">
			<source file="../../workspace/dataset/test/DefaultParserTest.java" startline="505" endline="518" function="testWithArgumentReceivingMultipleValues" hash="7275246356879825060"></source>
			<source file="../../workspace/dataset/test/DefaultParserTest.java" startline="542" endline="562" function="testWithMultipleRequiredArgument" hash="-9126219932255715556"></source>
		</class>
	</version>
	<version nr="1040" hash="6beb9ce58" evolution="Same" change="Inconsistent">
		<class nclones="2">
			<source file="../../workspace/dataset/test/DefaultParserTest.java" startline="531" endline="539" function="testWithMultipleArgumentReceivingSingleValues" hash="-5240638102455329665"></source>
			<source file="../../workspace/dataset/test/DefaultParserTest.java" startline="542" endline="562" function="testWithMultipleRequiredArgument" hash="-9126219932255715556"></source>
		</class>
	</version>
	<version nr="1050" hash="c46c05688" evolution="Same" change="Inconsistent">
		<class nclones="2">
			<source file="../../workspace/dataset/test/DefaultParserTest.java" startline="505" endline="518" function="testWithArgumentReceivingMultipleValues" hash="7275246356879825060"></source>
			<source file="../../workspace/dataset/test/DefaultParserTest.java" startline="542" endline="562" function="testWithMultipleRequiredArgument" hash="-9126219932255715556"></source>
		</class>
	</version>
	<version nr="1050" hash="c46c05688" evolution="Same" change="Inconsistent">
		<class nclones="2">
			<source file="../../workspace/dataset/test/DefaultParserTest.java" startline="531" endline="539" function="testWithMultipleArgumentReceivingSingleValues" hash="-5240638102455329665"></source>
			<source file="../../workspace/dataset/test/DefaultParserTest.java" startline="542" endline="562" function="testWithMultipleRequiredArgument" hash="-9126219932255715556"></source>
		</class>
	</version>
	<version nr="1060" hash="a2902d2be" evolution="Same" change="Inconsistent">
		<class nclones="2">
			<source file="../../workspace/dataset/test/DefaultParserTest.java" startline="505" endline="518" function="testWithArgumentReceivingMultipleValues" hash="7275246356879825060"></source>
			<source file="../../workspace/dataset/test/DefaultParserTest.java" startline="542" endline="562" function="testWithMultipleRequiredArgument" hash="-9126219932255715556"></source>
		</class>
	</version>
	<version nr="1060" hash="a2902d2be" evolution="Same" change="Inconsistent">
		<class nclones="2">
			<source file="../../workspace/dataset/test/DefaultParserTest.java" startline="531" endline="539" function="testWithMultipleArgumentReceivingSingleValues" hash="-5240638102455329665"></source>
			<source file="../../workspace/dataset/test/DefaultParserTest.java" startline="542" endline="562" function="testWithMultipleRequiredArgument" hash="-9126219932255715556"></source>
		</class>
	</version>
	<version nr="1070" hash="d58b0e674" evolution="Same" change="Inconsistent">
		<class nclones="2">
			<source file="../../workspace/dataset/test/DefaultParserTest.java" startline="505" endline="518" function="testWithArgumentReceivingMultipleValues" hash="7275246356879825060"></source>
			<source file="../../workspace/dataset/test/DefaultParserTest.java" startline="542" endline="562" function="testWithMultipleRequiredArgument" hash="-9126219932255715556"></source>
		</class>
	</version>
	<version nr="1070" hash="d58b0e674" evolution="Same" change="Inconsistent">
		<class nclones="2">
			<source file="../../workspace/dataset/test/DefaultParserTest.java" startline="531" endline="539" function="testWithMultipleArgumentReceivingSingleValues" hash="-5240638102455329665"></source>
			<source file="../../workspace/dataset/test/DefaultParserTest.java" startline="542" endline="562" function="testWithMultipleRequiredArgument" hash="-9126219932255715556"></source>
		</class>
	</version>
	<version nr="1080" hash="e91a7a400" evolution="Same" change="Inconsistent">
		<class nclones="2">
			<source file="../../workspace/dataset/test/DefaultParserTest.java" startline="505" endline="518" function="testWithArgumentReceivingMultipleValues" hash="7275246356879825060"></source>
			<source file="../../workspace/dataset/test/DefaultParserTest.java" startline="542" endline="562" function="testWithMultipleRequiredArgument" hash="-9126219932255715556"></source>
		</class>
	</version>
	<version nr="1080" hash="e91a7a400" evolution="Same" change="Inconsistent">
		<class nclones="2">
			<source file="../../workspace/dataset/test/DefaultParserTest.java" startline="531" endline="539" function="testWithMultipleArgumentReceivingSingleValues" hash="-5240638102455329665"></source>
			<source file="../../workspace/dataset/test/DefaultParserTest.java" startline="542" endline="562" function="testWithMultipleRequiredArgument" hash="-9126219932255715556"></source>
		</class>
	</version>
	<version nr="1090" hash="f90ecff6c" evolution="Same" change="Inconsistent">
		<class nclones="2">
			<source file="../../workspace/dataset/test/DefaultParserTest.java" startline="505" endline="518" function="testWithArgumentReceivingMultipleValues" hash="7275246356879825060"></source>
			<source file="../../workspace/dataset/test/DefaultParserTest.java" startline="542" endline="562" function="testWithMultipleRequiredArgument" hash="-9126219932255715556"></source>
		</class>
	</version>
	<version nr="1090" hash="f90ecff6c" evolution="Same" change="Inconsistent">
		<class nclones="2">
			<source file="../../workspace/dataset/test/DefaultParserTest.java" startline="531" endline="539" function="testWithMultipleArgumentReceivingSingleValues" hash="-5240638102455329665"></source>
			<source file="../../workspace/dataset/test/DefaultParserTest.java" startline="542" endline="562" function="testWithMultipleRequiredArgument" hash="-9126219932255715556"></source>
		</class>
	</version>
	<version nr="1100" hash="23fcad50f" evolution="Same" change="Inconsistent">
		<class nclones="2">
			<source file="../../workspace/dataset/test/DefaultParserTest.java" startline="505" endline="518" function="testWithArgumentReceivingMultipleValues" hash="7275246356879825060"></source>
			<source file="../../workspace/dataset/test/DefaultParserTest.java" startline="542" endline="562" function="testWithMultipleRequiredArgument" hash="-9126219932255715556"></source>
		</class>
	</version>
	<version nr="1100" hash="23fcad50f" evolution="Same" change="Inconsistent">
		<class nclones="2">
			<source file="../../workspace/dataset/test/DefaultParserTest.java" startline="531" endline="539" function="testWithMultipleArgumentReceivingSingleValues" hash="-5240638102455329665"></source>
			<source file="../../workspace/dataset/test/DefaultParserTest.java" startline="542" endline="562" function="testWithMultipleRequiredArgument" hash="-9126219932255715556"></source>
		</class>
	</version>
	<version nr="1110" hash="885fa7513" evolution="Same" change="Inconsistent">
		<class nclones="2">
			<source file="../../workspace/dataset/test/DefaultParserTest.java" startline="505" endline="518" function="testWithArgumentReceivingMultipleValues" hash="7275246356879825060"></source>
			<source file="../../workspace/dataset/test/DefaultParserTest.java" startline="542" endline="562" function="testWithMultipleRequiredArgument" hash="-9126219932255715556"></source>
		</class>
	</version>
	<version nr="1110" hash="885fa7513" evolution="Same" change="Inconsistent">
		<class nclones="2">
			<source file="../../workspace/dataset/test/DefaultParserTest.java" startline="531" endline="539" function="testWithMultipleArgumentReceivingSingleValues" hash="-5240638102455329665"></source>
			<source file="../../workspace/dataset/test/DefaultParserTest.java" startline="542" endline="562" function="testWithMultipleRequiredArgument" hash="-9126219932255715556"></source>
		</class>
	</version>
	<version nr="1120" hash="3103b02b5" evolution="Same" change="Inconsistent">
		<class nclones="2">
			<source file="../../workspace/dataset/test/DefaultParserTest.java" startline="505" endline="518" function="testWithArgumentReceivingMultipleValues" hash="7275246356879825060"></source>
			<source file="../../workspace/dataset/test/DefaultParserTest.java" startline="542" endline="562" function="testWithMultipleRequiredArgument" hash="-9126219932255715556"></source>
		</class>
	</version>
	<version nr="1120" hash="3103b02b5" evolution="Same" change="Inconsistent">
		<class nclones="2">
			<source file="../../workspace/dataset/test/DefaultParserTest.java" startline="531" endline="539" function="testWithMultipleArgumentReceivingSingleValues" hash="-5240638102455329665"></source>
			<source file="../../workspace/dataset/test/DefaultParserTest.java" startline="542" endline="562" function="testWithMultipleRequiredArgument" hash="-9126219932255715556"></source>
		</class>
	</version>
	<version nr="1130" hash="0d4923a15" evolution="Same" change="Inconsistent">
		<class nclones="2">
			<source file="../../workspace/dataset/test/DefaultParserTest.java" startline="505" endline="518" function="testWithArgumentReceivingMultipleValues" hash="7275246356879825060"></source>
			<source file="../../workspace/dataset/test/DefaultParserTest.java" startline="542" endline="562" function="testWithMultipleRequiredArgument" hash="-9126219932255715556"></source>
		</class>
	</version>
	<version nr="1130" hash="0d4923a15" evolution="Same" change="Inconsistent">
		<class nclones="2">
			<source file="../../workspace/dataset/test/DefaultParserTest.java" startline="531" endline="539" function="testWithMultipleArgumentReceivingSingleValues" hash="-5240638102455329665"></source>
			<source file="../../workspace/dataset/test/DefaultParserTest.java" startline="542" endline="562" function="testWithMultipleRequiredArgument" hash="-9126219932255715556"></source>
		</class>
	</version>
	<version nr="1140" hash="3afe8bb4c" evolution="Same" change="Inconsistent">
		<class nclones="2">
			<source file="../../workspace/dataset/test/DefaultParserTest.java" startline="505" endline="518" function="testWithArgumentReceivingMultipleValues" hash="7275246356879825060"></source>
			<source file="../../workspace/dataset/test/DefaultParserTest.java" startline="542" endline="562" function="testWithMultipleRequiredArgument" hash="-9126219932255715556"></source>
		</class>
	</version>
	<version nr="1140" hash="3afe8bb4c" evolution="Same" change="Inconsistent">
		<class nclones="2">
			<source file="../../workspace/dataset/test/DefaultParserTest.java" startline="531" endline="539" function="testWithMultipleArgumentReceivingSingleValues" hash="-5240638102455329665"></source>
			<source file="../../workspace/dataset/test/DefaultParserTest.java" startline="542" endline="562" function="testWithMultipleRequiredArgument" hash="-9126219932255715556"></source>
		</class>
	</version>
	<version nr="1150" hash="15a2cf335" evolution="Same" change="Inconsistent">
		<class nclones="2">
			<source file="../../workspace/dataset/test/DefaultParserTest.java" startline="505" endline="518" function="testWithArgumentReceivingMultipleValues" hash="7275246356879825060"></source>
			<source file="../../workspace/dataset/test/DefaultParserTest.java" startline="542" endline="562" function="testWithMultipleRequiredArgument" hash="-9126219932255715556"></source>
		</class>
	</version>
	<version nr="1150" hash="15a2cf335" evolution="Same" change="Inconsistent">
		<class nclones="2">
			<source file="../../workspace/dataset/test/DefaultParserTest.java" startline="531" endline="539" function="testWithMultipleArgumentReceivingSingleValues" hash="-5240638102455329665"></source>
			<source file="../../workspace/dataset/test/DefaultParserTest.java" startline="542" endline="562" function="testWithMultipleRequiredArgument" hash="-9126219932255715556"></source>
		</class>
	</version>
	<version nr="1160" hash="0a6aa48fd" evolution="Same" change="Inconsistent">
		<class nclones="2">
			<source file="../../workspace/dataset/test/DefaultParserTest.java" startline="505" endline="518" function="testWithArgumentReceivingMultipleValues" hash="7275246356879825060"></source>
			<source file="../../workspace/dataset/test/DefaultParserTest.java" startline="542" endline="562" function="testWithMultipleRequiredArgument" hash="-9126219932255715556"></source>
		</class>
	</version>
	<version nr="1160" hash="0a6aa48fd" evolution="Same" change="Inconsistent">
		<class nclones="2">
			<source file="../../workspace/dataset/test/DefaultParserTest.java" startline="531" endline="539" function="testWithMultipleArgumentReceivingSingleValues" hash="-5240638102455329665"></source>
			<source file="../../workspace/dataset/test/DefaultParserTest.java" startline="542" endline="562" function="testWithMultipleRequiredArgument" hash="-9126219932255715556"></source>
		</class>
	</version>
	<version nr="1170" hash="dd09e1d72" evolution="Same" change="Inconsistent">
		<class nclones="2">
			<source file="../../workspace/dataset/test/DefaultParserTest.java" startline="505" endline="518" function="testWithArgumentReceivingMultipleValues" hash="7275246356879825060"></source>
			<source file="../../workspace/dataset/test/DefaultParserTest.java" startline="542" endline="562" function="testWithMultipleRequiredArgument" hash="-9126219932255715556"></source>
		</class>
	</version>
	<version nr="1170" hash="dd09e1d72" evolution="Same" change="Inconsistent">
		<class nclones="2">
			<source file="../../workspace/dataset/test/DefaultParserTest.java" startline="531" endline="539" function="testWithMultipleArgumentReceivingSingleValues" hash="-5240638102455329665"></source>
			<source file="../../workspace/dataset/test/DefaultParserTest.java" startline="542" endline="562" function="testWithMultipleRequiredArgument" hash="-9126219932255715556"></source>
		</class>
	</version>
	<version nr="1180" hash="d59ac007f" evolution="Same" change="Inconsistent">
		<class nclones="2">
			<source file="../../workspace/dataset/test/DefaultParserTest.java" startline="505" endline="518" function="testWithArgumentReceivingMultipleValues" hash="7275246356879825060"></source>
			<source file="../../workspace/dataset/test/DefaultParserTest.java" startline="542" endline="562" function="testWithMultipleRequiredArgument" hash="-9126219932255715556"></source>
		</class>
	</version>
	<version nr="1180" hash="d59ac007f" evolution="Same" change="Inconsistent">
		<class nclones="2">
			<source file="../../workspace/dataset/test/DefaultParserTest.java" startline="531" endline="539" function="testWithMultipleArgumentReceivingSingleValues" hash="-5240638102455329665"></source>
			<source file="../../workspace/dataset/test/DefaultParserTest.java" startline="542" endline="562" function="testWithMultipleRequiredArgument" hash="-9126219932255715556"></source>
		</class>
	</version>
	<version nr="1190" hash="d5ea4f998" evolution="Same" change="Inconsistent">
		<class nclones="2">
			<source file="../../workspace/dataset/test/DefaultParserTest.java" startline="505" endline="518" function="testWithArgumentReceivingMultipleValues" hash="7275246356879825060"></source>
			<source file="../../workspace/dataset/test/DefaultParserTest.java" startline="542" endline="562" function="testWithMultipleRequiredArgument" hash="-9126219932255715556"></source>
		</class>
	</version>
	<version nr="1190" hash="d5ea4f998" evolution="Same" change="Inconsistent">
		<class nclones="2">
			<source file="../../workspace/dataset/test/DefaultParserTest.java" startline="531" endline="539" function="testWithMultipleArgumentReceivingSingleValues" hash="-5240638102455329665"></source>
			<source file="../../workspace/dataset/test/DefaultParserTest.java" startline="542" endline="562" function="testWithMultipleRequiredArgument" hash="-9126219932255715556"></source>
		</class>
	</version>
	<version nr="1200" hash="0bd121e88" evolution="Same" change="Inconsistent">
		<class nclones="2">
			<source file="../../workspace/dataset/test/DefaultParserTest.java" startline="505" endline="518" function="testWithArgumentReceivingMultipleValues" hash="7275246356879825060"></source>
			<source file="../../workspace/dataset/test/DefaultParserTest.java" startline="542" endline="562" function="testWithMultipleRequiredArgument" hash="-9126219932255715556"></source>
		</class>
	</version>
	<version nr="1200" hash="0bd121e88" evolution="Same" change="Inconsistent">
		<class nclones="2">
			<source file="../../workspace/dataset/test/DefaultParserTest.java" startline="531" endline="539" function="testWithMultipleArgumentReceivingSingleValues" hash="-5240638102455329665"></source>
			<source file="../../workspace/dataset/test/DefaultParserTest.java" startline="542" endline="562" function="testWithMultipleRequiredArgument" hash="-9126219932255715556"></source>
		</class>
	</version>
	<version nr="1210" hash="8be9ceee2" evolution="Same" change="Inconsistent">
		<class nclones="2">
			<source file="../../workspace/dataset/test/DefaultParserTest.java" startline="505" endline="518" function="testWithArgumentReceivingMultipleValues" hash="7275246356879825060"></source>
			<source file="../../workspace/dataset/test/DefaultParserTest.java" startline="542" endline="562" function="testWithMultipleRequiredArgument" hash="-9126219932255715556"></source>
		</class>
	</version>
	<version nr="1210" hash="8be9ceee2" evolution="Same" change="Inconsistent">
		<class nclones="2">
			<source file="../../workspace/dataset/test/DefaultParserTest.java" startline="531" endline="539" function="testWithMultipleArgumentReceivingSingleValues" hash="-5240638102455329665"></source>
			<source file="../../workspace/dataset/test/DefaultParserTest.java" startline="542" endline="562" function="testWithMultipleRequiredArgument" hash="-9126219932255715556"></source>
		</class>
	</version>
	<version nr="1220" hash="13420e156" evolution="Same" change="Inconsistent">
		<class nclones="2">
			<source file="../../workspace/dataset/test/DefaultParserTest.java" startline="505" endline="518" function="testWithArgumentReceivingMultipleValues" hash="7275246356879825060"></source>
			<source file="../../workspace/dataset/test/DefaultParserTest.java" startline="542" endline="562" function="testWithMultipleRequiredArgument" hash="-9126219932255715556"></source>
		</class>
	</version>
	<version nr="1220" hash="13420e156" evolution="Same" change="Inconsistent">
		<class nclones="2">
			<source file="../../workspace/dataset/test/DefaultParserTest.java" startline="531" endline="539" function="testWithMultipleArgumentReceivingSingleValues" hash="-5240638102455329665"></source>
			<source file="../../workspace/dataset/test/DefaultParserTest.java" startline="542" endline="562" function="testWithMultipleRequiredArgument" hash="-9126219932255715556"></source>
		</class>
	</version>
	<version nr="1230" hash="59404fd81" evolution="Same" change="Inconsistent">
		<class nclones="2">
			<source file="../../workspace/dataset/test/DefaultParserTest.java" startline="505" endline="518" function="testWithArgumentReceivingMultipleValues" hash="7275246356879825060"></source>
			<source file="../../workspace/dataset/test/DefaultParserTest.java" startline="542" endline="562" function="testWithMultipleRequiredArgument" hash="-9126219932255715556"></source>
		</class>
	</version>
	<version nr="1230" hash="59404fd81" evolution="Same" change="Inconsistent">
		<class nclones="2">
			<source file="../../workspace/dataset/test/DefaultParserTest.java" startline="531" endline="539" function="testWithMultipleArgumentReceivingSingleValues" hash="-5240638102455329665"></source>
			<source file="../../workspace/dataset/test/DefaultParserTest.java" startline="542" endline="562" function="testWithMultipleRequiredArgument" hash="-9126219932255715556"></source>
		</class>
	</version>
	<version nr="1240" hash="6913bfa22" evolution="Same" change="Inconsistent">
		<class nclones="2">
			<source file="../../workspace/dataset/test/DefaultParserTest.java" startline="505" endline="518" function="testWithArgumentReceivingMultipleValues" hash="7275246356879825060"></source>
			<source file="../../workspace/dataset/test/DefaultParserTest.java" startline="542" endline="562" function="testWithMultipleRequiredArgument" hash="-9126219932255715556"></source>
		</class>
	</version>
	<version nr="1240" hash="6913bfa22" evolution="Same" change="Inconsistent">
		<class nclones="2">
			<source file="../../workspace/dataset/test/DefaultParserTest.java" startline="531" endline="539" function="testWithMultipleArgumentReceivingSingleValues" hash="-5240638102455329665"></source>
			<source file="../../workspace/dataset/test/DefaultParserTest.java" startline="542" endline="562" function="testWithMultipleRequiredArgument" hash="-9126219932255715556"></source>
		</class>
	</version>
	<version nr="1250" hash="d64c3e85b" evolution="Same" change="Inconsistent">
		<class nclones="2">
			<source file="../../workspace/dataset/test/DefaultParserTest.java" startline="505" endline="518" function="testWithArgumentReceivingMultipleValues" hash="7275246356879825060"></source>
			<source file="../../workspace/dataset/test/DefaultParserTest.java" startline="542" endline="562" function="testWithMultipleRequiredArgument" hash="-9126219932255715556"></source>
		</class>
	</version>
	<version nr="1250" hash="d64c3e85b" evolution="Same" change="Inconsistent">
		<class nclones="2">
			<source file="../../workspace/dataset/test/DefaultParserTest.java" startline="531" endline="539" function="testWithMultipleArgumentReceivingSingleValues" hash="-5240638102455329665"></source>
			<source file="../../workspace/dataset/test/DefaultParserTest.java" startline="542" endline="562" function="testWithMultipleRequiredArgument" hash="-9126219932255715556"></source>
		</class>
	</version>
	<version nr="1260" hash="eeb58468b" evolution="Same" change="Inconsistent">
		<class nclones="2">
			<source file="../../workspace/dataset/test/DefaultParserTest.java" startline="505" endline="518" function="testWithArgumentReceivingMultipleValues" hash="7275246356879825060"></source>
			<source file="../../workspace/dataset/test/DefaultParserTest.java" startline="542" endline="562" function="testWithMultipleRequiredArgument" hash="-9126219932255715556"></source>
		</class>
	</version>
	<version nr="1260" hash="eeb58468b" evolution="Same" change="Inconsistent">
		<class nclones="2">
			<source file="../../workspace/dataset/test/DefaultParserTest.java" startline="531" endline="539" function="testWithMultipleArgumentReceivingSingleValues" hash="-5240638102455329665"></source>
			<source file="../../workspace/dataset/test/DefaultParserTest.java" startline="542" endline="562" function="testWithMultipleRequiredArgument" hash="-9126219932255715556"></source>
		</class>
	</version>
	<version nr="1270" hash="4c2ab268d" evolution="Same" change="Inconsistent">
		<class nclones="2">
			<source file="../../workspace/dataset/test/DefaultParserTest.java" startline="505" endline="518" function="testWithArgumentReceivingMultipleValues" hash="7275246356879825060"></source>
			<source file="../../workspace/dataset/test/DefaultParserTest.java" startline="542" endline="562" function="testWithMultipleRequiredArgument" hash="-9126219932255715556"></source>
		</class>
	</version>
	<version nr="1270" hash="4c2ab268d" evolution="Same" change="Inconsistent">
		<class nclones="2">
			<source file="../../workspace/dataset/test/DefaultParserTest.java" startline="531" endline="539" function="testWithMultipleArgumentReceivingSingleValues" hash="-5240638102455329665"></source>
			<source file="../../workspace/dataset/test/DefaultParserTest.java" startline="542" endline="562" function="testWithMultipleRequiredArgument" hash="-9126219932255715556"></source>
		</class>
	</version>
	<version nr="1280" hash="237bc5d44" evolution="Same" change="Inconsistent">
		<class nclones="2">
			<source file="../../workspace/dataset/test/DefaultParserTest.java" startline="505" endline="518" function="testWithArgumentReceivingMultipleValues" hash="7275246356879825060"></source>
			<source file="../../workspace/dataset/test/DefaultParserTest.java" startline="542" endline="562" function="testWithMultipleRequiredArgument" hash="-9126219932255715556"></source>
		</class>
	</version>
	<version nr="1280" hash="237bc5d44" evolution="Same" change="Inconsistent">
		<class nclones="2">
			<source file="../../workspace/dataset/test/DefaultParserTest.java" startline="531" endline="539" function="testWithMultipleArgumentReceivingSingleValues" hash="-5240638102455329665"></source>
			<source file="../../workspace/dataset/test/DefaultParserTest.java" startline="542" endline="562" function="testWithMultipleRequiredArgument" hash="-9126219932255715556"></source>
		</class>
	</version>
	<version nr="1290" hash="ab1b2c4fa" evolution="Same" change="Inconsistent">
		<class nclones="2">
			<source file="../../workspace/dataset/test/DefaultParserTest.java" startline="505" endline="518" function="testWithArgumentReceivingMultipleValues" hash="7275246356879825060"></source>
			<source file="../../workspace/dataset/test/DefaultParserTest.java" startline="542" endline="562" function="testWithMultipleRequiredArgument" hash="-9126219932255715556"></source>
		</class>
	</version>
	<version nr="1290" hash="ab1b2c4fa" evolution="Same" change="Inconsistent">
		<class nclones="2">
			<source file="../../workspace/dataset/test/DefaultParserTest.java" startline="531" endline="539" function="testWithMultipleArgumentReceivingSingleValues" hash="-5240638102455329665"></source>
			<source file="../../workspace/dataset/test/DefaultParserTest.java" startline="542" endline="562" function="testWithMultipleRequiredArgument" hash="-9126219932255715556"></source>
		</class>
	</version>
	<version nr="1300" hash="7cc0a6fc0" evolution="Same" change="Inconsistent">
		<class nclones="2">
			<source file="../../workspace/dataset/test/DefaultParserTest.java" startline="505" endline="518" function="testWithArgumentReceivingMultipleValues" hash="7275246356879825060"></source>
			<source file="../../workspace/dataset/test/DefaultParserTest.java" startline="542" endline="562" function="testWithMultipleRequiredArgument" hash="-9126219932255715556"></source>
		</class>
	</version>
	<version nr="1300" hash="7cc0a6fc0" evolution="Same" change="Inconsistent">
		<class nclones="2">
			<source file="../../workspace/dataset/test/DefaultParserTest.java" startline="531" endline="539" function="testWithMultipleArgumentReceivingSingleValues" hash="-5240638102455329665"></source>
			<source file="../../workspace/dataset/test/DefaultParserTest.java" startline="542" endline="562" function="testWithMultipleRequiredArgument" hash="-9126219932255715556"></source>
		</class>
	</version>
	<version nr="1310" hash="f3b9d89f3" evolution="Same" change="Inconsistent">
		<class nclones="2">
			<source file="../../workspace/dataset/test/DefaultParserTest.java" startline="505" endline="518" function="testWithArgumentReceivingMultipleValues" hash="7275246356879825060"></source>
			<source file="../../workspace/dataset/test/DefaultParserTest.java" startline="542" endline="562" function="testWithMultipleRequiredArgument" hash="-9126219932255715556"></source>
		</class>
	</version>
	<version nr="1310" hash="f3b9d89f3" evolution="Same" change="Inconsistent">
		<class nclones="2">
			<source file="../../workspace/dataset/test/DefaultParserTest.java" startline="531" endline="539" function="testWithMultipleArgumentReceivingSingleValues" hash="-5240638102455329665"></source>
			<source file="../../workspace/dataset/test/DefaultParserTest.java" startline="542" endline="562" function="testWithMultipleRequiredArgument" hash="-9126219932255715556"></source>
		</class>
	</version>
	<version nr="1320" hash="4732b666d" evolution="Same" change="Inconsistent">
		<class nclones="2">
			<source file="../../workspace/dataset/test/DefaultParserTest.java" startline="505" endline="518" function="testWithArgumentReceivingMultipleValues" hash="7275246356879825060"></source>
			<source file="../../workspace/dataset/test/DefaultParserTest.java" startline="542" endline="562" function="testWithMultipleRequiredArgument" hash="-9126219932255715556"></source>
		</class>
	</version>
	<version nr="1320" hash="4732b666d" evolution="Same" change="Inconsistent">
		<class nclones="2">
			<source file="../../workspace/dataset/test/DefaultParserTest.java" startline="531" endline="539" function="testWithMultipleArgumentReceivingSingleValues" hash="-5240638102455329665"></source>
			<source file="../../workspace/dataset/test/DefaultParserTest.java" startline="542" endline="562" function="testWithMultipleRequiredArgument" hash="-9126219932255715556"></source>
		</class>
	</version>
	<version nr="1330" hash="350f33358" evolution="Same" change="Inconsistent">
		<class nclones="2">
			<source file="../../workspace/dataset/test/DefaultParserTest.java" startline="505" endline="518" function="testWithArgumentReceivingMultipleValues" hash="7275246356879825060"></source>
			<source file="../../workspace/dataset/test/DefaultParserTest.java" startline="542" endline="562" function="testWithMultipleRequiredArgument" hash="-9126219932255715556"></source>
		</class>
	</version>
	<version nr="1330" hash="350f33358" evolution="Same" change="Inconsistent">
		<class nclones="2">
			<source file="../../workspace/dataset/test/DefaultParserTest.java" startline="531" endline="539" function="testWithMultipleArgumentReceivingSingleValues" hash="-5240638102455329665"></source>
			<source file="../../workspace/dataset/test/DefaultParserTest.java" startline="542" endline="562" function="testWithMultipleRequiredArgument" hash="-9126219932255715556"></source>
		</class>
	</version>
	<version nr="1340" hash="8a943801c" evolution="Same" change="Inconsistent">
		<class nclones="2">
			<source file="../../workspace/dataset/test/DefaultParserTest.java" startline="505" endline="518" function="testWithArgumentReceivingMultipleValues" hash="7275246356879825060"></source>
			<source file="../../workspace/dataset/test/DefaultParserTest.java" startline="542" endline="562" function="testWithMultipleRequiredArgument" hash="-9126219932255715556"></source>
		</class>
	</version>
	<version nr="1340" hash="8a943801c" evolution="Same" change="Inconsistent">
		<class nclones="2">
			<source file="../../workspace/dataset/test/DefaultParserTest.java" startline="531" endline="539" function="testWithMultipleArgumentReceivingSingleValues" hash="-5240638102455329665"></source>
			<source file="../../workspace/dataset/test/DefaultParserTest.java" startline="542" endline="562" function="testWithMultipleRequiredArgument" hash="-9126219932255715556"></source>
		</class>
	</version>
	<version nr="1350" hash="b63eefb84" evolution="Same" change="Inconsistent">
		<class nclones="2">
			<source file="../../workspace/dataset/test/DefaultParserTest.java" startline="505" endline="518" function="testWithArgumentReceivingMultipleValues" hash="7275246356879825060"></source>
			<source file="../../workspace/dataset/test/DefaultParserTest.java" startline="542" endline="562" function="testWithMultipleRequiredArgument" hash="-9126219932255715556"></source>
		</class>
	</version>
	<version nr="1350" hash="b63eefb84" evolution="Same" change="Inconsistent">
		<class nclones="2">
			<source file="../../workspace/dataset/test/DefaultParserTest.java" startline="531" endline="539" function="testWithMultipleArgumentReceivingSingleValues" hash="-5240638102455329665"></source>
			<source file="../../workspace/dataset/test/DefaultParserTest.java" startline="542" endline="562" function="testWithMultipleRequiredArgument" hash="-9126219932255715556"></source>
		</class>
	</version>
	<version nr="1360" hash="965c474f3" evolution="Same" change="Inconsistent">
		<class nclones="2">
			<source file="../../workspace/dataset/test/DefaultParserTest.java" startline="505" endline="518" function="testWithArgumentReceivingMultipleValues" hash="7275246356879825060"></source>
			<source file="../../workspace/dataset/test/DefaultParserTest.java" startline="542" endline="562" function="testWithMultipleRequiredArgument" hash="-9126219932255715556"></source>
		</class>
	</version>
	<version nr="1360" hash="965c474f3" evolution="Same" change="Inconsistent">
		<class nclones="2">
			<source file="../../workspace/dataset/test/DefaultParserTest.java" startline="531" endline="539" function="testWithMultipleArgumentReceivingSingleValues" hash="-5240638102455329665"></source>
			<source file="../../workspace/dataset/test/DefaultParserTest.java" startline="542" endline="562" function="testWithMultipleRequiredArgument" hash="-9126219932255715556"></source>
		</class>
	</version>
	<version nr="1370" hash="3d0555a32" evolution="Same" change="Inconsistent">
		<class nclones="2">
			<source file="../../workspace/dataset/test/DefaultParserTest.java" startline="505" endline="518" function="testWithArgumentReceivingMultipleValues" hash="7275246356879825060"></source>
			<source file="../../workspace/dataset/test/DefaultParserTest.java" startline="542" endline="562" function="testWithMultipleRequiredArgument" hash="-9126219932255715556"></source>
		</class>
	</version>
	<version nr="1370" hash="3d0555a32" evolution="Same" change="Inconsistent">
		<class nclones="2">
			<source file="../../workspace/dataset/test/DefaultParserTest.java" startline="531" endline="539" function="testWithMultipleArgumentReceivingSingleValues" hash="-5240638102455329665"></source>
			<source file="../../workspace/dataset/test/DefaultParserTest.java" startline="542" endline="562" function="testWithMultipleRequiredArgument" hash="-9126219932255715556"></source>
		</class>
	</version>
	<version nr="1380" hash="023895b0e" evolution="Same" change="Inconsistent">
		<class nclones="2">
			<source file="../../workspace/dataset/test/DefaultParserTest.java" startline="505" endline="518" function="testWithArgumentReceivingMultipleValues" hash="7275246356879825060"></source>
			<source file="../../workspace/dataset/test/DefaultParserTest.java" startline="542" endline="562" function="testWithMultipleRequiredArgument" hash="-9126219932255715556"></source>
		</class>
	</version>
	<version nr="1380" hash="023895b0e" evolution="Same" change="Inconsistent">
		<class nclones="2">
			<source file="../../workspace/dataset/test/DefaultParserTest.java" startline="531" endline="539" function="testWithMultipleArgumentReceivingSingleValues" hash="-5240638102455329665"></source>
			<source file="../../workspace/dataset/test/DefaultParserTest.java" startline="542" endline="562" function="testWithMultipleRequiredArgument" hash="-9126219932255715556"></source>
		</class>
	</version>
	<version nr="1390" hash="d89c93bf7" evolution="Same" change="Inconsistent">
		<class nclones="2">
			<source file="../../workspace/dataset/test/DefaultParserTest.java" startline="505" endline="518" function="testWithArgumentReceivingMultipleValues" hash="7275246356879825060"></source>
			<source file="../../workspace/dataset/test/DefaultParserTest.java" startline="542" endline="562" function="testWithMultipleRequiredArgument" hash="-9126219932255715556"></source>
		</class>
	</version>
	<version nr="1390" hash="d89c93bf7" evolution="Same" change="Inconsistent">
		<class nclones="2">
			<source file="../../workspace/dataset/test/DefaultParserTest.java" startline="531" endline="539" function="testWithMultipleArgumentReceivingSingleValues" hash="-5240638102455329665"></source>
			<source file="../../workspace/dataset/test/DefaultParserTest.java" startline="542" endline="562" function="testWithMultipleRequiredArgument" hash="-9126219932255715556"></source>
		</class>
	</version>
	<version nr="1400" hash="c9ba53c5f" evolution="Same" change="Inconsistent">
		<class nclones="2">
			<source file="../../workspace/dataset/test/DefaultParserTest.java" startline="505" endline="518" function="testWithArgumentReceivingMultipleValues" hash="7275246356879825060"></source>
			<source file="../../workspace/dataset/test/DefaultParserTest.java" startline="542" endline="562" function="testWithMultipleRequiredArgument" hash="-9126219932255715556"></source>
		</class>
	</version>
	<version nr="1400" hash="c9ba53c5f" evolution="Same" change="Inconsistent">
		<class nclones="2">
			<source file="../../workspace/dataset/test/DefaultParserTest.java" startline="531" endline="539" function="testWithMultipleArgumentReceivingSingleValues" hash="-5240638102455329665"></source>
			<source file="../../workspace/dataset/test/DefaultParserTest.java" startline="542" endline="562" function="testWithMultipleRequiredArgument" hash="-9126219932255715556"></source>
		</class>
	</version>
	<version nr="1410" hash="f3c01ca3b" evolution="Same" change="Inconsistent">
		<class nclones="2">
			<source file="../../workspace/dataset/test/DefaultParserTest.java" startline="505" endline="518" function="testWithArgumentReceivingMultipleValues" hash="7275246356879825060"></source>
			<source file="../../workspace/dataset/test/DefaultParserTest.java" startline="542" endline="562" function="testWithMultipleRequiredArgument" hash="-9126219932255715556"></source>
		</class>
	</version>
	<version nr="1410" hash="f3c01ca3b" evolution="Same" change="Inconsistent">
		<class nclones="2">
			<source file="../../workspace/dataset/test/DefaultParserTest.java" startline="531" endline="539" function="testWithMultipleArgumentReceivingSingleValues" hash="-5240638102455329665"></source>
			<source file="../../workspace/dataset/test/DefaultParserTest.java" startline="542" endline="562" function="testWithMultipleRequiredArgument" hash="-9126219932255715556"></source>
		</class>
	</version>
	<version nr="1420" hash="c540420d1" evolution="Same" change="Inconsistent">
		<class nclones="2">
			<source file="../../workspace/dataset/test/DefaultParserTest.java" startline="505" endline="518" function="testWithArgumentReceivingMultipleValues" hash="7275246356879825060"></source>
			<source file="../../workspace/dataset/test/DefaultParserTest.java" startline="542" endline="562" function="testWithMultipleRequiredArgument" hash="-9126219932255715556"></source>
		</class>
	</version>
	<version nr="1420" hash="c540420d1" evolution="Same" change="Inconsistent">
		<class nclones="2">
			<source file="../../workspace/dataset/test/DefaultParserTest.java" startline="531" endline="539" function="testWithMultipleArgumentReceivingSingleValues" hash="-5240638102455329665"></source>
			<source file="../../workspace/dataset/test/DefaultParserTest.java" startline="542" endline="562" function="testWithMultipleRequiredArgument" hash="-9126219932255715556"></source>
		</class>
	</version>
	<version nr="1430" hash="d70ede07d" evolution="Same" change="Inconsistent">
		<class nclones="2">
			<source file="../../workspace/dataset/test/DefaultParserTest.java" startline="505" endline="518" function="testWithArgumentReceivingMultipleValues" hash="7275246356879825060"></source>
			<source file="../../workspace/dataset/test/DefaultParserTest.java" startline="542" endline="562" function="testWithMultipleRequiredArgument" hash="-9126219932255715556"></source>
		</class>
	</version>
	<version nr="1430" hash="d70ede07d" evolution="Same" change="Inconsistent">
		<class nclones="2">
			<source file="../../workspace/dataset/test/DefaultParserTest.java" startline="531" endline="539" function="testWithMultipleArgumentReceivingSingleValues" hash="-5240638102455329665"></source>
			<source file="../../workspace/dataset/test/DefaultParserTest.java" startline="542" endline="562" function="testWithMultipleRequiredArgument" hash="-9126219932255715556"></source>
		</class>
	</version>
	<version nr="1440" hash="3f0e19964" evolution="Same" change="Inconsistent">
		<class nclones="2">
			<source file="../../workspace/dataset/test/DefaultParserTest.java" startline="505" endline="518" function="testWithArgumentReceivingMultipleValues" hash="7275246356879825060"></source>
			<source file="../../workspace/dataset/test/DefaultParserTest.java" startline="542" endline="562" function="testWithMultipleRequiredArgument" hash="-9126219932255715556"></source>
		</class>
	</version>
	<version nr="1440" hash="3f0e19964" evolution="Same" change="Inconsistent">
		<class nclones="2">
			<source file="../../workspace/dataset/test/DefaultParserTest.java" startline="531" endline="539" function="testWithMultipleArgumentReceivingSingleValues" hash="-5240638102455329665"></source>
			<source file="../../workspace/dataset/test/DefaultParserTest.java" startline="542" endline="562" function="testWithMultipleRequiredArgument" hash="-9126219932255715556"></source>
		</class>
	</version>
	<version nr="1450" hash="d159543aa" evolution="Same" change="Inconsistent">
		<class nclones="2">
			<source file="../../workspace/dataset/test/DefaultParserTest.java" startline="505" endline="518" function="testWithArgumentReceivingMultipleValues" hash="7275246356879825060"></source>
			<source file="../../workspace/dataset/test/DefaultParserTest.java" startline="542" endline="562" function="testWithMultipleRequiredArgument" hash="-9126219932255715556"></source>
		</class>
	</version>
	<version nr="1450" hash="d159543aa" evolution="Same" change="Inconsistent">
		<class nclones="2">
			<source file="../../workspace/dataset/test/DefaultParserTest.java" startline="531" endline="539" function="testWithMultipleArgumentReceivingSingleValues" hash="-5240638102455329665"></source>
			<source file="../../workspace/dataset/test/DefaultParserTest.java" startline="542" endline="562" function="testWithMultipleRequiredArgument" hash="-9126219932255715556"></source>
		</class>
	</version>
	<version nr="1460" hash="778cd12af" evolution="Same" change="Inconsistent">
		<class nclones="2">
			<source file="../../workspace/dataset/test/DefaultParserTest.java" startline="505" endline="518" function="testWithArgumentReceivingMultipleValues" hash="7275246356879825060"></source>
			<source file="../../workspace/dataset/test/DefaultParserTest.java" startline="542" endline="562" function="testWithMultipleRequiredArgument" hash="-9126219932255715556"></source>
		</class>
	</version>
	<version nr="1460" hash="778cd12af" evolution="Same" change="Inconsistent">
		<class nclones="2">
			<source file="../../workspace/dataset/test/DefaultParserTest.java" startline="531" endline="539" function="testWithMultipleArgumentReceivingSingleValues" hash="-5240638102455329665"></source>
			<source file="../../workspace/dataset/test/DefaultParserTest.java" startline="542" endline="562" function="testWithMultipleRequiredArgument" hash="-9126219932255715556"></source>
		</class>
	</version>
	<version nr="1470" hash="b40da798d" evolution="Same" change="Inconsistent">
		<class nclones="2">
			<source file="../../workspace/dataset/test/DefaultParserTest.java" startline="505" endline="518" function="testWithArgumentReceivingMultipleValues" hash="7275246356879825060"></source>
			<source file="../../workspace/dataset/test/DefaultParserTest.java" startline="542" endline="562" function="testWithMultipleRequiredArgument" hash="-9126219932255715556"></source>
		</class>
	</version>
	<version nr="1470" hash="b40da798d" evolution="Same" change="Inconsistent">
		<class nclones="2">
			<source file="../../workspace/dataset/test/DefaultParserTest.java" startline="531" endline="539" function="testWithMultipleArgumentReceivingSingleValues" hash="-5240638102455329665"></source>
			<source file="../../workspace/dataset/test/DefaultParserTest.java" startline="542" endline="562" function="testWithMultipleRequiredArgument" hash="-9126219932255715556"></source>
		</class>
	</version>
	<version nr="1480" hash="98179d3f5" evolution="Same" change="Inconsistent">
		<class nclones="2">
			<source file="../../workspace/dataset/test/DefaultParserTest.java" startline="505" endline="518" function="testWithArgumentReceivingMultipleValues" hash="7275246356879825060"></source>
			<source file="../../workspace/dataset/test/DefaultParserTest.java" startline="542" endline="562" function="testWithMultipleRequiredArgument" hash="-9126219932255715556"></source>
		</class>
	</version>
	<version nr="1480" hash="98179d3f5" evolution="Same" change="Inconsistent">
		<class nclones="2">
			<source file="../../workspace/dataset/test/DefaultParserTest.java" startline="531" endline="539" function="testWithMultipleArgumentReceivingSingleValues" hash="-5240638102455329665"></source>
			<source file="../../workspace/dataset/test/DefaultParserTest.java" startline="542" endline="562" function="testWithMultipleRequiredArgument" hash="-9126219932255715556"></source>
		</class>
	</version>
	<version nr="1490" hash="d4900f27a" evolution="Same" change="Inconsistent">
		<class nclones="2">
			<source file="../../workspace/dataset/test/DefaultParserTest.java" startline="505" endline="518" function="testWithArgumentReceivingMultipleValues" hash="7275246356879825060"></source>
			<source file="../../workspace/dataset/test/DefaultParserTest.java" startline="542" endline="562" function="testWithMultipleRequiredArgument" hash="-9126219932255715556"></source>
		</class>
	</version>
	<version nr="1490" hash="d4900f27a" evolution="Same" change="Inconsistent">
		<class nclones="2">
			<source file="../../workspace/dataset/test/DefaultParserTest.java" startline="531" endline="539" function="testWithMultipleArgumentReceivingSingleValues" hash="-5240638102455329665"></source>
			<source file="../../workspace/dataset/test/DefaultParserTest.java" startline="542" endline="562" function="testWithMultipleRequiredArgument" hash="-9126219932255715556"></source>
		</class>
	</version>
	<version nr="1500" hash="f6ac6c64b" evolution="Same" change="Inconsistent">
		<class nclones="2">
			<source file="../../workspace/dataset/test/DefaultParserTest.java" startline="505" endline="518" function="testWithArgumentReceivingMultipleValues" hash="7275246356879825060"></source>
			<source file="../../workspace/dataset/test/DefaultParserTest.java" startline="542" endline="562" function="testWithMultipleRequiredArgument" hash="-9126219932255715556"></source>
		</class>
	</version>
	<version nr="1500" hash="f6ac6c64b" evolution="Same" change="Inconsistent">
		<class nclones="2">
			<source file="../../workspace/dataset/test/DefaultParserTest.java" startline="531" endline="539" function="testWithMultipleArgumentReceivingSingleValues" hash="-5240638102455329665"></source>
			<source file="../../workspace/dataset/test/DefaultParserTest.java" startline="542" endline="562" function="testWithMultipleRequiredArgument" hash="-9126219932255715556"></source>
		</class>
	</version>
	<version nr="1510" hash="a579673c1" evolution="Same" change="Inconsistent">
		<class nclones="2">
			<source file="../../workspace/dataset/test/DefaultParserTest.java" startline="505" endline="518" function="testWithArgumentReceivingMultipleValues" hash="7275246356879825060"></source>
			<source file="../../workspace/dataset/test/DefaultParserTest.java" startline="542" endline="562" function="testWithMultipleRequiredArgument" hash="-9126219932255715556"></source>
		</class>
	</version>
	<version nr="1510" hash="a579673c1" evolution="Same" change="Inconsistent">
		<class nclones="2">
			<source file="../../workspace/dataset/test/DefaultParserTest.java" startline="531" endline="539" function="testWithMultipleArgumentReceivingSingleValues" hash="-5240638102455329665"></source>
			<source file="../../workspace/dataset/test/DefaultParserTest.java" startline="542" endline="562" function="testWithMultipleRequiredArgument" hash="-9126219932255715556"></source>
		</class>
	</version>
	<version nr="1520" hash="e61313522" evolution="Same" change="Inconsistent">
		<class nclones="2">
			<source file="../../workspace/dataset/test/DefaultParserTest.java" startline="505" endline="518" function="testWithArgumentReceivingMultipleValues" hash="7275246356879825060"></source>
			<source file="../../workspace/dataset/test/DefaultParserTest.java" startline="542" endline="562" function="testWithMultipleRequiredArgument" hash="-9126219932255715556"></source>
		</class>
	</version>
	<version nr="1520" hash="e61313522" evolution="Same" change="Inconsistent">
		<class nclones="2">
			<source file="../../workspace/dataset/test/DefaultParserTest.java" startline="531" endline="539" function="testWithMultipleArgumentReceivingSingleValues" hash="-5240638102455329665"></source>
			<source file="../../workspace/dataset/test/DefaultParserTest.java" startline="542" endline="562" function="testWithMultipleRequiredArgument" hash="-9126219932255715556"></source>
		</class>
	</version>
	<version nr="1530" hash="d4d5fb820" evolution="Same" change="Inconsistent">
		<class nclones="2">
			<source file="../../workspace/dataset/test/DefaultParserTest.java" startline="505" endline="518" function="testWithArgumentReceivingMultipleValues" hash="7275246356879825060"></source>
			<source file="../../workspace/dataset/test/DefaultParserTest.java" startline="542" endline="562" function="testWithMultipleRequiredArgument" hash="-9126219932255715556"></source>
		</class>
	</version>
	<version nr="1530" hash="d4d5fb820" evolution="Same" change="Inconsistent">
		<class nclones="2">
			<source file="../../workspace/dataset/test/DefaultParserTest.java" startline="531" endline="539" function="testWithMultipleArgumentReceivingSingleValues" hash="-5240638102455329665"></source>
			<source file="../../workspace/dataset/test/DefaultParserTest.java" startline="542" endline="562" function="testWithMultipleRequiredArgument" hash="-9126219932255715556"></source>
		</class>
	</version>
	<version nr="1540" hash="1591487a2" evolution="Same" change="Inconsistent">
		<class nclones="2">
			<source file="../../workspace/dataset/test/DefaultParserTest.java" startline="505" endline="518" function="testWithArgumentReceivingMultipleValues" hash="7275246356879825060"></source>
			<source file="../../workspace/dataset/test/DefaultParserTest.java" startline="542" endline="562" function="testWithMultipleRequiredArgument" hash="-9126219932255715556"></source>
		</class>
	</version>
	<version nr="1540" hash="1591487a2" evolution="Same" change="Inconsistent">
		<class nclones="2">
			<source file="../../workspace/dataset/test/DefaultParserTest.java" startline="531" endline="539" function="testWithMultipleArgumentReceivingSingleValues" hash="-5240638102455329665"></source>
			<source file="../../workspace/dataset/test/DefaultParserTest.java" startline="542" endline="562" function="testWithMultipleRequiredArgument" hash="-9126219932255715556"></source>
		</class>
	</version>
	<version nr="1550" hash="25a80714a" evolution="Same" change="Inconsistent">
		<class nclones="2">
			<source file="../../workspace/dataset/test/DefaultParserTest.java" startline="505" endline="518" function="testWithArgumentReceivingMultipleValues" hash="7275246356879825060"></source>
			<source file="../../workspace/dataset/test/DefaultParserTest.java" startline="542" endline="562" function="testWithMultipleRequiredArgument" hash="-9126219932255715556"></source>
		</class>
	</version>
	<version nr="1550" hash="25a80714a" evolution="Same" change="Inconsistent">
		<class nclones="2">
			<source file="../../workspace/dataset/test/DefaultParserTest.java" startline="531" endline="539" function="testWithMultipleArgumentReceivingSingleValues" hash="-5240638102455329665"></source>
			<source file="../../workspace/dataset/test/DefaultParserTest.java" startline="542" endline="562" function="testWithMultipleRequiredArgument" hash="-9126219932255715556"></source>
		</class>
	</version>
	<version nr="1560" hash="79f54ebc7" evolution="Same" change="Inconsistent">
		<class nclones="2">
			<source file="../../workspace/dataset/test/DefaultParserTest.java" startline="505" endline="518" function="testWithArgumentReceivingMultipleValues" hash="7275246356879825060"></source>
			<source file="../../workspace/dataset/test/DefaultParserTest.java" startline="542" endline="562" function="testWithMultipleRequiredArgument" hash="-9126219932255715556"></source>
		</class>
	</version>
	<version nr="1560" hash="79f54ebc7" evolution="Same" change="Inconsistent">
		<class nclones="2">
			<source file="../../workspace/dataset/test/DefaultParserTest.java" startline="531" endline="539" function="testWithMultipleArgumentReceivingSingleValues" hash="-5240638102455329665"></source>
			<source file="../../workspace/dataset/test/DefaultParserTest.java" startline="542" endline="562" function="testWithMultipleRequiredArgument" hash="-9126219932255715556"></source>
		</class>
	</version>
	<version nr="1570" hash="64b682c3b" evolution="Same" change="Inconsistent">
		<class nclones="2">
			<source file="../../workspace/dataset/test/DefaultParserTest.java" startline="505" endline="518" function="testWithArgumentReceivingMultipleValues" hash="7275246356879825060"></source>
			<source file="../../workspace/dataset/test/DefaultParserTest.java" startline="542" endline="562" function="testWithMultipleRequiredArgument" hash="-9126219932255715556"></source>
		</class>
	</version>
	<version nr="1570" hash="64b682c3b" evolution="Same" change="Inconsistent">
		<class nclones="2">
			<source file="../../workspace/dataset/test/DefaultParserTest.java" startline="531" endline="539" function="testWithMultipleArgumentReceivingSingleValues" hash="-5240638102455329665"></source>
			<source file="../../workspace/dataset/test/DefaultParserTest.java" startline="542" endline="562" function="testWithMultipleRequiredArgument" hash="-9126219932255715556"></source>
		</class>
	</version>
	<version nr="1580" hash="793df6086" evolution="Same" change="Inconsistent">
		<class nclones="2">
			<source file="../../workspace/dataset/test/DefaultParserTest.java" startline="505" endline="518" function="testWithArgumentReceivingMultipleValues" hash="7275246356879825060"></source>
			<source file="../../workspace/dataset/test/DefaultParserTest.java" startline="542" endline="562" function="testWithMultipleRequiredArgument" hash="-9126219932255715556"></source>
		</class>
	</version>
	<version nr="1580" hash="793df6086" evolution="Same" change="Inconsistent">
		<class nclones="2">
			<source file="../../workspace/dataset/test/DefaultParserTest.java" startline="531" endline="539" function="testWithMultipleArgumentReceivingSingleValues" hash="-5240638102455329665"></source>
			<source file="../../workspace/dataset/test/DefaultParserTest.java" startline="542" endline="562" function="testWithMultipleRequiredArgument" hash="-9126219932255715556"></source>
		</class>
	</version>
	<version nr="1590" hash="824fa495b" evolution="Same" change="Inconsistent">
		<class nclones="2">
			<source file="../../workspace/dataset/test/DefaultParserTest.java" startline="505" endline="518" function="testWithArgumentReceivingMultipleValues" hash="7275246356879825060"></source>
			<source file="../../workspace/dataset/test/DefaultParserTest.java" startline="542" endline="562" function="testWithMultipleRequiredArgument" hash="-9126219932255715556"></source>
		</class>
	</version>
	<version nr="1590" hash="824fa495b" evolution="Same" change="Inconsistent">
		<class nclones="2">
			<source file="../../workspace/dataset/test/DefaultParserTest.java" startline="531" endline="539" function="testWithMultipleArgumentReceivingSingleValues" hash="-5240638102455329665"></source>
			<source file="../../workspace/dataset/test/DefaultParserTest.java" startline="542" endline="562" function="testWithMultipleRequiredArgument" hash="-9126219932255715556"></source>
		</class>
	</version>
	<version nr="1600" hash="56a6c133d" evolution="Same" change="Inconsistent">
		<class nclones="2">
			<source file="../../workspace/dataset/test/DefaultParserTest.java" startline="505" endline="518" function="testWithArgumentReceivingMultipleValues" hash="7275246356879825060"></source>
			<source file="../../workspace/dataset/test/DefaultParserTest.java" startline="542" endline="562" function="testWithMultipleRequiredArgument" hash="-9126219932255715556"></source>
		</class>
	</version>
	<version nr="1600" hash="56a6c133d" evolution="Same" change="Inconsistent">
		<class nclones="2">
			<source file="../../workspace/dataset/test/DefaultParserTest.java" startline="531" endline="539" function="testWithMultipleArgumentReceivingSingleValues" hash="-5240638102455329665"></source>
			<source file="../../workspace/dataset/test/DefaultParserTest.java" startline="542" endline="562" function="testWithMultipleRequiredArgument" hash="-9126219932255715556"></source>
		</class>
	</version>
	<version nr="1610" hash="03d5171f1" evolution="Same" change="Inconsistent">
		<class nclones="2">
			<source file="../../workspace/dataset/test/DefaultParserTest.java" startline="505" endline="518" function="testWithArgumentReceivingMultipleValues" hash="7275246356879825060"></source>
			<source file="../../workspace/dataset/test/DefaultParserTest.java" startline="542" endline="562" function="testWithMultipleRequiredArgument" hash="-9126219932255715556"></source>
		</class>
	</version>
	<version nr="1610" hash="03d5171f1" evolution="Same" change="Inconsistent">
		<class nclones="2">
			<source file="../../workspace/dataset/test/DefaultParserTest.java" startline="531" endline="539" function="testWithMultipleArgumentReceivingSingleValues" hash="-5240638102455329665"></source>
			<source file="../../workspace/dataset/test/DefaultParserTest.java" startline="542" endline="562" function="testWithMultipleRequiredArgument" hash="-9126219932255715556"></source>
		</class>
	</version>
	<version nr="1620" hash="9473311d7" evolution="Same" change="Inconsistent">
		<class nclones="2">
			<source file="../../workspace/dataset/test/DefaultParserTest.java" startline="500" endline="513" function="testWithArgumentReceivingMultipleValues" hash="7275246356879825060"></source>
			<source file="../../workspace/dataset/test/DefaultParserTest.java" startline="537" endline="557" function="testWithMultipleRequiredArgument" hash="-9126219932255715556"></source>
		</class>
	</version>
	<version nr="1620" hash="9473311d7" evolution="Same" change="Inconsistent">
		<class nclones="2">
			<source file="../../workspace/dataset/test/DefaultParserTest.java" startline="526" endline="534" function="testWithMultipleArgumentReceivingSingleValues" hash="-5240638102455329665"></source>
			<source file="../../workspace/dataset/test/DefaultParserTest.java" startline="537" endline="557" function="testWithMultipleRequiredArgument" hash="-9126219932255715556"></source>
		</class>
	</version>
	<version nr="1630" hash="4dcb19082" evolution="Same" change="Inconsistent">
		<class nclones="2">
			<source file="../../workspace/dataset/test/DefaultParserTest.java" startline="500" endline="513" function="testWithArgumentReceivingMultipleValues" hash="7275246356879825060"></source>
			<source file="../../workspace/dataset/test/DefaultParserTest.java" startline="537" endline="557" function="testWithMultipleRequiredArgument" hash="-9126219932255715556"></source>
		</class>
	</version>
	<version nr="1630" hash="4dcb19082" evolution="Same" change="Inconsistent">
		<class nclones="2">
			<source file="../../workspace/dataset/test/DefaultParserTest.java" startline="526" endline="534" function="testWithMultipleArgumentReceivingSingleValues" hash="-5240638102455329665"></source>
			<source file="../../workspace/dataset/test/DefaultParserTest.java" startline="537" endline="557" function="testWithMultipleRequiredArgument" hash="-9126219932255715556"></source>
		</class>
	</version>
	<version nr="1640" hash="f0c3ce3c8" evolution="Same" change="Inconsistent">
		<class nclones="2">
			<source file="../../workspace/dataset/test/DefaultParserTest.java" startline="500" endline="513" function="testWithArgumentReceivingMultipleValues" hash="7275246356879825060"></source>
			<source file="../../workspace/dataset/test/DefaultParserTest.java" startline="537" endline="557" function="testWithMultipleRequiredArgument" hash="-9126219932255715556"></source>
		</class>
	</version>
	<version nr="1640" hash="f0c3ce3c8" evolution="Same" change="Inconsistent">
		<class nclones="2">
			<source file="../../workspace/dataset/test/DefaultParserTest.java" startline="526" endline="534" function="testWithMultipleArgumentReceivingSingleValues" hash="-5240638102455329665"></source>
			<source file="../../workspace/dataset/test/DefaultParserTest.java" startline="537" endline="557" function="testWithMultipleRequiredArgument" hash="-9126219932255715556"></source>
		</class>
	</version>
	<version nr="1650" hash="4b712c8c4" evolution="Same" change="Inconsistent">
		<class nclones="2">
			<source file="../../workspace/dataset/test/DefaultParserTest.java" startline="500" endline="513" function="testWithArgumentReceivingMultipleValues" hash="7275246356879825060"></source>
			<source file="../../workspace/dataset/test/DefaultParserTest.java" startline="537" endline="557" function="testWithMultipleRequiredArgument" hash="-9126219932255715556"></source>
		</class>
	</version>
	<version nr="1650" hash="4b712c8c4" evolution="Same" change="Inconsistent">
		<class nclones="2">
			<source file="../../workspace/dataset/test/DefaultParserTest.java" startline="526" endline="534" function="testWithMultipleArgumentReceivingSingleValues" hash="-5240638102455329665"></source>
			<source file="../../workspace/dataset/test/DefaultParserTest.java" startline="537" endline="557" function="testWithMultipleRequiredArgument" hash="-9126219932255715556"></source>
		</class>
	</version>
	<version nr="1660" hash="8af92fbc9" evolution="Same" change="Inconsistent">
		<class nclones="2">
			<source file="../../workspace/dataset/test/DefaultParserTest.java" startline="500" endline="513" function="testWithArgumentReceivingMultipleValues" hash="7275246356879825060"></source>
			<source file="../../workspace/dataset/test/DefaultParserTest.java" startline="537" endline="557" function="testWithMultipleRequiredArgument" hash="-9126219932255715556"></source>
		</class>
	</version>
	<version nr="1660" hash="8af92fbc9" evolution="Same" change="Inconsistent">
		<class nclones="2">
			<source file="../../workspace/dataset/test/DefaultParserTest.java" startline="526" endline="534" function="testWithMultipleArgumentReceivingSingleValues" hash="-5240638102455329665"></source>
			<source file="../../workspace/dataset/test/DefaultParserTest.java" startline="537" endline="557" function="testWithMultipleRequiredArgument" hash="-9126219932255715556"></source>
		</class>
	</version>
	<version nr="1670" hash="e45f30f91" evolution="Same" change="Inconsistent">
		<class nclones="2">
			<source file="../../workspace/dataset/test/DefaultParserTest.java" startline="500" endline="513" function="testWithArgumentReceivingMultipleValues" hash="7275246356879825060"></source>
			<source file="../../workspace/dataset/test/DefaultParserTest.java" startline="537" endline="557" function="testWithMultipleRequiredArgument" hash="-9126219932255715556"></source>
		</class>
	</version>
	<version nr="1670" hash="e45f30f91" evolution="Same" change="Inconsistent">
		<class nclones="2">
			<source file="../../workspace/dataset/test/DefaultParserTest.java" startline="526" endline="534" function="testWithMultipleArgumentReceivingSingleValues" hash="-5240638102455329665"></source>
			<source file="../../workspace/dataset/test/DefaultParserTest.java" startline="537" endline="557" function="testWithMultipleRequiredArgument" hash="-9126219932255715556"></source>
		</class>
	</version>
	<version nr="1680" hash="7798d8931" evolution="Same" change="Inconsistent">
		<class nclones="2">
			<source file="../../workspace/dataset/test/DefaultParserTest.java" startline="500" endline="513" function="testWithArgumentReceivingMultipleValues" hash="7275246356879825060"></source>
			<source file="../../workspace/dataset/test/DefaultParserTest.java" startline="537" endline="557" function="testWithMultipleRequiredArgument" hash="-9126219932255715556"></source>
		</class>
	</version>
	<version nr="1680" hash="7798d8931" evolution="Same" change="Inconsistent">
		<class nclones="2">
			<source file="../../workspace/dataset/test/DefaultParserTest.java" startline="526" endline="534" function="testWithMultipleArgumentReceivingSingleValues" hash="-5240638102455329665"></source>
			<source file="../../workspace/dataset/test/DefaultParserTest.java" startline="537" endline="557" function="testWithMultipleRequiredArgument" hash="-9126219932255715556"></source>
		</class>
	</version>
	<version nr="1690" hash="98b28de1d" evolution="Same" change="Inconsistent">
		<class nclones="2">
			<source file="../../workspace/dataset/test/DefaultParserTest.java" startline="500" endline="513" function="testWithArgumentReceivingMultipleValues" hash="7275246356879825060"></source>
			<source file="../../workspace/dataset/test/DefaultParserTest.java" startline="537" endline="557" function="testWithMultipleRequiredArgument" hash="-9126219932255715556"></source>
		</class>
	</version>
	<version nr="1690" hash="98b28de1d" evolution="Same" change="Inconsistent">
		<class nclones="2">
			<source file="../../workspace/dataset/test/DefaultParserTest.java" startline="526" endline="534" function="testWithMultipleArgumentReceivingSingleValues" hash="-5240638102455329665"></source>
			<source file="../../workspace/dataset/test/DefaultParserTest.java" startline="537" endline="557" function="testWithMultipleRequiredArgument" hash="-9126219932255715556"></source>
		</class>
	</version>
	<version nr="1700" hash="728320045" evolution="Same" change="Inconsistent">
		<class nclones="2">
			<source file="../../workspace/dataset/test/DefaultParserTest.java" startline="500" endline="513" function="testWithArgumentReceivingMultipleValues" hash="7275246356879825060"></source>
			<source file="../../workspace/dataset/test/DefaultParserTest.java" startline="537" endline="557" function="testWithMultipleRequiredArgument" hash="-9126219932255715556"></source>
		</class>
	</version>
	<version nr="1700" hash="728320045" evolution="Same" change="Inconsistent">
		<class nclones="2">
			<source file="../../workspace/dataset/test/DefaultParserTest.java" startline="526" endline="534" function="testWithMultipleArgumentReceivingSingleValues" hash="-5240638102455329665"></source>
			<source file="../../workspace/dataset/test/DefaultParserTest.java" startline="537" endline="557" function="testWithMultipleRequiredArgument" hash="-9126219932255715556"></source>
		</class>
	</version>
	<version nr="1710" hash="5c5598128" evolution="Same" change="Inconsistent">
		<class nclones="2">
			<source file="../../workspace/dataset/test/DefaultParserTest.java" startline="500" endline="513" function="testWithArgumentReceivingMultipleValues" hash="7275246356879825060"></source>
			<source file="../../workspace/dataset/test/DefaultParserTest.java" startline="537" endline="557" function="testWithMultipleRequiredArgument" hash="-9126219932255715556"></source>
		</class>
	</version>
	<version nr="1710" hash="5c5598128" evolution="Same" change="Inconsistent">
		<class nclones="2">
			<source file="../../workspace/dataset/test/DefaultParserTest.java" startline="526" endline="534" function="testWithMultipleArgumentReceivingSingleValues" hash="-5240638102455329665"></source>
			<source file="../../workspace/dataset/test/DefaultParserTest.java" startline="537" endline="557" function="testWithMultipleRequiredArgument" hash="-9126219932255715556"></source>
		</class>
	</version>
	<version nr="1720" hash="26a089cd7" evolution="Same" change="Inconsistent">
		<class nclones="2">
			<source file="../../workspace/dataset/test/DefaultParserTest.java" startline="500" endline="513" function="testWithArgumentReceivingMultipleValues" hash="7275246356879825060"></source>
			<source file="../../workspace/dataset/test/DefaultParserTest.java" startline="537" endline="557" function="testWithMultipleRequiredArgument" hash="-9126219932255715556"></source>
		</class>
	</version>
	<version nr="1720" hash="26a089cd7" evolution="Same" change="Inconsistent">
		<class nclones="2">
			<source file="../../workspace/dataset/test/DefaultParserTest.java" startline="526" endline="534" function="testWithMultipleArgumentReceivingSingleValues" hash="-5240638102455329665"></source>
			<source file="../../workspace/dataset/test/DefaultParserTest.java" startline="537" endline="557" function="testWithMultipleRequiredArgument" hash="-9126219932255715556"></source>
		</class>
	</version>
	<version nr="1730" hash="65ee1307f" evolution="Same" change="Inconsistent">
		<class nclones="2">
			<source file="../../workspace/dataset/test/DefaultParserTest.java" startline="500" endline="513" function="testWithArgumentReceivingMultipleValues" hash="7275246356879825060"></source>
			<source file="../../workspace/dataset/test/DefaultParserTest.java" startline="537" endline="557" function="testWithMultipleRequiredArgument" hash="-9126219932255715556"></source>
		</class>
	</version>
	<version nr="1730" hash="65ee1307f" evolution="Same" change="Inconsistent">
		<class nclones="2">
			<source file="../../workspace/dataset/test/DefaultParserTest.java" startline="526" endline="534" function="testWithMultipleArgumentReceivingSingleValues" hash="-5240638102455329665"></source>
			<source file="../../workspace/dataset/test/DefaultParserTest.java" startline="537" endline="557" function="testWithMultipleRequiredArgument" hash="-9126219932255715556"></source>
		</class>
	</version>
	<version nr="1740" hash="d7e0117cb" evolution="Same" change="Inconsistent">
		<class nclones="2">
			<source file="../../workspace/dataset/test/DefaultParserTest.java" startline="500" endline="513" function="testWithArgumentReceivingMultipleValues" hash="7275246356879825060"></source>
			<source file="../../workspace/dataset/test/DefaultParserTest.java" startline="537" endline="557" function="testWithMultipleRequiredArgument" hash="-9126219932255715556"></source>
		</class>
	</version>
	<version nr="1740" hash="d7e0117cb" evolution="Same" change="Inconsistent">
		<class nclones="2">
			<source file="../../workspace/dataset/test/DefaultParserTest.java" startline="526" endline="534" function="testWithMultipleArgumentReceivingSingleValues" hash="-5240638102455329665"></source>
			<source file="../../workspace/dataset/test/DefaultParserTest.java" startline="537" endline="557" function="testWithMultipleRequiredArgument" hash="-9126219932255715556"></source>
		</class>
	</version>
	<version nr="1750" hash="57cbc081d" evolution="Same" change="Inconsistent">
		<class nclones="2">
			<source file="../../workspace/dataset/test/DefaultParserTest.java" startline="500" endline="513" function="testWithArgumentReceivingMultipleValues" hash="7275246356879825060"></source>
			<source file="../../workspace/dataset/test/DefaultParserTest.java" startline="537" endline="557" function="testWithMultipleRequiredArgument" hash="-9126219932255715556"></source>
		</class>
	</version>
	<version nr="1750" hash="57cbc081d" evolution="Same" change="Inconsistent">
		<class nclones="2">
			<source file="../../workspace/dataset/test/DefaultParserTest.java" startline="526" endline="534" function="testWithMultipleArgumentReceivingSingleValues" hash="-5240638102455329665"></source>
			<source file="../../workspace/dataset/test/DefaultParserTest.java" startline="537" endline="557" function="testWithMultipleRequiredArgument" hash="-9126219932255715556"></source>
		</class>
	</version>
	<version nr="1760" hash="4df0dbb81" evolution="Same" change="Inconsistent">
		<class nclones="2">
			<source file="../../workspace/dataset/test/DefaultParserTest.java" startline="500" endline="513" function="testWithArgumentReceivingMultipleValues" hash="7275246356879825060"></source>
			<source file="../../workspace/dataset/test/DefaultParserTest.java" startline="537" endline="557" function="testWithMultipleRequiredArgument" hash="-9126219932255715556"></source>
		</class>
	</version>
	<version nr="1760" hash="4df0dbb81" evolution="Same" change="Inconsistent">
		<class nclones="2">
			<source file="../../workspace/dataset/test/DefaultParserTest.java" startline="526" endline="534" function="testWithMultipleArgumentReceivingSingleValues" hash="-5240638102455329665"></source>
			<source file="../../workspace/dataset/test/DefaultParserTest.java" startline="537" endline="557" function="testWithMultipleRequiredArgument" hash="-9126219932255715556"></source>
		</class>
	</version>
	<version nr="1770" hash="a4d13b6e2" evolution="Same" change="Inconsistent">
		<class nclones="2">
			<source file="../../workspace/dataset/test/DefaultParserTest.java" startline="500" endline="513" function="testWithArgumentReceivingMultipleValues" hash="7275246356879825060"></source>
			<source file="../../workspace/dataset/test/DefaultParserTest.java" startline="537" endline="557" function="testWithMultipleRequiredArgument" hash="-9126219932255715556"></source>
		</class>
	</version>
	<version nr="1770" hash="a4d13b6e2" evolution="Same" change="Inconsistent">
		<class nclones="2">
			<source file="../../workspace/dataset/test/DefaultParserTest.java" startline="526" endline="534" function="testWithMultipleArgumentReceivingSingleValues" hash="-5240638102455329665"></source>
			<source file="../../workspace/dataset/test/DefaultParserTest.java" startline="537" endline="557" function="testWithMultipleRequiredArgument" hash="-9126219932255715556"></source>
		</class>
	</version>
	<version nr="1780" hash="b7569f744" evolution="Same" change="Inconsistent">
		<class nclones="2">
			<source file="../../workspace/dataset/test/DefaultParserTest.java" startline="500" endline="513" function="testWithArgumentReceivingMultipleValues" hash="7275246356879825060"></source>
			<source file="../../workspace/dataset/test/DefaultParserTest.java" startline="537" endline="557" function="testWithMultipleRequiredArgument" hash="-9126219932255715556"></source>
		</class>
	</version>
	<version nr="1780" hash="b7569f744" evolution="Same" change="Inconsistent">
		<class nclones="2">
			<source file="../../workspace/dataset/test/DefaultParserTest.java" startline="526" endline="534" function="testWithMultipleArgumentReceivingSingleValues" hash="-5240638102455329665"></source>
			<source file="../../workspace/dataset/test/DefaultParserTest.java" startline="537" endline="557" function="testWithMultipleRequiredArgument" hash="-9126219932255715556"></source>
		</class>
	</version>
	<version nr="1790" hash="40b663fdb" evolution="Same" change="Inconsistent">
		<class nclones="2">
			<source file="../../workspace/dataset/test/DefaultParserTest.java" startline="500" endline="513" function="testWithArgumentReceivingMultipleValues" hash="7275246356879825060"></source>
			<source file="../../workspace/dataset/test/DefaultParserTest.java" startline="537" endline="557" function="testWithMultipleRequiredArgument" hash="-9126219932255715556"></source>
		</class>
	</version>
	<version nr="1790" hash="40b663fdb" evolution="Same" change="Inconsistent">
		<class nclones="2">
			<source file="../../workspace/dataset/test/DefaultParserTest.java" startline="526" endline="534" function="testWithMultipleArgumentReceivingSingleValues" hash="-5240638102455329665"></source>
			<source file="../../workspace/dataset/test/DefaultParserTest.java" startline="537" endline="557" function="testWithMultipleRequiredArgument" hash="-9126219932255715556"></source>
		</class>
	</version>
	<version nr="1800" hash="91868e1f7" evolution="Same" change="Inconsistent">
		<class nclones="2">
			<source file="../../workspace/dataset/test/DefaultParserTest.java" startline="500" endline="513" function="testWithArgumentReceivingMultipleValues" hash="7275246356879825060"></source>
			<source file="../../workspace/dataset/test/DefaultParserTest.java" startline="537" endline="557" function="testWithMultipleRequiredArgument" hash="-9126219932255715556"></source>
		</class>
	</version>
	<version nr="1800" hash="91868e1f7" evolution="Same" change="Inconsistent">
		<class nclones="2">
			<source file="../../workspace/dataset/test/DefaultParserTest.java" startline="526" endline="534" function="testWithMultipleArgumentReceivingSingleValues" hash="-5240638102455329665"></source>
			<source file="../../workspace/dataset/test/DefaultParserTest.java" startline="537" endline="557" function="testWithMultipleRequiredArgument" hash="-9126219932255715556"></source>
		</class>
	</version>
	<version nr="1810" hash="5cb7da62c" evolution="Same" change="Inconsistent">
		<class nclones="2">
			<source file="../../workspace/dataset/test/DefaultParserTest.java" startline="500" endline="513" function="testWithArgumentReceivingMultipleValues" hash="7275246356879825060"></source>
			<source file="../../workspace/dataset/test/DefaultParserTest.java" startline="537" endline="557" function="testWithMultipleRequiredArgument" hash="-9126219932255715556"></source>
		</class>
	</version>
	<version nr="1810" hash="5cb7da62c" evolution="Same" change="Inconsistent">
		<class nclones="2">
			<source file="../../workspace/dataset/test/DefaultParserTest.java" startline="526" endline="534" function="testWithMultipleArgumentReceivingSingleValues" hash="-5240638102455329665"></source>
			<source file="../../workspace/dataset/test/DefaultParserTest.java" startline="537" endline="557" function="testWithMultipleRequiredArgument" hash="-9126219932255715556"></source>
		</class>
	</version>
	<version nr="1820" hash="0be6d53c6" evolution="Same" change="Inconsistent">
		<class nclones="2">
			<source file="../../workspace/dataset/test/DefaultParserTest.java" startline="500" endline="513" function="testWithArgumentReceivingMultipleValues" hash="7275246356879825060"></source>
			<source file="../../workspace/dataset/test/DefaultParserTest.java" startline="537" endline="557" function="testWithMultipleRequiredArgument" hash="-9126219932255715556"></source>
		</class>
	</version>
	<version nr="1820" hash="0be6d53c6" evolution="Same" change="Inconsistent">
		<class nclones="2">
			<source file="../../workspace/dataset/test/DefaultParserTest.java" startline="526" endline="534" function="testWithMultipleArgumentReceivingSingleValues" hash="-5240638102455329665"></source>
			<source file="../../workspace/dataset/test/DefaultParserTest.java" startline="537" endline="557" function="testWithMultipleRequiredArgument" hash="-9126219932255715556"></source>
		</class>
	</version>
	<version nr="1830" hash="10d536a16" evolution="Same" change="Inconsistent">
		<class nclones="2">
			<source file="../../workspace/dataset/test/DefaultParserTest.java" startline="500" endline="513" function="testWithArgumentReceivingMultipleValues" hash="7275246356879825060"></source>
			<source file="../../workspace/dataset/test/DefaultParserTest.java" startline="537" endline="557" function="testWithMultipleRequiredArgument" hash="-9126219932255715556"></source>
		</class>
	</version>
	<version nr="1830" hash="10d536a16" evolution="Same" change="Inconsistent">
		<class nclones="2">
			<source file="../../workspace/dataset/test/DefaultParserTest.java" startline="526" endline="534" function="testWithMultipleArgumentReceivingSingleValues" hash="-5240638102455329665"></source>
			<source file="../../workspace/dataset/test/DefaultParserTest.java" startline="537" endline="557" function="testWithMultipleRequiredArgument" hash="-9126219932255715556"></source>
		</class>
	</version>
	<version nr="1840" hash="688194599" evolution="Same" change="Inconsistent">
		<class nclones="2">
			<source file="../../workspace/dataset/test/DefaultParserTest.java" startline="500" endline="513" function="testWithArgumentReceivingMultipleValues" hash="7275246356879825060"></source>
			<source file="../../workspace/dataset/test/DefaultParserTest.java" startline="537" endline="557" function="testWithMultipleRequiredArgument" hash="-9126219932255715556"></source>
		</class>
	</version>
	<version nr="1840" hash="688194599" evolution="Same" change="Inconsistent">
		<class nclones="2">
			<source file="../../workspace/dataset/test/DefaultParserTest.java" startline="526" endline="534" function="testWithMultipleArgumentReceivingSingleValues" hash="-5240638102455329665"></source>
			<source file="../../workspace/dataset/test/DefaultParserTest.java" startline="537" endline="557" function="testWithMultipleRequiredArgument" hash="-9126219932255715556"></source>
		</class>
	</version>
	<version nr="1850" hash="35ed975c7" evolution="Same" change="Inconsistent">
		<class nclones="2">
			<source file="../../workspace/dataset/test/DefaultParserTest.java" startline="500" endline="513" function="testWithArgumentReceivingMultipleValues" hash="7275246356879825060"></source>
			<source file="../../workspace/dataset/test/DefaultParserTest.java" startline="537" endline="557" function="testWithMultipleRequiredArgument" hash="-9126219932255715556"></source>
		</class>
	</version>
	<version nr="1850" hash="35ed975c7" evolution="Same" change="Inconsistent">
		<class nclones="2">
			<source file="../../workspace/dataset/test/DefaultParserTest.java" startline="526" endline="534" function="testWithMultipleArgumentReceivingSingleValues" hash="-5240638102455329665"></source>
			<source file="../../workspace/dataset/test/DefaultParserTest.java" startline="537" endline="557" function="testWithMultipleRequiredArgument" hash="-9126219932255715556"></source>
		</class>
	</version>
	<version nr="1860" hash="cfa8a166d" evolution="Same" change="Inconsistent">
		<class nclones="2">
			<source file="../../workspace/dataset/test/DefaultParserTest.java" startline="500" endline="513" function="testWithArgumentReceivingMultipleValues" hash="7275246356879825060"></source>
			<source file="../../workspace/dataset/test/DefaultParserTest.java" startline="537" endline="557" function="testWithMultipleRequiredArgument" hash="-9126219932255715556"></source>
		</class>
	</version>
	<version nr="1860" hash="cfa8a166d" evolution="Same" change="Inconsistent">
		<class nclones="2">
			<source file="../../workspace/dataset/test/DefaultParserTest.java" startline="526" endline="534" function="testWithMultipleArgumentReceivingSingleValues" hash="-5240638102455329665"></source>
			<source file="../../workspace/dataset/test/DefaultParserTest.java" startline="537" endline="557" function="testWithMultipleRequiredArgument" hash="-9126219932255715556"></source>
		</class>
	</version>
	<version nr="1870" hash="276d6f96e" evolution="Same" change="Inconsistent">
		<class nclones="2">
			<source file="../../workspace/dataset/test/DefaultParserTest.java" startline="500" endline="513" function="testWithArgumentReceivingMultipleValues" hash="3048755642047975404"></source>
			<source file="../../workspace/dataset/test/DefaultParserTest.java" startline="537" endline="557" function="testWithMultipleRequiredArgument" hash="-9126219932255715556"></source>
		</class>
	</version>
	<version nr="1870" hash="276d6f96e" evolution="Same" change="Inconsistent">
		<class nclones="2">
			<source file="../../workspace/dataset/test/DefaultParserTest.java" startline="526" endline="534" function="testWithMultipleArgumentReceivingSingleValues" hash="-5240638102455329665"></source>
			<source file="../../workspace/dataset/test/DefaultParserTest.java" startline="537" endline="557" function="testWithMultipleRequiredArgument" hash="-9126219932255715556"></source>
		</class>
	</version>
	<version nr="1880" hash="cbbbfc1a5" evolution="Same" change="Inconsistent">
		<class nclones="2">
			<source file="../../workspace/dataset/test/DefaultParserTest.java" startline="500" endline="513" function="testWithArgumentReceivingMultipleValues" hash="3048755642047975404"></source>
			<source file="../../workspace/dataset/test/DefaultParserTest.java" startline="537" endline="557" function="testWithMultipleRequiredArgument" hash="-9126219932255715556"></source>
		</class>
	</version>
	<version nr="1880" hash="cbbbfc1a5" evolution="Same" change="Inconsistent">
		<class nclones="2">
			<source file="../../workspace/dataset/test/DefaultParserTest.java" startline="526" endline="534" function="testWithMultipleArgumentReceivingSingleValues" hash="-5240638102455329665"></source>
			<source file="../../workspace/dataset/test/DefaultParserTest.java" startline="537" endline="557" function="testWithMultipleRequiredArgument" hash="-9126219932255715556"></source>
		</class>
	</version>
	<version nr="1890" hash="29246ee2f" evolution="Same" change="Inconsistent">
		<class nclones="2">
			<source file="../../workspace/dataset/test/DefaultParserTest.java" startline="500" endline="513" function="testWithArgumentReceivingMultipleValues" hash="3048755642047975404"></source>
			<source file="../../workspace/dataset/test/DefaultParserTest.java" startline="537" endline="557" function="testWithMultipleRequiredArgument" hash="-9126219932255715556"></source>
		</class>
	</version>
	<version nr="1890" hash="29246ee2f" evolution="Same" change="Inconsistent">
		<class nclones="2">
			<source file="../../workspace/dataset/test/DefaultParserTest.java" startline="526" endline="534" function="testWithMultipleArgumentReceivingSingleValues" hash="-5240638102455329665"></source>
			<source file="../../workspace/dataset/test/DefaultParserTest.java" startline="537" endline="557" function="testWithMultipleRequiredArgument" hash="-9126219932255715556"></source>
		</class>
	</version>
	<version nr="1900" hash="74c4419fa" evolution="Same" change="Inconsistent">
		<class nclones="2">
			<source file="../../workspace/dataset/test/DefaultParserTest.java" startline="500" endline="513" function="testWithArgumentReceivingMultipleValues" hash="3048755642047975404"></source>
			<source file="../../workspace/dataset/test/DefaultParserTest.java" startline="537" endline="557" function="testWithMultipleRequiredArgument" hash="-9126219932255715556"></source>
		</class>
	</version>
	<version nr="1900" hash="74c4419fa" evolution="Same" change="Inconsistent">
		<class nclones="2">
			<source file="../../workspace/dataset/test/DefaultParserTest.java" startline="526" endline="534" function="testWithMultipleArgumentReceivingSingleValues" hash="-5240638102455329665"></source>
			<source file="../../workspace/dataset/test/DefaultParserTest.java" startline="537" endline="557" function="testWithMultipleRequiredArgument" hash="-9126219932255715556"></source>
		</class>
	</version>
	<version nr="1910" hash="8e3941ea0" evolution="Same" change="Inconsistent">
		<class nclones="2">
			<source file="../../workspace/dataset/test/DefaultParserTest.java" startline="500" endline="513" function="testWithArgumentReceivingMultipleValues" hash="3048755642047975404"></source>
			<source file="../../workspace/dataset/test/DefaultParserTest.java" startline="537" endline="557" function="testWithMultipleRequiredArgument" hash="-9126219932255715556"></source>
		</class>
	</version>
	<version nr="1910" hash="8e3941ea0" evolution="Same" change="Inconsistent">
		<class nclones="2">
			<source file="../../workspace/dataset/test/DefaultParserTest.java" startline="526" endline="534" function="testWithMultipleArgumentReceivingSingleValues" hash="-5240638102455329665"></source>
			<source file="../../workspace/dataset/test/DefaultParserTest.java" startline="537" endline="557" function="testWithMultipleRequiredArgument" hash="-9126219932255715556"></source>
		</class>
	</version>
	<version nr="1920" hash="7b08c5e4c" evolution="Same" change="Inconsistent">
		<class nclones="2">
			<source file="../../workspace/dataset/test/DefaultParserTest.java" startline="500" endline="513" function="testWithArgumentReceivingMultipleValues" hash="3048755642047975404"></source>
			<source file="../../workspace/dataset/test/DefaultParserTest.java" startline="537" endline="557" function="testWithMultipleRequiredArgument" hash="-9126219932255715556"></source>
		</class>
	</version>
	<version nr="1920" hash="7b08c5e4c" evolution="Same" change="Inconsistent">
		<class nclones="2">
			<source file="../../workspace/dataset/test/DefaultParserTest.java" startline="526" endline="534" function="testWithMultipleArgumentReceivingSingleValues" hash="-5240638102455329665"></source>
			<source file="../../workspace/dataset/test/DefaultParserTest.java" startline="537" endline="557" function="testWithMultipleRequiredArgument" hash="-9126219932255715556"></source>
		</class>
	</version>
	<version nr="1930" hash="818412898" evolution="Same" change="Inconsistent">
		<class nclones="2">
			<source file="../../workspace/dataset/test/DefaultParserTest.java" startline="500" endline="513" function="testWithArgumentReceivingMultipleValues" hash="3048755642047975404"></source>
			<source file="../../workspace/dataset/test/DefaultParserTest.java" startline="537" endline="557" function="testWithMultipleRequiredArgument" hash="-9126219932255715556"></source>
		</class>
	</version>
	<version nr="1930" hash="818412898" evolution="Same" change="Inconsistent">
		<class nclones="2">
			<source file="../../workspace/dataset/test/DefaultParserTest.java" startline="526" endline="534" function="testWithMultipleArgumentReceivingSingleValues" hash="-5240638102455329665"></source>
			<source file="../../workspace/dataset/test/DefaultParserTest.java" startline="537" endline="557" function="testWithMultipleRequiredArgument" hash="-9126219932255715556"></source>
		</class>
	</version>
	<version nr="1940" hash="e09b2b1ee" evolution="Same" change="Inconsistent">
		<class nclones="2">
			<source file="../../workspace/dataset/test/DefaultParserTest.java" startline="500" endline="513" function="testWithArgumentReceivingMultipleValues" hash="3048755642047975404"></source>
			<source file="../../workspace/dataset/test/DefaultParserTest.java" startline="537" endline="557" function="testWithMultipleRequiredArgument" hash="-9126219932255715556"></source>
		</class>
	</version>
	<version nr="1940" hash="e09b2b1ee" evolution="Same" change="Inconsistent">
		<class nclones="2">
			<source file="../../workspace/dataset/test/DefaultParserTest.java" startline="526" endline="534" function="testWithMultipleArgumentReceivingSingleValues" hash="-5240638102455329665"></source>
			<source file="../../workspace/dataset/test/DefaultParserTest.java" startline="537" endline="557" function="testWithMultipleRequiredArgument" hash="-9126219932255715556"></source>
		</class>
	</version>
	<version nr="1950" hash="45656889c" evolution="Same" change="Inconsistent">
		<class nclones="2">
			<source file="../../workspace/dataset/test/DefaultParserTest.java" startline="500" endline="513" function="testWithArgumentReceivingMultipleValues" hash="3048755642047975404"></source>
			<source file="../../workspace/dataset/test/DefaultParserTest.java" startline="537" endline="557" function="testWithMultipleRequiredArgument" hash="-9126219932255715556"></source>
		</class>
	</version>
	<version nr="1950" hash="45656889c" evolution="Same" change="Inconsistent">
		<class nclones="2">
			<source file="../../workspace/dataset/test/DefaultParserTest.java" startline="526" endline="534" function="testWithMultipleArgumentReceivingSingleValues" hash="-5240638102455329665"></source>
			<source file="../../workspace/dataset/test/DefaultParserTest.java" startline="537" endline="557" function="testWithMultipleRequiredArgument" hash="-9126219932255715556"></source>
		</class>
	</version>
	<version nr="1960" hash="9ce7b1dbb" evolution="Same" change="Inconsistent">
		<class nclones="2">
			<source file="../../workspace/dataset/test/DefaultParserTest.java" startline="500" endline="513" function="testWithArgumentReceivingMultipleValues" hash="3048755642047975404"></source>
			<source file="../../workspace/dataset/test/DefaultParserTest.java" startline="537" endline="557" function="testWithMultipleRequiredArgument" hash="-9126219932255715556"></source>
		</class>
	</version>
	<version nr="1960" hash="9ce7b1dbb" evolution="Same" change="Inconsistent">
		<class nclones="2">
			<source file="../../workspace/dataset/test/DefaultParserTest.java" startline="526" endline="534" function="testWithMultipleArgumentReceivingSingleValues" hash="-5240638102455329665"></source>
			<source file="../../workspace/dataset/test/DefaultParserTest.java" startline="537" endline="557" function="testWithMultipleRequiredArgument" hash="-9126219932255715556"></source>
		</class>
	</version>
	<version nr="1970" hash="dc599baad" evolution="Same" change="Inconsistent">
		<class nclones="2">
			<source file="../../workspace/dataset/test/DefaultParserTest.java" startline="500" endline="513" function="testWithArgumentReceivingMultipleValues" hash="3048755642047975404"></source>
			<source file="../../workspace/dataset/test/DefaultParserTest.java" startline="537" endline="557" function="testWithMultipleRequiredArgument" hash="-9126219932255715556"></source>
		</class>
	</version>
	<version nr="1970" hash="dc599baad" evolution="Same" change="Inconsistent">
		<class nclones="2">
			<source file="../../workspace/dataset/test/DefaultParserTest.java" startline="526" endline="534" function="testWithMultipleArgumentReceivingSingleValues" hash="-5240638102455329665"></source>
			<source file="../../workspace/dataset/test/DefaultParserTest.java" startline="537" endline="557" function="testWithMultipleRequiredArgument" hash="-9126219932255715556"></source>
		</class>
	</version>
	<version nr="1980" hash="7b59ea245" evolution="Same" change="Inconsistent">
		<class nclones="2">
			<source file="../../workspace/dataset/test/DefaultParserTest.java" startline="500" endline="513" function="testWithArgumentReceivingMultipleValues" hash="3048755642047975404"></source>
			<source file="../../workspace/dataset/test/DefaultParserTest.java" startline="537" endline="557" function="testWithMultipleRequiredArgument" hash="-9126219932255715556"></source>
		</class>
	</version>
	<version nr="1980" hash="7b59ea245" evolution="Same" change="Inconsistent">
		<class nclones="2">
			<source file="../../workspace/dataset/test/DefaultParserTest.java" startline="526" endline="534" function="testWithMultipleArgumentReceivingSingleValues" hash="-5240638102455329665"></source>
			<source file="../../workspace/dataset/test/DefaultParserTest.java" startline="537" endline="557" function="testWithMultipleRequiredArgument" hash="-9126219932255715556"></source>
		</class>
	</version>
	<version nr="1990" hash="b653fdb91" evolution="Same" change="Inconsistent">
		<class nclones="2">
			<source file="../../workspace/dataset/test/DefaultParserTest.java" startline="500" endline="513" function="testWithArgumentReceivingMultipleValues" hash="3048755642047975404"></source>
			<source file="../../workspace/dataset/test/DefaultParserTest.java" startline="537" endline="557" function="testWithMultipleRequiredArgument" hash="-9126219932255715556"></source>
		</class>
	</version>
	<version nr="1990" hash="b653fdb91" evolution="Same" change="Inconsistent">
		<class nclones="2">
			<source file="../../workspace/dataset/test/DefaultParserTest.java" startline="526" endline="534" function="testWithMultipleArgumentReceivingSingleValues" hash="-5240638102455329665"></source>
			<source file="../../workspace/dataset/test/DefaultParserTest.java" startline="537" endline="557" function="testWithMultipleRequiredArgument" hash="-9126219932255715556"></source>
		</class>
	</version>
	<version nr="2000" hash="25d1f3c3f" evolution="Same" change="Inconsistent">
		<class nclones="2">
			<source file="../../workspace/dataset/test/DefaultParserTest.java" startline="500" endline="513" function="testWithArgumentReceivingMultipleValues" hash="3048755642047975404"></source>
			<source file="../../workspace/dataset/test/DefaultParserTest.java" startline="537" endline="557" function="testWithMultipleRequiredArgument" hash="-9126219932255715556"></source>
		</class>
	</version>
	<version nr="2000" hash="25d1f3c3f" evolution="Same" change="Inconsistent">
		<class nclones="2">
			<source file="../../workspace/dataset/test/DefaultParserTest.java" startline="526" endline="534" function="testWithMultipleArgumentReceivingSingleValues" hash="-5240638102455329665"></source>
			<source file="../../workspace/dataset/test/DefaultParserTest.java" startline="537" endline="557" function="testWithMultipleRequiredArgument" hash="-9126219932255715556"></source>
		</class>
	</version>
	<version nr="2010" hash="c7f27f370" evolution="Same" change="Inconsistent">
		<class nclones="2">
			<source file="../../workspace/dataset/test/DefaultParserTest.java" startline="500" endline="513" function="testWithArgumentReceivingMultipleValues" hash="3048755642047975404"></source>
			<source file="../../workspace/dataset/test/DefaultParserTest.java" startline="537" endline="557" function="testWithMultipleRequiredArgument" hash="-9126219932255715556"></source>
		</class>
	</version>
	<version nr="2010" hash="c7f27f370" evolution="Same" change="Inconsistent">
		<class nclones="2">
			<source file="../../workspace/dataset/test/DefaultParserTest.java" startline="526" endline="534" function="testWithMultipleArgumentReceivingSingleValues" hash="-5240638102455329665"></source>
			<source file="../../workspace/dataset/test/DefaultParserTest.java" startline="537" endline="557" function="testWithMultipleRequiredArgument" hash="-9126219932255715556"></source>
		</class>
	</version>
	<version nr="2020" hash="f68ae1517" evolution="Same" change="Inconsistent">
		<class nclones="2">
			<source file="../../workspace/dataset/test/DefaultParserTest.java" startline="500" endline="513" function="testWithArgumentReceivingMultipleValues" hash="3048755642047975404"></source>
			<source file="../../workspace/dataset/test/DefaultParserTest.java" startline="537" endline="557" function="testWithMultipleRequiredArgument" hash="-9126219932255715556"></source>
		</class>
	</version>
	<version nr="2020" hash="f68ae1517" evolution="Same" change="Inconsistent">
		<class nclones="2">
			<source file="../../workspace/dataset/test/DefaultParserTest.java" startline="526" endline="534" function="testWithMultipleArgumentReceivingSingleValues" hash="-5240638102455329665"></source>
			<source file="../../workspace/dataset/test/DefaultParserTest.java" startline="537" endline="557" function="testWithMultipleRequiredArgument" hash="-9126219932255715556"></source>
		</class>
	</version>
	<version nr="2030" hash="10c6f90d8" evolution="Same" change="Inconsistent">
		<class nclones="2">
			<source file="../../workspace/dataset/test/DefaultParserTest.java" startline="500" endline="513" function="testWithArgumentReceivingMultipleValues" hash="3048755642047975404"></source>
			<source file="../../workspace/dataset/test/DefaultParserTest.java" startline="537" endline="557" function="testWithMultipleRequiredArgument" hash="-9126219932255715556"></source>
		</class>
	</version>
	<version nr="2030" hash="10c6f90d8" evolution="Same" change="Inconsistent">
		<class nclones="2">
			<source file="../../workspace/dataset/test/DefaultParserTest.java" startline="526" endline="534" function="testWithMultipleArgumentReceivingSingleValues" hash="-5240638102455329665"></source>
			<source file="../../workspace/dataset/test/DefaultParserTest.java" startline="537" endline="557" function="testWithMultipleRequiredArgument" hash="-9126219932255715556"></source>
		</class>
	</version>
	<version nr="2040" hash="299d4b2ac" evolution="Same" change="Inconsistent">
		<class nclones="2">
			<source file="../../workspace/dataset/test/DefaultParserTest.java" startline="500" endline="513" function="testWithArgumentReceivingMultipleValues" hash="3048755642047975404"></source>
			<source file="../../workspace/dataset/test/DefaultParserTest.java" startline="537" endline="557" function="testWithMultipleRequiredArgument" hash="-9126219932255715556"></source>
		</class>
	</version>
	<version nr="2040" hash="299d4b2ac" evolution="Same" change="Inconsistent">
		<class nclones="2">
			<source file="../../workspace/dataset/test/DefaultParserTest.java" startline="526" endline="534" function="testWithMultipleArgumentReceivingSingleValues" hash="-5240638102455329665"></source>
			<source file="../../workspace/dataset/test/DefaultParserTest.java" startline="537" endline="557" function="testWithMultipleRequiredArgument" hash="-9126219932255715556"></source>
		</class>
	</version>
	<version nr="2050" hash="5caeb8ae5" evolution="Same" change="Inconsistent">
		<class nclones="2">
			<source file="../../workspace/dataset/test/DefaultParserTest.java" startline="500" endline="513" function="testWithArgumentReceivingMultipleValues" hash="3048755642047975404"></source>
			<source file="../../workspace/dataset/test/DefaultParserTest.java" startline="537" endline="557" function="testWithMultipleRequiredArgument" hash="-9126219932255715556"></source>
		</class>
	</version>
	<version nr="2050" hash="5caeb8ae5" evolution="Same" change="Inconsistent">
		<class nclones="2">
			<source file="../../workspace/dataset/test/DefaultParserTest.java" startline="526" endline="534" function="testWithMultipleArgumentReceivingSingleValues" hash="-5240638102455329665"></source>
			<source file="../../workspace/dataset/test/DefaultParserTest.java" startline="537" endline="557" function="testWithMultipleRequiredArgument" hash="-9126219932255715556"></source>
		</class>
	</version>
	<version nr="2060" hash="5d69975ec" evolution="Same" change="Inconsistent">
		<class nclones="2">
			<source file="../../workspace/dataset/test/DefaultParserTest.java" startline="500" endline="513" function="testWithArgumentReceivingMultipleValues" hash="3048755642047975404"></source>
			<source file="../../workspace/dataset/test/DefaultParserTest.java" startline="537" endline="557" function="testWithMultipleRequiredArgument" hash="-9126219932255715556"></source>
		</class>
	</version>
	<version nr="2060" hash="5d69975ec" evolution="Same" change="Inconsistent">
		<class nclones="2">
			<source file="../../workspace/dataset/test/DefaultParserTest.java" startline="526" endline="534" function="testWithMultipleArgumentReceivingSingleValues" hash="-5240638102455329665"></source>
			<source file="../../workspace/dataset/test/DefaultParserTest.java" startline="537" endline="557" function="testWithMultipleRequiredArgument" hash="-9126219932255715556"></source>
		</class>
	</version>
	<version nr="2070" hash="4beefd59b" evolution="Same" change="Inconsistent">
		<class nclones="2">
			<source file="../../workspace/dataset/test/DefaultParserTest.java" startline="500" endline="513" function="testWithArgumentReceivingMultipleValues" hash="3048755642047975404"></source>
			<source file="../../workspace/dataset/test/DefaultParserTest.java" startline="537" endline="557" function="testWithMultipleRequiredArgument" hash="-9126219932255715556"></source>
		</class>
	</version>
	<version nr="2070" hash="4beefd59b" evolution="Same" change="Inconsistent">
		<class nclones="2">
			<source file="../../workspace/dataset/test/DefaultParserTest.java" startline="526" endline="534" function="testWithMultipleArgumentReceivingSingleValues" hash="-5240638102455329665"></source>
			<source file="../../workspace/dataset/test/DefaultParserTest.java" startline="537" endline="557" function="testWithMultipleRequiredArgument" hash="-9126219932255715556"></source>
		</class>
	</version>
	<version nr="2080" hash="14fb13b32" evolution="Same" change="Inconsistent">
		<class nclones="2">
			<source file="../../workspace/dataset/test/DefaultParserTest.java" startline="500" endline="513" function="testWithArgumentReceivingMultipleValues" hash="3048755642047975404"></source>
			<source file="../../workspace/dataset/test/DefaultParserTest.java" startline="537" endline="557" function="testWithMultipleRequiredArgument" hash="-9126219932255715556"></source>
		</class>
	</version>
	<version nr="2080" hash="14fb13b32" evolution="Same" change="Inconsistent">
		<class nclones="2">
			<source file="../../workspace/dataset/test/DefaultParserTest.java" startline="526" endline="534" function="testWithMultipleArgumentReceivingSingleValues" hash="-5240638102455329665"></source>
			<source file="../../workspace/dataset/test/DefaultParserTest.java" startline="537" endline="557" function="testWithMultipleRequiredArgument" hash="-9126219932255715556"></source>
		</class>
	</version>
	<version nr="2090" hash="fd7bf15f3" evolution="Same" change="Inconsistent">
		<class nclones="2">
			<source file="../../workspace/dataset/test/DefaultParserTest.java" startline="500" endline="513" function="testWithArgumentReceivingMultipleValues" hash="3048755642047975404"></source>
			<source file="../../workspace/dataset/test/DefaultParserTest.java" startline="537" endline="557" function="testWithMultipleRequiredArgument" hash="-9126219932255715556"></source>
		</class>
	</version>
	<version nr="2090" hash="fd7bf15f3" evolution="Same" change="Inconsistent">
		<class nclones="2">
			<source file="../../workspace/dataset/test/DefaultParserTest.java" startline="526" endline="534" function="testWithMultipleArgumentReceivingSingleValues" hash="-5240638102455329665"></source>
			<source file="../../workspace/dataset/test/DefaultParserTest.java" startline="537" endline="557" function="testWithMultipleRequiredArgument" hash="-9126219932255715556"></source>
		</class>
	</version>
	<version nr="2100" hash="cc760e74f" evolution="Same" change="Inconsistent">
		<class nclones="2">
			<source file="../../workspace/dataset/test/DefaultParserTest.java" startline="500" endline="513" function="testWithArgumentReceivingMultipleValues" hash="3048755642047975404"></source>
			<source file="../../workspace/dataset/test/DefaultParserTest.java" startline="537" endline="557" function="testWithMultipleRequiredArgument" hash="-9126219932255715556"></source>
		</class>
	</version>
	<version nr="2100" hash="cc760e74f" evolution="Same" change="Inconsistent">
		<class nclones="2">
			<source file="../../workspace/dataset/test/DefaultParserTest.java" startline="526" endline="534" function="testWithMultipleArgumentReceivingSingleValues" hash="-5240638102455329665"></source>
			<source file="../../workspace/dataset/test/DefaultParserTest.java" startline="537" endline="557" function="testWithMultipleRequiredArgument" hash="-9126219932255715556"></source>
		</class>
	</version>
	<version nr="2110" hash="8b8e4c56e" evolution="Same" change="Inconsistent">
		<class nclones="2">
			<source file="../../workspace/dataset/test/DefaultParserTest.java" startline="500" endline="513" function="testWithArgumentReceivingMultipleValues" hash="3048755642047975404"></source>
			<source file="../../workspace/dataset/test/DefaultParserTest.java" startline="537" endline="557" function="testWithMultipleRequiredArgument" hash="-9126219932255715556"></source>
		</class>
	</version>
	<version nr="2110" hash="8b8e4c56e" evolution="Same" change="Inconsistent">
		<class nclones="2">
			<source file="../../workspace/dataset/test/DefaultParserTest.java" startline="526" endline="534" function="testWithMultipleArgumentReceivingSingleValues" hash="-5240638102455329665"></source>
			<source file="../../workspace/dataset/test/DefaultParserTest.java" startline="537" endline="557" function="testWithMultipleRequiredArgument" hash="-9126219932255715556"></source>
		</class>
	</version>
	<version nr="2120" hash="0c366c301" evolution="Same" change="Inconsistent">
		<class nclones="2">
			<source file="../../workspace/dataset/test/DefaultParserTest.java" startline="500" endline="513" function="testWithArgumentReceivingMultipleValues" hash="3048755642047975404"></source>
			<source file="../../workspace/dataset/test/DefaultParserTest.java" startline="537" endline="557" function="testWithMultipleRequiredArgument" hash="-9126219932255715556"></source>
		</class>
	</version>
	<version nr="2120" hash="0c366c301" evolution="Same" change="Inconsistent">
		<class nclones="2">
			<source file="../../workspace/dataset/test/DefaultParserTest.java" startline="526" endline="534" function="testWithMultipleArgumentReceivingSingleValues" hash="-5240638102455329665"></source>
			<source file="../../workspace/dataset/test/DefaultParserTest.java" startline="537" endline="557" function="testWithMultipleRequiredArgument" hash="-9126219932255715556"></source>
		</class>
	</version>
	<version nr="2130" hash="d4e4c7ae0" evolution="Same" change="Inconsistent">
		<class nclones="2">
			<source file="../../workspace/dataset/test/DefaultParserTest.java" startline="500" endline="513" function="testWithArgumentReceivingMultipleValues" hash="3048755642047975404"></source>
			<source file="../../workspace/dataset/test/DefaultParserTest.java" startline="537" endline="557" function="testWithMultipleRequiredArgument" hash="-9126219932255715556"></source>
		</class>
	</version>
	<version nr="2130" hash="d4e4c7ae0" evolution="Same" change="Inconsistent">
		<class nclones="2">
			<source file="../../workspace/dataset/test/DefaultParserTest.java" startline="526" endline="534" function="testWithMultipleArgumentReceivingSingleValues" hash="-5240638102455329665"></source>
			<source file="../../workspace/dataset/test/DefaultParserTest.java" startline="537" endline="557" function="testWithMultipleRequiredArgument" hash="-9126219932255715556"></source>
		</class>
	</version>
	<version nr="2140" hash="3c9344487" evolution="Same" change="Inconsistent">
		<class nclones="2">
			<source file="../../workspace/dataset/test/DefaultParserTest.java" startline="500" endline="513" function="testWithArgumentReceivingMultipleValues" hash="3048755642047975404"></source>
			<source file="../../workspace/dataset/test/DefaultParserTest.java" startline="537" endline="557" function="testWithMultipleRequiredArgument" hash="-9126219932255715556"></source>
		</class>
	</version>
	<version nr="2140" hash="3c9344487" evolution="Same" change="Inconsistent">
		<class nclones="2">
			<source file="../../workspace/dataset/test/DefaultParserTest.java" startline="526" endline="534" function="testWithMultipleArgumentReceivingSingleValues" hash="-5240638102455329665"></source>
			<source file="../../workspace/dataset/test/DefaultParserTest.java" startline="537" endline="557" function="testWithMultipleRequiredArgument" hash="-9126219932255715556"></source>
		</class>
	</version>
	<version nr="2150" hash="fdac68438" evolution="Same" change="Inconsistent">
		<class nclones="2">
			<source file="../../workspace/dataset/test/DefaultParserTest.java" startline="500" endline="513" function="testWithArgumentReceivingMultipleValues" hash="3048755642047975404"></source>
			<source file="../../workspace/dataset/test/DefaultParserTest.java" startline="537" endline="557" function="testWithMultipleRequiredArgument" hash="-9126219932255715556"></source>
		</class>
	</version>
	<version nr="2150" hash="fdac68438" evolution="Same" change="Inconsistent">
		<class nclones="2">
			<source file="../../workspace/dataset/test/DefaultParserTest.java" startline="526" endline="534" function="testWithMultipleArgumentReceivingSingleValues" hash="-5240638102455329665"></source>
			<source file="../../workspace/dataset/test/DefaultParserTest.java" startline="537" endline="557" function="testWithMultipleRequiredArgument" hash="-9126219932255715556"></source>
		</class>
	</version>
	<version nr="2160" hash="eacdfab1d" evolution="Same" change="Inconsistent">
		<class nclones="2">
			<source file="../../workspace/dataset/test/DefaultParserTest.java" startline="500" endline="513" function="testWithArgumentReceivingMultipleValues" hash="3048755642047975404"></source>
			<source file="../../workspace/dataset/test/DefaultParserTest.java" startline="537" endline="557" function="testWithMultipleRequiredArgument" hash="-9126219932255715556"></source>
		</class>
	</version>
	<version nr="2160" hash="eacdfab1d" evolution="Same" change="Inconsistent">
		<class nclones="2">
			<source file="../../workspace/dataset/test/DefaultParserTest.java" startline="526" endline="534" function="testWithMultipleArgumentReceivingSingleValues" hash="-5240638102455329665"></source>
			<source file="../../workspace/dataset/test/DefaultParserTest.java" startline="537" endline="557" function="testWithMultipleRequiredArgument" hash="-9126219932255715556"></source>
		</class>
	</version>
	<version nr="2170" hash="27ad7bde6" evolution="Same" change="Inconsistent">
		<class nclones="2">
			<source file="../../workspace/dataset/test/DefaultParserTest.java" startline="500" endline="513" function="testWithArgumentReceivingMultipleValues" hash="3048755642047975404"></source>
			<source file="../../workspace/dataset/test/DefaultParserTest.java" startline="537" endline="557" function="testWithMultipleRequiredArgument" hash="-9126219932255715556"></source>
		</class>
	</version>
	<version nr="2170" hash="27ad7bde6" evolution="Same" change="Inconsistent">
		<class nclones="2">
			<source file="../../workspace/dataset/test/DefaultParserTest.java" startline="526" endline="534" function="testWithMultipleArgumentReceivingSingleValues" hash="-5240638102455329665"></source>
			<source file="../../workspace/dataset/test/DefaultParserTest.java" startline="537" endline="557" function="testWithMultipleRequiredArgument" hash="-9126219932255715556"></source>
		</class>
	</version>
	<version nr="2180" hash="f13add901" evolution="Same" change="Inconsistent">
		<class nclones="2">
			<source file="../../workspace/dataset/test/DefaultParserTest.java" startline="500" endline="513" function="testWithArgumentReceivingMultipleValues" hash="3048755642047975404"></source>
			<source file="../../workspace/dataset/test/DefaultParserTest.java" startline="537" endline="557" function="testWithMultipleRequiredArgument" hash="-9126219932255715556"></source>
		</class>
	</version>
	<version nr="2180" hash="f13add901" evolution="Same" change="Inconsistent">
		<class nclones="2">
			<source file="../../workspace/dataset/test/DefaultParserTest.java" startline="526" endline="534" function="testWithMultipleArgumentReceivingSingleValues" hash="-5240638102455329665"></source>
			<source file="../../workspace/dataset/test/DefaultParserTest.java" startline="537" endline="557" function="testWithMultipleRequiredArgument" hash="-9126219932255715556"></source>
		</class>
	</version>
	<version nr="2190" hash="772a1af30" evolution="Same" change="Inconsistent">
		<class nclones="2">
			<source file="../../workspace/dataset/test/DefaultParserTest.java" startline="500" endline="513" function="testWithArgumentReceivingMultipleValues" hash="3048755642047975404"></source>
			<source file="../../workspace/dataset/test/DefaultParserTest.java" startline="537" endline="557" function="testWithMultipleRequiredArgument" hash="-9126219932255715556"></source>
		</class>
	</version>
	<version nr="2190" hash="772a1af30" evolution="Same" change="Inconsistent">
		<class nclones="2">
			<source file="../../workspace/dataset/test/DefaultParserTest.java" startline="526" endline="534" function="testWithMultipleArgumentReceivingSingleValues" hash="-5240638102455329665"></source>
			<source file="../../workspace/dataset/test/DefaultParserTest.java" startline="537" endline="557" function="testWithMultipleRequiredArgument" hash="-9126219932255715556"></source>
		</class>
	</version>
	<version nr="2200" hash="c5f7a2622" evolution="Same" change="Inconsistent">
		<class nclones="2">
			<source file="../../workspace/dataset/test/DefaultParserTest.java" startline="500" endline="513" function="testWithArgumentReceivingMultipleValues" hash="3048755642047975404"></source>
			<source file="../../workspace/dataset/test/DefaultParserTest.java" startline="537" endline="557" function="testWithMultipleRequiredArgument" hash="-9126219932255715556"></source>
		</class>
	</version>
	<version nr="2200" hash="c5f7a2622" evolution="Same" change="Inconsistent">
		<class nclones="2">
			<source file="../../workspace/dataset/test/DefaultParserTest.java" startline="526" endline="534" function="testWithMultipleArgumentReceivingSingleValues" hash="-5240638102455329665"></source>
			<source file="../../workspace/dataset/test/DefaultParserTest.java" startline="537" endline="557" function="testWithMultipleRequiredArgument" hash="-9126219932255715556"></source>
		</class>
	</version>
	<version nr="2210" hash="fe557219e" evolution="Same" change="Inconsistent">
		<class nclones="2">
			<source file="../../workspace/dataset/test/DefaultParserTest.java" startline="500" endline="513" function="testWithArgumentReceivingMultipleValues" hash="3048755642047975404"></source>
			<source file="../../workspace/dataset/test/DefaultParserTest.java" startline="537" endline="557" function="testWithMultipleRequiredArgument" hash="-9126219932255715556"></source>
		</class>
	</version>
	<version nr="2210" hash="fe557219e" evolution="Same" change="Inconsistent">
		<class nclones="2">
			<source file="../../workspace/dataset/test/DefaultParserTest.java" startline="526" endline="534" function="testWithMultipleArgumentReceivingSingleValues" hash="-5240638102455329665"></source>
			<source file="../../workspace/dataset/test/DefaultParserTest.java" startline="537" endline="557" function="testWithMultipleRequiredArgument" hash="-9126219932255715556"></source>
		</class>
	</version>
	<version nr="2220" hash="c592b7eb7" evolution="Same" change="Inconsistent">
		<class nclones="2">
			<source file="../../workspace/dataset/test/DefaultParserTest.java" startline="500" endline="513" function="testWithArgumentReceivingMultipleValues" hash="3048755642047975404"></source>
			<source file="../../workspace/dataset/test/DefaultParserTest.java" startline="537" endline="557" function="testWithMultipleRequiredArgument" hash="-9126219932255715556"></source>
		</class>
	</version>
	<version nr="2220" hash="c592b7eb7" evolution="Same" change="Inconsistent">
		<class nclones="2">
			<source file="../../workspace/dataset/test/DefaultParserTest.java" startline="526" endline="534" function="testWithMultipleArgumentReceivingSingleValues" hash="-5240638102455329665"></source>
			<source file="../../workspace/dataset/test/DefaultParserTest.java" startline="537" endline="557" function="testWithMultipleRequiredArgument" hash="-9126219932255715556"></source>
		</class>
	</version>
	<version nr="2230" hash="d97c6ccad" evolution="Same" change="Inconsistent">
		<class nclones="2">
			<source file="../../workspace/dataset/test/DefaultParserTest.java" startline="500" endline="513" function="testWithArgumentReceivingMultipleValues" hash="3048755642047975404"></source>
			<source file="../../workspace/dataset/test/DefaultParserTest.java" startline="537" endline="557" function="testWithMultipleRequiredArgument" hash="-9126219932255715556"></source>
		</class>
	</version>
	<version nr="2230" hash="d97c6ccad" evolution="Same" change="Inconsistent">
		<class nclones="2">
			<source file="../../workspace/dataset/test/DefaultParserTest.java" startline="526" endline="534" function="testWithMultipleArgumentReceivingSingleValues" hash="-5240638102455329665"></source>
			<source file="../../workspace/dataset/test/DefaultParserTest.java" startline="537" endline="557" function="testWithMultipleRequiredArgument" hash="-9126219932255715556"></source>
		</class>
	</version>
	<version nr="2240" hash="733c1e097" evolution="Same" change="Inconsistent">
		<class nclones="2">
			<source file="../../workspace/dataset/test/DefaultParserTest.java" startline="500" endline="513" function="testWithArgumentReceivingMultipleValues" hash="3048755642047975404"></source>
			<source file="../../workspace/dataset/test/DefaultParserTest.java" startline="537" endline="557" function="testWithMultipleRequiredArgument" hash="-9126219932255715556"></source>
		</class>
	</version>
	<version nr="2240" hash="733c1e097" evolution="Same" change="Inconsistent">
		<class nclones="2">
			<source file="../../workspace/dataset/test/DefaultParserTest.java" startline="526" endline="534" function="testWithMultipleArgumentReceivingSingleValues" hash="-5240638102455329665"></source>
			<source file="../../workspace/dataset/test/DefaultParserTest.java" startline="537" endline="557" function="testWithMultipleRequiredArgument" hash="-9126219932255715556"></source>
		</class>
	</version>
	<version nr="2250" hash="7dcfa8c80" evolution="Same" change="Inconsistent">
		<class nclones="2">
			<source file="../../workspace/dataset/test/DefaultParserTest.java" startline="500" endline="513" function="testWithArgumentReceivingMultipleValues" hash="3048755642047975404"></source>
			<source file="../../workspace/dataset/test/DefaultParserTest.java" startline="537" endline="557" function="testWithMultipleRequiredArgument" hash="-9126219932255715556"></source>
		</class>
	</version>
	<version nr="2250" hash="7dcfa8c80" evolution="Same" change="Inconsistent">
		<class nclones="2">
			<source file="../../workspace/dataset/test/DefaultParserTest.java" startline="526" endline="534" function="testWithMultipleArgumentReceivingSingleValues" hash="-5240638102455329665"></source>
			<source file="../../workspace/dataset/test/DefaultParserTest.java" startline="537" endline="557" function="testWithMultipleRequiredArgument" hash="-9126219932255715556"></source>
		</class>
	</version>
	<version nr="2260" hash="77e925b68" evolution="Same" change="Inconsistent">
		<class nclones="2">
			<source file="../../workspace/dataset/test/DefaultParserTest.java" startline="500" endline="513" function="testWithArgumentReceivingMultipleValues" hash="3048755642047975404"></source>
			<source file="../../workspace/dataset/test/DefaultParserTest.java" startline="537" endline="557" function="testWithMultipleRequiredArgument" hash="-9126219932255715556"></source>
		</class>
	</version>
	<version nr="2260" hash="77e925b68" evolution="Same" change="Inconsistent">
		<class nclones="2">
			<source file="../../workspace/dataset/test/DefaultParserTest.java" startline="526" endline="534" function="testWithMultipleArgumentReceivingSingleValues" hash="-5240638102455329665"></source>
			<source file="../../workspace/dataset/test/DefaultParserTest.java" startline="537" endline="557" function="testWithMultipleRequiredArgument" hash="-9126219932255715556"></source>
		</class>
	</version>
	<version nr="2270" hash="a0da1387d" evolution="Same" change="Inconsistent">
		<class nclones="2">
			<source file="../../workspace/dataset/test/DefaultParserTest.java" startline="500" endline="513" function="testWithArgumentReceivingMultipleValues" hash="3048755642047975404"></source>
			<source file="../../workspace/dataset/test/DefaultParserTest.java" startline="537" endline="557" function="testWithMultipleRequiredArgument" hash="-9126219932255715556"></source>
		</class>
	</version>
	<version nr="2270" hash="a0da1387d" evolution="Same" change="Inconsistent">
		<class nclones="2">
			<source file="../../workspace/dataset/test/DefaultParserTest.java" startline="526" endline="534" function="testWithMultipleArgumentReceivingSingleValues" hash="-5240638102455329665"></source>
			<source file="../../workspace/dataset/test/DefaultParserTest.java" startline="537" endline="557" function="testWithMultipleRequiredArgument" hash="-9126219932255715556"></source>
		</class>
	</version>
	<version nr="2280" hash="8374efd9e" evolution="Same" change="Inconsistent">
		<class nclones="2">
			<source file="../../workspace/dataset/test/DefaultParserTest.java" startline="500" endline="513" function="testWithArgumentReceivingMultipleValues" hash="3048755642047975404"></source>
			<source file="../../workspace/dataset/test/DefaultParserTest.java" startline="537" endline="557" function="testWithMultipleRequiredArgument" hash="-9126219932255715556"></source>
		</class>
	</version>
	<version nr="2280" hash="8374efd9e" evolution="Same" change="Inconsistent">
		<class nclones="2">
			<source file="../../workspace/dataset/test/DefaultParserTest.java" startline="526" endline="534" function="testWithMultipleArgumentReceivingSingleValues" hash="-5240638102455329665"></source>
			<source file="../../workspace/dataset/test/DefaultParserTest.java" startline="537" endline="557" function="testWithMultipleRequiredArgument" hash="-9126219932255715556"></source>
		</class>
	</version>
	<version nr="2290" hash="a794a8ff6" evolution="Same" change="Inconsistent">
		<class nclones="2">
			<source file="../../workspace/dataset/test/DefaultParserTest.java" startline="500" endline="513" function="testWithArgumentReceivingMultipleValues" hash="3048755642047975404"></source>
			<source file="../../workspace/dataset/test/DefaultParserTest.java" startline="537" endline="557" function="testWithMultipleRequiredArgument" hash="-9126219932255715556"></source>
		</class>
	</version>
	<version nr="2290" hash="a794a8ff6" evolution="Same" change="Inconsistent">
		<class nclones="2">
			<source file="../../workspace/dataset/test/DefaultParserTest.java" startline="526" endline="534" function="testWithMultipleArgumentReceivingSingleValues" hash="-5240638102455329665"></source>
			<source file="../../workspace/dataset/test/DefaultParserTest.java" startline="537" endline="557" function="testWithMultipleRequiredArgument" hash="-9126219932255715556"></source>
		</class>
	</version>
	<version nr="2300" hash="7cfbc84aa" evolution="Same" change="Inconsistent">
		<class nclones="2">
			<source file="../../workspace/dataset/test/DefaultParserTest.java" startline="500" endline="513" function="testWithArgumentReceivingMultipleValues" hash="3048755642047975404"></source>
			<source file="../../workspace/dataset/test/DefaultParserTest.java" startline="537" endline="557" function="testWithMultipleRequiredArgument" hash="-9126219932255715556"></source>
		</class>
	</version>
	<version nr="2300" hash="7cfbc84aa" evolution="Same" change="Inconsistent">
		<class nclones="2">
			<source file="../../workspace/dataset/test/DefaultParserTest.java" startline="526" endline="534" function="testWithMultipleArgumentReceivingSingleValues" hash="-5240638102455329665"></source>
			<source file="../../workspace/dataset/test/DefaultParserTest.java" startline="537" endline="557" function="testWithMultipleRequiredArgument" hash="-9126219932255715556"></source>
		</class>
	</version>
	<version nr="2310" hash="3eb1b3c29" evolution="Same" change="Inconsistent">
		<class nclones="2">
			<source file="../../workspace/dataset/test/DefaultParserTest.java" startline="500" endline="513" function="testWithArgumentReceivingMultipleValues" hash="3048755642047975404"></source>
			<source file="../../workspace/dataset/test/DefaultParserTest.java" startline="537" endline="557" function="testWithMultipleRequiredArgument" hash="-9126219932255715556"></source>
		</class>
	</version>
	<version nr="2310" hash="3eb1b3c29" evolution="Same" change="Inconsistent">
		<class nclones="2">
			<source file="../../workspace/dataset/test/DefaultParserTest.java" startline="526" endline="534" function="testWithMultipleArgumentReceivingSingleValues" hash="-5240638102455329665"></source>
			<source file="../../workspace/dataset/test/DefaultParserTest.java" startline="537" endline="557" function="testWithMultipleRequiredArgument" hash="-9126219932255715556"></source>
		</class>
	</version>
	<version nr="2320" hash="ab1464c8d" evolution="Same" change="Inconsistent">
		<class nclones="2">
			<source file="../../workspace/dataset/test/DefaultParserTest.java" startline="500" endline="513" function="testWithArgumentReceivingMultipleValues" hash="3048755642047975404"></source>
			<source file="../../workspace/dataset/test/DefaultParserTest.java" startline="537" endline="557" function="testWithMultipleRequiredArgument" hash="-9126219932255715556"></source>
		</class>
	</version>
	<version nr="2320" hash="ab1464c8d" evolution="Same" change="Inconsistent">
		<class nclones="2">
			<source file="../../workspace/dataset/test/DefaultParserTest.java" startline="526" endline="534" function="testWithMultipleArgumentReceivingSingleValues" hash="-5240638102455329665"></source>
			<source file="../../workspace/dataset/test/DefaultParserTest.java" startline="537" endline="557" function="testWithMultipleRequiredArgument" hash="-9126219932255715556"></source>
		</class>
	</version>
	<version nr="2330" hash="64707cb56" evolution="Same" change="Inconsistent">
		<class nclones="2">
			<source file="../../workspace/dataset/test/DefaultParserTest.java" startline="500" endline="513" function="testWithArgumentReceivingMultipleValues" hash="3048755642047975404"></source>
			<source file="../../workspace/dataset/test/DefaultParserTest.java" startline="537" endline="557" function="testWithMultipleRequiredArgument" hash="-9126219932255715556"></source>
		</class>
	</version>
	<version nr="2330" hash="64707cb56" evolution="Same" change="Inconsistent">
		<class nclones="2">
			<source file="../../workspace/dataset/test/DefaultParserTest.java" startline="526" endline="534" function="testWithMultipleArgumentReceivingSingleValues" hash="-5240638102455329665"></source>
			<source file="../../workspace/dataset/test/DefaultParserTest.java" startline="537" endline="557" function="testWithMultipleRequiredArgument" hash="-9126219932255715556"></source>
		</class>
	</version>
	<version nr="2340" hash="5c1354f3b" evolution="Same" change="Inconsistent">
		<class nclones="2">
			<source file="../../workspace/dataset/test/DefaultParserTest.java" startline="500" endline="513" function="testWithArgumentReceivingMultipleValues" hash="3048755642047975404"></source>
			<source file="../../workspace/dataset/test/DefaultParserTest.java" startline="537" endline="557" function="testWithMultipleRequiredArgument" hash="-9126219932255715556"></source>
		</class>
	</version>
	<version nr="2340" hash="5c1354f3b" evolution="Same" change="Inconsistent">
		<class nclones="2">
			<source file="../../workspace/dataset/test/DefaultParserTest.java" startline="526" endline="534" function="testWithMultipleArgumentReceivingSingleValues" hash="-5240638102455329665"></source>
			<source file="../../workspace/dataset/test/DefaultParserTest.java" startline="537" endline="557" function="testWithMultipleRequiredArgument" hash="-9126219932255715556"></source>
		</class>
	</version>
	<version nr="2350" hash="dbf201346" evolution="Same" change="Inconsistent">
		<class nclones="2">
			<source file="../../workspace/dataset/test/DefaultParserTest.java" startline="500" endline="513" function="testWithArgumentReceivingMultipleValues" hash="3048755642047975404"></source>
			<source file="../../workspace/dataset/test/DefaultParserTest.java" startline="537" endline="557" function="testWithMultipleRequiredArgument" hash="-9126219932255715556"></source>
		</class>
	</version>
	<version nr="2350" hash="dbf201346" evolution="Same" change="Inconsistent">
		<class nclones="2">
			<source file="../../workspace/dataset/test/DefaultParserTest.java" startline="526" endline="534" function="testWithMultipleArgumentReceivingSingleValues" hash="-5240638102455329665"></source>
			<source file="../../workspace/dataset/test/DefaultParserTest.java" startline="537" endline="557" function="testWithMultipleRequiredArgument" hash="-9126219932255715556"></source>
		</class>
	</version>
	<version nr="2360" hash="18f3e379b" evolution="Same" change="Inconsistent">
		<class nclones="2">
			<source file="../../workspace/dataset/test/DefaultParserTest.java" startline="500" endline="513" function="testWithArgumentReceivingMultipleValues" hash="3048755642047975404"></source>
			<source file="../../workspace/dataset/test/DefaultParserTest.java" startline="537" endline="557" function="testWithMultipleRequiredArgument" hash="-9126219932255715556"></source>
		</class>
	</version>
	<version nr="2360" hash="18f3e379b" evolution="Same" change="Inconsistent">
		<class nclones="2">
			<source file="../../workspace/dataset/test/DefaultParserTest.java" startline="526" endline="534" function="testWithMultipleArgumentReceivingSingleValues" hash="-5240638102455329665"></source>
			<source file="../../workspace/dataset/test/DefaultParserTest.java" startline="537" endline="557" function="testWithMultipleRequiredArgument" hash="-9126219932255715556"></source>
		</class>
	</version>
	<version nr="2370" hash="93645d975" evolution="Same" change="Inconsistent">
		<class nclones="2">
			<source file="../../workspace/dataset/test/DefaultParserTest.java" startline="500" endline="513" function="testWithArgumentReceivingMultipleValues" hash="3048755642047975404"></source>
			<source file="../../workspace/dataset/test/DefaultParserTest.java" startline="537" endline="557" function="testWithMultipleRequiredArgument" hash="-9126219932255715556"></source>
		</class>
	</version>
	<version nr="2370" hash="93645d975" evolution="Same" change="Inconsistent">
		<class nclones="2">
			<source file="../../workspace/dataset/test/DefaultParserTest.java" startline="526" endline="534" function="testWithMultipleArgumentReceivingSingleValues" hash="-5240638102455329665"></source>
			<source file="../../workspace/dataset/test/DefaultParserTest.java" startline="537" endline="557" function="testWithMultipleRequiredArgument" hash="-9126219932255715556"></source>
		</class>
	</version>
	<version nr="2380" hash="f8f44b1d6" evolution="Same" change="Inconsistent">
		<class nclones="2">
			<source file="../../workspace/dataset/test/DefaultParserTest.java" startline="500" endline="513" function="testWithArgumentReceivingMultipleValues" hash="3048755642047975404"></source>
			<source file="../../workspace/dataset/test/DefaultParserTest.java" startline="537" endline="557" function="testWithMultipleRequiredArgument" hash="-9126219932255715556"></source>
		</class>
	</version>
	<version nr="2380" hash="f8f44b1d6" evolution="Same" change="Inconsistent">
		<class nclones="2">
			<source file="../../workspace/dataset/test/DefaultParserTest.java" startline="526" endline="534" function="testWithMultipleArgumentReceivingSingleValues" hash="-5240638102455329665"></source>
			<source file="../../workspace/dataset/test/DefaultParserTest.java" startline="537" endline="557" function="testWithMultipleRequiredArgument" hash="-9126219932255715556"></source>
		</class>
	</version>
	<version nr="2390" hash="4037b1128" evolution="Same" change="Inconsistent">
		<class nclones="2">
			<source file="../../workspace/dataset/test/DefaultParserTest.java" startline="500" endline="513" function="testWithArgumentReceivingMultipleValues" hash="3048755642047975404"></source>
			<source file="../../workspace/dataset/test/DefaultParserTest.java" startline="537" endline="557" function="testWithMultipleRequiredArgument" hash="-9126219932255715556"></source>
		</class>
	</version>
	<version nr="2390" hash="4037b1128" evolution="Same" change="Inconsistent">
		<class nclones="2">
			<source file="../../workspace/dataset/test/DefaultParserTest.java" startline="526" endline="534" function="testWithMultipleArgumentReceivingSingleValues" hash="-5240638102455329665"></source>
			<source file="../../workspace/dataset/test/DefaultParserTest.java" startline="537" endline="557" function="testWithMultipleRequiredArgument" hash="-9126219932255715556"></source>
		</class>
	</version>
	<version nr="2400" hash="1f595c8ec" evolution="Same" change="Inconsistent">
		<class nclones="2">
			<source file="../../workspace/dataset/test/DefaultParserTest.java" startline="500" endline="513" function="testWithArgumentReceivingMultipleValues" hash="3048755642047975404"></source>
			<source file="../../workspace/dataset/test/DefaultParserTest.java" startline="537" endline="557" function="testWithMultipleRequiredArgument" hash="-9126219932255715556"></source>
		</class>
	</version>
	<version nr="2400" hash="1f595c8ec" evolution="Same" change="Inconsistent">
		<class nclones="2">
			<source file="../../workspace/dataset/test/DefaultParserTest.java" startline="526" endline="534" function="testWithMultipleArgumentReceivingSingleValues" hash="-5240638102455329665"></source>
			<source file="../../workspace/dataset/test/DefaultParserTest.java" startline="537" endline="557" function="testWithMultipleRequiredArgument" hash="-9126219932255715556"></source>
		</class>
	</version>
	<version nr="2410" hash="bfedb641f" evolution="Same" change="Inconsistent">
		<class nclones="2">
			<source file="../../workspace/dataset/test/DefaultParserTest.java" startline="500" endline="513" function="testWithArgumentReceivingMultipleValues" hash="3048755642047975404"></source>
			<source file="../../workspace/dataset/test/DefaultParserTest.java" startline="537" endline="557" function="testWithMultipleRequiredArgument" hash="-9126219932255715556"></source>
		</class>
	</version>
	<version nr="2410" hash="bfedb641f" evolution="Same" change="Inconsistent">
		<class nclones="2">
			<source file="../../workspace/dataset/test/DefaultParserTest.java" startline="526" endline="534" function="testWithMultipleArgumentReceivingSingleValues" hash="-5240638102455329665"></source>
			<source file="../../workspace/dataset/test/DefaultParserTest.java" startline="537" endline="557" function="testWithMultipleRequiredArgument" hash="-9126219932255715556"></source>
		</class>
	</version>
	<version nr="2420" hash="7c6ed81a6" evolution="Same" change="Inconsistent">
		<class nclones="2">
			<source file="../../workspace/dataset/test/DefaultParserTest.java" startline="500" endline="513" function="testWithArgumentReceivingMultipleValues" hash="3048755642047975404"></source>
			<source file="../../workspace/dataset/test/DefaultParserTest.java" startline="537" endline="557" function="testWithMultipleRequiredArgument" hash="-9126219932255715556"></source>
		</class>
	</version>
	<version nr="2420" hash="7c6ed81a6" evolution="Same" change="Inconsistent">
		<class nclones="2">
			<source file="../../workspace/dataset/test/DefaultParserTest.java" startline="526" endline="534" function="testWithMultipleArgumentReceivingSingleValues" hash="-5240638102455329665"></source>
			<source file="../../workspace/dataset/test/DefaultParserTest.java" startline="537" endline="557" function="testWithMultipleRequiredArgument" hash="-9126219932255715556"></source>
		</class>
	</version>
	<version nr="2430" hash="d78e4e17d" evolution="Same" change="Inconsistent">
		<class nclones="2">
			<source file="../../workspace/dataset/test/DefaultParserTest.java" startline="500" endline="513" function="testWithArgumentReceivingMultipleValues" hash="3048755642047975404"></source>
			<source file="../../workspace/dataset/test/DefaultParserTest.java" startline="537" endline="557" function="testWithMultipleRequiredArgument" hash="-9126219932255715556"></source>
		</class>
	</version>
	<version nr="2430" hash="d78e4e17d" evolution="Same" change="Inconsistent">
		<class nclones="2">
			<source file="../../workspace/dataset/test/DefaultParserTest.java" startline="526" endline="534" function="testWithMultipleArgumentReceivingSingleValues" hash="-5240638102455329665"></source>
			<source file="../../workspace/dataset/test/DefaultParserTest.java" startline="537" endline="557" function="testWithMultipleRequiredArgument" hash="-9126219932255715556"></source>
		</class>
	</version>
	<version nr="2440" hash="5b01aa71b" evolution="Same" change="Inconsistent">
		<class nclones="2">
			<source file="../../workspace/dataset/test/DefaultParserTest.java" startline="500" endline="513" function="testWithArgumentReceivingMultipleValues" hash="3048755642047975404"></source>
			<source file="../../workspace/dataset/test/DefaultParserTest.java" startline="537" endline="557" function="testWithMultipleRequiredArgument" hash="-9126219932255715556"></source>
		</class>
	</version>
	<version nr="2440" hash="5b01aa71b" evolution="Same" change="Inconsistent">
		<class nclones="2">
			<source file="../../workspace/dataset/test/DefaultParserTest.java" startline="526" endline="534" function="testWithMultipleArgumentReceivingSingleValues" hash="-5240638102455329665"></source>
			<source file="../../workspace/dataset/test/DefaultParserTest.java" startline="537" endline="557" function="testWithMultipleRequiredArgument" hash="-9126219932255715556"></source>
		</class>
	</version>
	<version nr="2450" hash="272b07c5a" evolution="Same" change="Inconsistent">
		<class nclones="2">
			<source file="../../workspace/dataset/test/DefaultParserTest.java" startline="500" endline="513" function="testWithArgumentReceivingMultipleValues" hash="3048755642047975404"></source>
			<source file="../../workspace/dataset/test/DefaultParserTest.java" startline="537" endline="557" function="testWithMultipleRequiredArgument" hash="-9126219932255715556"></source>
		</class>
	</version>
	<version nr="2450" hash="272b07c5a" evolution="Same" change="Inconsistent">
		<class nclones="2">
			<source file="../../workspace/dataset/test/DefaultParserTest.java" startline="526" endline="534" function="testWithMultipleArgumentReceivingSingleValues" hash="-5240638102455329665"></source>
			<source file="../../workspace/dataset/test/DefaultParserTest.java" startline="537" endline="557" function="testWithMultipleRequiredArgument" hash="-9126219932255715556"></source>
		</class>
	</version>
	<version nr="2460" hash="2727979cf" evolution="Same" change="Inconsistent">
		<class nclones="2">
			<source file="../../workspace/dataset/test/DefaultParserTest.java" startline="500" endline="513" function="testWithArgumentReceivingMultipleValues" hash="3048755642047975404"></source>
			<source file="../../workspace/dataset/test/DefaultParserTest.java" startline="537" endline="557" function="testWithMultipleRequiredArgument" hash="-9126219932255715556"></source>
		</class>
	</version>
	<version nr="2460" hash="2727979cf" evolution="Same" change="Inconsistent">
		<class nclones="2">
			<source file="../../workspace/dataset/test/DefaultParserTest.java" startline="526" endline="534" function="testWithMultipleArgumentReceivingSingleValues" hash="-5240638102455329665"></source>
			<source file="../../workspace/dataset/test/DefaultParserTest.java" startline="537" endline="557" function="testWithMultipleRequiredArgument" hash="-9126219932255715556"></source>
		</class>
	</version>
	<version nr="2470" hash="23078d30c" evolution="Same" change="Inconsistent">
		<class nclones="2">
			<source file="../../workspace/dataset/test/DefaultParserTest.java" startline="500" endline="513" function="testWithArgumentReceivingMultipleValues" hash="3048755642047975404"></source>
			<source file="../../workspace/dataset/test/DefaultParserTest.java" startline="537" endline="557" function="testWithMultipleRequiredArgument" hash="-9126219932255715556"></source>
		</class>
	</version>
	<version nr="2470" hash="23078d30c" evolution="Same" change="Inconsistent">
		<class nclones="2">
			<source file="../../workspace/dataset/test/DefaultParserTest.java" startline="526" endline="534" function="testWithMultipleArgumentReceivingSingleValues" hash="-5240638102455329665"></source>
			<source file="../../workspace/dataset/test/DefaultParserTest.java" startline="537" endline="557" function="testWithMultipleRequiredArgument" hash="-9126219932255715556"></source>
		</class>
	</version>
	<version nr="2480" hash="138b2fdce" evolution="Same" change="Inconsistent">
		<class nclones="2">
			<source file="../../workspace/dataset/test/DefaultParserTest.java" startline="500" endline="513" function="testWithArgumentReceivingMultipleValues" hash="3048755642047975404"></source>
			<source file="../../workspace/dataset/test/DefaultParserTest.java" startline="537" endline="557" function="testWithMultipleRequiredArgument" hash="-9126219932255715556"></source>
		</class>
	</version>
	<version nr="2480" hash="138b2fdce" evolution="Same" change="Inconsistent">
		<class nclones="2">
			<source file="../../workspace/dataset/test/DefaultParserTest.java" startline="526" endline="534" function="testWithMultipleArgumentReceivingSingleValues" hash="-5240638102455329665"></source>
			<source file="../../workspace/dataset/test/DefaultParserTest.java" startline="537" endline="557" function="testWithMultipleRequiredArgument" hash="-9126219932255715556"></source>
		</class>
	</version>
	<version nr="2490" hash="e29acb4e0" evolution="Same" change="Inconsistent">
		<class nclones="2">
			<source file="../../workspace/dataset/test/DefaultParserTest.java" startline="500" endline="513" function="testWithArgumentReceivingMultipleValues" hash="3048755642047975404"></source>
			<source file="../../workspace/dataset/test/DefaultParserTest.java" startline="537" endline="557" function="testWithMultipleRequiredArgument" hash="-9126219932255715556"></source>
		</class>
	</version>
	<version nr="2490" hash="e29acb4e0" evolution="Same" change="Inconsistent">
		<class nclones="2">
			<source file="../../workspace/dataset/test/DefaultParserTest.java" startline="526" endline="534" function="testWithMultipleArgumentReceivingSingleValues" hash="-5240638102455329665"></source>
			<source file="../../workspace/dataset/test/DefaultParserTest.java" startline="537" endline="557" function="testWithMultipleRequiredArgument" hash="-9126219932255715556"></source>
		</class>
	</version>
	<version nr="2500" hash="2bc83416f" evolution="Same" change="Inconsistent">
		<class nclones="2">
			<source file="../../workspace/dataset/test/DefaultParserTest.java" startline="500" endline="513" function="testWithArgumentReceivingMultipleValues" hash="3048755642047975404"></source>
			<source file="../../workspace/dataset/test/DefaultParserTest.java" startline="537" endline="557" function="testWithMultipleRequiredArgument" hash="-9126219932255715556"></source>
		</class>
	</version>
	<version nr="2500" hash="2bc83416f" evolution="Same" change="Inconsistent">
		<class nclones="2">
			<source file="../../workspace/dataset/test/DefaultParserTest.java" startline="526" endline="534" function="testWithMultipleArgumentReceivingSingleValues" hash="-5240638102455329665"></source>
			<source file="../../workspace/dataset/test/DefaultParserTest.java" startline="537" endline="557" function="testWithMultipleRequiredArgument" hash="-9126219932255715556"></source>
		</class>
	</version>
	<version nr="2510" hash="4b015fb19" evolution="Same" change="Inconsistent">
		<class nclones="2">
			<source file="../../workspace/dataset/test/DefaultParserTest.java" startline="500" endline="513" function="testWithArgumentReceivingMultipleValues" hash="3048755642047975404"></source>
			<source file="../../workspace/dataset/test/DefaultParserTest.java" startline="537" endline="557" function="testWithMultipleRequiredArgument" hash="-9126219932255715556"></source>
		</class>
	</version>
	<version nr="2510" hash="4b015fb19" evolution="Same" change="Inconsistent">
		<class nclones="2">
			<source file="../../workspace/dataset/test/DefaultParserTest.java" startline="526" endline="534" function="testWithMultipleArgumentReceivingSingleValues" hash="-5240638102455329665"></source>
			<source file="../../workspace/dataset/test/DefaultParserTest.java" startline="537" endline="557" function="testWithMultipleRequiredArgument" hash="-9126219932255715556"></source>
		</class>
	</version>
	<version nr="2520" hash="b8a93913a" evolution="Same" change="Inconsistent">
		<class nclones="2">
			<source file="../../workspace/dataset/test/DefaultParserTest.java" startline="500" endline="513" function="testWithArgumentReceivingMultipleValues" hash="3048755642047975404"></source>
			<source file="../../workspace/dataset/test/DefaultParserTest.java" startline="537" endline="557" function="testWithMultipleRequiredArgument" hash="-9126219932255715556"></source>
		</class>
	</version>
	<version nr="2520" hash="b8a93913a" evolution="Same" change="Inconsistent">
		<class nclones="2">
			<source file="../../workspace/dataset/test/DefaultParserTest.java" startline="526" endline="534" function="testWithMultipleArgumentReceivingSingleValues" hash="-5240638102455329665"></source>
			<source file="../../workspace/dataset/test/DefaultParserTest.java" startline="537" endline="557" function="testWithMultipleRequiredArgument" hash="-9126219932255715556"></source>
		</class>
	</version>
	<version nr="2530" hash="6cb5277af" evolution="Same" change="Inconsistent">
		<class nclones="2">
			<source file="../../workspace/dataset/test/DefaultParserTest.java" startline="500" endline="513" function="testWithArgumentReceivingMultipleValues" hash="3048755642047975404"></source>
			<source file="../../workspace/dataset/test/DefaultParserTest.java" startline="537" endline="557" function="testWithMultipleRequiredArgument" hash="-9126219932255715556"></source>
		</class>
	</version>
	<version nr="2530" hash="6cb5277af" evolution="Same" change="Inconsistent">
		<class nclones="2">
			<source file="../../workspace/dataset/test/DefaultParserTest.java" startline="526" endline="534" function="testWithMultipleArgumentReceivingSingleValues" hash="-5240638102455329665"></source>
			<source file="../../workspace/dataset/test/DefaultParserTest.java" startline="537" endline="557" function="testWithMultipleRequiredArgument" hash="-9126219932255715556"></source>
		</class>
	</version>
	<version nr="2540" hash="1553eb366" evolution="Same" change="Inconsistent">
		<class nclones="2">
			<source file="../../workspace/dataset/test/DefaultParserTest.java" startline="500" endline="513" function="testWithArgumentReceivingMultipleValues" hash="3048755642047975404"></source>
			<source file="../../workspace/dataset/test/DefaultParserTest.java" startline="537" endline="557" function="testWithMultipleRequiredArgument" hash="-9126219932255715556"></source>
		</class>
	</version>
	<version nr="2540" hash="1553eb366" evolution="Same" change="Inconsistent">
		<class nclones="2">
			<source file="../../workspace/dataset/test/DefaultParserTest.java" startline="526" endline="534" function="testWithMultipleArgumentReceivingSingleValues" hash="-5240638102455329665"></source>
			<source file="../../workspace/dataset/test/DefaultParserTest.java" startline="537" endline="557" function="testWithMultipleRequiredArgument" hash="-9126219932255715556"></source>
		</class>
	</version>
	<version nr="2550" hash="0226a06d9" evolution="Same" change="Inconsistent">
		<class nclones="2">
			<source file="../../workspace/dataset/test/DefaultParserTest.java" startline="500" endline="513" function="testWithArgumentReceivingMultipleValues" hash="3048755642047975404"></source>
			<source file="../../workspace/dataset/test/DefaultParserTest.java" startline="537" endline="557" function="testWithMultipleRequiredArgument" hash="-9126219932255715556"></source>
		</class>
	</version>
	<version nr="2550" hash="0226a06d9" evolution="Same" change="Inconsistent">
		<class nclones="2">
			<source file="../../workspace/dataset/test/DefaultParserTest.java" startline="526" endline="534" function="testWithMultipleArgumentReceivingSingleValues" hash="-5240638102455329665"></source>
			<source file="../../workspace/dataset/test/DefaultParserTest.java" startline="537" endline="557" function="testWithMultipleRequiredArgument" hash="-9126219932255715556"></source>
		</class>
	</version>
	<version nr="2560" hash="2bb738f01" evolution="Same" change="Inconsistent">
		<class nclones="2">
			<source file="../../workspace/dataset/test/DefaultParserTest.java" startline="500" endline="513" function="testWithArgumentReceivingMultipleValues" hash="3048755642047975404"></source>
			<source file="../../workspace/dataset/test/DefaultParserTest.java" startline="537" endline="557" function="testWithMultipleRequiredArgument" hash="-9126219932255715556"></source>
		</class>
	</version>
	<version nr="2560" hash="2bb738f01" evolution="Same" change="Inconsistent">
		<class nclones="2">
			<source file="../../workspace/dataset/test/DefaultParserTest.java" startline="526" endline="534" function="testWithMultipleArgumentReceivingSingleValues" hash="-5240638102455329665"></source>
			<source file="../../workspace/dataset/test/DefaultParserTest.java" startline="537" endline="557" function="testWithMultipleRequiredArgument" hash="-9126219932255715556"></source>
		</class>
	</version>
	<version nr="2570" hash="72bccef9f" evolution="Same" change="Inconsistent">
		<class nclones="2">
			<source file="../../workspace/dataset/test/DefaultParserTest.java" startline="500" endline="513" function="testWithArgumentReceivingMultipleValues" hash="3048755642047975404"></source>
			<source file="../../workspace/dataset/test/DefaultParserTest.java" startline="537" endline="557" function="testWithMultipleRequiredArgument" hash="-9126219932255715556"></source>
		</class>
	</version>
	<version nr="2570" hash="72bccef9f" evolution="Same" change="Inconsistent">
		<class nclones="2">
			<source file="../../workspace/dataset/test/DefaultParserTest.java" startline="526" endline="534" function="testWithMultipleArgumentReceivingSingleValues" hash="-5240638102455329665"></source>
			<source file="../../workspace/dataset/test/DefaultParserTest.java" startline="537" endline="557" function="testWithMultipleRequiredArgument" hash="-9126219932255715556"></source>
		</class>
	</version>
	<version nr="2580" hash="3588e2032" evolution="Same" change="Inconsistent">
		<class nclones="2">
			<source file="../../workspace/dataset/test/DefaultParserTest.java" startline="500" endline="513" function="testWithArgumentReceivingMultipleValues" hash="3048755642047975404"></source>
			<source file="../../workspace/dataset/test/DefaultParserTest.java" startline="537" endline="557" function="testWithMultipleRequiredArgument" hash="-9126219932255715556"></source>
		</class>
	</version>
	<version nr="2580" hash="3588e2032" evolution="Same" change="Inconsistent">
		<class nclones="2">
			<source file="../../workspace/dataset/test/DefaultParserTest.java" startline="526" endline="534" function="testWithMultipleArgumentReceivingSingleValues" hash="-5240638102455329665"></source>
			<source file="../../workspace/dataset/test/DefaultParserTest.java" startline="537" endline="557" function="testWithMultipleRequiredArgument" hash="-9126219932255715556"></source>
		</class>
	</version>
	<version nr="2590" hash="db648d009" evolution="Same" change="Inconsistent">
		<class nclones="2">
			<source file="../../workspace/dataset/test/DefaultParserTest.java" startline="500" endline="513" function="testWithArgumentReceivingMultipleValues" hash="3048755642047975404"></source>
			<source file="../../workspace/dataset/test/DefaultParserTest.java" startline="537" endline="557" function="testWithMultipleRequiredArgument" hash="-9126219932255715556"></source>
		</class>
	</version>
	<version nr="2590" hash="db648d009" evolution="Same" change="Inconsistent">
		<class nclones="2">
			<source file="../../workspace/dataset/test/DefaultParserTest.java" startline="526" endline="534" function="testWithMultipleArgumentReceivingSingleValues" hash="-5240638102455329665"></source>
			<source file="../../workspace/dataset/test/DefaultParserTest.java" startline="537" endline="557" function="testWithMultipleRequiredArgument" hash="-9126219932255715556"></source>
		</class>
	</version>
	<version nr="2600" hash="d0a1ba779" evolution="Same" change="Inconsistent">
		<class nclones="2">
			<source file="../../workspace/dataset/test/DefaultParserTest.java" startline="500" endline="513" function="testWithArgumentReceivingMultipleValues" hash="3048755642047975404"></source>
			<source file="../../workspace/dataset/test/DefaultParserTest.java" startline="537" endline="557" function="testWithMultipleRequiredArgument" hash="-9126219932255715556"></source>
		</class>
	</version>
	<version nr="2600" hash="d0a1ba779" evolution="Same" change="Inconsistent">
		<class nclones="2">
			<source file="../../workspace/dataset/test/DefaultParserTest.java" startline="526" endline="534" function="testWithMultipleArgumentReceivingSingleValues" hash="-5240638102455329665"></source>
			<source file="../../workspace/dataset/test/DefaultParserTest.java" startline="537" endline="557" function="testWithMultipleRequiredArgument" hash="-9126219932255715556"></source>
		</class>
	</version>
	<version nr="2610" hash="9a8150a0c" evolution="Same" change="Inconsistent">
		<class nclones="2">
			<source file="../../workspace/dataset/test/DefaultParserTest.java" startline="500" endline="513" function="testWithArgumentReceivingMultipleValues" hash="3048755642047975404"></source>
			<source file="../../workspace/dataset/test/DefaultParserTest.java" startline="537" endline="557" function="testWithMultipleRequiredArgument" hash="-9126219932255715556"></source>
		</class>
	</version>
	<version nr="2610" hash="9a8150a0c" evolution="Same" change="Inconsistent">
		<class nclones="2">
			<source file="../../workspace/dataset/test/DefaultParserTest.java" startline="526" endline="534" function="testWithMultipleArgumentReceivingSingleValues" hash="-5240638102455329665"></source>
			<source file="../../workspace/dataset/test/DefaultParserTest.java" startline="537" endline="557" function="testWithMultipleRequiredArgument" hash="-9126219932255715556"></source>
		</class>
	</version>
	<version nr="2620" hash="87aa147a1" evolution="Same" change="Inconsistent">
		<class nclones="2">
			<source file="../../workspace/dataset/test/DefaultParserTest.java" startline="500" endline="513" function="testWithArgumentReceivingMultipleValues" hash="3048755642047975404"></source>
			<source file="../../workspace/dataset/test/DefaultParserTest.java" startline="537" endline="557" function="testWithMultipleRequiredArgument" hash="-9126219932255715556"></source>
		</class>
	</version>
	<version nr="2620" hash="87aa147a1" evolution="Same" change="Inconsistent">
		<class nclones="2">
			<source file="../../workspace/dataset/test/DefaultParserTest.java" startline="526" endline="534" function="testWithMultipleArgumentReceivingSingleValues" hash="-5240638102455329665"></source>
			<source file="../../workspace/dataset/test/DefaultParserTest.java" startline="537" endline="557" function="testWithMultipleRequiredArgument" hash="-9126219932255715556"></source>
		</class>
	</version>
	<version nr="2630" hash="fee3d01be" evolution="Same" change="Inconsistent">
		<class nclones="2">
			<source file="../../workspace/dataset/test/DefaultParserTest.java" startline="500" endline="513" function="testWithArgumentReceivingMultipleValues" hash="3048755642047975404"></source>
			<source file="../../workspace/dataset/test/DefaultParserTest.java" startline="537" endline="557" function="testWithMultipleRequiredArgument" hash="-9126219932255715556"></source>
		</class>
	</version>
	<version nr="2630" hash="fee3d01be" evolution="Same" change="Inconsistent">
		<class nclones="2">
			<source file="../../workspace/dataset/test/DefaultParserTest.java" startline="526" endline="534" function="testWithMultipleArgumentReceivingSingleValues" hash="-5240638102455329665"></source>
			<source file="../../workspace/dataset/test/DefaultParserTest.java" startline="537" endline="557" function="testWithMultipleRequiredArgument" hash="-9126219932255715556"></source>
		</class>
	</version>
	<version nr="2640" hash="62327f62f" evolution="Same" change="Inconsistent">
		<class nclones="2">
			<source file="../../workspace/dataset/test/DefaultParserTest.java" startline="500" endline="513" function="testWithArgumentReceivingMultipleValues" hash="3048755642047975404"></source>
			<source file="../../workspace/dataset/test/DefaultParserTest.java" startline="537" endline="557" function="testWithMultipleRequiredArgument" hash="-9126219932255715556"></source>
		</class>
	</version>
	<version nr="2640" hash="62327f62f" evolution="Same" change="Inconsistent">
		<class nclones="2">
			<source file="../../workspace/dataset/test/DefaultParserTest.java" startline="526" endline="534" function="testWithMultipleArgumentReceivingSingleValues" hash="-5240638102455329665"></source>
			<source file="../../workspace/dataset/test/DefaultParserTest.java" startline="537" endline="557" function="testWithMultipleRequiredArgument" hash="-9126219932255715556"></source>
		</class>
	</version>
	<version nr="2650" hash="947666aeb" evolution="Same" change="Inconsistent">
		<class nclones="2">
			<source file="../../workspace/dataset/test/DefaultParserTest.java" startline="500" endline="513" function="testWithArgumentReceivingMultipleValues" hash="3048755642047975404"></source>
			<source file="../../workspace/dataset/test/DefaultParserTest.java" startline="537" endline="557" function="testWithMultipleRequiredArgument" hash="-9126219932255715556"></source>
		</class>
	</version>
	<version nr="2650" hash="947666aeb" evolution="Same" change="Inconsistent">
		<class nclones="2">
			<source file="../../workspace/dataset/test/DefaultParserTest.java" startline="526" endline="534" function="testWithMultipleArgumentReceivingSingleValues" hash="-5240638102455329665"></source>
			<source file="../../workspace/dataset/test/DefaultParserTest.java" startline="537" endline="557" function="testWithMultipleRequiredArgument" hash="-9126219932255715556"></source>
		</class>
	</version>
	<version nr="2660" hash="cb8662c19" evolution="Same" change="Inconsistent">
		<class nclones="2">
			<source file="../../workspace/dataset/test/DefaultParserTest.java" startline="500" endline="513" function="testWithArgumentReceivingMultipleValues" hash="3048755642047975404"></source>
			<source file="../../workspace/dataset/test/DefaultParserTest.java" startline="537" endline="557" function="testWithMultipleRequiredArgument" hash="-9126219932255715556"></source>
		</class>
	</version>
	<version nr="2660" hash="cb8662c19" evolution="Same" change="Inconsistent">
		<class nclones="2">
			<source file="../../workspace/dataset/test/DefaultParserTest.java" startline="526" endline="534" function="testWithMultipleArgumentReceivingSingleValues" hash="-5240638102455329665"></source>
			<source file="../../workspace/dataset/test/DefaultParserTest.java" startline="537" endline="557" function="testWithMultipleRequiredArgument" hash="-9126219932255715556"></source>
		</class>
	</version>
	<version nr="2670" hash="f7cbccb16" evolution="Same" change="Inconsistent">
		<class nclones="2">
			<source file="../../workspace/dataset/test/DefaultParserTest.java" startline="500" endline="513" function="testWithArgumentReceivingMultipleValues" hash="3048755642047975404"></source>
			<source file="../../workspace/dataset/test/DefaultParserTest.java" startline="537" endline="557" function="testWithMultipleRequiredArgument" hash="-9126219932255715556"></source>
		</class>
	</version>
	<version nr="2670" hash="f7cbccb16" evolution="Same" change="Inconsistent">
		<class nclones="2">
			<source file="../../workspace/dataset/test/DefaultParserTest.java" startline="526" endline="534" function="testWithMultipleArgumentReceivingSingleValues" hash="-5240638102455329665"></source>
			<source file="../../workspace/dataset/test/DefaultParserTest.java" startline="537" endline="557" function="testWithMultipleRequiredArgument" hash="-9126219932255715556"></source>
		</class>
	</version>
	<version nr="2680" hash="048d63e25" evolution="Same" change="Inconsistent">
		<class nclones="2">
			<source file="../../workspace/dataset/test/DefaultParserTest.java" startline="500" endline="513" function="testWithArgumentReceivingMultipleValues" hash="3048755642047975404"></source>
			<source file="../../workspace/dataset/test/DefaultParserTest.java" startline="537" endline="557" function="testWithMultipleRequiredArgument" hash="-9126219932255715556"></source>
		</class>
	</version>
	<version nr="2680" hash="048d63e25" evolution="Same" change="Inconsistent">
		<class nclones="2">
			<source file="../../workspace/dataset/test/DefaultParserTest.java" startline="526" endline="534" function="testWithMultipleArgumentReceivingSingleValues" hash="-5240638102455329665"></source>
			<source file="../../workspace/dataset/test/DefaultParserTest.java" startline="537" endline="557" function="testWithMultipleRequiredArgument" hash="-9126219932255715556"></source>
		</class>
	</version>
	<version nr="2690" hash="7c3a87754" evolution="Same" change="Inconsistent">
		<class nclones="2">
			<source file="../../workspace/dataset/test/DefaultParserTest.java" startline="500" endline="513" function="testWithArgumentReceivingMultipleValues" hash="3048755642047975404"></source>
			<source file="../../workspace/dataset/test/DefaultParserTest.java" startline="537" endline="557" function="testWithMultipleRequiredArgument" hash="-9126219932255715556"></source>
		</class>
	</version>
	<version nr="2690" hash="7c3a87754" evolution="Same" change="Inconsistent">
		<class nclones="2">
			<source file="../../workspace/dataset/test/DefaultParserTest.java" startline="526" endline="534" function="testWithMultipleArgumentReceivingSingleValues" hash="-5240638102455329665"></source>
			<source file="../../workspace/dataset/test/DefaultParserTest.java" startline="537" endline="557" function="testWithMultipleRequiredArgument" hash="-9126219932255715556"></source>
		</class>
	</version>
	<version nr="2700" hash="bafe6d469" evolution="Same" change="Inconsistent">
		<class nclones="2">
			<source file="../../workspace/dataset/test/DefaultParserTest.java" startline="500" endline="513" function="testWithArgumentReceivingMultipleValues" hash="3048755642047975404"></source>
			<source file="../../workspace/dataset/test/DefaultParserTest.java" startline="537" endline="557" function="testWithMultipleRequiredArgument" hash="-9126219932255715556"></source>
		</class>
	</version>
	<version nr="2700" hash="bafe6d469" evolution="Same" change="Inconsistent">
		<class nclones="2">
			<source file="../../workspace/dataset/test/DefaultParserTest.java" startline="526" endline="534" function="testWithMultipleArgumentReceivingSingleValues" hash="-5240638102455329665"></source>
			<source file="../../workspace/dataset/test/DefaultParserTest.java" startline="537" endline="557" function="testWithMultipleRequiredArgument" hash="-9126219932255715556"></source>
		</class>
	</version>
	<version nr="2710" hash="ce80ba660" evolution="Same" change="Inconsistent">
		<class nclones="2">
			<source file="../../workspace/dataset/test/DefaultParserTest.java" startline="500" endline="513" function="testWithArgumentReceivingMultipleValues" hash="3048755642047975404"></source>
			<source file="../../workspace/dataset/test/DefaultParserTest.java" startline="537" endline="557" function="testWithMultipleRequiredArgument" hash="-9126219932255715556"></source>
		</class>
	</version>
	<version nr="2710" hash="ce80ba660" evolution="Same" change="Inconsistent">
		<class nclones="2">
			<source file="../../workspace/dataset/test/DefaultParserTest.java" startline="526" endline="534" function="testWithMultipleArgumentReceivingSingleValues" hash="-5240638102455329665"></source>
			<source file="../../workspace/dataset/test/DefaultParserTest.java" startline="537" endline="557" function="testWithMultipleRequiredArgument" hash="-9126219932255715556"></source>
		</class>
	</version>
	<version nr="2720" hash="61d98b708" evolution="Same" change="Inconsistent">
		<class nclones="2">
			<source file="../../workspace/dataset/test/DefaultParserTest.java" startline="500" endline="513" function="testWithArgumentReceivingMultipleValues" hash="3048755642047975404"></source>
			<source file="../../workspace/dataset/test/DefaultParserTest.java" startline="537" endline="557" function="testWithMultipleRequiredArgument" hash="-9126219932255715556"></source>
		</class>
	</version>
	<version nr="2720" hash="61d98b708" evolution="Same" change="Inconsistent">
		<class nclones="2">
			<source file="../../workspace/dataset/test/DefaultParserTest.java" startline="526" endline="534" function="testWithMultipleArgumentReceivingSingleValues" hash="-5240638102455329665"></source>
			<source file="../../workspace/dataset/test/DefaultParserTest.java" startline="537" endline="557" function="testWithMultipleRequiredArgument" hash="-9126219932255715556"></source>
		</class>
	</version>
	<version nr="2730" hash="a7b7214c5" evolution="Same" change="Inconsistent">
		<class nclones="2">
			<source file="../../workspace/dataset/test/DefaultParserTest.java" startline="500" endline="513" function="testWithArgumentReceivingMultipleValues" hash="3048755642047975404"></source>
			<source file="../../workspace/dataset/test/DefaultParserTest.java" startline="537" endline="557" function="testWithMultipleRequiredArgument" hash="-9126219932255715556"></source>
		</class>
	</version>
	<version nr="2730" hash="a7b7214c5" evolution="Same" change="Inconsistent">
		<class nclones="2">
			<source file="../../workspace/dataset/test/DefaultParserTest.java" startline="526" endline="534" function="testWithMultipleArgumentReceivingSingleValues" hash="-5240638102455329665"></source>
			<source file="../../workspace/dataset/test/DefaultParserTest.java" startline="537" endline="557" function="testWithMultipleRequiredArgument" hash="-9126219932255715556"></source>
		</class>
	</version>
	<version nr="2740" hash="29bbea88d" evolution="Same" change="Inconsistent">
		<class nclones="2">
			<source file="../../workspace/dataset/test/DefaultParserTest.java" startline="500" endline="513" function="testWithArgumentReceivingMultipleValues" hash="3048755642047975404"></source>
			<source file="../../workspace/dataset/test/DefaultParserTest.java" startline="537" endline="557" function="testWithMultipleRequiredArgument" hash="-9126219932255715556"></source>
		</class>
	</version>
	<version nr="2740" hash="29bbea88d" evolution="Same" change="Inconsistent">
		<class nclones="2">
			<source file="../../workspace/dataset/test/DefaultParserTest.java" startline="526" endline="534" function="testWithMultipleArgumentReceivingSingleValues" hash="-5240638102455329665"></source>
			<source file="../../workspace/dataset/test/DefaultParserTest.java" startline="537" endline="557" function="testWithMultipleRequiredArgument" hash="-9126219932255715556"></source>
		</class>
	</version>
	<version nr="2750" hash="2d8fc425e" evolution="Same" change="Inconsistent">
		<class nclones="2">
			<source file="../../workspace/dataset/test/DefaultParserTest.java" startline="500" endline="513" function="testWithArgumentReceivingMultipleValues" hash="3048755642047975404"></source>
			<source file="../../workspace/dataset/test/DefaultParserTest.java" startline="537" endline="557" function="testWithMultipleRequiredArgument" hash="-9126219932255715556"></source>
		</class>
	</version>
	<version nr="2750" hash="2d8fc425e" evolution="Same" change="Inconsistent">
		<class nclones="2">
			<source file="../../workspace/dataset/test/DefaultParserTest.java" startline="526" endline="534" function="testWithMultipleArgumentReceivingSingleValues" hash="-5240638102455329665"></source>
			<source file="../../workspace/dataset/test/DefaultParserTest.java" startline="537" endline="557" function="testWithMultipleRequiredArgument" hash="-9126219932255715556"></source>
		</class>
	</version>
	<version nr="2760" hash="991ac6bd2" evolution="Same" change="Inconsistent">
		<class nclones="2">
			<source file="../../workspace/dataset/test/DefaultParserTest.java" startline="500" endline="513" function="testWithArgumentReceivingMultipleValues" hash="3048755642047975404"></source>
			<source file="../../workspace/dataset/test/DefaultParserTest.java" startline="537" endline="557" function="testWithMultipleRequiredArgument" hash="-9126219932255715556"></source>
		</class>
	</version>
	<version nr="2760" hash="991ac6bd2" evolution="Same" change="Inconsistent">
		<class nclones="2">
			<source file="../../workspace/dataset/test/DefaultParserTest.java" startline="526" endline="534" function="testWithMultipleArgumentReceivingSingleValues" hash="-5240638102455329665"></source>
			<source file="../../workspace/dataset/test/DefaultParserTest.java" startline="537" endline="557" function="testWithMultipleRequiredArgument" hash="-9126219932255715556"></source>
		</class>
	</version>
	<version nr="2770" hash="67c5f080d" evolution="Same" change="Inconsistent">
		<class nclones="2">
			<source file="../../workspace/dataset/test/DefaultParserTest.java" startline="500" endline="513" function="testWithArgumentReceivingMultipleValues" hash="3048755642047975404"></source>
			<source file="../../workspace/dataset/test/DefaultParserTest.java" startline="537" endline="557" function="testWithMultipleRequiredArgument" hash="-9126219932255715556"></source>
		</class>
	</version>
	<version nr="2770" hash="67c5f080d" evolution="Same" change="Inconsistent">
		<class nclones="2">
			<source file="../../workspace/dataset/test/DefaultParserTest.java" startline="526" endline="534" function="testWithMultipleArgumentReceivingSingleValues" hash="-5240638102455329665"></source>
			<source file="../../workspace/dataset/test/DefaultParserTest.java" startline="537" endline="557" function="testWithMultipleRequiredArgument" hash="-9126219932255715556"></source>
		</class>
	</version>
	<version nr="2780" hash="2e945fa72" evolution="Same" change="Inconsistent">
		<class nclones="2">
			<source file="../../workspace/dataset/test/DefaultParserTest.java" startline="500" endline="513" function="testWithArgumentReceivingMultipleValues" hash="3048755642047975404"></source>
			<source file="../../workspace/dataset/test/DefaultParserTest.java" startline="537" endline="557" function="testWithMultipleRequiredArgument" hash="-9126219932255715556"></source>
		</class>
	</version>
	<version nr="2780" hash="2e945fa72" evolution="Same" change="Inconsistent">
		<class nclones="2">
			<source file="../../workspace/dataset/test/DefaultParserTest.java" startline="526" endline="534" function="testWithMultipleArgumentReceivingSingleValues" hash="-5240638102455329665"></source>
			<source file="../../workspace/dataset/test/DefaultParserTest.java" startline="537" endline="557" function="testWithMultipleRequiredArgument" hash="-9126219932255715556"></source>
		</class>
	</version>
	<version nr="2790" hash="b7b148db9" evolution="Same" change="Inconsistent">
		<class nclones="2">
			<source file="../../workspace/dataset/test/DefaultParserTest.java" startline="500" endline="513" function="testWithArgumentReceivingMultipleValues" hash="3048755642047975404"></source>
			<source file="../../workspace/dataset/test/DefaultParserTest.java" startline="537" endline="557" function="testWithMultipleRequiredArgument" hash="-9126219932255715556"></source>
		</class>
	</version>
	<version nr="2790" hash="b7b148db9" evolution="Same" change="Inconsistent">
		<class nclones="2">
			<source file="../../workspace/dataset/test/DefaultParserTest.java" startline="526" endline="534" function="testWithMultipleArgumentReceivingSingleValues" hash="-5240638102455329665"></source>
			<source file="../../workspace/dataset/test/DefaultParserTest.java" startline="537" endline="557" function="testWithMultipleRequiredArgument" hash="-9126219932255715556"></source>
		</class>
	</version>
	<version nr="2800" hash="004c3d00e" evolution="Same" change="Inconsistent">
		<class nclones="2">
			<source file="../../workspace/dataset/test/DefaultParserTest.java" startline="500" endline="513" function="testWithArgumentReceivingMultipleValues" hash="3048755642047975404"></source>
			<source file="../../workspace/dataset/test/DefaultParserTest.java" startline="537" endline="557" function="testWithMultipleRequiredArgument" hash="-9126219932255715556"></source>
		</class>
	</version>
	<version nr="2800" hash="004c3d00e" evolution="Same" change="Inconsistent">
		<class nclones="2">
			<source file="../../workspace/dataset/test/DefaultParserTest.java" startline="526" endline="534" function="testWithMultipleArgumentReceivingSingleValues" hash="-5240638102455329665"></source>
			<source file="../../workspace/dataset/test/DefaultParserTest.java" startline="537" endline="557" function="testWithMultipleRequiredArgument" hash="-9126219932255715556"></source>
		</class>
	</version>
	<version nr="2810" hash="f5d65be4b" evolution="Same" change="Inconsistent">
		<class nclones="2">
			<source file="../../workspace/dataset/test/DefaultParserTest.java" startline="500" endline="513" function="testWithArgumentReceivingMultipleValues" hash="3048755642047975404"></source>
			<source file="../../workspace/dataset/test/DefaultParserTest.java" startline="537" endline="557" function="testWithMultipleRequiredArgument" hash="-9126219932255715556"></source>
		</class>
	</version>
	<version nr="2810" hash="f5d65be4b" evolution="Same" change="Inconsistent">
		<class nclones="2">
			<source file="../../workspace/dataset/test/DefaultParserTest.java" startline="526" endline="534" function="testWithMultipleArgumentReceivingSingleValues" hash="-5240638102455329665"></source>
			<source file="../../workspace/dataset/test/DefaultParserTest.java" startline="537" endline="557" function="testWithMultipleRequiredArgument" hash="-9126219932255715556"></source>
		</class>
	</version>
	<version nr="2820" hash="11ab14472" evolution="Same" change="Inconsistent">
		<class nclones="2">
			<source file="../../workspace/dataset/test/DefaultParserTest.java" startline="500" endline="513" function="testWithArgumentReceivingMultipleValues" hash="3048755642047975404"></source>
			<source file="../../workspace/dataset/test/DefaultParserTest.java" startline="537" endline="557" function="testWithMultipleRequiredArgument" hash="-9126219932255715556"></source>
		</class>
	</version>
	<version nr="2820" hash="11ab14472" evolution="Same" change="Inconsistent">
		<class nclones="2">
			<source file="../../workspace/dataset/test/DefaultParserTest.java" startline="526" endline="534" function="testWithMultipleArgumentReceivingSingleValues" hash="-5240638102455329665"></source>
			<source file="../../workspace/dataset/test/DefaultParserTest.java" startline="537" endline="557" function="testWithMultipleRequiredArgument" hash="-9126219932255715556"></source>
		</class>
	</version>
	<version nr="2830" hash="bbd069731" evolution="Same" change="Inconsistent">
		<class nclones="2">
			<source file="../../workspace/dataset/test/DefaultParserTest.java" startline="500" endline="513" function="testWithArgumentReceivingMultipleValues" hash="3048755642047975404"></source>
			<source file="../../workspace/dataset/test/DefaultParserTest.java" startline="537" endline="557" function="testWithMultipleRequiredArgument" hash="-9126219932255715556"></source>
		</class>
	</version>
	<version nr="2830" hash="bbd069731" evolution="Same" change="Inconsistent">
		<class nclones="2">
			<source file="../../workspace/dataset/test/DefaultParserTest.java" startline="526" endline="534" function="testWithMultipleArgumentReceivingSingleValues" hash="-5240638102455329665"></source>
			<source file="../../workspace/dataset/test/DefaultParserTest.java" startline="537" endline="557" function="testWithMultipleRequiredArgument" hash="-9126219932255715556"></source>
		</class>
	</version>
	<version nr="2840" hash="be9c9249f" evolution="Same" change="Inconsistent">
		<class nclones="2">
			<source file="../../workspace/dataset/test/DefaultParserTest.java" startline="500" endline="513" function="testWithArgumentReceivingMultipleValues" hash="3048755642047975404"></source>
			<source file="../../workspace/dataset/test/DefaultParserTest.java" startline="537" endline="557" function="testWithMultipleRequiredArgument" hash="-9126219932255715556"></source>
		</class>
	</version>
	<version nr="2840" hash="be9c9249f" evolution="Same" change="Inconsistent">
		<class nclones="2">
			<source file="../../workspace/dataset/test/DefaultParserTest.java" startline="526" endline="534" function="testWithMultipleArgumentReceivingSingleValues" hash="-5240638102455329665"></source>
			<source file="../../workspace/dataset/test/DefaultParserTest.java" startline="537" endline="557" function="testWithMultipleRequiredArgument" hash="-9126219932255715556"></source>
		</class>
	</version>
	<version nr="2850" hash="ecde0f3ca" evolution="Same" change="Inconsistent">
		<class nclones="2">
			<source file="../../workspace/dataset/test/DefaultParserTest.java" startline="500" endline="513" function="testWithArgumentReceivingMultipleValues" hash="3048755642047975404"></source>
			<source file="../../workspace/dataset/test/DefaultParserTest.java" startline="537" endline="557" function="testWithMultipleRequiredArgument" hash="-9126219932255715556"></source>
		</class>
	</version>
	<version nr="2850" hash="ecde0f3ca" evolution="Same" change="Inconsistent">
		<class nclones="2">
			<source file="../../workspace/dataset/test/DefaultParserTest.java" startline="526" endline="534" function="testWithMultipleArgumentReceivingSingleValues" hash="-5240638102455329665"></source>
			<source file="../../workspace/dataset/test/DefaultParserTest.java" startline="537" endline="557" function="testWithMultipleRequiredArgument" hash="-9126219932255715556"></source>
		</class>
	</version>
	<version nr="2860" hash="23c9ab905" evolution="Same" change="Inconsistent">
		<class nclones="2">
			<source file="../../workspace/dataset/test/DefaultParserTest.java" startline="500" endline="513" function="testWithArgumentReceivingMultipleValues" hash="3048755642047975404"></source>
			<source file="../../workspace/dataset/test/DefaultParserTest.java" startline="537" endline="557" function="testWithMultipleRequiredArgument" hash="-9126219932255715556"></source>
		</class>
	</version>
	<version nr="2860" hash="23c9ab905" evolution="Same" change="Inconsistent">
		<class nclones="2">
			<source file="../../workspace/dataset/test/DefaultParserTest.java" startline="526" endline="534" function="testWithMultipleArgumentReceivingSingleValues" hash="-5240638102455329665"></source>
			<source file="../../workspace/dataset/test/DefaultParserTest.java" startline="537" endline="557" function="testWithMultipleRequiredArgument" hash="-9126219932255715556"></source>
		</class>
	</version>
	<version nr="2870" hash="43ca42a40" evolution="Same" change="Inconsistent">
		<class nclones="2">
			<source file="../../workspace/dataset/test/DefaultParserTest.java" startline="500" endline="513" function="testWithArgumentReceivingMultipleValues" hash="3048755642047975404"></source>
			<source file="../../workspace/dataset/test/DefaultParserTest.java" startline="537" endline="557" function="testWithMultipleRequiredArgument" hash="-9126219932255715556"></source>
		</class>
	</version>
	<version nr="2870" hash="43ca42a40" evolution="Same" change="Inconsistent">
		<class nclones="2">
			<source file="../../workspace/dataset/test/DefaultParserTest.java" startline="526" endline="534" function="testWithMultipleArgumentReceivingSingleValues" hash="-5240638102455329665"></source>
			<source file="../../workspace/dataset/test/DefaultParserTest.java" startline="537" endline="557" function="testWithMultipleRequiredArgument" hash="-9126219932255715556"></source>
		</class>
	</version>
	<version nr="2880" hash="601baccef" evolution="Same" change="Inconsistent">
		<class nclones="2">
			<source file="../../workspace/dataset/test/DefaultParserTest.java" startline="500" endline="513" function="testWithArgumentReceivingMultipleValues" hash="3048755642047975404"></source>
			<source file="../../workspace/dataset/test/DefaultParserTest.java" startline="537" endline="557" function="testWithMultipleRequiredArgument" hash="-9126219932255715556"></source>
		</class>
	</version>
	<version nr="2880" hash="601baccef" evolution="Same" change="Inconsistent">
		<class nclones="2">
			<source file="../../workspace/dataset/test/DefaultParserTest.java" startline="526" endline="534" function="testWithMultipleArgumentReceivingSingleValues" hash="-5240638102455329665"></source>
			<source file="../../workspace/dataset/test/DefaultParserTest.java" startline="537" endline="557" function="testWithMultipleRequiredArgument" hash="-9126219932255715556"></source>
		</class>
	</version>
	<version nr="2890" hash="583e9a03b" evolution="Same" change="Inconsistent">
		<class nclones="2">
			<source file="../../workspace/dataset/test/DefaultParserTest.java" startline="500" endline="513" function="testWithArgumentReceivingMultipleValues" hash="3048755642047975404"></source>
			<source file="../../workspace/dataset/test/DefaultParserTest.java" startline="537" endline="557" function="testWithMultipleRequiredArgument" hash="-9126219932255715556"></source>
		</class>
	</version>
	<version nr="2890" hash="583e9a03b" evolution="Same" change="Inconsistent">
		<class nclones="2">
			<source file="../../workspace/dataset/test/DefaultParserTest.java" startline="526" endline="534" function="testWithMultipleArgumentReceivingSingleValues" hash="-5240638102455329665"></source>
			<source file="../../workspace/dataset/test/DefaultParserTest.java" startline="537" endline="557" function="testWithMultipleRequiredArgument" hash="-9126219932255715556"></source>
		</class>
	</version>
	<version nr="2900" hash="c09a574bc" evolution="Same" change="Inconsistent">
		<class nclones="2">
			<source file="../../workspace/dataset/test/DefaultParserTest.java" startline="500" endline="513" function="testWithArgumentReceivingMultipleValues" hash="3048755642047975404"></source>
			<source file="../../workspace/dataset/test/DefaultParserTest.java" startline="537" endline="557" function="testWithMultipleRequiredArgument" hash="-9126219932255715556"></source>
		</class>
	</version>
	<version nr="2900" hash="c09a574bc" evolution="Same" change="Inconsistent">
		<class nclones="2">
			<source file="../../workspace/dataset/test/DefaultParserTest.java" startline="526" endline="534" function="testWithMultipleArgumentReceivingSingleValues" hash="-5240638102455329665"></source>
			<source file="../../workspace/dataset/test/DefaultParserTest.java" startline="537" endline="557" function="testWithMultipleRequiredArgument" hash="-9126219932255715556"></source>
		</class>
	</version>
	<version nr="2910" hash="c50b140ec" evolution="Same" change="Inconsistent">
		<class nclones="2">
			<source file="../../workspace/dataset/test/DefaultParserTest.java" startline="500" endline="513" function="testWithArgumentReceivingMultipleValues" hash="3048755642047975404"></source>
			<source file="../../workspace/dataset/test/DefaultParserTest.java" startline="537" endline="557" function="testWithMultipleRequiredArgument" hash="-9126219932255715556"></source>
		</class>
	</version>
	<version nr="2910" hash="c50b140ec" evolution="Same" change="Inconsistent">
		<class nclones="2">
			<source file="../../workspace/dataset/test/DefaultParserTest.java" startline="526" endline="534" function="testWithMultipleArgumentReceivingSingleValues" hash="-5240638102455329665"></source>
			<source file="../../workspace/dataset/test/DefaultParserTest.java" startline="537" endline="557" function="testWithMultipleRequiredArgument" hash="-9126219932255715556"></source>
		</class>
	</version>
	<version nr="2920" hash="c65aab658" evolution="Same" change="Inconsistent">
		<class nclones="2">
			<source file="../../workspace/dataset/test/DefaultParserTest.java" startline="500" endline="513" function="testWithArgumentReceivingMultipleValues" hash="3048755642047975404"></source>
			<source file="../../workspace/dataset/test/DefaultParserTest.java" startline="537" endline="557" function="testWithMultipleRequiredArgument" hash="-9126219932255715556"></source>
		</class>
	</version>
	<version nr="2920" hash="c65aab658" evolution="Same" change="Inconsistent">
		<class nclones="2">
			<source file="../../workspace/dataset/test/DefaultParserTest.java" startline="526" endline="534" function="testWithMultipleArgumentReceivingSingleValues" hash="-5240638102455329665"></source>
			<source file="../../workspace/dataset/test/DefaultParserTest.java" startline="537" endline="557" function="testWithMultipleRequiredArgument" hash="-9126219932255715556"></source>
		</class>
	</version>
	<version nr="2930" hash="d6728d773" evolution="Same" change="Inconsistent">
		<class nclones="2">
			<source file="../../workspace/dataset/test/DefaultParserTest.java" startline="500" endline="513" function="testWithArgumentReceivingMultipleValues" hash="3048755642047975404"></source>
			<source file="../../workspace/dataset/test/DefaultParserTest.java" startline="537" endline="557" function="testWithMultipleRequiredArgument" hash="-9126219932255715556"></source>
		</class>
	</version>
	<version nr="2930" hash="d6728d773" evolution="Same" change="Inconsistent">
		<class nclones="2">
			<source file="../../workspace/dataset/test/DefaultParserTest.java" startline="526" endline="534" function="testWithMultipleArgumentReceivingSingleValues" hash="-5240638102455329665"></source>
			<source file="../../workspace/dataset/test/DefaultParserTest.java" startline="537" endline="557" function="testWithMultipleRequiredArgument" hash="-9126219932255715556"></source>
		</class>
	</version>
	<version nr="2940" hash="ec9433113" evolution="Same" change="Inconsistent">
		<class nclones="2">
			<source file="../../workspace/dataset/test/DefaultParserTest.java" startline="500" endline="513" function="testWithArgumentReceivingMultipleValues" hash="3048755642047975404"></source>
			<source file="../../workspace/dataset/test/DefaultParserTest.java" startline="537" endline="557" function="testWithMultipleRequiredArgument" hash="-9126219932255715556"></source>
		</class>
	</version>
	<version nr="2940" hash="ec9433113" evolution="Same" change="Inconsistent">
		<class nclones="2">
			<source file="../../workspace/dataset/test/DefaultParserTest.java" startline="526" endline="534" function="testWithMultipleArgumentReceivingSingleValues" hash="-5240638102455329665"></source>
			<source file="../../workspace/dataset/test/DefaultParserTest.java" startline="537" endline="557" function="testWithMultipleRequiredArgument" hash="-9126219932255715556"></source>
		</class>
	</version>
	<version nr="2950" hash="13ca05c40" evolution="Same" change="Inconsistent">
		<class nclones="2">
			<source file="../../workspace/dataset/test/DefaultParserTest.java" startline="500" endline="513" function="testWithArgumentReceivingMultipleValues" hash="3048755642047975404"></source>
			<source file="../../workspace/dataset/test/DefaultParserTest.java" startline="537" endline="557" function="testWithMultipleRequiredArgument" hash="-9126219932255715556"></source>
		</class>
	</version>
	<version nr="2950" hash="13ca05c40" evolution="Same" change="Inconsistent">
		<class nclones="2">
			<source file="../../workspace/dataset/test/DefaultParserTest.java" startline="526" endline="534" function="testWithMultipleArgumentReceivingSingleValues" hash="-5240638102455329665"></source>
			<source file="../../workspace/dataset/test/DefaultParserTest.java" startline="537" endline="557" function="testWithMultipleRequiredArgument" hash="-9126219932255715556"></source>
		</class>
	</version>
	<version nr="2960" hash="fa02a85ac" evolution="Same" change="Inconsistent">
		<class nclones="2">
			<source file="../../workspace/dataset/test/DefaultParserTest.java" startline="500" endline="513" function="testWithArgumentReceivingMultipleValues" hash="3048755642047975404"></source>
			<source file="../../workspace/dataset/test/DefaultParserTest.java" startline="537" endline="557" function="testWithMultipleRequiredArgument" hash="-9126219932255715556"></source>
		</class>
	</version>
	<version nr="2960" hash="fa02a85ac" evolution="Same" change="Inconsistent">
		<class nclones="2">
			<source file="../../workspace/dataset/test/DefaultParserTest.java" startline="526" endline="534" function="testWithMultipleArgumentReceivingSingleValues" hash="-5240638102455329665"></source>
			<source file="../../workspace/dataset/test/DefaultParserTest.java" startline="537" endline="557" function="testWithMultipleRequiredArgument" hash="-9126219932255715556"></source>
		</class>
	</version>
	<version nr="2970" hash="a234731e3" evolution="Same" change="Inconsistent">
		<class nclones="2">
			<source file="../../workspace/dataset/test/DefaultParserTest.java" startline="500" endline="513" function="testWithArgumentReceivingMultipleValues" hash="3048755642047975404"></source>
			<source file="../../workspace/dataset/test/DefaultParserTest.java" startline="537" endline="557" function="testWithMultipleRequiredArgument" hash="-9126219932255715556"></source>
		</class>
	</version>
	<version nr="2970" hash="a234731e3" evolution="Same" change="Inconsistent">
		<class nclones="2">
			<source file="../../workspace/dataset/test/DefaultParserTest.java" startline="526" endline="534" function="testWithMultipleArgumentReceivingSingleValues" hash="-5240638102455329665"></source>
			<source file="../../workspace/dataset/test/DefaultParserTest.java" startline="537" endline="557" function="testWithMultipleRequiredArgument" hash="-9126219932255715556"></source>
		</class>
	</version>
	<version nr="2980" hash="ace996489" evolution="Same" change="Inconsistent">
		<class nclones="2">
			<source file="../../workspace/dataset/test/DefaultParserTest.java" startline="500" endline="513" function="testWithArgumentReceivingMultipleValues" hash="3048755642047975404"></source>
			<source file="../../workspace/dataset/test/DefaultParserTest.java" startline="537" endline="557" function="testWithMultipleRequiredArgument" hash="-9126219932255715556"></source>
		</class>
	</version>
	<version nr="2980" hash="ace996489" evolution="Same" change="Inconsistent">
		<class nclones="2">
			<source file="../../workspace/dataset/test/DefaultParserTest.java" startline="526" endline="534" function="testWithMultipleArgumentReceivingSingleValues" hash="-5240638102455329665"></source>
			<source file="../../workspace/dataset/test/DefaultParserTest.java" startline="537" endline="557" function="testWithMultipleRequiredArgument" hash="-9126219932255715556"></source>
		</class>
	</version>
	<version nr="2990" hash="534fc124f" evolution="Same" change="Inconsistent">
		<class nclones="2">
			<source file="../../workspace/dataset/test/DefaultParserTest.java" startline="500" endline="513" function="testWithArgumentReceivingMultipleValues" hash="3048755642047975404"></source>
			<source file="../../workspace/dataset/test/DefaultParserTest.java" startline="537" endline="557" function="testWithMultipleRequiredArgument" hash="-9126219932255715556"></source>
		</class>
	</version>
	<version nr="2990" hash="534fc124f" evolution="Same" change="Inconsistent">
		<class nclones="2">
			<source file="../../workspace/dataset/test/DefaultParserTest.java" startline="526" endline="534" function="testWithMultipleArgumentReceivingSingleValues" hash="-5240638102455329665"></source>
			<source file="../../workspace/dataset/test/DefaultParserTest.java" startline="537" endline="557" function="testWithMultipleRequiredArgument" hash="-9126219932255715556"></source>
		</class>
	</version>
	<version nr="3000" hash="927672d05" evolution="Same" change="Inconsistent">
		<class nclones="2">
			<source file="../../workspace/dataset/test/DefaultParserTest.java" startline="500" endline="513" function="testWithArgumentReceivingMultipleValues" hash="3048755642047975404"></source>
			<source file="../../workspace/dataset/test/DefaultParserTest.java" startline="537" endline="557" function="testWithMultipleRequiredArgument" hash="-9126219932255715556"></source>
		</class>
	</version>
	<version nr="3000" hash="927672d05" evolution="Same" change="Inconsistent">
		<class nclones="2">
			<source file="../../workspace/dataset/test/DefaultParserTest.java" startline="526" endline="534" function="testWithMultipleArgumentReceivingSingleValues" hash="-5240638102455329665"></source>
			<source file="../../workspace/dataset/test/DefaultParserTest.java" startline="537" endline="557" function="testWithMultipleRequiredArgument" hash="-9126219932255715556"></source>
		</class>
	</version>
	<version nr="3010" hash="c74ac5238" evolution="Same" change="Inconsistent">
		<class nclones="2">
			<source file="../../workspace/dataset/test/DefaultParserTest.java" startline="500" endline="513" function="testWithArgumentReceivingMultipleValues" hash="3048755642047975404"></source>
			<source file="../../workspace/dataset/test/DefaultParserTest.java" startline="537" endline="557" function="testWithMultipleRequiredArgument" hash="-9126219932255715556"></source>
		</class>
	</version>
	<version nr="3010" hash="c74ac5238" evolution="Same" change="Inconsistent">
		<class nclones="2">
			<source file="../../workspace/dataset/test/DefaultParserTest.java" startline="526" endline="534" function="testWithMultipleArgumentReceivingSingleValues" hash="-5240638102455329665"></source>
			<source file="../../workspace/dataset/test/DefaultParserTest.java" startline="537" endline="557" function="testWithMultipleRequiredArgument" hash="-9126219932255715556"></source>
		</class>
	</version>
	<version nr="3020" hash="9434b53cd" evolution="Same" change="Inconsistent">
		<class nclones="2">
			<source file="../../workspace/dataset/test/DefaultParserTest.java" startline="500" endline="513" function="testWithArgumentReceivingMultipleValues" hash="3048755642047975404"></source>
			<source file="../../workspace/dataset/test/DefaultParserTest.java" startline="537" endline="557" function="testWithMultipleRequiredArgument" hash="-9126219932255715556"></source>
		</class>
	</version>
	<version nr="3020" hash="9434b53cd" evolution="Same" change="Inconsistent">
		<class nclones="2">
			<source file="../../workspace/dataset/test/DefaultParserTest.java" startline="526" endline="534" function="testWithMultipleArgumentReceivingSingleValues" hash="-5240638102455329665"></source>
			<source file="../../workspace/dataset/test/DefaultParserTest.java" startline="537" endline="557" function="testWithMultipleRequiredArgument" hash="-9126219932255715556"></source>
		</class>
	</version>
	<version nr="3030" hash="c754a41f8" evolution="Same" change="Inconsistent">
		<class nclones="2">
			<source file="../../workspace/dataset/test/DefaultParserTest.java" startline="500" endline="513" function="testWithArgumentReceivingMultipleValues" hash="3048755642047975404"></source>
			<source file="../../workspace/dataset/test/DefaultParserTest.java" startline="537" endline="557" function="testWithMultipleRequiredArgument" hash="-9126219932255715556"></source>
		</class>
	</version>
	<version nr="3030" hash="c754a41f8" evolution="Same" change="Inconsistent">
		<class nclones="2">
			<source file="../../workspace/dataset/test/DefaultParserTest.java" startline="526" endline="534" function="testWithMultipleArgumentReceivingSingleValues" hash="-5240638102455329665"></source>
			<source file="../../workspace/dataset/test/DefaultParserTest.java" startline="537" endline="557" function="testWithMultipleRequiredArgument" hash="-9126219932255715556"></source>
		</class>
	</version>
	<version nr="3040" hash="b7ec7df48" evolution="Same" change="Inconsistent">
		<class nclones="2">
			<source file="../../workspace/dataset/test/DefaultParserTest.java" startline="500" endline="513" function="testWithArgumentReceivingMultipleValues" hash="3048755642047975404"></source>
			<source file="../../workspace/dataset/test/DefaultParserTest.java" startline="537" endline="557" function="testWithMultipleRequiredArgument" hash="-9126219932255715556"></source>
		</class>
	</version>
	<version nr="3040" hash="b7ec7df48" evolution="Same" change="Inconsistent">
		<class nclones="2">
			<source file="../../workspace/dataset/test/DefaultParserTest.java" startline="526" endline="534" function="testWithMultipleArgumentReceivingSingleValues" hash="-5240638102455329665"></source>
			<source file="../../workspace/dataset/test/DefaultParserTest.java" startline="537" endline="557" function="testWithMultipleRequiredArgument" hash="-9126219932255715556"></source>
		</class>
	</version>
</lineage>
<lineage>
	<version nr="940" hash="9774c0da0" evolution="None" change="None">
		<class nclones="2">
			<source file="../../workspace/dataset/test/DefaultParserTest.java" startline="517" endline="525" function="testWithMultipleArgumentReceivingSingleValues" hash="3782676932456530362"></source>
			<source file="../../workspace/dataset/test/DefaultParserTest.java" startline="528" endline="548" function="testWithMultipleRequiredArgument" hash="4295690619094784777"></source>
		</class>
	</version>
</lineage>
<lineage>
	<version nr="950" hash="b4bc6849b" evolution="None" change="None">
		<class nclones="2">
			<source file="../../workspace/dataset/test/DefaultParserTest.java" startline="591" endline="630" function="testHelpOption" hash="8827261650170855647"></source>
			<source file="../../workspace/dataset/test/DefaultParserTest.java" startline="633" endline="671" function="testHelpOptionUsingAnnotation" hash="8298156294746575837"></source>
		</class>
	</version>
	<version nr="3040" hash="b7ec7df48" evolution="Same" change="Same">
		<class nclones="2">
			<source file="../../workspace/dataset/test/DefaultParserTest.java" startline="591" endline="630" function="testHelpOption" hash="8827261650170855647"></source>
			<source file="../../workspace/dataset/test/DefaultParserTest.java" startline="633" endline="671" function="testHelpOptionUsingAnnotation" hash="8298156294746575837"></source>
		</class>
	</version>
</lineage>
<lineage>
	<version nr="950" hash="b4bc6849b" evolution="None" change="None">
		<class nclones="2">
			<source file="../../workspace/dataset/test/DefaultParserTest.java" startline="674" endline="693" function="testOptionsWithChoices" hash="8564195964860770661"></source>
			<source file="../../workspace/dataset/test/DefaultParserTest.java" startline="696" endline="719" function="testOptionsWithChoicesAndDefault" hash="5233095787575448846"></source>
		</class>
	</version>
	<version nr="1860" hash="cfa8a166d" evolution="Same" change="Same">
		<class nclones="2">
			<source file="../../workspace/dataset/test/DefaultParserTest.java" startline="674" endline="693" function="testOptionsWithChoices" hash="8564195964860770661"></source>
			<source file="../../workspace/dataset/test/DefaultParserTest.java" startline="696" endline="719" function="testOptionsWithChoicesAndDefault" hash="5233095787575448846"></source>
		</class>
	</version>
	<version nr="1870" hash="276d6f96e" evolution="Same" change="Consistent">
		<class nclones="2">
			<source file="../../workspace/dataset/test/DefaultParserTest.java" startline="669" endline="688" function="testOptionsWithChoices" hash="-2975314177648997621"></source>
			<source file="../../workspace/dataset/test/DefaultParserTest.java" startline="691" endline="714" function="testOptionsWithChoicesAndDefault" hash="1751026790218295798"></source>
		</class>
	</version>
	<version nr="3040" hash="b7ec7df48" evolution="Same" change="Same">
		<class nclones="2">
			<source file="../../workspace/dataset/test/DefaultParserTest.java" startline="669" endline="688" function="testOptionsWithChoices" hash="-2975314177648997621"></source>
			<source file="../../workspace/dataset/test/DefaultParserTest.java" startline="691" endline="714" function="testOptionsWithChoicesAndDefault" hash="1751026790218295798"></source>
		</class>
	</version>
</lineage>
<lineage>
	<version nr="950" hash="b4bc6849b" evolution="None" change="None">
		<class nclones="2">
			<source file="../../workspace/dataset/test/DefaultParserTest.java" startline="722" endline="741" function="testOptionsWithChoicesUsingEnum" hash="-5775301640964680908"></source>
			<source file="../../workspace/dataset/test/DefaultParserTest.java" startline="744" endline="762" function="testOptionsWithChoicesUsingAnnotations" hash="5338597715712798658"></source>
		</class>
	</version>
	<version nr="1860" hash="cfa8a166d" evolution="Same" change="Same">
		<class nclones="2">
			<source file="../../workspace/dataset/test/DefaultParserTest.java" startline="722" endline="741" function="testOptionsWithChoicesUsingEnum" hash="-5775301640964680908"></source>
			<source file="../../workspace/dataset/test/DefaultParserTest.java" startline="744" endline="762" function="testOptionsWithChoicesUsingAnnotations" hash="5338597715712798658"></source>
		</class>
	</version>
	<version nr="1870" hash="276d6f96e" evolution="Same" change="Consistent">
		<class nclones="2">
			<source file="../../workspace/dataset/test/DefaultParserTest.java" startline="717" endline="736" function="testOptionsWithChoicesUsingEnum" hash="-4113614769076407922"></source>
			<source file="../../workspace/dataset/test/DefaultParserTest.java" startline="739" endline="757" function="testOptionsWithChoicesUsingAnnotations" hash="3121002025764330510"></source>
		</class>
	</version>
	<version nr="3040" hash="b7ec7df48" evolution="Same" change="Same">
		<class nclones="2">
			<source file="../../workspace/dataset/test/DefaultParserTest.java" startline="717" endline="736" function="testOptionsWithChoicesUsingEnum" hash="-4113614769076407922"></source>
			<source file="../../workspace/dataset/test/DefaultParserTest.java" startline="739" endline="757" function="testOptionsWithChoicesUsingAnnotations" hash="3121002025764330510"></source>
		</class>
	</version>
</lineage>
<lineage>
	<version nr="980" hash="31dfe4b3f" evolution="None" change="None">
		<class nclones="2">
			<source file="../../workspace/dataset/test/FakeVertxMetrics.java" startline="85" endline="87" function="connected" hash="-4158255204198001033"></source>
			<source file="../../workspace/dataset/test/FakeVertxMetrics.java" startline="129" endline="131" function="isEnabled" hash="-3394228111231680982"></source>
		</class>
	</version>
	<version nr="1020" hash="551574f63" evolution="Same" change="Same">
		<class nclones="2">
			<source file="../../workspace/dataset/test/FakeVertxMetrics.java" startline="85" endline="87" function="connected" hash="-4158255204198001033"></source>
			<source file="../../workspace/dataset/test/FakeVertxMetrics.java" startline="129" endline="131" function="isEnabled" hash="-3394228111231680982"></source>
		</class>
	</version>
</lineage>
<lineage>
	<version nr="1050" hash="c46c05688" evolution="None" change="None">
		<class nclones="2">
			<source file="../../workspace/dataset/test/NestedZipFileResolverTest.java" startline="30" endline="53" function="setUp" hash="4040407682751230879"></source>
			<source file="../../workspace/dataset/test/NestedJarFileResolverTest.java" startline="30" endline="53" function="setUp" hash="3166378614380334523"></source>
		</class>
	</version>
	<version nr="1620" hash="9473311d7" evolution="Same" change="Same">
		<class nclones="2">
			<source file="../../workspace/dataset/test/NestedZipFileResolverTest.java" startline="30" endline="53" function="setUp" hash="4040407682751230879"></source>
			<source file="../../workspace/dataset/test/NestedJarFileResolverTest.java" startline="30" endline="53" function="setUp" hash="3166378614380334523"></source>
		</class>
	</version>
	<version nr="1620" hash="9473311d7" evolution="Same" change="Inconsistent">
		<class nclones="2">
			<source file="../../workspace/dataset/test/NestedJarFileResolverTest.java" startline="25" endline="48" function="setUp" hash="3166378614380334523"></source>
			<source file="../../workspace/dataset/test/NestedZipFileResolverTest.java" startline="34" endline="45" function="getResource" hash="8577920893853314421"></source>
		</class>
	</version>
	<version nr="1630" hash="4dcb19082" evolution="Same" change="Inconsistent">
		<class nclones="2">
			<source file="../../workspace/dataset/test/NestedZipFileResolverTest.java" startline="25" endline="48" function="setUp" hash="4040407682751230879"></source>
			<source file="../../workspace/dataset/test/NestedJarFileResolverTest.java" startline="25" endline="48" function="setUp" hash="3166378614380334523"></source>
		</class>
	</version>
	<version nr="1630" hash="4dcb19082" evolution="Same" change="Inconsistent">
		<class nclones="2">
			<source file="../../workspace/dataset/test/NestedJarFileResolverTest.java" startline="25" endline="48" function="setUp" hash="3166378614380334523"></source>
			<source file="../../workspace/dataset/test/NestedZipFileResolverTest.java" startline="34" endline="45" function="getResource" hash="8577920893853314421"></source>
		</class>
	</version>
	<version nr="1640" hash="f0c3ce3c8" evolution="Same" change="Inconsistent">
		<class nclones="2">
			<source file="../../workspace/dataset/test/NestedZipFileResolverTest.java" startline="25" endline="48" function="setUp" hash="4040407682751230879"></source>
			<source file="../../workspace/dataset/test/NestedJarFileResolverTest.java" startline="25" endline="48" function="setUp" hash="3166378614380334523"></source>
		</class>
	</version>
	<version nr="1640" hash="f0c3ce3c8" evolution="Same" change="Inconsistent">
		<class nclones="2">
			<source file="../../workspace/dataset/test/NestedJarFileResolverTest.java" startline="25" endline="48" function="setUp" hash="3166378614380334523"></source>
			<source file="../../workspace/dataset/test/NestedZipFileResolverTest.java" startline="34" endline="45" function="getResource" hash="8577920893853314421"></source>
		</class>
	</version>
	<version nr="1650" hash="4b712c8c4" evolution="Same" change="Inconsistent">
		<class nclones="2">
			<source file="../../workspace/dataset/test/NestedZipFileResolverTest.java" startline="25" endline="48" function="setUp" hash="4040407682751230879"></source>
			<source file="../../workspace/dataset/test/NestedJarFileResolverTest.java" startline="25" endline="48" function="setUp" hash="3166378614380334523"></source>
		</class>
	</version>
	<version nr="1650" hash="4b712c8c4" evolution="Same" change="Inconsistent">
		<class nclones="2">
			<source file="../../workspace/dataset/test/NestedJarFileResolverTest.java" startline="25" endline="48" function="setUp" hash="3166378614380334523"></source>
			<source file="../../workspace/dataset/test/NestedZipFileResolverTest.java" startline="34" endline="45" function="getResource" hash="8577920893853314421"></source>
		</class>
	</version>
	<version nr="1660" hash="8af92fbc9" evolution="Same" change="Inconsistent">
		<class nclones="2">
			<source file="../../workspace/dataset/test/NestedZipFileResolverTest.java" startline="25" endline="48" function="setUp" hash="4040407682751230879"></source>
			<source file="../../workspace/dataset/test/NestedJarFileResolverTest.java" startline="25" endline="48" function="setUp" hash="3166378614380334523"></source>
		</class>
	</version>
	<version nr="1660" hash="8af92fbc9" evolution="Same" change="Inconsistent">
		<class nclones="2">
			<source file="../../workspace/dataset/test/NestedJarFileResolverTest.java" startline="25" endline="48" function="setUp" hash="3166378614380334523"></source>
			<source file="../../workspace/dataset/test/NestedZipFileResolverTest.java" startline="34" endline="45" function="getResource" hash="8577920893853314421"></source>
		</class>
	</version>
	<version nr="1670" hash="e45f30f91" evolution="Same" change="Inconsistent">
		<class nclones="2">
			<source file="../../workspace/dataset/test/NestedZipFileResolverTest.java" startline="25" endline="48" function="setUp" hash="4040407682751230879"></source>
			<source file="../../workspace/dataset/test/NestedJarFileResolverTest.java" startline="25" endline="48" function="setUp" hash="3166378614380334523"></source>
		</class>
	</version>
	<version nr="1670" hash="e45f30f91" evolution="Same" change="Inconsistent">
		<class nclones="2">
			<source file="../../workspace/dataset/test/NestedJarFileResolverTest.java" startline="25" endline="48" function="setUp" hash="3166378614380334523"></source>
			<source file="../../workspace/dataset/test/NestedZipFileResolverTest.java" startline="34" endline="45" function="getResource" hash="8577920893853314421"></source>
		</class>
	</version>
	<version nr="1680" hash="7798d8931" evolution="Same" change="Inconsistent">
		<class nclones="2">
			<source file="../../workspace/dataset/test/NestedZipFileResolverTest.java" startline="25" endline="48" function="setUp" hash="4040407682751230879"></source>
			<source file="../../workspace/dataset/test/NestedJarFileResolverTest.java" startline="25" endline="48" function="setUp" hash="3166378614380334523"></source>
		</class>
	</version>
	<version nr="1680" hash="7798d8931" evolution="Same" change="Inconsistent">
		<class nclones="2">
			<source file="../../workspace/dataset/test/NestedJarFileResolverTest.java" startline="25" endline="48" function="setUp" hash="3166378614380334523"></source>
			<source file="../../workspace/dataset/test/NestedZipFileResolverTest.java" startline="34" endline="45" function="getResource" hash="8577920893853314421"></source>
		</class>
	</version>
	<version nr="1690" hash="98b28de1d" evolution="Same" change="Inconsistent">
		<class nclones="2">
			<source file="../../workspace/dataset/test/NestedZipFileResolverTest.java" startline="25" endline="48" function="setUp" hash="4040407682751230879"></source>
			<source file="../../workspace/dataset/test/NestedJarFileResolverTest.java" startline="25" endline="48" function="setUp" hash="3166378614380334523"></source>
		</class>
	</version>
	<version nr="1690" hash="98b28de1d" evolution="Same" change="Inconsistent">
		<class nclones="2">
			<source file="../../workspace/dataset/test/NestedJarFileResolverTest.java" startline="25" endline="48" function="setUp" hash="3166378614380334523"></source>
			<source file="../../workspace/dataset/test/NestedZipFileResolverTest.java" startline="34" endline="45" function="getResource" hash="8577920893853314421"></source>
		</class>
	</version>
	<version nr="1700" hash="728320045" evolution="Same" change="Inconsistent">
		<class nclones="2">
			<source file="../../workspace/dataset/test/NestedZipFileResolverTest.java" startline="25" endline="48" function="setUp" hash="4040407682751230879"></source>
			<source file="../../workspace/dataset/test/NestedJarFileResolverTest.java" startline="25" endline="48" function="setUp" hash="3166378614380334523"></source>
		</class>
	</version>
	<version nr="1700" hash="728320045" evolution="Same" change="Inconsistent">
		<class nclones="2">
			<source file="../../workspace/dataset/test/NestedJarFileResolverTest.java" startline="25" endline="48" function="setUp" hash="3166378614380334523"></source>
			<source file="../../workspace/dataset/test/NestedZipFileResolverTest.java" startline="34" endline="45" function="getResource" hash="8577920893853314421"></source>
		</class>
	</version>
	<version nr="1710" hash="5c5598128" evolution="Same" change="Inconsistent">
		<class nclones="2">
			<source file="../../workspace/dataset/test/NestedZipFileResolverTest.java" startline="25" endline="48" function="setUp" hash="4040407682751230879"></source>
			<source file="../../workspace/dataset/test/NestedJarFileResolverTest.java" startline="25" endline="48" function="setUp" hash="3166378614380334523"></source>
		</class>
	</version>
	<version nr="1710" hash="5c5598128" evolution="Same" change="Inconsistent">
		<class nclones="2">
			<source file="../../workspace/dataset/test/NestedJarFileResolverTest.java" startline="25" endline="48" function="setUp" hash="3166378614380334523"></source>
			<source file="../../workspace/dataset/test/NestedZipFileResolverTest.java" startline="34" endline="45" function="getResource" hash="8577920893853314421"></source>
		</class>
	</version>
	<version nr="1720" hash="26a089cd7" evolution="Same" change="Inconsistent">
		<class nclones="2">
			<source file="../../workspace/dataset/test/NestedZipFileResolverTest.java" startline="25" endline="48" function="setUp" hash="4040407682751230879"></source>
			<source file="../../workspace/dataset/test/NestedJarFileResolverTest.java" startline="25" endline="48" function="setUp" hash="3166378614380334523"></source>
		</class>
	</version>
	<version nr="1720" hash="26a089cd7" evolution="Same" change="Inconsistent">
		<class nclones="2">
			<source file="../../workspace/dataset/test/NestedJarFileResolverTest.java" startline="25" endline="48" function="setUp" hash="3166378614380334523"></source>
			<source file="../../workspace/dataset/test/NestedZipFileResolverTest.java" startline="34" endline="45" function="getResource" hash="8577920893853314421"></source>
		</class>
	</version>
	<version nr="1730" hash="65ee1307f" evolution="Same" change="Inconsistent">
		<class nclones="2">
			<source file="../../workspace/dataset/test/NestedZipFileResolverTest.java" startline="25" endline="48" function="setUp" hash="4040407682751230879"></source>
			<source file="../../workspace/dataset/test/NestedJarFileResolverTest.java" startline="25" endline="48" function="setUp" hash="3166378614380334523"></source>
		</class>
	</version>
	<version nr="1730" hash="65ee1307f" evolution="Same" change="Inconsistent">
		<class nclones="2">
			<source file="../../workspace/dataset/test/NestedJarFileResolverTest.java" startline="25" endline="48" function="setUp" hash="3166378614380334523"></source>
			<source file="../../workspace/dataset/test/NestedZipFileResolverTest.java" startline="34" endline="45" function="getResource" hash="8577920893853314421"></source>
		</class>
	</version>
	<version nr="1740" hash="d7e0117cb" evolution="Same" change="Inconsistent">
		<class nclones="2">
			<source file="../../workspace/dataset/test/NestedZipFileResolverTest.java" startline="25" endline="48" function="setUp" hash="4040407682751230879"></source>
			<source file="../../workspace/dataset/test/NestedJarFileResolverTest.java" startline="25" endline="48" function="setUp" hash="3166378614380334523"></source>
		</class>
	</version>
	<version nr="1740" hash="d7e0117cb" evolution="Same" change="Inconsistent">
		<class nclones="2">
			<source file="../../workspace/dataset/test/NestedJarFileResolverTest.java" startline="25" endline="48" function="setUp" hash="3166378614380334523"></source>
			<source file="../../workspace/dataset/test/NestedZipFileResolverTest.java" startline="34" endline="45" function="getResource" hash="8577920893853314421"></source>
		</class>
	</version>
	<version nr="1750" hash="57cbc081d" evolution="Same" change="Inconsistent">
		<class nclones="2">
			<source file="../../workspace/dataset/test/NestedZipFileResolverTest.java" startline="25" endline="48" function="setUp" hash="4040407682751230879"></source>
			<source file="../../workspace/dataset/test/NestedJarFileResolverTest.java" startline="25" endline="48" function="setUp" hash="3166378614380334523"></source>
		</class>
	</version>
	<version nr="1750" hash="57cbc081d" evolution="Same" change="Inconsistent">
		<class nclones="2">
			<source file="../../workspace/dataset/test/NestedJarFileResolverTest.java" startline="25" endline="48" function="setUp" hash="3166378614380334523"></source>
			<source file="../../workspace/dataset/test/NestedZipFileResolverTest.java" startline="34" endline="45" function="getResource" hash="8577920893853314421"></source>
		</class>
	</version>
	<version nr="1760" hash="4df0dbb81" evolution="Same" change="Inconsistent">
		<class nclones="2">
			<source file="../../workspace/dataset/test/NestedZipFileResolverTest.java" startline="25" endline="48" function="setUp" hash="4040407682751230879"></source>
			<source file="../../workspace/dataset/test/NestedJarFileResolverTest.java" startline="25" endline="48" function="setUp" hash="3166378614380334523"></source>
		</class>
	</version>
	<version nr="1760" hash="4df0dbb81" evolution="Same" change="Inconsistent">
		<class nclones="2">
			<source file="../../workspace/dataset/test/NestedJarFileResolverTest.java" startline="25" endline="48" function="setUp" hash="3166378614380334523"></source>
			<source file="../../workspace/dataset/test/NestedZipFileResolverTest.java" startline="34" endline="45" function="getResource" hash="8577920893853314421"></source>
		</class>
	</version>
	<version nr="1770" hash="a4d13b6e2" evolution="Same" change="Inconsistent">
		<class nclones="2">
			<source file="../../workspace/dataset/test/NestedZipFileResolverTest.java" startline="25" endline="48" function="setUp" hash="4040407682751230879"></source>
			<source file="../../workspace/dataset/test/NestedJarFileResolverTest.java" startline="25" endline="48" function="setUp" hash="3166378614380334523"></source>
		</class>
	</version>
	<version nr="1770" hash="a4d13b6e2" evolution="Same" change="Inconsistent">
		<class nclones="2">
			<source file="../../workspace/dataset/test/NestedJarFileResolverTest.java" startline="25" endline="48" function="setUp" hash="3166378614380334523"></source>
			<source file="../../workspace/dataset/test/NestedZipFileResolverTest.java" startline="34" endline="45" function="getResource" hash="8577920893853314421"></source>
		</class>
	</version>
	<version nr="1780" hash="b7569f744" evolution="Same" change="Inconsistent">
		<class nclones="2">
			<source file="../../workspace/dataset/test/NestedZipFileResolverTest.java" startline="25" endline="48" function="setUp" hash="4040407682751230879"></source>
			<source file="../../workspace/dataset/test/NestedJarFileResolverTest.java" startline="25" endline="48" function="setUp" hash="3166378614380334523"></source>
		</class>
	</version>
	<version nr="1780" hash="b7569f744" evolution="Same" change="Inconsistent">
		<class nclones="2">
			<source file="../../workspace/dataset/test/NestedJarFileResolverTest.java" startline="25" endline="48" function="setUp" hash="3166378614380334523"></source>
			<source file="../../workspace/dataset/test/NestedZipFileResolverTest.java" startline="34" endline="45" function="getResource" hash="8577920893853314421"></source>
		</class>
	</version>
	<version nr="1790" hash="40b663fdb" evolution="Same" change="Inconsistent">
		<class nclones="2">
			<source file="../../workspace/dataset/test/NestedZipFileResolverTest.java" startline="25" endline="48" function="setUp" hash="4040407682751230879"></source>
			<source file="../../workspace/dataset/test/NestedJarFileResolverTest.java" startline="25" endline="48" function="setUp" hash="3166378614380334523"></source>
		</class>
	</version>
	<version nr="1790" hash="40b663fdb" evolution="Same" change="Inconsistent">
		<class nclones="2">
			<source file="../../workspace/dataset/test/NestedJarFileResolverTest.java" startline="25" endline="48" function="setUp" hash="3166378614380334523"></source>
			<source file="../../workspace/dataset/test/NestedZipFileResolverTest.java" startline="34" endline="45" function="getResource" hash="8577920893853314421"></source>
		</class>
	</version>
	<version nr="1800" hash="91868e1f7" evolution="Same" change="Inconsistent">
		<class nclones="2">
			<source file="../../workspace/dataset/test/NestedZipFileResolverTest.java" startline="25" endline="48" function="setUp" hash="4040407682751230879"></source>
			<source file="../../workspace/dataset/test/NestedJarFileResolverTest.java" startline="25" endline="48" function="setUp" hash="3166378614380334523"></source>
		</class>
	</version>
	<version nr="1800" hash="91868e1f7" evolution="Same" change="Inconsistent">
		<class nclones="2">
			<source file="../../workspace/dataset/test/NestedJarFileResolverTest.java" startline="25" endline="48" function="setUp" hash="3166378614380334523"></source>
			<source file="../../workspace/dataset/test/NestedZipFileResolverTest.java" startline="34" endline="45" function="getResource" hash="8577920893853314421"></source>
		</class>
	</version>
	<version nr="1810" hash="5cb7da62c" evolution="Same" change="Inconsistent">
		<class nclones="2">
			<source file="../../workspace/dataset/test/NestedZipFileResolverTest.java" startline="25" endline="48" function="setUp" hash="4040407682751230879"></source>
			<source file="../../workspace/dataset/test/NestedJarFileResolverTest.java" startline="25" endline="48" function="setUp" hash="3166378614380334523"></source>
		</class>
	</version>
	<version nr="1810" hash="5cb7da62c" evolution="Same" change="Inconsistent">
		<class nclones="2">
			<source file="../../workspace/dataset/test/NestedJarFileResolverTest.java" startline="25" endline="48" function="setUp" hash="3166378614380334523"></source>
			<source file="../../workspace/dataset/test/NestedZipFileResolverTest.java" startline="34" endline="45" function="getResource" hash="8577920893853314421"></source>
		</class>
	</version>
	<version nr="1820" hash="0be6d53c6" evolution="Same" change="Inconsistent">
		<class nclones="2">
			<source file="../../workspace/dataset/test/NestedZipFileResolverTest.java" startline="25" endline="48" function="setUp" hash="4040407682751230879"></source>
			<source file="../../workspace/dataset/test/NestedJarFileResolverTest.java" startline="25" endline="48" function="setUp" hash="3166378614380334523"></source>
		</class>
	</version>
	<version nr="1820" hash="0be6d53c6" evolution="Same" change="Inconsistent">
		<class nclones="2">
			<source file="../../workspace/dataset/test/NestedJarFileResolverTest.java" startline="25" endline="48" function="setUp" hash="3166378614380334523"></source>
			<source file="../../workspace/dataset/test/NestedZipFileResolverTest.java" startline="34" endline="45" function="getResource" hash="8577920893853314421"></source>
		</class>
	</version>
	<version nr="1830" hash="10d536a16" evolution="Same" change="Inconsistent">
		<class nclones="2">
			<source file="../../workspace/dataset/test/NestedZipFileResolverTest.java" startline="25" endline="48" function="setUp" hash="4040407682751230879"></source>
			<source file="../../workspace/dataset/test/NestedJarFileResolverTest.java" startline="25" endline="48" function="setUp" hash="3166378614380334523"></source>
		</class>
	</version>
	<version nr="1830" hash="10d536a16" evolution="Same" change="Inconsistent">
		<class nclones="2">
			<source file="../../workspace/dataset/test/NestedJarFileResolverTest.java" startline="25" endline="48" function="setUp" hash="3166378614380334523"></source>
			<source file="../../workspace/dataset/test/NestedZipFileResolverTest.java" startline="34" endline="45" function="getResource" hash="8577920893853314421"></source>
		</class>
	</version>
	<version nr="1840" hash="688194599" evolution="Same" change="Inconsistent">
		<class nclones="2">
			<source file="../../workspace/dataset/test/NestedZipFileResolverTest.java" startline="25" endline="48" function="setUp" hash="4040407682751230879"></source>
			<source file="../../workspace/dataset/test/NestedJarFileResolverTest.java" startline="25" endline="48" function="setUp" hash="3166378614380334523"></source>
		</class>
	</version>
	<version nr="1840" hash="688194599" evolution="Same" change="Inconsistent">
		<class nclones="2">
			<source file="../../workspace/dataset/test/NestedJarFileResolverTest.java" startline="25" endline="48" function="setUp" hash="3166378614380334523"></source>
			<source file="../../workspace/dataset/test/NestedZipFileResolverTest.java" startline="34" endline="45" function="getResource" hash="8577920893853314421"></source>
		</class>
	</version>
	<version nr="1850" hash="35ed975c7" evolution="Same" change="Inconsistent">
		<class nclones="2">
			<source file="../../workspace/dataset/test/NestedZipFileResolverTest.java" startline="25" endline="48" function="setUp" hash="4040407682751230879"></source>
			<source file="../../workspace/dataset/test/NestedJarFileResolverTest.java" startline="25" endline="48" function="setUp" hash="3166378614380334523"></source>
		</class>
	</version>
	<version nr="1850" hash="35ed975c7" evolution="Same" change="Inconsistent">
		<class nclones="2">
			<source file="../../workspace/dataset/test/NestedJarFileResolverTest.java" startline="25" endline="48" function="setUp" hash="3166378614380334523"></source>
			<source file="../../workspace/dataset/test/NestedZipFileResolverTest.java" startline="34" endline="45" function="getResource" hash="8577920893853314421"></source>
		</class>
	</version>
	<version nr="1860" hash="cfa8a166d" evolution="Same" change="Inconsistent">
		<class nclones="2">
			<source file="../../workspace/dataset/test/NestedZipFileResolverTest.java" startline="25" endline="48" function="setUp" hash="4040407682751230879"></source>
			<source file="../../workspace/dataset/test/NestedJarFileResolverTest.java" startline="25" endline="48" function="setUp" hash="3166378614380334523"></source>
		</class>
	</version>
	<version nr="1860" hash="cfa8a166d" evolution="Same" change="Inconsistent">
		<class nclones="2">
			<source file="../../workspace/dataset/test/NestedJarFileResolverTest.java" startline="25" endline="48" function="setUp" hash="3166378614380334523"></source>
			<source file="../../workspace/dataset/test/NestedZipFileResolverTest.java" startline="34" endline="45" function="getResource" hash="8577920893853314421"></source>
		</class>
	</version>
	<version nr="1870" hash="276d6f96e" evolution="Same" change="Inconsistent">
		<class nclones="2">
			<source file="../../workspace/dataset/test/NestedZipFileResolverTest.java" startline="25" endline="48" function="setUp" hash="4040407682751230879"></source>
			<source file="../../workspace/dataset/test/NestedJarFileResolverTest.java" startline="25" endline="48" function="setUp" hash="3166378614380334523"></source>
		</class>
	</version>
	<version nr="1870" hash="276d6f96e" evolution="Same" change="Inconsistent">
		<class nclones="2">
			<source file="../../workspace/dataset/test/NestedJarFileResolverTest.java" startline="25" endline="48" function="setUp" hash="3166378614380334523"></source>
			<source file="../../workspace/dataset/test/NestedZipFileResolverTest.java" startline="34" endline="45" function="getResource" hash="8577920893853314421"></source>
		</class>
	</version>
	<version nr="1880" hash="cbbbfc1a5" evolution="Same" change="Inconsistent">
		<class nclones="2">
			<source file="../../workspace/dataset/test/NestedZipFileResolverTest.java" startline="25" endline="48" function="setUp" hash="4040407682751230879"></source>
			<source file="../../workspace/dataset/test/NestedJarFileResolverTest.java" startline="25" endline="48" function="setUp" hash="3166378614380334523"></source>
		</class>
	</version>
	<version nr="1880" hash="cbbbfc1a5" evolution="Same" change="Inconsistent">
		<class nclones="2">
			<source file="../../workspace/dataset/test/NestedJarFileResolverTest.java" startline="25" endline="48" function="setUp" hash="3166378614380334523"></source>
			<source file="../../workspace/dataset/test/NestedZipFileResolverTest.java" startline="34" endline="45" function="getResource" hash="8577920893853314421"></source>
		</class>
	</version>
	<version nr="1890" hash="29246ee2f" evolution="Same" change="Inconsistent">
		<class nclones="2">
			<source file="../../workspace/dataset/test/NestedZipFileResolverTest.java" startline="27" endline="50" function="setUp" hash="4040407682751230879"></source>
			<source file="../../workspace/dataset/test/NestedJarFileResolverTest.java" startline="27" endline="50" function="setUp" hash="3166378614380334523"></source>
		</class>
	</version>
	<version nr="1890" hash="29246ee2f" evolution="Same" change="Inconsistent">
		<class nclones="2">
			<source file="../../workspace/dataset/test/NestedJarFileResolverTest.java" startline="27" endline="50" function="setUp" hash="3166378614380334523"></source>
			<source file="../../workspace/dataset/test/NestedZipFileResolverTest.java" startline="36" endline="47" function="getResource" hash="8577920893853314421"></source>
		</class>
	</version>
	<version nr="1900" hash="74c4419fa" evolution="Same" change="Inconsistent">
		<class nclones="2">
			<source file="../../workspace/dataset/test/NestedZipFileResolverTest.java" startline="27" endline="50" function="setUp" hash="4040407682751230879"></source>
			<source file="../../workspace/dataset/test/NestedJarFileResolverTest.java" startline="27" endline="50" function="setUp" hash="3166378614380334523"></source>
		</class>
	</version>
	<version nr="1900" hash="74c4419fa" evolution="Same" change="Inconsistent">
		<class nclones="2">
			<source file="../../workspace/dataset/test/NestedJarFileResolverTest.java" startline="27" endline="50" function="setUp" hash="3166378614380334523"></source>
			<source file="../../workspace/dataset/test/NestedZipFileResolverTest.java" startline="36" endline="47" function="getResource" hash="8577920893853314421"></source>
		</class>
	</version>
	<version nr="1910" hash="8e3941ea0" evolution="Same" change="Inconsistent">
		<class nclones="2">
			<source file="../../workspace/dataset/test/NestedZipFileResolverTest.java" startline="27" endline="50" function="setUp" hash="4040407682751230879"></source>
			<source file="../../workspace/dataset/test/NestedJarFileResolverTest.java" startline="27" endline="50" function="setUp" hash="3166378614380334523"></source>
		</class>
	</version>
	<version nr="1910" hash="8e3941ea0" evolution="Same" change="Inconsistent">
		<class nclones="2">
			<source file="../../workspace/dataset/test/NestedJarFileResolverTest.java" startline="27" endline="50" function="setUp" hash="3166378614380334523"></source>
			<source file="../../workspace/dataset/test/NestedZipFileResolverTest.java" startline="36" endline="47" function="getResource" hash="8577920893853314421"></source>
		</class>
	</version>
	<version nr="1920" hash="7b08c5e4c" evolution="Same" change="Inconsistent">
		<class nclones="2">
			<source file="../../workspace/dataset/test/NestedZipFileResolverTest.java" startline="27" endline="50" function="setUp" hash="4040407682751230879"></source>
			<source file="../../workspace/dataset/test/NestedJarFileResolverTest.java" startline="27" endline="50" function="setUp" hash="3166378614380334523"></source>
		</class>
	</version>
	<version nr="1920" hash="7b08c5e4c" evolution="Same" change="Inconsistent">
		<class nclones="2">
			<source file="../../workspace/dataset/test/NestedJarFileResolverTest.java" startline="27" endline="50" function="setUp" hash="3166378614380334523"></source>
			<source file="../../workspace/dataset/test/NestedZipFileResolverTest.java" startline="36" endline="47" function="getResource" hash="8577920893853314421"></source>
		</class>
	</version>
	<version nr="1930" hash="818412898" evolution="Same" change="Inconsistent">
		<class nclones="2">
			<source file="../../workspace/dataset/test/NestedZipFileResolverTest.java" startline="27" endline="50" function="setUp" hash="4040407682751230879"></source>
			<source file="../../workspace/dataset/test/NestedJarFileResolverTest.java" startline="27" endline="50" function="setUp" hash="3166378614380334523"></source>
		</class>
	</version>
	<version nr="1930" hash="818412898" evolution="Same" change="Inconsistent">
		<class nclones="2">
			<source file="../../workspace/dataset/test/NestedJarFileResolverTest.java" startline="27" endline="50" function="setUp" hash="3166378614380334523"></source>
			<source file="../../workspace/dataset/test/NestedZipFileResolverTest.java" startline="36" endline="47" function="getResource" hash="8577920893853314421"></source>
		</class>
	</version>
	<version nr="1940" hash="e09b2b1ee" evolution="Same" change="Inconsistent">
		<class nclones="2">
			<source file="../../workspace/dataset/test/NestedZipFileResolverTest.java" startline="27" endline="50" function="setUp" hash="4040407682751230879"></source>
			<source file="../../workspace/dataset/test/NestedJarFileResolverTest.java" startline="27" endline="50" function="setUp" hash="3166378614380334523"></source>
		</class>
	</version>
	<version nr="1940" hash="e09b2b1ee" evolution="Same" change="Inconsistent">
		<class nclones="2">
			<source file="../../workspace/dataset/test/NestedJarFileResolverTest.java" startline="27" endline="50" function="setUp" hash="3166378614380334523"></source>
			<source file="../../workspace/dataset/test/NestedZipFileResolverTest.java" startline="36" endline="47" function="getResource" hash="8577920893853314421"></source>
		</class>
	</version>
	<version nr="1950" hash="45656889c" evolution="Same" change="Inconsistent">
		<class nclones="2">
			<source file="../../workspace/dataset/test/NestedZipFileResolverTest.java" startline="27" endline="50" function="setUp" hash="4040407682751230879"></source>
			<source file="../../workspace/dataset/test/NestedJarFileResolverTest.java" startline="27" endline="50" function="setUp" hash="3166378614380334523"></source>
		</class>
	</version>
	<version nr="1950" hash="45656889c" evolution="Same" change="Inconsistent">
		<class nclones="2">
			<source file="../../workspace/dataset/test/NestedJarFileResolverTest.java" startline="27" endline="50" function="setUp" hash="3166378614380334523"></source>
			<source file="../../workspace/dataset/test/NestedZipFileResolverTest.java" startline="36" endline="47" function="getResource" hash="8577920893853314421"></source>
		</class>
	</version>
	<version nr="1960" hash="9ce7b1dbb" evolution="Same" change="Inconsistent">
		<class nclones="2">
			<source file="../../workspace/dataset/test/NestedZipFileResolverTest.java" startline="27" endline="50" function="setUp" hash="4040407682751230879"></source>
			<source file="../../workspace/dataset/test/NestedJarFileResolverTest.java" startline="27" endline="50" function="setUp" hash="3166378614380334523"></source>
		</class>
	</version>
	<version nr="1960" hash="9ce7b1dbb" evolution="Same" change="Inconsistent">
		<class nclones="2">
			<source file="../../workspace/dataset/test/NestedJarFileResolverTest.java" startline="27" endline="50" function="setUp" hash="3166378614380334523"></source>
			<source file="../../workspace/dataset/test/NestedZipFileResolverTest.java" startline="36" endline="47" function="getResource" hash="8577920893853314421"></source>
		</class>
	</version>
	<version nr="1970" hash="dc599baad" evolution="Same" change="Inconsistent">
		<class nclones="2">
			<source file="../../workspace/dataset/test/NestedZipFileResolverTest.java" startline="27" endline="50" function="setUp" hash="4040407682751230879"></source>
			<source file="../../workspace/dataset/test/NestedJarFileResolverTest.java" startline="27" endline="50" function="setUp" hash="3166378614380334523"></source>
		</class>
	</version>
	<version nr="1970" hash="dc599baad" evolution="Same" change="Inconsistent">
		<class nclones="2">
			<source file="../../workspace/dataset/test/NestedJarFileResolverTest.java" startline="27" endline="50" function="setUp" hash="3166378614380334523"></source>
			<source file="../../workspace/dataset/test/NestedZipFileResolverTest.java" startline="36" endline="47" function="getResource" hash="8577920893853314421"></source>
		</class>
	</version>
	<version nr="1980" hash="7b59ea245" evolution="Same" change="Inconsistent">
		<class nclones="2">
			<source file="../../workspace/dataset/test/NestedZipFileResolverTest.java" startline="27" endline="50" function="setUp" hash="4040407682751230879"></source>
			<source file="../../workspace/dataset/test/NestedJarFileResolverTest.java" startline="27" endline="50" function="setUp" hash="3166378614380334523"></source>
		</class>
	</version>
	<version nr="1980" hash="7b59ea245" evolution="Same" change="Inconsistent">
		<class nclones="2">
			<source file="../../workspace/dataset/test/NestedJarFileResolverTest.java" startline="27" endline="50" function="setUp" hash="3166378614380334523"></source>
			<source file="../../workspace/dataset/test/NestedZipFileResolverTest.java" startline="36" endline="47" function="getResource" hash="8577920893853314421"></source>
		</class>
	</version>
	<version nr="1990" hash="b653fdb91" evolution="Same" change="Inconsistent">
		<class nclones="2">
			<source file="../../workspace/dataset/test/NestedZipFileResolverTest.java" startline="27" endline="50" function="setUp" hash="4040407682751230879"></source>
			<source file="../../workspace/dataset/test/NestedJarFileResolverTest.java" startline="27" endline="50" function="setUp" hash="3166378614380334523"></source>
		</class>
	</version>
	<version nr="1990" hash="b653fdb91" evolution="Same" change="Inconsistent">
		<class nclones="2">
			<source file="../../workspace/dataset/test/NestedJarFileResolverTest.java" startline="27" endline="50" function="setUp" hash="3166378614380334523"></source>
			<source file="../../workspace/dataset/test/NestedZipFileResolverTest.java" startline="36" endline="47" function="getResource" hash="8577920893853314421"></source>
		</class>
	</version>
	<version nr="2000" hash="25d1f3c3f" evolution="Same" change="Inconsistent">
		<class nclones="2">
			<source file="../../workspace/dataset/test/NestedZipFileResolverTest.java" startline="27" endline="50" function="setUp" hash="4040407682751230879"></source>
			<source file="../../workspace/dataset/test/NestedJarFileResolverTest.java" startline="27" endline="50" function="setUp" hash="3166378614380334523"></source>
		</class>
	</version>
	<version nr="2000" hash="25d1f3c3f" evolution="Same" change="Inconsistent">
		<class nclones="2">
			<source file="../../workspace/dataset/test/NestedJarFileResolverTest.java" startline="27" endline="50" function="setUp" hash="3166378614380334523"></source>
			<source file="../../workspace/dataset/test/NestedZipFileResolverTest.java" startline="36" endline="47" function="getResource" hash="8577920893853314421"></source>
		</class>
	</version>
	<version nr="2010" hash="c7f27f370" evolution="Same" change="Inconsistent">
		<class nclones="2">
			<source file="../../workspace/dataset/test/NestedZipFileResolverTest.java" startline="27" endline="50" function="setUp" hash="4040407682751230879"></source>
			<source file="../../workspace/dataset/test/NestedJarFileResolverTest.java" startline="27" endline="50" function="setUp" hash="3166378614380334523"></source>
		</class>
	</version>
	<version nr="2010" hash="c7f27f370" evolution="Same" change="Inconsistent">
		<class nclones="2">
			<source file="../../workspace/dataset/test/NestedJarFileResolverTest.java" startline="27" endline="50" function="setUp" hash="3166378614380334523"></source>
			<source file="../../workspace/dataset/test/NestedZipFileResolverTest.java" startline="36" endline="47" function="getResource" hash="8577920893853314421"></source>
		</class>
	</version>
	<version nr="2020" hash="f68ae1517" evolution="Same" change="Inconsistent">
		<class nclones="2">
			<source file="../../workspace/dataset/test/NestedZipFileResolverTest.java" startline="27" endline="50" function="setUp" hash="4040407682751230879"></source>
			<source file="../../workspace/dataset/test/NestedJarFileResolverTest.java" startline="27" endline="50" function="setUp" hash="3166378614380334523"></source>
		</class>
	</version>
	<version nr="2020" hash="f68ae1517" evolution="Same" change="Inconsistent">
		<class nclones="2">
			<source file="../../workspace/dataset/test/NestedJarFileResolverTest.java" startline="27" endline="50" function="setUp" hash="3166378614380334523"></source>
			<source file="../../workspace/dataset/test/NestedZipFileResolverTest.java" startline="36" endline="47" function="getResource" hash="8577920893853314421"></source>
		</class>
	</version>
	<version nr="2030" hash="10c6f90d8" evolution="Same" change="Inconsistent">
		<class nclones="2">
			<source file="../../workspace/dataset/test/NestedZipFileResolverTest.java" startline="27" endline="50" function="setUp" hash="4040407682751230879"></source>
			<source file="../../workspace/dataset/test/NestedJarFileResolverTest.java" startline="27" endline="50" function="setUp" hash="3166378614380334523"></source>
		</class>
	</version>
	<version nr="2030" hash="10c6f90d8" evolution="Same" change="Inconsistent">
		<class nclones="2">
			<source file="../../workspace/dataset/test/NestedJarFileResolverTest.java" startline="27" endline="50" function="setUp" hash="3166378614380334523"></source>
			<source file="../../workspace/dataset/test/NestedZipFileResolverTest.java" startline="36" endline="47" function="getResource" hash="8577920893853314421"></source>
		</class>
	</version>
	<version nr="2040" hash="299d4b2ac" evolution="Same" change="Inconsistent">
		<class nclones="2">
			<source file="../../workspace/dataset/test/NestedZipFileResolverTest.java" startline="27" endline="50" function="setUp" hash="4040407682751230879"></source>
			<source file="../../workspace/dataset/test/NestedJarFileResolverTest.java" startline="27" endline="50" function="setUp" hash="3166378614380334523"></source>
		</class>
	</version>
	<version nr="2040" hash="299d4b2ac" evolution="Same" change="Inconsistent">
		<class nclones="2">
			<source file="../../workspace/dataset/test/NestedJarFileResolverTest.java" startline="27" endline="50" function="setUp" hash="3166378614380334523"></source>
			<source file="../../workspace/dataset/test/NestedZipFileResolverTest.java" startline="36" endline="47" function="getResource" hash="8577920893853314421"></source>
		</class>
	</version>
	<version nr="2050" hash="5caeb8ae5" evolution="Same" change="Inconsistent">
		<class nclones="2">
			<source file="../../workspace/dataset/test/NestedZipFileResolverTest.java" startline="27" endline="50" function="setUp" hash="4040407682751230879"></source>
			<source file="../../workspace/dataset/test/NestedJarFileResolverTest.java" startline="27" endline="50" function="setUp" hash="3166378614380334523"></source>
		</class>
	</version>
	<version nr="2050" hash="5caeb8ae5" evolution="Same" change="Inconsistent">
		<class nclones="2">
			<source file="../../workspace/dataset/test/NestedJarFileResolverTest.java" startline="27" endline="50" function="setUp" hash="3166378614380334523"></source>
			<source file="../../workspace/dataset/test/NestedZipFileResolverTest.java" startline="36" endline="47" function="getResource" hash="8577920893853314421"></source>
		</class>
	</version>
	<version nr="2060" hash="5d69975ec" evolution="Same" change="Inconsistent">
		<class nclones="2">
			<source file="../../workspace/dataset/test/NestedZipFileResolverTest.java" startline="27" endline="50" function="setUp" hash="4040407682751230879"></source>
			<source file="../../workspace/dataset/test/NestedJarFileResolverTest.java" startline="27" endline="50" function="setUp" hash="3166378614380334523"></source>
		</class>
	</version>
	<version nr="2060" hash="5d69975ec" evolution="Same" change="Inconsistent">
		<class nclones="2">
			<source file="../../workspace/dataset/test/NestedJarFileResolverTest.java" startline="27" endline="50" function="setUp" hash="3166378614380334523"></source>
			<source file="../../workspace/dataset/test/NestedZipFileResolverTest.java" startline="36" endline="47" function="getResource" hash="8577920893853314421"></source>
		</class>
	</version>
	<version nr="2070" hash="4beefd59b" evolution="Same" change="Inconsistent">
		<class nclones="2">
			<source file="../../workspace/dataset/test/NestedZipFileResolverTest.java" startline="27" endline="50" function="setUp" hash="4040407682751230879"></source>
			<source file="../../workspace/dataset/test/NestedJarFileResolverTest.java" startline="27" endline="50" function="setUp" hash="3166378614380334523"></source>
		</class>
	</version>
	<version nr="2070" hash="4beefd59b" evolution="Same" change="Inconsistent">
		<class nclones="2">
			<source file="../../workspace/dataset/test/NestedJarFileResolverTest.java" startline="27" endline="50" function="setUp" hash="3166378614380334523"></source>
			<source file="../../workspace/dataset/test/NestedZipFileResolverTest.java" startline="36" endline="47" function="getResource" hash="8577920893853314421"></source>
		</class>
	</version>
	<version nr="2080" hash="14fb13b32" evolution="Same" change="Inconsistent">
		<class nclones="2">
			<source file="../../workspace/dataset/test/NestedZipFileResolverTest.java" startline="27" endline="50" function="setUp" hash="4040407682751230879"></source>
			<source file="../../workspace/dataset/test/NestedJarFileResolverTest.java" startline="27" endline="50" function="setUp" hash="3166378614380334523"></source>
		</class>
	</version>
	<version nr="2080" hash="14fb13b32" evolution="Same" change="Inconsistent">
		<class nclones="2">
			<source file="../../workspace/dataset/test/NestedJarFileResolverTest.java" startline="27" endline="50" function="setUp" hash="3166378614380334523"></source>
			<source file="../../workspace/dataset/test/NestedZipFileResolverTest.java" startline="36" endline="47" function="getResource" hash="8577920893853314421"></source>
		</class>
	</version>
	<version nr="2090" hash="fd7bf15f3" evolution="Same" change="Inconsistent">
		<class nclones="2">
			<source file="../../workspace/dataset/test/NestedZipFileResolverTest.java" startline="27" endline="50" function="setUp" hash="4040407682751230879"></source>
			<source file="../../workspace/dataset/test/NestedJarFileResolverTest.java" startline="27" endline="50" function="setUp" hash="3166378614380334523"></source>
		</class>
	</version>
	<version nr="2090" hash="fd7bf15f3" evolution="Same" change="Inconsistent">
		<class nclones="2">
			<source file="../../workspace/dataset/test/NestedJarFileResolverTest.java" startline="27" endline="50" function="setUp" hash="3166378614380334523"></source>
			<source file="../../workspace/dataset/test/NestedZipFileResolverTest.java" startline="36" endline="47" function="getResource" hash="8577920893853314421"></source>
		</class>
	</version>
	<version nr="2100" hash="cc760e74f" evolution="Same" change="Inconsistent">
		<class nclones="2">
			<source file="../../workspace/dataset/test/NestedZipFileResolverTest.java" startline="27" endline="50" function="setUp" hash="4040407682751230879"></source>
			<source file="../../workspace/dataset/test/NestedJarFileResolverTest.java" startline="27" endline="50" function="setUp" hash="3166378614380334523"></source>
		</class>
	</version>
	<version nr="2100" hash="cc760e74f" evolution="Same" change="Inconsistent">
		<class nclones="2">
			<source file="../../workspace/dataset/test/NestedJarFileResolverTest.java" startline="27" endline="50" function="setUp" hash="3166378614380334523"></source>
			<source file="../../workspace/dataset/test/NestedZipFileResolverTest.java" startline="36" endline="47" function="getResource" hash="8577920893853314421"></source>
		</class>
	</version>
	<version nr="2110" hash="8b8e4c56e" evolution="Same" change="Inconsistent">
		<class nclones="2">
			<source file="../../workspace/dataset/test/NestedZipFileResolverTest.java" startline="27" endline="50" function="setUp" hash="4040407682751230879"></source>
			<source file="../../workspace/dataset/test/NestedJarFileResolverTest.java" startline="27" endline="50" function="setUp" hash="3166378614380334523"></source>
		</class>
	</version>
	<version nr="2110" hash="8b8e4c56e" evolution="Same" change="Inconsistent">
		<class nclones="2">
			<source file="../../workspace/dataset/test/NestedJarFileResolverTest.java" startline="27" endline="50" function="setUp" hash="3166378614380334523"></source>
			<source file="../../workspace/dataset/test/NestedZipFileResolverTest.java" startline="36" endline="47" function="getResource" hash="8577920893853314421"></source>
		</class>
	</version>
	<version nr="2120" hash="0c366c301" evolution="Same" change="Inconsistent">
		<class nclones="2">
			<source file="../../workspace/dataset/test/NestedZipFileResolverTest.java" startline="27" endline="50" function="setUp" hash="4040407682751230879"></source>
			<source file="../../workspace/dataset/test/NestedJarFileResolverTest.java" startline="27" endline="50" function="setUp" hash="3166378614380334523"></source>
		</class>
	</version>
	<version nr="2120" hash="0c366c301" evolution="Same" change="Inconsistent">
		<class nclones="2">
			<source file="../../workspace/dataset/test/NestedJarFileResolverTest.java" startline="27" endline="50" function="setUp" hash="3166378614380334523"></source>
			<source file="../../workspace/dataset/test/NestedZipFileResolverTest.java" startline="36" endline="47" function="getResource" hash="8577920893853314421"></source>
		</class>
	</version>
	<version nr="2130" hash="d4e4c7ae0" evolution="Same" change="Inconsistent">
		<class nclones="2">
			<source file="../../workspace/dataset/test/NestedZipFileResolverTest.java" startline="27" endline="50" function="setUp" hash="4040407682751230879"></source>
			<source file="../../workspace/dataset/test/NestedJarFileResolverTest.java" startline="27" endline="50" function="setUp" hash="3166378614380334523"></source>
		</class>
	</version>
	<version nr="2130" hash="d4e4c7ae0" evolution="Same" change="Inconsistent">
		<class nclones="2">
			<source file="../../workspace/dataset/test/NestedJarFileResolverTest.java" startline="27" endline="50" function="setUp" hash="3166378614380334523"></source>
			<source file="../../workspace/dataset/test/NestedZipFileResolverTest.java" startline="36" endline="47" function="getResource" hash="8577920893853314421"></source>
		</class>
	</version>
	<version nr="2140" hash="3c9344487" evolution="Same" change="Inconsistent">
		<class nclones="2">
			<source file="../../workspace/dataset/test/NestedZipFileResolverTest.java" startline="27" endline="50" function="setUp" hash="4040407682751230879"></source>
			<source file="../../workspace/dataset/test/NestedJarFileResolverTest.java" startline="27" endline="50" function="setUp" hash="3166378614380334523"></source>
		</class>
	</version>
	<version nr="2140" hash="3c9344487" evolution="Same" change="Inconsistent">
		<class nclones="2">
			<source file="../../workspace/dataset/test/NestedJarFileResolverTest.java" startline="27" endline="50" function="setUp" hash="3166378614380334523"></source>
			<source file="../../workspace/dataset/test/NestedZipFileResolverTest.java" startline="36" endline="47" function="getResource" hash="8577920893853314421"></source>
		</class>
	</version>
	<version nr="2150" hash="fdac68438" evolution="Same" change="Inconsistent">
		<class nclones="2">
			<source file="../../workspace/dataset/test/NestedZipFileResolverTest.java" startline="27" endline="50" function="setUp" hash="4040407682751230879"></source>
			<source file="../../workspace/dataset/test/NestedJarFileResolverTest.java" startline="27" endline="50" function="setUp" hash="3166378614380334523"></source>
		</class>
	</version>
	<version nr="2150" hash="fdac68438" evolution="Same" change="Inconsistent">
		<class nclones="2">
			<source file="../../workspace/dataset/test/NestedJarFileResolverTest.java" startline="27" endline="50" function="setUp" hash="3166378614380334523"></source>
			<source file="../../workspace/dataset/test/NestedZipFileResolverTest.java" startline="36" endline="47" function="getResource" hash="8577920893853314421"></source>
		</class>
	</version>
	<version nr="2160" hash="eacdfab1d" evolution="Same" change="Inconsistent">
		<class nclones="2">
			<source file="../../workspace/dataset/test/NestedZipFileResolverTest.java" startline="27" endline="50" function="setUp" hash="4040407682751230879"></source>
			<source file="../../workspace/dataset/test/NestedJarFileResolverTest.java" startline="27" endline="50" function="setUp" hash="3166378614380334523"></source>
		</class>
	</version>
	<version nr="2160" hash="eacdfab1d" evolution="Same" change="Inconsistent">
		<class nclones="2">
			<source file="../../workspace/dataset/test/NestedJarFileResolverTest.java" startline="27" endline="50" function="setUp" hash="3166378614380334523"></source>
			<source file="../../workspace/dataset/test/NestedZipFileResolverTest.java" startline="36" endline="47" function="getResource" hash="8577920893853314421"></source>
		</class>
	</version>
	<version nr="2170" hash="27ad7bde6" evolution="Same" change="Inconsistent">
		<class nclones="2">
			<source file="../../workspace/dataset/test/NestedZipFileResolverTest.java" startline="27" endline="50" function="setUp" hash="4040407682751230879"></source>
			<source file="../../workspace/dataset/test/NestedJarFileResolverTest.java" startline="27" endline="50" function="setUp" hash="3166378614380334523"></source>
		</class>
	</version>
	<version nr="2170" hash="27ad7bde6" evolution="Same" change="Inconsistent">
		<class nclones="2">
			<source file="../../workspace/dataset/test/NestedJarFileResolverTest.java" startline="27" endline="50" function="setUp" hash="3166378614380334523"></source>
			<source file="../../workspace/dataset/test/NestedZipFileResolverTest.java" startline="36" endline="47" function="getResource" hash="8577920893853314421"></source>
		</class>
	</version>
	<version nr="2180" hash="f13add901" evolution="Same" change="Inconsistent">
		<class nclones="2">
			<source file="../../workspace/dataset/test/NestedZipFileResolverTest.java" startline="27" endline="50" function="setUp" hash="4040407682751230879"></source>
			<source file="../../workspace/dataset/test/NestedJarFileResolverTest.java" startline="27" endline="50" function="setUp" hash="3166378614380334523"></source>
		</class>
	</version>
	<version nr="2180" hash="f13add901" evolution="Same" change="Inconsistent">
		<class nclones="2">
			<source file="../../workspace/dataset/test/NestedJarFileResolverTest.java" startline="27" endline="50" function="setUp" hash="3166378614380334523"></source>
			<source file="../../workspace/dataset/test/NestedZipFileResolverTest.java" startline="36" endline="47" function="getResource" hash="8577920893853314421"></source>
		</class>
	</version>
	<version nr="2190" hash="772a1af30" evolution="Same" change="Inconsistent">
		<class nclones="2">
			<source file="../../workspace/dataset/test/NestedZipFileResolverTest.java" startline="27" endline="50" function="setUp" hash="4040407682751230879"></source>
			<source file="../../workspace/dataset/test/NestedJarFileResolverTest.java" startline="27" endline="50" function="setUp" hash="3166378614380334523"></source>
		</class>
	</version>
	<version nr="2190" hash="772a1af30" evolution="Same" change="Inconsistent">
		<class nclones="2">
			<source file="../../workspace/dataset/test/NestedJarFileResolverTest.java" startline="27" endline="50" function="setUp" hash="3166378614380334523"></source>
			<source file="../../workspace/dataset/test/NestedZipFileResolverTest.java" startline="36" endline="47" function="getResource" hash="8577920893853314421"></source>
		</class>
	</version>
	<version nr="2200" hash="c5f7a2622" evolution="Same" change="Inconsistent">
		<class nclones="2">
			<source file="../../workspace/dataset/test/NestedZipFileResolverTest.java" startline="27" endline="50" function="setUp" hash="4040407682751230879"></source>
			<source file="../../workspace/dataset/test/NestedJarFileResolverTest.java" startline="27" endline="50" function="setUp" hash="3166378614380334523"></source>
		</class>
	</version>
	<version nr="2200" hash="c5f7a2622" evolution="Same" change="Inconsistent">
		<class nclones="2">
			<source file="../../workspace/dataset/test/NestedJarFileResolverTest.java" startline="27" endline="50" function="setUp" hash="3166378614380334523"></source>
			<source file="../../workspace/dataset/test/NestedZipFileResolverTest.java" startline="36" endline="47" function="getResource" hash="8577920893853314421"></source>
		</class>
	</version>
	<version nr="2210" hash="fe557219e" evolution="Same" change="Inconsistent">
		<class nclones="2">
			<source file="../../workspace/dataset/test/NestedZipFileResolverTest.java" startline="27" endline="50" function="setUp" hash="4040407682751230879"></source>
			<source file="../../workspace/dataset/test/NestedJarFileResolverTest.java" startline="27" endline="50" function="setUp" hash="3166378614380334523"></source>
		</class>
	</version>
	<version nr="2210" hash="fe557219e" evolution="Same" change="Inconsistent">
		<class nclones="2">
			<source file="../../workspace/dataset/test/NestedJarFileResolverTest.java" startline="27" endline="50" function="setUp" hash="3166378614380334523"></source>
			<source file="../../workspace/dataset/test/NestedZipFileResolverTest.java" startline="36" endline="47" function="getResource" hash="8577920893853314421"></source>
		</class>
	</version>
	<version nr="2220" hash="c592b7eb7" evolution="Same" change="Inconsistent">
		<class nclones="2">
			<source file="../../workspace/dataset/test/NestedZipFileResolverTest.java" startline="27" endline="50" function="setUp" hash="4040407682751230879"></source>
			<source file="../../workspace/dataset/test/NestedJarFileResolverTest.java" startline="27" endline="50" function="setUp" hash="3166378614380334523"></source>
		</class>
	</version>
	<version nr="2220" hash="c592b7eb7" evolution="Same" change="Inconsistent">
		<class nclones="2">
			<source file="../../workspace/dataset/test/NestedJarFileResolverTest.java" startline="27" endline="50" function="setUp" hash="3166378614380334523"></source>
			<source file="../../workspace/dataset/test/NestedZipFileResolverTest.java" startline="36" endline="47" function="getResource" hash="8577920893853314421"></source>
		</class>
	</version>
	<version nr="2230" hash="d97c6ccad" evolution="Same" change="Inconsistent">
		<class nclones="2">
			<source file="../../workspace/dataset/test/NestedZipFileResolverTest.java" startline="27" endline="50" function="setUp" hash="4040407682751230879"></source>
			<source file="../../workspace/dataset/test/NestedJarFileResolverTest.java" startline="27" endline="50" function="setUp" hash="3166378614380334523"></source>
		</class>
	</version>
	<version nr="2230" hash="d97c6ccad" evolution="Same" change="Inconsistent">
		<class nclones="2">
			<source file="../../workspace/dataset/test/NestedJarFileResolverTest.java" startline="27" endline="50" function="setUp" hash="3166378614380334523"></source>
			<source file="../../workspace/dataset/test/NestedZipFileResolverTest.java" startline="36" endline="47" function="getResource" hash="8577920893853314421"></source>
		</class>
	</version>
	<version nr="2240" hash="733c1e097" evolution="Same" change="Inconsistent">
		<class nclones="2">
			<source file="../../workspace/dataset/test/NestedZipFileResolverTest.java" startline="27" endline="50" function="setUp" hash="4040407682751230879"></source>
			<source file="../../workspace/dataset/test/NestedJarFileResolverTest.java" startline="27" endline="50" function="setUp" hash="3166378614380334523"></source>
		</class>
	</version>
	<version nr="2240" hash="733c1e097" evolution="Same" change="Inconsistent">
		<class nclones="2">
			<source file="../../workspace/dataset/test/NestedJarFileResolverTest.java" startline="27" endline="50" function="setUp" hash="3166378614380334523"></source>
			<source file="../../workspace/dataset/test/NestedZipFileResolverTest.java" startline="36" endline="47" function="getResource" hash="8577920893853314421"></source>
		</class>
	</version>
	<version nr="2250" hash="7dcfa8c80" evolution="Same" change="Inconsistent">
		<class nclones="2">
			<source file="../../workspace/dataset/test/NestedZipFileResolverTest.java" startline="27" endline="50" function="setUp" hash="4040407682751230879"></source>
			<source file="../../workspace/dataset/test/NestedJarFileResolverTest.java" startline="27" endline="50" function="setUp" hash="3166378614380334523"></source>
		</class>
	</version>
	<version nr="2250" hash="7dcfa8c80" evolution="Same" change="Inconsistent">
		<class nclones="2">
			<source file="../../workspace/dataset/test/NestedJarFileResolverTest.java" startline="27" endline="50" function="setUp" hash="3166378614380334523"></source>
			<source file="../../workspace/dataset/test/NestedZipFileResolverTest.java" startline="36" endline="47" function="getResource" hash="8577920893853314421"></source>
		</class>
	</version>
	<version nr="2260" hash="77e925b68" evolution="Same" change="Inconsistent">
		<class nclones="2">
			<source file="../../workspace/dataset/test/NestedZipFileResolverTest.java" startline="27" endline="50" function="setUp" hash="4040407682751230879"></source>
			<source file="../../workspace/dataset/test/NestedJarFileResolverTest.java" startline="27" endline="50" function="setUp" hash="3166378614380334523"></source>
		</class>
	</version>
	<version nr="2260" hash="77e925b68" evolution="Same" change="Inconsistent">
		<class nclones="2">
			<source file="../../workspace/dataset/test/NestedJarFileResolverTest.java" startline="27" endline="50" function="setUp" hash="3166378614380334523"></source>
			<source file="../../workspace/dataset/test/NestedZipFileResolverTest.java" startline="36" endline="47" function="getResource" hash="8577920893853314421"></source>
		</class>
	</version>
	<version nr="2270" hash="a0da1387d" evolution="Same" change="Inconsistent">
		<class nclones="2">
			<source file="../../workspace/dataset/test/NestedZipFileResolverTest.java" startline="27" endline="50" function="setUp" hash="4040407682751230879"></source>
			<source file="../../workspace/dataset/test/NestedJarFileResolverTest.java" startline="27" endline="50" function="setUp" hash="3166378614380334523"></source>
		</class>
	</version>
	<version nr="2270" hash="a0da1387d" evolution="Same" change="Inconsistent">
		<class nclones="2">
			<source file="../../workspace/dataset/test/NestedJarFileResolverTest.java" startline="27" endline="50" function="setUp" hash="3166378614380334523"></source>
			<source file="../../workspace/dataset/test/NestedZipFileResolverTest.java" startline="36" endline="47" function="getResource" hash="8577920893853314421"></source>
		</class>
	</version>
	<version nr="2280" hash="8374efd9e" evolution="Same" change="Inconsistent">
		<class nclones="2">
			<source file="../../workspace/dataset/test/NestedZipFileResolverTest.java" startline="27" endline="50" function="setUp" hash="4040407682751230879"></source>
			<source file="../../workspace/dataset/test/NestedJarFileResolverTest.java" startline="27" endline="50" function="setUp" hash="3166378614380334523"></source>
		</class>
	</version>
	<version nr="2280" hash="8374efd9e" evolution="Same" change="Inconsistent">
		<class nclones="2">
			<source file="../../workspace/dataset/test/NestedJarFileResolverTest.java" startline="27" endline="50" function="setUp" hash="3166378614380334523"></source>
			<source file="../../workspace/dataset/test/NestedZipFileResolverTest.java" startline="36" endline="47" function="getResource" hash="8577920893853314421"></source>
		</class>
	</version>
	<version nr="2290" hash="a794a8ff6" evolution="Same" change="Inconsistent">
		<class nclones="2">
			<source file="../../workspace/dataset/test/NestedZipFileResolverTest.java" startline="27" endline="50" function="setUp" hash="4040407682751230879"></source>
			<source file="../../workspace/dataset/test/NestedJarFileResolverTest.java" startline="27" endline="50" function="setUp" hash="3166378614380334523"></source>
		</class>
	</version>
	<version nr="2290" hash="a794a8ff6" evolution="Same" change="Inconsistent">
		<class nclones="2">
			<source file="../../workspace/dataset/test/NestedJarFileResolverTest.java" startline="27" endline="50" function="setUp" hash="3166378614380334523"></source>
			<source file="../../workspace/dataset/test/NestedZipFileResolverTest.java" startline="36" endline="47" function="getResource" hash="8577920893853314421"></source>
		</class>
	</version>
	<version nr="2300" hash="7cfbc84aa" evolution="Same" change="Inconsistent">
		<class nclones="2">
			<source file="../../workspace/dataset/test/NestedZipFileResolverTest.java" startline="27" endline="50" function="setUp" hash="4040407682751230879"></source>
			<source file="../../workspace/dataset/test/NestedJarFileResolverTest.java" startline="27" endline="50" function="setUp" hash="3166378614380334523"></source>
		</class>
	</version>
	<version nr="2300" hash="7cfbc84aa" evolution="Same" change="Inconsistent">
		<class nclones="2">
			<source file="../../workspace/dataset/test/NestedJarFileResolverTest.java" startline="27" endline="50" function="setUp" hash="3166378614380334523"></source>
			<source file="../../workspace/dataset/test/NestedZipFileResolverTest.java" startline="36" endline="47" function="getResource" hash="8577920893853314421"></source>
		</class>
	</version>
	<version nr="2310" hash="3eb1b3c29" evolution="Same" change="Inconsistent">
		<class nclones="2">
			<source file="../../workspace/dataset/test/NestedZipFileResolverTest.java" startline="27" endline="50" function="setUp" hash="4040407682751230879"></source>
			<source file="../../workspace/dataset/test/NestedJarFileResolverTest.java" startline="27" endline="50" function="setUp" hash="3166378614380334523"></source>
		</class>
	</version>
	<version nr="2310" hash="3eb1b3c29" evolution="Same" change="Inconsistent">
		<class nclones="2">
			<source file="../../workspace/dataset/test/NestedJarFileResolverTest.java" startline="27" endline="50" function="setUp" hash="3166378614380334523"></source>
			<source file="../../workspace/dataset/test/NestedZipFileResolverTest.java" startline="36" endline="47" function="getResource" hash="8577920893853314421"></source>
		</class>
	</version>
	<version nr="2320" hash="ab1464c8d" evolution="Same" change="Inconsistent">
		<class nclones="2">
			<source file="../../workspace/dataset/test/NestedZipFileResolverTest.java" startline="27" endline="50" function="setUp" hash="4040407682751230879"></source>
			<source file="../../workspace/dataset/test/NestedJarFileResolverTest.java" startline="27" endline="50" function="setUp" hash="3166378614380334523"></source>
		</class>
	</version>
	<version nr="2320" hash="ab1464c8d" evolution="Same" change="Inconsistent">
		<class nclones="2">
			<source file="../../workspace/dataset/test/NestedJarFileResolverTest.java" startline="27" endline="50" function="setUp" hash="3166378614380334523"></source>
			<source file="../../workspace/dataset/test/NestedZipFileResolverTest.java" startline="36" endline="47" function="getResource" hash="8577920893853314421"></source>
		</class>
	</version>
	<version nr="2330" hash="64707cb56" evolution="Same" change="Inconsistent">
		<class nclones="2">
			<source file="../../workspace/dataset/test/NestedZipFileResolverTest.java" startline="27" endline="50" function="setUp" hash="4040407682751230879"></source>
			<source file="../../workspace/dataset/test/NestedJarFileResolverTest.java" startline="27" endline="50" function="setUp" hash="3166378614380334523"></source>
		</class>
	</version>
	<version nr="2330" hash="64707cb56" evolution="Same" change="Inconsistent">
		<class nclones="2">
			<source file="../../workspace/dataset/test/NestedJarFileResolverTest.java" startline="27" endline="50" function="setUp" hash="3166378614380334523"></source>
			<source file="../../workspace/dataset/test/NestedZipFileResolverTest.java" startline="36" endline="47" function="getResource" hash="8577920893853314421"></source>
		</class>
	</version>
	<version nr="2340" hash="5c1354f3b" evolution="Same" change="Inconsistent">
		<class nclones="2">
			<source file="../../workspace/dataset/test/NestedZipFileResolverTest.java" startline="27" endline="50" function="setUp" hash="4040407682751230879"></source>
			<source file="../../workspace/dataset/test/NestedJarFileResolverTest.java" startline="27" endline="50" function="setUp" hash="3166378614380334523"></source>
		</class>
	</version>
	<version nr="2340" hash="5c1354f3b" evolution="Same" change="Inconsistent">
		<class nclones="2">
			<source file="../../workspace/dataset/test/NestedJarFileResolverTest.java" startline="27" endline="50" function="setUp" hash="3166378614380334523"></source>
			<source file="../../workspace/dataset/test/NestedZipFileResolverTest.java" startline="36" endline="47" function="getResource" hash="8577920893853314421"></source>
		</class>
	</version>
	<version nr="2350" hash="dbf201346" evolution="Same" change="Inconsistent">
		<class nclones="2">
			<source file="../../workspace/dataset/test/NestedZipFileResolverTest.java" startline="27" endline="50" function="setUp" hash="4040407682751230879"></source>
			<source file="../../workspace/dataset/test/NestedJarFileResolverTest.java" startline="27" endline="50" function="setUp" hash="3166378614380334523"></source>
		</class>
	</version>
	<version nr="2350" hash="dbf201346" evolution="Same" change="Inconsistent">
		<class nclones="2">
			<source file="../../workspace/dataset/test/NestedJarFileResolverTest.java" startline="27" endline="50" function="setUp" hash="3166378614380334523"></source>
			<source file="../../workspace/dataset/test/NestedZipFileResolverTest.java" startline="36" endline="47" function="getResource" hash="8577920893853314421"></source>
		</class>
	</version>
	<version nr="2360" hash="18f3e379b" evolution="Same" change="Inconsistent">
		<class nclones="2">
			<source file="../../workspace/dataset/test/NestedZipFileResolverTest.java" startline="27" endline="50" function="setUp" hash="4040407682751230879"></source>
			<source file="../../workspace/dataset/test/NestedJarFileResolverTest.java" startline="27" endline="50" function="setUp" hash="3166378614380334523"></source>
		</class>
	</version>
	<version nr="2360" hash="18f3e379b" evolution="Same" change="Inconsistent">
		<class nclones="2">
			<source file="../../workspace/dataset/test/NestedJarFileResolverTest.java" startline="27" endline="50" function="setUp" hash="3166378614380334523"></source>
			<source file="../../workspace/dataset/test/NestedZipFileResolverTest.java" startline="36" endline="47" function="getResource" hash="8577920893853314421"></source>
		</class>
	</version>
	<version nr="2370" hash="93645d975" evolution="Same" change="Inconsistent">
		<class nclones="2">
			<source file="../../workspace/dataset/test/NestedZipFileResolverTest.java" startline="27" endline="50" function="setUp" hash="4040407682751230879"></source>
			<source file="../../workspace/dataset/test/NestedJarFileResolverTest.java" startline="27" endline="50" function="setUp" hash="3166378614380334523"></source>
		</class>
	</version>
	<version nr="2370" hash="93645d975" evolution="Same" change="Inconsistent">
		<class nclones="2">
			<source file="../../workspace/dataset/test/NestedJarFileResolverTest.java" startline="27" endline="50" function="setUp" hash="3166378614380334523"></source>
			<source file="../../workspace/dataset/test/NestedZipFileResolverTest.java" startline="36" endline="47" function="getResource" hash="8577920893853314421"></source>
		</class>
	</version>
	<version nr="2380" hash="f8f44b1d6" evolution="Same" change="Inconsistent">
		<class nclones="2">
			<source file="../../workspace/dataset/test/NestedZipFileResolverTest.java" startline="27" endline="50" function="setUp" hash="4040407682751230879"></source>
			<source file="../../workspace/dataset/test/NestedJarFileResolverTest.java" startline="27" endline="50" function="setUp" hash="3166378614380334523"></source>
		</class>
	</version>
	<version nr="2380" hash="f8f44b1d6" evolution="Same" change="Inconsistent">
		<class nclones="2">
			<source file="../../workspace/dataset/test/NestedJarFileResolverTest.java" startline="27" endline="50" function="setUp" hash="3166378614380334523"></source>
			<source file="../../workspace/dataset/test/NestedZipFileResolverTest.java" startline="36" endline="47" function="getResource" hash="8577920893853314421"></source>
		</class>
	</version>
	<version nr="2390" hash="4037b1128" evolution="Same" change="Inconsistent">
		<class nclones="2">
			<source file="../../workspace/dataset/test/NestedZipFileResolverTest.java" startline="27" endline="50" function="setUp" hash="4040407682751230879"></source>
			<source file="../../workspace/dataset/test/NestedJarFileResolverTest.java" startline="27" endline="50" function="setUp" hash="3166378614380334523"></source>
		</class>
	</version>
	<version nr="2390" hash="4037b1128" evolution="Same" change="Inconsistent">
		<class nclones="2">
			<source file="../../workspace/dataset/test/NestedJarFileResolverTest.java" startline="27" endline="50" function="setUp" hash="3166378614380334523"></source>
			<source file="../../workspace/dataset/test/NestedZipFileResolverTest.java" startline="36" endline="47" function="getResource" hash="8577920893853314421"></source>
		</class>
	</version>
	<version nr="2400" hash="1f595c8ec" evolution="Same" change="Inconsistent">
		<class nclones="2">
			<source file="../../workspace/dataset/test/NestedZipFileResolverTest.java" startline="27" endline="50" function="setUp" hash="4040407682751230879"></source>
			<source file="../../workspace/dataset/test/NestedJarFileResolverTest.java" startline="27" endline="50" function="setUp" hash="3166378614380334523"></source>
		</class>
	</version>
	<version nr="2400" hash="1f595c8ec" evolution="Same" change="Inconsistent">
		<class nclones="2">
			<source file="../../workspace/dataset/test/NestedJarFileResolverTest.java" startline="27" endline="50" function="setUp" hash="3166378614380334523"></source>
			<source file="../../workspace/dataset/test/NestedZipFileResolverTest.java" startline="36" endline="47" function="getResource" hash="8577920893853314421"></source>
		</class>
	</version>
	<version nr="2410" hash="bfedb641f" evolution="Same" change="Inconsistent">
		<class nclones="2">
			<source file="../../workspace/dataset/test/NestedZipFileResolverTest.java" startline="27" endline="50" function="setUp" hash="4040407682751230879"></source>
			<source file="../../workspace/dataset/test/NestedJarFileResolverTest.java" startline="27" endline="50" function="setUp" hash="3166378614380334523"></source>
		</class>
	</version>
	<version nr="2410" hash="bfedb641f" evolution="Same" change="Inconsistent">
		<class nclones="2">
			<source file="../../workspace/dataset/test/NestedJarFileResolverTest.java" startline="27" endline="50" function="setUp" hash="3166378614380334523"></source>
			<source file="../../workspace/dataset/test/NestedZipFileResolverTest.java" startline="36" endline="47" function="getResource" hash="8577920893853314421"></source>
		</class>
	</version>
	<version nr="2420" hash="7c6ed81a6" evolution="Same" change="Inconsistent">
		<class nclones="2">
			<source file="../../workspace/dataset/test/NestedZipFileResolverTest.java" startline="27" endline="50" function="setUp" hash="4040407682751230879"></source>
			<source file="../../workspace/dataset/test/NestedJarFileResolverTest.java" startline="27" endline="50" function="setUp" hash="3166378614380334523"></source>
		</class>
	</version>
	<version nr="2420" hash="7c6ed81a6" evolution="Same" change="Inconsistent">
		<class nclones="2">
			<source file="../../workspace/dataset/test/NestedJarFileResolverTest.java" startline="27" endline="50" function="setUp" hash="3166378614380334523"></source>
			<source file="../../workspace/dataset/test/NestedZipFileResolverTest.java" startline="36" endline="47" function="getResource" hash="8577920893853314421"></source>
		</class>
	</version>
	<version nr="2430" hash="d78e4e17d" evolution="Same" change="Inconsistent">
		<class nclones="2">
			<source file="../../workspace/dataset/test/NestedZipFileResolverTest.java" startline="27" endline="50" function="setUp" hash="4040407682751230879"></source>
			<source file="../../workspace/dataset/test/NestedJarFileResolverTest.java" startline="27" endline="50" function="setUp" hash="3166378614380334523"></source>
		</class>
	</version>
	<version nr="2430" hash="d78e4e17d" evolution="Same" change="Inconsistent">
		<class nclones="2">
			<source file="../../workspace/dataset/test/NestedJarFileResolverTest.java" startline="27" endline="50" function="setUp" hash="3166378614380334523"></source>
			<source file="../../workspace/dataset/test/NestedZipFileResolverTest.java" startline="36" endline="47" function="getResource" hash="8577920893853314421"></source>
		</class>
	</version>
	<version nr="2440" hash="5b01aa71b" evolution="Same" change="Inconsistent">
		<class nclones="2">
			<source file="../../workspace/dataset/test/NestedZipFileResolverTest.java" startline="27" endline="50" function="setUp" hash="4040407682751230879"></source>
			<source file="../../workspace/dataset/test/NestedJarFileResolverTest.java" startline="27" endline="50" function="setUp" hash="3166378614380334523"></source>
		</class>
	</version>
	<version nr="2440" hash="5b01aa71b" evolution="Same" change="Inconsistent">
		<class nclones="2">
			<source file="../../workspace/dataset/test/NestedJarFileResolverTest.java" startline="27" endline="50" function="setUp" hash="3166378614380334523"></source>
			<source file="../../workspace/dataset/test/NestedZipFileResolverTest.java" startline="36" endline="47" function="getResource" hash="8577920893853314421"></source>
		</class>
	</version>
	<version nr="2450" hash="272b07c5a" evolution="Same" change="Inconsistent">
		<class nclones="2">
			<source file="../../workspace/dataset/test/NestedZipFileResolverTest.java" startline="27" endline="50" function="setUp" hash="4040407682751230879"></source>
			<source file="../../workspace/dataset/test/NestedJarFileResolverTest.java" startline="27" endline="50" function="setUp" hash="3166378614380334523"></source>
		</class>
	</version>
	<version nr="2470" hash="23078d30c" evolution="Same" change="Same">
		<class nclones="2">
			<source file="../../workspace/dataset/test/NestedZipFileResolverTest.java" startline="27" endline="50" function="setUp" hash="4040407682751230879"></source>
			<source file="../../workspace/dataset/test/NestedJarFileResolverTest.java" startline="27" endline="50" function="setUp" hash="3166378614380334523"></source>
		</class>
	</version>
	<version nr="2470" hash="23078d30c" evolution="Same" change="Inconsistent">
		<class nclones="2">
			<source file="../../workspace/dataset/test/NestedJarFileResolverTest.java" startline="27" endline="50" function="setUp" hash="3166378614380334523"></source>
			<source file="../../workspace/dataset/test/NestedZipFileResolverTest.java" startline="36" endline="47" function="getResource" hash="8577920893853314421"></source>
		</class>
	</version>
	<version nr="2480" hash="138b2fdce" evolution="Same" change="Inconsistent">
		<class nclones="2">
			<source file="../../workspace/dataset/test/NestedZipFileResolverTest.java" startline="27" endline="50" function="setUp" hash="4040407682751230879"></source>
			<source file="../../workspace/dataset/test/NestedJarFileResolverTest.java" startline="27" endline="50" function="setUp" hash="3166378614380334523"></source>
		</class>
	</version>
	<version nr="2480" hash="138b2fdce" evolution="Same" change="Inconsistent">
		<class nclones="2">
			<source file="../../workspace/dataset/test/NestedJarFileResolverTest.java" startline="27" endline="50" function="setUp" hash="3166378614380334523"></source>
			<source file="../../workspace/dataset/test/NestedZipFileResolverTest.java" startline="36" endline="47" function="getResource" hash="8577920893853314421"></source>
		</class>
	</version>
	<version nr="2490" hash="e29acb4e0" evolution="Same" change="Inconsistent">
		<class nclones="2">
			<source file="../../workspace/dataset/test/NestedZipFileResolverTest.java" startline="27" endline="50" function="setUp" hash="4040407682751230879"></source>
			<source file="../../workspace/dataset/test/NestedJarFileResolverTest.java" startline="27" endline="50" function="setUp" hash="3166378614380334523"></source>
		</class>
	</version>
	<version nr="2490" hash="e29acb4e0" evolution="Same" change="Inconsistent">
		<class nclones="2">
			<source file="../../workspace/dataset/test/NestedJarFileResolverTest.java" startline="27" endline="50" function="setUp" hash="3166378614380334523"></source>
			<source file="../../workspace/dataset/test/NestedZipFileResolverTest.java" startline="36" endline="47" function="getResource" hash="8577920893853314421"></source>
		</class>
	</version>
	<version nr="2500" hash="2bc83416f" evolution="Same" change="Inconsistent">
		<class nclones="2">
			<source file="../../workspace/dataset/test/NestedZipFileResolverTest.java" startline="27" endline="50" function="setUp" hash="4040407682751230879"></source>
			<source file="../../workspace/dataset/test/NestedJarFileResolverTest.java" startline="27" endline="50" function="setUp" hash="3166378614380334523"></source>
		</class>
	</version>
	<version nr="2500" hash="2bc83416f" evolution="Same" change="Inconsistent">
		<class nclones="2">
			<source file="../../workspace/dataset/test/NestedJarFileResolverTest.java" startline="27" endline="50" function="setUp" hash="3166378614380334523"></source>
			<source file="../../workspace/dataset/test/NestedZipFileResolverTest.java" startline="36" endline="47" function="getResource" hash="8577920893853314421"></source>
		</class>
	</version>
	<version nr="2510" hash="4b015fb19" evolution="Same" change="Inconsistent">
		<class nclones="2">
			<source file="../../workspace/dataset/test/NestedZipFileResolverTest.java" startline="27" endline="50" function="setUp" hash="4040407682751230879"></source>
			<source file="../../workspace/dataset/test/NestedJarFileResolverTest.java" startline="27" endline="50" function="setUp" hash="3166378614380334523"></source>
		</class>
	</version>
	<version nr="2510" hash="4b015fb19" evolution="Same" change="Inconsistent">
		<class nclones="2">
			<source file="../../workspace/dataset/test/NestedJarFileResolverTest.java" startline="27" endline="50" function="setUp" hash="3166378614380334523"></source>
			<source file="../../workspace/dataset/test/NestedZipFileResolverTest.java" startline="36" endline="47" function="getResource" hash="8577920893853314421"></source>
		</class>
	</version>
	<version nr="2520" hash="b8a93913a" evolution="Same" change="Inconsistent">
		<class nclones="2">
			<source file="../../workspace/dataset/test/NestedZipFileResolverTest.java" startline="27" endline="50" function="setUp" hash="4040407682751230879"></source>
			<source file="../../workspace/dataset/test/NestedJarFileResolverTest.java" startline="27" endline="50" function="setUp" hash="3166378614380334523"></source>
		</class>
	</version>
	<version nr="2520" hash="b8a93913a" evolution="Same" change="Inconsistent">
		<class nclones="2">
			<source file="../../workspace/dataset/test/NestedJarFileResolverTest.java" startline="27" endline="50" function="setUp" hash="3166378614380334523"></source>
			<source file="../../workspace/dataset/test/NestedZipFileResolverTest.java" startline="36" endline="47" function="getResource" hash="8577920893853314421"></source>
		</class>
	</version>
	<version nr="2530" hash="6cb5277af" evolution="Same" change="Inconsistent">
		<class nclones="2">
			<source file="../../workspace/dataset/test/NestedZipFileResolverTest.java" startline="27" endline="50" function="setUp" hash="4040407682751230879"></source>
			<source file="../../workspace/dataset/test/NestedJarFileResolverTest.java" startline="27" endline="50" function="setUp" hash="3166378614380334523"></source>
		</class>
	</version>
	<version nr="2530" hash="6cb5277af" evolution="Same" change="Inconsistent">
		<class nclones="2">
			<source file="../../workspace/dataset/test/NestedJarFileResolverTest.java" startline="27" endline="50" function="setUp" hash="3166378614380334523"></source>
			<source file="../../workspace/dataset/test/NestedZipFileResolverTest.java" startline="36" endline="47" function="getResource" hash="8577920893853314421"></source>
		</class>
	</version>
	<version nr="2540" hash="1553eb366" evolution="Same" change="Inconsistent">
		<class nclones="2">
			<source file="../../workspace/dataset/test/NestedZipFileResolverTest.java" startline="27" endline="50" function="setUp" hash="4040407682751230879"></source>
			<source file="../../workspace/dataset/test/NestedJarFileResolverTest.java" startline="27" endline="50" function="setUp" hash="3166378614380334523"></source>
		</class>
	</version>
	<version nr="2540" hash="1553eb366" evolution="Same" change="Inconsistent">
		<class nclones="2">
			<source file="../../workspace/dataset/test/NestedJarFileResolverTest.java" startline="27" endline="50" function="setUp" hash="3166378614380334523"></source>
			<source file="../../workspace/dataset/test/NestedZipFileResolverTest.java" startline="36" endline="47" function="getResource" hash="8577920893853314421"></source>
		</class>
	</version>
	<version nr="2550" hash="0226a06d9" evolution="Same" change="Inconsistent">
		<class nclones="2">
			<source file="../../workspace/dataset/test/NestedZipFileResolverTest.java" startline="27" endline="50" function="setUp" hash="4040407682751230879"></source>
			<source file="../../workspace/dataset/test/NestedJarFileResolverTest.java" startline="27" endline="50" function="setUp" hash="3166378614380334523"></source>
		</class>
	</version>
	<version nr="2550" hash="0226a06d9" evolution="Same" change="Inconsistent">
		<class nclones="2">
			<source file="../../workspace/dataset/test/NestedJarFileResolverTest.java" startline="27" endline="50" function="setUp" hash="3166378614380334523"></source>
			<source file="../../workspace/dataset/test/NestedZipFileResolverTest.java" startline="36" endline="47" function="getResource" hash="8577920893853314421"></source>
		</class>
	</version>
	<version nr="2560" hash="2bb738f01" evolution="Same" change="Inconsistent">
		<class nclones="2">
			<source file="../../workspace/dataset/test/NestedZipFileResolverTest.java" startline="27" endline="50" function="setUp" hash="4040407682751230879"></source>
			<source file="../../workspace/dataset/test/NestedJarFileResolverTest.java" startline="27" endline="50" function="setUp" hash="3166378614380334523"></source>
		</class>
	</version>
	<version nr="2560" hash="2bb738f01" evolution="Same" change="Inconsistent">
		<class nclones="2">
			<source file="../../workspace/dataset/test/NestedJarFileResolverTest.java" startline="27" endline="50" function="setUp" hash="3166378614380334523"></source>
			<source file="../../workspace/dataset/test/NestedZipFileResolverTest.java" startline="36" endline="47" function="getResource" hash="8577920893853314421"></source>
		</class>
	</version>
	<version nr="2570" hash="72bccef9f" evolution="Same" change="Inconsistent">
		<class nclones="2">
			<source file="../../workspace/dataset/test/NestedZipFileResolverTest.java" startline="27" endline="50" function="setUp" hash="4040407682751230879"></source>
			<source file="../../workspace/dataset/test/NestedJarFileResolverTest.java" startline="27" endline="50" function="setUp" hash="3166378614380334523"></source>
		</class>
	</version>
	<version nr="2570" hash="72bccef9f" evolution="Same" change="Inconsistent">
		<class nclones="2">
			<source file="../../workspace/dataset/test/NestedJarFileResolverTest.java" startline="27" endline="50" function="setUp" hash="3166378614380334523"></source>
			<source file="../../workspace/dataset/test/NestedZipFileResolverTest.java" startline="36" endline="47" function="getResource" hash="8577920893853314421"></source>
		</class>
	</version>
	<version nr="2580" hash="3588e2032" evolution="Same" change="Inconsistent">
		<class nclones="2">
			<source file="../../workspace/dataset/test/NestedZipFileResolverTest.java" startline="27" endline="50" function="setUp" hash="4040407682751230879"></source>
			<source file="../../workspace/dataset/test/NestedJarFileResolverTest.java" startline="27" endline="50" function="setUp" hash="3166378614380334523"></source>
		</class>
	</version>
	<version nr="2580" hash="3588e2032" evolution="Same" change="Inconsistent">
		<class nclones="2">
			<source file="../../workspace/dataset/test/NestedJarFileResolverTest.java" startline="27" endline="50" function="setUp" hash="3166378614380334523"></source>
			<source file="../../workspace/dataset/test/NestedZipFileResolverTest.java" startline="36" endline="47" function="getResource" hash="8577920893853314421"></source>
		</class>
	</version>
	<version nr="2590" hash="db648d009" evolution="Same" change="Inconsistent">
		<class nclones="2">
			<source file="../../workspace/dataset/test/NestedZipFileResolverTest.java" startline="27" endline="50" function="setUp" hash="4040407682751230879"></source>
			<source file="../../workspace/dataset/test/NestedJarFileResolverTest.java" startline="27" endline="50" function="setUp" hash="3166378614380334523"></source>
		</class>
	</version>
	<version nr="2590" hash="db648d009" evolution="Same" change="Inconsistent">
		<class nclones="2">
			<source file="../../workspace/dataset/test/NestedJarFileResolverTest.java" startline="27" endline="50" function="setUp" hash="3166378614380334523"></source>
			<source file="../../workspace/dataset/test/NestedZipFileResolverTest.java" startline="36" endline="47" function="getResource" hash="8577920893853314421"></source>
		</class>
	</version>
	<version nr="2600" hash="d0a1ba779" evolution="Same" change="Inconsistent">
		<class nclones="2">
			<source file="../../workspace/dataset/test/NestedZipFileResolverTest.java" startline="27" endline="50" function="setUp" hash="4040407682751230879"></source>
			<source file="../../workspace/dataset/test/NestedJarFileResolverTest.java" startline="27" endline="50" function="setUp" hash="3166378614380334523"></source>
		</class>
	</version>
	<version nr="2600" hash="d0a1ba779" evolution="Same" change="Inconsistent">
		<class nclones="2">
			<source file="../../workspace/dataset/test/NestedJarFileResolverTest.java" startline="27" endline="50" function="setUp" hash="3166378614380334523"></source>
			<source file="../../workspace/dataset/test/NestedZipFileResolverTest.java" startline="36" endline="47" function="getResource" hash="8577920893853314421"></source>
		</class>
	</version>
	<version nr="2610" hash="9a8150a0c" evolution="Same" change="Inconsistent">
		<class nclones="2">
			<source file="../../workspace/dataset/test/NestedZipFileResolverTest.java" startline="27" endline="50" function="setUp" hash="4040407682751230879"></source>
			<source file="../../workspace/dataset/test/NestedJarFileResolverTest.java" startline="27" endline="50" function="setUp" hash="3166378614380334523"></source>
		</class>
	</version>
	<version nr="2610" hash="9a8150a0c" evolution="Same" change="Inconsistent">
		<class nclones="2">
			<source file="../../workspace/dataset/test/NestedJarFileResolverTest.java" startline="27" endline="50" function="setUp" hash="3166378614380334523"></source>
			<source file="../../workspace/dataset/test/NestedZipFileResolverTest.java" startline="36" endline="47" function="getResource" hash="8577920893853314421"></source>
		</class>
	</version>
	<version nr="2620" hash="87aa147a1" evolution="Same" change="Inconsistent">
		<class nclones="2">
			<source file="../../workspace/dataset/test/NestedZipFileResolverTest.java" startline="27" endline="50" function="setUp" hash="4040407682751230879"></source>
			<source file="../../workspace/dataset/test/NestedJarFileResolverTest.java" startline="27" endline="50" function="setUp" hash="3166378614380334523"></source>
		</class>
	</version>
	<version nr="2620" hash="87aa147a1" evolution="Same" change="Inconsistent">
		<class nclones="2">
			<source file="../../workspace/dataset/test/NestedJarFileResolverTest.java" startline="27" endline="50" function="setUp" hash="3166378614380334523"></source>
			<source file="../../workspace/dataset/test/NestedZipFileResolverTest.java" startline="36" endline="47" function="getResource" hash="8577920893853314421"></source>
		</class>
	</version>
	<version nr="2630" hash="fee3d01be" evolution="Same" change="Inconsistent">
		<class nclones="2">
			<source file="../../workspace/dataset/test/NestedZipFileResolverTest.java" startline="27" endline="50" function="setUp" hash="4040407682751230879"></source>
			<source file="../../workspace/dataset/test/NestedJarFileResolverTest.java" startline="27" endline="50" function="setUp" hash="3166378614380334523"></source>
		</class>
	</version>
	<version nr="2630" hash="fee3d01be" evolution="Same" change="Inconsistent">
		<class nclones="2">
			<source file="../../workspace/dataset/test/NestedJarFileResolverTest.java" startline="27" endline="50" function="setUp" hash="3166378614380334523"></source>
			<source file="../../workspace/dataset/test/NestedZipFileResolverTest.java" startline="36" endline="47" function="getResource" hash="8577920893853314421"></source>
		</class>
	</version>
	<version nr="2640" hash="62327f62f" evolution="Same" change="Inconsistent">
		<class nclones="2">
			<source file="../../workspace/dataset/test/NestedZipFileResolverTest.java" startline="27" endline="50" function="setUp" hash="4040407682751230879"></source>
			<source file="../../workspace/dataset/test/NestedJarFileResolverTest.java" startline="27" endline="50" function="setUp" hash="3166378614380334523"></source>
		</class>
	</version>
	<version nr="2640" hash="62327f62f" evolution="Same" change="Inconsistent">
		<class nclones="2">
			<source file="../../workspace/dataset/test/NestedJarFileResolverTest.java" startline="27" endline="50" function="setUp" hash="3166378614380334523"></source>
			<source file="../../workspace/dataset/test/NestedZipFileResolverTest.java" startline="36" endline="47" function="getResource" hash="8577920893853314421"></source>
		</class>
	</version>
	<version nr="2650" hash="947666aeb" evolution="Same" change="Inconsistent">
		<class nclones="2">
			<source file="../../workspace/dataset/test/NestedZipFileResolverTest.java" startline="27" endline="50" function="setUp" hash="4040407682751230879"></source>
			<source file="../../workspace/dataset/test/NestedJarFileResolverTest.java" startline="27" endline="50" function="setUp" hash="3166378614380334523"></source>
		</class>
	</version>
	<version nr="2650" hash="947666aeb" evolution="Same" change="Inconsistent">
		<class nclones="2">
			<source file="../../workspace/dataset/test/NestedJarFileResolverTest.java" startline="27" endline="50" function="setUp" hash="3166378614380334523"></source>
			<source file="../../workspace/dataset/test/NestedZipFileResolverTest.java" startline="36" endline="47" function="getResource" hash="8577920893853314421"></source>
		</class>
	</version>
	<version nr="2660" hash="cb8662c19" evolution="Same" change="Inconsistent">
		<class nclones="2">
			<source file="../../workspace/dataset/test/NestedZipFileResolverTest.java" startline="27" endline="50" function="setUp" hash="4040407682751230879"></source>
			<source file="../../workspace/dataset/test/NestedJarFileResolverTest.java" startline="27" endline="50" function="setUp" hash="3166378614380334523"></source>
		</class>
	</version>
	<version nr="2660" hash="cb8662c19" evolution="Same" change="Inconsistent">
		<class nclones="2">
			<source file="../../workspace/dataset/test/NestedJarFileResolverTest.java" startline="27" endline="50" function="setUp" hash="3166378614380334523"></source>
			<source file="../../workspace/dataset/test/NestedZipFileResolverTest.java" startline="36" endline="47" function="getResource" hash="8577920893853314421"></source>
		</class>
	</version>
	<version nr="2670" hash="f7cbccb16" evolution="Same" change="Inconsistent">
		<class nclones="2">
			<source file="../../workspace/dataset/test/NestedZipFileResolverTest.java" startline="27" endline="50" function="setUp" hash="4040407682751230879"></source>
			<source file="../../workspace/dataset/test/NestedJarFileResolverTest.java" startline="27" endline="50" function="setUp" hash="3166378614380334523"></source>
		</class>
	</version>
	<version nr="2670" hash="f7cbccb16" evolution="Same" change="Inconsistent">
		<class nclones="2">
			<source file="../../workspace/dataset/test/NestedJarFileResolverTest.java" startline="27" endline="50" function="setUp" hash="3166378614380334523"></source>
			<source file="../../workspace/dataset/test/NestedZipFileResolverTest.java" startline="36" endline="47" function="getResource" hash="8577920893853314421"></source>
		</class>
	</version>
</lineage>
<lineage>
	<version nr="1060" hash="a2902d2be" evolution="None" change="None">
		<class nclones="2">
			<source file="../../workspace/dataset/test/Http2SettingsTest.java" startline="35" endline="48" function="testSettingsMin" hash="8453563136644431364"></source>
			<source file="../../workspace/dataset/test/Http2SettingsTest.java" startline="51" endline="65" function="testSettinsMax" hash="6642738243799803558"></source>
		</class>
	</version>
	<version nr="1300" hash="7cc0a6fc0" evolution="Same" change="Same">
		<class nclones="2">
			<source file="../../workspace/dataset/test/Http2SettingsTest.java" startline="35" endline="48" function="testSettingsMin" hash="8453563136644431364"></source>
			<source file="../../workspace/dataset/test/Http2SettingsTest.java" startline="51" endline="65" function="testSettinsMax" hash="6642738243799803558"></source>
		</class>
	</version>
	<version nr="1310" hash="f3b9d89f3" evolution="Same" change="Inconsistent">
		<class nclones="2">
			<source file="../../workspace/dataset/test/Http2SettingsTest.java" startline="38" endline="51" function="testSettingsMin" hash="8453563136644431364"></source>
			<source file="../../workspace/dataset/test/Http2SettingsTest.java" startline="54" endline="67" function="testSettinsMax" hash="4993789430122710178"></source>
		</class>
	</version>
	<version nr="3040" hash="b7ec7df48" evolution="Same" change="Same">
		<class nclones="2">
			<source file="../../workspace/dataset/test/Http2SettingsTest.java" startline="38" endline="51" function="testSettingsMin" hash="8453563136644431364"></source>
			<source file="../../workspace/dataset/test/Http2SettingsTest.java" startline="54" endline="67" function="testSettinsMax" hash="4993789430122710178"></source>
		</class>
	</version>
</lineage>
<lineage>
	<version nr="1100" hash="23fcad50f" evolution="None" change="None">
		<class nclones="2">
			<source file="../../workspace/dataset/test/FakeVertxMetrics.java" startline="85" endline="86" function="disconnected" hash="0"></source>
			<source file="../../workspace/dataset/test/FakeVertxMetrics.java" startline="129" endline="130" function="close" hash="0"></source>
		</class>
	</version>
	<version nr="1740" hash="d7e0117cb" evolution="Same" change="Same">
		<class nclones="2">
			<source file="../../workspace/dataset/test/FakeVertxMetrics.java" startline="85" endline="86" function="disconnected" hash="0"></source>
			<source file="../../workspace/dataset/test/FakeVertxMetrics.java" startline="129" endline="130" function="close" hash="0"></source>
		</class>
	</version>
	<version nr="1750" hash="57cbc081d" evolution="Same" change="Inconsistent">
		<class nclones="2">
			<source file="../../workspace/dataset/test/FakeVertxMetrics.java" startline="80" endline="81" function="close" hash="0"></source>
			<source file="../../workspace/dataset/test/FakeVertxMetrics.java" startline="85" endline="111" function="createNetClientMetrics" hash="6754314276195730010"></source>
		</class>
	</version>
	<version nr="1760" hash="4df0dbb81" evolution="Same" change="Same">
		<class nclones="2">
			<source file="../../workspace/dataset/test/FakeVertxMetrics.java" startline="57" endline="83" function="createNetServerMetrics" hash="6754314276195730010"></source>
			<source file="../../workspace/dataset/test/FakeVertxMetrics.java" startline="85" endline="111" function="createNetClientMetrics" hash="6754314276195730010"></source>
		</class>
	</version>
	<version nr="1760" hash="4df0dbb81" evolution="Same" change="Inconsistent">
		<class nclones="2">
			<source file="../../workspace/dataset/test/FakeVertxMetrics.java" startline="80" endline="81" function="close" hash="0"></source>
			<source file="../../workspace/dataset/test/FakeVertxMetrics.java" startline="85" endline="111" function="createNetClientMetrics" hash="6754314276195730010"></source>
		</class>
	</version>
	<version nr="1770" hash="a4d13b6e2" evolution="Same" change="Same">
		<class nclones="2">
			<source file="../../workspace/dataset/test/FakeVertxMetrics.java" startline="57" endline="83" function="createNetServerMetrics" hash="6754314276195730010"></source>
			<source file="../../workspace/dataset/test/FakeVertxMetrics.java" startline="85" endline="111" function="createNetClientMetrics" hash="6754314276195730010"></source>
		</class>
	</version>
	<version nr="1770" hash="a4d13b6e2" evolution="Same" change="Inconsistent">
		<class nclones="2">
			<source file="../../workspace/dataset/test/FakeVertxMetrics.java" startline="80" endline="81" function="close" hash="0"></source>
			<source file="../../workspace/dataset/test/FakeVertxMetrics.java" startline="85" endline="111" function="createNetClientMetrics" hash="6754314276195730010"></source>
		</class>
	</version>
	<version nr="1780" hash="b7569f744" evolution="Same" change="Same">
		<class nclones="2">
			<source file="../../workspace/dataset/test/FakeVertxMetrics.java" startline="57" endline="83" function="createNetServerMetrics" hash="6754314276195730010"></source>
			<source file="../../workspace/dataset/test/FakeVertxMetrics.java" startline="85" endline="111" function="createNetClientMetrics" hash="6754314276195730010"></source>
		</class>
	</version>
	<version nr="1780" hash="b7569f744" evolution="Same" change="Inconsistent">
		<class nclones="2">
			<source file="../../workspace/dataset/test/FakeVertxMetrics.java" startline="80" endline="81" function="close" hash="0"></source>
			<source file="../../workspace/dataset/test/FakeVertxMetrics.java" startline="85" endline="111" function="createNetClientMetrics" hash="6754314276195730010"></source>
		</class>
	</version>
	<version nr="1790" hash="40b663fdb" evolution="Same" change="Same">
		<class nclones="2">
			<source file="../../workspace/dataset/test/FakeVertxMetrics.java" startline="57" endline="83" function="createNetServerMetrics" hash="6754314276195730010"></source>
			<source file="../../workspace/dataset/test/FakeVertxMetrics.java" startline="85" endline="111" function="createNetClientMetrics" hash="6754314276195730010"></source>
		</class>
	</version>
	<version nr="1790" hash="40b663fdb" evolution="Same" change="Inconsistent">
		<class nclones="2">
			<source file="../../workspace/dataset/test/FakeVertxMetrics.java" startline="80" endline="81" function="close" hash="0"></source>
			<source file="../../workspace/dataset/test/FakeVertxMetrics.java" startline="85" endline="111" function="createNetClientMetrics" hash="6754314276195730010"></source>
		</class>
	</version>
	<version nr="1800" hash="91868e1f7" evolution="Same" change="Same">
		<class nclones="2">
			<source file="../../workspace/dataset/test/FakeVertxMetrics.java" startline="57" endline="83" function="createNetServerMetrics" hash="6754314276195730010"></source>
			<source file="../../workspace/dataset/test/FakeVertxMetrics.java" startline="85" endline="111" function="createNetClientMetrics" hash="6754314276195730010"></source>
		</class>
	</version>
	<version nr="1800" hash="91868e1f7" evolution="Same" change="Inconsistent">
		<class nclones="2">
			<source file="../../workspace/dataset/test/FakeVertxMetrics.java" startline="80" endline="81" function="close" hash="0"></source>
			<source file="../../workspace/dataset/test/FakeVertxMetrics.java" startline="85" endline="111" function="createNetClientMetrics" hash="6754314276195730010"></source>
		</class>
	</version>
	<version nr="1810" hash="5cb7da62c" evolution="Same" change="Same">
		<class nclones="2">
			<source file="../../workspace/dataset/test/FakeVertxMetrics.java" startline="57" endline="83" function="createNetServerMetrics" hash="6754314276195730010"></source>
			<source file="../../workspace/dataset/test/FakeVertxMetrics.java" startline="85" endline="111" function="createNetClientMetrics" hash="6754314276195730010"></source>
		</class>
	</version>
	<version nr="1810" hash="5cb7da62c" evolution="Same" change="Inconsistent">
		<class nclones="2">
			<source file="../../workspace/dataset/test/FakeVertxMetrics.java" startline="80" endline="81" function="close" hash="0"></source>
			<source file="../../workspace/dataset/test/FakeVertxMetrics.java" startline="85" endline="111" function="createNetClientMetrics" hash="6754314276195730010"></source>
		</class>
	</version>
	<version nr="1820" hash="0be6d53c6" evolution="Same" change="Same">
		<class nclones="2">
			<source file="../../workspace/dataset/test/FakeVertxMetrics.java" startline="57" endline="83" function="createNetServerMetrics" hash="6754314276195730010"></source>
			<source file="../../workspace/dataset/test/FakeVertxMetrics.java" startline="85" endline="111" function="createNetClientMetrics" hash="6754314276195730010"></source>
		</class>
	</version>
	<version nr="1820" hash="0be6d53c6" evolution="Same" change="Inconsistent">
		<class nclones="2">
			<source file="../../workspace/dataset/test/FakeVertxMetrics.java" startline="80" endline="81" function="close" hash="0"></source>
			<source file="../../workspace/dataset/test/FakeVertxMetrics.java" startline="85" endline="111" function="createNetClientMetrics" hash="6754314276195730010"></source>
		</class>
	</version>
	<version nr="1830" hash="10d536a16" evolution="Same" change="Same">
		<class nclones="2">
			<source file="../../workspace/dataset/test/FakeVertxMetrics.java" startline="57" endline="83" function="createNetServerMetrics" hash="6754314276195730010"></source>
			<source file="../../workspace/dataset/test/FakeVertxMetrics.java" startline="85" endline="111" function="createNetClientMetrics" hash="6754314276195730010"></source>
		</class>
	</version>
	<version nr="1830" hash="10d536a16" evolution="Same" change="Inconsistent">
		<class nclones="2">
			<source file="../../workspace/dataset/test/FakeVertxMetrics.java" startline="80" endline="81" function="close" hash="0"></source>
			<source file="../../workspace/dataset/test/FakeVertxMetrics.java" startline="85" endline="111" function="createNetClientMetrics" hash="6754314276195730010"></source>
		</class>
	</version>
	<version nr="1840" hash="688194599" evolution="Same" change="Same">
		<class nclones="2">
			<source file="../../workspace/dataset/test/FakeVertxMetrics.java" startline="57" endline="83" function="createNetServerMetrics" hash="6754314276195730010"></source>
			<source file="../../workspace/dataset/test/FakeVertxMetrics.java" startline="85" endline="111" function="createNetClientMetrics" hash="6754314276195730010"></source>
		</class>
	</version>
	<version nr="1840" hash="688194599" evolution="Same" change="Inconsistent">
		<class nclones="2">
			<source file="../../workspace/dataset/test/FakeVertxMetrics.java" startline="80" endline="81" function="close" hash="0"></source>
			<source file="../../workspace/dataset/test/FakeVertxMetrics.java" startline="85" endline="111" function="createNetClientMetrics" hash="6754314276195730010"></source>
		</class>
	</version>
	<version nr="1850" hash="35ed975c7" evolution="Same" change="Same">
		<class nclones="2">
			<source file="../../workspace/dataset/test/FakeVertxMetrics.java" startline="57" endline="83" function="createNetServerMetrics" hash="6754314276195730010"></source>
			<source file="../../workspace/dataset/test/FakeVertxMetrics.java" startline="85" endline="111" function="createNetClientMetrics" hash="6754314276195730010"></source>
		</class>
	</version>
	<version nr="1850" hash="35ed975c7" evolution="Same" change="Inconsistent">
		<class nclones="2">
			<source file="../../workspace/dataset/test/FakeVertxMetrics.java" startline="80" endline="81" function="close" hash="0"></source>
			<source file="../../workspace/dataset/test/FakeVertxMetrics.java" startline="85" endline="111" function="createNetClientMetrics" hash="6754314276195730010"></source>
		</class>
	</version>
	<version nr="1860" hash="cfa8a166d" evolution="Same" change="Same">
		<class nclones="2">
			<source file="../../workspace/dataset/test/FakeVertxMetrics.java" startline="57" endline="83" function="createNetServerMetrics" hash="6754314276195730010"></source>
			<source file="../../workspace/dataset/test/FakeVertxMetrics.java" startline="85" endline="111" function="createNetClientMetrics" hash="6754314276195730010"></source>
		</class>
	</version>
	<version nr="1860" hash="cfa8a166d" evolution="Same" change="Inconsistent">
		<class nclones="2">
			<source file="../../workspace/dataset/test/FakeVertxMetrics.java" startline="80" endline="81" function="close" hash="0"></source>
			<source file="../../workspace/dataset/test/FakeVertxMetrics.java" startline="85" endline="111" function="createNetClientMetrics" hash="6754314276195730010"></source>
		</class>
	</version>
	<version nr="1870" hash="276d6f96e" evolution="Same" change="Same">
		<class nclones="2">
			<source file="../../workspace/dataset/test/FakeVertxMetrics.java" startline="57" endline="83" function="createNetServerMetrics" hash="6754314276195730010"></source>
			<source file="../../workspace/dataset/test/FakeVertxMetrics.java" startline="85" endline="111" function="createNetClientMetrics" hash="6754314276195730010"></source>
		</class>
	</version>
	<version nr="1870" hash="276d6f96e" evolution="Same" change="Inconsistent">
		<class nclones="2">
			<source file="../../workspace/dataset/test/FakeVertxMetrics.java" startline="80" endline="81" function="close" hash="0"></source>
			<source file="../../workspace/dataset/test/FakeVertxMetrics.java" startline="85" endline="111" function="createNetClientMetrics" hash="6754314276195730010"></source>
		</class>
	</version>
	<version nr="1880" hash="cbbbfc1a5" evolution="Same" change="Same">
		<class nclones="2">
			<source file="../../workspace/dataset/test/FakeVertxMetrics.java" startline="57" endline="83" function="createNetServerMetrics" hash="6754314276195730010"></source>
			<source file="../../workspace/dataset/test/FakeVertxMetrics.java" startline="85" endline="111" function="createNetClientMetrics" hash="6754314276195730010"></source>
		</class>
	</version>
	<version nr="1880" hash="cbbbfc1a5" evolution="Same" change="Inconsistent">
		<class nclones="2">
			<source file="../../workspace/dataset/test/FakeVertxMetrics.java" startline="80" endline="81" function="close" hash="0"></source>
			<source file="../../workspace/dataset/test/FakeVertxMetrics.java" startline="85" endline="111" function="createNetClientMetrics" hash="6754314276195730010"></source>
		</class>
	</version>
	<version nr="1890" hash="29246ee2f" evolution="Same" change="Same">
		<class nclones="2">
			<source file="../../workspace/dataset/test/FakeVertxMetrics.java" startline="57" endline="83" function="createNetServerMetrics" hash="6754314276195730010"></source>
			<source file="../../workspace/dataset/test/FakeVertxMetrics.java" startline="85" endline="111" function="createNetClientMetrics" hash="6754314276195730010"></source>
		</class>
	</version>
	<version nr="1890" hash="29246ee2f" evolution="Same" change="Inconsistent">
		<class nclones="2">
			<source file="../../workspace/dataset/test/FakeVertxMetrics.java" startline="80" endline="81" function="close" hash="0"></source>
			<source file="../../workspace/dataset/test/FakeVertxMetrics.java" startline="85" endline="111" function="createNetClientMetrics" hash="6754314276195730010"></source>
		</class>
	</version>
	<version nr="1900" hash="74c4419fa" evolution="Same" change="Same">
		<class nclones="2">
			<source file="../../workspace/dataset/test/FakeVertxMetrics.java" startline="57" endline="83" function="createNetServerMetrics" hash="6754314276195730010"></source>
			<source file="../../workspace/dataset/test/FakeVertxMetrics.java" startline="85" endline="111" function="createNetClientMetrics" hash="6754314276195730010"></source>
		</class>
	</version>
	<version nr="1900" hash="74c4419fa" evolution="Same" change="Inconsistent">
		<class nclones="2">
			<source file="../../workspace/dataset/test/FakeVertxMetrics.java" startline="80" endline="81" function="close" hash="0"></source>
			<source file="../../workspace/dataset/test/FakeVertxMetrics.java" startline="85" endline="111" function="createNetClientMetrics" hash="6754314276195730010"></source>
		</class>
	</version>
	<version nr="1910" hash="8e3941ea0" evolution="Same" change="Same">
		<class nclones="2">
			<source file="../../workspace/dataset/test/FakeVertxMetrics.java" startline="57" endline="83" function="createNetServerMetrics" hash="6754314276195730010"></source>
			<source file="../../workspace/dataset/test/FakeVertxMetrics.java" startline="85" endline="111" function="createNetClientMetrics" hash="6754314276195730010"></source>
		</class>
	</version>
	<version nr="1910" hash="8e3941ea0" evolution="Same" change="Inconsistent">
		<class nclones="2">
			<source file="../../workspace/dataset/test/FakeVertxMetrics.java" startline="80" endline="81" function="close" hash="0"></source>
			<source file="../../workspace/dataset/test/FakeVertxMetrics.java" startline="85" endline="111" function="createNetClientMetrics" hash="6754314276195730010"></source>
		</class>
	</version>
	<version nr="1920" hash="7b08c5e4c" evolution="Same" change="Same">
		<class nclones="2">
			<source file="../../workspace/dataset/test/FakeVertxMetrics.java" startline="57" endline="83" function="createNetServerMetrics" hash="6754314276195730010"></source>
			<source file="../../workspace/dataset/test/FakeVertxMetrics.java" startline="85" endline="111" function="createNetClientMetrics" hash="6754314276195730010"></source>
		</class>
	</version>
	<version nr="1920" hash="7b08c5e4c" evolution="Same" change="Inconsistent">
		<class nclones="2">
			<source file="../../workspace/dataset/test/FakeVertxMetrics.java" startline="80" endline="81" function="close" hash="0"></source>
			<source file="../../workspace/dataset/test/FakeVertxMetrics.java" startline="85" endline="111" function="createNetClientMetrics" hash="6754314276195730010"></source>
		</class>
	</version>
	<version nr="1930" hash="818412898" evolution="Same" change="Same">
		<class nclones="2">
			<source file="../../workspace/dataset/test/FakeVertxMetrics.java" startline="57" endline="83" function="createNetServerMetrics" hash="6754314276195730010"></source>
			<source file="../../workspace/dataset/test/FakeVertxMetrics.java" startline="85" endline="111" function="createNetClientMetrics" hash="6754314276195730010"></source>
		</class>
	</version>
	<version nr="1930" hash="818412898" evolution="Same" change="Inconsistent">
		<class nclones="2">
			<source file="../../workspace/dataset/test/FakeVertxMetrics.java" startline="80" endline="81" function="close" hash="0"></source>
			<source file="../../workspace/dataset/test/FakeVertxMetrics.java" startline="85" endline="111" function="createNetClientMetrics" hash="6754314276195730010"></source>
		</class>
	</version>
	<version nr="1940" hash="e09b2b1ee" evolution="Same" change="Same">
		<class nclones="2">
			<source file="../../workspace/dataset/test/FakeVertxMetrics.java" startline="57" endline="83" function="createNetServerMetrics" hash="6754314276195730010"></source>
			<source file="../../workspace/dataset/test/FakeVertxMetrics.java" startline="85" endline="111" function="createNetClientMetrics" hash="6754314276195730010"></source>
		</class>
	</version>
	<version nr="1940" hash="e09b2b1ee" evolution="Same" change="Inconsistent">
		<class nclones="2">
			<source file="../../workspace/dataset/test/FakeVertxMetrics.java" startline="80" endline="81" function="close" hash="0"></source>
			<source file="../../workspace/dataset/test/FakeVertxMetrics.java" startline="85" endline="111" function="createNetClientMetrics" hash="6754314276195730010"></source>
		</class>
	</version>
	<version nr="1950" hash="45656889c" evolution="Same" change="Same">
		<class nclones="2">
			<source file="../../workspace/dataset/test/FakeVertxMetrics.java" startline="57" endline="83" function="createNetServerMetrics" hash="6754314276195730010"></source>
			<source file="../../workspace/dataset/test/FakeVertxMetrics.java" startline="85" endline="111" function="createNetClientMetrics" hash="6754314276195730010"></source>
		</class>
	</version>
	<version nr="1950" hash="45656889c" evolution="Same" change="Inconsistent">
		<class nclones="2">
			<source file="../../workspace/dataset/test/FakeVertxMetrics.java" startline="80" endline="81" function="close" hash="0"></source>
			<source file="../../workspace/dataset/test/FakeVertxMetrics.java" startline="85" endline="111" function="createNetClientMetrics" hash="6754314276195730010"></source>
		</class>
	</version>
	<version nr="1960" hash="9ce7b1dbb" evolution="Same" change="Same">
		<class nclones="2">
			<source file="../../workspace/dataset/test/FakeVertxMetrics.java" startline="57" endline="83" function="createNetServerMetrics" hash="6754314276195730010"></source>
			<source file="../../workspace/dataset/test/FakeVertxMetrics.java" startline="85" endline="111" function="createNetClientMetrics" hash="6754314276195730010"></source>
		</class>
	</version>
	<version nr="1960" hash="9ce7b1dbb" evolution="Same" change="Inconsistent">
		<class nclones="2">
			<source file="../../workspace/dataset/test/FakeVertxMetrics.java" startline="80" endline="81" function="close" hash="0"></source>
			<source file="../../workspace/dataset/test/FakeVertxMetrics.java" startline="85" endline="111" function="createNetClientMetrics" hash="6754314276195730010"></source>
		</class>
	</version>
	<version nr="2020" hash="f68ae1517" evolution="Same" change="Same">
		<class nclones="2">
			<source file="../../workspace/dataset/test/FakeVertxMetrics.java" startline="64" endline="90" function="createNetServerMetrics" hash="6754314276195730010"></source>
			<source file="../../workspace/dataset/test/FakeVertxMetrics.java" startline="92" endline="118" function="createNetClientMetrics" hash="6754314276195730010"></source>
		</class>
	</version>
	<version nr="2020" hash="f68ae1517" evolution="Same" change="Inconsistent">
		<class nclones="2">
			<source file="../../workspace/dataset/test/FakeVertxMetrics.java" startline="81" endline="82" function="close" hash="0"></source>
			<source file="../../workspace/dataset/test/FakeVertxMetrics.java" startline="86" endline="112" function="createNetClientMetrics" hash="6754314276195730010"></source>
		</class>
	</version>
	<version nr="2030" hash="10c6f90d8" evolution="Same" change="Same">
		<class nclones="2">
			<source file="../../workspace/dataset/test/FakeVertxMetrics.java" startline="58" endline="84" function="createNetServerMetrics" hash="6754314276195730010"></source>
			<source file="../../workspace/dataset/test/FakeVertxMetrics.java" startline="86" endline="112" function="createNetClientMetrics" hash="6754314276195730010"></source>
		</class>
	</version>
	<version nr="2030" hash="10c6f90d8" evolution="Same" change="Inconsistent">
		<class nclones="2">
			<source file="../../workspace/dataset/test/FakeVertxMetrics.java" startline="81" endline="82" function="close" hash="0"></source>
			<source file="../../workspace/dataset/test/FakeVertxMetrics.java" startline="86" endline="112" function="createNetClientMetrics" hash="6754314276195730010"></source>
		</class>
	</version>
	<version nr="2040" hash="299d4b2ac" evolution="Same" change="Same">
		<class nclones="2">
			<source file="../../workspace/dataset/test/FakeVertxMetrics.java" startline="58" endline="84" function="createNetServerMetrics" hash="6754314276195730010"></source>
			<source file="../../workspace/dataset/test/FakeVertxMetrics.java" startline="86" endline="112" function="createNetClientMetrics" hash="6754314276195730010"></source>
		</class>
	</version>
	<version nr="2040" hash="299d4b2ac" evolution="Same" change="Inconsistent">
		<class nclones="2">
			<source file="../../workspace/dataset/test/FakeVertxMetrics.java" startline="81" endline="82" function="close" hash="0"></source>
			<source file="../../workspace/dataset/test/FakeVertxMetrics.java" startline="86" endline="112" function="createNetClientMetrics" hash="6754314276195730010"></source>
		</class>
	</version>
</lineage>
<lineage>
	<version nr="1320" hash="4732b666d" evolution="None" change="None">
		<class nclones="2">
			<source file="../../workspace/dataset/test/FakeVertxMetrics.java" startline="86" endline="87" function="bytesRead" hash="0"></source>
			<source file="../../workspace/dataset/test/FakeVertxMetrics.java" startline="114" endline="115" function="bytesRead" hash="0"></source>
		</class>
	</version>
	<version nr="1470" hash="b40da798d" evolution="Same" change="Same">
		<class nclones="2">
			<source file="../../workspace/dataset/test/FakeVertxMetrics.java" startline="86" endline="87" function="bytesRead" hash="0"></source>
			<source file="../../workspace/dataset/test/FakeVertxMetrics.java" startline="114" endline="115" function="bytesRead" hash="0"></source>
		</class>
	</version>
</lineage>
<lineage>
	<version nr="1330" hash="350f33358" evolution="None" change="None">
		<class nclones="2">
			<source file="../../workspace/dataset/test/OptionTest.java" startline="28" endline="70" function="createAndCopy" hash="3930667641404258841"></source>
			<source file="../../workspace/dataset/test/OptionTest.java" startline="28" endline="70" function="createAndCopy" hash="3930667641404258841"></source>
		</class>
	</version>
	<version nr="3040" hash="b7ec7df48" evolution="Same" change="Same">
		<class nclones="2">
			<source file="../../workspace/dataset/test/OptionTest.java" startline="28" endline="70" function="createAndCopy" hash="3930667641404258841"></source>
			<source file="../../workspace/dataset/test/OptionTest.java" startline="28" endline="70" function="createAndCopy" hash="3930667641404258841"></source>
		</class>
	</version>
</lineage>
<lineage>
	<version nr="1430" hash="d70ede07d" evolution="None" change="None">
		<class nclones="2">
			<source file="../../workspace/dataset/test/ConversionHelperTest.java" startline="100" endline="116" function="testFromJsonObject" hash="-1329955093773274192"></source>
			<source file="../../workspace/dataset/test/ConversionHelperTest.java" startline="119" endline="135" function="testFromJsonArray" hash="-296093374662835885"></source>
		</class>
	</version>
	<version nr="2320" hash="ab1464c8d" evolution="Same" change="Same">
		<class nclones="2">
			<source file="../../workspace/dataset/test/ConversionHelperTest.java" startline="100" endline="116" function="testFromJsonObject" hash="-1329955093773274192"></source>
			<source file="../../workspace/dataset/test/ConversionHelperTest.java" startline="119" endline="135" function="testFromJsonArray" hash="-296093374662835885"></source>
		</class>
	</version>
</lineage>
<lineage>
	<version nr="1750" hash="57cbc081d" evolution="None" change="None">
		<class nclones="2">
			<source file="../../workspace/dataset/test/FakeVertxMetrics.java" startline="57" endline="83" function="createNetServerMetrics" hash="6754314276195730010"></source>
			<source file="../../workspace/dataset/test/FakeVertxMetrics.java" startline="85" endline="111" function="createNetClientMetrics" hash="6754314276195730010"></source>
		</class>
	</version>
</lineage>
<lineage>
	<version nr="1970" hash="dc599baad" evolution="None" change="None">
		<class nclones="2">
			<source file="../../workspace/dataset/test/FakeVertxMetrics.java" startline="87" endline="88" function="close" hash="0"></source>
			<source file="../../workspace/dataset/test/FakeVertxMetrics.java" startline="99" endline="100" function="disconnected" hash="0"></source>
		</class>
	</version>
	<version nr="2010" hash="c7f27f370" evolution="Same" change="Same">
		<class nclones="2">
			<source file="../../workspace/dataset/test/FakeVertxMetrics.java" startline="87" endline="88" function="close" hash="0"></source>
			<source file="../../workspace/dataset/test/FakeVertxMetrics.java" startline="99" endline="100" function="disconnected" hash="0"></source>
		</class>
	</version>
</lineage>
<lineage>
	<version nr="2140" hash="3c9344487" evolution="None" change="None">
		<class nclones="3">
			<source file="../../workspace/dataset/test/JsonPointerTest.java" startline="141" endline="157" function="testJsonArrayQuerying" hash="-4695355636744645970"></source>
			<source file="../../workspace/dataset/test/JsonPointerTest.java" startline="160" endline="175" function="testJsonArrayQueryingOrDefault" hash="-8452819312625285097"></source>
			<source file="../../workspace/dataset/test/JsonPointerTest.java" startline="209" endline="225" function="testWrongUsageOfDashForQuerying" hash="-7776090075483849612"></source>
		</class>
	</version>
	<version nr="2150" hash="fdac68438" evolution="Same" change="Same">
		<class nclones="3">
			<source file="../../workspace/dataset/test/JsonPointerTest.java" startline="141" endline="157" function="testJsonArrayQuerying" hash="-4695355636744645970"></source>
			<source file="../../workspace/dataset/test/JsonPointerTest.java" startline="160" endline="175" function="testJsonArrayQueryingOrDefault" hash="-8452819312625285097"></source>
			<source file="../../workspace/dataset/test/JsonPointerTest.java" startline="209" endline="225" function="testWrongUsageOfDashForQuerying" hash="-7776090075483849612"></source>
		</class>
	</version>
	<version nr="2150" hash="fdac68438" evolution="Subtract" change="Inconsistent">
		<class nclones="2">
			<source file="../../workspace/dataset/test/JsonPointerTest.java" startline="178" endline="198" function="testRootPointer" hash="6927663988063045923"></source>
			<source file="../../workspace/dataset/test/JsonPointerTest.java" startline="209" endline="225" function="testWrongUsageOfDashForQuerying" hash="-7776090075483849612"></source>
		</class>
	</version>
	<version nr="2160" hash="eacdfab1d" evolution="Add" change="Inconsistent">
		<class nclones="3">
			<source file="../../workspace/dataset/test/JsonPointerTest.java" startline="141" endline="157" function="testJsonArrayQuerying" hash="-4695355636744645970"></source>
			<source file="../../workspace/dataset/test/JsonPointerTest.java" startline="160" endline="175" function="testJsonArrayQueryingOrDefault" hash="-8452819312625285097"></source>
			<source file="../../workspace/dataset/test/JsonPointerTest.java" startline="209" endline="225" function="testWrongUsageOfDashForQuerying" hash="-7776090075483849612"></source>
		</class>
	</version>
	<version nr="2160" hash="eacdfab1d" evolution="Subtract" change="Inconsistent">
		<class nclones="2">
			<source file="../../workspace/dataset/test/JsonPointerTest.java" startline="178" endline="198" function="testRootPointer" hash="6927663988063045923"></source>
			<source file="../../workspace/dataset/test/JsonPointerTest.java" startline="209" endline="225" function="testWrongUsageOfDashForQuerying" hash="-7776090075483849612"></source>
		</class>
	</version>
	<version nr="2170" hash="27ad7bde6" evolution="Add" change="Inconsistent">
		<class nclones="3">
			<source file="../../workspace/dataset/test/JsonPointerTest.java" startline="141" endline="157" function="testJsonArrayQuerying" hash="-4695355636744645970"></source>
			<source file="../../workspace/dataset/test/JsonPointerTest.java" startline="160" endline="175" function="testJsonArrayQueryingOrDefault" hash="-8452819312625285097"></source>
			<source file="../../workspace/dataset/test/JsonPointerTest.java" startline="209" endline="225" function="testWrongUsageOfDashForQuerying" hash="-7776090075483849612"></source>
		</class>
	</version>
	<version nr="2170" hash="27ad7bde6" evolution="Subtract" change="Inconsistent">
		<class nclones="2">
			<source file="../../workspace/dataset/test/JsonPointerTest.java" startline="178" endline="198" function="testRootPointer" hash="6927663988063045923"></source>
			<source file="../../workspace/dataset/test/JsonPointerTest.java" startline="209" endline="225" function="testWrongUsageOfDashForQuerying" hash="-7776090075483849612"></source>
		</class>
	</version>
	<version nr="2180" hash="f13add901" evolution="Add" change="Inconsistent">
		<class nclones="3">
			<source file="../../workspace/dataset/test/JsonPointerTest.java" startline="141" endline="157" function="testJsonArrayQuerying" hash="-4695355636744645970"></source>
			<source file="../../workspace/dataset/test/JsonPointerTest.java" startline="160" endline="175" function="testJsonArrayQueryingOrDefault" hash="-8452819312625285097"></source>
			<source file="../../workspace/dataset/test/JsonPointerTest.java" startline="209" endline="225" function="testWrongUsageOfDashForQuerying" hash="-7776090075483849612"></source>
		</class>
	</version>
	<version nr="2180" hash="f13add901" evolution="Subtract" change="Inconsistent">
		<class nclones="2">
			<source file="../../workspace/dataset/test/JsonPointerTest.java" startline="178" endline="198" function="testRootPointer" hash="6927663988063045923"></source>
			<source file="../../workspace/dataset/test/JsonPointerTest.java" startline="209" endline="225" function="testWrongUsageOfDashForQuerying" hash="-7776090075483849612"></source>
		</class>
	</version>
	<version nr="2190" hash="772a1af30" evolution="Add" change="Inconsistent">
		<class nclones="3">
			<source file="../../workspace/dataset/test/JsonPointerTest.java" startline="141" endline="157" function="testJsonArrayQuerying" hash="-4695355636744645970"></source>
			<source file="../../workspace/dataset/test/JsonPointerTest.java" startline="160" endline="175" function="testJsonArrayQueryingOrDefault" hash="-8452819312625285097"></source>
			<source file="../../workspace/dataset/test/JsonPointerTest.java" startline="209" endline="225" function="testWrongUsageOfDashForQuerying" hash="-7776090075483849612"></source>
		</class>
	</version>
	<version nr="2190" hash="772a1af30" evolution="Subtract" change="Inconsistent">
		<class nclones="2">
			<source file="../../workspace/dataset/test/JsonPointerTest.java" startline="178" endline="198" function="testRootPointer" hash="6927663988063045923"></source>
			<source file="../../workspace/dataset/test/JsonPointerTest.java" startline="209" endline="225" function="testWrongUsageOfDashForQuerying" hash="-7776090075483849612"></source>
		</class>
	</version>
	<version nr="2200" hash="c5f7a2622" evolution="Add" change="Inconsistent">
		<class nclones="3">
			<source file="../../workspace/dataset/test/JsonPointerTest.java" startline="141" endline="157" function="testJsonArrayQuerying" hash="-4695355636744645970"></source>
			<source file="../../workspace/dataset/test/JsonPointerTest.java" startline="160" endline="175" function="testJsonArrayQueryingOrDefault" hash="-8452819312625285097"></source>
			<source file="../../workspace/dataset/test/JsonPointerTest.java" startline="209" endline="225" function="testWrongUsageOfDashForQuerying" hash="-7776090075483849612"></source>
		</class>
	</version>
	<version nr="2200" hash="c5f7a2622" evolution="Subtract" change="Inconsistent">
		<class nclones="2">
			<source file="../../workspace/dataset/test/JsonPointerTest.java" startline="178" endline="198" function="testRootPointer" hash="6927663988063045923"></source>
			<source file="../../workspace/dataset/test/JsonPointerTest.java" startline="209" endline="225" function="testWrongUsageOfDashForQuerying" hash="-7776090075483849612"></source>
		</class>
	</version>
	<version nr="2210" hash="fe557219e" evolution="Add" change="Inconsistent">
		<class nclones="3">
			<source file="../../workspace/dataset/test/JsonPointerTest.java" startline="141" endline="157" function="testJsonArrayQuerying" hash="-4695355636744645970"></source>
			<source file="../../workspace/dataset/test/JsonPointerTest.java" startline="160" endline="175" function="testJsonArrayQueryingOrDefault" hash="-8452819312625285097"></source>
			<source file="../../workspace/dataset/test/JsonPointerTest.java" startline="209" endline="225" function="testWrongUsageOfDashForQuerying" hash="-7776090075483849612"></source>
		</class>
	</version>
	<version nr="2210" hash="fe557219e" evolution="Subtract" change="Inconsistent">
		<class nclones="2">
			<source file="../../workspace/dataset/test/JsonPointerTest.java" startline="178" endline="198" function="testRootPointer" hash="6927663988063045923"></source>
			<source file="../../workspace/dataset/test/JsonPointerTest.java" startline="209" endline="225" function="testWrongUsageOfDashForQuerying" hash="-7776090075483849612"></source>
		</class>
	</version>
	<version nr="2220" hash="c592b7eb7" evolution="Add" change="Inconsistent">
		<class nclones="3">
			<source file="../../workspace/dataset/test/JsonPointerTest.java" startline="141" endline="157" function="testJsonArrayQuerying" hash="-4695355636744645970"></source>
			<source file="../../workspace/dataset/test/JsonPointerTest.java" startline="160" endline="175" function="testJsonArrayQueryingOrDefault" hash="-8452819312625285097"></source>
			<source file="../../workspace/dataset/test/JsonPointerTest.java" startline="209" endline="225" function="testWrongUsageOfDashForQuerying" hash="-7776090075483849612"></source>
		</class>
	</version>
	<version nr="2220" hash="c592b7eb7" evolution="Subtract" change="Inconsistent">
		<class nclones="2">
			<source file="../../workspace/dataset/test/JsonPointerTest.java" startline="178" endline="198" function="testRootPointer" hash="6927663988063045923"></source>
			<source file="../../workspace/dataset/test/JsonPointerTest.java" startline="209" endline="225" function="testWrongUsageOfDashForQuerying" hash="-7776090075483849612"></source>
		</class>
	</version>
	<version nr="2230" hash="d97c6ccad" evolution="Add" change="Inconsistent">
		<class nclones="3">
			<source file="../../workspace/dataset/test/JsonPointerTest.java" startline="141" endline="157" function="testJsonArrayQuerying" hash="-4695355636744645970"></source>
			<source file="../../workspace/dataset/test/JsonPointerTest.java" startline="160" endline="175" function="testJsonArrayQueryingOrDefault" hash="-8452819312625285097"></source>
			<source file="../../workspace/dataset/test/JsonPointerTest.java" startline="209" endline="225" function="testWrongUsageOfDashForQuerying" hash="-7776090075483849612"></source>
		</class>
	</version>
	<version nr="2230" hash="d97c6ccad" evolution="Subtract" change="Inconsistent">
		<class nclones="2">
			<source file="../../workspace/dataset/test/JsonPointerTest.java" startline="178" endline="198" function="testRootPointer" hash="6927663988063045923"></source>
			<source file="../../workspace/dataset/test/JsonPointerTest.java" startline="209" endline="225" function="testWrongUsageOfDashForQuerying" hash="-7776090075483849612"></source>
		</class>
	</version>
	<version nr="2240" hash="733c1e097" evolution="Add" change="Inconsistent">
		<class nclones="3">
			<source file="../../workspace/dataset/test/JsonPointerTest.java" startline="141" endline="157" function="testJsonArrayQuerying" hash="-4695355636744645970"></source>
			<source file="../../workspace/dataset/test/JsonPointerTest.java" startline="160" endline="175" function="testJsonArrayQueryingOrDefault" hash="-8452819312625285097"></source>
			<source file="../../workspace/dataset/test/JsonPointerTest.java" startline="209" endline="225" function="testWrongUsageOfDashForQuerying" hash="-7776090075483849612"></source>
		</class>
	</version>
	<version nr="2240" hash="733c1e097" evolution="Subtract" change="Inconsistent">
		<class nclones="2">
			<source file="../../workspace/dataset/test/JsonPointerTest.java" startline="178" endline="198" function="testRootPointer" hash="6927663988063045923"></source>
			<source file="../../workspace/dataset/test/JsonPointerTest.java" startline="209" endline="225" function="testWrongUsageOfDashForQuerying" hash="-7776090075483849612"></source>
		</class>
	</version>
	<version nr="2250" hash="7dcfa8c80" evolution="Add" change="Inconsistent">
		<class nclones="3">
			<source file="../../workspace/dataset/test/JsonPointerTest.java" startline="141" endline="157" function="testJsonArrayQuerying" hash="-4695355636744645970"></source>
			<source file="../../workspace/dataset/test/JsonPointerTest.java" startline="160" endline="175" function="testJsonArrayQueryingOrDefault" hash="-8452819312625285097"></source>
			<source file="../../workspace/dataset/test/JsonPointerTest.java" startline="209" endline="225" function="testWrongUsageOfDashForQuerying" hash="-7776090075483849612"></source>
		</class>
	</version>
	<version nr="2250" hash="7dcfa8c80" evolution="Subtract" change="Inconsistent">
		<class nclones="2">
			<source file="../../workspace/dataset/test/JsonPointerTest.java" startline="178" endline="198" function="testRootPointer" hash="6927663988063045923"></source>
			<source file="../../workspace/dataset/test/JsonPointerTest.java" startline="209" endline="225" function="testWrongUsageOfDashForQuerying" hash="-7776090075483849612"></source>
		</class>
	</version>
	<version nr="2260" hash="77e925b68" evolution="Add" change="Inconsistent">
		<class nclones="3">
			<source file="../../workspace/dataset/test/JsonPointerTest.java" startline="141" endline="157" function="testJsonArrayQuerying" hash="-4695355636744645970"></source>
			<source file="../../workspace/dataset/test/JsonPointerTest.java" startline="160" endline="175" function="testJsonArrayQueryingOrDefault" hash="-8452819312625285097"></source>
			<source file="../../workspace/dataset/test/JsonPointerTest.java" startline="209" endline="225" function="testWrongUsageOfDashForQuerying" hash="-7776090075483849612"></source>
		</class>
	</version>
	<version nr="2260" hash="77e925b68" evolution="Subtract" change="Inconsistent">
		<class nclones="2">
			<source file="../../workspace/dataset/test/JsonPointerTest.java" startline="178" endline="198" function="testRootPointer" hash="6927663988063045923"></source>
			<source file="../../workspace/dataset/test/JsonPointerTest.java" startline="209" endline="225" function="testWrongUsageOfDashForQuerying" hash="-7776090075483849612"></source>
		</class>
	</version>
	<version nr="2270" hash="a0da1387d" evolution="Add" change="Inconsistent">
		<class nclones="3">
			<source file="../../workspace/dataset/test/JsonPointerTest.java" startline="141" endline="157" function="testJsonArrayQuerying" hash="-4695355636744645970"></source>
			<source file="../../workspace/dataset/test/JsonPointerTest.java" startline="160" endline="175" function="testJsonArrayQueryingOrDefault" hash="-8452819312625285097"></source>
			<source file="../../workspace/dataset/test/JsonPointerTest.java" startline="209" endline="225" function="testWrongUsageOfDashForQuerying" hash="-7776090075483849612"></source>
		</class>
	</version>
	<version nr="2270" hash="a0da1387d" evolution="Subtract" change="Inconsistent">
		<class nclones="2">
			<source file="../../workspace/dataset/test/JsonPointerTest.java" startline="178" endline="198" function="testRootPointer" hash="6927663988063045923"></source>
			<source file="../../workspace/dataset/test/JsonPointerTest.java" startline="209" endline="225" function="testWrongUsageOfDashForQuerying" hash="-7776090075483849612"></source>
		</class>
	</version>
	<version nr="2280" hash="8374efd9e" evolution="Add" change="Inconsistent">
		<class nclones="3">
			<source file="../../workspace/dataset/test/JsonPointerTest.java" startline="141" endline="157" function="testJsonArrayQuerying" hash="-4695355636744645970"></source>
			<source file="../../workspace/dataset/test/JsonPointerTest.java" startline="160" endline="175" function="testJsonArrayQueryingOrDefault" hash="-8452819312625285097"></source>
			<source file="../../workspace/dataset/test/JsonPointerTest.java" startline="209" endline="225" function="testWrongUsageOfDashForQuerying" hash="-7776090075483849612"></source>
		</class>
	</version>
	<version nr="2280" hash="8374efd9e" evolution="Subtract" change="Inconsistent">
		<class nclones="2">
			<source file="../../workspace/dataset/test/JsonPointerTest.java" startline="178" endline="198" function="testRootPointer" hash="6927663988063045923"></source>
			<source file="../../workspace/dataset/test/JsonPointerTest.java" startline="209" endline="225" function="testWrongUsageOfDashForQuerying" hash="-7776090075483849612"></source>
		</class>
	</version>
	<version nr="2290" hash="a794a8ff6" evolution="Add" change="Inconsistent">
		<class nclones="3">
			<source file="../../workspace/dataset/test/JsonPointerTest.java" startline="141" endline="157" function="testJsonArrayQuerying" hash="-4695355636744645970"></source>
			<source file="../../workspace/dataset/test/JsonPointerTest.java" startline="160" endline="175" function="testJsonArrayQueryingOrDefault" hash="-8452819312625285097"></source>
			<source file="../../workspace/dataset/test/JsonPointerTest.java" startline="209" endline="225" function="testWrongUsageOfDashForQuerying" hash="-7776090075483849612"></source>
		</class>
	</version>
	<version nr="2290" hash="a794a8ff6" evolution="Subtract" change="Inconsistent">
		<class nclones="2">
			<source file="../../workspace/dataset/test/JsonPointerTest.java" startline="178" endline="198" function="testRootPointer" hash="6927663988063045923"></source>
			<source file="../../workspace/dataset/test/JsonPointerTest.java" startline="209" endline="225" function="testWrongUsageOfDashForQuerying" hash="-7776090075483849612"></source>
		</class>
	</version>
	<version nr="2300" hash="7cfbc84aa" evolution="Add" change="Inconsistent">
		<class nclones="3">
			<source file="../../workspace/dataset/test/JsonPointerTest.java" startline="141" endline="157" function="testJsonArrayQuerying" hash="-4695355636744645970"></source>
			<source file="../../workspace/dataset/test/JsonPointerTest.java" startline="160" endline="175" function="testJsonArrayQueryingOrDefault" hash="-8452819312625285097"></source>
			<source file="../../workspace/dataset/test/JsonPointerTest.java" startline="209" endline="225" function="testWrongUsageOfDashForQuerying" hash="-7776090075483849612"></source>
		</class>
	</version>
	<version nr="2300" hash="7cfbc84aa" evolution="Subtract" change="Inconsistent">
		<class nclones="2">
			<source file="../../workspace/dataset/test/JsonPointerTest.java" startline="178" endline="198" function="testRootPointer" hash="6927663988063045923"></source>
			<source file="../../workspace/dataset/test/JsonPointerTest.java" startline="209" endline="225" function="testWrongUsageOfDashForQuerying" hash="-7776090075483849612"></source>
		</class>
	</version>
	<version nr="2310" hash="3eb1b3c29" evolution="Add" change="Inconsistent">
		<class nclones="3">
			<source file="../../workspace/dataset/test/JsonPointerTest.java" startline="141" endline="157" function="testJsonArrayQuerying" hash="-4695355636744645970"></source>
			<source file="../../workspace/dataset/test/JsonPointerTest.java" startline="160" endline="175" function="testJsonArrayQueryingOrDefault" hash="-8452819312625285097"></source>
			<source file="../../workspace/dataset/test/JsonPointerTest.java" startline="209" endline="225" function="testWrongUsageOfDashForQuerying" hash="-7776090075483849612"></source>
		</class>
	</version>
	<version nr="2310" hash="3eb1b3c29" evolution="Subtract" change="Inconsistent">
		<class nclones="2">
			<source file="../../workspace/dataset/test/JsonPointerTest.java" startline="178" endline="198" function="testRootPointer" hash="6927663988063045923"></source>
			<source file="../../workspace/dataset/test/JsonPointerTest.java" startline="209" endline="225" function="testWrongUsageOfDashForQuerying" hash="-7776090075483849612"></source>
		</class>
	</version>
	<version nr="2320" hash="ab1464c8d" evolution="Add" change="Inconsistent">
		<class nclones="3">
			<source file="../../workspace/dataset/test/JsonPointerTest.java" startline="141" endline="157" function="testJsonArrayQuerying" hash="-4695355636744645970"></source>
			<source file="../../workspace/dataset/test/JsonPointerTest.java" startline="160" endline="175" function="testJsonArrayQueryingOrDefault" hash="-8452819312625285097"></source>
			<source file="../../workspace/dataset/test/JsonPointerTest.java" startline="209" endline="225" function="testWrongUsageOfDashForQuerying" hash="-7776090075483849612"></source>
		</class>
	</version>
	<version nr="2320" hash="ab1464c8d" evolution="Subtract" change="Inconsistent">
		<class nclones="2">
			<source file="../../workspace/dataset/test/JsonPointerTest.java" startline="178" endline="198" function="testRootPointer" hash="6927663988063045923"></source>
			<source file="../../workspace/dataset/test/JsonPointerTest.java" startline="209" endline="225" function="testWrongUsageOfDashForQuerying" hash="-7776090075483849612"></source>
		</class>
	</version>
	<version nr="2330" hash="64707cb56" evolution="Add" change="Inconsistent">
		<class nclones="3">
			<source file="../../workspace/dataset/test/JsonPointerTest.java" startline="141" endline="157" function="testJsonArrayQuerying" hash="-4695355636744645970"></source>
			<source file="../../workspace/dataset/test/JsonPointerTest.java" startline="160" endline="175" function="testJsonArrayQueryingOrDefault" hash="-8452819312625285097"></source>
			<source file="../../workspace/dataset/test/JsonPointerTest.java" startline="209" endline="225" function="testWrongUsageOfDashForQuerying" hash="-7776090075483849612"></source>
		</class>
	</version>
	<version nr="2330" hash="64707cb56" evolution="Subtract" change="Inconsistent">
		<class nclones="2">
			<source file="../../workspace/dataset/test/JsonPointerTest.java" startline="178" endline="198" function="testRootPointer" hash="6927663988063045923"></source>
			<source file="../../workspace/dataset/test/JsonPointerTest.java" startline="209" endline="225" function="testWrongUsageOfDashForQuerying" hash="-7776090075483849612"></source>
		</class>
	</version>
	<version nr="2340" hash="5c1354f3b" evolution="Add" change="Inconsistent">
		<class nclones="3">
			<source file="../../workspace/dataset/test/JsonPointerTest.java" startline="141" endline="157" function="testJsonArrayQuerying" hash="-4695355636744645970"></source>
			<source file="../../workspace/dataset/test/JsonPointerTest.java" startline="160" endline="175" function="testJsonArrayQueryingOrDefault" hash="-8452819312625285097"></source>
			<source file="../../workspace/dataset/test/JsonPointerTest.java" startline="209" endline="225" function="testWrongUsageOfDashForQuerying" hash="-7776090075483849612"></source>
		</class>
	</version>
	<version nr="2340" hash="5c1354f3b" evolution="Subtract" change="Inconsistent">
		<class nclones="2">
			<source file="../../workspace/dataset/test/JsonPointerTest.java" startline="178" endline="198" function="testRootPointer" hash="6927663988063045923"></source>
			<source file="../../workspace/dataset/test/JsonPointerTest.java" startline="209" endline="225" function="testWrongUsageOfDashForQuerying" hash="-7776090075483849612"></source>
		</class>
	</version>
	<version nr="2350" hash="dbf201346" evolution="Add" change="Inconsistent">
		<class nclones="3">
			<source file="../../workspace/dataset/test/JsonPointerTest.java" startline="141" endline="157" function="testJsonArrayQuerying" hash="-4695355636744645970"></source>
			<source file="../../workspace/dataset/test/JsonPointerTest.java" startline="160" endline="175" function="testJsonArrayQueryingOrDefault" hash="-8452819312625285097"></source>
			<source file="../../workspace/dataset/test/JsonPointerTest.java" startline="209" endline="225" function="testWrongUsageOfDashForQuerying" hash="-7776090075483849612"></source>
		</class>
	</version>
	<version nr="2350" hash="dbf201346" evolution="Subtract" change="Inconsistent">
		<class nclones="2">
			<source file="../../workspace/dataset/test/JsonPointerTest.java" startline="178" endline="198" function="testRootPointer" hash="6927663988063045923"></source>
			<source file="../../workspace/dataset/test/JsonPointerTest.java" startline="209" endline="225" function="testWrongUsageOfDashForQuerying" hash="-7776090075483849612"></source>
		</class>
	</version>
	<version nr="2360" hash="18f3e379b" evolution="Add" change="Inconsistent">
		<class nclones="3">
			<source file="../../workspace/dataset/test/JsonPointerTest.java" startline="141" endline="157" function="testJsonArrayQuerying" hash="-4695355636744645970"></source>
			<source file="../../workspace/dataset/test/JsonPointerTest.java" startline="160" endline="175" function="testJsonArrayQueryingOrDefault" hash="-8452819312625285097"></source>
			<source file="../../workspace/dataset/test/JsonPointerTest.java" startline="209" endline="225" function="testWrongUsageOfDashForQuerying" hash="-7776090075483849612"></source>
		</class>
	</version>
	<version nr="2360" hash="18f3e379b" evolution="Subtract" change="Inconsistent">
		<class nclones="2">
			<source file="../../workspace/dataset/test/JsonPointerTest.java" startline="178" endline="198" function="testRootPointer" hash="6927663988063045923"></source>
			<source file="../../workspace/dataset/test/JsonPointerTest.java" startline="209" endline="225" function="testWrongUsageOfDashForQuerying" hash="-7776090075483849612"></source>
		</class>
	</version>
	<version nr="2370" hash="93645d975" evolution="Add" change="Inconsistent">
		<class nclones="3">
			<source file="../../workspace/dataset/test/JsonPointerTest.java" startline="141" endline="157" function="testJsonArrayQuerying" hash="-4695355636744645970"></source>
			<source file="../../workspace/dataset/test/JsonPointerTest.java" startline="160" endline="175" function="testJsonArrayQueryingOrDefault" hash="-8452819312625285097"></source>
			<source file="../../workspace/dataset/test/JsonPointerTest.java" startline="209" endline="225" function="testWrongUsageOfDashForQuerying" hash="-7776090075483849612"></source>
		</class>
	</version>
	<version nr="2370" hash="93645d975" evolution="Subtract" change="Inconsistent">
		<class nclones="2">
			<source file="../../workspace/dataset/test/JsonPointerTest.java" startline="178" endline="198" function="testRootPointer" hash="6927663988063045923"></source>
			<source file="../../workspace/dataset/test/JsonPointerTest.java" startline="209" endline="225" function="testWrongUsageOfDashForQuerying" hash="-7776090075483849612"></source>
		</class>
	</version>
	<version nr="2380" hash="f8f44b1d6" evolution="Add" change="Inconsistent">
		<class nclones="3">
			<source file="../../workspace/dataset/test/JsonPointerTest.java" startline="141" endline="157" function="testJsonArrayQuerying" hash="-4695355636744645970"></source>
			<source file="../../workspace/dataset/test/JsonPointerTest.java" startline="160" endline="175" function="testJsonArrayQueryingOrDefault" hash="-8452819312625285097"></source>
			<source file="../../workspace/dataset/test/JsonPointerTest.java" startline="209" endline="225" function="testWrongUsageOfDashForQuerying" hash="-7776090075483849612"></source>
		</class>
	</version>
	<version nr="2380" hash="f8f44b1d6" evolution="Subtract" change="Inconsistent">
		<class nclones="2">
			<source file="../../workspace/dataset/test/JsonPointerTest.java" startline="178" endline="198" function="testRootPointer" hash="6927663988063045923"></source>
			<source file="../../workspace/dataset/test/JsonPointerTest.java" startline="209" endline="225" function="testWrongUsageOfDashForQuerying" hash="-7776090075483849612"></source>
		</class>
	</version>
	<version nr="2390" hash="4037b1128" evolution="Add" change="Inconsistent">
		<class nclones="3">
			<source file="../../workspace/dataset/test/JsonPointerTest.java" startline="141" endline="157" function="testJsonArrayQuerying" hash="-4695355636744645970"></source>
			<source file="../../workspace/dataset/test/JsonPointerTest.java" startline="160" endline="175" function="testJsonArrayQueryingOrDefault" hash="-8452819312625285097"></source>
			<source file="../../workspace/dataset/test/JsonPointerTest.java" startline="209" endline="225" function="testWrongUsageOfDashForQuerying" hash="-7776090075483849612"></source>
		</class>
	</version>
	<version nr="2390" hash="4037b1128" evolution="Subtract" change="Inconsistent">
		<class nclones="2">
			<source file="../../workspace/dataset/test/JsonPointerTest.java" startline="178" endline="198" function="testRootPointer" hash="6927663988063045923"></source>
			<source file="../../workspace/dataset/test/JsonPointerTest.java" startline="209" endline="225" function="testWrongUsageOfDashForQuerying" hash="-7776090075483849612"></source>
		</class>
	</version>
	<version nr="2400" hash="1f595c8ec" evolution="Add" change="Inconsistent">
		<class nclones="3">
			<source file="../../workspace/dataset/test/JsonPointerTest.java" startline="141" endline="157" function="testJsonArrayQuerying" hash="-4695355636744645970"></source>
			<source file="../../workspace/dataset/test/JsonPointerTest.java" startline="160" endline="175" function="testJsonArrayQueryingOrDefault" hash="-8452819312625285097"></source>
			<source file="../../workspace/dataset/test/JsonPointerTest.java" startline="209" endline="225" function="testWrongUsageOfDashForQuerying" hash="-7776090075483849612"></source>
		</class>
	</version>
	<version nr="2400" hash="1f595c8ec" evolution="Subtract" change="Inconsistent">
		<class nclones="2">
			<source file="../../workspace/dataset/test/JsonPointerTest.java" startline="178" endline="198" function="testRootPointer" hash="6927663988063045923"></source>
			<source file="../../workspace/dataset/test/JsonPointerTest.java" startline="209" endline="225" function="testWrongUsageOfDashForQuerying" hash="-7776090075483849612"></source>
		</class>
	</version>
	<version nr="2410" hash="bfedb641f" evolution="Add" change="Inconsistent">
		<class nclones="3">
			<source file="../../workspace/dataset/test/JsonPointerTest.java" startline="141" endline="157" function="testJsonArrayQuerying" hash="-4695355636744645970"></source>
			<source file="../../workspace/dataset/test/JsonPointerTest.java" startline="160" endline="175" function="testJsonArrayQueryingOrDefault" hash="-8452819312625285097"></source>
			<source file="../../workspace/dataset/test/JsonPointerTest.java" startline="209" endline="225" function="testWrongUsageOfDashForQuerying" hash="-7776090075483849612"></source>
		</class>
	</version>
	<version nr="2410" hash="bfedb641f" evolution="Subtract" change="Inconsistent">
		<class nclones="2">
			<source file="../../workspace/dataset/test/JsonPointerTest.java" startline="178" endline="198" function="testRootPointer" hash="6927663988063045923"></source>
			<source file="../../workspace/dataset/test/JsonPointerTest.java" startline="209" endline="225" function="testWrongUsageOfDashForQuerying" hash="-7776090075483849612"></source>
		</class>
	</version>
	<version nr="2420" hash="7c6ed81a6" evolution="Add" change="Inconsistent">
		<class nclones="3">
			<source file="../../workspace/dataset/test/JsonPointerTest.java" startline="141" endline="157" function="testJsonArrayQuerying" hash="-4695355636744645970"></source>
			<source file="../../workspace/dataset/test/JsonPointerTest.java" startline="160" endline="175" function="testJsonArrayQueryingOrDefault" hash="-8452819312625285097"></source>
			<source file="../../workspace/dataset/test/JsonPointerTest.java" startline="209" endline="225" function="testWrongUsageOfDashForQuerying" hash="-7776090075483849612"></source>
		</class>
	</version>
	<version nr="2420" hash="7c6ed81a6" evolution="Subtract" change="Inconsistent">
		<class nclones="2">
			<source file="../../workspace/dataset/test/JsonPointerTest.java" startline="178" endline="198" function="testRootPointer" hash="6927663988063045923"></source>
			<source file="../../workspace/dataset/test/JsonPointerTest.java" startline="209" endline="225" function="testWrongUsageOfDashForQuerying" hash="-7776090075483849612"></source>
		</class>
	</version>
	<version nr="2430" hash="d78e4e17d" evolution="Add" change="Inconsistent">
		<class nclones="3">
			<source file="../../workspace/dataset/test/JsonPointerTest.java" startline="141" endline="157" function="testJsonArrayQuerying" hash="-4695355636744645970"></source>
			<source file="../../workspace/dataset/test/JsonPointerTest.java" startline="160" endline="175" function="testJsonArrayQueryingOrDefault" hash="-8452819312625285097"></source>
			<source file="../../workspace/dataset/test/JsonPointerTest.java" startline="209" endline="225" function="testWrongUsageOfDashForQuerying" hash="-7776090075483849612"></source>
		</class>
	</version>
	<version nr="2430" hash="d78e4e17d" evolution="Subtract" change="Inconsistent">
		<class nclones="2">
			<source file="../../workspace/dataset/test/JsonPointerTest.java" startline="178" endline="198" function="testRootPointer" hash="6927663988063045923"></source>
			<source file="../../workspace/dataset/test/JsonPointerTest.java" startline="209" endline="225" function="testWrongUsageOfDashForQuerying" hash="-7776090075483849612"></source>
		</class>
	</version>
	<version nr="2440" hash="5b01aa71b" evolution="Add" change="Inconsistent">
		<class nclones="3">
			<source file="../../workspace/dataset/test/JsonPointerTest.java" startline="141" endline="157" function="testJsonArrayQuerying" hash="-4695355636744645970"></source>
			<source file="../../workspace/dataset/test/JsonPointerTest.java" startline="160" endline="175" function="testJsonArrayQueryingOrDefault" hash="-8452819312625285097"></source>
			<source file="../../workspace/dataset/test/JsonPointerTest.java" startline="209" endline="225" function="testWrongUsageOfDashForQuerying" hash="-7776090075483849612"></source>
		</class>
	</version>
	<version nr="2440" hash="5b01aa71b" evolution="Subtract" change="Inconsistent">
		<class nclones="2">
			<source file="../../workspace/dataset/test/JsonPointerTest.java" startline="178" endline="198" function="testRootPointer" hash="6927663988063045923"></source>
			<source file="../../workspace/dataset/test/JsonPointerTest.java" startline="209" endline="225" function="testWrongUsageOfDashForQuerying" hash="-7776090075483849612"></source>
		</class>
	</version>
	<version nr="2450" hash="272b07c5a" evolution="Add" change="Inconsistent">
		<class nclones="3">
			<source file="../../workspace/dataset/test/JsonPointerTest.java" startline="141" endline="157" function="testJsonArrayQuerying" hash="-4695355636744645970"></source>
			<source file="../../workspace/dataset/test/JsonPointerTest.java" startline="160" endline="175" function="testJsonArrayQueryingOrDefault" hash="-8452819312625285097"></source>
			<source file="../../workspace/dataset/test/JsonPointerTest.java" startline="209" endline="225" function="testWrongUsageOfDashForQuerying" hash="-7776090075483849612"></source>
		</class>
	</version>
	<version nr="2450" hash="272b07c5a" evolution="Subtract" change="Inconsistent">
		<class nclones="2">
			<source file="../../workspace/dataset/test/JsonPointerTest.java" startline="178" endline="198" function="testRootPointer" hash="6927663988063045923"></source>
			<source file="../../workspace/dataset/test/JsonPointerTest.java" startline="209" endline="225" function="testWrongUsageOfDashForQuerying" hash="-7776090075483849612"></source>
		</class>
	</version>
	<version nr="2460" hash="2727979cf" evolution="Add" change="Inconsistent">
		<class nclones="3">
			<source file="../../workspace/dataset/test/JsonPointerTest.java" startline="141" endline="157" function="testJsonArrayQuerying" hash="-4695355636744645970"></source>
			<source file="../../workspace/dataset/test/JsonPointerTest.java" startline="160" endline="175" function="testJsonArrayQueryingOrDefault" hash="-8452819312625285097"></source>
			<source file="../../workspace/dataset/test/JsonPointerTest.java" startline="209" endline="225" function="testWrongUsageOfDashForQuerying" hash="-7776090075483849612"></source>
		</class>
	</version>
	<version nr="2460" hash="2727979cf" evolution="Subtract" change="Inconsistent">
		<class nclones="2">
			<source file="../../workspace/dataset/test/JsonPointerTest.java" startline="178" endline="198" function="testRootPointer" hash="6927663988063045923"></source>
			<source file="../../workspace/dataset/test/JsonPointerTest.java" startline="209" endline="225" function="testWrongUsageOfDashForQuerying" hash="-7776090075483849612"></source>
		</class>
	</version>
	<version nr="2470" hash="23078d30c" evolution="Add" change="Inconsistent">
		<class nclones="3">
			<source file="../../workspace/dataset/test/JsonPointerTest.java" startline="141" endline="157" function="testJsonArrayQuerying" hash="-4695355636744645970"></source>
			<source file="../../workspace/dataset/test/JsonPointerTest.java" startline="160" endline="175" function="testJsonArrayQueryingOrDefault" hash="-8452819312625285097"></source>
			<source file="../../workspace/dataset/test/JsonPointerTest.java" startline="209" endline="225" function="testWrongUsageOfDashForQuerying" hash="-7776090075483849612"></source>
		</class>
	</version>
	<version nr="2470" hash="23078d30c" evolution="Subtract" change="Inconsistent">
		<class nclones="2">
			<source file="../../workspace/dataset/test/JsonPointerTest.java" startline="178" endline="198" function="testRootPointer" hash="6927663988063045923"></source>
			<source file="../../workspace/dataset/test/JsonPointerTest.java" startline="209" endline="225" function="testWrongUsageOfDashForQuerying" hash="-7776090075483849612"></source>
		</class>
	</version>
	<version nr="2480" hash="138b2fdce" evolution="Add" change="Inconsistent">
		<class nclones="3">
			<source file="../../workspace/dataset/test/JsonPointerTest.java" startline="141" endline="157" function="testJsonArrayQuerying" hash="-4695355636744645970"></source>
			<source file="../../workspace/dataset/test/JsonPointerTest.java" startline="160" endline="175" function="testJsonArrayQueryingOrDefault" hash="-8452819312625285097"></source>
			<source file="../../workspace/dataset/test/JsonPointerTest.java" startline="209" endline="225" function="testWrongUsageOfDashForQuerying" hash="-7776090075483849612"></source>
		</class>
	</version>
	<version nr="2480" hash="138b2fdce" evolution="Subtract" change="Inconsistent">
		<class nclones="2">
			<source file="../../workspace/dataset/test/JsonPointerTest.java" startline="178" endline="198" function="testRootPointer" hash="6927663988063045923"></source>
			<source file="../../workspace/dataset/test/JsonPointerTest.java" startline="209" endline="225" function="testWrongUsageOfDashForQuerying" hash="-7776090075483849612"></source>
		</class>
	</version>
	<version nr="2490" hash="e29acb4e0" evolution="Add" change="Inconsistent">
		<class nclones="3">
			<source file="../../workspace/dataset/test/JsonPointerTest.java" startline="141" endline="157" function="testJsonArrayQuerying" hash="-4695355636744645970"></source>
			<source file="../../workspace/dataset/test/JsonPointerTest.java" startline="160" endline="175" function="testJsonArrayQueryingOrDefault" hash="-8452819312625285097"></source>
			<source file="../../workspace/dataset/test/JsonPointerTest.java" startline="209" endline="225" function="testWrongUsageOfDashForQuerying" hash="-7776090075483849612"></source>
		</class>
	</version>
	<version nr="2490" hash="e29acb4e0" evolution="Subtract" change="Inconsistent">
		<class nclones="2">
			<source file="../../workspace/dataset/test/JsonPointerTest.java" startline="178" endline="198" function="testRootPointer" hash="6927663988063045923"></source>
			<source file="../../workspace/dataset/test/JsonPointerTest.java" startline="209" endline="225" function="testWrongUsageOfDashForQuerying" hash="-7776090075483849612"></source>
		</class>
	</version>
	<version nr="2500" hash="2bc83416f" evolution="Add" change="Inconsistent">
		<class nclones="3">
			<source file="../../workspace/dataset/test/JsonPointerTest.java" startline="141" endline="157" function="testJsonArrayQuerying" hash="-4695355636744645970"></source>
			<source file="../../workspace/dataset/test/JsonPointerTest.java" startline="160" endline="175" function="testJsonArrayQueryingOrDefault" hash="-8452819312625285097"></source>
			<source file="../../workspace/dataset/test/JsonPointerTest.java" startline="209" endline="225" function="testWrongUsageOfDashForQuerying" hash="-7776090075483849612"></source>
		</class>
	</version>
	<version nr="2500" hash="2bc83416f" evolution="Subtract" change="Inconsistent">
		<class nclones="2">
			<source file="../../workspace/dataset/test/JsonPointerTest.java" startline="178" endline="198" function="testRootPointer" hash="6927663988063045923"></source>
			<source file="../../workspace/dataset/test/JsonPointerTest.java" startline="209" endline="225" function="testWrongUsageOfDashForQuerying" hash="-7776090075483849612"></source>
		</class>
	</version>
	<version nr="2510" hash="4b015fb19" evolution="Add" change="Inconsistent">
		<class nclones="3">
			<source file="../../workspace/dataset/test/JsonPointerTest.java" startline="141" endline="157" function="testJsonArrayQuerying" hash="-4695355636744645970"></source>
			<source file="../../workspace/dataset/test/JsonPointerTest.java" startline="160" endline="175" function="testJsonArrayQueryingOrDefault" hash="-8452819312625285097"></source>
			<source file="../../workspace/dataset/test/JsonPointerTest.java" startline="209" endline="225" function="testWrongUsageOfDashForQuerying" hash="-7776090075483849612"></source>
		</class>
	</version>
	<version nr="2510" hash="4b015fb19" evolution="Subtract" change="Inconsistent">
		<class nclones="2">
			<source file="../../workspace/dataset/test/JsonPointerTest.java" startline="178" endline="198" function="testRootPointer" hash="6927663988063045923"></source>
			<source file="../../workspace/dataset/test/JsonPointerTest.java" startline="209" endline="225" function="testWrongUsageOfDashForQuerying" hash="-7776090075483849612"></source>
		</class>
	</version>
	<version nr="2520" hash="b8a93913a" evolution="Add" change="Inconsistent">
		<class nclones="3">
			<source file="../../workspace/dataset/test/JsonPointerTest.java" startline="141" endline="157" function="testJsonArrayQuerying" hash="-4695355636744645970"></source>
			<source file="../../workspace/dataset/test/JsonPointerTest.java" startline="160" endline="175" function="testJsonArrayQueryingOrDefault" hash="-8452819312625285097"></source>
			<source file="../../workspace/dataset/test/JsonPointerTest.java" startline="209" endline="225" function="testWrongUsageOfDashForQuerying" hash="-7776090075483849612"></source>
		</class>
	</version>
	<version nr="2520" hash="b8a93913a" evolution="Subtract" change="Inconsistent">
		<class nclones="2">
			<source file="../../workspace/dataset/test/JsonPointerTest.java" startline="178" endline="198" function="testRootPointer" hash="6927663988063045923"></source>
			<source file="../../workspace/dataset/test/JsonPointerTest.java" startline="209" endline="225" function="testWrongUsageOfDashForQuerying" hash="-7776090075483849612"></source>
		</class>
	</version>
	<version nr="2530" hash="6cb5277af" evolution="Add" change="Inconsistent">
		<class nclones="3">
			<source file="../../workspace/dataset/test/JsonPointerTest.java" startline="141" endline="157" function="testJsonArrayQuerying" hash="-4695355636744645970"></source>
			<source file="../../workspace/dataset/test/JsonPointerTest.java" startline="160" endline="175" function="testJsonArrayQueryingOrDefault" hash="-8452819312625285097"></source>
			<source file="../../workspace/dataset/test/JsonPointerTest.java" startline="209" endline="225" function="testWrongUsageOfDashForQuerying" hash="-7776090075483849612"></source>
		</class>
	</version>
	<version nr="2530" hash="6cb5277af" evolution="Subtract" change="Inconsistent">
		<class nclones="2">
			<source file="../../workspace/dataset/test/JsonPointerTest.java" startline="178" endline="198" function="testRootPointer" hash="6927663988063045923"></source>
			<source file="../../workspace/dataset/test/JsonPointerTest.java" startline="209" endline="225" function="testWrongUsageOfDashForQuerying" hash="-7776090075483849612"></source>
		</class>
	</version>
	<version nr="2540" hash="1553eb366" evolution="Add" change="Inconsistent">
		<class nclones="3">
			<source file="../../workspace/dataset/test/JsonPointerTest.java" startline="141" endline="157" function="testJsonArrayQuerying" hash="-4695355636744645970"></source>
			<source file="../../workspace/dataset/test/JsonPointerTest.java" startline="160" endline="175" function="testJsonArrayQueryingOrDefault" hash="-8452819312625285097"></source>
			<source file="../../workspace/dataset/test/JsonPointerTest.java" startline="209" endline="225" function="testWrongUsageOfDashForQuerying" hash="-7776090075483849612"></source>
		</class>
	</version>
	<version nr="2540" hash="1553eb366" evolution="Subtract" change="Inconsistent">
		<class nclones="2">
			<source file="../../workspace/dataset/test/JsonPointerTest.java" startline="178" endline="198" function="testRootPointer" hash="6927663988063045923"></source>
			<source file="../../workspace/dataset/test/JsonPointerTest.java" startline="209" endline="225" function="testWrongUsageOfDashForQuerying" hash="-7776090075483849612"></source>
		</class>
	</version>
	<version nr="2550" hash="0226a06d9" evolution="Add" change="Inconsistent">
		<class nclones="3">
			<source file="../../workspace/dataset/test/JsonPointerTest.java" startline="141" endline="157" function="testJsonArrayQuerying" hash="-4695355636744645970"></source>
			<source file="../../workspace/dataset/test/JsonPointerTest.java" startline="160" endline="175" function="testJsonArrayQueryingOrDefault" hash="-8452819312625285097"></source>
			<source file="../../workspace/dataset/test/JsonPointerTest.java" startline="209" endline="225" function="testWrongUsageOfDashForQuerying" hash="-7776090075483849612"></source>
		</class>
	</version>
	<version nr="2550" hash="0226a06d9" evolution="Subtract" change="Inconsistent">
		<class nclones="2">
			<source file="../../workspace/dataset/test/JsonPointerTest.java" startline="178" endline="198" function="testRootPointer" hash="6927663988063045923"></source>
			<source file="../../workspace/dataset/test/JsonPointerTest.java" startline="209" endline="225" function="testWrongUsageOfDashForQuerying" hash="-7776090075483849612"></source>
		</class>
	</version>
	<version nr="2560" hash="2bb738f01" evolution="Add" change="Inconsistent">
		<class nclones="3">
			<source file="../../workspace/dataset/test/JsonPointerTest.java" startline="141" endline="157" function="testJsonArrayQuerying" hash="-4695355636744645970"></source>
			<source file="../../workspace/dataset/test/JsonPointerTest.java" startline="160" endline="175" function="testJsonArrayQueryingOrDefault" hash="-8452819312625285097"></source>
			<source file="../../workspace/dataset/test/JsonPointerTest.java" startline="209" endline="225" function="testWrongUsageOfDashForQuerying" hash="-7776090075483849612"></source>
		</class>
	</version>
	<version nr="2560" hash="2bb738f01" evolution="Subtract" change="Inconsistent">
		<class nclones="2">
			<source file="../../workspace/dataset/test/JsonPointerTest.java" startline="178" endline="198" function="testRootPointer" hash="6927663988063045923"></source>
			<source file="../../workspace/dataset/test/JsonPointerTest.java" startline="209" endline="225" function="testWrongUsageOfDashForQuerying" hash="-7776090075483849612"></source>
		</class>
	</version>
	<version nr="2570" hash="72bccef9f" evolution="Add" change="Inconsistent">
		<class nclones="3">
			<source file="../../workspace/dataset/test/JsonPointerTest.java" startline="141" endline="157" function="testJsonArrayQuerying" hash="-4695355636744645970"></source>
			<source file="../../workspace/dataset/test/JsonPointerTest.java" startline="160" endline="175" function="testJsonArrayQueryingOrDefault" hash="-8452819312625285097"></source>
			<source file="../../workspace/dataset/test/JsonPointerTest.java" startline="209" endline="225" function="testWrongUsageOfDashForQuerying" hash="-7776090075483849612"></source>
		</class>
	</version>
	<version nr="2570" hash="72bccef9f" evolution="Subtract" change="Inconsistent">
		<class nclones="2">
			<source file="../../workspace/dataset/test/JsonPointerTest.java" startline="178" endline="198" function="testRootPointer" hash="6927663988063045923"></source>
			<source file="../../workspace/dataset/test/JsonPointerTest.java" startline="209" endline="225" function="testWrongUsageOfDashForQuerying" hash="-7776090075483849612"></source>
		</class>
	</version>
	<version nr="2580" hash="3588e2032" evolution="Add" change="Inconsistent">
		<class nclones="3">
			<source file="../../workspace/dataset/test/JsonPointerTest.java" startline="141" endline="157" function="testJsonArrayQuerying" hash="-4695355636744645970"></source>
			<source file="../../workspace/dataset/test/JsonPointerTest.java" startline="160" endline="175" function="testJsonArrayQueryingOrDefault" hash="-8452819312625285097"></source>
			<source file="../../workspace/dataset/test/JsonPointerTest.java" startline="209" endline="225" function="testWrongUsageOfDashForQuerying" hash="-7776090075483849612"></source>
		</class>
	</version>
	<version nr="2580" hash="3588e2032" evolution="Subtract" change="Inconsistent">
		<class nclones="2">
			<source file="../../workspace/dataset/test/JsonPointerTest.java" startline="178" endline="198" function="testRootPointer" hash="6927663988063045923"></source>
			<source file="../../workspace/dataset/test/JsonPointerTest.java" startline="209" endline="225" function="testWrongUsageOfDashForQuerying" hash="-7776090075483849612"></source>
		</class>
	</version>
	<version nr="2590" hash="db648d009" evolution="Add" change="Inconsistent">
		<class nclones="3">
			<source file="../../workspace/dataset/test/JsonPointerTest.java" startline="141" endline="157" function="testJsonArrayQuerying" hash="-4695355636744645970"></source>
			<source file="../../workspace/dataset/test/JsonPointerTest.java" startline="160" endline="175" function="testJsonArrayQueryingOrDefault" hash="-8452819312625285097"></source>
			<source file="../../workspace/dataset/test/JsonPointerTest.java" startline="209" endline="225" function="testWrongUsageOfDashForQuerying" hash="-7776090075483849612"></source>
		</class>
	</version>
	<version nr="2590" hash="db648d009" evolution="Subtract" change="Inconsistent">
		<class nclones="2">
			<source file="../../workspace/dataset/test/JsonPointerTest.java" startline="178" endline="198" function="testRootPointer" hash="6927663988063045923"></source>
			<source file="../../workspace/dataset/test/JsonPointerTest.java" startline="209" endline="225" function="testWrongUsageOfDashForQuerying" hash="-7776090075483849612"></source>
		</class>
	</version>
	<version nr="2600" hash="d0a1ba779" evolution="Add" change="Inconsistent">
		<class nclones="3">
			<source file="../../workspace/dataset/test/JsonPointerTest.java" startline="141" endline="157" function="testJsonArrayQuerying" hash="-4695355636744645970"></source>
			<source file="../../workspace/dataset/test/JsonPointerTest.java" startline="160" endline="175" function="testJsonArrayQueryingOrDefault" hash="-8452819312625285097"></source>
			<source file="../../workspace/dataset/test/JsonPointerTest.java" startline="209" endline="225" function="testWrongUsageOfDashForQuerying" hash="-7776090075483849612"></source>
		</class>
	</version>
	<version nr="2600" hash="d0a1ba779" evolution="Subtract" change="Inconsistent">
		<class nclones="2">
			<source file="../../workspace/dataset/test/JsonPointerTest.java" startline="178" endline="198" function="testRootPointer" hash="6927663988063045923"></source>
			<source file="../../workspace/dataset/test/JsonPointerTest.java" startline="209" endline="225" function="testWrongUsageOfDashForQuerying" hash="-7776090075483849612"></source>
		</class>
	</version>
	<version nr="2610" hash="9a8150a0c" evolution="Add" change="Inconsistent">
		<class nclones="3">
			<source file="../../workspace/dataset/test/JsonPointerTest.java" startline="141" endline="157" function="testJsonArrayQuerying" hash="-4695355636744645970"></source>
			<source file="../../workspace/dataset/test/JsonPointerTest.java" startline="160" endline="175" function="testJsonArrayQueryingOrDefault" hash="-8452819312625285097"></source>
			<source file="../../workspace/dataset/test/JsonPointerTest.java" startline="209" endline="225" function="testWrongUsageOfDashForQuerying" hash="-7776090075483849612"></source>
		</class>
	</version>
	<version nr="2610" hash="9a8150a0c" evolution="Subtract" change="Inconsistent">
		<class nclones="2">
			<source file="../../workspace/dataset/test/JsonPointerTest.java" startline="178" endline="198" function="testRootPointer" hash="6927663988063045923"></source>
			<source file="../../workspace/dataset/test/JsonPointerTest.java" startline="209" endline="225" function="testWrongUsageOfDashForQuerying" hash="-7776090075483849612"></source>
		</class>
	</version>
	<version nr="2620" hash="87aa147a1" evolution="Add" change="Inconsistent">
		<class nclones="3">
			<source file="../../workspace/dataset/test/JsonPointerTest.java" startline="141" endline="157" function="testJsonArrayQuerying" hash="-4695355636744645970"></source>
			<source file="../../workspace/dataset/test/JsonPointerTest.java" startline="160" endline="175" function="testJsonArrayQueryingOrDefault" hash="-8452819312625285097"></source>
			<source file="../../workspace/dataset/test/JsonPointerTest.java" startline="209" endline="225" function="testWrongUsageOfDashForQuerying" hash="-7776090075483849612"></source>
		</class>
	</version>
	<version nr="2620" hash="87aa147a1" evolution="Subtract" change="Inconsistent">
		<class nclones="2">
			<source file="../../workspace/dataset/test/JsonPointerTest.java" startline="178" endline="198" function="testRootPointer" hash="6927663988063045923"></source>
			<source file="../../workspace/dataset/test/JsonPointerTest.java" startline="209" endline="225" function="testWrongUsageOfDashForQuerying" hash="-7776090075483849612"></source>
		</class>
	</version>
	<version nr="2630" hash="fee3d01be" evolution="Add" change="Inconsistent">
		<class nclones="3">
			<source file="../../workspace/dataset/test/JsonPointerTest.java" startline="141" endline="157" function="testJsonArrayQuerying" hash="-4695355636744645970"></source>
			<source file="../../workspace/dataset/test/JsonPointerTest.java" startline="160" endline="175" function="testJsonArrayQueryingOrDefault" hash="-8452819312625285097"></source>
			<source file="../../workspace/dataset/test/JsonPointerTest.java" startline="209" endline="225" function="testWrongUsageOfDashForQuerying" hash="-7776090075483849612"></source>
		</class>
	</version>
	<version nr="2630" hash="fee3d01be" evolution="Subtract" change="Inconsistent">
		<class nclones="2">
			<source file="../../workspace/dataset/test/JsonPointerTest.java" startline="178" endline="198" function="testRootPointer" hash="6927663988063045923"></source>
			<source file="../../workspace/dataset/test/JsonPointerTest.java" startline="209" endline="225" function="testWrongUsageOfDashForQuerying" hash="-7776090075483849612"></source>
		</class>
	</version>
	<version nr="2640" hash="62327f62f" evolution="Add" change="Inconsistent">
		<class nclones="3">
			<source file="../../workspace/dataset/test/JsonPointerTest.java" startline="141" endline="157" function="testJsonArrayQuerying" hash="-4695355636744645970"></source>
			<source file="../../workspace/dataset/test/JsonPointerTest.java" startline="160" endline="175" function="testJsonArrayQueryingOrDefault" hash="-8452819312625285097"></source>
			<source file="../../workspace/dataset/test/JsonPointerTest.java" startline="209" endline="225" function="testWrongUsageOfDashForQuerying" hash="-7776090075483849612"></source>
		</class>
	</version>
	<version nr="2640" hash="62327f62f" evolution="Subtract" change="Inconsistent">
		<class nclones="2">
			<source file="../../workspace/dataset/test/JsonPointerTest.java" startline="178" endline="198" function="testRootPointer" hash="6927663988063045923"></source>
			<source file="../../workspace/dataset/test/JsonPointerTest.java" startline="209" endline="225" function="testWrongUsageOfDashForQuerying" hash="-7776090075483849612"></source>
		</class>
	</version>
	<version nr="2650" hash="947666aeb" evolution="Add" change="Inconsistent">
		<class nclones="3">
			<source file="../../workspace/dataset/test/JsonPointerTest.java" startline="141" endline="157" function="testJsonArrayQuerying" hash="-4695355636744645970"></source>
			<source file="../../workspace/dataset/test/JsonPointerTest.java" startline="160" endline="175" function="testJsonArrayQueryingOrDefault" hash="-8452819312625285097"></source>
			<source file="../../workspace/dataset/test/JsonPointerTest.java" startline="209" endline="225" function="testWrongUsageOfDashForQuerying" hash="-7776090075483849612"></source>
		</class>
	</version>
	<version nr="2650" hash="947666aeb" evolution="Subtract" change="Inconsistent">
		<class nclones="2">
			<source file="../../workspace/dataset/test/JsonPointerTest.java" startline="178" endline="198" function="testRootPointer" hash="6927663988063045923"></source>
			<source file="../../workspace/dataset/test/JsonPointerTest.java" startline="209" endline="225" function="testWrongUsageOfDashForQuerying" hash="-7776090075483849612"></source>
		</class>
	</version>
	<version nr="2660" hash="cb8662c19" evolution="Add" change="Inconsistent">
		<class nclones="3">
			<source file="../../workspace/dataset/test/JsonPointerTest.java" startline="141" endline="157" function="testJsonArrayQuerying" hash="-4695355636744645970"></source>
			<source file="../../workspace/dataset/test/JsonPointerTest.java" startline="160" endline="175" function="testJsonArrayQueryingOrDefault" hash="-8452819312625285097"></source>
			<source file="../../workspace/dataset/test/JsonPointerTest.java" startline="209" endline="225" function="testWrongUsageOfDashForQuerying" hash="-7776090075483849612"></source>
		</class>
	</version>
	<version nr="2660" hash="cb8662c19" evolution="Subtract" change="Inconsistent">
		<class nclones="2">
			<source file="../../workspace/dataset/test/JsonPointerTest.java" startline="178" endline="198" function="testRootPointer" hash="6927663988063045923"></source>
			<source file="../../workspace/dataset/test/JsonPointerTest.java" startline="209" endline="225" function="testWrongUsageOfDashForQuerying" hash="-7776090075483849612"></source>
		</class>
	</version>
	<version nr="2670" hash="f7cbccb16" evolution="Add" change="Inconsistent">
		<class nclones="3">
			<source file="../../workspace/dataset/test/JsonPointerTest.java" startline="141" endline="157" function="testJsonArrayQuerying" hash="-4695355636744645970"></source>
			<source file="../../workspace/dataset/test/JsonPointerTest.java" startline="160" endline="175" function="testJsonArrayQueryingOrDefault" hash="-8452819312625285097"></source>
			<source file="../../workspace/dataset/test/JsonPointerTest.java" startline="209" endline="225" function="testWrongUsageOfDashForQuerying" hash="-7776090075483849612"></source>
		</class>
	</version>
	<version nr="2670" hash="f7cbccb16" evolution="Subtract" change="Inconsistent">
		<class nclones="2">
			<source file="../../workspace/dataset/test/JsonPointerTest.java" startline="178" endline="198" function="testRootPointer" hash="6927663988063045923"></source>
			<source file="../../workspace/dataset/test/JsonPointerTest.java" startline="209" endline="225" function="testWrongUsageOfDashForQuerying" hash="-7776090075483849612"></source>
		</class>
	</version>
	<version nr="2680" hash="048d63e25" evolution="Add" change="Inconsistent">
		<class nclones="3">
			<source file="../../workspace/dataset/test/JsonPointerTest.java" startline="141" endline="157" function="testJsonArrayQuerying" hash="-4695355636744645970"></source>
			<source file="../../workspace/dataset/test/JsonPointerTest.java" startline="160" endline="175" function="testJsonArrayQueryingOrDefault" hash="-8452819312625285097"></source>
			<source file="../../workspace/dataset/test/JsonPointerTest.java" startline="209" endline="225" function="testWrongUsageOfDashForQuerying" hash="-7776090075483849612"></source>
		</class>
	</version>
	<version nr="2680" hash="048d63e25" evolution="Subtract" change="Inconsistent">
		<class nclones="2">
			<source file="../../workspace/dataset/test/JsonPointerTest.java" startline="178" endline="198" function="testRootPointer" hash="6927663988063045923"></source>
			<source file="../../workspace/dataset/test/JsonPointerTest.java" startline="209" endline="225" function="testWrongUsageOfDashForQuerying" hash="-7776090075483849612"></source>
		</class>
	</version>
	<version nr="2690" hash="7c3a87754" evolution="Add" change="Inconsistent">
		<class nclones="3">
			<source file="../../workspace/dataset/test/JsonPointerTest.java" startline="141" endline="157" function="testJsonArrayQuerying" hash="-4695355636744645970"></source>
			<source file="../../workspace/dataset/test/JsonPointerTest.java" startline="160" endline="175" function="testJsonArrayQueryingOrDefault" hash="-8452819312625285097"></source>
			<source file="../../workspace/dataset/test/JsonPointerTest.java" startline="209" endline="225" function="testWrongUsageOfDashForQuerying" hash="-7776090075483849612"></source>
		</class>
	</version>
	<version nr="2690" hash="7c3a87754" evolution="Subtract" change="Inconsistent">
		<class nclones="2">
			<source file="../../workspace/dataset/test/JsonPointerTest.java" startline="178" endline="198" function="testRootPointer" hash="6927663988063045923"></source>
			<source file="../../workspace/dataset/test/JsonPointerTest.java" startline="209" endline="225" function="testWrongUsageOfDashForQuerying" hash="-7776090075483849612"></source>
		</class>
	</version>
	<version nr="2700" hash="bafe6d469" evolution="Add" change="Inconsistent">
		<class nclones="3">
			<source file="../../workspace/dataset/test/JsonPointerTest.java" startline="141" endline="157" function="testJsonArrayQuerying" hash="-4695355636744645970"></source>
			<source file="../../workspace/dataset/test/JsonPointerTest.java" startline="160" endline="175" function="testJsonArrayQueryingOrDefault" hash="-8452819312625285097"></source>
			<source file="../../workspace/dataset/test/JsonPointerTest.java" startline="209" endline="225" function="testWrongUsageOfDashForQuerying" hash="-7776090075483849612"></source>
		</class>
	</version>
	<version nr="2700" hash="bafe6d469" evolution="Subtract" change="Inconsistent">
		<class nclones="2">
			<source file="../../workspace/dataset/test/JsonPointerTest.java" startline="178" endline="198" function="testRootPointer" hash="6927663988063045923"></source>
			<source file="../../workspace/dataset/test/JsonPointerTest.java" startline="209" endline="225" function="testWrongUsageOfDashForQuerying" hash="-7776090075483849612"></source>
		</class>
	</version>
	<version nr="2710" hash="ce80ba660" evolution="Add" change="Inconsistent">
		<class nclones="3">
			<source file="../../workspace/dataset/test/JsonPointerTest.java" startline="141" endline="157" function="testJsonArrayQuerying" hash="-4695355636744645970"></source>
			<source file="../../workspace/dataset/test/JsonPointerTest.java" startline="160" endline="175" function="testJsonArrayQueryingOrDefault" hash="-8452819312625285097"></source>
			<source file="../../workspace/dataset/test/JsonPointerTest.java" startline="209" endline="225" function="testWrongUsageOfDashForQuerying" hash="-7776090075483849612"></source>
		</class>
	</version>
	<version nr="2710" hash="ce80ba660" evolution="Subtract" change="Inconsistent">
		<class nclones="2">
			<source file="../../workspace/dataset/test/JsonPointerTest.java" startline="178" endline="198" function="testRootPointer" hash="6927663988063045923"></source>
			<source file="../../workspace/dataset/test/JsonPointerTest.java" startline="209" endline="225" function="testWrongUsageOfDashForQuerying" hash="-7776090075483849612"></source>
		</class>
	</version>
	<version nr="2720" hash="61d98b708" evolution="Add" change="Inconsistent">
		<class nclones="3">
			<source file="../../workspace/dataset/test/JsonPointerTest.java" startline="141" endline="157" function="testJsonArrayQuerying" hash="-4695355636744645970"></source>
			<source file="../../workspace/dataset/test/JsonPointerTest.java" startline="160" endline="175" function="testJsonArrayQueryingOrDefault" hash="-8452819312625285097"></source>
			<source file="../../workspace/dataset/test/JsonPointerTest.java" startline="209" endline="225" function="testWrongUsageOfDashForQuerying" hash="-7776090075483849612"></source>
		</class>
	</version>
	<version nr="2720" hash="61d98b708" evolution="Subtract" change="Inconsistent">
		<class nclones="2">
			<source file="../../workspace/dataset/test/JsonPointerTest.java" startline="178" endline="198" function="testRootPointer" hash="6927663988063045923"></source>
			<source file="../../workspace/dataset/test/JsonPointerTest.java" startline="209" endline="225" function="testWrongUsageOfDashForQuerying" hash="-7776090075483849612"></source>
		</class>
	</version>
	<version nr="2730" hash="a7b7214c5" evolution="Add" change="Inconsistent">
		<class nclones="3">
			<source file="../../workspace/dataset/test/JsonPointerTest.java" startline="141" endline="157" function="testJsonArrayQuerying" hash="-4695355636744645970"></source>
			<source file="../../workspace/dataset/test/JsonPointerTest.java" startline="160" endline="175" function="testJsonArrayQueryingOrDefault" hash="-8452819312625285097"></source>
			<source file="../../workspace/dataset/test/JsonPointerTest.java" startline="209" endline="225" function="testWrongUsageOfDashForQuerying" hash="-7776090075483849612"></source>
		</class>
	</version>
	<version nr="2730" hash="a7b7214c5" evolution="Subtract" change="Inconsistent">
		<class nclones="2">
			<source file="../../workspace/dataset/test/JsonPointerTest.java" startline="178" endline="198" function="testRootPointer" hash="6927663988063045923"></source>
			<source file="../../workspace/dataset/test/JsonPointerTest.java" startline="209" endline="225" function="testWrongUsageOfDashForQuerying" hash="-7776090075483849612"></source>
		</class>
	</version>
	<version nr="2740" hash="29bbea88d" evolution="Add" change="Inconsistent">
		<class nclones="3">
			<source file="../../workspace/dataset/test/JsonPointerTest.java" startline="141" endline="157" function="testJsonArrayQuerying" hash="-4695355636744645970"></source>
			<source file="../../workspace/dataset/test/JsonPointerTest.java" startline="160" endline="175" function="testJsonArrayQueryingOrDefault" hash="-8452819312625285097"></source>
			<source file="../../workspace/dataset/test/JsonPointerTest.java" startline="209" endline="225" function="testWrongUsageOfDashForQuerying" hash="-7776090075483849612"></source>
		</class>
	</version>
	<version nr="2740" hash="29bbea88d" evolution="Subtract" change="Inconsistent">
		<class nclones="2">
			<source file="../../workspace/dataset/test/JsonPointerTest.java" startline="178" endline="198" function="testRootPointer" hash="6927663988063045923"></source>
			<source file="../../workspace/dataset/test/JsonPointerTest.java" startline="209" endline="225" function="testWrongUsageOfDashForQuerying" hash="-7776090075483849612"></source>
		</class>
	</version>
	<version nr="2750" hash="2d8fc425e" evolution="Add" change="Inconsistent">
		<class nclones="3">
			<source file="../../workspace/dataset/test/JsonPointerTest.java" startline="141" endline="157" function="testJsonArrayQuerying" hash="-4695355636744645970"></source>
			<source file="../../workspace/dataset/test/JsonPointerTest.java" startline="160" endline="175" function="testJsonArrayQueryingOrDefault" hash="-8452819312625285097"></source>
			<source file="../../workspace/dataset/test/JsonPointerTest.java" startline="209" endline="225" function="testWrongUsageOfDashForQuerying" hash="-7776090075483849612"></source>
		</class>
	</version>
	<version nr="2750" hash="2d8fc425e" evolution="Subtract" change="Inconsistent">
		<class nclones="2">
			<source file="../../workspace/dataset/test/JsonPointerTest.java" startline="178" endline="198" function="testRootPointer" hash="6927663988063045923"></source>
			<source file="../../workspace/dataset/test/JsonPointerTest.java" startline="209" endline="225" function="testWrongUsageOfDashForQuerying" hash="-7776090075483849612"></source>
		</class>
	</version>
	<version nr="2760" hash="991ac6bd2" evolution="Add" change="Inconsistent">
		<class nclones="3">
			<source file="../../workspace/dataset/test/JsonPointerTest.java" startline="141" endline="157" function="testJsonArrayQuerying" hash="-4695355636744645970"></source>
			<source file="../../workspace/dataset/test/JsonPointerTest.java" startline="160" endline="175" function="testJsonArrayQueryingOrDefault" hash="-8452819312625285097"></source>
			<source file="../../workspace/dataset/test/JsonPointerTest.java" startline="209" endline="225" function="testWrongUsageOfDashForQuerying" hash="-7776090075483849612"></source>
		</class>
	</version>
	<version nr="2760" hash="991ac6bd2" evolution="Subtract" change="Inconsistent">
		<class nclones="2">
			<source file="../../workspace/dataset/test/JsonPointerTest.java" startline="178" endline="198" function="testRootPointer" hash="6927663988063045923"></source>
			<source file="../../workspace/dataset/test/JsonPointerTest.java" startline="209" endline="225" function="testWrongUsageOfDashForQuerying" hash="-7776090075483849612"></source>
		</class>
	</version>
	<version nr="2770" hash="67c5f080d" evolution="Add" change="Inconsistent">
		<class nclones="3">
			<source file="../../workspace/dataset/test/JsonPointerTest.java" startline="141" endline="157" function="testJsonArrayQuerying" hash="-4695355636744645970"></source>
			<source file="../../workspace/dataset/test/JsonPointerTest.java" startline="160" endline="175" function="testJsonArrayQueryingOrDefault" hash="-8452819312625285097"></source>
			<source file="../../workspace/dataset/test/JsonPointerTest.java" startline="209" endline="225" function="testWrongUsageOfDashForQuerying" hash="-7776090075483849612"></source>
		</class>
	</version>
	<version nr="2770" hash="67c5f080d" evolution="Subtract" change="Inconsistent">
		<class nclones="2">
			<source file="../../workspace/dataset/test/JsonPointerTest.java" startline="178" endline="198" function="testRootPointer" hash="6927663988063045923"></source>
			<source file="../../workspace/dataset/test/JsonPointerTest.java" startline="209" endline="225" function="testWrongUsageOfDashForQuerying" hash="-7776090075483849612"></source>
		</class>
	</version>
	<version nr="2780" hash="2e945fa72" evolution="Add" change="Inconsistent">
		<class nclones="3">
			<source file="../../workspace/dataset/test/JsonPointerTest.java" startline="141" endline="157" function="testJsonArrayQuerying" hash="-4695355636744645970"></source>
			<source file="../../workspace/dataset/test/JsonPointerTest.java" startline="160" endline="175" function="testJsonArrayQueryingOrDefault" hash="-8452819312625285097"></source>
			<source file="../../workspace/dataset/test/JsonPointerTest.java" startline="209" endline="225" function="testWrongUsageOfDashForQuerying" hash="-7776090075483849612"></source>
		</class>
	</version>
	<version nr="2780" hash="2e945fa72" evolution="Subtract" change="Inconsistent">
		<class nclones="2">
			<source file="../../workspace/dataset/test/JsonPointerTest.java" startline="178" endline="198" function="testRootPointer" hash="6927663988063045923"></source>
			<source file="../../workspace/dataset/test/JsonPointerTest.java" startline="209" endline="225" function="testWrongUsageOfDashForQuerying" hash="-7776090075483849612"></source>
		</class>
	</version>
	<version nr="2790" hash="b7b148db9" evolution="Add" change="Inconsistent">
		<class nclones="3">
			<source file="../../workspace/dataset/test/JsonPointerTest.java" startline="141" endline="157" function="testJsonArrayQuerying" hash="-4695355636744645970"></source>
			<source file="../../workspace/dataset/test/JsonPointerTest.java" startline="160" endline="175" function="testJsonArrayQueryingOrDefault" hash="-8452819312625285097"></source>
			<source file="../../workspace/dataset/test/JsonPointerTest.java" startline="209" endline="225" function="testWrongUsageOfDashForQuerying" hash="-7776090075483849612"></source>
		</class>
	</version>
	<version nr="2790" hash="b7b148db9" evolution="Subtract" change="Inconsistent">
		<class nclones="2">
			<source file="../../workspace/dataset/test/JsonPointerTest.java" startline="178" endline="198" function="testRootPointer" hash="6927663988063045923"></source>
			<source file="../../workspace/dataset/test/JsonPointerTest.java" startline="209" endline="225" function="testWrongUsageOfDashForQuerying" hash="-7776090075483849612"></source>
		</class>
	</version>
	<version nr="2800" hash="004c3d00e" evolution="Add" change="Inconsistent">
		<class nclones="3">
			<source file="../../workspace/dataset/test/JsonPointerTest.java" startline="141" endline="157" function="testJsonArrayQuerying" hash="-4695355636744645970"></source>
			<source file="../../workspace/dataset/test/JsonPointerTest.java" startline="160" endline="175" function="testJsonArrayQueryingOrDefault" hash="-8452819312625285097"></source>
			<source file="../../workspace/dataset/test/JsonPointerTest.java" startline="209" endline="225" function="testWrongUsageOfDashForQuerying" hash="-7776090075483849612"></source>
		</class>
	</version>
	<version nr="2800" hash="004c3d00e" evolution="Subtract" change="Inconsistent">
		<class nclones="2">
			<source file="../../workspace/dataset/test/JsonPointerTest.java" startline="178" endline="198" function="testRootPointer" hash="6927663988063045923"></source>
			<source file="../../workspace/dataset/test/JsonPointerTest.java" startline="209" endline="225" function="testWrongUsageOfDashForQuerying" hash="-7776090075483849612"></source>
		</class>
	</version>
	<version nr="2810" hash="f5d65be4b" evolution="Add" change="Inconsistent">
		<class nclones="3">
			<source file="../../workspace/dataset/test/JsonPointerTest.java" startline="141" endline="157" function="testJsonArrayQuerying" hash="-4695355636744645970"></source>
			<source file="../../workspace/dataset/test/JsonPointerTest.java" startline="160" endline="175" function="testJsonArrayQueryingOrDefault" hash="-8452819312625285097"></source>
			<source file="../../workspace/dataset/test/JsonPointerTest.java" startline="209" endline="225" function="testWrongUsageOfDashForQuerying" hash="-7776090075483849612"></source>
		</class>
	</version>
	<version nr="2810" hash="f5d65be4b" evolution="Subtract" change="Inconsistent">
		<class nclones="2">
			<source file="../../workspace/dataset/test/JsonPointerTest.java" startline="178" endline="198" function="testRootPointer" hash="6927663988063045923"></source>
			<source file="../../workspace/dataset/test/JsonPointerTest.java" startline="209" endline="225" function="testWrongUsageOfDashForQuerying" hash="-7776090075483849612"></source>
		</class>
	</version>
	<version nr="2820" hash="11ab14472" evolution="Add" change="Inconsistent">
		<class nclones="3">
			<source file="../../workspace/dataset/test/JsonPointerTest.java" startline="141" endline="157" function="testJsonArrayQuerying" hash="-4695355636744645970"></source>
			<source file="../../workspace/dataset/test/JsonPointerTest.java" startline="160" endline="175" function="testJsonArrayQueryingOrDefault" hash="-8452819312625285097"></source>
			<source file="../../workspace/dataset/test/JsonPointerTest.java" startline="209" endline="225" function="testWrongUsageOfDashForQuerying" hash="-7776090075483849612"></source>
		</class>
	</version>
	<version nr="2820" hash="11ab14472" evolution="Subtract" change="Inconsistent">
		<class nclones="2">
			<source file="../../workspace/dataset/test/JsonPointerTest.java" startline="178" endline="198" function="testRootPointer" hash="6927663988063045923"></source>
			<source file="../../workspace/dataset/test/JsonPointerTest.java" startline="209" endline="225" function="testWrongUsageOfDashForQuerying" hash="-7776090075483849612"></source>
		</class>
	</version>
	<version nr="2830" hash="bbd069731" evolution="Add" change="Inconsistent">
		<class nclones="3">
			<source file="../../workspace/dataset/test/JsonPointerTest.java" startline="141" endline="157" function="testJsonArrayQuerying" hash="-4695355636744645970"></source>
			<source file="../../workspace/dataset/test/JsonPointerTest.java" startline="160" endline="175" function="testJsonArrayQueryingOrDefault" hash="-8452819312625285097"></source>
			<source file="../../workspace/dataset/test/JsonPointerTest.java" startline="209" endline="225" function="testWrongUsageOfDashForQuerying" hash="-7776090075483849612"></source>
		</class>
	</version>
	<version nr="2830" hash="bbd069731" evolution="Subtract" change="Inconsistent">
		<class nclones="2">
			<source file="../../workspace/dataset/test/JsonPointerTest.java" startline="178" endline="198" function="testRootPointer" hash="6927663988063045923"></source>
			<source file="../../workspace/dataset/test/JsonPointerTest.java" startline="209" endline="225" function="testWrongUsageOfDashForQuerying" hash="-7776090075483849612"></source>
		</class>
	</version>
	<version nr="2840" hash="be9c9249f" evolution="Add" change="Inconsistent">
		<class nclones="3">
			<source file="../../workspace/dataset/test/JsonPointerTest.java" startline="141" endline="157" function="testJsonArrayQuerying" hash="-4695355636744645970"></source>
			<source file="../../workspace/dataset/test/JsonPointerTest.java" startline="160" endline="175" function="testJsonArrayQueryingOrDefault" hash="-8452819312625285097"></source>
			<source file="../../workspace/dataset/test/JsonPointerTest.java" startline="209" endline="225" function="testWrongUsageOfDashForQuerying" hash="-7776090075483849612"></source>
		</class>
	</version>
	<version nr="2840" hash="be9c9249f" evolution="Subtract" change="Inconsistent">
		<class nclones="2">
			<source file="../../workspace/dataset/test/JsonPointerTest.java" startline="178" endline="198" function="testRootPointer" hash="6927663988063045923"></source>
			<source file="../../workspace/dataset/test/JsonPointerTest.java" startline="209" endline="225" function="testWrongUsageOfDashForQuerying" hash="-7776090075483849612"></source>
		</class>
	</version>
	<version nr="2850" hash="ecde0f3ca" evolution="Add" change="Inconsistent">
		<class nclones="3">
			<source file="../../workspace/dataset/test/JsonPointerTest.java" startline="141" endline="157" function="testJsonArrayQuerying" hash="-4695355636744645970"></source>
			<source file="../../workspace/dataset/test/JsonPointerTest.java" startline="160" endline="175" function="testJsonArrayQueryingOrDefault" hash="-8452819312625285097"></source>
			<source file="../../workspace/dataset/test/JsonPointerTest.java" startline="209" endline="225" function="testWrongUsageOfDashForQuerying" hash="-7776090075483849612"></source>
		</class>
	</version>
	<version nr="2850" hash="ecde0f3ca" evolution="Subtract" change="Inconsistent">
		<class nclones="2">
			<source file="../../workspace/dataset/test/JsonPointerTest.java" startline="178" endline="198" function="testRootPointer" hash="6927663988063045923"></source>
			<source file="../../workspace/dataset/test/JsonPointerTest.java" startline="209" endline="225" function="testWrongUsageOfDashForQuerying" hash="-7776090075483849612"></source>
		</class>
	</version>
	<version nr="2860" hash="23c9ab905" evolution="Add" change="Inconsistent">
		<class nclones="3">
			<source file="../../workspace/dataset/test/JsonPointerTest.java" startline="141" endline="157" function="testJsonArrayQuerying" hash="-4695355636744645970"></source>
			<source file="../../workspace/dataset/test/JsonPointerTest.java" startline="160" endline="175" function="testJsonArrayQueryingOrDefault" hash="-8452819312625285097"></source>
			<source file="../../workspace/dataset/test/JsonPointerTest.java" startline="209" endline="225" function="testWrongUsageOfDashForQuerying" hash="-7776090075483849612"></source>
		</class>
	</version>
	<version nr="2860" hash="23c9ab905" evolution="Subtract" change="Inconsistent">
		<class nclones="2">
			<source file="../../workspace/dataset/test/JsonPointerTest.java" startline="178" endline="198" function="testRootPointer" hash="6927663988063045923"></source>
			<source file="../../workspace/dataset/test/JsonPointerTest.java" startline="209" endline="225" function="testWrongUsageOfDashForQuerying" hash="-7776090075483849612"></source>
		</class>
	</version>
	<version nr="2870" hash="43ca42a40" evolution="Add" change="Inconsistent">
		<class nclones="3">
			<source file="../../workspace/dataset/test/JsonPointerTest.java" startline="141" endline="157" function="testJsonArrayQuerying" hash="-4695355636744645970"></source>
			<source file="../../workspace/dataset/test/JsonPointerTest.java" startline="160" endline="175" function="testJsonArrayQueryingOrDefault" hash="-8452819312625285097"></source>
			<source file="../../workspace/dataset/test/JsonPointerTest.java" startline="209" endline="225" function="testWrongUsageOfDashForQuerying" hash="-7776090075483849612"></source>
		</class>
	</version>
	<version nr="2870" hash="43ca42a40" evolution="Subtract" change="Inconsistent">
		<class nclones="2">
			<source file="../../workspace/dataset/test/JsonPointerTest.java" startline="178" endline="198" function="testRootPointer" hash="6927663988063045923"></source>
			<source file="../../workspace/dataset/test/JsonPointerTest.java" startline="209" endline="225" function="testWrongUsageOfDashForQuerying" hash="-7776090075483849612"></source>
		</class>
	</version>
	<version nr="2880" hash="601baccef" evolution="Add" change="Inconsistent">
		<class nclones="3">
			<source file="../../workspace/dataset/test/JsonPointerTest.java" startline="141" endline="157" function="testJsonArrayQuerying" hash="-4695355636744645970"></source>
			<source file="../../workspace/dataset/test/JsonPointerTest.java" startline="160" endline="175" function="testJsonArrayQueryingOrDefault" hash="-8452819312625285097"></source>
			<source file="../../workspace/dataset/test/JsonPointerTest.java" startline="209" endline="225" function="testWrongUsageOfDashForQuerying" hash="-7776090075483849612"></source>
		</class>
	</version>
	<version nr="2880" hash="601baccef" evolution="Subtract" change="Inconsistent">
		<class nclones="2">
			<source file="../../workspace/dataset/test/JsonPointerTest.java" startline="178" endline="198" function="testRootPointer" hash="6927663988063045923"></source>
			<source file="../../workspace/dataset/test/JsonPointerTest.java" startline="209" endline="225" function="testWrongUsageOfDashForQuerying" hash="-7776090075483849612"></source>
		</class>
	</version>
	<version nr="2890" hash="583e9a03b" evolution="Add" change="Inconsistent">
		<class nclones="3">
			<source file="../../workspace/dataset/test/JsonPointerTest.java" startline="141" endline="157" function="testJsonArrayQuerying" hash="-4695355636744645970"></source>
			<source file="../../workspace/dataset/test/JsonPointerTest.java" startline="160" endline="175" function="testJsonArrayQueryingOrDefault" hash="-8452819312625285097"></source>
			<source file="../../workspace/dataset/test/JsonPointerTest.java" startline="209" endline="225" function="testWrongUsageOfDashForQuerying" hash="-7776090075483849612"></source>
		</class>
	</version>
	<version nr="2890" hash="583e9a03b" evolution="Subtract" change="Inconsistent">
		<class nclones="2">
			<source file="../../workspace/dataset/test/JsonPointerTest.java" startline="178" endline="198" function="testRootPointer" hash="6927663988063045923"></source>
			<source file="../../workspace/dataset/test/JsonPointerTest.java" startline="209" endline="225" function="testWrongUsageOfDashForQuerying" hash="-7776090075483849612"></source>
		</class>
	</version>
	<version nr="2900" hash="c09a574bc" evolution="Add" change="Inconsistent">
		<class nclones="3">
			<source file="../../workspace/dataset/test/JsonPointerTest.java" startline="141" endline="157" function="testJsonArrayQuerying" hash="-4695355636744645970"></source>
			<source file="../../workspace/dataset/test/JsonPointerTest.java" startline="160" endline="175" function="testJsonArrayQueryingOrDefault" hash="-8452819312625285097"></source>
			<source file="../../workspace/dataset/test/JsonPointerTest.java" startline="209" endline="225" function="testWrongUsageOfDashForQuerying" hash="-7776090075483849612"></source>
		</class>
	</version>
	<version nr="2900" hash="c09a574bc" evolution="Subtract" change="Inconsistent">
		<class nclones="2">
			<source file="../../workspace/dataset/test/JsonPointerTest.java" startline="178" endline="198" function="testRootPointer" hash="6927663988063045923"></source>
			<source file="../../workspace/dataset/test/JsonPointerTest.java" startline="209" endline="225" function="testWrongUsageOfDashForQuerying" hash="-7776090075483849612"></source>
		</class>
	</version>
	<version nr="2910" hash="c50b140ec" evolution="Add" change="Inconsistent">
		<class nclones="3">
			<source file="../../workspace/dataset/test/JsonPointerTest.java" startline="141" endline="157" function="testJsonArrayQuerying" hash="-4695355636744645970"></source>
			<source file="../../workspace/dataset/test/JsonPointerTest.java" startline="160" endline="175" function="testJsonArrayQueryingOrDefault" hash="-8452819312625285097"></source>
			<source file="../../workspace/dataset/test/JsonPointerTest.java" startline="209" endline="225" function="testWrongUsageOfDashForQuerying" hash="-7776090075483849612"></source>
		</class>
	</version>
	<version nr="2910" hash="c50b140ec" evolution="Subtract" change="Inconsistent">
		<class nclones="2">
			<source file="../../workspace/dataset/test/JsonPointerTest.java" startline="178" endline="198" function="testRootPointer" hash="6927663988063045923"></source>
			<source file="../../workspace/dataset/test/JsonPointerTest.java" startline="209" endline="225" function="testWrongUsageOfDashForQuerying" hash="-7776090075483849612"></source>
		</class>
	</version>
	<version nr="2920" hash="c65aab658" evolution="Add" change="Inconsistent">
		<class nclones="3">
			<source file="../../workspace/dataset/test/JsonPointerTest.java" startline="141" endline="157" function="testJsonArrayQuerying" hash="-4695355636744645970"></source>
			<source file="../../workspace/dataset/test/JsonPointerTest.java" startline="160" endline="175" function="testJsonArrayQueryingOrDefault" hash="-8452819312625285097"></source>
			<source file="../../workspace/dataset/test/JsonPointerTest.java" startline="209" endline="225" function="testWrongUsageOfDashForQuerying" hash="-7776090075483849612"></source>
		</class>
	</version>
	<version nr="2920" hash="c65aab658" evolution="Subtract" change="Inconsistent">
		<class nclones="2">
			<source file="../../workspace/dataset/test/JsonPointerTest.java" startline="178" endline="198" function="testRootPointer" hash="6927663988063045923"></source>
			<source file="../../workspace/dataset/test/JsonPointerTest.java" startline="209" endline="225" function="testWrongUsageOfDashForQuerying" hash="-7776090075483849612"></source>
		</class>
	</version>
	<version nr="2930" hash="d6728d773" evolution="Add" change="Inconsistent">
		<class nclones="3">
			<source file="../../workspace/dataset/test/JsonPointerTest.java" startline="141" endline="157" function="testJsonArrayQuerying" hash="-4695355636744645970"></source>
			<source file="../../workspace/dataset/test/JsonPointerTest.java" startline="160" endline="175" function="testJsonArrayQueryingOrDefault" hash="-8452819312625285097"></source>
			<source file="../../workspace/dataset/test/JsonPointerTest.java" startline="209" endline="225" function="testWrongUsageOfDashForQuerying" hash="-7776090075483849612"></source>
		</class>
	</version>
	<version nr="2930" hash="d6728d773" evolution="Subtract" change="Inconsistent">
		<class nclones="2">
			<source file="../../workspace/dataset/test/JsonPointerTest.java" startline="178" endline="198" function="testRootPointer" hash="6927663988063045923"></source>
			<source file="../../workspace/dataset/test/JsonPointerTest.java" startline="209" endline="225" function="testWrongUsageOfDashForQuerying" hash="-7776090075483849612"></source>
		</class>
	</version>
	<version nr="2940" hash="ec9433113" evolution="Add" change="Inconsistent">
		<class nclones="3">
			<source file="../../workspace/dataset/test/JsonPointerTest.java" startline="141" endline="157" function="testJsonArrayQuerying" hash="-4695355636744645970"></source>
			<source file="../../workspace/dataset/test/JsonPointerTest.java" startline="160" endline="175" function="testJsonArrayQueryingOrDefault" hash="-8452819312625285097"></source>
			<source file="../../workspace/dataset/test/JsonPointerTest.java" startline="209" endline="225" function="testWrongUsageOfDashForQuerying" hash="-7776090075483849612"></source>
		</class>
	</version>
	<version nr="2940" hash="ec9433113" evolution="Subtract" change="Inconsistent">
		<class nclones="2">
			<source file="../../workspace/dataset/test/JsonPointerTest.java" startline="178" endline="198" function="testRootPointer" hash="6927663988063045923"></source>
			<source file="../../workspace/dataset/test/JsonPointerTest.java" startline="209" endline="225" function="testWrongUsageOfDashForQuerying" hash="-7776090075483849612"></source>
		</class>
	</version>
	<version nr="2950" hash="13ca05c40" evolution="Add" change="Inconsistent">
		<class nclones="3">
			<source file="../../workspace/dataset/test/JsonPointerTest.java" startline="141" endline="157" function="testJsonArrayQuerying" hash="-4695355636744645970"></source>
			<source file="../../workspace/dataset/test/JsonPointerTest.java" startline="160" endline="175" function="testJsonArrayQueryingOrDefault" hash="-8452819312625285097"></source>
			<source file="../../workspace/dataset/test/JsonPointerTest.java" startline="209" endline="225" function="testWrongUsageOfDashForQuerying" hash="-7776090075483849612"></source>
		</class>
	</version>
	<version nr="2950" hash="13ca05c40" evolution="Subtract" change="Inconsistent">
		<class nclones="2">
			<source file="../../workspace/dataset/test/JsonPointerTest.java" startline="178" endline="198" function="testRootPointer" hash="6927663988063045923"></source>
			<source file="../../workspace/dataset/test/JsonPointerTest.java" startline="209" endline="225" function="testWrongUsageOfDashForQuerying" hash="-7776090075483849612"></source>
		</class>
	</version>
	<version nr="2960" hash="fa02a85ac" evolution="Add" change="Inconsistent">
		<class nclones="3">
			<source file="../../workspace/dataset/test/JsonPointerTest.java" startline="141" endline="157" function="testJsonArrayQuerying" hash="-4695355636744645970"></source>
			<source file="../../workspace/dataset/test/JsonPointerTest.java" startline="160" endline="175" function="testJsonArrayQueryingOrDefault" hash="-8452819312625285097"></source>
			<source file="../../workspace/dataset/test/JsonPointerTest.java" startline="209" endline="225" function="testWrongUsageOfDashForQuerying" hash="-7776090075483849612"></source>
		</class>
	</version>
	<version nr="2960" hash="fa02a85ac" evolution="Subtract" change="Inconsistent">
		<class nclones="2">
			<source file="../../workspace/dataset/test/JsonPointerTest.java" startline="178" endline="198" function="testRootPointer" hash="6927663988063045923"></source>
			<source file="../../workspace/dataset/test/JsonPointerTest.java" startline="209" endline="225" function="testWrongUsageOfDashForQuerying" hash="-7776090075483849612"></source>
		</class>
	</version>
	<version nr="2970" hash="a234731e3" evolution="Add" change="Inconsistent">
		<class nclones="3">
			<source file="../../workspace/dataset/test/JsonPointerTest.java" startline="141" endline="157" function="testJsonArrayQuerying" hash="-4695355636744645970"></source>
			<source file="../../workspace/dataset/test/JsonPointerTest.java" startline="160" endline="175" function="testJsonArrayQueryingOrDefault" hash="-8452819312625285097"></source>
			<source file="../../workspace/dataset/test/JsonPointerTest.java" startline="209" endline="225" function="testWrongUsageOfDashForQuerying" hash="-7776090075483849612"></source>
		</class>
	</version>
	<version nr="2970" hash="a234731e3" evolution="Subtract" change="Inconsistent">
		<class nclones="2">
			<source file="../../workspace/dataset/test/JsonPointerTest.java" startline="178" endline="198" function="testRootPointer" hash="6927663988063045923"></source>
			<source file="../../workspace/dataset/test/JsonPointerTest.java" startline="209" endline="225" function="testWrongUsageOfDashForQuerying" hash="-7776090075483849612"></source>
		</class>
	</version>
	<version nr="2980" hash="ace996489" evolution="Add" change="Inconsistent">
		<class nclones="3">
			<source file="../../workspace/dataset/test/JsonPointerTest.java" startline="141" endline="157" function="testJsonArrayQuerying" hash="-4695355636744645970"></source>
			<source file="../../workspace/dataset/test/JsonPointerTest.java" startline="160" endline="175" function="testJsonArrayQueryingOrDefault" hash="-8452819312625285097"></source>
			<source file="../../workspace/dataset/test/JsonPointerTest.java" startline="209" endline="225" function="testWrongUsageOfDashForQuerying" hash="-7776090075483849612"></source>
		</class>
	</version>
	<version nr="2980" hash="ace996489" evolution="Subtract" change="Inconsistent">
		<class nclones="2">
			<source file="../../workspace/dataset/test/JsonPointerTest.java" startline="178" endline="198" function="testRootPointer" hash="6927663988063045923"></source>
			<source file="../../workspace/dataset/test/JsonPointerTest.java" startline="209" endline="225" function="testWrongUsageOfDashForQuerying" hash="-7776090075483849612"></source>
		</class>
	</version>
	<version nr="2990" hash="534fc124f" evolution="Add" change="Inconsistent">
		<class nclones="3">
			<source file="../../workspace/dataset/test/JsonPointerTest.java" startline="141" endline="157" function="testJsonArrayQuerying" hash="-4695355636744645970"></source>
			<source file="../../workspace/dataset/test/JsonPointerTest.java" startline="160" endline="175" function="testJsonArrayQueryingOrDefault" hash="-8452819312625285097"></source>
			<source file="../../workspace/dataset/test/JsonPointerTest.java" startline="209" endline="225" function="testWrongUsageOfDashForQuerying" hash="-7776090075483849612"></source>
		</class>
	</version>
	<version nr="2990" hash="534fc124f" evolution="Subtract" change="Inconsistent">
		<class nclones="2">
			<source file="../../workspace/dataset/test/JsonPointerTest.java" startline="178" endline="198" function="testRootPointer" hash="6927663988063045923"></source>
			<source file="../../workspace/dataset/test/JsonPointerTest.java" startline="209" endline="225" function="testWrongUsageOfDashForQuerying" hash="-7776090075483849612"></source>
		</class>
	</version>
	<version nr="3000" hash="927672d05" evolution="Add" change="Inconsistent">
		<class nclones="3">
			<source file="../../workspace/dataset/test/JsonPointerTest.java" startline="141" endline="157" function="testJsonArrayQuerying" hash="-4695355636744645970"></source>
			<source file="../../workspace/dataset/test/JsonPointerTest.java" startline="160" endline="175" function="testJsonArrayQueryingOrDefault" hash="-8452819312625285097"></source>
			<source file="../../workspace/dataset/test/JsonPointerTest.java" startline="209" endline="225" function="testWrongUsageOfDashForQuerying" hash="-7776090075483849612"></source>
		</class>
	</version>
	<version nr="3000" hash="927672d05" evolution="Subtract" change="Inconsistent">
		<class nclones="2">
			<source file="../../workspace/dataset/test/JsonPointerTest.java" startline="178" endline="198" function="testRootPointer" hash="6927663988063045923"></source>
			<source file="../../workspace/dataset/test/JsonPointerTest.java" startline="209" endline="225" function="testWrongUsageOfDashForQuerying" hash="-7776090075483849612"></source>
		</class>
	</version>
	<version nr="3010" hash="c74ac5238" evolution="Add" change="Inconsistent">
		<class nclones="3">
			<source file="../../workspace/dataset/test/JsonPointerTest.java" startline="141" endline="157" function="testJsonArrayQuerying" hash="-4695355636744645970"></source>
			<source file="../../workspace/dataset/test/JsonPointerTest.java" startline="160" endline="175" function="testJsonArrayQueryingOrDefault" hash="-8452819312625285097"></source>
			<source file="../../workspace/dataset/test/JsonPointerTest.java" startline="209" endline="225" function="testWrongUsageOfDashForQuerying" hash="-7776090075483849612"></source>
		</class>
	</version>
	<version nr="3010" hash="c74ac5238" evolution="Subtract" change="Inconsistent">
		<class nclones="2">
			<source file="../../workspace/dataset/test/JsonPointerTest.java" startline="178" endline="198" function="testRootPointer" hash="6927663988063045923"></source>
			<source file="../../workspace/dataset/test/JsonPointerTest.java" startline="209" endline="225" function="testWrongUsageOfDashForQuerying" hash="-7776090075483849612"></source>
		</class>
	</version>
	<version nr="3020" hash="9434b53cd" evolution="Add" change="Inconsistent">
		<class nclones="3">
			<source file="../../workspace/dataset/test/JsonPointerTest.java" startline="141" endline="157" function="testJsonArrayQuerying" hash="-4695355636744645970"></source>
			<source file="../../workspace/dataset/test/JsonPointerTest.java" startline="160" endline="175" function="testJsonArrayQueryingOrDefault" hash="-8452819312625285097"></source>
			<source file="../../workspace/dataset/test/JsonPointerTest.java" startline="209" endline="225" function="testWrongUsageOfDashForQuerying" hash="-7776090075483849612"></source>
		</class>
	</version>
	<version nr="3020" hash="9434b53cd" evolution="Subtract" change="Inconsistent">
		<class nclones="2">
			<source file="../../workspace/dataset/test/JsonPointerTest.java" startline="178" endline="198" function="testRootPointer" hash="6927663988063045923"></source>
			<source file="../../workspace/dataset/test/JsonPointerTest.java" startline="209" endline="225" function="testWrongUsageOfDashForQuerying" hash="-7776090075483849612"></source>
		</class>
	</version>
	<version nr="3030" hash="c754a41f8" evolution="Add" change="Inconsistent">
		<class nclones="3">
			<source file="../../workspace/dataset/test/JsonPointerTest.java" startline="141" endline="157" function="testJsonArrayQuerying" hash="-4695355636744645970"></source>
			<source file="../../workspace/dataset/test/JsonPointerTest.java" startline="160" endline="175" function="testJsonArrayQueryingOrDefault" hash="-8452819312625285097"></source>
			<source file="../../workspace/dataset/test/JsonPointerTest.java" startline="209" endline="225" function="testWrongUsageOfDashForQuerying" hash="-7776090075483849612"></source>
		</class>
	</version>
	<version nr="3030" hash="c754a41f8" evolution="Subtract" change="Inconsistent">
		<class nclones="2">
			<source file="../../workspace/dataset/test/JsonPointerTest.java" startline="178" endline="198" function="testRootPointer" hash="6927663988063045923"></source>
			<source file="../../workspace/dataset/test/JsonPointerTest.java" startline="209" endline="225" function="testWrongUsageOfDashForQuerying" hash="-7776090075483849612"></source>
		</class>
	</version>
	<version nr="3040" hash="b7ec7df48" evolution="Add" change="Inconsistent">
		<class nclones="3">
			<source file="../../workspace/dataset/test/JsonPointerTest.java" startline="141" endline="157" function="testJsonArrayQuerying" hash="-4695355636744645970"></source>
			<source file="../../workspace/dataset/test/JsonPointerTest.java" startline="160" endline="175" function="testJsonArrayQueryingOrDefault" hash="-8452819312625285097"></source>
			<source file="../../workspace/dataset/test/JsonPointerTest.java" startline="209" endline="225" function="testWrongUsageOfDashForQuerying" hash="-7776090075483849612"></source>
		</class>
	</version>
	<version nr="3040" hash="b7ec7df48" evolution="Subtract" change="Inconsistent">
		<class nclones="2">
			<source file="../../workspace/dataset/test/JsonPointerTest.java" startline="178" endline="198" function="testRootPointer" hash="6927663988063045923"></source>
			<source file="../../workspace/dataset/test/JsonPointerTest.java" startline="209" endline="225" function="testWrongUsageOfDashForQuerying" hash="-7776090075483849612"></source>
		</class>
	</version>
</lineage>
<lineage>
	<version nr="2140" hash="3c9344487" evolution="None" change="None">
		<class nclones="2">
			<source file="../../workspace/dataset/test/JsonPointerTest.java" startline="178" endline="198" function="testRootPointer" hash="6927663988063045923"></source>
			<source file="../../workspace/dataset/test/JsonPointerTest.java" startline="209" endline="225" function="testWrongUsageOfDashForQuerying" hash="-7776090075483849612"></source>
		</class>
	</version>
</lineage>
<lineage>
	<version nr="2140" hash="3c9344487" evolution="None" change="None">
		<class nclones="2">
			<source file="../../workspace/dataset/test/JsonPointerTest.java" startline="313" endline="327" function="testWriteJsonArray" hash="-4405973889306116209"></source>
			<source file="../../workspace/dataset/test/JsonPointerTest.java" startline="330" endline="344" function="testWriteJsonArrayAppend" hash="-5742088661853394076"></source>
		</class>
	</version>
	<version nr="2150" hash="fdac68438" evolution="Same" change="Same">
		<class nclones="2">
			<source file="../../workspace/dataset/test/JsonPointerTest.java" startline="313" endline="327" function="testWriteJsonArray" hash="-4405973889306116209"></source>
			<source file="../../workspace/dataset/test/JsonPointerTest.java" startline="330" endline="344" function="testWriteJsonArrayAppend" hash="-5742088661853394076"></source>
		</class>
	</version>
	<version nr="2150" hash="fdac68438" evolution="Same" change="Inconsistent">
		<class nclones="2">
			<source file="../../workspace/dataset/test/JsonPointerTest.java" startline="313" endline="327" function="testWriteJsonArray" hash="-4405973889306116209"></source>
			<source file="../../workspace/dataset/test/JsonPointerTest.java" startline="347" endline="361" function="testWriteJsonArraySubstitute" hash="-7205812932126451125"></source>
		</class>
	</version>
	<version nr="2150" hash="fdac68438" evolution="Same" change="Inconsistent">
		<class nclones="2">
			<source file="../../workspace/dataset/test/JsonPointerTest.java" startline="330" endline="344" function="testWriteJsonArrayAppend" hash="-5742088661853394076"></source>
			<source file="../../workspace/dataset/test/JsonPointerTest.java" startline="347" endline="361" function="testWriteJsonArraySubstitute" hash="-7205812932126451125"></source>
		</class>
	</version>
	<version nr="2160" hash="eacdfab1d" evolution="Same" change="Inconsistent">
		<class nclones="2">
			<source file="../../workspace/dataset/test/JsonPointerTest.java" startline="313" endline="327" function="testWriteJsonArray" hash="-4405973889306116209"></source>
			<source file="../../workspace/dataset/test/JsonPointerTest.java" startline="330" endline="344" function="testWriteJsonArrayAppend" hash="-5742088661853394076"></source>
		</class>
	</version>
	<version nr="2160" hash="eacdfab1d" evolution="Same" change="Inconsistent">
		<class nclones="2">
			<source file="../../workspace/dataset/test/JsonPointerTest.java" startline="313" endline="327" function="testWriteJsonArray" hash="-4405973889306116209"></source>
			<source file="../../workspace/dataset/test/JsonPointerTest.java" startline="347" endline="361" function="testWriteJsonArraySubstitute" hash="-7205812932126451125"></source>
		</class>
	</version>
	<version nr="2160" hash="eacdfab1d" evolution="Same" change="Inconsistent">
		<class nclones="2">
			<source file="../../workspace/dataset/test/JsonPointerTest.java" startline="330" endline="344" function="testWriteJsonArrayAppend" hash="-5742088661853394076"></source>
			<source file="../../workspace/dataset/test/JsonPointerTest.java" startline="347" endline="361" function="testWriteJsonArraySubstitute" hash="-7205812932126451125"></source>
		</class>
	</version>
	<version nr="2170" hash="27ad7bde6" evolution="Same" change="Inconsistent">
		<class nclones="2">
			<source file="../../workspace/dataset/test/JsonPointerTest.java" startline="313" endline="327" function="testWriteJsonArray" hash="-4405973889306116209"></source>
			<source file="../../workspace/dataset/test/JsonPointerTest.java" startline="330" endline="344" function="testWriteJsonArrayAppend" hash="-5742088661853394076"></source>
		</class>
	</version>
	<version nr="2170" hash="27ad7bde6" evolution="Same" change="Inconsistent">
		<class nclones="2">
			<source file="../../workspace/dataset/test/JsonPointerTest.java" startline="313" endline="327" function="testWriteJsonArray" hash="-4405973889306116209"></source>
			<source file="../../workspace/dataset/test/JsonPointerTest.java" startline="347" endline="361" function="testWriteJsonArraySubstitute" hash="-7205812932126451125"></source>
		</class>
	</version>
	<version nr="2170" hash="27ad7bde6" evolution="Same" change="Inconsistent">
		<class nclones="2">
			<source file="../../workspace/dataset/test/JsonPointerTest.java" startline="330" endline="344" function="testWriteJsonArrayAppend" hash="-5742088661853394076"></source>
			<source file="../../workspace/dataset/test/JsonPointerTest.java" startline="347" endline="361" function="testWriteJsonArraySubstitute" hash="-7205812932126451125"></source>
		</class>
	</version>
	<version nr="2180" hash="f13add901" evolution="Same" change="Inconsistent">
		<class nclones="2">
			<source file="../../workspace/dataset/test/JsonPointerTest.java" startline="313" endline="327" function="testWriteJsonArray" hash="-4405973889306116209"></source>
			<source file="../../workspace/dataset/test/JsonPointerTest.java" startline="330" endline="344" function="testWriteJsonArrayAppend" hash="-5742088661853394076"></source>
		</class>
	</version>
	<version nr="2180" hash="f13add901" evolution="Same" change="Inconsistent">
		<class nclones="2">
			<source file="../../workspace/dataset/test/JsonPointerTest.java" startline="313" endline="327" function="testWriteJsonArray" hash="-4405973889306116209"></source>
			<source file="../../workspace/dataset/test/JsonPointerTest.java" startline="347" endline="361" function="testWriteJsonArraySubstitute" hash="-7205812932126451125"></source>
		</class>
	</version>
	<version nr="2180" hash="f13add901" evolution="Same" change="Inconsistent">
		<class nclones="2">
			<source file="../../workspace/dataset/test/JsonPointerTest.java" startline="330" endline="344" function="testWriteJsonArrayAppend" hash="-5742088661853394076"></source>
			<source file="../../workspace/dataset/test/JsonPointerTest.java" startline="347" endline="361" function="testWriteJsonArraySubstitute" hash="-7205812932126451125"></source>
		</class>
	</version>
	<version nr="2190" hash="772a1af30" evolution="Same" change="Inconsistent">
		<class nclones="2">
			<source file="../../workspace/dataset/test/JsonPointerTest.java" startline="313" endline="327" function="testWriteJsonArray" hash="-4405973889306116209"></source>
			<source file="../../workspace/dataset/test/JsonPointerTest.java" startline="330" endline="344" function="testWriteJsonArrayAppend" hash="-5742088661853394076"></source>
		</class>
	</version>
	<version nr="2190" hash="772a1af30" evolution="Same" change="Inconsistent">
		<class nclones="2">
			<source file="../../workspace/dataset/test/JsonPointerTest.java" startline="313" endline="327" function="testWriteJsonArray" hash="-4405973889306116209"></source>
			<source file="../../workspace/dataset/test/JsonPointerTest.java" startline="347" endline="361" function="testWriteJsonArraySubstitute" hash="-7205812932126451125"></source>
		</class>
	</version>
	<version nr="2190" hash="772a1af30" evolution="Same" change="Inconsistent">
		<class nclones="2">
			<source file="../../workspace/dataset/test/JsonPointerTest.java" startline="330" endline="344" function="testWriteJsonArrayAppend" hash="-5742088661853394076"></source>
			<source file="../../workspace/dataset/test/JsonPointerTest.java" startline="347" endline="361" function="testWriteJsonArraySubstitute" hash="-7205812932126451125"></source>
		</class>
	</version>
	<version nr="2200" hash="c5f7a2622" evolution="Same" change="Inconsistent">
		<class nclones="2">
			<source file="../../workspace/dataset/test/JsonPointerTest.java" startline="313" endline="327" function="testWriteJsonArray" hash="-4405973889306116209"></source>
			<source file="../../workspace/dataset/test/JsonPointerTest.java" startline="330" endline="344" function="testWriteJsonArrayAppend" hash="-5742088661853394076"></source>
		</class>
	</version>
	<version nr="2200" hash="c5f7a2622" evolution="Same" change="Inconsistent">
		<class nclones="2">
			<source file="../../workspace/dataset/test/JsonPointerTest.java" startline="313" endline="327" function="testWriteJsonArray" hash="-4405973889306116209"></source>
			<source file="../../workspace/dataset/test/JsonPointerTest.java" startline="347" endline="361" function="testWriteJsonArraySubstitute" hash="-7205812932126451125"></source>
		</class>
	</version>
	<version nr="2200" hash="c5f7a2622" evolution="Same" change="Inconsistent">
		<class nclones="2">
			<source file="../../workspace/dataset/test/JsonPointerTest.java" startline="330" endline="344" function="testWriteJsonArrayAppend" hash="-5742088661853394076"></source>
			<source file="../../workspace/dataset/test/JsonPointerTest.java" startline="347" endline="361" function="testWriteJsonArraySubstitute" hash="-7205812932126451125"></source>
		</class>
	</version>
	<version nr="2210" hash="fe557219e" evolution="Same" change="Inconsistent">
		<class nclones="2">
			<source file="../../workspace/dataset/test/JsonPointerTest.java" startline="313" endline="327" function="testWriteJsonArray" hash="-4405973889306116209"></source>
			<source file="../../workspace/dataset/test/JsonPointerTest.java" startline="330" endline="344" function="testWriteJsonArrayAppend" hash="-5742088661853394076"></source>
		</class>
	</version>
	<version nr="2210" hash="fe557219e" evolution="Same" change="Inconsistent">
		<class nclones="2">
			<source file="../../workspace/dataset/test/JsonPointerTest.java" startline="313" endline="327" function="testWriteJsonArray" hash="-4405973889306116209"></source>
			<source file="../../workspace/dataset/test/JsonPointerTest.java" startline="347" endline="361" function="testWriteJsonArraySubstitute" hash="-7205812932126451125"></source>
		</class>
	</version>
	<version nr="2210" hash="fe557219e" evolution="Same" change="Inconsistent">
		<class nclones="2">
			<source file="../../workspace/dataset/test/JsonPointerTest.java" startline="330" endline="344" function="testWriteJsonArrayAppend" hash="-5742088661853394076"></source>
			<source file="../../workspace/dataset/test/JsonPointerTest.java" startline="347" endline="361" function="testWriteJsonArraySubstitute" hash="-7205812932126451125"></source>
		</class>
	</version>
	<version nr="2220" hash="c592b7eb7" evolution="Same" change="Inconsistent">
		<class nclones="2">
			<source file="../../workspace/dataset/test/JsonPointerTest.java" startline="313" endline="327" function="testWriteJsonArray" hash="-4405973889306116209"></source>
			<source file="../../workspace/dataset/test/JsonPointerTest.java" startline="330" endline="344" function="testWriteJsonArrayAppend" hash="-5742088661853394076"></source>
		</class>
	</version>
	<version nr="2220" hash="c592b7eb7" evolution="Same" change="Inconsistent">
		<class nclones="2">
			<source file="../../workspace/dataset/test/JsonPointerTest.java" startline="313" endline="327" function="testWriteJsonArray" hash="-4405973889306116209"></source>
			<source file="../../workspace/dataset/test/JsonPointerTest.java" startline="347" endline="361" function="testWriteJsonArraySubstitute" hash="-7205812932126451125"></source>
		</class>
	</version>
	<version nr="2220" hash="c592b7eb7" evolution="Same" change="Inconsistent">
		<class nclones="2">
			<source file="../../workspace/dataset/test/JsonPointerTest.java" startline="330" endline="344" function="testWriteJsonArrayAppend" hash="-5742088661853394076"></source>
			<source file="../../workspace/dataset/test/JsonPointerTest.java" startline="347" endline="361" function="testWriteJsonArraySubstitute" hash="-7205812932126451125"></source>
		</class>
	</version>
	<version nr="2230" hash="d97c6ccad" evolution="Same" change="Inconsistent">
		<class nclones="2">
			<source file="../../workspace/dataset/test/JsonPointerTest.java" startline="313" endline="327" function="testWriteJsonArray" hash="-4405973889306116209"></source>
			<source file="../../workspace/dataset/test/JsonPointerTest.java" startline="330" endline="344" function="testWriteJsonArrayAppend" hash="-5742088661853394076"></source>
		</class>
	</version>
	<version nr="2230" hash="d97c6ccad" evolution="Same" change="Inconsistent">
		<class nclones="2">
			<source file="../../workspace/dataset/test/JsonPointerTest.java" startline="313" endline="327" function="testWriteJsonArray" hash="-4405973889306116209"></source>
			<source file="../../workspace/dataset/test/JsonPointerTest.java" startline="347" endline="361" function="testWriteJsonArraySubstitute" hash="-7205812932126451125"></source>
		</class>
	</version>
	<version nr="2230" hash="d97c6ccad" evolution="Same" change="Inconsistent">
		<class nclones="2">
			<source file="../../workspace/dataset/test/JsonPointerTest.java" startline="330" endline="344" function="testWriteJsonArrayAppend" hash="-5742088661853394076"></source>
			<source file="../../workspace/dataset/test/JsonPointerTest.java" startline="347" endline="361" function="testWriteJsonArraySubstitute" hash="-7205812932126451125"></source>
		</class>
	</version>
	<version nr="2240" hash="733c1e097" evolution="Same" change="Inconsistent">
		<class nclones="2">
			<source file="../../workspace/dataset/test/JsonPointerTest.java" startline="313" endline="327" function="testWriteJsonArray" hash="-4405973889306116209"></source>
			<source file="../../workspace/dataset/test/JsonPointerTest.java" startline="330" endline="344" function="testWriteJsonArrayAppend" hash="-5742088661853394076"></source>
		</class>
	</version>
	<version nr="2240" hash="733c1e097" evolution="Same" change="Inconsistent">
		<class nclones="2">
			<source file="../../workspace/dataset/test/JsonPointerTest.java" startline="313" endline="327" function="testWriteJsonArray" hash="-4405973889306116209"></source>
			<source file="../../workspace/dataset/test/JsonPointerTest.java" startline="347" endline="361" function="testWriteJsonArraySubstitute" hash="-7205812932126451125"></source>
		</class>
	</version>
	<version nr="2240" hash="733c1e097" evolution="Same" change="Inconsistent">
		<class nclones="2">
			<source file="../../workspace/dataset/test/JsonPointerTest.java" startline="330" endline="344" function="testWriteJsonArrayAppend" hash="-5742088661853394076"></source>
			<source file="../../workspace/dataset/test/JsonPointerTest.java" startline="347" endline="361" function="testWriteJsonArraySubstitute" hash="-7205812932126451125"></source>
		</class>
	</version>
	<version nr="2250" hash="7dcfa8c80" evolution="Same" change="Inconsistent">
		<class nclones="2">
			<source file="../../workspace/dataset/test/JsonPointerTest.java" startline="313" endline="327" function="testWriteJsonArray" hash="-4405973889306116209"></source>
			<source file="../../workspace/dataset/test/JsonPointerTest.java" startline="330" endline="344" function="testWriteJsonArrayAppend" hash="-5742088661853394076"></source>
		</class>
	</version>
	<version nr="2250" hash="7dcfa8c80" evolution="Same" change="Inconsistent">
		<class nclones="2">
			<source file="../../workspace/dataset/test/JsonPointerTest.java" startline="313" endline="327" function="testWriteJsonArray" hash="-4405973889306116209"></source>
			<source file="../../workspace/dataset/test/JsonPointerTest.java" startline="347" endline="361" function="testWriteJsonArraySubstitute" hash="-7205812932126451125"></source>
		</class>
	</version>
	<version nr="2250" hash="7dcfa8c80" evolution="Same" change="Inconsistent">
		<class nclones="2">
			<source file="../../workspace/dataset/test/JsonPointerTest.java" startline="330" endline="344" function="testWriteJsonArrayAppend" hash="-5742088661853394076"></source>
			<source file="../../workspace/dataset/test/JsonPointerTest.java" startline="347" endline="361" function="testWriteJsonArraySubstitute" hash="-7205812932126451125"></source>
		</class>
	</version>
	<version nr="2260" hash="77e925b68" evolution="Same" change="Inconsistent">
		<class nclones="2">
			<source file="../../workspace/dataset/test/JsonPointerTest.java" startline="313" endline="327" function="testWriteJsonArray" hash="-4405973889306116209"></source>
			<source file="../../workspace/dataset/test/JsonPointerTest.java" startline="330" endline="344" function="testWriteJsonArrayAppend" hash="-5742088661853394076"></source>
		</class>
	</version>
	<version nr="2260" hash="77e925b68" evolution="Same" change="Inconsistent">
		<class nclones="2">
			<source file="../../workspace/dataset/test/JsonPointerTest.java" startline="313" endline="327" function="testWriteJsonArray" hash="-4405973889306116209"></source>
			<source file="../../workspace/dataset/test/JsonPointerTest.java" startline="347" endline="361" function="testWriteJsonArraySubstitute" hash="-7205812932126451125"></source>
		</class>
	</version>
	<version nr="2260" hash="77e925b68" evolution="Same" change="Inconsistent">
		<class nclones="2">
			<source file="../../workspace/dataset/test/JsonPointerTest.java" startline="330" endline="344" function="testWriteJsonArrayAppend" hash="-5742088661853394076"></source>
			<source file="../../workspace/dataset/test/JsonPointerTest.java" startline="347" endline="361" function="testWriteJsonArraySubstitute" hash="-7205812932126451125"></source>
		</class>
	</version>
	<version nr="2270" hash="a0da1387d" evolution="Same" change="Inconsistent">
		<class nclones="2">
			<source file="../../workspace/dataset/test/JsonPointerTest.java" startline="313" endline="327" function="testWriteJsonArray" hash="-4405973889306116209"></source>
			<source file="../../workspace/dataset/test/JsonPointerTest.java" startline="330" endline="344" function="testWriteJsonArrayAppend" hash="-5742088661853394076"></source>
		</class>
	</version>
	<version nr="2270" hash="a0da1387d" evolution="Same" change="Inconsistent">
		<class nclones="2">
			<source file="../../workspace/dataset/test/JsonPointerTest.java" startline="313" endline="327" function="testWriteJsonArray" hash="-4405973889306116209"></source>
			<source file="../../workspace/dataset/test/JsonPointerTest.java" startline="347" endline="361" function="testWriteJsonArraySubstitute" hash="-7205812932126451125"></source>
		</class>
	</version>
	<version nr="2270" hash="a0da1387d" evolution="Same" change="Inconsistent">
		<class nclones="2">
			<source file="../../workspace/dataset/test/JsonPointerTest.java" startline="330" endline="344" function="testWriteJsonArrayAppend" hash="-5742088661853394076"></source>
			<source file="../../workspace/dataset/test/JsonPointerTest.java" startline="347" endline="361" function="testWriteJsonArraySubstitute" hash="-7205812932126451125"></source>
		</class>
	</version>
	<version nr="2280" hash="8374efd9e" evolution="Same" change="Inconsistent">
		<class nclones="2">
			<source file="../../workspace/dataset/test/JsonPointerTest.java" startline="313" endline="327" function="testWriteJsonArray" hash="-4405973889306116209"></source>
			<source file="../../workspace/dataset/test/JsonPointerTest.java" startline="330" endline="344" function="testWriteJsonArrayAppend" hash="-5742088661853394076"></source>
		</class>
	</version>
	<version nr="2280" hash="8374efd9e" evolution="Same" change="Inconsistent">
		<class nclones="2">
			<source file="../../workspace/dataset/test/JsonPointerTest.java" startline="313" endline="327" function="testWriteJsonArray" hash="-4405973889306116209"></source>
			<source file="../../workspace/dataset/test/JsonPointerTest.java" startline="347" endline="361" function="testWriteJsonArraySubstitute" hash="-7205812932126451125"></source>
		</class>
	</version>
	<version nr="2280" hash="8374efd9e" evolution="Same" change="Inconsistent">
		<class nclones="2">
			<source file="../../workspace/dataset/test/JsonPointerTest.java" startline="330" endline="344" function="testWriteJsonArrayAppend" hash="-5742088661853394076"></source>
			<source file="../../workspace/dataset/test/JsonPointerTest.java" startline="347" endline="361" function="testWriteJsonArraySubstitute" hash="-7205812932126451125"></source>
		</class>
	</version>
	<version nr="2290" hash="a794a8ff6" evolution="Same" change="Inconsistent">
		<class nclones="2">
			<source file="../../workspace/dataset/test/JsonPointerTest.java" startline="313" endline="327" function="testWriteJsonArray" hash="-4405973889306116209"></source>
			<source file="../../workspace/dataset/test/JsonPointerTest.java" startline="330" endline="344" function="testWriteJsonArrayAppend" hash="-5742088661853394076"></source>
		</class>
	</version>
	<version nr="2290" hash="a794a8ff6" evolution="Same" change="Inconsistent">
		<class nclones="2">
			<source file="../../workspace/dataset/test/JsonPointerTest.java" startline="313" endline="327" function="testWriteJsonArray" hash="-4405973889306116209"></source>
			<source file="../../workspace/dataset/test/JsonPointerTest.java" startline="347" endline="361" function="testWriteJsonArraySubstitute" hash="-7205812932126451125"></source>
		</class>
	</version>
	<version nr="2290" hash="a794a8ff6" evolution="Same" change="Inconsistent">
		<class nclones="2">
			<source file="../../workspace/dataset/test/JsonPointerTest.java" startline="330" endline="344" function="testWriteJsonArrayAppend" hash="-5742088661853394076"></source>
			<source file="../../workspace/dataset/test/JsonPointerTest.java" startline="347" endline="361" function="testWriteJsonArraySubstitute" hash="-7205812932126451125"></source>
		</class>
	</version>
	<version nr="2300" hash="7cfbc84aa" evolution="Same" change="Inconsistent">
		<class nclones="2">
			<source file="../../workspace/dataset/test/JsonPointerTest.java" startline="313" endline="327" function="testWriteJsonArray" hash="-4405973889306116209"></source>
			<source file="../../workspace/dataset/test/JsonPointerTest.java" startline="330" endline="344" function="testWriteJsonArrayAppend" hash="-5742088661853394076"></source>
		</class>
	</version>
	<version nr="2300" hash="7cfbc84aa" evolution="Same" change="Inconsistent">
		<class nclones="2">
			<source file="../../workspace/dataset/test/JsonPointerTest.java" startline="313" endline="327" function="testWriteJsonArray" hash="-4405973889306116209"></source>
			<source file="../../workspace/dataset/test/JsonPointerTest.java" startline="347" endline="361" function="testWriteJsonArraySubstitute" hash="-7205812932126451125"></source>
		</class>
	</version>
	<version nr="2300" hash="7cfbc84aa" evolution="Same" change="Inconsistent">
		<class nclones="2">
			<source file="../../workspace/dataset/test/JsonPointerTest.java" startline="330" endline="344" function="testWriteJsonArrayAppend" hash="-5742088661853394076"></source>
			<source file="../../workspace/dataset/test/JsonPointerTest.java" startline="347" endline="361" function="testWriteJsonArraySubstitute" hash="-7205812932126451125"></source>
		</class>
	</version>
	<version nr="2310" hash="3eb1b3c29" evolution="Same" change="Inconsistent">
		<class nclones="2">
			<source file="../../workspace/dataset/test/JsonPointerTest.java" startline="313" endline="327" function="testWriteJsonArray" hash="-4405973889306116209"></source>
			<source file="../../workspace/dataset/test/JsonPointerTest.java" startline="330" endline="344" function="testWriteJsonArrayAppend" hash="-5742088661853394076"></source>
		</class>
	</version>
	<version nr="2310" hash="3eb1b3c29" evolution="Same" change="Inconsistent">
		<class nclones="2">
			<source file="../../workspace/dataset/test/JsonPointerTest.java" startline="313" endline="327" function="testWriteJsonArray" hash="-4405973889306116209"></source>
			<source file="../../workspace/dataset/test/JsonPointerTest.java" startline="347" endline="361" function="testWriteJsonArraySubstitute" hash="-7205812932126451125"></source>
		</class>
	</version>
	<version nr="2310" hash="3eb1b3c29" evolution="Same" change="Inconsistent">
		<class nclones="2">
			<source file="../../workspace/dataset/test/JsonPointerTest.java" startline="330" endline="344" function="testWriteJsonArrayAppend" hash="-5742088661853394076"></source>
			<source file="../../workspace/dataset/test/JsonPointerTest.java" startline="347" endline="361" function="testWriteJsonArraySubstitute" hash="-7205812932126451125"></source>
		</class>
	</version>
	<version nr="2320" hash="ab1464c8d" evolution="Same" change="Inconsistent">
		<class nclones="2">
			<source file="../../workspace/dataset/test/JsonPointerTest.java" startline="313" endline="327" function="testWriteJsonArray" hash="-4405973889306116209"></source>
			<source file="../../workspace/dataset/test/JsonPointerTest.java" startline="330" endline="344" function="testWriteJsonArrayAppend" hash="-5742088661853394076"></source>
		</class>
	</version>
	<version nr="2320" hash="ab1464c8d" evolution="Same" change="Inconsistent">
		<class nclones="2">
			<source file="../../workspace/dataset/test/JsonPointerTest.java" startline="313" endline="327" function="testWriteJsonArray" hash="-4405973889306116209"></source>
			<source file="../../workspace/dataset/test/JsonPointerTest.java" startline="347" endline="361" function="testWriteJsonArraySubstitute" hash="-7205812932126451125"></source>
		</class>
	</version>
	<version nr="2320" hash="ab1464c8d" evolution="Same" change="Inconsistent">
		<class nclones="2">
			<source file="../../workspace/dataset/test/JsonPointerTest.java" startline="330" endline="344" function="testWriteJsonArrayAppend" hash="-5742088661853394076"></source>
			<source file="../../workspace/dataset/test/JsonPointerTest.java" startline="347" endline="361" function="testWriteJsonArraySubstitute" hash="-7205812932126451125"></source>
		</class>
	</version>
	<version nr="2330" hash="64707cb56" evolution="Same" change="Inconsistent">
		<class nclones="2">
			<source file="../../workspace/dataset/test/JsonPointerTest.java" startline="313" endline="327" function="testWriteJsonArray" hash="-4405973889306116209"></source>
			<source file="../../workspace/dataset/test/JsonPointerTest.java" startline="330" endline="344" function="testWriteJsonArrayAppend" hash="-5742088661853394076"></source>
		</class>
	</version>
	<version nr="2330" hash="64707cb56" evolution="Same" change="Inconsistent">
		<class nclones="2">
			<source file="../../workspace/dataset/test/JsonPointerTest.java" startline="313" endline="327" function="testWriteJsonArray" hash="-4405973889306116209"></source>
			<source file="../../workspace/dataset/test/JsonPointerTest.java" startline="347" endline="361" function="testWriteJsonArraySubstitute" hash="-7205812932126451125"></source>
		</class>
	</version>
	<version nr="2330" hash="64707cb56" evolution="Same" change="Inconsistent">
		<class nclones="2">
			<source file="../../workspace/dataset/test/JsonPointerTest.java" startline="330" endline="344" function="testWriteJsonArrayAppend" hash="-5742088661853394076"></source>
			<source file="../../workspace/dataset/test/JsonPointerTest.java" startline="347" endline="361" function="testWriteJsonArraySubstitute" hash="-7205812932126451125"></source>
		</class>
	</version>
	<version nr="2340" hash="5c1354f3b" evolution="Same" change="Inconsistent">
		<class nclones="2">
			<source file="../../workspace/dataset/test/JsonPointerTest.java" startline="313" endline="327" function="testWriteJsonArray" hash="-4405973889306116209"></source>
			<source file="../../workspace/dataset/test/JsonPointerTest.java" startline="330" endline="344" function="testWriteJsonArrayAppend" hash="-5742088661853394076"></source>
		</class>
	</version>
	<version nr="2340" hash="5c1354f3b" evolution="Same" change="Inconsistent">
		<class nclones="2">
			<source file="../../workspace/dataset/test/JsonPointerTest.java" startline="313" endline="327" function="testWriteJsonArray" hash="-4405973889306116209"></source>
			<source file="../../workspace/dataset/test/JsonPointerTest.java" startline="347" endline="361" function="testWriteJsonArraySubstitute" hash="-7205812932126451125"></source>
		</class>
	</version>
	<version nr="2340" hash="5c1354f3b" evolution="Same" change="Inconsistent">
		<class nclones="2">
			<source file="../../workspace/dataset/test/JsonPointerTest.java" startline="330" endline="344" function="testWriteJsonArrayAppend" hash="-5742088661853394076"></source>
			<source file="../../workspace/dataset/test/JsonPointerTest.java" startline="347" endline="361" function="testWriteJsonArraySubstitute" hash="-7205812932126451125"></source>
		</class>
	</version>
	<version nr="2350" hash="dbf201346" evolution="Same" change="Inconsistent">
		<class nclones="2">
			<source file="../../workspace/dataset/test/JsonPointerTest.java" startline="313" endline="327" function="testWriteJsonArray" hash="-4405973889306116209"></source>
			<source file="../../workspace/dataset/test/JsonPointerTest.java" startline="330" endline="344" function="testWriteJsonArrayAppend" hash="-5742088661853394076"></source>
		</class>
	</version>
	<version nr="2350" hash="dbf201346" evolution="Same" change="Inconsistent">
		<class nclones="2">
			<source file="../../workspace/dataset/test/JsonPointerTest.java" startline="313" endline="327" function="testWriteJsonArray" hash="-4405973889306116209"></source>
			<source file="../../workspace/dataset/test/JsonPointerTest.java" startline="347" endline="361" function="testWriteJsonArraySubstitute" hash="-7205812932126451125"></source>
		</class>
	</version>
	<version nr="2350" hash="dbf201346" evolution="Same" change="Inconsistent">
		<class nclones="2">
			<source file="../../workspace/dataset/test/JsonPointerTest.java" startline="330" endline="344" function="testWriteJsonArrayAppend" hash="-5742088661853394076"></source>
			<source file="../../workspace/dataset/test/JsonPointerTest.java" startline="347" endline="361" function="testWriteJsonArraySubstitute" hash="-7205812932126451125"></source>
		</class>
	</version>
	<version nr="2360" hash="18f3e379b" evolution="Same" change="Inconsistent">
		<class nclones="2">
			<source file="../../workspace/dataset/test/JsonPointerTest.java" startline="313" endline="327" function="testWriteJsonArray" hash="-4405973889306116209"></source>
			<source file="../../workspace/dataset/test/JsonPointerTest.java" startline="330" endline="344" function="testWriteJsonArrayAppend" hash="-5742088661853394076"></source>
		</class>
	</version>
	<version nr="2360" hash="18f3e379b" evolution="Same" change="Inconsistent">
		<class nclones="2">
			<source file="../../workspace/dataset/test/JsonPointerTest.java" startline="313" endline="327" function="testWriteJsonArray" hash="-4405973889306116209"></source>
			<source file="../../workspace/dataset/test/JsonPointerTest.java" startline="347" endline="361" function="testWriteJsonArraySubstitute" hash="-7205812932126451125"></source>
		</class>
	</version>
	<version nr="2360" hash="18f3e379b" evolution="Same" change="Inconsistent">
		<class nclones="2">
			<source file="../../workspace/dataset/test/JsonPointerTest.java" startline="330" endline="344" function="testWriteJsonArrayAppend" hash="-5742088661853394076"></source>
			<source file="../../workspace/dataset/test/JsonPointerTest.java" startline="347" endline="361" function="testWriteJsonArraySubstitute" hash="-7205812932126451125"></source>
		</class>
	</version>
	<version nr="2370" hash="93645d975" evolution="Same" change="Inconsistent">
		<class nclones="2">
			<source file="../../workspace/dataset/test/JsonPointerTest.java" startline="313" endline="327" function="testWriteJsonArray" hash="-4405973889306116209"></source>
			<source file="../../workspace/dataset/test/JsonPointerTest.java" startline="330" endline="344" function="testWriteJsonArrayAppend" hash="-5742088661853394076"></source>
		</class>
	</version>
	<version nr="2370" hash="93645d975" evolution="Same" change="Inconsistent">
		<class nclones="2">
			<source file="../../workspace/dataset/test/JsonPointerTest.java" startline="313" endline="327" function="testWriteJsonArray" hash="-4405973889306116209"></source>
			<source file="../../workspace/dataset/test/JsonPointerTest.java" startline="347" endline="361" function="testWriteJsonArraySubstitute" hash="-7205812932126451125"></source>
		</class>
	</version>
	<version nr="2370" hash="93645d975" evolution="Same" change="Inconsistent">
		<class nclones="2">
			<source file="../../workspace/dataset/test/JsonPointerTest.java" startline="330" endline="344" function="testWriteJsonArrayAppend" hash="-5742088661853394076"></source>
			<source file="../../workspace/dataset/test/JsonPointerTest.java" startline="347" endline="361" function="testWriteJsonArraySubstitute" hash="-7205812932126451125"></source>
		</class>
	</version>
	<version nr="2380" hash="f8f44b1d6" evolution="Same" change="Inconsistent">
		<class nclones="2">
			<source file="../../workspace/dataset/test/JsonPointerTest.java" startline="313" endline="327" function="testWriteJsonArray" hash="-4405973889306116209"></source>
			<source file="../../workspace/dataset/test/JsonPointerTest.java" startline="330" endline="344" function="testWriteJsonArrayAppend" hash="-5742088661853394076"></source>
		</class>
	</version>
	<version nr="2380" hash="f8f44b1d6" evolution="Same" change="Inconsistent">
		<class nclones="2">
			<source file="../../workspace/dataset/test/JsonPointerTest.java" startline="313" endline="327" function="testWriteJsonArray" hash="-4405973889306116209"></source>
			<source file="../../workspace/dataset/test/JsonPointerTest.java" startline="347" endline="361" function="testWriteJsonArraySubstitute" hash="-7205812932126451125"></source>
		</class>
	</version>
	<version nr="2380" hash="f8f44b1d6" evolution="Same" change="Inconsistent">
		<class nclones="2">
			<source file="../../workspace/dataset/test/JsonPointerTest.java" startline="330" endline="344" function="testWriteJsonArrayAppend" hash="-5742088661853394076"></source>
			<source file="../../workspace/dataset/test/JsonPointerTest.java" startline="347" endline="361" function="testWriteJsonArraySubstitute" hash="-7205812932126451125"></source>
		</class>
	</version>
	<version nr="2390" hash="4037b1128" evolution="Same" change="Inconsistent">
		<class nclones="2">
			<source file="../../workspace/dataset/test/JsonPointerTest.java" startline="313" endline="327" function="testWriteJsonArray" hash="-4405973889306116209"></source>
			<source file="../../workspace/dataset/test/JsonPointerTest.java" startline="330" endline="344" function="testWriteJsonArrayAppend" hash="-5742088661853394076"></source>
		</class>
	</version>
	<version nr="2390" hash="4037b1128" evolution="Same" change="Inconsistent">
		<class nclones="2">
			<source file="../../workspace/dataset/test/JsonPointerTest.java" startline="313" endline="327" function="testWriteJsonArray" hash="-4405973889306116209"></source>
			<source file="../../workspace/dataset/test/JsonPointerTest.java" startline="347" endline="361" function="testWriteJsonArraySubstitute" hash="-7205812932126451125"></source>
		</class>
	</version>
	<version nr="2390" hash="4037b1128" evolution="Same" change="Inconsistent">
		<class nclones="2">
			<source file="../../workspace/dataset/test/JsonPointerTest.java" startline="330" endline="344" function="testWriteJsonArrayAppend" hash="-5742088661853394076"></source>
			<source file="../../workspace/dataset/test/JsonPointerTest.java" startline="347" endline="361" function="testWriteJsonArraySubstitute" hash="-7205812932126451125"></source>
		</class>
	</version>
	<version nr="2400" hash="1f595c8ec" evolution="Same" change="Inconsistent">
		<class nclones="2">
			<source file="../../workspace/dataset/test/JsonPointerTest.java" startline="313" endline="327" function="testWriteJsonArray" hash="-4405973889306116209"></source>
			<source file="../../workspace/dataset/test/JsonPointerTest.java" startline="330" endline="344" function="testWriteJsonArrayAppend" hash="-5742088661853394076"></source>
		</class>
	</version>
	<version nr="2400" hash="1f595c8ec" evolution="Same" change="Inconsistent">
		<class nclones="2">
			<source file="../../workspace/dataset/test/JsonPointerTest.java" startline="313" endline="327" function="testWriteJsonArray" hash="-4405973889306116209"></source>
			<source file="../../workspace/dataset/test/JsonPointerTest.java" startline="347" endline="361" function="testWriteJsonArraySubstitute" hash="-7205812932126451125"></source>
		</class>
	</version>
	<version nr="2400" hash="1f595c8ec" evolution="Same" change="Inconsistent">
		<class nclones="2">
			<source file="../../workspace/dataset/test/JsonPointerTest.java" startline="330" endline="344" function="testWriteJsonArrayAppend" hash="-5742088661853394076"></source>
			<source file="../../workspace/dataset/test/JsonPointerTest.java" startline="347" endline="361" function="testWriteJsonArraySubstitute" hash="-7205812932126451125"></source>
		</class>
	</version>
	<version nr="2410" hash="bfedb641f" evolution="Same" change="Inconsistent">
		<class nclones="2">
			<source file="../../workspace/dataset/test/JsonPointerTest.java" startline="313" endline="327" function="testWriteJsonArray" hash="-4405973889306116209"></source>
			<source file="../../workspace/dataset/test/JsonPointerTest.java" startline="330" endline="344" function="testWriteJsonArrayAppend" hash="-5742088661853394076"></source>
		</class>
	</version>
	<version nr="2410" hash="bfedb641f" evolution="Same" change="Inconsistent">
		<class nclones="2">
			<source file="../../workspace/dataset/test/JsonPointerTest.java" startline="313" endline="327" function="testWriteJsonArray" hash="-4405973889306116209"></source>
			<source file="../../workspace/dataset/test/JsonPointerTest.java" startline="347" endline="361" function="testWriteJsonArraySubstitute" hash="-7205812932126451125"></source>
		</class>
	</version>
	<version nr="2410" hash="bfedb641f" evolution="Same" change="Inconsistent">
		<class nclones="2">
			<source file="../../workspace/dataset/test/JsonPointerTest.java" startline="330" endline="344" function="testWriteJsonArrayAppend" hash="-5742088661853394076"></source>
			<source file="../../workspace/dataset/test/JsonPointerTest.java" startline="347" endline="361" function="testWriteJsonArraySubstitute" hash="-7205812932126451125"></source>
		</class>
	</version>
	<version nr="2420" hash="7c6ed81a6" evolution="Same" change="Inconsistent">
		<class nclones="2">
			<source file="../../workspace/dataset/test/JsonPointerTest.java" startline="313" endline="327" function="testWriteJsonArray" hash="-4405973889306116209"></source>
			<source file="../../workspace/dataset/test/JsonPointerTest.java" startline="330" endline="344" function="testWriteJsonArrayAppend" hash="-5742088661853394076"></source>
		</class>
	</version>
	<version nr="2420" hash="7c6ed81a6" evolution="Same" change="Inconsistent">
		<class nclones="2">
			<source file="../../workspace/dataset/test/JsonPointerTest.java" startline="313" endline="327" function="testWriteJsonArray" hash="-4405973889306116209"></source>
			<source file="../../workspace/dataset/test/JsonPointerTest.java" startline="347" endline="361" function="testWriteJsonArraySubstitute" hash="-7205812932126451125"></source>
		</class>
	</version>
	<version nr="2420" hash="7c6ed81a6" evolution="Same" change="Inconsistent">
		<class nclones="2">
			<source file="../../workspace/dataset/test/JsonPointerTest.java" startline="330" endline="344" function="testWriteJsonArrayAppend" hash="-5742088661853394076"></source>
			<source file="../../workspace/dataset/test/JsonPointerTest.java" startline="347" endline="361" function="testWriteJsonArraySubstitute" hash="-7205812932126451125"></source>
		</class>
	</version>
	<version nr="2430" hash="d78e4e17d" evolution="Same" change="Inconsistent">
		<class nclones="2">
			<source file="../../workspace/dataset/test/JsonPointerTest.java" startline="313" endline="327" function="testWriteJsonArray" hash="-4405973889306116209"></source>
			<source file="../../workspace/dataset/test/JsonPointerTest.java" startline="330" endline="344" function="testWriteJsonArrayAppend" hash="-5742088661853394076"></source>
		</class>
	</version>
	<version nr="2430" hash="d78e4e17d" evolution="Same" change="Inconsistent">
		<class nclones="2">
			<source file="../../workspace/dataset/test/JsonPointerTest.java" startline="313" endline="327" function="testWriteJsonArray" hash="-4405973889306116209"></source>
			<source file="../../workspace/dataset/test/JsonPointerTest.java" startline="347" endline="361" function="testWriteJsonArraySubstitute" hash="-7205812932126451125"></source>
		</class>
	</version>
	<version nr="2430" hash="d78e4e17d" evolution="Same" change="Inconsistent">
		<class nclones="2">
			<source file="../../workspace/dataset/test/JsonPointerTest.java" startline="330" endline="344" function="testWriteJsonArrayAppend" hash="-5742088661853394076"></source>
			<source file="../../workspace/dataset/test/JsonPointerTest.java" startline="347" endline="361" function="testWriteJsonArraySubstitute" hash="-7205812932126451125"></source>
		</class>
	</version>
	<version nr="2440" hash="5b01aa71b" evolution="Same" change="Inconsistent">
		<class nclones="2">
			<source file="../../workspace/dataset/test/JsonPointerTest.java" startline="313" endline="327" function="testWriteJsonArray" hash="-4405973889306116209"></source>
			<source file="../../workspace/dataset/test/JsonPointerTest.java" startline="330" endline="344" function="testWriteJsonArrayAppend" hash="-5742088661853394076"></source>
		</class>
	</version>
	<version nr="2440" hash="5b01aa71b" evolution="Same" change="Inconsistent">
		<class nclones="2">
			<source file="../../workspace/dataset/test/JsonPointerTest.java" startline="313" endline="327" function="testWriteJsonArray" hash="-4405973889306116209"></source>
			<source file="../../workspace/dataset/test/JsonPointerTest.java" startline="347" endline="361" function="testWriteJsonArraySubstitute" hash="-7205812932126451125"></source>
		</class>
	</version>
	<version nr="2440" hash="5b01aa71b" evolution="Same" change="Inconsistent">
		<class nclones="2">
			<source file="../../workspace/dataset/test/JsonPointerTest.java" startline="330" endline="344" function="testWriteJsonArrayAppend" hash="-5742088661853394076"></source>
			<source file="../../workspace/dataset/test/JsonPointerTest.java" startline="347" endline="361" function="testWriteJsonArraySubstitute" hash="-7205812932126451125"></source>
		</class>
	</version>
	<version nr="2450" hash="272b07c5a" evolution="Same" change="Inconsistent">
		<class nclones="2">
			<source file="../../workspace/dataset/test/JsonPointerTest.java" startline="313" endline="327" function="testWriteJsonArray" hash="-4405973889306116209"></source>
			<source file="../../workspace/dataset/test/JsonPointerTest.java" startline="330" endline="344" function="testWriteJsonArrayAppend" hash="-5742088661853394076"></source>
		</class>
	</version>
	<version nr="2450" hash="272b07c5a" evolution="Same" change="Inconsistent">
		<class nclones="2">
			<source file="../../workspace/dataset/test/JsonPointerTest.java" startline="313" endline="327" function="testWriteJsonArray" hash="-4405973889306116209"></source>
			<source file="../../workspace/dataset/test/JsonPointerTest.java" startline="347" endline="361" function="testWriteJsonArraySubstitute" hash="-7205812932126451125"></source>
		</class>
	</version>
	<version nr="2450" hash="272b07c5a" evolution="Same" change="Inconsistent">
		<class nclones="2">
			<source file="../../workspace/dataset/test/JsonPointerTest.java" startline="330" endline="344" function="testWriteJsonArrayAppend" hash="-5742088661853394076"></source>
			<source file="../../workspace/dataset/test/JsonPointerTest.java" startline="347" endline="361" function="testWriteJsonArraySubstitute" hash="-7205812932126451125"></source>
		</class>
	</version>
	<version nr="2460" hash="2727979cf" evolution="Same" change="Inconsistent">
		<class nclones="2">
			<source file="../../workspace/dataset/test/JsonPointerTest.java" startline="313" endline="327" function="testWriteJsonArray" hash="-4405973889306116209"></source>
			<source file="../../workspace/dataset/test/JsonPointerTest.java" startline="330" endline="344" function="testWriteJsonArrayAppend" hash="-5742088661853394076"></source>
		</class>
	</version>
	<version nr="2460" hash="2727979cf" evolution="Same" change="Inconsistent">
		<class nclones="2">
			<source file="../../workspace/dataset/test/JsonPointerTest.java" startline="313" endline="327" function="testWriteJsonArray" hash="-4405973889306116209"></source>
			<source file="../../workspace/dataset/test/JsonPointerTest.java" startline="347" endline="361" function="testWriteJsonArraySubstitute" hash="-7205812932126451125"></source>
		</class>
	</version>
	<version nr="2460" hash="2727979cf" evolution="Same" change="Inconsistent">
		<class nclones="2">
			<source file="../../workspace/dataset/test/JsonPointerTest.java" startline="330" endline="344" function="testWriteJsonArrayAppend" hash="-5742088661853394076"></source>
			<source file="../../workspace/dataset/test/JsonPointerTest.java" startline="347" endline="361" function="testWriteJsonArraySubstitute" hash="-7205812932126451125"></source>
		</class>
	</version>
	<version nr="2470" hash="23078d30c" evolution="Same" change="Inconsistent">
		<class nclones="2">
			<source file="../../workspace/dataset/test/JsonPointerTest.java" startline="313" endline="327" function="testWriteJsonArray" hash="-4405973889306116209"></source>
			<source file="../../workspace/dataset/test/JsonPointerTest.java" startline="330" endline="344" function="testWriteJsonArrayAppend" hash="-5742088661853394076"></source>
		</class>
	</version>
	<version nr="2470" hash="23078d30c" evolution="Same" change="Inconsistent">
		<class nclones="2">
			<source file="../../workspace/dataset/test/JsonPointerTest.java" startline="313" endline="327" function="testWriteJsonArray" hash="-4405973889306116209"></source>
			<source file="../../workspace/dataset/test/JsonPointerTest.java" startline="347" endline="361" function="testWriteJsonArraySubstitute" hash="-7205812932126451125"></source>
		</class>
	</version>
	<version nr="2470" hash="23078d30c" evolution="Same" change="Inconsistent">
		<class nclones="2">
			<source file="../../workspace/dataset/test/JsonPointerTest.java" startline="330" endline="344" function="testWriteJsonArrayAppend" hash="-5742088661853394076"></source>
			<source file="../../workspace/dataset/test/JsonPointerTest.java" startline="347" endline="361" function="testWriteJsonArraySubstitute" hash="-7205812932126451125"></source>
		</class>
	</version>
	<version nr="2480" hash="138b2fdce" evolution="Same" change="Inconsistent">
		<class nclones="2">
			<source file="../../workspace/dataset/test/JsonPointerTest.java" startline="313" endline="327" function="testWriteJsonArray" hash="-4405973889306116209"></source>
			<source file="../../workspace/dataset/test/JsonPointerTest.java" startline="330" endline="344" function="testWriteJsonArrayAppend" hash="-5742088661853394076"></source>
		</class>
	</version>
	<version nr="2480" hash="138b2fdce" evolution="Same" change="Inconsistent">
		<class nclones="2">
			<source file="../../workspace/dataset/test/JsonPointerTest.java" startline="313" endline="327" function="testWriteJsonArray" hash="-4405973889306116209"></source>
			<source file="../../workspace/dataset/test/JsonPointerTest.java" startline="347" endline="361" function="testWriteJsonArraySubstitute" hash="-7205812932126451125"></source>
		</class>
	</version>
	<version nr="2480" hash="138b2fdce" evolution="Same" change="Inconsistent">
		<class nclones="2">
			<source file="../../workspace/dataset/test/JsonPointerTest.java" startline="330" endline="344" function="testWriteJsonArrayAppend" hash="-5742088661853394076"></source>
			<source file="../../workspace/dataset/test/JsonPointerTest.java" startline="347" endline="361" function="testWriteJsonArraySubstitute" hash="-7205812932126451125"></source>
		</class>
	</version>
	<version nr="2490" hash="e29acb4e0" evolution="Same" change="Inconsistent">
		<class nclones="2">
			<source file="../../workspace/dataset/test/JsonPointerTest.java" startline="313" endline="327" function="testWriteJsonArray" hash="-4405973889306116209"></source>
			<source file="../../workspace/dataset/test/JsonPointerTest.java" startline="330" endline="344" function="testWriteJsonArrayAppend" hash="-5742088661853394076"></source>
		</class>
	</version>
	<version nr="2490" hash="e29acb4e0" evolution="Same" change="Inconsistent">
		<class nclones="2">
			<source file="../../workspace/dataset/test/JsonPointerTest.java" startline="313" endline="327" function="testWriteJsonArray" hash="-4405973889306116209"></source>
			<source file="../../workspace/dataset/test/JsonPointerTest.java" startline="347" endline="361" function="testWriteJsonArraySubstitute" hash="-7205812932126451125"></source>
		</class>
	</version>
	<version nr="2490" hash="e29acb4e0" evolution="Same" change="Inconsistent">
		<class nclones="2">
			<source file="../../workspace/dataset/test/JsonPointerTest.java" startline="330" endline="344" function="testWriteJsonArrayAppend" hash="-5742088661853394076"></source>
			<source file="../../workspace/dataset/test/JsonPointerTest.java" startline="347" endline="361" function="testWriteJsonArraySubstitute" hash="-7205812932126451125"></source>
		</class>
	</version>
	<version nr="2500" hash="2bc83416f" evolution="Same" change="Inconsistent">
		<class nclones="2">
			<source file="../../workspace/dataset/test/JsonPointerTest.java" startline="313" endline="327" function="testWriteJsonArray" hash="-4405973889306116209"></source>
			<source file="../../workspace/dataset/test/JsonPointerTest.java" startline="330" endline="344" function="testWriteJsonArrayAppend" hash="-5742088661853394076"></source>
		</class>
	</version>
	<version nr="2500" hash="2bc83416f" evolution="Same" change="Inconsistent">
		<class nclones="2">
			<source file="../../workspace/dataset/test/JsonPointerTest.java" startline="313" endline="327" function="testWriteJsonArray" hash="-4405973889306116209"></source>
			<source file="../../workspace/dataset/test/JsonPointerTest.java" startline="347" endline="361" function="testWriteJsonArraySubstitute" hash="-7205812932126451125"></source>
		</class>
	</version>
	<version nr="2500" hash="2bc83416f" evolution="Same" change="Inconsistent">
		<class nclones="2">
			<source file="../../workspace/dataset/test/JsonPointerTest.java" startline="330" endline="344" function="testWriteJsonArrayAppend" hash="-5742088661853394076"></source>
			<source file="../../workspace/dataset/test/JsonPointerTest.java" startline="347" endline="361" function="testWriteJsonArraySubstitute" hash="-7205812932126451125"></source>
		</class>
	</version>
	<version nr="2510" hash="4b015fb19" evolution="Same" change="Inconsistent">
		<class nclones="2">
			<source file="../../workspace/dataset/test/JsonPointerTest.java" startline="313" endline="327" function="testWriteJsonArray" hash="-4405973889306116209"></source>
			<source file="../../workspace/dataset/test/JsonPointerTest.java" startline="330" endline="344" function="testWriteJsonArrayAppend" hash="-5742088661853394076"></source>
		</class>
	</version>
	<version nr="2510" hash="4b015fb19" evolution="Same" change="Inconsistent">
		<class nclones="2">
			<source file="../../workspace/dataset/test/JsonPointerTest.java" startline="313" endline="327" function="testWriteJsonArray" hash="-4405973889306116209"></source>
			<source file="../../workspace/dataset/test/JsonPointerTest.java" startline="347" endline="361" function="testWriteJsonArraySubstitute" hash="-7205812932126451125"></source>
		</class>
	</version>
	<version nr="2510" hash="4b015fb19" evolution="Same" change="Inconsistent">
		<class nclones="2">
			<source file="../../workspace/dataset/test/JsonPointerTest.java" startline="330" endline="344" function="testWriteJsonArrayAppend" hash="-5742088661853394076"></source>
			<source file="../../workspace/dataset/test/JsonPointerTest.java" startline="347" endline="361" function="testWriteJsonArraySubstitute" hash="-7205812932126451125"></source>
		</class>
	</version>
	<version nr="2520" hash="b8a93913a" evolution="Same" change="Inconsistent">
		<class nclones="2">
			<source file="../../workspace/dataset/test/JsonPointerTest.java" startline="313" endline="327" function="testWriteJsonArray" hash="-4405973889306116209"></source>
			<source file="../../workspace/dataset/test/JsonPointerTest.java" startline="330" endline="344" function="testWriteJsonArrayAppend" hash="-5742088661853394076"></source>
		</class>
	</version>
	<version nr="2520" hash="b8a93913a" evolution="Same" change="Inconsistent">
		<class nclones="2">
			<source file="../../workspace/dataset/test/JsonPointerTest.java" startline="313" endline="327" function="testWriteJsonArray" hash="-4405973889306116209"></source>
			<source file="../../workspace/dataset/test/JsonPointerTest.java" startline="347" endline="361" function="testWriteJsonArraySubstitute" hash="-7205812932126451125"></source>
		</class>
	</version>
	<version nr="2520" hash="b8a93913a" evolution="Same" change="Inconsistent">
		<class nclones="2">
			<source file="../../workspace/dataset/test/JsonPointerTest.java" startline="330" endline="344" function="testWriteJsonArrayAppend" hash="-5742088661853394076"></source>
			<source file="../../workspace/dataset/test/JsonPointerTest.java" startline="347" endline="361" function="testWriteJsonArraySubstitute" hash="-7205812932126451125"></source>
		</class>
	</version>
	<version nr="2530" hash="6cb5277af" evolution="Same" change="Inconsistent">
		<class nclones="2">
			<source file="../../workspace/dataset/test/JsonPointerTest.java" startline="313" endline="327" function="testWriteJsonArray" hash="-4405973889306116209"></source>
			<source file="../../workspace/dataset/test/JsonPointerTest.java" startline="330" endline="344" function="testWriteJsonArrayAppend" hash="-5742088661853394076"></source>
		</class>
	</version>
	<version nr="2530" hash="6cb5277af" evolution="Same" change="Inconsistent">
		<class nclones="2">
			<source file="../../workspace/dataset/test/JsonPointerTest.java" startline="313" endline="327" function="testWriteJsonArray" hash="-4405973889306116209"></source>
			<source file="../../workspace/dataset/test/JsonPointerTest.java" startline="347" endline="361" function="testWriteJsonArraySubstitute" hash="-7205812932126451125"></source>
		</class>
	</version>
	<version nr="2530" hash="6cb5277af" evolution="Same" change="Inconsistent">
		<class nclones="2">
			<source file="../../workspace/dataset/test/JsonPointerTest.java" startline="330" endline="344" function="testWriteJsonArrayAppend" hash="-5742088661853394076"></source>
			<source file="../../workspace/dataset/test/JsonPointerTest.java" startline="347" endline="361" function="testWriteJsonArraySubstitute" hash="-7205812932126451125"></source>
		</class>
	</version>
	<version nr="2540" hash="1553eb366" evolution="Same" change="Inconsistent">
		<class nclones="2">
			<source file="../../workspace/dataset/test/JsonPointerTest.java" startline="313" endline="327" function="testWriteJsonArray" hash="-4405973889306116209"></source>
			<source file="../../workspace/dataset/test/JsonPointerTest.java" startline="330" endline="344" function="testWriteJsonArrayAppend" hash="-5742088661853394076"></source>
		</class>
	</version>
	<version nr="2540" hash="1553eb366" evolution="Same" change="Inconsistent">
		<class nclones="2">
			<source file="../../workspace/dataset/test/JsonPointerTest.java" startline="313" endline="327" function="testWriteJsonArray" hash="-4405973889306116209"></source>
			<source file="../../workspace/dataset/test/JsonPointerTest.java" startline="347" endline="361" function="testWriteJsonArraySubstitute" hash="-7205812932126451125"></source>
		</class>
	</version>
	<version nr="2540" hash="1553eb366" evolution="Same" change="Inconsistent">
		<class nclones="2">
			<source file="../../workspace/dataset/test/JsonPointerTest.java" startline="330" endline="344" function="testWriteJsonArrayAppend" hash="-5742088661853394076"></source>
			<source file="../../workspace/dataset/test/JsonPointerTest.java" startline="347" endline="361" function="testWriteJsonArraySubstitute" hash="-7205812932126451125"></source>
		</class>
	</version>
	<version nr="2550" hash="0226a06d9" evolution="Same" change="Inconsistent">
		<class nclones="2">
			<source file="../../workspace/dataset/test/JsonPointerTest.java" startline="313" endline="327" function="testWriteJsonArray" hash="-4405973889306116209"></source>
			<source file="../../workspace/dataset/test/JsonPointerTest.java" startline="330" endline="344" function="testWriteJsonArrayAppend" hash="-5742088661853394076"></source>
		</class>
	</version>
	<version nr="2550" hash="0226a06d9" evolution="Same" change="Inconsistent">
		<class nclones="2">
			<source file="../../workspace/dataset/test/JsonPointerTest.java" startline="313" endline="327" function="testWriteJsonArray" hash="-4405973889306116209"></source>
			<source file="../../workspace/dataset/test/JsonPointerTest.java" startline="347" endline="361" function="testWriteJsonArraySubstitute" hash="-7205812932126451125"></source>
		</class>
	</version>
	<version nr="2550" hash="0226a06d9" evolution="Same" change="Inconsistent">
		<class nclones="2">
			<source file="../../workspace/dataset/test/JsonPointerTest.java" startline="330" endline="344" function="testWriteJsonArrayAppend" hash="-5742088661853394076"></source>
			<source file="../../workspace/dataset/test/JsonPointerTest.java" startline="347" endline="361" function="testWriteJsonArraySubstitute" hash="-7205812932126451125"></source>
		</class>
	</version>
	<version nr="2560" hash="2bb738f01" evolution="Same" change="Inconsistent">
		<class nclones="2">
			<source file="../../workspace/dataset/test/JsonPointerTest.java" startline="313" endline="327" function="testWriteJsonArray" hash="-4405973889306116209"></source>
			<source file="../../workspace/dataset/test/JsonPointerTest.java" startline="330" endline="344" function="testWriteJsonArrayAppend" hash="-5742088661853394076"></source>
		</class>
	</version>
	<version nr="2560" hash="2bb738f01" evolution="Same" change="Inconsistent">
		<class nclones="2">
			<source file="../../workspace/dataset/test/JsonPointerTest.java" startline="313" endline="327" function="testWriteJsonArray" hash="-4405973889306116209"></source>
			<source file="../../workspace/dataset/test/JsonPointerTest.java" startline="347" endline="361" function="testWriteJsonArraySubstitute" hash="-7205812932126451125"></source>
		</class>
	</version>
	<version nr="2560" hash="2bb738f01" evolution="Same" change="Inconsistent">
		<class nclones="2">
			<source file="../../workspace/dataset/test/JsonPointerTest.java" startline="330" endline="344" function="testWriteJsonArrayAppend" hash="-5742088661853394076"></source>
			<source file="../../workspace/dataset/test/JsonPointerTest.java" startline="347" endline="361" function="testWriteJsonArraySubstitute" hash="-7205812932126451125"></source>
		</class>
	</version>
	<version nr="2570" hash="72bccef9f" evolution="Same" change="Inconsistent">
		<class nclones="2">
			<source file="../../workspace/dataset/test/JsonPointerTest.java" startline="313" endline="327" function="testWriteJsonArray" hash="-4405973889306116209"></source>
			<source file="../../workspace/dataset/test/JsonPointerTest.java" startline="330" endline="344" function="testWriteJsonArrayAppend" hash="-5742088661853394076"></source>
		</class>
	</version>
	<version nr="2570" hash="72bccef9f" evolution="Same" change="Inconsistent">
		<class nclones="2">
			<source file="../../workspace/dataset/test/JsonPointerTest.java" startline="313" endline="327" function="testWriteJsonArray" hash="-4405973889306116209"></source>
			<source file="../../workspace/dataset/test/JsonPointerTest.java" startline="347" endline="361" function="testWriteJsonArraySubstitute" hash="-7205812932126451125"></source>
		</class>
	</version>
	<version nr="2570" hash="72bccef9f" evolution="Same" change="Inconsistent">
		<class nclones="2">
			<source file="../../workspace/dataset/test/JsonPointerTest.java" startline="330" endline="344" function="testWriteJsonArrayAppend" hash="-5742088661853394076"></source>
			<source file="../../workspace/dataset/test/JsonPointerTest.java" startline="347" endline="361" function="testWriteJsonArraySubstitute" hash="-7205812932126451125"></source>
		</class>
	</version>
	<version nr="2580" hash="3588e2032" evolution="Same" change="Inconsistent">
		<class nclones="2">
			<source file="../../workspace/dataset/test/JsonPointerTest.java" startline="313" endline="327" function="testWriteJsonArray" hash="-4405973889306116209"></source>
			<source file="../../workspace/dataset/test/JsonPointerTest.java" startline="330" endline="344" function="testWriteJsonArrayAppend" hash="-5742088661853394076"></source>
		</class>
	</version>
	<version nr="2580" hash="3588e2032" evolution="Same" change="Inconsistent">
		<class nclones="2">
			<source file="../../workspace/dataset/test/JsonPointerTest.java" startline="313" endline="327" function="testWriteJsonArray" hash="-4405973889306116209"></source>
			<source file="../../workspace/dataset/test/JsonPointerTest.java" startline="347" endline="361" function="testWriteJsonArraySubstitute" hash="-7205812932126451125"></source>
		</class>
	</version>
	<version nr="2580" hash="3588e2032" evolution="Same" change="Inconsistent">
		<class nclones="2">
			<source file="../../workspace/dataset/test/JsonPointerTest.java" startline="330" endline="344" function="testWriteJsonArrayAppend" hash="-5742088661853394076"></source>
			<source file="../../workspace/dataset/test/JsonPointerTest.java" startline="347" endline="361" function="testWriteJsonArraySubstitute" hash="-7205812932126451125"></source>
		</class>
	</version>
	<version nr="2590" hash="db648d009" evolution="Same" change="Inconsistent">
		<class nclones="2">
			<source file="../../workspace/dataset/test/JsonPointerTest.java" startline="313" endline="327" function="testWriteJsonArray" hash="-4405973889306116209"></source>
			<source file="../../workspace/dataset/test/JsonPointerTest.java" startline="330" endline="344" function="testWriteJsonArrayAppend" hash="-5742088661853394076"></source>
		</class>
	</version>
	<version nr="2590" hash="db648d009" evolution="Same" change="Inconsistent">
		<class nclones="2">
			<source file="../../workspace/dataset/test/JsonPointerTest.java" startline="313" endline="327" function="testWriteJsonArray" hash="-4405973889306116209"></source>
			<source file="../../workspace/dataset/test/JsonPointerTest.java" startline="347" endline="361" function="testWriteJsonArraySubstitute" hash="-7205812932126451125"></source>
		</class>
	</version>
	<version nr="2590" hash="db648d009" evolution="Same" change="Inconsistent">
		<class nclones="2">
			<source file="../../workspace/dataset/test/JsonPointerTest.java" startline="330" endline="344" function="testWriteJsonArrayAppend" hash="-5742088661853394076"></source>
			<source file="../../workspace/dataset/test/JsonPointerTest.java" startline="347" endline="361" function="testWriteJsonArraySubstitute" hash="-7205812932126451125"></source>
		</class>
	</version>
	<version nr="2600" hash="d0a1ba779" evolution="Same" change="Inconsistent">
		<class nclones="2">
			<source file="../../workspace/dataset/test/JsonPointerTest.java" startline="313" endline="327" function="testWriteJsonArray" hash="-4405973889306116209"></source>
			<source file="../../workspace/dataset/test/JsonPointerTest.java" startline="330" endline="344" function="testWriteJsonArrayAppend" hash="-5742088661853394076"></source>
		</class>
	</version>
	<version nr="2600" hash="d0a1ba779" evolution="Same" change="Inconsistent">
		<class nclones="2">
			<source file="../../workspace/dataset/test/JsonPointerTest.java" startline="313" endline="327" function="testWriteJsonArray" hash="-4405973889306116209"></source>
			<source file="../../workspace/dataset/test/JsonPointerTest.java" startline="347" endline="361" function="testWriteJsonArraySubstitute" hash="-7205812932126451125"></source>
		</class>
	</version>
	<version nr="2600" hash="d0a1ba779" evolution="Same" change="Inconsistent">
		<class nclones="2">
			<source file="../../workspace/dataset/test/JsonPointerTest.java" startline="330" endline="344" function="testWriteJsonArrayAppend" hash="-5742088661853394076"></source>
			<source file="../../workspace/dataset/test/JsonPointerTest.java" startline="347" endline="361" function="testWriteJsonArraySubstitute" hash="-7205812932126451125"></source>
		</class>
	</version>
	<version nr="2610" hash="9a8150a0c" evolution="Same" change="Inconsistent">
		<class nclones="2">
			<source file="../../workspace/dataset/test/JsonPointerTest.java" startline="313" endline="327" function="testWriteJsonArray" hash="-4405973889306116209"></source>
			<source file="../../workspace/dataset/test/JsonPointerTest.java" startline="330" endline="344" function="testWriteJsonArrayAppend" hash="-5742088661853394076"></source>
		</class>
	</version>
	<version nr="2610" hash="9a8150a0c" evolution="Same" change="Inconsistent">
		<class nclones="2">
			<source file="../../workspace/dataset/test/JsonPointerTest.java" startline="313" endline="327" function="testWriteJsonArray" hash="-4405973889306116209"></source>
			<source file="../../workspace/dataset/test/JsonPointerTest.java" startline="347" endline="361" function="testWriteJsonArraySubstitute" hash="-7205812932126451125"></source>
		</class>
	</version>
	<version nr="2610" hash="9a8150a0c" evolution="Same" change="Inconsistent">
		<class nclones="2">
			<source file="../../workspace/dataset/test/JsonPointerTest.java" startline="330" endline="344" function="testWriteJsonArrayAppend" hash="-5742088661853394076"></source>
			<source file="../../workspace/dataset/test/JsonPointerTest.java" startline="347" endline="361" function="testWriteJsonArraySubstitute" hash="-7205812932126451125"></source>
		</class>
	</version>
	<version nr="2620" hash="87aa147a1" evolution="Same" change="Inconsistent">
		<class nclones="2">
			<source file="../../workspace/dataset/test/JsonPointerTest.java" startline="313" endline="327" function="testWriteJsonArray" hash="-4405973889306116209"></source>
			<source file="../../workspace/dataset/test/JsonPointerTest.java" startline="330" endline="344" function="testWriteJsonArrayAppend" hash="-5742088661853394076"></source>
		</class>
	</version>
	<version nr="2620" hash="87aa147a1" evolution="Same" change="Inconsistent">
		<class nclones="2">
			<source file="../../workspace/dataset/test/JsonPointerTest.java" startline="313" endline="327" function="testWriteJsonArray" hash="-4405973889306116209"></source>
			<source file="../../workspace/dataset/test/JsonPointerTest.java" startline="347" endline="361" function="testWriteJsonArraySubstitute" hash="-7205812932126451125"></source>
		</class>
	</version>
	<version nr="2620" hash="87aa147a1" evolution="Same" change="Inconsistent">
		<class nclones="2">
			<source file="../../workspace/dataset/test/JsonPointerTest.java" startline="330" endline="344" function="testWriteJsonArrayAppend" hash="-5742088661853394076"></source>
			<source file="../../workspace/dataset/test/JsonPointerTest.java" startline="347" endline="361" function="testWriteJsonArraySubstitute" hash="-7205812932126451125"></source>
		</class>
	</version>
	<version nr="2630" hash="fee3d01be" evolution="Same" change="Inconsistent">
		<class nclones="2">
			<source file="../../workspace/dataset/test/JsonPointerTest.java" startline="313" endline="327" function="testWriteJsonArray" hash="-4405973889306116209"></source>
			<source file="../../workspace/dataset/test/JsonPointerTest.java" startline="330" endline="344" function="testWriteJsonArrayAppend" hash="-5742088661853394076"></source>
		</class>
	</version>
	<version nr="2630" hash="fee3d01be" evolution="Same" change="Inconsistent">
		<class nclones="2">
			<source file="../../workspace/dataset/test/JsonPointerTest.java" startline="313" endline="327" function="testWriteJsonArray" hash="-4405973889306116209"></source>
			<source file="../../workspace/dataset/test/JsonPointerTest.java" startline="347" endline="361" function="testWriteJsonArraySubstitute" hash="-7205812932126451125"></source>
		</class>
	</version>
	<version nr="2630" hash="fee3d01be" evolution="Same" change="Inconsistent">
		<class nclones="2">
			<source file="../../workspace/dataset/test/JsonPointerTest.java" startline="330" endline="344" function="testWriteJsonArrayAppend" hash="-5742088661853394076"></source>
			<source file="../../workspace/dataset/test/JsonPointerTest.java" startline="347" endline="361" function="testWriteJsonArraySubstitute" hash="-7205812932126451125"></source>
		</class>
	</version>
	<version nr="2640" hash="62327f62f" evolution="Same" change="Inconsistent">
		<class nclones="2">
			<source file="../../workspace/dataset/test/JsonPointerTest.java" startline="313" endline="327" function="testWriteJsonArray" hash="-4405973889306116209"></source>
			<source file="../../workspace/dataset/test/JsonPointerTest.java" startline="330" endline="344" function="testWriteJsonArrayAppend" hash="-5742088661853394076"></source>
		</class>
	</version>
	<version nr="2640" hash="62327f62f" evolution="Same" change="Inconsistent">
		<class nclones="2">
			<source file="../../workspace/dataset/test/JsonPointerTest.java" startline="313" endline="327" function="testWriteJsonArray" hash="-4405973889306116209"></source>
			<source file="../../workspace/dataset/test/JsonPointerTest.java" startline="347" endline="361" function="testWriteJsonArraySubstitute" hash="-7205812932126451125"></source>
		</class>
	</version>
	<version nr="2640" hash="62327f62f" evolution="Same" change="Inconsistent">
		<class nclones="2">
			<source file="../../workspace/dataset/test/JsonPointerTest.java" startline="330" endline="344" function="testWriteJsonArrayAppend" hash="-5742088661853394076"></source>
			<source file="../../workspace/dataset/test/JsonPointerTest.java" startline="347" endline="361" function="testWriteJsonArraySubstitute" hash="-7205812932126451125"></source>
		</class>
	</version>
	<version nr="2650" hash="947666aeb" evolution="Same" change="Inconsistent">
		<class nclones="2">
			<source file="../../workspace/dataset/test/JsonPointerTest.java" startline="313" endline="327" function="testWriteJsonArray" hash="-4405973889306116209"></source>
			<source file="../../workspace/dataset/test/JsonPointerTest.java" startline="330" endline="344" function="testWriteJsonArrayAppend" hash="-5742088661853394076"></source>
		</class>
	</version>
	<version nr="2650" hash="947666aeb" evolution="Same" change="Inconsistent">
		<class nclones="2">
			<source file="../../workspace/dataset/test/JsonPointerTest.java" startline="313" endline="327" function="testWriteJsonArray" hash="-4405973889306116209"></source>
			<source file="../../workspace/dataset/test/JsonPointerTest.java" startline="347" endline="361" function="testWriteJsonArraySubstitute" hash="-7205812932126451125"></source>
		</class>
	</version>
	<version nr="2650" hash="947666aeb" evolution="Same" change="Inconsistent">
		<class nclones="2">
			<source file="../../workspace/dataset/test/JsonPointerTest.java" startline="330" endline="344" function="testWriteJsonArrayAppend" hash="-5742088661853394076"></source>
			<source file="../../workspace/dataset/test/JsonPointerTest.java" startline="347" endline="361" function="testWriteJsonArraySubstitute" hash="-7205812932126451125"></source>
		</class>
	</version>
	<version nr="2660" hash="cb8662c19" evolution="Same" change="Inconsistent">
		<class nclones="2">
			<source file="../../workspace/dataset/test/JsonPointerTest.java" startline="313" endline="327" function="testWriteJsonArray" hash="-4405973889306116209"></source>
			<source file="../../workspace/dataset/test/JsonPointerTest.java" startline="330" endline="344" function="testWriteJsonArrayAppend" hash="-5742088661853394076"></source>
		</class>
	</version>
	<version nr="2660" hash="cb8662c19" evolution="Same" change="Inconsistent">
		<class nclones="2">
			<source file="../../workspace/dataset/test/JsonPointerTest.java" startline="313" endline="327" function="testWriteJsonArray" hash="-4405973889306116209"></source>
			<source file="../../workspace/dataset/test/JsonPointerTest.java" startline="347" endline="361" function="testWriteJsonArraySubstitute" hash="-7205812932126451125"></source>
		</class>
	</version>
	<version nr="2660" hash="cb8662c19" evolution="Same" change="Inconsistent">
		<class nclones="2">
			<source file="../../workspace/dataset/test/JsonPointerTest.java" startline="330" endline="344" function="testWriteJsonArrayAppend" hash="-5742088661853394076"></source>
			<source file="../../workspace/dataset/test/JsonPointerTest.java" startline="347" endline="361" function="testWriteJsonArraySubstitute" hash="-7205812932126451125"></source>
		</class>
	</version>
	<version nr="2670" hash="f7cbccb16" evolution="Same" change="Inconsistent">
		<class nclones="2">
			<source file="../../workspace/dataset/test/JsonPointerTest.java" startline="313" endline="327" function="testWriteJsonArray" hash="-4405973889306116209"></source>
			<source file="../../workspace/dataset/test/JsonPointerTest.java" startline="330" endline="344" function="testWriteJsonArrayAppend" hash="-5742088661853394076"></source>
		</class>
	</version>
	<version nr="2670" hash="f7cbccb16" evolution="Same" change="Inconsistent">
		<class nclones="2">
			<source file="../../workspace/dataset/test/JsonPointerTest.java" startline="313" endline="327" function="testWriteJsonArray" hash="-4405973889306116209"></source>
			<source file="../../workspace/dataset/test/JsonPointerTest.java" startline="347" endline="361" function="testWriteJsonArraySubstitute" hash="-7205812932126451125"></source>
		</class>
	</version>
	<version nr="2670" hash="f7cbccb16" evolution="Same" change="Inconsistent">
		<class nclones="2">
			<source file="../../workspace/dataset/test/JsonPointerTest.java" startline="330" endline="344" function="testWriteJsonArrayAppend" hash="-5742088661853394076"></source>
			<source file="../../workspace/dataset/test/JsonPointerTest.java" startline="347" endline="361" function="testWriteJsonArraySubstitute" hash="-7205812932126451125"></source>
		</class>
	</version>
	<version nr="2680" hash="048d63e25" evolution="Same" change="Inconsistent">
		<class nclones="2">
			<source file="../../workspace/dataset/test/JsonPointerTest.java" startline="313" endline="327" function="testWriteJsonArray" hash="-4405973889306116209"></source>
			<source file="../../workspace/dataset/test/JsonPointerTest.java" startline="330" endline="344" function="testWriteJsonArrayAppend" hash="-5742088661853394076"></source>
		</class>
	</version>
	<version nr="2680" hash="048d63e25" evolution="Same" change="Inconsistent">
		<class nclones="2">
			<source file="../../workspace/dataset/test/JsonPointerTest.java" startline="313" endline="327" function="testWriteJsonArray" hash="-4405973889306116209"></source>
			<source file="../../workspace/dataset/test/JsonPointerTest.java" startline="347" endline="361" function="testWriteJsonArraySubstitute" hash="-7205812932126451125"></source>
		</class>
	</version>
	<version nr="2680" hash="048d63e25" evolution="Same" change="Inconsistent">
		<class nclones="2">
			<source file="../../workspace/dataset/test/JsonPointerTest.java" startline="330" endline="344" function="testWriteJsonArrayAppend" hash="-5742088661853394076"></source>
			<source file="../../workspace/dataset/test/JsonPointerTest.java" startline="347" endline="361" function="testWriteJsonArraySubstitute" hash="-7205812932126451125"></source>
		</class>
	</version>
	<version nr="2690" hash="7c3a87754" evolution="Same" change="Inconsistent">
		<class nclones="2">
			<source file="../../workspace/dataset/test/JsonPointerTest.java" startline="313" endline="327" function="testWriteJsonArray" hash="-4405973889306116209"></source>
			<source file="../../workspace/dataset/test/JsonPointerTest.java" startline="330" endline="344" function="testWriteJsonArrayAppend" hash="-5742088661853394076"></source>
		</class>
	</version>
	<version nr="2690" hash="7c3a87754" evolution="Same" change="Inconsistent">
		<class nclones="2">
			<source file="../../workspace/dataset/test/JsonPointerTest.java" startline="313" endline="327" function="testWriteJsonArray" hash="-4405973889306116209"></source>
			<source file="../../workspace/dataset/test/JsonPointerTest.java" startline="347" endline="361" function="testWriteJsonArraySubstitute" hash="-7205812932126451125"></source>
		</class>
	</version>
	<version nr="2690" hash="7c3a87754" evolution="Same" change="Inconsistent">
		<class nclones="2">
			<source file="../../workspace/dataset/test/JsonPointerTest.java" startline="330" endline="344" function="testWriteJsonArrayAppend" hash="-5742088661853394076"></source>
			<source file="../../workspace/dataset/test/JsonPointerTest.java" startline="347" endline="361" function="testWriteJsonArraySubstitute" hash="-7205812932126451125"></source>
		</class>
	</version>
	<version nr="2700" hash="bafe6d469" evolution="Same" change="Inconsistent">
		<class nclones="2">
			<source file="../../workspace/dataset/test/JsonPointerTest.java" startline="313" endline="327" function="testWriteJsonArray" hash="-4405973889306116209"></source>
			<source file="../../workspace/dataset/test/JsonPointerTest.java" startline="330" endline="344" function="testWriteJsonArrayAppend" hash="-5742088661853394076"></source>
		</class>
	</version>
	<version nr="2700" hash="bafe6d469" evolution="Same" change="Inconsistent">
		<class nclones="2">
			<source file="../../workspace/dataset/test/JsonPointerTest.java" startline="313" endline="327" function="testWriteJsonArray" hash="-4405973889306116209"></source>
			<source file="../../workspace/dataset/test/JsonPointerTest.java" startline="347" endline="361" function="testWriteJsonArraySubstitute" hash="-7205812932126451125"></source>
		</class>
	</version>
	<version nr="2700" hash="bafe6d469" evolution="Same" change="Inconsistent">
		<class nclones="2">
			<source file="../../workspace/dataset/test/JsonPointerTest.java" startline="330" endline="344" function="testWriteJsonArrayAppend" hash="-5742088661853394076"></source>
			<source file="../../workspace/dataset/test/JsonPointerTest.java" startline="347" endline="361" function="testWriteJsonArraySubstitute" hash="-7205812932126451125"></source>
		</class>
	</version>
	<version nr="2710" hash="ce80ba660" evolution="Same" change="Inconsistent">
		<class nclones="2">
			<source file="../../workspace/dataset/test/JsonPointerTest.java" startline="313" endline="327" function="testWriteJsonArray" hash="-4405973889306116209"></source>
			<source file="../../workspace/dataset/test/JsonPointerTest.java" startline="330" endline="344" function="testWriteJsonArrayAppend" hash="-5742088661853394076"></source>
		</class>
	</version>
	<version nr="2710" hash="ce80ba660" evolution="Same" change="Inconsistent">
		<class nclones="2">
			<source file="../../workspace/dataset/test/JsonPointerTest.java" startline="313" endline="327" function="testWriteJsonArray" hash="-4405973889306116209"></source>
			<source file="../../workspace/dataset/test/JsonPointerTest.java" startline="347" endline="361" function="testWriteJsonArraySubstitute" hash="-7205812932126451125"></source>
		</class>
	</version>
	<version nr="2710" hash="ce80ba660" evolution="Same" change="Inconsistent">
		<class nclones="2">
			<source file="../../workspace/dataset/test/JsonPointerTest.java" startline="330" endline="344" function="testWriteJsonArrayAppend" hash="-5742088661853394076"></source>
			<source file="../../workspace/dataset/test/JsonPointerTest.java" startline="347" endline="361" function="testWriteJsonArraySubstitute" hash="-7205812932126451125"></source>
		</class>
	</version>
	<version nr="2720" hash="61d98b708" evolution="Same" change="Inconsistent">
		<class nclones="2">
			<source file="../../workspace/dataset/test/JsonPointerTest.java" startline="313" endline="327" function="testWriteJsonArray" hash="-4405973889306116209"></source>
			<source file="../../workspace/dataset/test/JsonPointerTest.java" startline="330" endline="344" function="testWriteJsonArrayAppend" hash="-5742088661853394076"></source>
		</class>
	</version>
	<version nr="2720" hash="61d98b708" evolution="Same" change="Inconsistent">
		<class nclones="2">
			<source file="../../workspace/dataset/test/JsonPointerTest.java" startline="313" endline="327" function="testWriteJsonArray" hash="-4405973889306116209"></source>
			<source file="../../workspace/dataset/test/JsonPointerTest.java" startline="347" endline="361" function="testWriteJsonArraySubstitute" hash="-7205812932126451125"></source>
		</class>
	</version>
	<version nr="2720" hash="61d98b708" evolution="Same" change="Inconsistent">
		<class nclones="2">
			<source file="../../workspace/dataset/test/JsonPointerTest.java" startline="330" endline="344" function="testWriteJsonArrayAppend" hash="-5742088661853394076"></source>
			<source file="../../workspace/dataset/test/JsonPointerTest.java" startline="347" endline="361" function="testWriteJsonArraySubstitute" hash="-7205812932126451125"></source>
		</class>
	</version>
	<version nr="2730" hash="a7b7214c5" evolution="Same" change="Inconsistent">
		<class nclones="2">
			<source file="../../workspace/dataset/test/JsonPointerTest.java" startline="313" endline="327" function="testWriteJsonArray" hash="-4405973889306116209"></source>
			<source file="../../workspace/dataset/test/JsonPointerTest.java" startline="330" endline="344" function="testWriteJsonArrayAppend" hash="-5742088661853394076"></source>
		</class>
	</version>
	<version nr="2730" hash="a7b7214c5" evolution="Same" change="Inconsistent">
		<class nclones="2">
			<source file="../../workspace/dataset/test/JsonPointerTest.java" startline="313" endline="327" function="testWriteJsonArray" hash="-4405973889306116209"></source>
			<source file="../../workspace/dataset/test/JsonPointerTest.java" startline="347" endline="361" function="testWriteJsonArraySubstitute" hash="-7205812932126451125"></source>
		</class>
	</version>
	<version nr="2730" hash="a7b7214c5" evolution="Same" change="Inconsistent">
		<class nclones="2">
			<source file="../../workspace/dataset/test/JsonPointerTest.java" startline="330" endline="344" function="testWriteJsonArrayAppend" hash="-5742088661853394076"></source>
			<source file="../../workspace/dataset/test/JsonPointerTest.java" startline="347" endline="361" function="testWriteJsonArraySubstitute" hash="-7205812932126451125"></source>
		</class>
	</version>
	<version nr="2740" hash="29bbea88d" evolution="Same" change="Inconsistent">
		<class nclones="2">
			<source file="../../workspace/dataset/test/JsonPointerTest.java" startline="313" endline="327" function="testWriteJsonArray" hash="-4405973889306116209"></source>
			<source file="../../workspace/dataset/test/JsonPointerTest.java" startline="330" endline="344" function="testWriteJsonArrayAppend" hash="-5742088661853394076"></source>
		</class>
	</version>
	<version nr="2740" hash="29bbea88d" evolution="Same" change="Inconsistent">
		<class nclones="2">
			<source file="../../workspace/dataset/test/JsonPointerTest.java" startline="313" endline="327" function="testWriteJsonArray" hash="-4405973889306116209"></source>
			<source file="../../workspace/dataset/test/JsonPointerTest.java" startline="347" endline="361" function="testWriteJsonArraySubstitute" hash="-7205812932126451125"></source>
		</class>
	</version>
	<version nr="2740" hash="29bbea88d" evolution="Same" change="Inconsistent">
		<class nclones="2">
			<source file="../../workspace/dataset/test/JsonPointerTest.java" startline="330" endline="344" function="testWriteJsonArrayAppend" hash="-5742088661853394076"></source>
			<source file="../../workspace/dataset/test/JsonPointerTest.java" startline="347" endline="361" function="testWriteJsonArraySubstitute" hash="-7205812932126451125"></source>
		</class>
	</version>
	<version nr="2750" hash="2d8fc425e" evolution="Same" change="Inconsistent">
		<class nclones="2">
			<source file="../../workspace/dataset/test/JsonPointerTest.java" startline="313" endline="327" function="testWriteJsonArray" hash="-4405973889306116209"></source>
			<source file="../../workspace/dataset/test/JsonPointerTest.java" startline="330" endline="344" function="testWriteJsonArrayAppend" hash="-5742088661853394076"></source>
		</class>
	</version>
	<version nr="2750" hash="2d8fc425e" evolution="Same" change="Inconsistent">
		<class nclones="2">
			<source file="../../workspace/dataset/test/JsonPointerTest.java" startline="313" endline="327" function="testWriteJsonArray" hash="-4405973889306116209"></source>
			<source file="../../workspace/dataset/test/JsonPointerTest.java" startline="347" endline="361" function="testWriteJsonArraySubstitute" hash="-7205812932126451125"></source>
		</class>
	</version>
	<version nr="2750" hash="2d8fc425e" evolution="Same" change="Inconsistent">
		<class nclones="2">
			<source file="../../workspace/dataset/test/JsonPointerTest.java" startline="330" endline="344" function="testWriteJsonArrayAppend" hash="-5742088661853394076"></source>
			<source file="../../workspace/dataset/test/JsonPointerTest.java" startline="347" endline="361" function="testWriteJsonArraySubstitute" hash="-7205812932126451125"></source>
		</class>
	</version>
	<version nr="2760" hash="991ac6bd2" evolution="Same" change="Inconsistent">
		<class nclones="2">
			<source file="../../workspace/dataset/test/JsonPointerTest.java" startline="313" endline="327" function="testWriteJsonArray" hash="-4405973889306116209"></source>
			<source file="../../workspace/dataset/test/JsonPointerTest.java" startline="330" endline="344" function="testWriteJsonArrayAppend" hash="-5742088661853394076"></source>
		</class>
	</version>
	<version nr="2760" hash="991ac6bd2" evolution="Same" change="Inconsistent">
		<class nclones="2">
			<source file="../../workspace/dataset/test/JsonPointerTest.java" startline="313" endline="327" function="testWriteJsonArray" hash="-4405973889306116209"></source>
			<source file="../../workspace/dataset/test/JsonPointerTest.java" startline="347" endline="361" function="testWriteJsonArraySubstitute" hash="-7205812932126451125"></source>
		</class>
	</version>
	<version nr="2760" hash="991ac6bd2" evolution="Same" change="Inconsistent">
		<class nclones="2">
			<source file="../../workspace/dataset/test/JsonPointerTest.java" startline="330" endline="344" function="testWriteJsonArrayAppend" hash="-5742088661853394076"></source>
			<source file="../../workspace/dataset/test/JsonPointerTest.java" startline="347" endline="361" function="testWriteJsonArraySubstitute" hash="-7205812932126451125"></source>
		</class>
	</version>
	<version nr="2770" hash="67c5f080d" evolution="Same" change="Inconsistent">
		<class nclones="2">
			<source file="../../workspace/dataset/test/JsonPointerTest.java" startline="313" endline="327" function="testWriteJsonArray" hash="-4405973889306116209"></source>
			<source file="../../workspace/dataset/test/JsonPointerTest.java" startline="330" endline="344" function="testWriteJsonArrayAppend" hash="-5742088661853394076"></source>
		</class>
	</version>
	<version nr="2770" hash="67c5f080d" evolution="Same" change="Inconsistent">
		<class nclones="2">
			<source file="../../workspace/dataset/test/JsonPointerTest.java" startline="313" endline="327" function="testWriteJsonArray" hash="-4405973889306116209"></source>
			<source file="../../workspace/dataset/test/JsonPointerTest.java" startline="347" endline="361" function="testWriteJsonArraySubstitute" hash="-7205812932126451125"></source>
		</class>
	</version>
	<version nr="2770" hash="67c5f080d" evolution="Same" change="Inconsistent">
		<class nclones="2">
			<source file="../../workspace/dataset/test/JsonPointerTest.java" startline="330" endline="344" function="testWriteJsonArrayAppend" hash="-5742088661853394076"></source>
			<source file="../../workspace/dataset/test/JsonPointerTest.java" startline="347" endline="361" function="testWriteJsonArraySubstitute" hash="-7205812932126451125"></source>
		</class>
	</version>
	<version nr="2780" hash="2e945fa72" evolution="Same" change="Inconsistent">
		<class nclones="2">
			<source file="../../workspace/dataset/test/JsonPointerTest.java" startline="313" endline="327" function="testWriteJsonArray" hash="-4405973889306116209"></source>
			<source file="../../workspace/dataset/test/JsonPointerTest.java" startline="330" endline="344" function="testWriteJsonArrayAppend" hash="-5742088661853394076"></source>
		</class>
	</version>
	<version nr="2780" hash="2e945fa72" evolution="Same" change="Inconsistent">
		<class nclones="2">
			<source file="../../workspace/dataset/test/JsonPointerTest.java" startline="313" endline="327" function="testWriteJsonArray" hash="-4405973889306116209"></source>
			<source file="../../workspace/dataset/test/JsonPointerTest.java" startline="347" endline="361" function="testWriteJsonArraySubstitute" hash="-7205812932126451125"></source>
		</class>
	</version>
	<version nr="2780" hash="2e945fa72" evolution="Same" change="Inconsistent">
		<class nclones="2">
			<source file="../../workspace/dataset/test/JsonPointerTest.java" startline="330" endline="344" function="testWriteJsonArrayAppend" hash="-5742088661853394076"></source>
			<source file="../../workspace/dataset/test/JsonPointerTest.java" startline="347" endline="361" function="testWriteJsonArraySubstitute" hash="-7205812932126451125"></source>
		</class>
	</version>
	<version nr="2790" hash="b7b148db9" evolution="Same" change="Inconsistent">
		<class nclones="2">
			<source file="../../workspace/dataset/test/JsonPointerTest.java" startline="313" endline="327" function="testWriteJsonArray" hash="-4405973889306116209"></source>
			<source file="../../workspace/dataset/test/JsonPointerTest.java" startline="330" endline="344" function="testWriteJsonArrayAppend" hash="-5742088661853394076"></source>
		</class>
	</version>
	<version nr="2790" hash="b7b148db9" evolution="Same" change="Inconsistent">
		<class nclones="2">
			<source file="../../workspace/dataset/test/JsonPointerTest.java" startline="313" endline="327" function="testWriteJsonArray" hash="-4405973889306116209"></source>
			<source file="../../workspace/dataset/test/JsonPointerTest.java" startline="347" endline="361" function="testWriteJsonArraySubstitute" hash="-7205812932126451125"></source>
		</class>
	</version>
	<version nr="2790" hash="b7b148db9" evolution="Same" change="Inconsistent">
		<class nclones="2">
			<source file="../../workspace/dataset/test/JsonPointerTest.java" startline="330" endline="344" function="testWriteJsonArrayAppend" hash="-5742088661853394076"></source>
			<source file="../../workspace/dataset/test/JsonPointerTest.java" startline="347" endline="361" function="testWriteJsonArraySubstitute" hash="-7205812932126451125"></source>
		</class>
	</version>
	<version nr="2800" hash="004c3d00e" evolution="Same" change="Inconsistent">
		<class nclones="2">
			<source file="../../workspace/dataset/test/JsonPointerTest.java" startline="313" endline="327" function="testWriteJsonArray" hash="-4405973889306116209"></source>
			<source file="../../workspace/dataset/test/JsonPointerTest.java" startline="330" endline="344" function="testWriteJsonArrayAppend" hash="-5742088661853394076"></source>
		</class>
	</version>
	<version nr="2800" hash="004c3d00e" evolution="Same" change="Inconsistent">
		<class nclones="2">
			<source file="../../workspace/dataset/test/JsonPointerTest.java" startline="313" endline="327" function="testWriteJsonArray" hash="-4405973889306116209"></source>
			<source file="../../workspace/dataset/test/JsonPointerTest.java" startline="347" endline="361" function="testWriteJsonArraySubstitute" hash="-7205812932126451125"></source>
		</class>
	</version>
	<version nr="2800" hash="004c3d00e" evolution="Same" change="Inconsistent">
		<class nclones="2">
			<source file="../../workspace/dataset/test/JsonPointerTest.java" startline="330" endline="344" function="testWriteJsonArrayAppend" hash="-5742088661853394076"></source>
			<source file="../../workspace/dataset/test/JsonPointerTest.java" startline="347" endline="361" function="testWriteJsonArraySubstitute" hash="-7205812932126451125"></source>
		</class>
	</version>
	<version nr="2810" hash="f5d65be4b" evolution="Same" change="Inconsistent">
		<class nclones="2">
			<source file="../../workspace/dataset/test/JsonPointerTest.java" startline="313" endline="327" function="testWriteJsonArray" hash="-4405973889306116209"></source>
			<source file="../../workspace/dataset/test/JsonPointerTest.java" startline="330" endline="344" function="testWriteJsonArrayAppend" hash="-5742088661853394076"></source>
		</class>
	</version>
	<version nr="2810" hash="f5d65be4b" evolution="Same" change="Inconsistent">
		<class nclones="2">
			<source file="../../workspace/dataset/test/JsonPointerTest.java" startline="313" endline="327" function="testWriteJsonArray" hash="-4405973889306116209"></source>
			<source file="../../workspace/dataset/test/JsonPointerTest.java" startline="347" endline="361" function="testWriteJsonArraySubstitute" hash="-7205812932126451125"></source>
		</class>
	</version>
	<version nr="2810" hash="f5d65be4b" evolution="Same" change="Inconsistent">
		<class nclones="2">
			<source file="../../workspace/dataset/test/JsonPointerTest.java" startline="330" endline="344" function="testWriteJsonArrayAppend" hash="-5742088661853394076"></source>
			<source file="../../workspace/dataset/test/JsonPointerTest.java" startline="347" endline="361" function="testWriteJsonArraySubstitute" hash="-7205812932126451125"></source>
		</class>
	</version>
	<version nr="2820" hash="11ab14472" evolution="Same" change="Inconsistent">
		<class nclones="2">
			<source file="../../workspace/dataset/test/JsonPointerTest.java" startline="313" endline="327" function="testWriteJsonArray" hash="-4405973889306116209"></source>
			<source file="../../workspace/dataset/test/JsonPointerTest.java" startline="330" endline="344" function="testWriteJsonArrayAppend" hash="-5742088661853394076"></source>
		</class>
	</version>
	<version nr="2820" hash="11ab14472" evolution="Same" change="Inconsistent">
		<class nclones="2">
			<source file="../../workspace/dataset/test/JsonPointerTest.java" startline="313" endline="327" function="testWriteJsonArray" hash="-4405973889306116209"></source>
			<source file="../../workspace/dataset/test/JsonPointerTest.java" startline="347" endline="361" function="testWriteJsonArraySubstitute" hash="-7205812932126451125"></source>
		</class>
	</version>
	<version nr="2820" hash="11ab14472" evolution="Same" change="Inconsistent">
		<class nclones="2">
			<source file="../../workspace/dataset/test/JsonPointerTest.java" startline="330" endline="344" function="testWriteJsonArrayAppend" hash="-5742088661853394076"></source>
			<source file="../../workspace/dataset/test/JsonPointerTest.java" startline="347" endline="361" function="testWriteJsonArraySubstitute" hash="-7205812932126451125"></source>
		</class>
	</version>
	<version nr="2830" hash="bbd069731" evolution="Same" change="Inconsistent">
		<class nclones="2">
			<source file="../../workspace/dataset/test/JsonPointerTest.java" startline="313" endline="327" function="testWriteJsonArray" hash="-4405973889306116209"></source>
			<source file="../../workspace/dataset/test/JsonPointerTest.java" startline="330" endline="344" function="testWriteJsonArrayAppend" hash="-5742088661853394076"></source>
		</class>
	</version>
	<version nr="2830" hash="bbd069731" evolution="Same" change="Inconsistent">
		<class nclones="2">
			<source file="../../workspace/dataset/test/JsonPointerTest.java" startline="313" endline="327" function="testWriteJsonArray" hash="-4405973889306116209"></source>
			<source file="../../workspace/dataset/test/JsonPointerTest.java" startline="347" endline="361" function="testWriteJsonArraySubstitute" hash="-7205812932126451125"></source>
		</class>
	</version>
	<version nr="2830" hash="bbd069731" evolution="Same" change="Inconsistent">
		<class nclones="2">
			<source file="../../workspace/dataset/test/JsonPointerTest.java" startline="330" endline="344" function="testWriteJsonArrayAppend" hash="-5742088661853394076"></source>
			<source file="../../workspace/dataset/test/JsonPointerTest.java" startline="347" endline="361" function="testWriteJsonArraySubstitute" hash="-7205812932126451125"></source>
		</class>
	</version>
	<version nr="2840" hash="be9c9249f" evolution="Same" change="Inconsistent">
		<class nclones="2">
			<source file="../../workspace/dataset/test/JsonPointerTest.java" startline="313" endline="327" function="testWriteJsonArray" hash="-4405973889306116209"></source>
			<source file="../../workspace/dataset/test/JsonPointerTest.java" startline="330" endline="344" function="testWriteJsonArrayAppend" hash="-5742088661853394076"></source>
		</class>
	</version>
	<version nr="2840" hash="be9c9249f" evolution="Same" change="Inconsistent">
		<class nclones="2">
			<source file="../../workspace/dataset/test/JsonPointerTest.java" startline="313" endline="327" function="testWriteJsonArray" hash="-4405973889306116209"></source>
			<source file="../../workspace/dataset/test/JsonPointerTest.java" startline="347" endline="361" function="testWriteJsonArraySubstitute" hash="-7205812932126451125"></source>
		</class>
	</version>
	<version nr="2840" hash="be9c9249f" evolution="Same" change="Inconsistent">
		<class nclones="2">
			<source file="../../workspace/dataset/test/JsonPointerTest.java" startline="330" endline="344" function="testWriteJsonArrayAppend" hash="-5742088661853394076"></source>
			<source file="../../workspace/dataset/test/JsonPointerTest.java" startline="347" endline="361" function="testWriteJsonArraySubstitute" hash="-7205812932126451125"></source>
		</class>
	</version>
	<version nr="2850" hash="ecde0f3ca" evolution="Same" change="Inconsistent">
		<class nclones="2">
			<source file="../../workspace/dataset/test/JsonPointerTest.java" startline="313" endline="327" function="testWriteJsonArray" hash="-4405973889306116209"></source>
			<source file="../../workspace/dataset/test/JsonPointerTest.java" startline="330" endline="344" function="testWriteJsonArrayAppend" hash="-5742088661853394076"></source>
		</class>
	</version>
	<version nr="2850" hash="ecde0f3ca" evolution="Same" change="Inconsistent">
		<class nclones="2">
			<source file="../../workspace/dataset/test/JsonPointerTest.java" startline="313" endline="327" function="testWriteJsonArray" hash="-4405973889306116209"></source>
			<source file="../../workspace/dataset/test/JsonPointerTest.java" startline="347" endline="361" function="testWriteJsonArraySubstitute" hash="-7205812932126451125"></source>
		</class>
	</version>
	<version nr="2850" hash="ecde0f3ca" evolution="Same" change="Inconsistent">
		<class nclones="2">
			<source file="../../workspace/dataset/test/JsonPointerTest.java" startline="330" endline="344" function="testWriteJsonArrayAppend" hash="-5742088661853394076"></source>
			<source file="../../workspace/dataset/test/JsonPointerTest.java" startline="347" endline="361" function="testWriteJsonArraySubstitute" hash="-7205812932126451125"></source>
		</class>
	</version>
	<version nr="2860" hash="23c9ab905" evolution="Same" change="Inconsistent">
		<class nclones="2">
			<source file="../../workspace/dataset/test/JsonPointerTest.java" startline="313" endline="327" function="testWriteJsonArray" hash="-4405973889306116209"></source>
			<source file="../../workspace/dataset/test/JsonPointerTest.java" startline="330" endline="344" function="testWriteJsonArrayAppend" hash="-5742088661853394076"></source>
		</class>
	</version>
	<version nr="2860" hash="23c9ab905" evolution="Same" change="Inconsistent">
		<class nclones="2">
			<source file="../../workspace/dataset/test/JsonPointerTest.java" startline="313" endline="327" function="testWriteJsonArray" hash="-4405973889306116209"></source>
			<source file="../../workspace/dataset/test/JsonPointerTest.java" startline="347" endline="361" function="testWriteJsonArraySubstitute" hash="-7205812932126451125"></source>
		</class>
	</version>
	<version nr="2860" hash="23c9ab905" evolution="Same" change="Inconsistent">
		<class nclones="2">
			<source file="../../workspace/dataset/test/JsonPointerTest.java" startline="330" endline="344" function="testWriteJsonArrayAppend" hash="-5742088661853394076"></source>
			<source file="../../workspace/dataset/test/JsonPointerTest.java" startline="347" endline="361" function="testWriteJsonArraySubstitute" hash="-7205812932126451125"></source>
		</class>
	</version>
	<version nr="2870" hash="43ca42a40" evolution="Same" change="Inconsistent">
		<class nclones="2">
			<source file="../../workspace/dataset/test/JsonPointerTest.java" startline="313" endline="327" function="testWriteJsonArray" hash="-4405973889306116209"></source>
			<source file="../../workspace/dataset/test/JsonPointerTest.java" startline="330" endline="344" function="testWriteJsonArrayAppend" hash="-5742088661853394076"></source>
		</class>
	</version>
	<version nr="2870" hash="43ca42a40" evolution="Same" change="Inconsistent">
		<class nclones="2">
			<source file="../../workspace/dataset/test/JsonPointerTest.java" startline="313" endline="327" function="testWriteJsonArray" hash="-4405973889306116209"></source>
			<source file="../../workspace/dataset/test/JsonPointerTest.java" startline="347" endline="361" function="testWriteJsonArraySubstitute" hash="-7205812932126451125"></source>
		</class>
	</version>
	<version nr="2870" hash="43ca42a40" evolution="Same" change="Inconsistent">
		<class nclones="2">
			<source file="../../workspace/dataset/test/JsonPointerTest.java" startline="330" endline="344" function="testWriteJsonArrayAppend" hash="-5742088661853394076"></source>
			<source file="../../workspace/dataset/test/JsonPointerTest.java" startline="347" endline="361" function="testWriteJsonArraySubstitute" hash="-7205812932126451125"></source>
		</class>
	</version>
	<version nr="2880" hash="601baccef" evolution="Same" change="Inconsistent">
		<class nclones="2">
			<source file="../../workspace/dataset/test/JsonPointerTest.java" startline="313" endline="327" function="testWriteJsonArray" hash="-4405973889306116209"></source>
			<source file="../../workspace/dataset/test/JsonPointerTest.java" startline="330" endline="344" function="testWriteJsonArrayAppend" hash="-5742088661853394076"></source>
		</class>
	</version>
	<version nr="2880" hash="601baccef" evolution="Same" change="Inconsistent">
		<class nclones="2">
			<source file="../../workspace/dataset/test/JsonPointerTest.java" startline="313" endline="327" function="testWriteJsonArray" hash="-4405973889306116209"></source>
			<source file="../../workspace/dataset/test/JsonPointerTest.java" startline="347" endline="361" function="testWriteJsonArraySubstitute" hash="-7205812932126451125"></source>
		</class>
	</version>
	<version nr="2880" hash="601baccef" evolution="Same" change="Inconsistent">
		<class nclones="2">
			<source file="../../workspace/dataset/test/JsonPointerTest.java" startline="330" endline="344" function="testWriteJsonArrayAppend" hash="-5742088661853394076"></source>
			<source file="../../workspace/dataset/test/JsonPointerTest.java" startline="347" endline="361" function="testWriteJsonArraySubstitute" hash="-7205812932126451125"></source>
		</class>
	</version>
	<version nr="2890" hash="583e9a03b" evolution="Same" change="Inconsistent">
		<class nclones="2">
			<source file="../../workspace/dataset/test/JsonPointerTest.java" startline="313" endline="327" function="testWriteJsonArray" hash="-4405973889306116209"></source>
			<source file="../../workspace/dataset/test/JsonPointerTest.java" startline="330" endline="344" function="testWriteJsonArrayAppend" hash="-5742088661853394076"></source>
		</class>
	</version>
	<version nr="2890" hash="583e9a03b" evolution="Same" change="Inconsistent">
		<class nclones="2">
			<source file="../../workspace/dataset/test/JsonPointerTest.java" startline="313" endline="327" function="testWriteJsonArray" hash="-4405973889306116209"></source>
			<source file="../../workspace/dataset/test/JsonPointerTest.java" startline="347" endline="361" function="testWriteJsonArraySubstitute" hash="-7205812932126451125"></source>
		</class>
	</version>
	<version nr="2890" hash="583e9a03b" evolution="Same" change="Inconsistent">
		<class nclones="2">
			<source file="../../workspace/dataset/test/JsonPointerTest.java" startline="330" endline="344" function="testWriteJsonArrayAppend" hash="-5742088661853394076"></source>
			<source file="../../workspace/dataset/test/JsonPointerTest.java" startline="347" endline="361" function="testWriteJsonArraySubstitute" hash="-7205812932126451125"></source>
		</class>
	</version>
	<version nr="2900" hash="c09a574bc" evolution="Same" change="Inconsistent">
		<class nclones="2">
			<source file="../../workspace/dataset/test/JsonPointerTest.java" startline="313" endline="327" function="testWriteJsonArray" hash="-4405973889306116209"></source>
			<source file="../../workspace/dataset/test/JsonPointerTest.java" startline="330" endline="344" function="testWriteJsonArrayAppend" hash="-5742088661853394076"></source>
		</class>
	</version>
	<version nr="2900" hash="c09a574bc" evolution="Same" change="Inconsistent">
		<class nclones="2">
			<source file="../../workspace/dataset/test/JsonPointerTest.java" startline="313" endline="327" function="testWriteJsonArray" hash="-4405973889306116209"></source>
			<source file="../../workspace/dataset/test/JsonPointerTest.java" startline="347" endline="361" function="testWriteJsonArraySubstitute" hash="-7205812932126451125"></source>
		</class>
	</version>
	<version nr="2900" hash="c09a574bc" evolution="Same" change="Inconsistent">
		<class nclones="2">
			<source file="../../workspace/dataset/test/JsonPointerTest.java" startline="330" endline="344" function="testWriteJsonArrayAppend" hash="-5742088661853394076"></source>
			<source file="../../workspace/dataset/test/JsonPointerTest.java" startline="347" endline="361" function="testWriteJsonArraySubstitute" hash="-7205812932126451125"></source>
		</class>
	</version>
	<version nr="2910" hash="c50b140ec" evolution="Same" change="Inconsistent">
		<class nclones="2">
			<source file="../../workspace/dataset/test/JsonPointerTest.java" startline="313" endline="327" function="testWriteJsonArray" hash="-4405973889306116209"></source>
			<source file="../../workspace/dataset/test/JsonPointerTest.java" startline="330" endline="344" function="testWriteJsonArrayAppend" hash="-5742088661853394076"></source>
		</class>
	</version>
	<version nr="2910" hash="c50b140ec" evolution="Same" change="Inconsistent">
		<class nclones="2">
			<source file="../../workspace/dataset/test/JsonPointerTest.java" startline="313" endline="327" function="testWriteJsonArray" hash="-4405973889306116209"></source>
			<source file="../../workspace/dataset/test/JsonPointerTest.java" startline="347" endline="361" function="testWriteJsonArraySubstitute" hash="-7205812932126451125"></source>
		</class>
	</version>
	<version nr="2910" hash="c50b140ec" evolution="Same" change="Inconsistent">
		<class nclones="2">
			<source file="../../workspace/dataset/test/JsonPointerTest.java" startline="330" endline="344" function="testWriteJsonArrayAppend" hash="-5742088661853394076"></source>
			<source file="../../workspace/dataset/test/JsonPointerTest.java" startline="347" endline="361" function="testWriteJsonArraySubstitute" hash="-7205812932126451125"></source>
		</class>
	</version>
	<version nr="2920" hash="c65aab658" evolution="Same" change="Inconsistent">
		<class nclones="2">
			<source file="../../workspace/dataset/test/JsonPointerTest.java" startline="313" endline="327" function="testWriteJsonArray" hash="-4405973889306116209"></source>
			<source file="../../workspace/dataset/test/JsonPointerTest.java" startline="330" endline="344" function="testWriteJsonArrayAppend" hash="-5742088661853394076"></source>
		</class>
	</version>
	<version nr="2920" hash="c65aab658" evolution="Same" change="Inconsistent">
		<class nclones="2">
			<source file="../../workspace/dataset/test/JsonPointerTest.java" startline="313" endline="327" function="testWriteJsonArray" hash="-4405973889306116209"></source>
			<source file="../../workspace/dataset/test/JsonPointerTest.java" startline="347" endline="361" function="testWriteJsonArraySubstitute" hash="-7205812932126451125"></source>
		</class>
	</version>
	<version nr="2920" hash="c65aab658" evolution="Same" change="Inconsistent">
		<class nclones="2">
			<source file="../../workspace/dataset/test/JsonPointerTest.java" startline="330" endline="344" function="testWriteJsonArrayAppend" hash="-5742088661853394076"></source>
			<source file="../../workspace/dataset/test/JsonPointerTest.java" startline="347" endline="361" function="testWriteJsonArraySubstitute" hash="-7205812932126451125"></source>
		</class>
	</version>
	<version nr="2930" hash="d6728d773" evolution="Same" change="Inconsistent">
		<class nclones="2">
			<source file="../../workspace/dataset/test/JsonPointerTest.java" startline="313" endline="327" function="testWriteJsonArray" hash="-4405973889306116209"></source>
			<source file="../../workspace/dataset/test/JsonPointerTest.java" startline="330" endline="344" function="testWriteJsonArrayAppend" hash="-5742088661853394076"></source>
		</class>
	</version>
	<version nr="2930" hash="d6728d773" evolution="Same" change="Inconsistent">
		<class nclones="2">
			<source file="../../workspace/dataset/test/JsonPointerTest.java" startline="313" endline="327" function="testWriteJsonArray" hash="-4405973889306116209"></source>
			<source file="../../workspace/dataset/test/JsonPointerTest.java" startline="347" endline="361" function="testWriteJsonArraySubstitute" hash="-7205812932126451125"></source>
		</class>
	</version>
	<version nr="2930" hash="d6728d773" evolution="Same" change="Inconsistent">
		<class nclones="2">
			<source file="../../workspace/dataset/test/JsonPointerTest.java" startline="330" endline="344" function="testWriteJsonArrayAppend" hash="-5742088661853394076"></source>
			<source file="../../workspace/dataset/test/JsonPointerTest.java" startline="347" endline="361" function="testWriteJsonArraySubstitute" hash="-7205812932126451125"></source>
		</class>
	</version>
	<version nr="2940" hash="ec9433113" evolution="Same" change="Inconsistent">
		<class nclones="2">
			<source file="../../workspace/dataset/test/JsonPointerTest.java" startline="313" endline="327" function="testWriteJsonArray" hash="-4405973889306116209"></source>
			<source file="../../workspace/dataset/test/JsonPointerTest.java" startline="330" endline="344" function="testWriteJsonArrayAppend" hash="-5742088661853394076"></source>
		</class>
	</version>
	<version nr="2940" hash="ec9433113" evolution="Same" change="Inconsistent">
		<class nclones="2">
			<source file="../../workspace/dataset/test/JsonPointerTest.java" startline="313" endline="327" function="testWriteJsonArray" hash="-4405973889306116209"></source>
			<source file="../../workspace/dataset/test/JsonPointerTest.java" startline="347" endline="361" function="testWriteJsonArraySubstitute" hash="-7205812932126451125"></source>
		</class>
	</version>
	<version nr="2940" hash="ec9433113" evolution="Same" change="Inconsistent">
		<class nclones="2">
			<source file="../../workspace/dataset/test/JsonPointerTest.java" startline="330" endline="344" function="testWriteJsonArrayAppend" hash="-5742088661853394076"></source>
			<source file="../../workspace/dataset/test/JsonPointerTest.java" startline="347" endline="361" function="testWriteJsonArraySubstitute" hash="-7205812932126451125"></source>
		</class>
	</version>
	<version nr="2950" hash="13ca05c40" evolution="Same" change="Inconsistent">
		<class nclones="2">
			<source file="../../workspace/dataset/test/JsonPointerTest.java" startline="313" endline="327" function="testWriteJsonArray" hash="-4405973889306116209"></source>
			<source file="../../workspace/dataset/test/JsonPointerTest.java" startline="330" endline="344" function="testWriteJsonArrayAppend" hash="-5742088661853394076"></source>
		</class>
	</version>
	<version nr="2950" hash="13ca05c40" evolution="Same" change="Inconsistent">
		<class nclones="2">
			<source file="../../workspace/dataset/test/JsonPointerTest.java" startline="313" endline="327" function="testWriteJsonArray" hash="-4405973889306116209"></source>
			<source file="../../workspace/dataset/test/JsonPointerTest.java" startline="347" endline="361" function="testWriteJsonArraySubstitute" hash="-7205812932126451125"></source>
		</class>
	</version>
	<version nr="2950" hash="13ca05c40" evolution="Same" change="Inconsistent">
		<class nclones="2">
			<source file="../../workspace/dataset/test/JsonPointerTest.java" startline="330" endline="344" function="testWriteJsonArrayAppend" hash="-5742088661853394076"></source>
			<source file="../../workspace/dataset/test/JsonPointerTest.java" startline="347" endline="361" function="testWriteJsonArraySubstitute" hash="-7205812932126451125"></source>
		</class>
	</version>
	<version nr="2960" hash="fa02a85ac" evolution="Same" change="Inconsistent">
		<class nclones="2">
			<source file="../../workspace/dataset/test/JsonPointerTest.java" startline="313" endline="327" function="testWriteJsonArray" hash="-4405973889306116209"></source>
			<source file="../../workspace/dataset/test/JsonPointerTest.java" startline="330" endline="344" function="testWriteJsonArrayAppend" hash="-5742088661853394076"></source>
		</class>
	</version>
	<version nr="2960" hash="fa02a85ac" evolution="Same" change="Inconsistent">
		<class nclones="2">
			<source file="../../workspace/dataset/test/JsonPointerTest.java" startline="313" endline="327" function="testWriteJsonArray" hash="-4405973889306116209"></source>
			<source file="../../workspace/dataset/test/JsonPointerTest.java" startline="347" endline="361" function="testWriteJsonArraySubstitute" hash="-7205812932126451125"></source>
		</class>
	</version>
	<version nr="2960" hash="fa02a85ac" evolution="Same" change="Inconsistent">
		<class nclones="2">
			<source file="../../workspace/dataset/test/JsonPointerTest.java" startline="330" endline="344" function="testWriteJsonArrayAppend" hash="-5742088661853394076"></source>
			<source file="../../workspace/dataset/test/JsonPointerTest.java" startline="347" endline="361" function="testWriteJsonArraySubstitute" hash="-7205812932126451125"></source>
		</class>
	</version>
	<version nr="2970" hash="a234731e3" evolution="Same" change="Inconsistent">
		<class nclones="2">
			<source file="../../workspace/dataset/test/JsonPointerTest.java" startline="313" endline="327" function="testWriteJsonArray" hash="-4405973889306116209"></source>
			<source file="../../workspace/dataset/test/JsonPointerTest.java" startline="330" endline="344" function="testWriteJsonArrayAppend" hash="-5742088661853394076"></source>
		</class>
	</version>
	<version nr="2970" hash="a234731e3" evolution="Same" change="Inconsistent">
		<class nclones="2">
			<source file="../../workspace/dataset/test/JsonPointerTest.java" startline="313" endline="327" function="testWriteJsonArray" hash="-4405973889306116209"></source>
			<source file="../../workspace/dataset/test/JsonPointerTest.java" startline="347" endline="361" function="testWriteJsonArraySubstitute" hash="-7205812932126451125"></source>
		</class>
	</version>
	<version nr="2970" hash="a234731e3" evolution="Same" change="Inconsistent">
		<class nclones="2">
			<source file="../../workspace/dataset/test/JsonPointerTest.java" startline="330" endline="344" function="testWriteJsonArrayAppend" hash="-5742088661853394076"></source>
			<source file="../../workspace/dataset/test/JsonPointerTest.java" startline="347" endline="361" function="testWriteJsonArraySubstitute" hash="-7205812932126451125"></source>
		</class>
	</version>
	<version nr="2980" hash="ace996489" evolution="Same" change="Inconsistent">
		<class nclones="2">
			<source file="../../workspace/dataset/test/JsonPointerTest.java" startline="313" endline="327" function="testWriteJsonArray" hash="-4405973889306116209"></source>
			<source file="../../workspace/dataset/test/JsonPointerTest.java" startline="330" endline="344" function="testWriteJsonArrayAppend" hash="-5742088661853394076"></source>
		</class>
	</version>
	<version nr="2980" hash="ace996489" evolution="Same" change="Inconsistent">
		<class nclones="2">
			<source file="../../workspace/dataset/test/JsonPointerTest.java" startline="313" endline="327" function="testWriteJsonArray" hash="-4405973889306116209"></source>
			<source file="../../workspace/dataset/test/JsonPointerTest.java" startline="347" endline="361" function="testWriteJsonArraySubstitute" hash="-7205812932126451125"></source>
		</class>
	</version>
	<version nr="2980" hash="ace996489" evolution="Same" change="Inconsistent">
		<class nclones="2">
			<source file="../../workspace/dataset/test/JsonPointerTest.java" startline="330" endline="344" function="testWriteJsonArrayAppend" hash="-5742088661853394076"></source>
			<source file="../../workspace/dataset/test/JsonPointerTest.java" startline="347" endline="361" function="testWriteJsonArraySubstitute" hash="-7205812932126451125"></source>
		</class>
	</version>
	<version nr="2990" hash="534fc124f" evolution="Same" change="Inconsistent">
		<class nclones="2">
			<source file="../../workspace/dataset/test/JsonPointerTest.java" startline="313" endline="327" function="testWriteJsonArray" hash="-4405973889306116209"></source>
			<source file="../../workspace/dataset/test/JsonPointerTest.java" startline="330" endline="344" function="testWriteJsonArrayAppend" hash="-5742088661853394076"></source>
		</class>
	</version>
	<version nr="2990" hash="534fc124f" evolution="Same" change="Inconsistent">
		<class nclones="2">
			<source file="../../workspace/dataset/test/JsonPointerTest.java" startline="313" endline="327" function="testWriteJsonArray" hash="-4405973889306116209"></source>
			<source file="../../workspace/dataset/test/JsonPointerTest.java" startline="347" endline="361" function="testWriteJsonArraySubstitute" hash="-7205812932126451125"></source>
		</class>
	</version>
	<version nr="2990" hash="534fc124f" evolution="Same" change="Inconsistent">
		<class nclones="2">
			<source file="../../workspace/dataset/test/JsonPointerTest.java" startline="330" endline="344" function="testWriteJsonArrayAppend" hash="-5742088661853394076"></source>
			<source file="../../workspace/dataset/test/JsonPointerTest.java" startline="347" endline="361" function="testWriteJsonArraySubstitute" hash="-7205812932126451125"></source>
		</class>
	</version>
	<version nr="3000" hash="927672d05" evolution="Same" change="Inconsistent">
		<class nclones="2">
			<source file="../../workspace/dataset/test/JsonPointerTest.java" startline="313" endline="327" function="testWriteJsonArray" hash="-4405973889306116209"></source>
			<source file="../../workspace/dataset/test/JsonPointerTest.java" startline="330" endline="344" function="testWriteJsonArrayAppend" hash="-5742088661853394076"></source>
		</class>
	</version>
	<version nr="3000" hash="927672d05" evolution="Same" change="Inconsistent">
		<class nclones="2">
			<source file="../../workspace/dataset/test/JsonPointerTest.java" startline="313" endline="327" function="testWriteJsonArray" hash="-4405973889306116209"></source>
			<source file="../../workspace/dataset/test/JsonPointerTest.java" startline="347" endline="361" function="testWriteJsonArraySubstitute" hash="-7205812932126451125"></source>
		</class>
	</version>
	<version nr="3000" hash="927672d05" evolution="Same" change="Inconsistent">
		<class nclones="2">
			<source file="../../workspace/dataset/test/JsonPointerTest.java" startline="330" endline="344" function="testWriteJsonArrayAppend" hash="-5742088661853394076"></source>
			<source file="../../workspace/dataset/test/JsonPointerTest.java" startline="347" endline="361" function="testWriteJsonArraySubstitute" hash="-7205812932126451125"></source>
		</class>
	</version>
	<version nr="3010" hash="c74ac5238" evolution="Same" change="Inconsistent">
		<class nclones="2">
			<source file="../../workspace/dataset/test/JsonPointerTest.java" startline="313" endline="327" function="testWriteJsonArray" hash="-4405973889306116209"></source>
			<source file="../../workspace/dataset/test/JsonPointerTest.java" startline="330" endline="344" function="testWriteJsonArrayAppend" hash="-5742088661853394076"></source>
		</class>
	</version>
	<version nr="3010" hash="c74ac5238" evolution="Same" change="Inconsistent">
		<class nclones="2">
			<source file="../../workspace/dataset/test/JsonPointerTest.java" startline="313" endline="327" function="testWriteJsonArray" hash="-4405973889306116209"></source>
			<source file="../../workspace/dataset/test/JsonPointerTest.java" startline="347" endline="361" function="testWriteJsonArraySubstitute" hash="-7205812932126451125"></source>
		</class>
	</version>
	<version nr="3010" hash="c74ac5238" evolution="Same" change="Inconsistent">
		<class nclones="2">
			<source file="../../workspace/dataset/test/JsonPointerTest.java" startline="330" endline="344" function="testWriteJsonArrayAppend" hash="-5742088661853394076"></source>
			<source file="../../workspace/dataset/test/JsonPointerTest.java" startline="347" endline="361" function="testWriteJsonArraySubstitute" hash="-7205812932126451125"></source>
		</class>
	</version>
	<version nr="3020" hash="9434b53cd" evolution="Same" change="Inconsistent">
		<class nclones="2">
			<source file="../../workspace/dataset/test/JsonPointerTest.java" startline="313" endline="327" function="testWriteJsonArray" hash="-4405973889306116209"></source>
			<source file="../../workspace/dataset/test/JsonPointerTest.java" startline="330" endline="344" function="testWriteJsonArrayAppend" hash="-5742088661853394076"></source>
		</class>
	</version>
	<version nr="3020" hash="9434b53cd" evolution="Same" change="Inconsistent">
		<class nclones="2">
			<source file="../../workspace/dataset/test/JsonPointerTest.java" startline="313" endline="327" function="testWriteJsonArray" hash="-4405973889306116209"></source>
			<source file="../../workspace/dataset/test/JsonPointerTest.java" startline="347" endline="361" function="testWriteJsonArraySubstitute" hash="-7205812932126451125"></source>
		</class>
	</version>
	<version nr="3020" hash="9434b53cd" evolution="Same" change="Inconsistent">
		<class nclones="2">
			<source file="../../workspace/dataset/test/JsonPointerTest.java" startline="330" endline="344" function="testWriteJsonArrayAppend" hash="-5742088661853394076"></source>
			<source file="../../workspace/dataset/test/JsonPointerTest.java" startline="347" endline="361" function="testWriteJsonArraySubstitute" hash="-7205812932126451125"></source>
		</class>
	</version>
	<version nr="3030" hash="c754a41f8" evolution="Same" change="Inconsistent">
		<class nclones="2">
			<source file="../../workspace/dataset/test/JsonPointerTest.java" startline="313" endline="327" function="testWriteJsonArray" hash="-4405973889306116209"></source>
			<source file="../../workspace/dataset/test/JsonPointerTest.java" startline="330" endline="344" function="testWriteJsonArrayAppend" hash="-5742088661853394076"></source>
		</class>
	</version>
	<version nr="3030" hash="c754a41f8" evolution="Same" change="Inconsistent">
		<class nclones="2">
			<source file="../../workspace/dataset/test/JsonPointerTest.java" startline="313" endline="327" function="testWriteJsonArray" hash="-4405973889306116209"></source>
			<source file="../../workspace/dataset/test/JsonPointerTest.java" startline="347" endline="361" function="testWriteJsonArraySubstitute" hash="-7205812932126451125"></source>
		</class>
	</version>
	<version nr="3030" hash="c754a41f8" evolution="Same" change="Inconsistent">
		<class nclones="2">
			<source file="../../workspace/dataset/test/JsonPointerTest.java" startline="330" endline="344" function="testWriteJsonArrayAppend" hash="-5742088661853394076"></source>
			<source file="../../workspace/dataset/test/JsonPointerTest.java" startline="347" endline="361" function="testWriteJsonArraySubstitute" hash="-7205812932126451125"></source>
		</class>
	</version>
	<version nr="3040" hash="b7ec7df48" evolution="Same" change="Inconsistent">
		<class nclones="2">
			<source file="../../workspace/dataset/test/JsonPointerTest.java" startline="313" endline="327" function="testWriteJsonArray" hash="-4405973889306116209"></source>
			<source file="../../workspace/dataset/test/JsonPointerTest.java" startline="330" endline="344" function="testWriteJsonArrayAppend" hash="-5742088661853394076"></source>
		</class>
	</version>
	<version nr="3040" hash="b7ec7df48" evolution="Same" change="Inconsistent">
		<class nclones="2">
			<source file="../../workspace/dataset/test/JsonPointerTest.java" startline="313" endline="327" function="testWriteJsonArray" hash="-4405973889306116209"></source>
			<source file="../../workspace/dataset/test/JsonPointerTest.java" startline="347" endline="361" function="testWriteJsonArraySubstitute" hash="-7205812932126451125"></source>
		</class>
	</version>
	<version nr="3040" hash="b7ec7df48" evolution="Same" change="Inconsistent">
		<class nclones="2">
			<source file="../../workspace/dataset/test/JsonPointerTest.java" startline="330" endline="344" function="testWriteJsonArrayAppend" hash="-5742088661853394076"></source>
			<source file="../../workspace/dataset/test/JsonPointerTest.java" startline="347" endline="361" function="testWriteJsonArraySubstitute" hash="-7205812932126451125"></source>
		</class>
	</version>
</lineage>
<lineage>
	<version nr="2140" hash="3c9344487" evolution="None" change="None">
		<class nclones="2">
			<source file="../../workspace/dataset/test/JsonPointerTest.java" startline="313" endline="327" function="testWriteJsonArray" hash="-4405973889306116209"></source>
			<source file="../../workspace/dataset/test/JsonPointerTest.java" startline="347" endline="361" function="testWriteJsonArraySubstitute" hash="-7205812932126451125"></source>
		</class>
	</version>
</lineage>
<lineage>
	<version nr="2140" hash="3c9344487" evolution="None" change="None">
		<class nclones="2">
			<source file="../../workspace/dataset/test/JsonPointerTest.java" startline="330" endline="344" function="testWriteJsonArrayAppend" hash="-5742088661853394076"></source>
			<source file="../../workspace/dataset/test/JsonPointerTest.java" startline="347" endline="361" function="testWriteJsonArraySubstitute" hash="-7205812932126451125"></source>
		</class>
	</version>
</lineage>
<lineage>
	<version nr="2140" hash="3c9344487" evolution="None" change="None">
		<class nclones="2">
			<source file="../../workspace/dataset/test/JsonPointerTest.java" startline="406" endline="423" function="testTracedQuery" hash="3130138838775990959"></source>
			<source file="../../workspace/dataset/test/JsonPointerTest.java" startline="438" endline="454" function="testNotFoundTracedQuery" hash="6140027046072492265"></source>
		</class>
	</version>
	<version nr="3040" hash="b7ec7df48" evolution="Same" change="Same">
		<class nclones="2">
			<source file="../../workspace/dataset/test/JsonPointerTest.java" startline="406" endline="423" function="testTracedQuery" hash="3130138838775990959"></source>
			<source file="../../workspace/dataset/test/JsonPointerTest.java" startline="438" endline="454" function="testNotFoundTracedQuery" hash="6140027046072492265"></source>
		</class>
	</version>
</lineage>
<lineage>
	<version nr="2200" hash="c5f7a2622" evolution="None" change="None">
		<class nclones="3">
			<source file="../../workspace/dataset/test/JsonCodecTest.java" startline="68" endline="89" function="testEncodeJsonObject" hash="6493884267234782566"></source>
			<source file="../../workspace/dataset/test/JsonCodecTest.java" startline="112" endline="135" function="testEncodeJsonObjectToBuffer" hash="-1621217111471834444"></source>
			<source file="../../workspace/dataset/test/JsonCodecTest.java" startline="159" endline="191" function="testEncodeJsonObjectPrettily" hash="-4349886100146990637"></source>
		</class>
	</version>
	<version nr="2320" hash="ab1464c8d" evolution="Same" change="Same">
		<class nclones="3">
			<source file="../../workspace/dataset/test/JsonCodecTest.java" startline="68" endline="89" function="testEncodeJsonObject" hash="6493884267234782566"></source>
			<source file="../../workspace/dataset/test/JsonCodecTest.java" startline="112" endline="135" function="testEncodeJsonObjectToBuffer" hash="-1621217111471834444"></source>
			<source file="../../workspace/dataset/test/JsonCodecTest.java" startline="159" endline="191" function="testEncodeJsonObjectPrettily" hash="-4349886100146990637"></source>
		</class>
	</version>
	<version nr="2330" hash="64707cb56" evolution="Same" change="Consistent">
		<class nclones="3">
			<source file="../../workspace/dataset/test/JsonCodecTest.java" startline="68" endline="89" function="testEncodeJsonObject" hash="765303642963892327"></source>
			<source file="../../workspace/dataset/test/JsonCodecTest.java" startline="159" endline="191" function="testEncodeJsonObjectPrettily" hash="-3131717083832867916"></source>
			<source file="../../workspace/dataset/test/JsonCodecTest.java" startline="112" endline="135" function="testEncodeJsonObjectToBuffer" hash="1331109908601396519"></source>
		</class>
	</version>
	<version nr="2350" hash="dbf201346" evolution="Same" change="Same">
		<class nclones="3">
			<source file="../../workspace/dataset/test/JsonCodecTest.java" startline="71" endline="92" function="testEncodeJsonObject" hash="765303642963892327"></source>
			<source file="../../workspace/dataset/test/JsonCodecTest.java" startline="162" endline="194" function="testEncodeJsonObjectPrettily" hash="-3131717083832867916"></source>
			<source file="../../workspace/dataset/test/JsonCodecTest.java" startline="115" endline="138" function="testEncodeJsonObjectToBuffer" hash="1331109908601396519"></source>
		</class>
	</version>
	<version nr="2360" hash="18f3e379b" evolution="Subtract" change="Inconsistent">
		<class nclones="2">
			<source file="../../workspace/dataset/test/JsonCodecTest.java" startline="71" endline="93" function="testEncodeJsonObject" hash="-6752586009741196731"></source>
			<source file="../../workspace/dataset/test/JsonCodecTest.java" startline="117" endline="140" function="testEncodeJsonObjectToBuffer" hash="1331109908601396519"></source>
		</class>
	</version>
	<version nr="2360" hash="18f3e379b" evolution="Same" change="Inconsistent">
		<class nclones="2">
			<source file="../../workspace/dataset/test/JsonCodecTest.java" startline="71" endline="93" function="testEncodeJsonObject" hash="-6752586009741196731"></source>
			<source file="../../workspace/dataset/test/JsonCodecTest.java" startline="164" endline="196" function="testEncodeJsonObjectPrettily" hash="-3131717083832867916"></source>
		</class>
	</version>
	<version nr="2360" hash="18f3e379b" evolution="Same" change="Inconsistent">
		<class nclones="2">
			<source file="../../workspace/dataset/test/JsonCodecTest.java" startline="117" endline="140" function="testEncodeJsonObjectToBuffer" hash="1331109908601396519"></source>
			<source file="../../workspace/dataset/test/JsonCodecTest.java" startline="164" endline="196" function="testEncodeJsonObjectPrettily" hash="-3131717083832867916"></source>
		</class>
	</version>
	<version nr="2370" hash="93645d975" evolution="Same" change="Inconsistent">
		<class nclones="2">
			<source file="../../workspace/dataset/test/JsonCodecTest.java" startline="71" endline="93" function="testEncodeJsonObject" hash="-6752586009741196731"></source>
			<source file="../../workspace/dataset/test/JsonCodecTest.java" startline="117" endline="140" function="testEncodeJsonObjectToBuffer" hash="1331109908601396519"></source>
		</class>
	</version>
	<version nr="2370" hash="93645d975" evolution="Same" change="Inconsistent">
		<class nclones="2">
			<source file="../../workspace/dataset/test/JsonCodecTest.java" startline="71" endline="93" function="testEncodeJsonObject" hash="-6752586009741196731"></source>
			<source file="../../workspace/dataset/test/JsonCodecTest.java" startline="164" endline="196" function="testEncodeJsonObjectPrettily" hash="-3131717083832867916"></source>
		</class>
	</version>
	<version nr="2370" hash="93645d975" evolution="Same" change="Inconsistent">
		<class nclones="2">
			<source file="../../workspace/dataset/test/JsonCodecTest.java" startline="117" endline="140" function="testEncodeJsonObjectToBuffer" hash="1331109908601396519"></source>
			<source file="../../workspace/dataset/test/JsonCodecTest.java" startline="164" endline="196" function="testEncodeJsonObjectPrettily" hash="-3131717083832867916"></source>
		</class>
	</version>
	<version nr="2380" hash="f8f44b1d6" evolution="Same" change="Inconsistent">
		<class nclones="2">
			<source file="../../workspace/dataset/test/JsonCodecTest.java" startline="71" endline="93" function="testEncodeJsonObject" hash="-6752586009741196731"></source>
			<source file="../../workspace/dataset/test/JsonCodecTest.java" startline="117" endline="140" function="testEncodeJsonObjectToBuffer" hash="1331109908601396519"></source>
		</class>
	</version>
	<version nr="2380" hash="f8f44b1d6" evolution="Same" change="Inconsistent">
		<class nclones="2">
			<source file="../../workspace/dataset/test/JsonCodecTest.java" startline="71" endline="93" function="testEncodeJsonObject" hash="-6752586009741196731"></source>
			<source file="../../workspace/dataset/test/JsonCodecTest.java" startline="164" endline="196" function="testEncodeJsonObjectPrettily" hash="-3131717083832867916"></source>
		</class>
	</version>
	<version nr="2380" hash="f8f44b1d6" evolution="Same" change="Inconsistent">
		<class nclones="2">
			<source file="../../workspace/dataset/test/JsonCodecTest.java" startline="117" endline="140" function="testEncodeJsonObjectToBuffer" hash="1331109908601396519"></source>
			<source file="../../workspace/dataset/test/JsonCodecTest.java" startline="164" endline="196" function="testEncodeJsonObjectPrettily" hash="-3131717083832867916"></source>
		</class>
	</version>
	<version nr="2390" hash="4037b1128" evolution="Same" change="Inconsistent">
		<class nclones="2">
			<source file="../../workspace/dataset/test/JsonCodecTest.java" startline="71" endline="93" function="testEncodeJsonObject" hash="-6752586009741196731"></source>
			<source file="../../workspace/dataset/test/JsonCodecTest.java" startline="117" endline="140" function="testEncodeJsonObjectToBuffer" hash="1331109908601396519"></source>
		</class>
	</version>
	<version nr="2390" hash="4037b1128" evolution="Same" change="Inconsistent">
		<class nclones="2">
			<source file="../../workspace/dataset/test/JsonCodecTest.java" startline="71" endline="93" function="testEncodeJsonObject" hash="-6752586009741196731"></source>
			<source file="../../workspace/dataset/test/JsonCodecTest.java" startline="164" endline="196" function="testEncodeJsonObjectPrettily" hash="-3131717083832867916"></source>
		</class>
	</version>
	<version nr="2390" hash="4037b1128" evolution="Same" change="Inconsistent">
		<class nclones="2">
			<source file="../../workspace/dataset/test/JsonCodecTest.java" startline="117" endline="140" function="testEncodeJsonObjectToBuffer" hash="1331109908601396519"></source>
			<source file="../../workspace/dataset/test/JsonCodecTest.java" startline="164" endline="196" function="testEncodeJsonObjectPrettily" hash="-3131717083832867916"></source>
		</class>
	</version>
	<version nr="2400" hash="1f595c8ec" evolution="Same" change="Inconsistent">
		<class nclones="2">
			<source file="../../workspace/dataset/test/JsonCodecTest.java" startline="71" endline="93" function="testEncodeJsonObject" hash="-6752586009741196731"></source>
			<source file="../../workspace/dataset/test/JsonCodecTest.java" startline="117" endline="140" function="testEncodeJsonObjectToBuffer" hash="1331109908601396519"></source>
		</class>
	</version>
	<version nr="2400" hash="1f595c8ec" evolution="Same" change="Inconsistent">
		<class nclones="2">
			<source file="../../workspace/dataset/test/JsonCodecTest.java" startline="71" endline="93" function="testEncodeJsonObject" hash="-6752586009741196731"></source>
			<source file="../../workspace/dataset/test/JsonCodecTest.java" startline="164" endline="196" function="testEncodeJsonObjectPrettily" hash="-3131717083832867916"></source>
		</class>
	</version>
	<version nr="2400" hash="1f595c8ec" evolution="Same" change="Inconsistent">
		<class nclones="2">
			<source file="../../workspace/dataset/test/JsonCodecTest.java" startline="117" endline="140" function="testEncodeJsonObjectToBuffer" hash="1331109908601396519"></source>
			<source file="../../workspace/dataset/test/JsonCodecTest.java" startline="164" endline="196" function="testEncodeJsonObjectPrettily" hash="-3131717083832867916"></source>
		</class>
	</version>
	<version nr="2410" hash="bfedb641f" evolution="Same" change="Inconsistent">
		<class nclones="2">
			<source file="../../workspace/dataset/test/JsonCodecTest.java" startline="71" endline="93" function="testEncodeJsonObject" hash="-6752586009741196731"></source>
			<source file="../../workspace/dataset/test/JsonCodecTest.java" startline="117" endline="140" function="testEncodeJsonObjectToBuffer" hash="1331109908601396519"></source>
		</class>
	</version>
	<version nr="2410" hash="bfedb641f" evolution="Same" change="Inconsistent">
		<class nclones="2">
			<source file="../../workspace/dataset/test/JsonCodecTest.java" startline="71" endline="93" function="testEncodeJsonObject" hash="-6752586009741196731"></source>
			<source file="../../workspace/dataset/test/JsonCodecTest.java" startline="164" endline="196" function="testEncodeJsonObjectPrettily" hash="-3131717083832867916"></source>
		</class>
	</version>
	<version nr="2410" hash="bfedb641f" evolution="Same" change="Inconsistent">
		<class nclones="2">
			<source file="../../workspace/dataset/test/JsonCodecTest.java" startline="117" endline="140" function="testEncodeJsonObjectToBuffer" hash="1331109908601396519"></source>
			<source file="../../workspace/dataset/test/JsonCodecTest.java" startline="164" endline="196" function="testEncodeJsonObjectPrettily" hash="-3131717083832867916"></source>
		</class>
	</version>
	<version nr="2420" hash="7c6ed81a6" evolution="Same" change="Inconsistent">
		<class nclones="2">
			<source file="../../workspace/dataset/test/JsonCodecTest.java" startline="71" endline="93" function="testEncodeJsonObject" hash="-6752586009741196731"></source>
			<source file="../../workspace/dataset/test/JsonCodecTest.java" startline="117" endline="140" function="testEncodeJsonObjectToBuffer" hash="1331109908601396519"></source>
		</class>
	</version>
	<version nr="2420" hash="7c6ed81a6" evolution="Same" change="Inconsistent">
		<class nclones="2">
			<source file="../../workspace/dataset/test/JsonCodecTest.java" startline="71" endline="93" function="testEncodeJsonObject" hash="-6752586009741196731"></source>
			<source file="../../workspace/dataset/test/JsonCodecTest.java" startline="164" endline="196" function="testEncodeJsonObjectPrettily" hash="-3131717083832867916"></source>
		</class>
	</version>
	<version nr="2420" hash="7c6ed81a6" evolution="Same" change="Inconsistent">
		<class nclones="2">
			<source file="../../workspace/dataset/test/JsonCodecTest.java" startline="117" endline="140" function="testEncodeJsonObjectToBuffer" hash="1331109908601396519"></source>
			<source file="../../workspace/dataset/test/JsonCodecTest.java" startline="164" endline="196" function="testEncodeJsonObjectPrettily" hash="-3131717083832867916"></source>
		</class>
	</version>
	<version nr="2430" hash="d78e4e17d" evolution="Same" change="Inconsistent">
		<class nclones="2">
			<source file="../../workspace/dataset/test/JsonCodecTest.java" startline="71" endline="93" function="testEncodeJsonObject" hash="-6752586009741196731"></source>
			<source file="../../workspace/dataset/test/JsonCodecTest.java" startline="117" endline="140" function="testEncodeJsonObjectToBuffer" hash="1331109908601396519"></source>
		</class>
	</version>
	<version nr="2430" hash="d78e4e17d" evolution="Same" change="Inconsistent">
		<class nclones="2">
			<source file="../../workspace/dataset/test/JsonCodecTest.java" startline="71" endline="93" function="testEncodeJsonObject" hash="-6752586009741196731"></source>
			<source file="../../workspace/dataset/test/JsonCodecTest.java" startline="164" endline="196" function="testEncodeJsonObjectPrettily" hash="-3131717083832867916"></source>
		</class>
	</version>
	<version nr="2430" hash="d78e4e17d" evolution="Same" change="Inconsistent">
		<class nclones="2">
			<source file="../../workspace/dataset/test/JsonCodecTest.java" startline="117" endline="140" function="testEncodeJsonObjectToBuffer" hash="1331109908601396519"></source>
			<source file="../../workspace/dataset/test/JsonCodecTest.java" startline="164" endline="196" function="testEncodeJsonObjectPrettily" hash="-3131717083832867916"></source>
		</class>
	</version>
	<version nr="2440" hash="5b01aa71b" evolution="Same" change="Inconsistent">
		<class nclones="2">
			<source file="../../workspace/dataset/test/JsonCodecTest.java" startline="71" endline="93" function="testEncodeJsonObject" hash="-6752586009741196731"></source>
			<source file="../../workspace/dataset/test/JsonCodecTest.java" startline="117" endline="140" function="testEncodeJsonObjectToBuffer" hash="1331109908601396519"></source>
		</class>
	</version>
	<version nr="2440" hash="5b01aa71b" evolution="Same" change="Inconsistent">
		<class nclones="2">
			<source file="../../workspace/dataset/test/JsonCodecTest.java" startline="71" endline="93" function="testEncodeJsonObject" hash="-6752586009741196731"></source>
			<source file="../../workspace/dataset/test/JsonCodecTest.java" startline="164" endline="196" function="testEncodeJsonObjectPrettily" hash="-3131717083832867916"></source>
		</class>
	</version>
	<version nr="2440" hash="5b01aa71b" evolution="Same" change="Inconsistent">
		<class nclones="2">
			<source file="../../workspace/dataset/test/JsonCodecTest.java" startline="117" endline="140" function="testEncodeJsonObjectToBuffer" hash="1331109908601396519"></source>
			<source file="../../workspace/dataset/test/JsonCodecTest.java" startline="164" endline="196" function="testEncodeJsonObjectPrettily" hash="-3131717083832867916"></source>
		</class>
	</version>
	<version nr="2450" hash="272b07c5a" evolution="Add" change="Consistent">
		<class nclones="3">
			<source file="../../workspace/dataset/test/JsonCodecTest.java" startline="71" endline="94" function="testEncodeJsonObject" hash="-7409671799478520005"></source>
			<source file="../../workspace/dataset/test/JsonCodecTest.java" startline="168" endline="202" function="testEncodeJsonObjectPrettily" hash="-382548955695633210"></source>
			<source file="../../workspace/dataset/test/JsonCodecTest.java" startline="119" endline="143" function="testEncodeJsonObjectToBuffer" hash="4918068894483481701"></source>
		</class>
	</version>
	<version nr="2570" hash="72bccef9f" evolution="Same" change="Same">
		<class nclones="3">
			<source file="../../workspace/dataset/test/JsonCodecTest.java" startline="71" endline="94" function="testEncodeJsonObject" hash="-7409671799478520005"></source>
			<source file="../../workspace/dataset/test/JsonCodecTest.java" startline="119" endline="143" function="testEncodeJsonObjectToBuffer" hash="4918068894483481701"></source>
			<source file="../../workspace/dataset/test/JsonCodecTest.java" startline="168" endline="202" function="testEncodeJsonObjectPrettily" hash="-382548955695633210"></source>
		</class>
	</version>
	<version nr="2580" hash="3588e2032" evolution="Same" change="Inconsistent">
		<class nclones="3">
			<source file="../../workspace/dataset/test/JsonCodecTest.java" startline="76" endline="98" function="testEncodeJsonObject" hash="-8067914452616201141"></source>
			<source file="../../workspace/dataset/test/JsonCodecTest.java" startline="171" endline="205" function="testEncodeJsonObjectPrettily" hash="-382548955695633210"></source>
			<source file="../../workspace/dataset/test/JsonCodecTest.java" startline="123" endline="146" function="testEncodeJsonObjectToBuffer" hash="-8809194862032730599"></source>
		</class>
	</version>
	<version nr="3040" hash="b7ec7df48" evolution="Same" change="Same">
		<class nclones="3">
			<source file="../../workspace/dataset/test/JsonCodecTest.java" startline="76" endline="98" function="testEncodeJsonObject" hash="-8067914452616201141"></source>
			<source file="../../workspace/dataset/test/JsonCodecTest.java" startline="171" endline="205" function="testEncodeJsonObjectPrettily" hash="-382548955695633210"></source>
			<source file="../../workspace/dataset/test/JsonCodecTest.java" startline="123" endline="146" function="testEncodeJsonObjectToBuffer" hash="-8809194862032730599"></source>
		</class>
	</version>
</lineage>
<lineage>
	<version nr="2200" hash="c5f7a2622" evolution="None" change="None">
		<class nclones="3">
			<source file="../../workspace/dataset/test/JsonCodecTest.java" startline="92" endline="109" function="testEncodeJsonArray" hash="-339562723105202200"></source>
			<source file="../../workspace/dataset/test/JsonCodecTest.java" startline="138" endline="155" function="testEncodeJsonArrayToBuffer" hash="5143498398036952648"></source>
			<source file="../../workspace/dataset/test/JsonCodecTest.java" startline="194" endline="213" function="testEncodeJsonArrayPrettily" hash="-5871691304027558974"></source>
		</class>
	</version>
	<version nr="2320" hash="ab1464c8d" evolution="Same" change="Same">
		<class nclones="3">
			<source file="../../workspace/dataset/test/JsonCodecTest.java" startline="92" endline="109" function="testEncodeJsonArray" hash="-339562723105202200"></source>
			<source file="../../workspace/dataset/test/JsonCodecTest.java" startline="138" endline="155" function="testEncodeJsonArrayToBuffer" hash="5143498398036952648"></source>
			<source file="../../workspace/dataset/test/JsonCodecTest.java" startline="194" endline="213" function="testEncodeJsonArrayPrettily" hash="-5871691304027558974"></source>
		</class>
	</version>
	<version nr="2330" hash="64707cb56" evolution="Same" change="Consistent">
		<class nclones="3">
			<source file="../../workspace/dataset/test/JsonCodecTest.java" startline="92" endline="109" function="testEncodeJsonArray" hash="-6281075817725485597"></source>
			<source file="../../workspace/dataset/test/JsonCodecTest.java" startline="194" endline="213" function="testEncodeJsonArrayPrettily" hash="-556890449951777819"></source>
			<source file="../../workspace/dataset/test/JsonCodecTest.java" startline="138" endline="155" function="testEncodeJsonArrayToBuffer" hash="4504000069084685681"></source>
		</class>
	</version>
	<version nr="2350" hash="dbf201346" evolution="Same" change="Same">
		<class nclones="3">
			<source file="../../workspace/dataset/test/JsonCodecTest.java" startline="95" endline="112" function="testEncodeJsonArray" hash="-6281075817725485597"></source>
			<source file="../../workspace/dataset/test/JsonCodecTest.java" startline="197" endline="216" function="testEncodeJsonArrayPrettily" hash="-556890449951777819"></source>
			<source file="../../workspace/dataset/test/JsonCodecTest.java" startline="141" endline="158" function="testEncodeJsonArrayToBuffer" hash="4504000069084685681"></source>
		</class>
	</version>
	<version nr="2360" hash="18f3e379b" evolution="Same" change="Inconsistent">
		<class nclones="3">
			<source file="../../workspace/dataset/test/JsonCodecTest.java" startline="96" endline="114" function="testEncodeJsonArray" hash="2390467616268082952"></source>
			<source file="../../workspace/dataset/test/JsonCodecTest.java" startline="199" endline="218" function="testEncodeJsonArrayPrettily" hash="-556890449951777819"></source>
			<source file="../../workspace/dataset/test/JsonCodecTest.java" startline="143" endline="160" function="testEncodeJsonArrayToBuffer" hash="4504000069084685681"></source>
		</class>
	</version>
	<version nr="2440" hash="5b01aa71b" evolution="Same" change="Same">
		<class nclones="3">
			<source file="../../workspace/dataset/test/JsonCodecTest.java" startline="96" endline="114" function="testEncodeJsonArray" hash="2390467616268082952"></source>
			<source file="../../workspace/dataset/test/JsonCodecTest.java" startline="199" endline="218" function="testEncodeJsonArrayPrettily" hash="-556890449951777819"></source>
			<source file="../../workspace/dataset/test/JsonCodecTest.java" startline="143" endline="160" function="testEncodeJsonArrayToBuffer" hash="4504000069084685681"></source>
		</class>
	</version>
	<version nr="2450" hash="272b07c5a" evolution="Same" change="Consistent">
		<class nclones="3">
			<source file="../../workspace/dataset/test/JsonCodecTest.java" startline="97" endline="116" function="testEncodeJsonArray" hash="3918889556308487582"></source>
			<source file="../../workspace/dataset/test/JsonCodecTest.java" startline="146" endline="164" function="testEncodeJsonArrayToBuffer" hash="4785919016468039983"></source>
			<source file="../../workspace/dataset/test/JsonCodecTest.java" startline="205" endline="225" function="testEncodeJsonArrayPrettily" hash="7505829812250562344"></source>
		</class>
	</version>
	<version nr="3040" hash="b7ec7df48" evolution="Same" change="Same">
		<class nclones="3">
			<source file="../../workspace/dataset/test/JsonCodecTest.java" startline="97" endline="116" function="testEncodeJsonArray" hash="3918889556308487582"></source>
			<source file="../../workspace/dataset/test/JsonCodecTest.java" startline="205" endline="225" function="testEncodeJsonArrayPrettily" hash="7505829812250562344"></source>
			<source file="../../workspace/dataset/test/JsonCodecTest.java" startline="146" endline="164" function="testEncodeJsonArrayToBuffer" hash="4785919016468039983"></source>
		</class>
	</version>
</lineage>
<lineage>
	<version nr="2200" hash="c5f7a2622" evolution="None" change="None">
		<class nclones="2">
			<source file="../../workspace/dataset/test/JsonCodecTest.java" startline="312" endline="325" function="testDecodeJsonObjectWithInvalidJson" hash="-5764150123870622117"></source>
			<source file="../../workspace/dataset/test/JsonCodecTest.java" startline="328" endline="341" function="testDecodeJsonArrayWithInvalidJson" hash="-7326687225133890961"></source>
		</class>
	</version>
	<version nr="2360" hash="18f3e379b" evolution="Same" change="Same">
		<class nclones="2">
			<source file="../../workspace/dataset/test/JsonCodecTest.java" startline="312" endline="325" function="testDecodeJsonObjectWithInvalidJson" hash="-5764150123870622117"></source>
			<source file="../../workspace/dataset/test/JsonCodecTest.java" startline="328" endline="341" function="testDecodeJsonArrayWithInvalidJson" hash="-7326687225133890961"></source>
		</class>
	</version>
	<version nr="2370" hash="93645d975" evolution="Same" change="Consistent">
		<class nclones="2">
			<source file="../../workspace/dataset/test/JsonCodecTest.java" startline="319" endline="332" function="testDecodeJsonObjectWithInvalidJson" hash="3951048804190149275"></source>
			<source file="../../workspace/dataset/test/JsonCodecTest.java" startline="335" endline="348" function="testDecodeJsonArrayWithInvalidJson" hash="6610714362487848100"></source>
		</class>
	</version>
	<version nr="3040" hash="b7ec7df48" evolution="Same" change="Same">
		<class nclones="2">
			<source file="../../workspace/dataset/test/JsonCodecTest.java" startline="319" endline="332" function="testDecodeJsonObjectWithInvalidJson" hash="3951048804190149275"></source>
			<source file="../../workspace/dataset/test/JsonCodecTest.java" startline="335" endline="348" function="testDecodeJsonArrayWithInvalidJson" hash="6610714362487848100"></source>
		</class>
	</version>
</lineage>
<lineage>
	<version nr="2320" hash="ab1464c8d" evolution="None" change="None">
		<class nclones="2">
			<source file="../../workspace/dataset/test/AccessEventBusFromInitVerticleFactoryTest.java" startline="10" endline="19" function="testLoadFactoryThatCheckEventBusAndSharedDataForNull" hash="8484251067848684772"></source>
			<source file="../../workspace/dataset/test/ClasspathVerticleFactoryTest.java" startline="24" endline="33" function="testLoadedFromClasspath" hash="-2306447496808831542"></source>
		</class>
	</version>
	<version nr="3040" hash="b7ec7df48" evolution="Same" change="Same">
		<class nclones="2">
			<source file="../../workspace/dataset/test/AccessEventBusFromInitVerticleFactoryTest.java" startline="10" endline="19" function="testLoadFactoryThatCheckEventBusAndSharedDataForNull" hash="8484251067848684772"></source>
			<source file="../../workspace/dataset/test/ClasspathVerticleFactoryTest.java" startline="24" endline="33" function="testLoadedFromClasspath" hash="-2306447496808831542"></source>
		</class>
	</version>
</lineage>
<lineage>
	<version nr="2350" hash="dbf201346" evolution="None" change="None">
		<class nclones="2">
			<source file="../../workspace/dataset/test/HttpMethodTest.java" startline="96" endline="120" function="testNettyInterop" hash="1855672437890363286"></source>
			<source file="../../workspace/dataset/test/HttpMethodTest.java" startline="96" endline="120" function="testNettyInterop" hash="1855672437890363286"></source>
		</class>
	</version>
</lineage>
<lineage>
	<version nr="2370" hash="93645d975" evolution="None" change="None">
		<class nclones="4">
			<source file="../../workspace/dataset/test/VertxHttpHeadersTest.java" startline="99" endline="108" function="testSetEmptyStringNameAndEmptyValue" hash="-6113694375303446443"></source>
			<source file="../../workspace/dataset/test/HeadersTestBase.java" startline="375" endline="384" function="testSetStringNameEmptyStringValue" hash="-8919798888633296561"></source>
			<source file="../../workspace/dataset/test/VertxHttpHeadersTest.java" startline="111" endline="120" function="testSetEmptyStringName" hash="-3166712470188733449"></source>
			<source file="../../workspace/dataset/test/HeadersTestBase.java" startline="363" endline="372" function="testSetStringNameStringValue" hash="-7500830072890010257"></source>
		</class>
	</version>
	<version nr="3020" hash="9434b53cd" evolution="Same" change="Same">
		<class nclones="4">
			<source file="../../workspace/dataset/test/VertxHttpHeadersTest.java" startline="100" endline="109" function="testSetEmptyStringNameAndEmptyValue" hash="-6113694375303446443"></source>
			<source file="../../workspace/dataset/test/HeadersTestBase.java" startline="375" endline="384" function="testSetStringNameEmptyStringValue" hash="-8919798888633296561"></source>
			<source file="../../workspace/dataset/test/VertxHttpHeadersTest.java" startline="112" endline="121" function="testSetEmptyStringName" hash="-3166712470188733449"></source>
			<source file="../../workspace/dataset/test/HeadersTestBase.java" startline="363" endline="372" function="testSetStringNameStringValue" hash="-7500830072890010257"></source>
		</class>
	</version>
	<version nr="3030" hash="c754a41f8" evolution="Subtract" change="Same">
		<class nclones="2">
			<source file="../../workspace/dataset/test/VertxHttpHeadersTest.java" startline="100" endline="109" function="testSetEmptyStringNameAndEmptyValue" hash="-6113694375303446443"></source>
			<source file="../../workspace/dataset/test/VertxHttpHeadersTest.java" startline="112" endline="121" function="testSetEmptyStringName" hash="-3166712470188733449"></source>
		</class>
	</version>
	<version nr="3040" hash="b7ec7df48" evolution="Same" change="Same">
		<class nclones="2">
			<source file="../../workspace/dataset/test/VertxHttpHeadersTest.java" startline="100" endline="109" function="testSetEmptyStringNameAndEmptyValue" hash="-6113694375303446443"></source>
			<source file="../../workspace/dataset/test/VertxHttpHeadersTest.java" startline="112" endline="121" function="testSetEmptyStringName" hash="-3166712470188733449"></source>
		</class>
	</version>
</lineage>
<lineage>
	<version nr="2370" hash="93645d975" evolution="None" change="None">
		<class nclones="2">
			<source file="../../workspace/dataset/test/VertxHttpHeadersTest.java" startline="145" endline="163" function="testGetHashColl" hash="638147646575260982"></source>
			<source file="../../workspace/dataset/test/VertxHttpHeadersTest.java" startline="166" endline="183" function="testGetAllHashColl" hash="-3317148197324228070"></source>
		</class>
	</version>
	<version nr="3040" hash="b7ec7df48" evolution="Same" change="Same">
		<class nclones="2">
			<source file="../../workspace/dataset/test/VertxHttpHeadersTest.java" startline="146" endline="164" function="testGetHashColl" hash="638147646575260982"></source>
			<source file="../../workspace/dataset/test/VertxHttpHeadersTest.java" startline="167" endline="184" function="testGetAllHashColl" hash="-3317148197324228070"></source>
		</class>
	</version>
</lineage>
<lineage>
	<version nr="2370" hash="93645d975" evolution="None" change="None">
		<class nclones="2">
			<source file="../../workspace/dataset/test/HeadersTestBase.java" startline="417" endline="426" function="testSetEmptyIterableStringValue" hash="-786322987598909324"></source>
			<source file="../../workspace/dataset/test/HeadersTestBase.java" startline="429" endline="438" function="testSetEmptyIterableCharSequenceValue" hash="-831169679346508858"></source>
		</class>
	</version>
	<version nr="3020" hash="9434b53cd" evolution="Same" change="Same">
		<class nclones="2">
			<source file="../../workspace/dataset/test/HeadersTestBase.java" startline="417" endline="426" function="testSetEmptyIterableStringValue" hash="-786322987598909324"></source>
			<source file="../../workspace/dataset/test/HeadersTestBase.java" startline="429" endline="438" function="testSetEmptyIterableCharSequenceValue" hash="-831169679346508858"></source>
		</class>
	</version>
</lineage>
<lineage>
	<version nr="2450" hash="272b07c5a" evolution="None" change="None">
		<class nclones="2">
			<source file="../../workspace/dataset/test/NestedJarFileResolverTest.java" startline="36" endline="47" function="getResource" hash="5455430377645687905"></source>
			<source file="../../workspace/dataset/test/NestedZipFileResolverTest.java" startline="36" endline="47" function="getResource" hash="8577920893853314421"></source>
		</class>
	</version>
	<version nr="2460" hash="2727979cf" evolution="Same" change="Same">
		<class nclones="2">
			<source file="../../workspace/dataset/test/NestedJarFileResolverTest.java" startline="36" endline="47" function="getResource" hash="5455430377645687905"></source>
			<source file="../../workspace/dataset/test/NestedZipFileResolverTest.java" startline="36" endline="47" function="getResource" hash="8577920893853314421"></source>
		</class>
	</version>
	<version nr="2680" hash="048d63e25" evolution="Same" change="Consistent">
		<class nclones="2">
			<source file="../../workspace/dataset/test/NestedJarFileResolverTest.java" startline="28" endline="43" function="getResource" hash="9015399806188670064"></source>
			<source file="../../workspace/dataset/test/NestedZipFileResolverTest.java" startline="24" endline="45" function="resourcesLoader" hash="5811950307301233590"></source>
		</class>
	</version>
	<version nr="2690" hash="7c3a87754" evolution="Same" change="Inconsistent">
		<class nclones="2">
			<source file="../../workspace/dataset/test/NestedZipFileResolverTest.java" startline="24" endline="45" function="resourcesLoader" hash="5811950307301233590"></source>
			<source file="../../workspace/dataset/test/NestedJarFileResolverTest.java" startline="24" endline="45" function="resourcesLoader" hash="2646916333711848924"></source>
		</class>
	</version>
	<version nr="2690" hash="7c3a87754" evolution="Same" change="Inconsistent">
		<class nclones="2">
			<source file="../../workspace/dataset/test/NestedJarFileResolverTest.java" startline="28" endline="43" function="getResource" hash="9015399806188670064"></source>
			<source file="../../workspace/dataset/test/NestedZipFileResolverTest.java" startline="24" endline="45" function="resourcesLoader" hash="5811950307301233590"></source>
		</class>
	</version>
</lineage>
<lineage>
	<version nr="2490" hash="e29acb4e0" evolution="None" change="None">
		<class nclones="2">
			<source file="../../workspace/dataset/test/RegistrationInfoSerializationTest.java" startline="46" endline="55" function="testSerialization" hash="5746859622192760332"></source>
			<source file="../../workspace/dataset/test/NodeInfoSerializationTest.java" startline="48" endline="57" function="testSerialization" hash="1974591811082341088"></source>
		</class>
	</version>
	<version nr="3040" hash="b7ec7df48" evolution="Same" change="Same">
		<class nclones="2">
			<source file="../../workspace/dataset/test/RegistrationInfoSerializationTest.java" startline="46" endline="55" function="testSerialization" hash="5746859622192760332"></source>
			<source file="../../workspace/dataset/test/NodeInfoSerializationTest.java" startline="48" endline="57" function="testSerialization" hash="1974591811082341088"></source>
		</class>
	</version>
</lineage>
<lineage>
	<version nr="2680" hash="048d63e25" evolution="None" change="None">
		<class nclones="2">
			<source file="../../workspace/dataset/test/NestedZipFileResolverTest.java" startline="24" endline="45" function="resourcesLoader" hash="5811950307301233590"></source>
			<source file="../../workspace/dataset/test/NestedJarFileResolverTest.java" startline="24" endline="45" function="resourcesLoader" hash="2646916333711848924"></source>
		</class>
	</version>
</lineage>
<lineage>
	<version nr="2900" hash="c09a574bc" evolution="None" change="None">
		<class nclones="2">
			<source file="../../workspace/dataset/test/HeadersTestBase.java" startline="603" endline="618" function="testSetAllOnExistingMapUsingMultiMapHttp1" hash="-7314108880970029929"></source>
			<source file="../../workspace/dataset/test/HeadersTestBase.java" startline="639" endline="654" function="testSetAllOnExistingMapUsingMultiMapHttp2" hash="2361106084018511862"></source>
		</class>
	</version>
	<version nr="3020" hash="9434b53cd" evolution="Same" change="Same">
		<class nclones="2">
			<source file="../../workspace/dataset/test/HeadersTestBase.java" startline="603" endline="618" function="testSetAllOnExistingMapUsingMultiMapHttp1" hash="-7314108880970029929"></source>
			<source file="../../workspace/dataset/test/HeadersTestBase.java" startline="639" endline="654" function="testSetAllOnExistingMapUsingMultiMapHttp2" hash="2361106084018511862"></source>
		</class>
	</version>
</lineage>
<lineage>
	<version nr="2900" hash="c09a574bc" evolution="None" change="None">
		<class nclones="2">
			<source file="../../workspace/dataset/test/HeadersTestBase.java" startline="621" endline="636" function="testSetAllOnExistingMapUsingHashMapHttp1" hash="-26706849555715847"></source>
			<source file="../../workspace/dataset/test/HeadersTestBase.java" startline="657" endline="672" function="testSetAllOnExistingMapUsingHashMapHttp2" hash="-8530423624219901416"></source>
		</class>
	</version>
	<version nr="3020" hash="9434b53cd" evolution="Same" change="Same">
		<class nclones="2">
			<source file="../../workspace/dataset/test/HeadersTestBase.java" startline="621" endline="636" function="testSetAllOnExistingMapUsingHashMapHttp1" hash="-26706849555715847"></source>
			<source file="../../workspace/dataset/test/HeadersTestBase.java" startline="657" endline="672" function="testSetAllOnExistingMapUsingHashMapHttp2" hash="-8530423624219901416"></source>
		</class>
	</version>
</lineage>
<lineage>
	<version nr="2950" hash="13ca05c40" evolution="None" change="None">
		<class nclones="2">
			<source file="../../workspace/dataset/test/CookieJarTest.java" startline="95" endline="106" function="testRemoveFromIterator" hash="6597156146741286115"></source>
			<source file="../../workspace/dataset/test/CookieJarTest.java" startline="109" endline="122" function="testRemoveFromIteratorSubJar" hash="-6360953907625544055"></source>
		</class>
	</version>
	<version nr="3040" hash="b7ec7df48" evolution="Same" change="Same">
		<class nclones="2">
			<source file="../../workspace/dataset/test/CookieJarTest.java" startline="95" endline="106" function="testRemoveFromIterator" hash="6597156146741286115"></source>
			<source file="../../workspace/dataset/test/CookieJarTest.java" startline="109" endline="122" function="testRemoveFromIteratorSubJar" hash="-6360953907625544055"></source>
		</class>
	</version>
</lineage>
</lineages>
