<lineages>
<lineage>
	<version nr="2510" hash="658abfa72" evolution="None" change="None">
		<class nclones="2">
			<source file="../../workspace/dataset/test/testlock.c.ifdefed" startline="134" endline="178" function="test_rw" hash="2325892077209578429"></source>
			<source file="../../workspace/dataset/test/testlock.c.ifdefed" startline="180" endline="225" function="test_exclusive" hash="4234743462238129472"></source>
		</class>
	</version>
	<version nr="2530" hash="efc99af47" evolution="Same" change="Same">
		<class nclones="2">
			<source file="../../workspace/dataset/test/testlock.c.ifdefed" startline="134" endline="178" function="test_rw" hash="2325892077209578429"></source>
			<source file="../../workspace/dataset/test/testlock.c.ifdefed" startline="180" endline="225" function="test_exclusive" hash="4234743462238129472"></source>
		</class>
	</version>
	<version nr="2540" hash="ed57b45dd" evolution="Same" change="Consistent">
		<class nclones="2">
			<source file="../../workspace/dataset/test/testlock.c.ifdefed" startline="134" endline="179" function="test_rw" hash="4957577661090752295"></source>
			<source file="../../workspace/dataset/test/testlock.c.ifdefed" startline="181" endline="226" function="test_exclusive" hash="-8568198117628848700"></source>
		</class>
	</version>
	<version nr="2550" hash="980a5eebb" evolution="Same" change="Consistent">
		<class nclones="2">
			<source file="../../workspace/dataset/test/testlock.c.ifdefed" startline="138" endline="184" function="test_rw" hash="1297320439024133102"></source>
			<source file="../../workspace/dataset/test/testlock.c.ifdefed" startline="186" endline="232" function="test_exclusive" hash="2596485931116279"></source>
		</class>
	</version>
	<version nr="3110" hash="ca38c6739" evolution="Same" change="Same">
		<class nclones="2">
			<source file="../../workspace/dataset/test/testlock.c.ifdefed" startline="138" endline="184" function="test_rw" hash="1297320439024133102"></source>
			<source file="../../workspace/dataset/test/testlock.c.ifdefed" startline="186" endline="232" function="test_exclusive" hash="2596485931116279"></source>
		</class>
	</version>
	<version nr="3120" hash="c94b5f71f" evolution="Add" change="Same">
		<class nclones="4">
			<source file="../../workspace/dataset/test/testlock.c.ifdefed" startline="195" endline="241" function="test_rw" hash="1297320439024133102"></source>
			<source file="../../workspace/dataset/test/testlock.c.ifdefed" startline="385" endline="430" function="test_thread_rwlock" hash="-8350018339978117219"></source>
			<source file="../../workspace/dataset/test/testlock.c.ifdefed" startline="243" endline="289" function="test_exclusive" hash="2596485931116279"></source>
			<source file="../../workspace/dataset/test/testlock.c.ifdefed" startline="337" endline="383" function="test_thread_mutex" hash="820813163694677553"></source>
		</class>
	</version>
	<version nr="3240" hash="f021149cd" evolution="Same" change="Same">
		<class nclones="4">
			<source file="../../workspace/dataset/test/testlock.c.ifdefed" startline="195" endline="241" function="test_rw" hash="1297320439024133102"></source>
			<source file="../../workspace/dataset/test/testlock.c.ifdefed" startline="385" endline="430" function="test_thread_rwlock" hash="-8350018339978117219"></source>
			<source file="../../workspace/dataset/test/testlock.c.ifdefed" startline="243" endline="289" function="test_exclusive" hash="2596485931116279"></source>
			<source file="../../workspace/dataset/test/testlock.c.ifdefed" startline="337" endline="383" function="test_thread_mutex" hash="820813163694677553"></source>
		</class>
	</version>
	<version nr="3250" hash="c622340f6" evolution="Same" change="Inconsistent">
		<class nclones="4">
			<source file="../../workspace/dataset/test/testlock.c.ifdefed" startline="262" endline="308" function="test_rw" hash="1297320439024133102"></source>
			<source file="../../workspace/dataset/test/testlock.c.ifdefed" startline="310" endline="356" function="test_exclusive" hash="2596485931116279"></source>
			<source file="../../workspace/dataset/test/testlock.c.ifdefed" startline="404" endline="450" function="test_thread_mutex" hash="5484907003330856951"></source>
			<source file="../../workspace/dataset/test/testlock.c.ifdefed" startline="452" endline="497" function="test_thread_rwlock" hash="-8350018339978117219"></source>
		</class>
	</version>
	<version nr="3490" hash="380944c37" evolution="Same" change="Same">
		<class nclones="4">
			<source file="../../workspace/dataset/test/testlock.c.ifdefed" startline="262" endline="308" function="test_rw" hash="1297320439024133102"></source>
			<source file="../../workspace/dataset/test/testlock.c.ifdefed" startline="310" endline="356" function="test_exclusive" hash="2596485931116279"></source>
			<source file="../../workspace/dataset/test/testlock.c.ifdefed" startline="404" endline="450" function="test_thread_mutex" hash="5484907003330856951"></source>
			<source file="../../workspace/dataset/test/testlock.c.ifdefed" startline="452" endline="497" function="test_thread_rwlock" hash="-8350018339978117219"></source>
		</class>
	</version>
	<version nr="3500" hash="a1333e99e" evolution="Same" change="Inconsistent">
		<class nclones="4">
			<source file="../../workspace/dataset/test/testlock.c.ifdefed" startline="262" endline="308" function="test_rw" hash="-8143025763795380615"></source>
			<source file="../../workspace/dataset/test/testlock.c.ifdefed" startline="452" endline="497" function="test_thread_rwlock" hash="-8350018339978117219"></source>
			<source file="../../workspace/dataset/test/testlock.c.ifdefed" startline="404" endline="450" function="test_thread_mutex" hash="5484907003330856951"></source>
			<source file="../../workspace/dataset/test/testlock.c.ifdefed" startline="310" endline="356" function="test_exclusive" hash="-8463204732274224084"></source>
		</class>
	</version>
	<version nr="4030" hash="4fd6042b6" evolution="Same" change="Same">
		<class nclones="4">
			<source file="../../workspace/dataset/test/testlock.c.ifdefed" startline="262" endline="308" function="test_rw" hash="-8143025763795380615"></source>
			<source file="../../workspace/dataset/test/testlock.c.ifdefed" startline="310" endline="356" function="test_exclusive" hash="-8463204732274224084"></source>
			<source file="../../workspace/dataset/test/testlock.c.ifdefed" startline="404" endline="450" function="test_thread_mutex" hash="5484907003330856951"></source>
			<source file="../../workspace/dataset/test/testlock.c.ifdefed" startline="452" endline="497" function="test_thread_rwlock" hash="-8350018339978117219"></source>
		</class>
	</version>
	<version nr="4040" hash="6f307f5ec" evolution="Subtract" change="Same">
		<class nclones="2">
			<source file="../../workspace/dataset/test/testlock.c.ifdefed" startline="205" endline="251" function="test_thread_mutex" hash="5484907003330856951"></source>
			<source file="../../workspace/dataset/test/testlock.c.ifdefed" startline="253" endline="298" function="test_thread_rwlock" hash="-8350018339978117219"></source>
		</class>
	</version>
	<version nr="4900" hash="4f104afdf" evolution="Same" change="Same">
		<class nclones="2">
			<source file="../../workspace/dataset/test/testlock.c.ifdefed" startline="205" endline="251" function="test_thread_mutex" hash="5484907003330856951"></source>
			<source file="../../workspace/dataset/test/testlock.c.ifdefed" startline="253" endline="298" function="test_thread_rwlock" hash="-8350018339978117219"></source>
		</class>
	</version>
</lineage>
<lineage>
	<version nr="2820" hash="69e638c80" evolution="None" change="None">
		<class nclones="4">
			<source file="../../workspace/dataset/test/testthread.c.ifdefed" startline="87" endline="98" function="thread_func1" hash="1788973987586524922"></source>
			<source file="../../workspace/dataset/test/testthread.c.ifdefed" startline="100" endline="111" function="thread_func2" hash="1788973987586524922"></source>
			<source file="../../workspace/dataset/test/testthread.c.ifdefed" startline="113" endline="124" function="thread_func3" hash="1788973987586524922"></source>
			<source file="../../workspace/dataset/test/testthread.c.ifdefed" startline="126" endline="137" function="thread_func4" hash="1788973987586524922"></source>
		</class>
	</version>
	<version nr="2860" hash="e4d0310d1" evolution="Same" change="Same">
		<class nclones="4">
			<source file="../../workspace/dataset/test/testthread.c.ifdefed" startline="87" endline="98" function="thread_func1" hash="1788973987586524922"></source>
			<source file="../../workspace/dataset/test/testthread.c.ifdefed" startline="100" endline="111" function="thread_func2" hash="1788973987586524922"></source>
			<source file="../../workspace/dataset/test/testthread.c.ifdefed" startline="113" endline="124" function="thread_func3" hash="1788973987586524922"></source>
			<source file="../../workspace/dataset/test/testthread.c.ifdefed" startline="126" endline="137" function="thread_func4" hash="1788973987586524922"></source>
		</class>
	</version>
	<version nr="2870" hash="fe4f0374f" evolution="Same" change="Consistent">
		<class nclones="4">
			<source file="../../workspace/dataset/test/testthread.c.ifdefed" startline="87" endline="97" function="thread_func1" hash="6717679881366556977"></source>
			<source file="../../workspace/dataset/test/testthread.c.ifdefed" startline="123" endline="133" function="thread_func4" hash="6717679881366556977"></source>
			<source file="../../workspace/dataset/test/testthread.c.ifdefed" startline="111" endline="121" function="thread_func3" hash="6717679881366556977"></source>
			<source file="../../workspace/dataset/test/testthread.c.ifdefed" startline="99" endline="109" function="thread_func2" hash="6717679881366556977"></source>
		</class>
	</version>
	<version nr="3080" hash="3fdf94249" evolution="Same" change="Same">
		<class nclones="4">
			<source file="../../workspace/dataset/test/testthread.c.ifdefed" startline="87" endline="97" function="thread_func1" hash="6717679881366556977"></source>
			<source file="../../workspace/dataset/test/testthread.c.ifdefed" startline="123" endline="133" function="thread_func4" hash="6717679881366556977"></source>
			<source file="../../workspace/dataset/test/testthread.c.ifdefed" startline="111" endline="121" function="thread_func3" hash="6717679881366556977"></source>
			<source file="../../workspace/dataset/test/testthread.c.ifdefed" startline="99" endline="109" function="thread_func2" hash="6717679881366556977"></source>
		</class>
	</version>
	<version nr="3090" hash="4f3333324" evolution="Same" change="Consistent">
		<class nclones="4">
			<source file="../../workspace/dataset/test/testthread.c.ifdefed" startline="94" endline="107" function="thread_func1" hash="-6529978333055521128"></source>
			<source file="../../workspace/dataset/test/testthread.c.ifdefed" startline="124" endline="137" function="thread_func3" hash="-6529978333055521128"></source>
			<source file="../../workspace/dataset/test/testthread.c.ifdefed" startline="109" endline="122" function="thread_func2" hash="-6529978333055521128"></source>
			<source file="../../workspace/dataset/test/testthread.c.ifdefed" startline="139" endline="152" function="thread_func4" hash="-6529978333055521128"></source>
		</class>
	</version>
	<version nr="3280" hash="cd50eb650" evolution="Same" change="Same">
		<class nclones="4">
			<source file="../../workspace/dataset/test/testthread.c.ifdefed" startline="94" endline="107" function="thread_func1" hash="-6529978333055521128"></source>
			<source file="../../workspace/dataset/test/testthread.c.ifdefed" startline="124" endline="137" function="thread_func3" hash="-6529978333055521128"></source>
			<source file="../../workspace/dataset/test/testthread.c.ifdefed" startline="109" endline="122" function="thread_func2" hash="-6529978333055521128"></source>
			<source file="../../workspace/dataset/test/testthread.c.ifdefed" startline="139" endline="152" function="thread_func4" hash="-6529978333055521128"></source>
		</class>
	</version>
	<version nr="3780" hash="432fc8653" evolution="Subtract" change="Consistent">
		<class nclones="2">
			<source file="../../workspace/dataset/test/testthread.c.ifdefed" startline="94" endline="107" function="thread_func1" hash="8968150269053395709"></source>
			<source file="../../workspace/dataset/test/testatomic.c.ifdefed" startline="101" endline="114" function="thread_func_traditional" hash="-2185137870405742558"></source>
		</class>
	</version>
	<version nr="4030" hash="4fd6042b6" evolution="Same" change="Same">
		<class nclones="2">
			<source file="../../workspace/dataset/test/testthread.c.ifdefed" startline="94" endline="107" function="thread_func1" hash="8968150269053395709"></source>
			<source file="../../workspace/dataset/test/testatomic.c.ifdefed" startline="101" endline="114" function="thread_func_traditional" hash="-2185137870405742558"></source>
		</class>
	</version>
	<version nr="4040" hash="6f307f5ec" evolution="Same" change="Consistent">
		<class nclones="2">
			<source file="../../workspace/dataset/test/testthread.c.ifdefed" startline="93" endline="106" function="thread_func1" hash="3479482896657033885"></source>
			<source file="../../workspace/dataset/test/testatomic.c.ifdefed" startline="193" endline="206" function="thread_func_mutex" hash="5170109373295309962"></source>
		</class>
	</version>
	<version nr="4910" hash="e15589d9a" evolution="Same" change="Same">
		<class nclones="2">
			<source file="../../workspace/dataset/test/testthread.c.ifdefed" startline="93" endline="106" function="thread_func1" hash="3479482896657033885"></source>
			<source file="../../workspace/dataset/test/testatomic.c.ifdefed" startline="193" endline="206" function="thread_func_mutex" hash="5170109373295309962"></source>
		</class>
	</version>
</lineage>
<lineage>
	<version nr="3120" hash="c94b5f71f" evolution="None" change="None">
		<class nclones="4">
			<source file="../../workspace/dataset/test/testlockperf.c.ifdefed" startline="148" endline="197" function="test_inter_mutex" hash="-8501362752017270394"></source>
			<source file="../../workspace/dataset/test/testlockperf.c.ifdefed" startline="199" endline="247" function="test_thread_mutex" hash="-8467240711216339403"></source>
			<source file="../../workspace/dataset/test/testlockperf.c.ifdefed" startline="298" endline="344" function="test_thread_rwlock" hash="8620206212552023327"></source>
			<source file="../../workspace/dataset/test/testlockperf.c.ifdefed" startline="249" endline="296" function="test_inter_rwlock" hash="-4285050972526682227"></source>
		</class>
	</version>
	<version nr="3140" hash="d31743f38" evolution="Same" change="Same">
		<class nclones="4">
			<source file="../../workspace/dataset/test/testlockperf.c.ifdefed" startline="148" endline="197" function="test_inter_mutex" hash="-8501362752017270394"></source>
			<source file="../../workspace/dataset/test/testlockperf.c.ifdefed" startline="199" endline="247" function="test_thread_mutex" hash="-8467240711216339403"></source>
			<source file="../../workspace/dataset/test/testlockperf.c.ifdefed" startline="298" endline="344" function="test_thread_rwlock" hash="8620206212552023327"></source>
			<source file="../../workspace/dataset/test/testlockperf.c.ifdefed" startline="249" endline="296" function="test_inter_rwlock" hash="-4285050972526682227"></source>
		</class>
	</version>
	<version nr="3150" hash="9e14c84a5" evolution="Subtract" change="Same">
		<class nclones="2">
			<source file="../../workspace/dataset/test/testlockperf.c.ifdefed" startline="147" endline="196" function="test_inter_mutex" hash="-8501362752017270394"></source>
			<source file="../../workspace/dataset/test/testlockperf.c.ifdefed" startline="198" endline="246" function="test_thread_mutex" hash="-8467240711216339403"></source>
		</class>
	</version>
	<version nr="3240" hash="f021149cd" evolution="Same" change="Same">
		<class nclones="2">
			<source file="../../workspace/dataset/test/testlockperf.c.ifdefed" startline="147" endline="196" function="test_inter_mutex" hash="-8501362752017270394"></source>
			<source file="../../workspace/dataset/test/testlockperf.c.ifdefed" startline="198" endline="246" function="test_thread_mutex" hash="-8467240711216339403"></source>
		</class>
	</version>
	<version nr="3250" hash="c622340f6" evolution="Add" change="Inconsistent">
		<class nclones="3">
			<source file="../../workspace/dataset/test/testlockperf.c.ifdefed" startline="147" endline="196" function="test_inter_mutex" hash="-8501362752017270394"></source>
			<source file="../../workspace/dataset/test/testlockperf.c.ifdefed" startline="248" endline="296" function="test_thread_mutex_nested" hash="643861789963521133"></source>
			<source file="../../workspace/dataset/test/testlockperf.c.ifdefed" startline="198" endline="246" function="test_thread_mutex" hash="-3917281344720434625"></source>
		</class>
	</version>
	<version nr="3490" hash="380944c37" evolution="Same" change="Same">
		<class nclones="3">
			<source file="../../workspace/dataset/test/testlockperf.c.ifdefed" startline="147" endline="196" function="test_inter_mutex" hash="-8501362752017270394"></source>
			<source file="../../workspace/dataset/test/testlockperf.c.ifdefed" startline="248" endline="296" function="test_thread_mutex_nested" hash="643861789963521133"></source>
			<source file="../../workspace/dataset/test/testlockperf.c.ifdefed" startline="198" endline="246" function="test_thread_mutex" hash="-3917281344720434625"></source>
		</class>
	</version>
	<version nr="3500" hash="a1333e99e" evolution="Same" change="Inconsistent">
		<class nclones="3">
			<source file="../../workspace/dataset/test/testlockperf.c.ifdefed" startline="147" endline="196" function="test_inter_mutex" hash="3672315189936811375"></source>
			<source file="../../workspace/dataset/test/testlockperf.c.ifdefed" startline="248" endline="296" function="test_thread_mutex_nested" hash="643861789963521133"></source>
			<source file="../../workspace/dataset/test/testlockperf.c.ifdefed" startline="198" endline="246" function="test_thread_mutex" hash="-3917281344720434625"></source>
		</class>
	</version>
	<version nr="4030" hash="4fd6042b6" evolution="Same" change="Same">
		<class nclones="3">
			<source file="../../workspace/dataset/test/testlockperf.c.ifdefed" startline="147" endline="196" function="test_inter_mutex" hash="3672315189936811375"></source>
			<source file="../../workspace/dataset/test/testlockperf.c.ifdefed" startline="248" endline="296" function="test_thread_mutex_nested" hash="643861789963521133"></source>
			<source file="../../workspace/dataset/test/testlockperf.c.ifdefed" startline="198" endline="246" function="test_thread_mutex" hash="-3917281344720434625"></source>
		</class>
	</version>
	<version nr="4040" hash="6f307f5ec" evolution="Subtract" change="Same">
		<class nclones="2">
			<source file="../../workspace/dataset/test/testlockperf.c.ifdefed" startline="118" endline="166" function="test_thread_mutex" hash="-3917281344720434625"></source>
			<source file="../../workspace/dataset/test/testlockperf.c.ifdefed" startline="168" endline="216" function="test_thread_mutex_nested" hash="643861789963521133"></source>
		</class>
	</version>
	<version nr="4400" hash="6161891ba" evolution="Same" change="Same">
		<class nclones="2">
			<source file="../../workspace/dataset/test/testlockperf.c.ifdefed" startline="118" endline="166" function="test_thread_mutex" hash="-3917281344720434625"></source>
			<source file="../../workspace/dataset/test/testlockperf.c.ifdefed" startline="168" endline="216" function="test_thread_mutex_nested" hash="643861789963521133"></source>
		</class>
	</version>
	<version nr="4410" hash="555de636d" evolution="Same" change="Inconsistent">
		<class nclones="2">
			<source file="../../workspace/dataset/test/testlockperf.c.ifdefed" startline="118" endline="166" function="test_thread_mutex" hash="2124370033458470907"></source>
			<source file="../../workspace/dataset/test/testlockperf.c.ifdefed" startline="168" endline="216" function="test_thread_mutex_nested" hash="643861789963521133"></source>
		</class>
	</version>
	<version nr="4690" hash="806d77760" evolution="Same" change="Same">
		<class nclones="2">
			<source file="../../workspace/dataset/test/testlockperf.c.ifdefed" startline="118" endline="166" function="test_thread_mutex" hash="2124370033458470907"></source>
			<source file="../../workspace/dataset/test/testlockperf.c.ifdefed" startline="168" endline="216" function="test_thread_mutex_nested" hash="643861789963521133"></source>
		</class>
	</version>
	<version nr="4700" hash="d6664612e" evolution="Add" change="Consistent">
		<class nclones="3">
			<source file="../../workspace/dataset/test/testlockperf.c.ifdefed" startline="118" endline="164" function="test_thread_mutex" hash="-279434014149421586"></source>
			<source file="../../workspace/dataset/test/testlockperf.c.ifdefed" startline="214" endline="260" function="test_thread_rwlock" hash="6120596430851367966"></source>
			<source file="../../workspace/dataset/test/testlockperf.c.ifdefed" startline="166" endline="212" function="test_thread_mutex_nested" hash="-559023463072326472"></source>
		</class>
	</version>
	<version nr="8150" hash="c2549314a" evolution="Same" change="Same">
		<class nclones="3">
			<source file="../../workspace/dataset/test/testlockperf.c.ifdefed" startline="118" endline="164" function="test_thread_mutex" hash="-279434014149421586"></source>
			<source file="../../workspace/dataset/test/testlockperf.c.ifdefed" startline="214" endline="260" function="test_thread_rwlock" hash="6120596430851367966"></source>
			<source file="../../workspace/dataset/test/testlockperf.c.ifdefed" startline="166" endline="212" function="test_thread_mutex_nested" hash="-559023463072326472"></source>
		</class>
	</version>
	<version nr="8160" hash="aa9690bea" evolution="Same" change="Consistent">
		<class nclones="3">
			<source file="../../workspace/dataset/test/testlockperf.c.ifdefed" startline="82" endline="128" function="test_thread_mutex" hash="5564394785681412974"></source>
			<source file="../../workspace/dataset/test/testlockperf.c.ifdefed" startline="178" endline="224" function="test_thread_rwlock" hash="-7580581204539734242"></source>
			<source file="../../workspace/dataset/test/testlockperf.c.ifdefed" startline="130" endline="176" function="test_thread_mutex_nested" hash="-9117174192352206344"></source>
		</class>
	</version>
	<version nr="8310" hash="2ee4eec5b" evolution="Same" change="Same">
		<class nclones="3">
			<source file="../../workspace/dataset/test/testlockperf.c.ifdefed" startline="82" endline="128" function="test_thread_mutex" hash="5564394785681412974"></source>
			<source file="../../workspace/dataset/test/testlockperf.c.ifdefed" startline="178" endline="224" function="test_thread_rwlock" hash="-7580581204539734242"></source>
			<source file="../../workspace/dataset/test/testlockperf.c.ifdefed" startline="130" endline="176" function="test_thread_mutex_nested" hash="-9117174192352206344"></source>
		</class>
	</version>
	<version nr="8320" hash="2531d199c" evolution="Add" change="Same">
		<class nclones="4">
			<source file="../../workspace/dataset/test/testlockperf.c.ifdefed" startline="87" endline="133" function="test_thread_mutex" hash="5564394785681412974"></source>
			<source file="../../workspace/dataset/test/testlockperf.c.ifdefed" startline="135" endline="181" function="test_thread_mutex_nested" hash="-9117174192352206344"></source>
			<source file="../../workspace/dataset/test/testlockperf.c.ifdefed" startline="183" endline="232" function="test_thread_mutex_timed" hash="-1996858991612839757"></source>
			<source file="../../workspace/dataset/test/testlockperf.c.ifdefed" startline="234" endline="280" function="test_thread_rwlock" hash="-7580581204539734242"></source>
		</class>
	</version>
	<version nr="9060" hash="9155323a5" evolution="Same" change="Same">
		<class nclones="4">
			<source file="../../workspace/dataset/test/testlockperf.c.ifdefed" startline="87" endline="133" function="test_thread_mutex" hash="5564394785681412974"></source>
			<source file="../../workspace/dataset/test/testlockperf.c.ifdefed" startline="135" endline="181" function="test_thread_mutex_nested" hash="-9117174192352206344"></source>
			<source file="../../workspace/dataset/test/testlockperf.c.ifdefed" startline="183" endline="232" function="test_thread_mutex_timed" hash="-1996858991612839757"></source>
			<source file="../../workspace/dataset/test/testlockperf.c.ifdefed" startline="234" endline="280" function="test_thread_rwlock" hash="-7580581204539734242"></source>
		</class>
	</version>
</lineage>
<lineage>
	<version nr="3120" hash="c94b5f71f" evolution="None" change="None">
		<class nclones="2">
			<source file="../../workspace/dataset/test/testlockperf.c.ifdefed" startline="346" endline="406" function="main" hash="3318870561082861410"></source>
			<source file="../../workspace/dataset/test/testlock.c.ifdefed" startline="432" endline="498" function="main" hash="7126835600724249716"></source>
		</class>
	</version>
	<version nr="3130" hash="de407001e" evolution="Same" change="Same">
		<class nclones="2">
			<source file="../../workspace/dataset/test/testlockperf.c.ifdefed" startline="346" endline="406" function="main" hash="3318870561082861410"></source>
			<source file="../../workspace/dataset/test/testlock.c.ifdefed" startline="432" endline="498" function="main" hash="7126835600724249716"></source>
		</class>
	</version>
	<version nr="3140" hash="d31743f38" evolution="Same" change="Inconsistent">
		<class nclones="2">
			<source file="../../workspace/dataset/test/testlockperf.c.ifdefed" startline="346" endline="406" function="main" hash="3318870561082861410"></source>
			<source file="../../workspace/dataset/test/testlock.c.ifdefed" startline="567" endline="639" function="main" hash="-4683756184957491211"></source>
		</class>
	</version>
	<version nr="4040" hash="6f307f5ec" evolution="Same" change="Consistent">
		<class nclones="2">
			<source file="../../workspace/dataset/test/testlockperf.c.ifdefed" startline="266" endline="320" function="main" hash="-6647316901035308460"></source>
			<source file="../../workspace/dataset/test/testlock.c.ifdefed" startline="443" endline="503" function="main" hash="7102097316766210145"></source>
		</class>
	</version>
	<version nr="4050" hash="b9ea917d5" evolution="Same" change="Same">
		<class nclones="2">
			<source file="../../workspace/dataset/test/testlockperf.c.ifdefed" startline="266" endline="320" function="main" hash="-6647316901035308460"></source>
			<source file="../../workspace/dataset/test/testlock.c.ifdefed" startline="443" endline="503" function="main" hash="7102097316766210145"></source>
		</class>
	</version>
</lineage>
<lineage>
	<version nr="3120" hash="c94b5f71f" evolution="None" change="None">
		<class nclones="2">
			<source file="../../workspace/dataset/test/testlock.c.ifdefed" startline="95" endline="118" function="thread_rw_func" hash="4632041047778636657"></source>
			<source file="../../workspace/dataset/test/testlock.c.ifdefed" startline="120" endline="143" function="thread_rwlock_func" hash="3615652558729120870"></source>
		</class>
	</version>
	<version nr="4030" hash="4fd6042b6" evolution="Same" change="Same">
		<class nclones="2">
			<source file="../../workspace/dataset/test/testlock.c.ifdefed" startline="95" endline="118" function="thread_rw_func" hash="4632041047778636657"></source>
			<source file="../../workspace/dataset/test/testlock.c.ifdefed" startline="120" endline="143" function="thread_rwlock_func" hash="3615652558729120870"></source>
		</class>
	</version>
</lineage>
<lineage>
	<version nr="3120" hash="c94b5f71f" evolution="None" change="None">
		<class nclones="2">
			<source file="../../workspace/dataset/test/testlock.c.ifdefed" startline="145" endline="168" function="thread_function" hash="201498160200159805"></source>
			<source file="../../workspace/dataset/test/testlock.c.ifdefed" startline="170" endline="193" function="thread_mutex_function" hash="6297118933089373623"></source>
		</class>
	</version>
	<version nr="4030" hash="4fd6042b6" evolution="Same" change="Same">
		<class nclones="2">
			<source file="../../workspace/dataset/test/testlock.c.ifdefed" startline="145" endline="168" function="thread_function" hash="201498160200159805"></source>
			<source file="../../workspace/dataset/test/testlock.c.ifdefed" startline="170" endline="193" function="thread_mutex_function" hash="6297118933089373623"></source>
		</class>
	</version>
</lineage>
<lineage>
	<version nr="3150" hash="9e14c84a5" evolution="None" change="None">
		<class nclones="2">
			<source file="../../workspace/dataset/test/testlockperf.c.ifdefed" startline="248" endline="295" function="test_inter_rwlock" hash="-4285050972526682227"></source>
			<source file="../../workspace/dataset/test/testlockperf.c.ifdefed" startline="297" endline="343" function="test_thread_rwlock" hash="-4238408545493308161"></source>
		</class>
	</version>
	<version nr="3490" hash="380944c37" evolution="Same" change="Same">
		<class nclones="2">
			<source file="../../workspace/dataset/test/testlockperf.c.ifdefed" startline="248" endline="295" function="test_inter_rwlock" hash="-4285050972526682227"></source>
			<source file="../../workspace/dataset/test/testlockperf.c.ifdefed" startline="297" endline="343" function="test_thread_rwlock" hash="-4238408545493308161"></source>
		</class>
	</version>
	<version nr="3500" hash="a1333e99e" evolution="Same" change="Inconsistent">
		<class nclones="2">
			<source file="../../workspace/dataset/test/testlockperf.c.ifdefed" startline="297" endline="344" function="test_inter_rwlock" hash="-2162979151701072454"></source>
			<source file="../../workspace/dataset/test/testlockperf.c.ifdefed" startline="346" endline="392" function="test_thread_rwlock" hash="-4238408545493308161"></source>
		</class>
	</version>
	<version nr="4030" hash="4fd6042b6" evolution="Same" change="Same">
		<class nclones="2">
			<source file="../../workspace/dataset/test/testlockperf.c.ifdefed" startline="297" endline="344" function="test_inter_rwlock" hash="-2162979151701072454"></source>
			<source file="../../workspace/dataset/test/testlockperf.c.ifdefed" startline="346" endline="392" function="test_thread_rwlock" hash="-4238408545493308161"></source>
		</class>
	</version>
</lineage>
<lineage>
	<version nr="3810" hash="54b22b0d2" evolution="None" change="None">
		<class nclones="2">
			<source file="../../workspace/dataset/test/testprocmutex.c.ifdefed" startline="76" endline="98" function="make_child" hash="2173834712041301099"></source>
			<source file="../../workspace/dataset/test/testglobalmutex.c.ifdefed" startline="76" endline="98" function="make_child" hash="1683370405035453899"></source>
		</class>
	</version>
	<version nr="4830" hash="36a7df9de" evolution="Same" change="Same">
		<class nclones="2">
			<source file="../../workspace/dataset/test/testprocmutex.c.ifdefed" startline="76" endline="98" function="make_child" hash="2173834712041301099"></source>
			<source file="../../workspace/dataset/test/testglobalmutex.c.ifdefed" startline="76" endline="98" function="make_child" hash="1683370405035453899"></source>
		</class>
	</version>
	<version nr="4840" hash="687f04a24" evolution="Same" change="Inconsistent">
		<class nclones="2">
			<source file="../../workspace/dataset/test/testprocmutex.c.ifdefed" startline="75" endline="107" function="make_child" hash="4874365879621605438"></source>
			<source file="../../workspace/dataset/test/testglobalmutex.c.ifdefed" startline="75" endline="97" function="make_child" hash="1683370405035453899"></source>
		</class>
	</version>
	<version nr="5340" hash="948e416a5" evolution="Same" change="Same">
		<class nclones="2">
			<source file="../../workspace/dataset/test/testprocmutex.c.ifdefed" startline="75" endline="107" function="make_child" hash="4874365879621605438"></source>
			<source file="../../workspace/dataset/test/testglobalmutex.c.ifdefed" startline="75" endline="97" function="make_child" hash="1683370405035453899"></source>
		</class>
	</version>
</lineage>
<lineage>
	<version nr="3810" hash="54b22b0d2" evolution="None" change="None">
		<class nclones="2">
			<source file="../../workspace/dataset/test/testprocmutex.c.ifdefed" startline="100" endline="143" function="test_exclusive" hash="609515803995831849"></source>
			<source file="../../workspace/dataset/test/testglobalmutex.c.ifdefed" startline="100" endline="143" function="test_exclusive" hash="-3786144077611167213"></source>
		</class>
	</version>
	<version nr="5340" hash="948e416a5" evolution="Same" change="Same">
		<class nclones="2">
			<source file="../../workspace/dataset/test/testprocmutex.c.ifdefed" startline="100" endline="143" function="test_exclusive" hash="609515803995831849"></source>
			<source file="../../workspace/dataset/test/testglobalmutex.c.ifdefed" startline="100" endline="143" function="test_exclusive" hash="-3786144077611167213"></source>
		</class>
	</version>
</lineage>
<lineage>
	<version nr="3810" hash="54b22b0d2" evolution="None" change="None">
		<class nclones="2">
			<source file="../../workspace/dataset/test/testprocmutex.c.ifdefed" startline="145" endline="192" function="main" hash="-253655637408237228"></source>
			<source file="../../workspace/dataset/test/testglobalmutex.c.ifdefed" startline="145" endline="192" function="main" hash="-253655637408237228"></source>
		</class>
	</version>
	<version nr="5340" hash="948e416a5" evolution="Same" change="Same">
		<class nclones="2">
			<source file="../../workspace/dataset/test/testprocmutex.c.ifdefed" startline="145" endline="192" function="main" hash="-253655637408237228"></source>
			<source file="../../workspace/dataset/test/testglobalmutex.c.ifdefed" startline="145" endline="192" function="main" hash="-253655637408237228"></source>
		</class>
	</version>
</lineage>
<lineage>
	<version nr="4670" hash="2c6ddb37c" evolution="None" change="None">
		<class nclones="2">
			<source file="../../workspace/dataset/test/testtime.c.ifdefed" startline="142" endline="158" function="test_exp_get_gmt" hash="-2888074671699852428"></source>
			<source file="../../workspace/dataset/test/testtime.c.ifdefed" startline="160" endline="176" function="test_exp_get_lt" hash="2983153002011353537"></source>
		</class>
	</version>
	<version nr="5780" hash="c5fbc8fef" evolution="Same" change="Same">
		<class nclones="2">
			<source file="../../workspace/dataset/test/testtime.c.ifdefed" startline="142" endline="158" function="test_exp_get_gmt" hash="-2888074671699852428"></source>
			<source file="../../workspace/dataset/test/testtime.c.ifdefed" startline="160" endline="176" function="test_exp_get_lt" hash="2983153002011353537"></source>
		</class>
	</version>
	<version nr="5790" hash="b8c498a2f" evolution="Same" change="Consistent">
		<class nclones="2">
			<source file="../../workspace/dataset/test/testtime.c.ifdefed" startline="114" endline="130" function="test_exp_get_gmt" hash="-1656742470405038872"></source>
			<source file="../../workspace/dataset/test/testtime.c.ifdefed" startline="132" endline="148" function="test_exp_get_lt" hash="1593241398699323451"></source>
		</class>
	</version>
	<version nr="9060" hash="9155323a5" evolution="Same" change="Same">
		<class nclones="2">
			<source file="../../workspace/dataset/test/testtime.c.ifdefed" startline="114" endline="130" function="test_exp_get_gmt" hash="-1656742470405038872"></source>
			<source file="../../workspace/dataset/test/testtime.c.ifdefed" startline="132" endline="148" function="test_exp_get_lt" hash="1593241398699323451"></source>
		</class>
	</version>
</lineage>
<lineage>
	<version nr="4670" hash="2c6ddb37c" evolution="None" change="None">
		<class nclones="2">
			<source file="../../workspace/dataset/test/testtime.c.ifdefed" startline="237" endline="251" function="test_strftimesmall" hash="-2938355233761933028"></source>
			<source file="../../workspace/dataset/test/testtime.c.ifdefed" startline="269" endline="284" function="test_strftimeoffset" hash="4097344988826683328"></source>
		</class>
	</version>
	<version nr="4790" hash="637b6aa3e" evolution="Same" change="Same">
		<class nclones="2">
			<source file="../../workspace/dataset/test/testtime.c.ifdefed" startline="237" endline="251" function="test_strftimesmall" hash="-2938355233761933028"></source>
			<source file="../../workspace/dataset/test/testtime.c.ifdefed" startline="269" endline="284" function="test_strftimeoffset" hash="4097344988826683328"></source>
		</class>
	</version>
	<version nr="4800" hash="0637a2915" evolution="Same" change="Inconsistent">
		<class nclones="2">
			<source file="../../workspace/dataset/test/testtime.c.ifdefed" startline="237" endline="251" function="test_strftimesmall" hash="-2938355233761933028"></source>
			<source file="../../workspace/dataset/test/testtime.c.ifdefed" startline="276" endline="290" function="test_strftimeoffset" hash="3856499318284274759"></source>
		</class>
	</version>
	<version nr="5780" hash="c5fbc8fef" evolution="Same" change="Same">
		<class nclones="2">
			<source file="../../workspace/dataset/test/testtime.c.ifdefed" startline="233" endline="247" function="test_strftimesmall" hash="-2938355233761933028"></source>
			<source file="../../workspace/dataset/test/testtime.c.ifdefed" startline="272" endline="286" function="test_strftimeoffset" hash="3856499318284274759"></source>
		</class>
	</version>
	<version nr="5790" hash="b8c498a2f" evolution="Same" change="Consistent">
		<class nclones="2">
			<source file="../../workspace/dataset/test/testtime.c.ifdefed" startline="214" endline="228" function="test_strftimesmall" hash="4753756268971892864"></source>
			<source file="../../workspace/dataset/test/testtime.c.ifdefed" startline="252" endline="266" function="test_strftimeoffset" hash="7932768572693368185"></source>
		</class>
	</version>
	<version nr="9060" hash="9155323a5" evolution="Same" change="Same">
		<class nclones="2">
			<source file="../../workspace/dataset/test/testtime.c.ifdefed" startline="214" endline="228" function="test_strftimesmall" hash="4753756268971892864"></source>
			<source file="../../workspace/dataset/test/testtime.c.ifdefed" startline="252" endline="266" function="test_strftimeoffset" hash="7932768572693368185"></source>
		</class>
	</version>
</lineage>
<lineage>
	<version nr="4810" hash="5e7998654" evolution="None" change="None">
		<class nclones="2">
			<source file="../../workspace/dataset/test/testdir.c.ifdefed" startline="190" endline="205" function="test_readdir_onedot" hash="8432897736841115281"></source>
			<source file="../../workspace/dataset/test/testdir.c.ifdefed" startline="207" endline="223" function="test_readdir_twodot" hash="7940937803784742953"></source>
		</class>
	</version>
	<version nr="5020" hash="25eed5436" evolution="Same" change="Same">
		<class nclones="2">
			<source file="../../workspace/dataset/test/testdir.c.ifdefed" startline="186" endline="201" function="test_readdir_onedot" hash="8432897736841115281"></source>
			<source file="../../workspace/dataset/test/testdir.c.ifdefed" startline="203" endline="219" function="test_readdir_twodot" hash="7940937803784742953"></source>
		</class>
	</version>
	<version nr="5030" hash="39d3106cf" evolution="Same" change="Consistent">
		<class nclones="2">
			<source file="../../workspace/dataset/test/testdir.c.ifdefed" startline="186" endline="201" function="test_readdir_onedot" hash="5715597014481239421"></source>
			<source file="../../workspace/dataset/test/testdir.c.ifdefed" startline="203" endline="219" function="test_readdir_twodot" hash="7919499528283052757"></source>
		</class>
	</version>
	<version nr="5650" hash="cb3d1d2ad" evolution="Same" change="Same">
		<class nclones="2">
			<source file="../../workspace/dataset/test/testdir.c.ifdefed" startline="186" endline="201" function="test_readdir_onedot" hash="5715597014481239421"></source>
			<source file="../../workspace/dataset/test/testdir.c.ifdefed" startline="203" endline="219" function="test_readdir_twodot" hash="7919499528283052757"></source>
		</class>
	</version>
</lineage>
<lineage>
	<version nr="4850" hash="7fb95d100" evolution="None" change="None">
		<class nclones="2">
			<source file="../../workspace/dataset/test/testfileinfo.c.ifdefed" startline="112" endline="135" function="test_info_get" hash="3594657805678049475"></source>
			<source file="../../workspace/dataset/test/testfileinfo.c.ifdefed" startline="137" endline="157" function="test_stat" hash="3023633594614665003"></source>
		</class>
	</version>
	<version nr="4860" hash="960b47db8" evolution="Same" change="Inconsistent">
		<class nclones="2">
			<source file="../../workspace/dataset/test/testfileinfo.c.ifdefed" startline="112" endline="135" function="test_info_get" hash="3594657805678049475"></source>
			<source file="../../workspace/dataset/test/testfileinfo.c.ifdefed" startline="137" endline="155" function="test_stat" hash="5181913936692394020"></source>
		</class>
	</version>
	<version nr="4870" hash="ae2a5b6c0" evolution="Same" change="Consistent">
		<class nclones="2">
			<source file="../../workspace/dataset/test/testfileinfo.c.ifdefed" startline="112" endline="135" function="test_info_get" hash="-1951947966389961071"></source>
			<source file="../../workspace/dataset/test/testfileinfo.c.ifdefed" startline="137" endline="155" function="test_stat" hash="6934594157141489670"></source>
		</class>
	</version>
	<version nr="4990" hash="c154f3248" evolution="Same" change="Same">
		<class nclones="2">
			<source file="../../workspace/dataset/test/testfileinfo.c.ifdefed" startline="112" endline="135" function="test_info_get" hash="-1951947966389961071"></source>
			<source file="../../workspace/dataset/test/testfileinfo.c.ifdefed" startline="137" endline="155" function="test_stat" hash="6934594157141489670"></source>
		</class>
	</version>
	<version nr="5000" hash="e394debc0" evolution="Same" change="Consistent">
		<class nclones="2">
			<source file="../../workspace/dataset/test/testfileinfo.c.ifdefed" startline="112" endline="135" function="test_info_get" hash="-1768703889907100565"></source>
			<source file="../../workspace/dataset/test/testfileinfo.c.ifdefed" startline="137" endline="155" function="test_stat" hash="-2769601963541504220"></source>
		</class>
	</version>
	<version nr="5780" hash="c5fbc8fef" evolution="Same" change="Same">
		<class nclones="2">
			<source file="../../workspace/dataset/test/testfileinfo.c.ifdefed" startline="112" endline="135" function="test_info_get" hash="-1768703889907100565"></source>
			<source file="../../workspace/dataset/test/testfileinfo.c.ifdefed" startline="137" endline="155" function="test_stat" hash="-2769601963541504220"></source>
		</class>
	</version>
	<version nr="5790" hash="b8c498a2f" evolution="Same" change="Consistent">
		<class nclones="2">
			<source file="../../workspace/dataset/test/testfileinfo.c.ifdefed" startline="105" endline="128" function="test_info_get" hash="-1503652126599567421"></source>
			<source file="../../workspace/dataset/test/testfileinfo.c.ifdefed" startline="130" endline="148" function="test_stat" hash="6567200749995596852"></source>
		</class>
	</version>
	<version nr="6330" hash="3fded7883" evolution="Same" change="Same">
		<class nclones="2">
			<source file="../../workspace/dataset/test/testfileinfo.c.ifdefed" startline="105" endline="128" function="test_info_get" hash="-1503652126599567421"></source>
			<source file="../../workspace/dataset/test/testfileinfo.c.ifdefed" startline="130" endline="148" function="test_stat" hash="6567200749995596852"></source>
		</class>
	</version>
	<version nr="6340" hash="8a4b86715" evolution="Same" change="Consistent">
		<class nclones="2">
			<source file="../../workspace/dataset/test/testfileinfo.c.ifdefed" startline="106" endline="129" function="test_info_get" hash="-5678605142832925369"></source>
			<source file="../../workspace/dataset/test/testfileinfo.c.ifdefed" startline="131" endline="149" function="test_stat" hash="-2068065317200680612"></source>
		</class>
	</version>
	<version nr="7500" hash="f2e461d55" evolution="Same" change="Same">
		<class nclones="2">
			<source file="../../workspace/dataset/test/testfileinfo.c.ifdefed" startline="106" endline="129" function="test_info_get" hash="-5678605142832925369"></source>
			<source file="../../workspace/dataset/test/testfileinfo.c.ifdefed" startline="131" endline="149" function="test_stat" hash="-2068065317200680612"></source>
		</class>
	</version>
	<version nr="7510" hash="27f3b0de2" evolution="Same" change="Inconsistent">
		<class nclones="2">
			<source file="../../workspace/dataset/test/testfileinfo.c.ifdefed" startline="106" endline="129" function="test_info_get" hash="5757298252980502256"></source>
			<source file="../../workspace/dataset/test/testfileinfo.c.ifdefed" startline="131" endline="149" function="test_stat" hash="-2068065317200680612"></source>
		</class>
	</version>
	<version nr="8200" hash="fb274946f" evolution="Same" change="Same">
		<class nclones="2">
			<source file="../../workspace/dataset/test/testfileinfo.c.ifdefed" startline="106" endline="129" function="test_info_get" hash="5757298252980502256"></source>
			<source file="../../workspace/dataset/test/testfileinfo.c.ifdefed" startline="131" endline="149" function="test_stat" hash="-2068065317200680612"></source>
		</class>
	</version>
	<version nr="8210" hash="b01530ede" evolution="Same" change="Inconsistent">
		<class nclones="2">
			<source file="../../workspace/dataset/test/testfileinfo.c.ifdefed" startline="106" endline="129" function="test_info_get" hash="-4809169021204586234"></source>
			<source file="../../workspace/dataset/test/testfileinfo.c.ifdefed" startline="131" endline="149" function="test_stat" hash="-2068065317200680612"></source>
		</class>
	</version>
	<version nr="9060" hash="9155323a5" evolution="Same" change="Same">
		<class nclones="2">
			<source file="../../workspace/dataset/test/testfileinfo.c.ifdefed" startline="106" endline="129" function="test_info_get" hash="-4809169021204586234"></source>
			<source file="../../workspace/dataset/test/testfileinfo.c.ifdefed" startline="131" endline="149" function="test_stat" hash="-2068065317200680612"></source>
		</class>
	</version>
</lineage>
<lineage>
	<version nr="4870" hash="ae2a5b6c0" evolution="None" change="None">
		<class nclones="2">
			<source file="../../workspace/dataset/test/testdso.c.ifdefed" startline="94" endline="116" function="test_dso_sym" hash="-6422688643614480439"></source>
			<source file="../../workspace/dataset/test/testdso.c.ifdefed" startline="118" endline="140" function="test_dso_sym_return_value" hash="7447679931300848447"></source>
		</class>
	</version>
	<version nr="5010" hash="7c8ebfa06" evolution="Same" change="Consistent">
		<class nclones="2">
			<source file="../../workspace/dataset/test/testdso.c.ifdefed" startline="98" endline="120" function="test_dso_sym" hash="4800769645443368101"></source>
			<source file="../../workspace/dataset/test/testdso.c.ifdefed" startline="174" endline="196" function="test_dso_sym_non_module" hash="2441050852434081674"></source>
		</class>
	</version>
	<version nr="5020" hash="25eed5436" evolution="Same" change="Consistent">
		<class nclones="2">
			<source file="../../workspace/dataset/test/testdso.c.ifdefed" startline="98" endline="120" function="test_dso_sym" hash="-8385720133238381618"></source>
			<source file="../../workspace/dataset/test/testdso.c.ifdefed" startline="177" endline="199" function="test_dso_sym_library" hash="-1874588400122157447"></source>
		</class>
	</version>
	<version nr="5030" hash="39d3106cf" evolution="Same" change="Same">
		<class nclones="2">
			<source file="../../workspace/dataset/test/testdso.c.ifdefed" startline="98" endline="120" function="test_dso_sym" hash="-8385720133238381618"></source>
			<source file="../../workspace/dataset/test/testdso.c.ifdefed" startline="177" endline="199" function="test_dso_sym_library" hash="-1874588400122157447"></source>
		</class>
	</version>
</lineage>
<lineage>
	<version nr="4890" hash="2d03477df" evolution="None" change="None">
		<class nclones="2">
			<source file="../../workspace/dataset/test/testpoll.c.ifdefed" startline="194" endline="206" function="send_2" hash="3659672841340877403"></source>
			<source file="../../workspace/dataset/test/testpoll.c.ifdefed" startline="223" endline="235" function="send_2_signaled_1" hash="-4888958047524248498"></source>
		</class>
	</version>
	<version nr="5530" hash="430cd9418" evolution="Same" change="Same">
		<class nclones="2">
			<source file="../../workspace/dataset/test/testpoll.c.ifdefed" startline="194" endline="206" function="send_2" hash="3659672841340877403"></source>
			<source file="../../workspace/dataset/test/testpoll.c.ifdefed" startline="223" endline="235" function="send_2_signaled_1" hash="-4888958047524248498"></source>
		</class>
	</version>
</lineage>
<lineage>
	<version nr="4890" hash="2d03477df" evolution="None" change="None">
		<class nclones="3">
			<source file="../../workspace/dataset/test/testpoll.c.ifdefed" startline="357" endline="368" function="recv0_pollset" hash="-3879162190070060436"></source>
			<source file="../../workspace/dataset/test/testpoll.c.ifdefed" startline="419" endline="431" function="clear_last_pollset" hash="-7080060349735195253"></source>
			<source file="../../workspace/dataset/test/testpoll.c.ifdefed" startline="388" endline="401" function="clear_middle_pollset" hash="3939950966856431908"></source>
		</class>
	</version>
	<version nr="5780" hash="c5fbc8fef" evolution="Same" change="Same">
		<class nclones="3">
			<source file="../../workspace/dataset/test/testpoll.c.ifdefed" startline="357" endline="368" function="recv0_pollset" hash="-3879162190070060436"></source>
			<source file="../../workspace/dataset/test/testpoll.c.ifdefed" startline="419" endline="431" function="clear_last_pollset" hash="-7080060349735195253"></source>
			<source file="../../workspace/dataset/test/testpoll.c.ifdefed" startline="388" endline="401" function="clear_middle_pollset" hash="3939950966856431908"></source>
		</class>
	</version>
	<version nr="5790" hash="b8c498a2f" evolution="Same" change="Consistent">
		<class nclones="3">
			<source file="../../workspace/dataset/test/testpoll.c.ifdefed" startline="339" endline="350" function="recv0_pollset" hash="6207493143186958080"></source>
			<source file="../../workspace/dataset/test/testpoll.c.ifdefed" startline="401" endline="413" function="clear_last_pollset" hash="-7324820150939488287"></source>
			<source file="../../workspace/dataset/test/testpoll.c.ifdefed" startline="370" endline="383" function="clear_middle_pollset" hash="5226275329448426860"></source>
		</class>
	</version>
	<version nr="9060" hash="9155323a5" evolution="Same" change="Same">
		<class nclones="3">
			<source file="../../workspace/dataset/test/testpoll.c.ifdefed" startline="339" endline="350" function="recv0_pollset" hash="6207493143186958080"></source>
			<source file="../../workspace/dataset/test/testpoll.c.ifdefed" startline="401" endline="413" function="clear_last_pollset" hash="-7324820150939488287"></source>
			<source file="../../workspace/dataset/test/testpoll.c.ifdefed" startline="370" endline="383" function="clear_middle_pollset" hash="5226275329448426860"></source>
		</class>
	</version>
</lineage>
<lineage>
	<version nr="4920" hash="ca32ae2fd" evolution="None" change="None">
		<class nclones="6">
			<source file="../../workspace/dataset/test/testargs.c.ifdefed" startline="80" endline="108" function="no_options_found" hash="-6071449984475951169"></source>
			<source file="../../workspace/dataset/test/testargs.c.ifdefed" startline="110" endline="140" function="no_options" hash="-7815087298774928929"></source>
			<source file="../../workspace/dataset/test/testargs.c.ifdefed" startline="229" endline="260" function="optional_option_notgiven" hash="-2878439165303974197"></source>
			<source file="../../workspace/dataset/test/testargs.c.ifdefed" startline="142" endline="169" function="required_option" hash="-2361853521697126208"></source>
			<source file="../../workspace/dataset/test/testargs.c.ifdefed" startline="171" endline="198" function="required_option_notgiven" hash="1208182027269915430"></source>
			<source file="../../workspace/dataset/test/testargs.c.ifdefed" startline="200" endline="227" function="optional_option" hash="8830642530987782793"></source>
		</class>
	</version>
	<version nr="5780" hash="c5fbc8fef" evolution="Same" change="Same">
		<class nclones="6">
			<source file="../../workspace/dataset/test/testargs.c.ifdefed" startline="80" endline="108" function="no_options_found" hash="-6071449984475951169"></source>
			<source file="../../workspace/dataset/test/testargs.c.ifdefed" startline="110" endline="140" function="no_options" hash="-7815087298774928929"></source>
			<source file="../../workspace/dataset/test/testargs.c.ifdefed" startline="171" endline="198" function="required_option_notgiven" hash="1208182027269915430"></source>
			<source file="../../workspace/dataset/test/testargs.c.ifdefed" startline="200" endline="227" function="optional_option" hash="8830642530987782793"></source>
			<source file="../../workspace/dataset/test/testargs.c.ifdefed" startline="142" endline="169" function="required_option" hash="-2361853521697126208"></source>
			<source file="../../workspace/dataset/test/testargs.c.ifdefed" startline="229" endline="260" function="optional_option_notgiven" hash="-2878439165303974197"></source>
		</class>
	</version>
	<version nr="5790" hash="b8c498a2f" evolution="Same" change="Consistent">
		<class nclones="6">
			<source file="../../workspace/dataset/test/testargs.c.ifdefed" startline="41" endline="69" function="no_options_found" hash="-6259333145450526387"></source>
			<source file="../../workspace/dataset/test/testargs.c.ifdefed" startline="71" endline="101" function="no_options" hash="8443558921019174877"></source>
			<source file="../../workspace/dataset/test/testargs.c.ifdefed" startline="103" endline="130" function="required_option" hash="8378718035448569490"></source>
			<source file="../../workspace/dataset/test/testargs.c.ifdefed" startline="161" endline="188" function="optional_option" hash="-688928676372658341"></source>
			<source file="../../workspace/dataset/test/testargs.c.ifdefed" startline="190" endline="221" function="optional_option_notgiven" hash="-940268936163548543"></source>
			<source file="../../workspace/dataset/test/testargs.c.ifdefed" startline="132" endline="159" function="required_option_notgiven" hash="-5347832642373520132"></source>
		</class>
	</version>
	<version nr="7640" hash="4c6d022eb" evolution="Same" change="Same">
		<class nclones="6">
			<source file="../../workspace/dataset/test/testargs.c.ifdefed" startline="41" endline="69" function="no_options_found" hash="-6259333145450526387"></source>
			<source file="../../workspace/dataset/test/testargs.c.ifdefed" startline="71" endline="101" function="no_options" hash="8443558921019174877"></source>
			<source file="../../workspace/dataset/test/testargs.c.ifdefed" startline="103" endline="130" function="required_option" hash="8378718035448569490"></source>
			<source file="../../workspace/dataset/test/testargs.c.ifdefed" startline="161" endline="188" function="optional_option" hash="-688928676372658341"></source>
			<source file="../../workspace/dataset/test/testargs.c.ifdefed" startline="190" endline="221" function="optional_option_notgiven" hash="-940268936163548543"></source>
			<source file="../../workspace/dataset/test/testargs.c.ifdefed" startline="132" endline="159" function="required_option_notgiven" hash="-5347832642373520132"></source>
		</class>
	</version>
	<version nr="7650" hash="556dddce5" evolution="Same" change="Consistent">
		<class nclones="6">
			<source file="../../workspace/dataset/test/testargs.c.ifdefed" startline="42" endline="70" function="no_options_found" hash="-7710177940870750347"></source>
			<source file="../../workspace/dataset/test/testargs.c.ifdefed" startline="72" endline="102" function="no_options" hash="7811210066459938927"></source>
			<source file="../../workspace/dataset/test/testargs.c.ifdefed" startline="191" endline="222" function="optional_option_notgiven" hash="2572205457402362277"></source>
			<source file="../../workspace/dataset/test/testargs.c.ifdefed" startline="133" endline="160" function="required_option_notgiven" hash="-2427915527787775280"></source>
			<source file="../../workspace/dataset/test/testargs.c.ifdefed" startline="104" endline="131" function="required_option" hash="6786091935910577962"></source>
			<source file="../../workspace/dataset/test/testargs.c.ifdefed" startline="162" endline="189" function="optional_option" hash="-7129524432934297285"></source>
		</class>
	</version>
	<version nr="9060" hash="9155323a5" evolution="Same" change="Same">
		<class nclones="6">
			<source file="../../workspace/dataset/test/testargs.c.ifdefed" startline="42" endline="70" function="no_options_found" hash="-7710177940870750347"></source>
			<source file="../../workspace/dataset/test/testargs.c.ifdefed" startline="72" endline="102" function="no_options" hash="7811210066459938927"></source>
			<source file="../../workspace/dataset/test/testargs.c.ifdefed" startline="191" endline="222" function="optional_option_notgiven" hash="2572205457402362277"></source>
			<source file="../../workspace/dataset/test/testargs.c.ifdefed" startline="133" endline="160" function="required_option_notgiven" hash="-2427915527787775280"></source>
			<source file="../../workspace/dataset/test/testargs.c.ifdefed" startline="104" endline="131" function="required_option" hash="6786091935910577962"></source>
			<source file="../../workspace/dataset/test/testargs.c.ifdefed" startline="162" endline="189" function="optional_option" hash="-7129524432934297285"></source>
		</class>
	</version>
</lineage>
<lineage>
	<version nr="4990" hash="c154f3248" evolution="None" change="None">
		<class nclones="2">
			<source file="../../workspace/dataset/test/CuTest.c.ifdefed" startline="185" endline="197" function="CuAssertStrNEquals" hash="534316288814301561"></source>
			<source file="../../workspace/dataset/test/CuTest.c.ifdefed" startline="199" endline="210" function="CuAssertStrEquals" hash="4342592701459015013"></source>
		</class>
	</version>
	<version nr="5040" hash="872379be1" evolution="Same" change="Same">
		<class nclones="2">
			<source file="../../workspace/dataset/test/CuTest.c.ifdefed" startline="185" endline="197" function="CuAssertStrNEquals" hash="534316288814301561"></source>
			<source file="../../workspace/dataset/test/CuTest.c.ifdefed" startline="199" endline="210" function="CuAssertStrEquals" hash="4342592701459015013"></source>
		</class>
	</version>
	<version nr="5050" hash="2c33a3a9e" evolution="Same" change="Consistent">
		<class nclones="2">
			<source file="../../workspace/dataset/test/CuTest.c.ifdefed" startline="185" endline="197" function="CuAssertStrNEquals" hash="6837650249736964969"></source>
			<source file="../../workspace/dataset/test/CuTest.c.ifdefed" startline="199" endline="210" function="CuAssertStrEquals" hash="-8667368172214170727"></source>
		</class>
	</version>
	<version nr="5780" hash="c5fbc8fef" evolution="Same" change="Same">
		<class nclones="2">
			<source file="../../workspace/dataset/test/CuTest.c.ifdefed" startline="185" endline="197" function="CuAssertStrNEquals" hash="6837650249736964969"></source>
			<source file="../../workspace/dataset/test/CuTest.c.ifdefed" startline="199" endline="210" function="CuAssertStrEquals" hash="-8667368172214170727"></source>
		</class>
	</version>
</lineage>
<lineage>
	<version nr="5010" hash="7c8ebfa06" evolution="None" change="None">
		<class nclones="2">
			<source file="../../workspace/dataset/test/testdso.c.ifdefed" startline="122" endline="143" function="test_dso_sym_return_value" hash="-6012380789433054877"></source>
			<source file="../../workspace/dataset/test/testdso.c.ifdefed" startline="198" endline="219" function="test_dso_sym_return_value_non_mod" hash="8436105184555887362"></source>
		</class>
	</version>
	<version nr="5020" hash="25eed5436" evolution="Same" change="Consistent">
		<class nclones="2">
			<source file="../../workspace/dataset/test/testdso.c.ifdefed" startline="122" endline="143" function="test_dso_sym_return_value" hash="3481855386104328554"></source>
			<source file="../../workspace/dataset/test/testdso.c.ifdefed" startline="201" endline="222" function="test_dso_sym_return_value_library" hash="3706400668419219749"></source>
		</class>
	</version>
	<version nr="5030" hash="39d3106cf" evolution="Same" change="Same">
		<class nclones="2">
			<source file="../../workspace/dataset/test/testdso.c.ifdefed" startline="122" endline="143" function="test_dso_sym_return_value" hash="3481855386104328554"></source>
			<source file="../../workspace/dataset/test/testdso.c.ifdefed" startline="201" endline="222" function="test_dso_sym_return_value_library" hash="3706400668419219749"></source>
		</class>
	</version>
</lineage>
<lineage>
	<version nr="5010" hash="7c8ebfa06" evolution="None" change="None">
		<class nclones="2">
			<source file="../../workspace/dataset/test/testdso.c.ifdefed" startline="145" endline="158" function="test_unload_module" hash="8808935728753843900"></source>
			<source file="../../workspace/dataset/test/testdso.c.ifdefed" startline="221" endline="234" function="test_unload_non_module" hash="-6539379390941515413"></source>
		</class>
	</version>
	<version nr="5030" hash="39d3106cf" evolution="Same" change="Consistent">
		<class nclones="2">
			<source file="../../workspace/dataset/test/testdso.c.ifdefed" startline="145" endline="161" function="test_unload_module" hash="5504188104108560869"></source>
			<source file="../../workspace/dataset/test/testdso.c.ifdefed" startline="224" endline="240" function="test_unload_library" hash="-8521568345491516410"></source>
		</class>
	</version>
</lineage>
<lineage>
	<version nr="5020" hash="25eed5436" evolution="None" change="None">
		<class nclones="2">
			<source file="../../workspace/dataset/test/testfile.c.ifdefed" startline="73" endline="87" function="test_open_noreadwrite" hash="-1148197327206234697"></source>
			<source file="../../workspace/dataset/test/testfile.c.ifdefed" startline="105" endline="119" function="test_open_excl" hash="5752517293192091040"></source>
		</class>
	</version>
</lineage>
<lineage>
	<version nr="5570" hash="678ec801d" evolution="None" change="None">
		<class nclones="2">
			<source file="../../workspace/dataset/test/testsockets.c.ifdefed" startline="71" endline="86" function="tcp_socket" hash="-7043414353993491978"></source>
			<source file="../../workspace/dataset/test/testsockets.c.ifdefed" startline="88" endline="103" function="udp_socket" hash="868270987442119710"></source>
		</class>
	</version>
	<version nr="5780" hash="c5fbc8fef" evolution="Same" change="Same">
		<class nclones="2">
			<source file="../../workspace/dataset/test/testsockets.c.ifdefed" startline="71" endline="86" function="tcp_socket" hash="-7043414353993491978"></source>
			<source file="../../workspace/dataset/test/testsockets.c.ifdefed" startline="88" endline="103" function="udp_socket" hash="868270987442119710"></source>
		</class>
	</version>
	<version nr="5790" hash="b8c498a2f" evolution="Same" change="Consistent">
		<class nclones="2">
			<source file="../../workspace/dataset/test/testsockets.c.ifdefed" startline="32" endline="47" function="tcp_socket" hash="5209140574949504036"></source>
			<source file="../../workspace/dataset/test/testsockets.c.ifdefed" startline="49" endline="64" function="udp_socket" hash="-1123336169818904868"></source>
		</class>
	</version>
	<version nr="9060" hash="9155323a5" evolution="Same" change="Same">
		<class nclones="2">
			<source file="../../workspace/dataset/test/testsockets.c.ifdefed" startline="32" endline="47" function="tcp_socket" hash="5209140574949504036"></source>
			<source file="../../workspace/dataset/test/testsockets.c.ifdefed" startline="49" endline="64" function="udp_socket" hash="-1123336169818904868"></source>
		</class>
	</version>
</lineage>
<lineage>
	<version nr="5670" hash="c695558b5" evolution="None" change="None">
		<class nclones="2">
			<source file="../../workspace/dataset/test/testfnmatch.c.ifdefed" startline="26" endline="44" function="test_glob" hash="1190782938827076382"></source>
			<source file="../../workspace/dataset/test/testfnmatch.c.ifdefed" startline="46" endline="66" function="test_glob_currdir" hash="-1694414362947112600"></source>
		</class>
	</version>
	<version nr="5700" hash="6abd93404" evolution="Same" change="Same">
		<class nclones="2">
			<source file="../../workspace/dataset/test/testfnmatch.c.ifdefed" startline="26" endline="44" function="test_glob" hash="1190782938827076382"></source>
			<source file="../../workspace/dataset/test/testfnmatch.c.ifdefed" startline="46" endline="66" function="test_glob_currdir" hash="-1694414362947112600"></source>
		</class>
	</version>
	<version nr="6020" hash="adc86bd9f" evolution="Same" change="Consistent">
		<class nclones="2">
			<source file="../../workspace/dataset/test/testfnmatch.c.ifdefed" startline="27" endline="43" function="test_glob" hash="7393196608234560432"></source>
			<source file="../../workspace/dataset/test/testfnmatch.c.ifdefed" startline="45" endline="64" function="test_glob_currdir" hash="-1147146572036129282"></source>
		</class>
	</version>
	<version nr="6910" hash="ed563bf60" evolution="Same" change="Same">
		<class nclones="2">
			<source file="../../workspace/dataset/test/testfnmatch.c.ifdefed" startline="27" endline="43" function="test_glob" hash="7393196608234560432"></source>
			<source file="../../workspace/dataset/test/testfnmatch.c.ifdefed" startline="45" endline="64" function="test_glob_currdir" hash="-1147146572036129282"></source>
		</class>
	</version>
	<version nr="6920" hash="f1166f90d" evolution="Same" change="Consistent">
		<class nclones="2">
			<source file="../../workspace/dataset/test/testfnmatch.c.ifdefed" startline="28" endline="44" function="test_glob" hash="-4038009823404368972"></source>
			<source file="../../workspace/dataset/test/testfnmatch.c.ifdefed" startline="46" endline="65" function="test_glob_currdir" hash="-602938519460832278"></source>
		</class>
	</version>
	<version nr="9060" hash="9155323a5" evolution="Same" change="Same">
		<class nclones="2">
			<source file="../../workspace/dataset/test/testfnmatch.c.ifdefed" startline="28" endline="44" function="test_glob" hash="-4038009823404368972"></source>
			<source file="../../workspace/dataset/test/testfnmatch.c.ifdefed" startline="46" endline="65" function="test_glob_currdir" hash="-602938519460832278"></source>
		</class>
	</version>
</lineage>
<lineage>
	<version nr="5710" hash="160816ff0" evolution="None" change="None">
		<class nclones="2">
			<source file="../../workspace/dataset/test/testsock.c.ifdefed" startline="106" endline="135" function="test_send" hash="-2253358399452300046"></source>
			<source file="../../workspace/dataset/test/testsock.c.ifdefed" startline="170" endline="199" function="test_timeout" hash="3563498174611534873"></source>
		</class>
	</version>
	<version nr="5720" hash="716952901" evolution="Same" change="Consistent">
		<class nclones="2">
			<source file="../../workspace/dataset/test/testsock.c.ifdefed" startline="104" endline="133" function="test_send" hash="-3931558124410615237"></source>
			<source file="../../workspace/dataset/test/testsock.c.ifdefed" startline="168" endline="197" function="test_timeout" hash="7172871717771949076"></source>
		</class>
	</version>
	<version nr="5780" hash="c5fbc8fef" evolution="Same" change="Same">
		<class nclones="2">
			<source file="../../workspace/dataset/test/testsock.c.ifdefed" startline="104" endline="133" function="test_send" hash="-3931558124410615237"></source>
			<source file="../../workspace/dataset/test/testsock.c.ifdefed" startline="168" endline="197" function="test_timeout" hash="7172871717771949076"></source>
		</class>
	</version>
	<version nr="5790" hash="b8c498a2f" evolution="Same" change="Consistent">
		<class nclones="2">
			<source file="../../workspace/dataset/test/testsock.c.ifdefed" startline="104" endline="133" function="test_send" hash="5649930899681284637"></source>
			<source file="../../workspace/dataset/test/testsock.c.ifdefed" startline="168" endline="197" function="test_timeout" hash="1774226372752470542"></source>
		</class>
	</version>
	<version nr="5830" hash="a17241624" evolution="Same" change="Same">
		<class nclones="2">
			<source file="../../workspace/dataset/test/testsock.c.ifdefed" startline="104" endline="133" function="test_send" hash="5649930899681284637"></source>
			<source file="../../workspace/dataset/test/testsock.c.ifdefed" startline="168" endline="197" function="test_timeout" hash="1774226372752470542"></source>
		</class>
	</version>
	<version nr="5840" hash="a39be6a17" evolution="Same" change="Consistent">
		<class nclones="2">
			<source file="../../workspace/dataset/test/testsock.c.ifdefed" startline="107" endline="137" function="test_send" hash="-241160352287155490"></source>
			<source file="../../workspace/dataset/test/testsock.c.ifdefed" startline="173" endline="203" function="test_timeout" hash="6908721092458500297"></source>
		</class>
	</version>
	<version nr="5850" hash="ce45c3982" evolution="Same" change="Same">
		<class nclones="2">
			<source file="../../workspace/dataset/test/testsock.c.ifdefed" startline="107" endline="137" function="test_send" hash="-241160352287155490"></source>
			<source file="../../workspace/dataset/test/testsock.c.ifdefed" startline="173" endline="203" function="test_timeout" hash="6908721092458500297"></source>
		</class>
	</version>
	<version nr="5860" hash="a12ec7d85" evolution="Same" change="Consistent">
		<class nclones="2">
			<source file="../../workspace/dataset/test/testsock.c.ifdefed" startline="107" endline="137" function="test_send" hash="512500559746399774"></source>
			<source file="../../workspace/dataset/test/testsock.c.ifdefed" startline="173" endline="203" function="test_timeout" hash="2982215534348803529"></source>
		</class>
	</version>
	<version nr="6760" hash="6f414fe79" evolution="Same" change="Same">
		<class nclones="2">
			<source file="../../workspace/dataset/test/testsock.c.ifdefed" startline="107" endline="137" function="test_send" hash="512500559746399774"></source>
			<source file="../../workspace/dataset/test/testsock.c.ifdefed" startline="173" endline="203" function="test_timeout" hash="2982215534348803529"></source>
		</class>
	</version>
	<version nr="6770" hash="9a8c391d5" evolution="Same" change="Inconsistent">
		<class nclones="2">
			<source file="../../workspace/dataset/test/testsock.c.ifdefed" startline="112" endline="142" function="test_send" hash="5208983539901590111"></source>
			<source file="../../workspace/dataset/test/testsock.c.ifdefed" startline="178" endline="208" function="test_timeout" hash="2982215534348803529"></source>
		</class>
	</version>
	<version nr="9060" hash="9155323a5" evolution="Same" change="Same">
		<class nclones="2">
			<source file="../../workspace/dataset/test/testsock.c.ifdefed" startline="112" endline="142" function="test_send" hash="5208983539901590111"></source>
			<source file="../../workspace/dataset/test/testsock.c.ifdefed" startline="178" endline="208" function="test_timeout" hash="2982215534348803529"></source>
		</class>
	</version>
</lineage>
<lineage>
	<version nr="5790" hash="b8c498a2f" evolution="None" change="None">
		<class nclones="8">
			<source file="../../workspace/dataset/test/abts.c.ifdefed" startline="196" endline="208" function="abts_int_equal" hash="-5341104910319663597"></source>
			<source file="../../workspace/dataset/test/abts.c.ifdefed" startline="224" endline="236" function="abts_str_equal" hash="3522349057335554127"></source>
			<source file="../../workspace/dataset/test/abts.c.ifdefed" startline="293" endline="305" function="abts_assert" hash="-4438038820270248332"></source>
			<source file="../../workspace/dataset/test/abts.c.ifdefed" startline="238" endline="251" function="abts_str_nequal" hash="2444497718876872692"></source>
			<source file="../../workspace/dataset/test/abts.c.ifdefed" startline="307" endline="319" function="abts_true" hash="-2076336876576141014"></source>
			<source file="../../workspace/dataset/test/abts.c.ifdefed" startline="253" endline="265" function="abts_ptr_notnull" hash="7303931031418011708"></source>
			<source file="../../workspace/dataset/test/abts.c.ifdefed" startline="210" endline="222" function="abts_int_nequal" hash="4228261861268102295"></source>
			<source file="../../workspace/dataset/test/abts.c.ifdefed" startline="267" endline="279" function="abts_ptr_equal" hash="741343766093654075"></source>
		</class>
	</version>
	<version nr="5800" hash="385651258" evolution="Same" change="Same">
		<class nclones="8">
			<source file="../../workspace/dataset/test/abts.c.ifdefed" startline="196" endline="208" function="abts_int_equal" hash="-5341104910319663597"></source>
			<source file="../../workspace/dataset/test/abts.c.ifdefed" startline="224" endline="236" function="abts_str_equal" hash="3522349057335554127"></source>
			<source file="../../workspace/dataset/test/abts.c.ifdefed" startline="293" endline="305" function="abts_assert" hash="-4438038820270248332"></source>
			<source file="../../workspace/dataset/test/abts.c.ifdefed" startline="238" endline="251" function="abts_str_nequal" hash="2444497718876872692"></source>
			<source file="../../workspace/dataset/test/abts.c.ifdefed" startline="307" endline="319" function="abts_true" hash="-2076336876576141014"></source>
			<source file="../../workspace/dataset/test/abts.c.ifdefed" startline="253" endline="265" function="abts_ptr_notnull" hash="7303931031418011708"></source>
			<source file="../../workspace/dataset/test/abts.c.ifdefed" startline="210" endline="222" function="abts_int_nequal" hash="4228261861268102295"></source>
			<source file="../../workspace/dataset/test/abts.c.ifdefed" startline="267" endline="279" function="abts_ptr_equal" hash="741343766093654075"></source>
		</class>
	</version>
	<version nr="5810" hash="6a44934e3" evolution="Add" change="Inconsistent">
		<class nclones="9">
			<source file="../../workspace/dataset/test/abts.c.ifdefed" startline="199" endline="211" function="abts_int_equal" hash="-5341104910319663597"></source>
			<source file="../../workspace/dataset/test/abts.c.ifdefed" startline="256" endline="268" function="abts_ptr_notnull" hash="-2016102389194700512"></source>
			<source file="../../workspace/dataset/test/abts.c.ifdefed" startline="241" endline="254" function="abts_str_nequal" hash="2444497718876872692"></source>
			<source file="../../workspace/dataset/test/abts.c.ifdefed" startline="270" endline="282" function="abts_ptr_equal" hash="741343766093654075"></source>
			<source file="../../workspace/dataset/test/abts.c.ifdefed" startline="213" endline="225" function="abts_int_nequal" hash="4228261861268102295"></source>
			<source file="../../workspace/dataset/test/abts.c.ifdefed" startline="296" endline="308" function="abts_assert" hash="-4543479405702287344"></source>
			<source file="../../workspace/dataset/test/abts.c.ifdefed" startline="227" endline="239" function="abts_str_equal" hash="3522349057335554127"></source>
			<source file="../../workspace/dataset/test/abts.c.ifdefed" startline="310" endline="322" function="abts_true" hash="4229934403993189638"></source>
			<source file="../../workspace/dataset/test/abts.c.ifdefed" startline="284" endline="294" function="abts_fail" hash="-7425088689637479307"></source>
		</class>
	</version>
	<version nr="5890" hash="9eba3415c" evolution="Same" change="Same">
		<class nclones="9">
			<source file="../../workspace/dataset/test/abts.c.ifdefed" startline="205" endline="217" function="abts_int_equal" hash="-5341104910319663597"></source>
			<source file="../../workspace/dataset/test/abts.c.ifdefed" startline="262" endline="274" function="abts_ptr_notnull" hash="-2016102389194700512"></source>
			<source file="../../workspace/dataset/test/abts.c.ifdefed" startline="219" endline="231" function="abts_int_nequal" hash="4228261861268102295"></source>
			<source file="../../workspace/dataset/test/abts.c.ifdefed" startline="276" endline="288" function="abts_ptr_equal" hash="741343766093654075"></source>
			<source file="../../workspace/dataset/test/abts.c.ifdefed" startline="247" endline="260" function="abts_str_nequal" hash="2444497718876872692"></source>
			<source file="../../workspace/dataset/test/abts.c.ifdefed" startline="302" endline="314" function="abts_assert" hash="-4543479405702287344"></source>
			<source file="../../workspace/dataset/test/abts.c.ifdefed" startline="233" endline="245" function="abts_str_equal" hash="3522349057335554127"></source>
			<source file="../../workspace/dataset/test/abts.c.ifdefed" startline="316" endline="328" function="abts_true" hash="4229934403993189638"></source>
			<source file="../../workspace/dataset/test/abts.c.ifdefed" startline="290" endline="300" function="abts_fail" hash="-7425088689637479307"></source>
		</class>
	</version>
	<version nr="5900" hash="0a53877ce" evolution="Subtract" change="Same">
		<class nclones="8">
			<source file="../../workspace/dataset/test/abts.c.ifdefed" startline="229" endline="241" function="abts_int_equal" hash="-5341104910319663597"></source>
			<source file="../../workspace/dataset/test/abts.c.ifdefed" startline="273" endline="286" function="abts_str_nequal" hash="2444497718876872692"></source>
			<source file="../../workspace/dataset/test/abts.c.ifdefed" startline="302" endline="314" function="abts_ptr_equal" hash="741343766093654075"></source>
			<source file="../../workspace/dataset/test/abts.c.ifdefed" startline="288" endline="300" function="abts_ptr_notnull" hash="-2016102389194700512"></source>
			<source file="../../workspace/dataset/test/abts.c.ifdefed" startline="328" endline="340" function="abts_assert" hash="-4543479405702287344"></source>
			<source file="../../workspace/dataset/test/abts.c.ifdefed" startline="243" endline="255" function="abts_int_nequal" hash="4228261861268102295"></source>
			<source file="../../workspace/dataset/test/abts.c.ifdefed" startline="342" endline="354" function="abts_true" hash="4229934403993189638"></source>
			<source file="../../workspace/dataset/test/abts.c.ifdefed" startline="316" endline="326" function="abts_fail" hash="-7425088689637479307"></source>
		</class>
	</version>
	<version nr="6770" hash="9a8c391d5" evolution="Same" change="Same">
		<class nclones="8">
			<source file="../../workspace/dataset/test/abts.c.ifdefed" startline="229" endline="241" function="abts_int_equal" hash="-5341104910319663597"></source>
			<source file="../../workspace/dataset/test/abts.c.ifdefed" startline="273" endline="286" function="abts_str_nequal" hash="2444497718876872692"></source>
			<source file="../../workspace/dataset/test/abts.c.ifdefed" startline="302" endline="314" function="abts_ptr_equal" hash="741343766093654075"></source>
			<source file="../../workspace/dataset/test/abts.c.ifdefed" startline="288" endline="300" function="abts_ptr_notnull" hash="-2016102389194700512"></source>
			<source file="../../workspace/dataset/test/abts.c.ifdefed" startline="328" endline="340" function="abts_assert" hash="-4543479405702287344"></source>
			<source file="../../workspace/dataset/test/abts.c.ifdefed" startline="243" endline="255" function="abts_int_nequal" hash="4228261861268102295"></source>
			<source file="../../workspace/dataset/test/abts.c.ifdefed" startline="342" endline="354" function="abts_true" hash="4229934403993189638"></source>
			<source file="../../workspace/dataset/test/abts.c.ifdefed" startline="316" endline="326" function="abts_fail" hash="-7425088689637479307"></source>
		</class>
	</version>
	<version nr="6780" hash="3373550db" evolution="Add" change="Same">
		<class nclones="9">
			<source file="../../workspace/dataset/test/abts.c.ifdefed" startline="227" endline="239" function="abts_int_equal" hash="-5341104910319663597"></source>
			<source file="../../workspace/dataset/test/abts.c.ifdefed" startline="287" endline="300" function="abts_str_nequal" hash="2444497718876872692"></source>
			<source file="../../workspace/dataset/test/abts.c.ifdefed" startline="302" endline="314" function="abts_ptr_notnull" hash="-2016102389194700512"></source>
			<source file="../../workspace/dataset/test/abts.c.ifdefed" startline="255" endline="269" function="abts_size_equal" hash="-3470578558601367784"></source>
			<source file="../../workspace/dataset/test/abts.c.ifdefed" startline="316" endline="328" function="abts_ptr_equal" hash="741343766093654075"></source>
			<source file="../../workspace/dataset/test/abts.c.ifdefed" startline="241" endline="253" function="abts_int_nequal" hash="4228261861268102295"></source>
			<source file="../../workspace/dataset/test/abts.c.ifdefed" startline="356" endline="368" function="abts_true" hash="4229934403993189638"></source>
			<source file="../../workspace/dataset/test/abts.c.ifdefed" startline="342" endline="354" function="abts_assert" hash="-4543479405702287344"></source>
			<source file="../../workspace/dataset/test/abts.c.ifdefed" startline="330" endline="340" function="abts_fail" hash="-7425088689637479307"></source>
		</class>
	</version>
	<version nr="7370" hash="84c3754b6" evolution="Same" change="Same">
		<class nclones="9">
			<source file="../../workspace/dataset/test/abts.c.ifdefed" startline="227" endline="239" function="abts_int_equal" hash="-5341104910319663597"></source>
			<source file="../../workspace/dataset/test/abts.c.ifdefed" startline="287" endline="300" function="abts_str_nequal" hash="2444497718876872692"></source>
			<source file="../../workspace/dataset/test/abts.c.ifdefed" startline="302" endline="314" function="abts_ptr_notnull" hash="-2016102389194700512"></source>
			<source file="../../workspace/dataset/test/abts.c.ifdefed" startline="255" endline="269" function="abts_size_equal" hash="-3470578558601367784"></source>
			<source file="../../workspace/dataset/test/abts.c.ifdefed" startline="316" endline="328" function="abts_ptr_equal" hash="741343766093654075"></source>
			<source file="../../workspace/dataset/test/abts.c.ifdefed" startline="241" endline="253" function="abts_int_nequal" hash="4228261861268102295"></source>
			<source file="../../workspace/dataset/test/abts.c.ifdefed" startline="356" endline="368" function="abts_true" hash="4229934403993189638"></source>
			<source file="../../workspace/dataset/test/abts.c.ifdefed" startline="342" endline="354" function="abts_assert" hash="-4543479405702287344"></source>
			<source file="../../workspace/dataset/test/abts.c.ifdefed" startline="330" endline="340" function="abts_fail" hash="-7425088689637479307"></source>
		</class>
	</version>
	<version nr="7380" hash="b8db9a053" evolution="Same" change="Inconsistent">
		<class nclones="9">
			<source file="../../workspace/dataset/test/abts.c.ifdefed" startline="225" endline="237" function="abts_int_equal" hash="-5341104910319663597"></source>
			<source file="../../workspace/dataset/test/abts.c.ifdefed" startline="354" endline="366" function="abts_true" hash="4229934403993189638"></source>
			<source file="../../workspace/dataset/test/abts.c.ifdefed" startline="239" endline="251" function="abts_int_nequal" hash="4228261861268102295"></source>
			<source file="../../workspace/dataset/test/abts.c.ifdefed" startline="340" endline="352" function="abts_assert" hash="-4543479405702287344"></source>
			<source file="../../workspace/dataset/test/abts.c.ifdefed" startline="285" endline="298" function="abts_str_nequal" hash="2444497718876872692"></source>
			<source file="../../workspace/dataset/test/abts.c.ifdefed" startline="314" endline="326" function="abts_ptr_equal" hash="741343766093654075"></source>
			<source file="../../workspace/dataset/test/abts.c.ifdefed" startline="253" endline="267" function="abts_size_equal" hash="-3470578558601367784"></source>
			<source file="../../workspace/dataset/test/abts.c.ifdefed" startline="300" endline="312" function="abts_ptr_notnull" hash="3616401148776933056"></source>
			<source file="../../workspace/dataset/test/abts.c.ifdefed" startline="328" endline="338" function="abts_fail" hash="-7425088689637479307"></source>
		</class>
	</version>
	<version nr="7390" hash="b24fde7f9" evolution="Same" change="Inconsistent">
		<class nclones="9">
			<source file="../../workspace/dataset/test/abts.c.ifdefed" startline="225" endline="237" function="abts_int_equal" hash="-5341104910319663597"></source>
			<source file="../../workspace/dataset/test/abts.c.ifdefed" startline="300" endline="312" function="abts_ptr_notnull" hash="-4910648887764293043"></source>
			<source file="../../workspace/dataset/test/abts.c.ifdefed" startline="285" endline="298" function="abts_str_nequal" hash="2444497718876872692"></source>
			<source file="../../workspace/dataset/test/abts.c.ifdefed" startline="340" endline="352" function="abts_assert" hash="-4543479405702287344"></source>
			<source file="../../workspace/dataset/test/abts.c.ifdefed" startline="354" endline="366" function="abts_true" hash="4229934403993189638"></source>
			<source file="../../workspace/dataset/test/abts.c.ifdefed" startline="314" endline="326" function="abts_ptr_equal" hash="741343766093654075"></source>
			<source file="../../workspace/dataset/test/abts.c.ifdefed" startline="239" endline="251" function="abts_int_nequal" hash="4228261861268102295"></source>
			<source file="../../workspace/dataset/test/abts.c.ifdefed" startline="253" endline="267" function="abts_size_equal" hash="-3470578558601367784"></source>
			<source file="../../workspace/dataset/test/abts.c.ifdefed" startline="328" endline="338" function="abts_fail" hash="-7425088689637479307"></source>
		</class>
	</version>
	<version nr="8170" hash="16b2c9eea" evolution="Same" change="Same">
		<class nclones="9">
			<source file="../../workspace/dataset/test/abts.c.ifdefed" startline="225" endline="237" function="abts_int_equal" hash="-5341104910319663597"></source>
			<source file="../../workspace/dataset/test/abts.c.ifdefed" startline="340" endline="352" function="abts_assert" hash="-4543479405702287344"></source>
			<source file="../../workspace/dataset/test/abts.c.ifdefed" startline="354" endline="366" function="abts_true" hash="4229934403993189638"></source>
			<source file="../../workspace/dataset/test/abts.c.ifdefed" startline="300" endline="312" function="abts_ptr_notnull" hash="-4910648887764293043"></source>
			<source file="../../workspace/dataset/test/abts.c.ifdefed" startline="253" endline="267" function="abts_size_equal" hash="-3470578558601367784"></source>
			<source file="../../workspace/dataset/test/abts.c.ifdefed" startline="314" endline="326" function="abts_ptr_equal" hash="741343766093654075"></source>
			<source file="../../workspace/dataset/test/abts.c.ifdefed" startline="239" endline="251" function="abts_int_nequal" hash="4228261861268102295"></source>
			<source file="../../workspace/dataset/test/abts.c.ifdefed" startline="285" endline="298" function="abts_str_nequal" hash="2444497718876872692"></source>
			<source file="../../workspace/dataset/test/abts.c.ifdefed" startline="328" endline="338" function="abts_fail" hash="-7425088689637479307"></source>
		</class>
	</version>
	<version nr="8180" hash="28b036464" evolution="Same" change="Inconsistent">
		<class nclones="9">
			<source file="../../workspace/dataset/test/abts.c.ifdefed" startline="228" endline="240" function="abts_int_equal" hash="-5341104910319663597"></source>
			<source file="../../workspace/dataset/test/abts.c.ifdefed" startline="305" endline="317" function="abts_ptr_notnull" hash="-4910648887764293043"></source>
			<source file="../../workspace/dataset/test/abts.c.ifdefed" startline="289" endline="303" function="abts_str_nequal" hash="-8176513644028396631"></source>
			<source file="../../workspace/dataset/test/abts.c.ifdefed" startline="257" endline="271" function="abts_size_equal" hash="-3470578558601367784"></source>
			<source file="../../workspace/dataset/test/abts.c.ifdefed" startline="242" endline="255" function="abts_int_nequal" hash="505591425191610174"></source>
			<source file="../../workspace/dataset/test/abts.c.ifdefed" startline="319" endline="331" function="abts_ptr_equal" hash="741343766093654075"></source>
			<source file="../../workspace/dataset/test/abts.c.ifdefed" startline="359" endline="371" function="abts_true" hash="4229934403993189638"></source>
			<source file="../../workspace/dataset/test/abts.c.ifdefed" startline="345" endline="357" function="abts_assert" hash="-4543479405702287344"></source>
			<source file="../../workspace/dataset/test/abts.c.ifdefed" startline="333" endline="343" function="abts_fail" hash="-7425088689637479307"></source>
		</class>
	</version>
	<version nr="9060" hash="9155323a5" evolution="Same" change="Same">
		<class nclones="9">
			<source file="../../workspace/dataset/test/abts.c.ifdefed" startline="228" endline="240" function="abts_int_equal" hash="-5341104910319663597"></source>
			<source file="../../workspace/dataset/test/abts.c.ifdefed" startline="305" endline="317" function="abts_ptr_notnull" hash="-4910648887764293043"></source>
			<source file="../../workspace/dataset/test/abts.c.ifdefed" startline="359" endline="371" function="abts_true" hash="4229934403993189638"></source>
			<source file="../../workspace/dataset/test/abts.c.ifdefed" startline="289" endline="303" function="abts_str_nequal" hash="-8176513644028396631"></source>
			<source file="../../workspace/dataset/test/abts.c.ifdefed" startline="345" endline="357" function="abts_assert" hash="-4543479405702287344"></source>
			<source file="../../workspace/dataset/test/abts.c.ifdefed" startline="319" endline="331" function="abts_ptr_equal" hash="741343766093654075"></source>
			<source file="../../workspace/dataset/test/abts.c.ifdefed" startline="242" endline="255" function="abts_int_nequal" hash="505591425191610174"></source>
			<source file="../../workspace/dataset/test/abts.c.ifdefed" startline="257" endline="271" function="abts_size_equal" hash="-3470578558601367784"></source>
			<source file="../../workspace/dataset/test/abts.c.ifdefed" startline="333" endline="343" function="abts_fail" hash="-7425088689637479307"></source>
		</class>
	</version>
</lineage>
<lineage>
	<version nr="5840" hash="a39be6a17" evolution="None" change="None">
		<class nclones="2">
			<source file="../../workspace/dataset/test/testglobalmutex.c.ifdefed" startline="23" endline="46" function="launch_child" hash="-8571387689924410882"></source>
			<source file="../../workspace/dataset/test/testsock.c.ifdefed" startline="25" endline="47" function="launch_child" hash="7616372563156651301"></source>
		</class>
	</version>
	<version nr="5850" hash="ce45c3982" evolution="Same" change="Same">
		<class nclones="2">
			<source file="../../workspace/dataset/test/testglobalmutex.c.ifdefed" startline="23" endline="46" function="launch_child" hash="-8571387689924410882"></source>
			<source file="../../workspace/dataset/test/testsock.c.ifdefed" startline="25" endline="47" function="launch_child" hash="7616372563156651301"></source>
		</class>
	</version>
	<version nr="5860" hash="a12ec7d85" evolution="Same" change="Consistent">
		<class nclones="2">
			<source file="../../workspace/dataset/test/testglobalmutex.c.ifdefed" startline="23" endline="46" function="launch_child" hash="-3427946135756717826"></source>
			<source file="../../workspace/dataset/test/testsock.c.ifdefed" startline="25" endline="47" function="launch_child" hash="-1445113973706433243"></source>
		</class>
	</version>
	<version nr="6760" hash="6f414fe79" evolution="Same" change="Same">
		<class nclones="2">
			<source file="../../workspace/dataset/test/testglobalmutex.c.ifdefed" startline="23" endline="46" function="launch_child" hash="-3427946135756717826"></source>
			<source file="../../workspace/dataset/test/testsock.c.ifdefed" startline="25" endline="47" function="launch_child" hash="-1445113973706433243"></source>
		</class>
	</version>
	<version nr="6770" hash="9a8c391d5" evolution="Same" change="Consistent">
		<class nclones="2">
			<source file="../../workspace/dataset/test/testglobalmutex.c.ifdefed" startline="24" endline="47" function="launch_child" hash="-9123780103288051859"></source>
			<source file="../../workspace/dataset/test/testsock.c.ifdefed" startline="27" endline="49" function="launch_child" hash="4612557366143257892"></source>
		</class>
	</version>
	<version nr="7100" hash="c808f038a" evolution="Same" change="Same">
		<class nclones="2">
			<source file="../../workspace/dataset/test/testglobalmutex.c.ifdefed" startline="24" endline="47" function="launch_child" hash="-9123780103288051859"></source>
			<source file="../../workspace/dataset/test/testsock.c.ifdefed" startline="27" endline="49" function="launch_child" hash="4612557366143257892"></source>
		</class>
	</version>
</lineage>
<lineage>
	<version nr="6610" hash="06d80526b" evolution="None" change="None">
		<class nclones="2">
			<source file="../../workspace/dataset/test/testfile.c.ifdefed" startline="396" endline="416" function="test_gets" hash="-3936831659548208228"></source>
			<source file="../../workspace/dataset/test/testfile.c.ifdefed" startline="418" endline="439" function="test_gets_buffered" hash="9067285252098386674"></source>
		</class>
	</version>
	<version nr="7500" hash="f2e461d55" evolution="Same" change="Same">
		<class nclones="2">
			<source file="../../workspace/dataset/test/testfile.c.ifdefed" startline="396" endline="416" function="test_gets" hash="-3936831659548208228"></source>
			<source file="../../workspace/dataset/test/testfile.c.ifdefed" startline="418" endline="439" function="test_gets_buffered" hash="9067285252098386674"></source>
		</class>
	</version>
	<version nr="7510" hash="27f3b0de2" evolution="Same" change="Consistent">
		<class nclones="2">
			<source file="../../workspace/dataset/test/testfile.c.ifdefed" startline="414" endline="434" function="test_gets" hash="-7488363544937548441"></source>
			<source file="../../workspace/dataset/test/testfile.c.ifdefed" startline="436" endline="457" function="test_gets_buffered" hash="5669516829438109545"></source>
		</class>
	</version>
	<version nr="8460" hash="183e2a12e" evolution="Same" change="Same">
		<class nclones="2">
			<source file="../../workspace/dataset/test/testfile.c.ifdefed" startline="414" endline="434" function="test_gets" hash="-7488363544937548441"></source>
			<source file="../../workspace/dataset/test/testfile.c.ifdefed" startline="436" endline="457" function="test_gets_buffered" hash="5669516829438109545"></source>
		</class>
	</version>
	<version nr="8470" hash="84f3ecfc5" evolution="Same" change="Consistent">
		<class nclones="2">
			<source file="../../workspace/dataset/test/testfile.c.ifdefed" startline="414" endline="438" function="test_gets" hash="-8876914664604006267"></source>
			<source file="../../workspace/dataset/test/testfile.c.ifdefed" startline="440" endline="465" function="test_gets_buffered" hash="164263335141228583"></source>
		</class>
	</version>
	<version nr="9060" hash="9155323a5" evolution="Same" change="Same">
		<class nclones="2">
			<source file="../../workspace/dataset/test/testfile.c.ifdefed" startline="414" endline="438" function="test_gets" hash="-8876914664604006267"></source>
			<source file="../../workspace/dataset/test/testfile.c.ifdefed" startline="440" endline="465" function="test_gets_buffered" hash="164263335141228583"></source>
		</class>
	</version>
</lineage>
<lineage>
	<version nr="7200" hash="ffce91157" evolution="None" change="None">
		<class nclones="2">
			<source file="../../workspace/dataset/test/testxml.c.ifdefed" startline="23" endline="56" function="create_dummy_file_error" hash="-5310776988553914913"></source>
			<source file="../../workspace/dataset/test/testxml.c.ifdefed" startline="58" endline="89" function="create_dummy_file" hash="-112079455869723506"></source>
		</class>
	</version>
	<version nr="7240" hash="df71d1582" evolution="Same" change="Same">
		<class nclones="2">
			<source file="../../workspace/dataset/test/testxml.c.ifdefed" startline="23" endline="56" function="create_dummy_file_error" hash="-5310776988553914913"></source>
			<source file="../../workspace/dataset/test/testxml.c.ifdefed" startline="58" endline="89" function="create_dummy_file" hash="-112079455869723506"></source>
		</class>
	</version>
	<version nr="7250" hash="5f46347ac" evolution="Same" change="Consistent">
		<class nclones="2">
			<source file="../../workspace/dataset/test/testxml.c.ifdefed" startline="23" endline="55" function="create_dummy_file_error" hash="-4251110935859593845"></source>
			<source file="../../workspace/dataset/test/testxml.c.ifdefed" startline="57" endline="88" function="create_dummy_file" hash="6218071662535618043"></source>
		</class>
	</version>
	<version nr="7500" hash="f2e461d55" evolution="Same" change="Same">
		<class nclones="2">
			<source file="../../workspace/dataset/test/testxml.c.ifdefed" startline="23" endline="55" function="create_dummy_file_error" hash="-4251110935859593845"></source>
			<source file="../../workspace/dataset/test/testxml.c.ifdefed" startline="57" endline="88" function="create_dummy_file" hash="6218071662535618043"></source>
		</class>
	</version>
	<version nr="7510" hash="27f3b0de2" evolution="Same" change="Consistent">
		<class nclones="2">
			<source file="../../workspace/dataset/test/testxml.c.ifdefed" startline="23" endline="55" function="create_dummy_file_error" hash="815452818712677765"></source>
			<source file="../../workspace/dataset/test/testxml.c.ifdefed" startline="57" endline="88" function="create_dummy_file" hash="-3284750708473324255"></source>
		</class>
	</version>
	<version nr="9060" hash="9155323a5" evolution="Same" change="Same">
		<class nclones="2">
			<source file="../../workspace/dataset/test/testxml.c.ifdefed" startline="23" endline="55" function="create_dummy_file_error" hash="815452818712677765"></source>
			<source file="../../workspace/dataset/test/testxml.c.ifdefed" startline="57" endline="88" function="create_dummy_file" hash="-3284750708473324255"></source>
		</class>
	</version>
</lineage>
<lineage>
	<version nr="7200" hash="ffce91157" evolution="None" change="None">
		<class nclones="2">
			<source file="../../workspace/dataset/test/testmemcache.c.ifdefed" startline="416" endline="480" function="test_memcache_multiget" hash="4004110058741673469"></source>
			<source file="../../workspace/dataset/test/testmemcache.c.ifdefed" startline="484" endline="537" function="test_memcache_setget" hash="-3444548068376227731"></source>
		</class>
	</version>
	<version nr="7410" hash="5d1c82eae" evolution="Same" change="Same">
		<class nclones="2">
			<source file="../../workspace/dataset/test/testmemcache.c.ifdefed" startline="416" endline="480" function="test_memcache_multiget" hash="4004110058741673469"></source>
			<source file="../../workspace/dataset/test/testmemcache.c.ifdefed" startline="484" endline="537" function="test_memcache_setget" hash="-3444548068376227731"></source>
		</class>
	</version>
	<version nr="7420" hash="4c0debc26" evolution="Same" change="Inconsistent">
		<class nclones="2">
			<source file="../../workspace/dataset/test/testmemcache.c.ifdefed" startline="416" endline="480" function="test_memcache_multiget" hash="-1868853233164862588"></source>
			<source file="../../workspace/dataset/test/testmemcache.c.ifdefed" startline="484" endline="537" function="test_memcache_setget" hash="-3444548068376227731"></source>
		</class>
	</version>
	<version nr="7780" hash="ae047acf9" evolution="Same" change="Same">
		<class nclones="2">
			<source file="../../workspace/dataset/test/testmemcache.c.ifdefed" startline="416" endline="480" function="test_memcache_multiget" hash="-1868853233164862588"></source>
			<source file="../../workspace/dataset/test/testmemcache.c.ifdefed" startline="484" endline="537" function="test_memcache_setget" hash="-3444548068376227731"></source>
		</class>
	</version>
	<version nr="7790" hash="0463ea385" evolution="Same" change="Consistent">
		<class nclones="2">
			<source file="../../workspace/dataset/test/testmemcache.c.ifdefed" startline="416" endline="480" function="test_memcache_multiget" hash="2196392508455619082"></source>
			<source file="../../workspace/dataset/test/testmemcache.c.ifdefed" startline="484" endline="537" function="test_memcache_setget" hash="8103194078915817843"></source>
		</class>
	</version>
	<version nr="7980" hash="706bc4407" evolution="Same" change="Same">
		<class nclones="2">
			<source file="../../workspace/dataset/test/testmemcache.c.ifdefed" startline="416" endline="480" function="test_memcache_multiget" hash="2196392508455619082"></source>
			<source file="../../workspace/dataset/test/testmemcache.c.ifdefed" startline="484" endline="537" function="test_memcache_setget" hash="8103194078915817843"></source>
		</class>
	</version>
	<version nr="7990" hash="ed80ace5a" evolution="Same" change="Consistent">
		<class nclones="2">
			<source file="../../workspace/dataset/test/testmemcache.c.ifdefed" startline="417" endline="481" function="test_memcache_multiget" hash="-4376792462001055181"></source>
			<source file="../../workspace/dataset/test/testmemcache.c.ifdefed" startline="485" endline="537" function="test_memcache_setget" hash="-5750259559565557856"></source>
		</class>
	</version>
	<version nr="8430" hash="3afe340a6" evolution="Same" change="Same">
		<class nclones="2">
			<source file="../../workspace/dataset/test/testmemcache.c.ifdefed" startline="417" endline="481" function="test_memcache_multiget" hash="-4376792462001055181"></source>
			<source file="../../workspace/dataset/test/testmemcache.c.ifdefed" startline="485" endline="537" function="test_memcache_setget" hash="-5750259559565557856"></source>
		</class>
	</version>
	<version nr="8440" hash="7db085036" evolution="Add" change="Same">
		<class nclones="4">
			<source file="../../workspace/dataset/test/testredis.c.ifdefed" startline="353" endline="405" function="test_redis_setget" hash="-5637628873322013954"></source>
			<source file="../../workspace/dataset/test/testredis.c.ifdefed" startline="409" endline="463" function="test_redis_setexget" hash="-5069110588510056720"></source>
			<source file="../../workspace/dataset/test/testmemcache.c.ifdefed" startline="485" endline="537" function="test_memcache_setget" hash="-5750259559565557856"></source>
			<source file="../../workspace/dataset/test/testmemcache.c.ifdefed" startline="417" endline="481" function="test_memcache_multiget" hash="-4376792462001055181"></source>
		</class>
	</version>
	<version nr="8630" hash="a4a76a688" evolution="Same" change="Same">
		<class nclones="4">
			<source file="../../workspace/dataset/test/testredis.c.ifdefed" startline="353" endline="405" function="test_redis_setget" hash="-5637628873322013954"></source>
			<source file="../../workspace/dataset/test/testredis.c.ifdefed" startline="409" endline="463" function="test_redis_setexget" hash="-5069110588510056720"></source>
			<source file="../../workspace/dataset/test/testmemcache.c.ifdefed" startline="485" endline="537" function="test_memcache_setget" hash="-5750259559565557856"></source>
			<source file="../../workspace/dataset/test/testmemcache.c.ifdefed" startline="417" endline="481" function="test_memcache_multiget" hash="-4376792462001055181"></source>
		</class>
	</version>
	<version nr="8640" hash="e6e73e86a" evolution="Same" change="Inconsistent">
		<class nclones="4">
			<source file="../../workspace/dataset/test/testredis.c.ifdefed" startline="353" endline="405" function="test_redis_setget" hash="-5637628873322013954"></source>
			<source file="../../workspace/dataset/test/testmemcache.c.ifdefed" startline="485" endline="537" function="test_memcache_setget" hash="-5750259559565557856"></source>
			<source file="../../workspace/dataset/test/testredis.c.ifdefed" startline="409" endline="463" function="test_redis_setexget" hash="-5069110588510056720"></source>
			<source file="../../workspace/dataset/test/testmemcache.c.ifdefed" startline="417" endline="481" function="test_memcache_multiget" hash="-4864177342913330497"></source>
		</class>
	</version>
	<version nr="9060" hash="9155323a5" evolution="Same" change="Same">
		<class nclones="4">
			<source file="../../workspace/dataset/test/testredis.c.ifdefed" startline="353" endline="405" function="test_redis_setget" hash="-5637628873322013954"></source>
			<source file="../../workspace/dataset/test/testmemcache.c.ifdefed" startline="485" endline="537" function="test_memcache_setget" hash="-5750259559565557856"></source>
			<source file="../../workspace/dataset/test/testredis.c.ifdefed" startline="409" endline="463" function="test_redis_setexget" hash="-5069110588510056720"></source>
			<source file="../../workspace/dataset/test/testmemcache.c.ifdefed" startline="417" endline="481" function="test_memcache_multiget" hash="-4864177342913330497"></source>
		</class>
	</version>
</lineage>
<lineage>
	<version nr="8440" hash="7db085036" evolution="None" change="None">
		<class nclones="2">
			<source file="../../workspace/dataset/test/testredis.c.ifdefed" startline="89" endline="107" function="*my_server_func" hash="7505468534353620734"></source>
			<source file="../../workspace/dataset/test/testmemcache.c.ifdefed" startline="89" endline="107" function="*my_server_func" hash="-6741107528070228430"></source>
		</class>
	</version>
	<version nr="9060" hash="9155323a5" evolution="Same" change="Same">
		<class nclones="2">
			<source file="../../workspace/dataset/test/testredis.c.ifdefed" startline="89" endline="107" function="*my_server_func" hash="7505468534353620734"></source>
			<source file="../../workspace/dataset/test/testmemcache.c.ifdefed" startline="89" endline="107" function="*my_server_func" hash="-6741107528070228430"></source>
		</class>
	</version>
</lineage>
<lineage>
	<version nr="8440" hash="7db085036" evolution="None" change="None">
		<class nclones="2">
			<source file="../../workspace/dataset/test/testredis.c.ifdefed" startline="110" endline="124" function="randval" hash="-5585583470349346785"></source>
			<source file="../../workspace/dataset/test/testmemcache.c.ifdefed" startline="110" endline="124" function="randval" hash="8717000996441708001"></source>
		</class>
	</version>
	<version nr="9060" hash="9155323a5" evolution="Same" change="Same">
		<class nclones="2">
			<source file="../../workspace/dataset/test/testredis.c.ifdefed" startline="110" endline="124" function="randval" hash="-5585583470349346785"></source>
			<source file="../../workspace/dataset/test/testmemcache.c.ifdefed" startline="110" endline="124" function="randval" hash="8717000996441708001"></source>
		</class>
	</version>
</lineage>
<lineage>
	<version nr="8440" hash="7db085036" evolution="None" change="None">
		<class nclones="2">
			<source file="../../workspace/dataset/test/testredis.c.ifdefed" startline="181" endline="195" function="create_test_hash" hash="-2096955937818162133"></source>
			<source file="../../workspace/dataset/test/testmemcache.c.ifdefed" startline="181" endline="195" function="create_test_hash" hash="-2096955937818162133"></source>
		</class>
	</version>
	<version nr="9060" hash="9155323a5" evolution="Same" change="Same">
		<class nclones="2">
			<source file="../../workspace/dataset/test/testredis.c.ifdefed" startline="181" endline="195" function="create_test_hash" hash="-2096955937818162133"></source>
			<source file="../../workspace/dataset/test/testmemcache.c.ifdefed" startline="181" endline="195" function="create_test_hash" hash="-2096955937818162133"></source>
		</class>
	</version>
</lineage>
<lineage>
	<version nr="8440" hash="7db085036" evolution="None" change="None">
		<class nclones="2">
			<source file="../../workspace/dataset/test/testredis.c.ifdefed" startline="468" endline="526" function="check_redis" hash="1324836704347909923"></source>
			<source file="../../workspace/dataset/test/testmemcache.c.ifdefed" startline="542" endline="601" function="check_mc" hash="686798438805815353"></source>
		</class>
	</version>
	<version nr="9060" hash="9155323a5" evolution="Same" change="Same">
		<class nclones="2">
			<source file="../../workspace/dataset/test/testredis.c.ifdefed" startline="468" endline="526" function="check_redis" hash="1324836704347909923"></source>
			<source file="../../workspace/dataset/test/testmemcache.c.ifdefed" startline="542" endline="601" function="check_mc" hash="686798438805815353"></source>
		</class>
	</version>
</lineage>
<lineage>
	<version nr="8480" hash="e20d3d3a2" evolution="None" change="None">
		<class nclones="2">
			<source file="../../workspace/dataset/test/testfile.c.ifdefed" startline="1029" endline="1074" function="test_file_trunc" hash="1022832726739522546"></source>
			<source file="../../workspace/dataset/test/testfile.c.ifdefed" startline="1076" endline="1121" function="test_file_trunc_buffered_write" hash="5239186169625592766"></source>
		</class>
	</version>
	<version nr="9060" hash="9155323a5" evolution="Same" change="Same">
		<class nclones="2">
			<source file="../../workspace/dataset/test/testfile.c.ifdefed" startline="1029" endline="1074" function="test_file_trunc" hash="1022832726739522546"></source>
			<source file="../../workspace/dataset/test/testfile.c.ifdefed" startline="1076" endline="1121" function="test_file_trunc_buffered_write" hash="5239186169625592766"></source>
		</class>
	</version>
</lineage>
<lineage>
	<version nr="8530" hash="ccd0175b8" evolution="None" change="None">
		<class nclones="4">
			<source file="../../workspace/dataset/test/testfile.c.ifdefed" startline="1451" endline="1490" function="test_large_write_buffered" hash="-8067960557560528994"></source>
			<source file="../../workspace/dataset/test/testfile.c.ifdefed" startline="1586" endline="1631" function="test_write_buffered_spanning_over_bufsize" hash="2368384780135031136"></source>
			<source file="../../workspace/dataset/test/testfile.c.ifdefed" startline="1492" endline="1537" function="test_two_large_writes_buffered" hash="-643099408689184943"></source>
			<source file="../../workspace/dataset/test/testfile.c.ifdefed" startline="1539" endline="1584" function="test_small_and_large_writes_buffered" hash="-5873316145062082095"></source>
		</class>
	</version>
	<version nr="9060" hash="9155323a5" evolution="Same" change="Same">
		<class nclones="4">
			<source file="../../workspace/dataset/test/testfile.c.ifdefed" startline="1451" endline="1490" function="test_large_write_buffered" hash="-8067960557560528994"></source>
			<source file="../../workspace/dataset/test/testfile.c.ifdefed" startline="1586" endline="1631" function="test_write_buffered_spanning_over_bufsize" hash="2368384780135031136"></source>
			<source file="../../workspace/dataset/test/testfile.c.ifdefed" startline="1492" endline="1537" function="test_two_large_writes_buffered" hash="-643099408689184943"></source>
			<source file="../../workspace/dataset/test/testfile.c.ifdefed" startline="1539" endline="1584" function="test_small_and_large_writes_buffered" hash="-5873316145062082095"></source>
		</class>
	</version>
</lineage>
<lineage>
	<version nr="8590" hash="4b8350226" evolution="None" change="None">
		<class nclones="4">
			<source file="../../workspace/dataset/test/testfile.c.ifdefed" startline="1878" endline="1924" function="test_large_read_buffered" hash="-467856132277131201"></source>
			<source file="../../workspace/dataset/test/testfile.c.ifdefed" startline="2040" endline="2095" function="test_read_buffered_spanning_over_bufsize" hash="3785833308906224126"></source>
			<source file="../../workspace/dataset/test/testfile.c.ifdefed" startline="1983" endline="2038" function="test_small_and_large_reads_buffered" hash="7661764906642479784"></source>
			<source file="../../workspace/dataset/test/testfile.c.ifdefed" startline="1926" endline="1981" function="test_two_large_reads_buffered" hash="-8820985685747991283"></source>
		</class>
	</version>
	<version nr="9060" hash="9155323a5" evolution="Same" change="Same">
		<class nclones="4">
			<source file="../../workspace/dataset/test/testfile.c.ifdefed" startline="1878" endline="1924" function="test_large_read_buffered" hash="-467856132277131201"></source>
			<source file="../../workspace/dataset/test/testfile.c.ifdefed" startline="2040" endline="2095" function="test_read_buffered_spanning_over_bufsize" hash="3785833308906224126"></source>
			<source file="../../workspace/dataset/test/testfile.c.ifdefed" startline="1983" endline="2038" function="test_small_and_large_reads_buffered" hash="7661764906642479784"></source>
			<source file="../../workspace/dataset/test/testfile.c.ifdefed" startline="1926" endline="1981" function="test_two_large_reads_buffered" hash="-8820985685747991283"></source>
		</class>
	</version>
</lineage>
<lineage>
	<version nr="8680" hash="ee50e50e7" evolution="None" change="None">
		<class nclones="2">
			<source file="../../workspace/dataset/test/testjose.c.ifdefed" startline="27" endline="138" function="sign_cb" hash="3528758754758842459"></source>
			<source file="../../workspace/dataset/test/testjose.c.ifdefed" startline="140" endline="256" function="verify_cb" hash="-7655640069769232038"></source>
		</class>
	</version>
	<version nr="9060" hash="9155323a5" evolution="Same" change="Same">
		<class nclones="2">
			<source file="../../workspace/dataset/test/testjose.c.ifdefed" startline="27" endline="138" function="sign_cb" hash="3528758754758842459"></source>
			<source file="../../workspace/dataset/test/testjose.c.ifdefed" startline="140" endline="256" function="verify_cb" hash="-7655640069769232038"></source>
		</class>
	</version>
</lineage>
<lineage>
	<version nr="8680" hash="ee50e50e7" evolution="None" change="None">
		<class nclones="3">
			<source file="../../workspace/dataset/test/testjose.c.ifdefed" startline="598" endline="643" function="test_jose_encode_jws_compact_unsecured" hash="-8241664873714463229"></source>
			<source file="../../workspace/dataset/test/testjose.c.ifdefed" startline="648" endline="697" function="test_jose_encode_jws_compact_hs256" hash="-2850582934740215150"></source>
			<source file="../../workspace/dataset/test/testjose.c.ifdefed" startline="789" endline="845" function="test_jose_encode_jws_json_flattened" hash="3698153833705092671"></source>
		</class>
	</version>
	<version nr="8690" hash="565c30d8f" evolution="Same" change="Consistent">
		<class nclones="3">
			<source file="../../workspace/dataset/test/testjose.c.ifdefed" startline="598" endline="643" function="test_jose_encode_jws_compact_unsecured" hash="8396444409170069385"></source>
			<source file="../../workspace/dataset/test/testjose.c.ifdefed" startline="648" endline="697" function="test_jose_encode_jws_compact_hs256" hash="1758990350721684056"></source>
			<source file="../../workspace/dataset/test/testjose.c.ifdefed" startline="789" endline="845" function="test_jose_encode_jws_json_flattened" hash="-6364184707091183942"></source>
		</class>
	</version>
	<version nr="9060" hash="9155323a5" evolution="Same" change="Same">
		<class nclones="3">
			<source file="../../workspace/dataset/test/testjose.c.ifdefed" startline="598" endline="643" function="test_jose_encode_jws_compact_unsecured" hash="8396444409170069385"></source>
			<source file="../../workspace/dataset/test/testjose.c.ifdefed" startline="648" endline="697" function="test_jose_encode_jws_compact_hs256" hash="1758990350721684056"></source>
			<source file="../../workspace/dataset/test/testjose.c.ifdefed" startline="789" endline="845" function="test_jose_encode_jws_json_flattened" hash="-6364184707091183942"></source>
		</class>
	</version>
</lineage>
<lineage>
	<version nr="8680" hash="ee50e50e7" evolution="None" change="None">
		<class nclones="2">
			<source file="../../workspace/dataset/test/testjose.c.ifdefed" startline="1079" endline="1115" function="test_jose_decode_jws_compact_unsecured" hash="5849506008319191724"></source>
			<source file="../../workspace/dataset/test/testjose.c.ifdefed" startline="1120" endline="1157" function="test_jose_decode_jws_compact_hs256" hash="-3058088618264117693"></source>
		</class>
	</version>
	<version nr="8690" hash="565c30d8f" evolution="Same" change="Consistent">
		<class nclones="2">
			<source file="../../workspace/dataset/test/testjose.c.ifdefed" startline="1076" endline="1112" function="test_jose_decode_jws_compact_unsecured" hash="3764922390992733485"></source>
			<source file="../../workspace/dataset/test/testjose.c.ifdefed" startline="1117" endline="1154" function="test_jose_decode_jws_compact_hs256" hash="-408163011758127503"></source>
		</class>
	</version>
	<version nr="9060" hash="9155323a5" evolution="Same" change="Same">
		<class nclones="2">
			<source file="../../workspace/dataset/test/testjose.c.ifdefed" startline="1076" endline="1112" function="test_jose_decode_jws_compact_unsecured" hash="3764922390992733485"></source>
			<source file="../../workspace/dataset/test/testjose.c.ifdefed" startline="1117" endline="1154" function="test_jose_decode_jws_compact_hs256" hash="-408163011758127503"></source>
		</class>
	</version>
</lineage>
<lineage>
	<version nr="8680" hash="ee50e50e7" evolution="None" change="None">
		<class nclones="5">
			<source file="../../workspace/dataset/test/testjose.c.ifdefed" startline="1162" endline="1214" function="test_jose_decode_jws_json_general" hash="3860562081476765233"></source>
			<source file="../../workspace/dataset/test/testjose.c.ifdefed" startline="1219" endline="1255" function="test_jose_decode_jws_json_flattened" hash="2602966968595488105"></source>
			<source file="../../workspace/dataset/test/testjose.c.ifdefed" startline="1260" endline="1296" function="test_jose_decode_jwe_compact_rsaes_oaep_aes_gcm" hash="-7077053358929767423"></source>
			<source file="../../workspace/dataset/test/testjose.c.ifdefed" startline="1358" endline="1400" function="test_jose_decode_jwe_json_flattened" hash="-7747684748784397717"></source>
			<source file="../../workspace/dataset/test/testjose.c.ifdefed" startline="1301" endline="1353" function="test_jose_decode_jwe_json_general" hash="-8884800346342993626"></source>
		</class>
	</version>
	<version nr="8690" hash="565c30d8f" evolution="Same" change="Consistent">
		<class nclones="5">
			<source file="../../workspace/dataset/test/testjose.c.ifdefed" startline="1159" endline="1211" function="test_jose_decode_jws_json_general" hash="8015918031569143154"></source>
			<source file="../../workspace/dataset/test/testjose.c.ifdefed" startline="1257" endline="1293" function="test_jose_decode_jwe_compact_rsaes_oaep_aes_gcm" hash="17363821382872718"></source>
			<source file="../../workspace/dataset/test/testjose.c.ifdefed" startline="1298" endline="1350" function="test_jose_decode_jwe_json_general" hash="2906951655358751848"></source>
			<source file="../../workspace/dataset/test/testjose.c.ifdefed" startline="1355" endline="1397" function="test_jose_decode_jwe_json_flattened" hash="4342748143403994930"></source>
			<source file="../../workspace/dataset/test/testjose.c.ifdefed" startline="1216" endline="1252" function="test_jose_decode_jws_json_flattened" hash="-1690574219081012165"></source>
		</class>
	</version>
	<version nr="9060" hash="9155323a5" evolution="Same" change="Same">
		<class nclones="5">
			<source file="../../workspace/dataset/test/testjose.c.ifdefed" startline="1159" endline="1211" function="test_jose_decode_jws_json_general" hash="8015918031569143154"></source>
			<source file="../../workspace/dataset/test/testjose.c.ifdefed" startline="1355" endline="1397" function="test_jose_decode_jwe_json_flattened" hash="4342748143403994930"></source>
			<source file="../../workspace/dataset/test/testjose.c.ifdefed" startline="1257" endline="1293" function="test_jose_decode_jwe_compact_rsaes_oaep_aes_gcm" hash="17363821382872718"></source>
			<source file="../../workspace/dataset/test/testjose.c.ifdefed" startline="1216" endline="1252" function="test_jose_decode_jws_json_flattened" hash="-1690574219081012165"></source>
			<source file="../../workspace/dataset/test/testjose.c.ifdefed" startline="1298" endline="1350" function="test_jose_decode_jwe_json_general" hash="2906951655358751848"></source>
		</class>
	</version>
</lineage>
</lineages>
