<lineages>
<lineage>
	<version nr="420" hash="240276d79" evolution="None" change="None">
		<class nclones="2">
			<source file="../../workspace/dataset/test/write_png.c.ifdefed" startline="34" endline="55" function="unpremultiply_data" hash="-4763570579347238308"></source>
			<source file="../../workspace/dataset/test/write-png.c.ifdefed" startline="34" endline="55" function="unpremultiply_data" hash="-4763570579347238308"></source>
		</class>
	</version>
	<version nr="540" hash="2654df6af" evolution="Same" change="Same">
		<class nclones="2">
			<source file="../../workspace/dataset/test/write_png.c.ifdefed" startline="34" endline="55" function="unpremultiply_data" hash="-4763570579347238308"></source>
			<source file="../../workspace/dataset/test/write-png.c.ifdefed" startline="34" endline="55" function="unpremultiply_data" hash="-4763570579347238308"></source>
		</class>
	</version>
	<version nr="550" hash="a24f2f909" evolution="Same" change="Consistent">
		<class nclones="2">
			<source file="../../workspace/dataset/test/write_png.c.ifdefed" startline="34" endline="55" function="unpremultiply_data" hash="-8536683512350253358"></source>
			<source file="../../workspace/dataset/test/write-png.c.ifdefed" startline="34" endline="55" function="unpremultiply_data" hash="-8536683512350253358"></source>
		</class>
	</version>
	<version nr="680" hash="9bcfb831f" evolution="Same" change="Same">
		<class nclones="2">
			<source file="../../workspace/dataset/test/write_png.c.ifdefed" startline="34" endline="55" function="unpremultiply_data" hash="-8536683512350253358"></source>
			<source file="../../workspace/dataset/test/write-png.c.ifdefed" startline="34" endline="55" function="unpremultiply_data" hash="-8536683512350253358"></source>
		</class>
	</version>
</lineage>
<lineage>
	<version nr="420" hash="240276d79" evolution="None" change="None">
		<class nclones="2">
			<source file="../../workspace/dataset/test/write_png.c.ifdefed" startline="57" endline="102" function="write_png_argb32" hash="5122709743087481354"></source>
			<source file="../../workspace/dataset/test/write-png.c.ifdefed" startline="57" endline="102" function="write_png_argb32" hash="5122709743087481354"></source>
		</class>
	</version>
	<version nr="530" hash="a812c7a06" evolution="Same" change="Same">
		<class nclones="2">
			<source file="../../workspace/dataset/test/write_png.c.ifdefed" startline="57" endline="102" function="write_png_argb32" hash="5122709743087481354"></source>
			<source file="../../workspace/dataset/test/write-png.c.ifdefed" startline="57" endline="102" function="write_png_argb32" hash="5122709743087481354"></source>
		</class>
	</version>
	<version nr="540" hash="2654df6af" evolution="Same" change="Consistent">
		<class nclones="2">
			<source file="../../workspace/dataset/test/write_png.c.ifdefed" startline="57" endline="99" function="write_png_argb32" hash="4556099470529323724"></source>
			<source file="../../workspace/dataset/test/write-png.c.ifdefed" startline="57" endline="99" function="write_png_argb32" hash="4556099470529323724"></source>
		</class>
	</version>
	<version nr="680" hash="9bcfb831f" evolution="Same" change="Same">
		<class nclones="2">
			<source file="../../workspace/dataset/test/write_png.c.ifdefed" startline="57" endline="99" function="write_png_argb32" hash="4556099470529323724"></source>
			<source file="../../workspace/dataset/test/write-png.c.ifdefed" startline="57" endline="99" function="write_png_argb32" hash="4556099470529323724"></source>
		</class>
	</version>
</lineage>
<lineage>
	<version nr="420" hash="240276d79" evolution="None" change="None">
		<class nclones="2">
			<source file="../../workspace/dataset/test/line-width.c.ifdefed" startline="39" endline="57" function="draw" hash="5515550186978377542"></source>
			<source file="../../workspace/dataset/test/line_width.c.ifdefed" startline="39" endline="57" function="draw" hash="5515550186978377542"></source>
		</class>
	</version>
	<version nr="640" hash="246a07022" evolution="Same" change="Same">
		<class nclones="2">
			<source file="../../workspace/dataset/test/line-width.c.ifdefed" startline="39" endline="57" function="draw" hash="5515550186978377542"></source>
			<source file="../../workspace/dataset/test/line_width.c.ifdefed" startline="39" endline="57" function="draw" hash="5515550186978377542"></source>
		</class>
	</version>
	<version nr="650" hash="c3bd9b1b8" evolution="Same" change="Consistent">
		<class nclones="2">
			<source file="../../workspace/dataset/test/line-width.c.ifdefed" startline="39" endline="59" function="draw" hash="-7554400149608930013"></source>
			<source file="../../workspace/dataset/test/line_width.c.ifdefed" startline="39" endline="59" function="draw" hash="-7554400149608930013"></source>
		</class>
	</version>
	<version nr="680" hash="9bcfb831f" evolution="Same" change="Same">
		<class nclones="2">
			<source file="../../workspace/dataset/test/line-width.c.ifdefed" startline="39" endline="59" function="draw" hash="-7554400149608930013"></source>
			<source file="../../workspace/dataset/test/line_width.c.ifdefed" startline="39" endline="59" function="draw" hash="-7554400149608930013"></source>
		</class>
	</version>
</lineage>
<lineage>
	<version nr="420" hash="240276d79" evolution="None" change="None">
		<class nclones="2">
			<source file="../../workspace/dataset/test/move_to_show_surface.c.ifdefed" startline="46" endline="63" function="draw" hash="-900086760586939111"></source>
			<source file="../../workspace/dataset/test/move-to-show-surface.c.ifdefed" startline="46" endline="63" function="draw" hash="-900086760586939111"></source>
		</class>
	</version>
	<version nr="640" hash="246a07022" evolution="Same" change="Same">
		<class nclones="2">
			<source file="../../workspace/dataset/test/move_to_show_surface.c.ifdefed" startline="46" endline="63" function="draw" hash="-900086760586939111"></source>
			<source file="../../workspace/dataset/test/move-to-show-surface.c.ifdefed" startline="46" endline="63" function="draw" hash="-900086760586939111"></source>
		</class>
	</version>
	<version nr="650" hash="c3bd9b1b8" evolution="Same" change="Consistent">
		<class nclones="2">
			<source file="../../workspace/dataset/test/move_to_show_surface.c.ifdefed" startline="46" endline="65" function="draw" hash="2098447851339443622"></source>
			<source file="../../workspace/dataset/test/move-to-show-surface.c.ifdefed" startline="46" endline="65" function="draw" hash="2098447851339443622"></source>
		</class>
	</version>
	<version nr="680" hash="9bcfb831f" evolution="Same" change="Same">
		<class nclones="2">
			<source file="../../workspace/dataset/test/move_to_show_surface.c.ifdefed" startline="46" endline="65" function="draw" hash="2098447851339443622"></source>
			<source file="../../workspace/dataset/test/move-to-show-surface.c.ifdefed" startline="46" endline="65" function="draw" hash="2098447851339443622"></source>
		</class>
	</version>
</lineage>
<lineage>
	<version nr="420" hash="240276d79" evolution="None" change="None">
		<class nclones="2">
			<source file="../../workspace/dataset/test/read-png.c.ifdefed" startline="35" endline="56" function="premultiply_data" hash="2506350794573892147"></source>
			<source file="../../workspace/dataset/test/read_png.c.ifdefed" startline="35" endline="56" function="premultiply_data" hash="2506350794573892147"></source>
		</class>
	</version>
	<version nr="540" hash="2654df6af" evolution="Same" change="Same">
		<class nclones="2">
			<source file="../../workspace/dataset/test/read-png.c.ifdefed" startline="35" endline="56" function="premultiply_data" hash="2506350794573892147"></source>
			<source file="../../workspace/dataset/test/read_png.c.ifdefed" startline="35" endline="56" function="premultiply_data" hash="2506350794573892147"></source>
		</class>
	</version>
	<version nr="550" hash="a24f2f909" evolution="Same" change="Consistent">
		<class nclones="2">
			<source file="../../workspace/dataset/test/read-png.c.ifdefed" startline="35" endline="56" function="premultiply_data" hash="8623099827852563271"></source>
			<source file="../../workspace/dataset/test/read_png.c.ifdefed" startline="35" endline="56" function="premultiply_data" hash="8623099827852563271"></source>
		</class>
	</version>
	<version nr="680" hash="9bcfb831f" evolution="Same" change="Same">
		<class nclones="2">
			<source file="../../workspace/dataset/test/read-png.c.ifdefed" startline="35" endline="56" function="premultiply_data" hash="8623099827852563271"></source>
			<source file="../../workspace/dataset/test/read_png.c.ifdefed" startline="35" endline="56" function="premultiply_data" hash="8623099827852563271"></source>
		</class>
	</version>
</lineage>
<lineage>
	<version nr="420" hash="240276d79" evolution="None" change="None">
		<class nclones="2">
			<source file="../../workspace/dataset/test/read-png.c.ifdefed" startline="58" endline="166" function="read_png_argb32" hash="2232541579982642781"></source>
			<source file="../../workspace/dataset/test/read_png.c.ifdefed" startline="58" endline="166" function="read_png_argb32" hash="2232541579982642781"></source>
		</class>
	</version>
	<version nr="680" hash="9bcfb831f" evolution="Same" change="Same">
		<class nclones="2">
			<source file="../../workspace/dataset/test/read-png.c.ifdefed" startline="58" endline="166" function="read_png_argb32" hash="2232541579982642781"></source>
			<source file="../../workspace/dataset/test/read_png.c.ifdefed" startline="58" endline="166" function="read_png_argb32" hash="2232541579982642781"></source>
		</class>
	</version>
</lineage>
<lineage>
	<version nr="420" hash="240276d79" evolution="None" change="None">
		<class nclones="2">
			<source file="../../workspace/dataset/test/cairo_test.c.ifdefed" startline="56" endline="96" function="image_diff" hash="-1846385119496479826"></source>
			<source file="../../workspace/dataset/test/cairo-test.c.ifdefed" startline="56" endline="96" function="image_diff" hash="-1846385119496479826"></source>
		</class>
	</version>
	<version nr="530" hash="a812c7a06" evolution="Same" change="Same">
		<class nclones="2">
			<source file="../../workspace/dataset/test/cairo_test.c.ifdefed" startline="60" endline="100" function="image_diff" hash="-1846385119496479826"></source>
			<source file="../../workspace/dataset/test/cairo-test.c.ifdefed" startline="60" endline="100" function="image_diff" hash="-1846385119496479826"></source>
		</class>
	</version>
</lineage>
<lineage>
	<version nr="420" hash="240276d79" evolution="None" change="None">
		<class nclones="2">
			<source file="../../workspace/dataset/test/cairo_test.c.ifdefed" startline="98" endline="191" function="cairo_test" hash="1732321876951585231"></source>
			<source file="../../workspace/dataset/test/cairo-test.c.ifdefed" startline="98" endline="191" function="cairo_test" hash="1732321876951585231"></source>
		</class>
	</version>
	<version nr="430" hash="327dc6f2a" evolution="Same" change="Consistent">
		<class nclones="2">
			<source file="../../workspace/dataset/test/cairo_test.c.ifdefed" startline="102" endline="198" function="cairo_test" hash="-2767008681285232405"></source>
			<source file="../../workspace/dataset/test/cairo-test.c.ifdefed" startline="102" endline="198" function="cairo_test" hash="-2767008681285232405"></source>
		</class>
	</version>
	<version nr="440" hash="a373313c7" evolution="Same" change="Same">
		<class nclones="2">
			<source file="../../workspace/dataset/test/cairo_test.c.ifdefed" startline="102" endline="198" function="cairo_test" hash="-2767008681285232405"></source>
			<source file="../../workspace/dataset/test/cairo-test.c.ifdefed" startline="102" endline="198" function="cairo_test" hash="-2767008681285232405"></source>
		</class>
	</version>
	<version nr="450" hash="d09837041" evolution="Same" change="Consistent">
		<class nclones="2">
			<source file="../../workspace/dataset/test/cairo_test.c.ifdefed" startline="102" endline="205" function="cairo_test" hash="159129748857061312"></source>
			<source file="../../workspace/dataset/test/cairo-test.c.ifdefed" startline="102" endline="205" function="cairo_test" hash="159129748857061312"></source>
		</class>
	</version>
	<version nr="460" hash="e3fe2138f" evolution="Same" change="Consistent">
		<class nclones="2">
			<source file="../../workspace/dataset/test/cairo_test.c.ifdefed" startline="102" endline="205" function="cairo_test" hash="5425308090996026155"></source>
			<source file="../../workspace/dataset/test/cairo-test.c.ifdefed" startline="102" endline="205" function="cairo_test" hash="5425308090996026155"></source>
		</class>
	</version>
	<version nr="530" hash="a812c7a06" evolution="Same" change="Same">
		<class nclones="2">
			<source file="../../workspace/dataset/test/cairo_test.c.ifdefed" startline="102" endline="205" function="cairo_test" hash="5425308090996026155"></source>
			<source file="../../workspace/dataset/test/cairo-test.c.ifdefed" startline="102" endline="205" function="cairo_test" hash="5425308090996026155"></source>
		</class>
	</version>
	<version nr="540" hash="2654df6af" evolution="Same" change="Consistent">
		<class nclones="2">
			<source file="../../workspace/dataset/test/cairo_test.c.ifdefed" startline="60" endline="168" function="cairo_test" hash="8780426906552315612"></source>
			<source file="../../workspace/dataset/test/cairo-test.c.ifdefed" startline="60" endline="168" function="cairo_test" hash="8780426906552315612"></source>
		</class>
	</version>
	<version nr="630" hash="50b483042" evolution="Same" change="Same">
		<class nclones="2">
			<source file="../../workspace/dataset/test/cairo_test.c.ifdefed" startline="60" endline="168" function="cairo_test" hash="8780426906552315612"></source>
			<source file="../../workspace/dataset/test/cairo-test.c.ifdefed" startline="60" endline="168" function="cairo_test" hash="8780426906552315612"></source>
		</class>
	</version>
	<version nr="640" hash="246a07022" evolution="Same" change="Consistent">
		<class nclones="2">
			<source file="../../workspace/dataset/test/cairo_test.c.ifdefed" startline="98" endline="215" function="cairo_test" hash="4681141085539706122"></source>
			<source file="../../workspace/dataset/test/cairo-test.c.ifdefed" startline="98" endline="215" function="cairo_test" hash="4681141085539706122"></source>
		</class>
	</version>
	<version nr="650" hash="c3bd9b1b8" evolution="Same" change="Consistent">
		<class nclones="2">
			<source file="../../workspace/dataset/test/cairo_test.c.ifdefed" startline="98" endline="229" function="cairo_test" hash="-2044146082508498218"></source>
			<source file="../../workspace/dataset/test/cairo-test.c.ifdefed" startline="98" endline="229" function="cairo_test" hash="-2044146082508498218"></source>
		</class>
	</version>
	<version nr="660" hash="30e771d81" evolution="Same" change="Consistent">
		<class nclones="2">
			<source file="../../workspace/dataset/test/cairo_test.c.ifdefed" startline="98" endline="231" function="cairo_test" hash="3266282260491443087"></source>
			<source file="../../workspace/dataset/test/cairo-test.c.ifdefed" startline="98" endline="231" function="cairo_test" hash="3266282260491443087"></source>
		</class>
	</version>
	<version nr="670" hash="84a6da8f0" evolution="Same" change="Consistent">
		<class nclones="2">
			<source file="../../workspace/dataset/test/cairo_test.c.ifdefed" startline="98" endline="231" function="cairo_test" hash="644218482825123545"></source>
			<source file="../../workspace/dataset/test/cairo-test.c.ifdefed" startline="98" endline="231" function="cairo_test" hash="644218482825123545"></source>
		</class>
	</version>
	<version nr="680" hash="9bcfb831f" evolution="Same" change="Same">
		<class nclones="2">
			<source file="../../workspace/dataset/test/cairo_test.c.ifdefed" startline="98" endline="231" function="cairo_test" hash="644218482825123545"></source>
			<source file="../../workspace/dataset/test/cairo-test.c.ifdefed" startline="98" endline="231" function="cairo_test" hash="644218482825123545"></source>
		</class>
	</version>
</lineage>
<lineage>
	<version nr="430" hash="327dc6f2a" evolution="None" change="None">
		<class nclones="2">
			<source file="../../workspace/dataset/test/fill-rule.c.ifdefed" startline="70" endline="84" function="draw" hash="-7228111683537977895"></source>
			<source file="../../workspace/dataset/test/fill_rule.c.ifdefed" startline="70" endline="84" function="draw" hash="-7228111683537977895"></source>
		</class>
	</version>
	<version nr="480" hash="ad2225c6f" evolution="Same" change="Same">
		<class nclones="2">
			<source file="../../workspace/dataset/test/fill-rule.c.ifdefed" startline="70" endline="84" function="draw" hash="-7228111683537977895"></source>
			<source file="../../workspace/dataset/test/fill_rule.c.ifdefed" startline="70" endline="84" function="draw" hash="-7228111683537977895"></source>
		</class>
	</version>
	<version nr="490" hash="46baad20e" evolution="Same" change="Consistent">
		<class nclones="2">
			<source file="../../workspace/dataset/test/fill-rule.c.ifdefed" startline="100" endline="124" function="draw" hash="-4066169246080235794"></source>
			<source file="../../workspace/dataset/test/fill_rule.c.ifdefed" startline="100" endline="124" function="draw" hash="-4066169246080235794"></source>
		</class>
	</version>
	<version nr="640" hash="246a07022" evolution="Same" change="Same">
		<class nclones="2">
			<source file="../../workspace/dataset/test/fill-rule.c.ifdefed" startline="100" endline="124" function="draw" hash="-4066169246080235794"></source>
			<source file="../../workspace/dataset/test/fill_rule.c.ifdefed" startline="100" endline="124" function="draw" hash="-4066169246080235794"></source>
		</class>
	</version>
	<version nr="650" hash="c3bd9b1b8" evolution="Same" change="Consistent">
		<class nclones="2">
			<source file="../../workspace/dataset/test/fill-rule.c.ifdefed" startline="100" endline="126" function="draw" hash="-9056796489848464289"></source>
			<source file="../../workspace/dataset/test/fill_rule.c.ifdefed" startline="100" endline="126" function="draw" hash="-9056796489848464289"></source>
		</class>
	</version>
	<version nr="680" hash="9bcfb831f" evolution="Same" change="Same">
		<class nclones="2">
			<source file="../../workspace/dataset/test/fill-rule.c.ifdefed" startline="100" endline="126" function="draw" hash="-9056796489848464289"></source>
			<source file="../../workspace/dataset/test/fill_rule.c.ifdefed" startline="100" endline="126" function="draw" hash="-9056796489848464289"></source>
		</class>
	</version>
</lineage>
<lineage>
	<version nr="430" hash="327dc6f2a" evolution="None" change="None">
		<class nclones="2">
			<source file="../../workspace/dataset/test/cairo_test.c.ifdefed" startline="39" endline="53" function="xasprintf" hash="688583200318113735"></source>
			<source file="../../workspace/dataset/test/cairo-test.c.ifdefed" startline="39" endline="53" function="xasprintf" hash="688583200318113735"></source>
		</class>
	</version>
	<version nr="550" hash="a24f2f909" evolution="Same" change="Same">
		<class nclones="2">
			<source file="../../workspace/dataset/test/cairo_test.c.ifdefed" startline="39" endline="53" function="xasprintf" hash="688583200318113735"></source>
			<source file="../../workspace/dataset/test/cairo-test.c.ifdefed" startline="39" endline="53" function="xasprintf" hash="688583200318113735"></source>
		</class>
	</version>
	<version nr="560" hash="72a442023" evolution="Same" change="Consistent">
		<class nclones="2">
			<source file="../../workspace/dataset/test/cairo_test.c.ifdefed" startline="44" endline="85" function="xasprintf" hash="-2817692618809062791"></source>
			<source file="../../workspace/dataset/test/cairo-test.c.ifdefed" startline="44" endline="85" function="xasprintf" hash="-2817692618809062791"></source>
		</class>
	</version>
	<version nr="680" hash="9bcfb831f" evolution="Same" change="Same">
		<class nclones="2">
			<source file="../../workspace/dataset/test/cairo_test.c.ifdefed" startline="44" endline="85" function="xasprintf" hash="-2817692618809062791"></source>
			<source file="../../workspace/dataset/test/cairo-test.c.ifdefed" startline="44" endline="85" function="xasprintf" hash="-2817692618809062791"></source>
		</class>
	</version>
</lineage>
<lineage>
	<version nr="440" hash="a373313c7" evolution="None" change="None">
		<class nclones="2">
			<source file="../../workspace/dataset/test/text_rotate.c.ifdefed" startline="74" endline="107" function="draw" hash="-9108255156666926266"></source>
			<source file="../../workspace/dataset/test/text-rotate.c.ifdefed" startline="74" endline="107" function="draw" hash="-9108255156666926266"></source>
		</class>
	</version>
	<version nr="450" hash="d09837041" evolution="Same" change="Consistent">
		<class nclones="2">
			<source file="../../workspace/dataset/test/text_rotate.c.ifdefed" startline="74" endline="111" function="draw" hash="8480826292004052269"></source>
			<source file="../../workspace/dataset/test/text-rotate.c.ifdefed" startline="74" endline="111" function="draw" hash="8480826292004052269"></source>
		</class>
	</version>
	<version nr="640" hash="246a07022" evolution="Same" change="Same">
		<class nclones="2">
			<source file="../../workspace/dataset/test/text_rotate.c.ifdefed" startline="74" endline="111" function="draw" hash="8480826292004052269"></source>
			<source file="../../workspace/dataset/test/text-rotate.c.ifdefed" startline="74" endline="111" function="draw" hash="8480826292004052269"></source>
		</class>
	</version>
	<version nr="650" hash="c3bd9b1b8" evolution="Same" change="Consistent">
		<class nclones="2">
			<source file="../../workspace/dataset/test/text_rotate.c.ifdefed" startline="74" endline="113" function="draw" hash="4875574634471714318"></source>
			<source file="../../workspace/dataset/test/text-rotate.c.ifdefed" startline="74" endline="113" function="draw" hash="4875574634471714318"></source>
		</class>
	</version>
	<version nr="680" hash="9bcfb831f" evolution="Same" change="Same">
		<class nclones="2">
			<source file="../../workspace/dataset/test/text_rotate.c.ifdefed" startline="74" endline="113" function="draw" hash="4875574634471714318"></source>
			<source file="../../workspace/dataset/test/text-rotate.c.ifdefed" startline="74" endline="113" function="draw" hash="4875574634471714318"></source>
		</class>
	</version>
</lineage>
<lineage>
	<version nr="450" hash="d09837041" evolution="None" change="None">
		<class nclones="2">
			<source file="../../workspace/dataset/test/text_cache_crash.c.ifdefed" startline="72" endline="88" function="draw" hash="2359411116671302332"></source>
			<source file="../../workspace/dataset/test/text-cache-crash.c.ifdefed" startline="72" endline="88" function="draw" hash="2359411116671302332"></source>
		</class>
	</version>
</lineage>
<lineage>
	<version nr="540" hash="2654df6af" evolution="None" change="None">
		<class nclones="2">
			<source file="../../workspace/dataset/test/clip_twice.c.ifdefed" startline="37" endline="66" function="draw" hash="-6034038241960937278"></source>
			<source file="../../workspace/dataset/test/clip-twice.c.ifdefed" startline="37" endline="66" function="draw" hash="-6034038241960937278"></source>
		</class>
	</version>
	<version nr="640" hash="246a07022" evolution="Same" change="Same">
		<class nclones="2">
			<source file="../../workspace/dataset/test/clip_twice.c.ifdefed" startline="37" endline="66" function="draw" hash="-6034038241960937278"></source>
			<source file="../../workspace/dataset/test/clip-twice.c.ifdefed" startline="37" endline="66" function="draw" hash="-6034038241960937278"></source>
		</class>
	</version>
	<version nr="650" hash="c3bd9b1b8" evolution="Same" change="Consistent">
		<class nclones="2">
			<source file="../../workspace/dataset/test/clip_twice.c.ifdefed" startline="37" endline="68" function="draw" hash="1272733930429284139"></source>
			<source file="../../workspace/dataset/test/clip-twice.c.ifdefed" startline="37" endline="68" function="draw" hash="1272733930429284139"></source>
		</class>
	</version>
	<version nr="680" hash="9bcfb831f" evolution="Same" change="Same">
		<class nclones="2">
			<source file="../../workspace/dataset/test/clip_twice.c.ifdefed" startline="37" endline="68" function="draw" hash="1272733930429284139"></source>
			<source file="../../workspace/dataset/test/clip-twice.c.ifdefed" startline="37" endline="68" function="draw" hash="1272733930429284139"></source>
		</class>
	</version>
</lineage>
<lineage>
	<version nr="540" hash="2654df6af" evolution="None" change="None">
		<class nclones="2">
			<source file="../../workspace/dataset/test/buffer-diff.c.ifdefed" startline="33" endline="73" function="buffer_diff" hash="2131132089561309360"></source>
			<source file="../../workspace/dataset/test/buffer_diff.c.ifdefed" startline="33" endline="73" function="buffer_diff" hash="2131132089561309360"></source>
		</class>
	</version>
	<version nr="680" hash="9bcfb831f" evolution="Same" change="Same">
		<class nclones="2">
			<source file="../../workspace/dataset/test/buffer-diff.c.ifdefed" startline="33" endline="73" function="buffer_diff" hash="2131132089561309360"></source>
			<source file="../../workspace/dataset/test/buffer_diff.c.ifdefed" startline="33" endline="73" function="buffer_diff" hash="2131132089561309360"></source>
		</class>
	</version>
</lineage>
<lineage>
	<version nr="540" hash="2654df6af" evolution="None" change="None">
		<class nclones="2">
			<source file="../../workspace/dataset/test/cairo_test.c.ifdefed" startline="170" endline="191" function="*cairo_test_create_png_pattern" hash="4741980745966763289"></source>
			<source file="../../workspace/dataset/test/cairo-test.c.ifdefed" startline="170" endline="191" function="*cairo_test_create_png_pattern" hash="4741980745966763289"></source>
		</class>
	</version>
	<version nr="640" hash="246a07022" evolution="Same" change="Same">
		<class nclones="2">
			<source file="../../workspace/dataset/test/cairo_test.c.ifdefed" startline="170" endline="191" function="*cairo_test_create_png_pattern" hash="4741980745966763289"></source>
			<source file="../../workspace/dataset/test/cairo-test.c.ifdefed" startline="170" endline="191" function="*cairo_test_create_png_pattern" hash="4741980745966763289"></source>
		</class>
	</version>
	<version nr="650" hash="c3bd9b1b8" evolution="Same" change="Consistent">
		<class nclones="2">
			<source file="../../workspace/dataset/test/cairo_test.c.ifdefed" startline="231" endline="261" function="*cairo_test_create_png_pattern" hash="-6742967667735785430"></source>
			<source file="../../workspace/dataset/test/cairo-test.c.ifdefed" startline="231" endline="261" function="*cairo_test_create_png_pattern" hash="-6742967667735785430"></source>
		</class>
	</version>
	<version nr="680" hash="9bcfb831f" evolution="Same" change="Same">
		<class nclones="2">
			<source file="../../workspace/dataset/test/cairo_test.c.ifdefed" startline="233" endline="263" function="*cairo_test_create_png_pattern" hash="-6742967667735785430"></source>
			<source file="../../workspace/dataset/test/cairo-test.c.ifdefed" startline="233" endline="263" function="*cairo_test_create_png_pattern" hash="-6742967667735785430"></source>
		</class>
	</version>
</lineage>
<lineage>
	<version nr="580" hash="9597c0b79" evolution="None" change="None">
		<class nclones="2">
			<source file="../../workspace/dataset/test/pixman_rotate.c.ifdefed" startline="25" endline="72" function="draw" hash="8137043471834207286"></source>
			<source file="../../workspace/dataset/test/pixman-rotate.c.ifdefed" startline="25" endline="72" function="draw" hash="8137043471834207286"></source>
		</class>
	</version>
	<version nr="640" hash="246a07022" evolution="Same" change="Same">
		<class nclones="2">
			<source file="../../workspace/dataset/test/pixman_rotate.c.ifdefed" startline="25" endline="72" function="draw" hash="8137043471834207286"></source>
			<source file="../../workspace/dataset/test/pixman-rotate.c.ifdefed" startline="25" endline="72" function="draw" hash="8137043471834207286"></source>
		</class>
	</version>
	<version nr="650" hash="c3bd9b1b8" evolution="Same" change="Consistent">
		<class nclones="2">
			<source file="../../workspace/dataset/test/pixman_rotate.c.ifdefed" startline="25" endline="74" function="draw" hash="-9011075171369375198"></source>
			<source file="../../workspace/dataset/test/pixman-rotate.c.ifdefed" startline="25" endline="74" function="draw" hash="-9011075171369375198"></source>
		</class>
	</version>
	<version nr="680" hash="9bcfb831f" evolution="Same" change="Same">
		<class nclones="2">
			<source file="../../workspace/dataset/test/pixman_rotate.c.ifdefed" startline="25" endline="74" function="draw" hash="-9011075171369375198"></source>
			<source file="../../workspace/dataset/test/pixman-rotate.c.ifdefed" startline="25" endline="74" function="draw" hash="-9011075171369375198"></source>
		</class>
	</version>
</lineage>
<lineage>
	<version nr="640" hash="246a07022" evolution="None" change="None">
		<class nclones="2">
			<source file="../../workspace/dataset/test/linear_gradient.c.ifdefed" startline="63" endline="109" function="draw_unit" hash="-1167421948973680251"></source>
			<source file="../../workspace/dataset/test/linear-gradient.c.ifdefed" startline="63" endline="109" function="draw_unit" hash="-1167421948973680251"></source>
		</class>
	</version>
	<version nr="680" hash="9bcfb831f" evolution="Same" change="Same">
		<class nclones="2">
			<source file="../../workspace/dataset/test/linear_gradient.c.ifdefed" startline="63" endline="109" function="draw_unit" hash="-1167421948973680251"></source>
			<source file="../../workspace/dataset/test/linear-gradient.c.ifdefed" startline="63" endline="109" function="draw_unit" hash="-1167421948973680251"></source>
		</class>
	</version>
	<version nr="6930" hash="22b5f78c1" evolution="Same" change="Consistent">
		<class nclones="2">
			<source file="../../workspace/dataset/test/linear-gradient.c.ifdefed" startline="57" endline="98" function="draw_unit" hash="-8266139924082343313"></source>
			<source file="../../workspace/dataset/test/linear-gradient-subset.c.ifdefed" startline="57" endline="93" function="draw_unit" hash="-8319996449728378634"></source>
		</class>
	</version>
	<version nr="10840" hash="359afa3e8" evolution="Same" change="Same">
		<class nclones="2">
			<source file="../../workspace/dataset/test/linear-gradient.c.ifdefed" startline="57" endline="98" function="draw_unit" hash="-8266139924082343313"></source>
			<source file="../../workspace/dataset/test/linear-gradient-subset.c.ifdefed" startline="57" endline="93" function="draw_unit" hash="-8319996449728378634"></source>
		</class>
	</version>
</lineage>
<lineage>
	<version nr="640" hash="246a07022" evolution="None" change="None">
		<class nclones="2">
			<source file="../../workspace/dataset/test/linear_gradient.c.ifdefed" startline="111" endline="135" function="draw" hash="-1694145814906156171"></source>
			<source file="../../workspace/dataset/test/linear-gradient.c.ifdefed" startline="111" endline="135" function="draw" hash="-1694145814906156171"></source>
		</class>
	</version>
	<version nr="650" hash="c3bd9b1b8" evolution="Same" change="Consistent">
		<class nclones="2">
			<source file="../../workspace/dataset/test/linear_gradient.c.ifdefed" startline="111" endline="137" function="draw" hash="1767014893735187682"></source>
			<source file="../../workspace/dataset/test/linear-gradient.c.ifdefed" startline="111" endline="137" function="draw" hash="1767014893735187682"></source>
		</class>
	</version>
	<version nr="680" hash="9bcfb831f" evolution="Same" change="Same">
		<class nclones="2">
			<source file="../../workspace/dataset/test/linear_gradient.c.ifdefed" startline="111" endline="137" function="draw" hash="1767014893735187682"></source>
			<source file="../../workspace/dataset/test/linear-gradient.c.ifdefed" startline="111" endline="137" function="draw" hash="1767014893735187682"></source>
		</class>
	</version>
	<version nr="6930" hash="22b5f78c1" evolution="Same" change="Consistent">
		<class nclones="2">
			<source file="../../workspace/dataset/test/linear-gradient.c.ifdefed" startline="100" endline="125" function="draw" hash="-5842840368093801836"></source>
			<source file="../../workspace/dataset/test/linear-gradient-subset.c.ifdefed" startline="95" endline="120" function="draw" hash="-5842840368093801836"></source>
		</class>
	</version>
	<version nr="10840" hash="359afa3e8" evolution="Same" change="Same">
		<class nclones="2">
			<source file="../../workspace/dataset/test/linear-gradient.c.ifdefed" startline="100" endline="125" function="draw" hash="-5842840368093801836"></source>
			<source file="../../workspace/dataset/test/linear-gradient-subset.c.ifdefed" startline="95" endline="120" function="draw" hash="-5842840368093801836"></source>
		</class>
	</version>
</lineage>
<lineage>
	<version nr="660" hash="30e771d81" evolution="None" change="None">
		<class nclones="2">
			<source file="../../workspace/dataset/test/get-and-set.c.ifdefed" startline="73" endline="84" function="settings_set" hash="954433189427776463"></source>
			<source file="../../workspace/dataset/test/get_and_set.c.ifdefed" startline="73" endline="84" function="settings_set" hash="954433189427776463"></source>
		</class>
	</version>
	<version nr="680" hash="9bcfb831f" evolution="Same" change="Same">
		<class nclones="2">
			<source file="../../workspace/dataset/test/get-and-set.c.ifdefed" startline="73" endline="84" function="settings_set" hash="954433189427776463"></source>
			<source file="../../workspace/dataset/test/get_and_set.c.ifdefed" startline="73" endline="84" function="settings_set" hash="954433189427776463"></source>
		</class>
	</version>
</lineage>
<lineage>
	<version nr="660" hash="30e771d81" evolution="None" change="None">
		<class nclones="2">
			<source file="../../workspace/dataset/test/get-and-set.c.ifdefed" startline="86" endline="97" function="settings_get" hash="273328772514471923"></source>
			<source file="../../workspace/dataset/test/get_and_set.c.ifdefed" startline="86" endline="97" function="settings_get" hash="273328772514471923"></source>
		</class>
	</version>
	<version nr="680" hash="9bcfb831f" evolution="Same" change="Same">
		<class nclones="2">
			<source file="../../workspace/dataset/test/get-and-set.c.ifdefed" startline="86" endline="97" function="settings_get" hash="273328772514471923"></source>
			<source file="../../workspace/dataset/test/get_and_set.c.ifdefed" startline="86" endline="97" function="settings_get" hash="273328772514471923"></source>
		</class>
	</version>
</lineage>
<lineage>
	<version nr="660" hash="30e771d81" evolution="None" change="None">
		<class nclones="2">
			<source file="../../workspace/dataset/test/get-and-set.c.ifdefed" startline="122" endline="145" function="get_and_set" hash="1141559245125342647"></source>
			<source file="../../workspace/dataset/test/get_and_set.c.ifdefed" startline="122" endline="145" function="get_and_set" hash="1141559245125342647"></source>
		</class>
	</version>
	<version nr="680" hash="9bcfb831f" evolution="Same" change="Same">
		<class nclones="2">
			<source file="../../workspace/dataset/test/get-and-set.c.ifdefed" startline="122" endline="145" function="get_and_set" hash="1141559245125342647"></source>
			<source file="../../workspace/dataset/test/get_and_set.c.ifdefed" startline="122" endline="145" function="get_and_set" hash="1141559245125342647"></source>
		</class>
	</version>
</lineage>
<lineage>
	<version nr="660" hash="30e771d81" evolution="None" change="None">
		<class nclones="2">
			<source file="../../workspace/dataset/test/path_data.c.ifdefed" startline="44" endline="85" function="munge_and_set_path" hash="-6639780791034116182"></source>
			<source file="../../workspace/dataset/test/path-data.c.ifdefed" startline="44" endline="85" function="munge_and_set_path" hash="-6639780791034116182"></source>
		</class>
	</version>
	<version nr="670" hash="84a6da8f0" evolution="Same" change="Same">
		<class nclones="2">
			<source file="../../workspace/dataset/test/path_data.c.ifdefed" startline="44" endline="85" function="munge_and_set_path" hash="-6639780791034116182"></source>
			<source file="../../workspace/dataset/test/path-data.c.ifdefed" startline="44" endline="85" function="munge_and_set_path" hash="-6639780791034116182"></source>
		</class>
	</version>
	<version nr="680" hash="9bcfb831f" evolution="Same" change="Consistent">
		<class nclones="2">
			<source file="../../workspace/dataset/test/path_data.c.ifdefed" startline="44" endline="83" function="munge_and_set_path" hash="-1076492510430923649"></source>
			<source file="../../workspace/dataset/test/path-data.c.ifdefed" startline="44" endline="83" function="munge_and_set_path" hash="-1076492510430923649"></source>
		</class>
	</version>
</lineage>
<lineage>
	<version nr="660" hash="30e771d81" evolution="None" change="None">
		<class nclones="2">
			<source file="../../workspace/dataset/test/path_data.c.ifdefed" startline="95" endline="135" function="draw" hash="1529413266487362203"></source>
			<source file="../../workspace/dataset/test/path-data.c.ifdefed" startline="95" endline="135" function="draw" hash="1529413266487362203"></source>
		</class>
	</version>
	<version nr="670" hash="84a6da8f0" evolution="Same" change="Same">
		<class nclones="2">
			<source file="../../workspace/dataset/test/path_data.c.ifdefed" startline="95" endline="135" function="draw" hash="1529413266487362203"></source>
			<source file="../../workspace/dataset/test/path-data.c.ifdefed" startline="95" endline="135" function="draw" hash="1529413266487362203"></source>
		</class>
	</version>
	<version nr="680" hash="9bcfb831f" evolution="Same" change="Consistent">
		<class nclones="2">
			<source file="../../workspace/dataset/test/path_data.c.ifdefed" startline="93" endline="135" function="draw" hash="6832312137330766914"></source>
			<source file="../../workspace/dataset/test/path-data.c.ifdefed" startline="93" endline="135" function="draw" hash="6832312137330766914"></source>
		</class>
	</version>
</lineage>
<lineage>
	<version nr="660" hash="30e771d81" evolution="None" change="None">
		<class nclones="2">
			<source file="../../workspace/dataset/test/path_data.c.ifdefed" startline="137" endline="167" function="main" hash="-9201100124473264906"></source>
			<source file="../../workspace/dataset/test/path-data.c.ifdefed" startline="137" endline="167" function="main" hash="-9201100124473264906"></source>
		</class>
	</version>
	<version nr="670" hash="84a6da8f0" evolution="Same" change="Same">
		<class nclones="2">
			<source file="../../workspace/dataset/test/path_data.c.ifdefed" startline="137" endline="167" function="main" hash="-9201100124473264906"></source>
			<source file="../../workspace/dataset/test/path-data.c.ifdefed" startline="137" endline="167" function="main" hash="-9201100124473264906"></source>
		</class>
	</version>
	<version nr="680" hash="9bcfb831f" evolution="Same" change="Consistent">
		<class nclones="2">
			<source file="../../workspace/dataset/test/path_data.c.ifdefed" startline="137" endline="179" function="main" hash="-8374151939090737654"></source>
			<source file="../../workspace/dataset/test/path-data.c.ifdefed" startline="137" endline="179" function="main" hash="-8374151939090737654"></source>
		</class>
	</version>
</lineage>
<lineage>
	<version nr="660" hash="30e771d81" evolution="None" change="None">
		<class nclones="2">
			<source file="../../workspace/dataset/test/user-data.c.ifdefed" startline="42" endline="70" function="main" hash="-2074099401852639101"></source>
			<source file="../../workspace/dataset/test/user_data.c.ifdefed" startline="42" endline="70" function="main" hash="-2074099401852639101"></source>
		</class>
	</version>
	<version nr="670" hash="84a6da8f0" evolution="Same" change="Consistent">
		<class nclones="2">
			<source file="../../workspace/dataset/test/user-data.c.ifdefed" startline="42" endline="78" function="main" hash="-6577372237952288277"></source>
			<source file="../../workspace/dataset/test/user_data.c.ifdefed" startline="42" endline="78" function="main" hash="-6577372237952288277"></source>
		</class>
	</version>
	<version nr="680" hash="9bcfb831f" evolution="Same" change="Same">
		<class nclones="2">
			<source file="../../workspace/dataset/test/user-data.c.ifdefed" startline="42" endline="78" function="main" hash="-6577372237952288277"></source>
			<source file="../../workspace/dataset/test/user_data.c.ifdefed" startline="42" endline="78" function="main" hash="-6577372237952288277"></source>
		</class>
	</version>
</lineage>
<lineage>
	<version nr="710" hash="4a3a6e871" evolution="None" change="None">
		<class nclones="2">
			<source file="../../workspace/dataset/test/create-for-png.c.ifdefed" startline="40" endline="68" function="draw" hash="239951904483308474"></source>
			<source file="../../workspace/dataset/test/create-from-png.c.ifdefed" startline="40" endline="68" function="draw" hash="239951904483308474"></source>
		</class>
	</version>
	<version nr="750" hash="9c10b54e5" evolution="Same" change="Same">
		<class nclones="2">
			<source file="../../workspace/dataset/test/create-for-png.c.ifdefed" startline="40" endline="68" function="draw" hash="239951904483308474"></source>
			<source file="../../workspace/dataset/test/create-from-png.c.ifdefed" startline="40" endline="68" function="draw" hash="239951904483308474"></source>
		</class>
	</version>
	<version nr="760" hash="2847ff9d6" evolution="Same" change="Consistent">
		<class nclones="2">
			<source file="../../workspace/dataset/test/create-for-png.c.ifdefed" startline="39" endline="65" function="draw" hash="2048636048233827300"></source>
			<source file="../../workspace/dataset/test/create-from-png.c.ifdefed" startline="39" endline="65" function="draw" hash="2048636048233827300"></source>
		</class>
	</version>
	<version nr="770" hash="388a8d491" evolution="Same" change="Same">
		<class nclones="2">
			<source file="../../workspace/dataset/test/create-for-png.c.ifdefed" startline="39" endline="65" function="draw" hash="2048636048233827300"></source>
			<source file="../../workspace/dataset/test/create-from-png.c.ifdefed" startline="39" endline="65" function="draw" hash="2048636048233827300"></source>
		</class>
	</version>
	<version nr="780" hash="7f79e048b" evolution="Same" change="Consistent">
		<class nclones="2">
			<source file="../../workspace/dataset/test/create-for-png.c.ifdefed" startline="39" endline="63" function="draw" hash="-140122689713609719"></source>
			<source file="../../workspace/dataset/test/create-from-png.c.ifdefed" startline="39" endline="63" function="draw" hash="-140122689713609719"></source>
		</class>
	</version>
	<version nr="800" hash="6f3215cb7" evolution="Same" change="Same">
		<class nclones="2">
			<source file="../../workspace/dataset/test/create-for-png.c.ifdefed" startline="39" endline="63" function="draw" hash="-140122689713609719"></source>
			<source file="../../workspace/dataset/test/create-from-png.c.ifdefed" startline="39" endline="63" function="draw" hash="-140122689713609719"></source>
		</class>
	</version>
	<version nr="810" hash="e4e5b1f00" evolution="Same" change="Consistent">
		<class nclones="2">
			<source file="../../workspace/dataset/test/create-for-png.c.ifdefed" startline="39" endline="63" function="draw" hash="6578275214864608549"></source>
			<source file="../../workspace/dataset/test/create-from-png.c.ifdefed" startline="39" endline="63" function="draw" hash="6578275214864608549"></source>
		</class>
	</version>
	<version nr="970" hash="dda555de9" evolution="Same" change="Same">
		<class nclones="2">
			<source file="../../workspace/dataset/test/create-for-png.c.ifdefed" startline="39" endline="63" function="draw" hash="6578275214864608549"></source>
			<source file="../../workspace/dataset/test/create-from-png.c.ifdefed" startline="39" endline="63" function="draw" hash="6578275214864608549"></source>
		</class>
	</version>
</lineage>
<lineage>
	<version nr="740" hash="080f331ed" evolution="None" change="None">
		<class nclones="2">
			<source file="../../workspace/dataset/test/trap-clip.c.ifdefed" startline="94" endline="106" function="draw_polygon" hash="-8912828434776283444"></source>
			<source file="../../workspace/dataset/test/coverage.c.ifdefed" startline="96" endline="108" function="draw_polygon" hash="-8912828434776283444"></source>
		</class>
	</version>
	<version nr="780" hash="7f79e048b" evolution="Same" change="Same">
		<class nclones="2">
			<source file="../../workspace/dataset/test/trap-clip.c.ifdefed" startline="90" endline="102" function="draw_polygon" hash="-8912828434776283444"></source>
			<source file="../../workspace/dataset/test/coverage.c.ifdefed" startline="91" endline="103" function="draw_polygon" hash="-8912828434776283444"></source>
		</class>
	</version>
</lineage>
<lineage>
	<version nr="780" hash="7f79e048b" evolution="None" change="None">
		<class nclones="2">
			<source file="../../workspace/dataset/test/source-surface-scale-paint.c.ifdefed" startline="34" endline="58" function="draw" hash="3064853815006202006"></source>
			<source file="../../workspace/dataset/test/scale-source-surface-paint.c.ifdefed" startline="34" endline="59" function="draw" hash="-6748044558766664841"></source>
		</class>
	</version>
	<version nr="790" hash="750cc8143" evolution="Same" change="Consistent">
		<class nclones="2">
			<source file="../../workspace/dataset/test/source-surface-scale-paint.c.ifdefed" startline="34" endline="57" function="draw" hash="-6780915356539010164"></source>
			<source file="../../workspace/dataset/test/scale-source-surface-paint.c.ifdefed" startline="34" endline="58" function="draw" hash="5667567548328362181"></source>
		</class>
	</version>
	<version nr="810" hash="e4e5b1f00" evolution="Same" change="Same">
		<class nclones="2">
			<source file="../../workspace/dataset/test/source-surface-scale-paint.c.ifdefed" startline="34" endline="57" function="draw" hash="-6780915356539010164"></source>
			<source file="../../workspace/dataset/test/scale-source-surface-paint.c.ifdefed" startline="34" endline="58" function="draw" hash="5667567548328362181"></source>
		</class>
	</version>
	<version nr="820" hash="f797eaac1" evolution="Add" change="Same">
		<class nclones="3">
			<source file="../../workspace/dataset/test/source-surface-scale-paint.c.ifdefed" startline="34" endline="57" function="draw" hash="-6780915356539010164"></source>
			<source file="../../workspace/dataset/test/scale-source-surface-paint.c.ifdefed" startline="34" endline="58" function="draw" hash="5667567548328362181"></source>
			<source file="../../workspace/dataset/test/paint-with-alpha.c.ifdefed" startline="34" endline="58" function="draw" hash="2758725060327766804"></source>
		</class>
	</version>
	<version nr="1330" hash="f25ebec36" evolution="Same" change="Same">
		<class nclones="3">
			<source file="../../workspace/dataset/test/source-surface-scale-paint.c.ifdefed" startline="34" endline="57" function="draw" hash="-6780915356539010164"></source>
			<source file="../../workspace/dataset/test/scale-source-surface-paint.c.ifdefed" startline="34" endline="58" function="draw" hash="5667567548328362181"></source>
			<source file="../../workspace/dataset/test/paint-with-alpha.c.ifdefed" startline="34" endline="58" function="draw" hash="2758725060327766804"></source>
		</class>
	</version>
	<version nr="1340" hash="05c0c98ae" evolution="Same" change="Consistent">
		<class nclones="3">
			<source file="../../workspace/dataset/test/source-surface-scale-paint.c.ifdefed" startline="34" endline="57" function="draw" hash="5367004019817909344"></source>
			<source file="../../workspace/dataset/test/scale-source-surface-paint.c.ifdefed" startline="34" endline="58" function="draw" hash="-899938430649497475"></source>
			<source file="../../workspace/dataset/test/paint-with-alpha.c.ifdefed" startline="34" endline="58" function="draw" hash="8415423411326019500"></source>
		</class>
	</version>
	<version nr="1390" hash="e6239b1d9" evolution="Same" change="Same">
		<class nclones="3">
			<source file="../../workspace/dataset/test/source-surface-scale-paint.c.ifdefed" startline="34" endline="57" function="draw" hash="5367004019817909344"></source>
			<source file="../../workspace/dataset/test/paint-with-alpha.c.ifdefed" startline="34" endline="58" function="draw" hash="8415423411326019500"></source>
			<source file="../../workspace/dataset/test/scale-source-surface-paint.c.ifdefed" startline="34" endline="58" function="draw" hash="-899938430649497475"></source>
		</class>
	</version>
	<version nr="1400" hash="eeb56e713" evolution="Same" change="Consistent">
		<class nclones="3">
			<source file="../../workspace/dataset/test/source-surface-scale-paint.c.ifdefed" startline="34" endline="57" function="draw" hash="3548113444861532961"></source>
			<source file="../../workspace/dataset/test/scale-source-surface-paint.c.ifdefed" startline="34" endline="58" function="draw" hash="-3230374577288161578"></source>
			<source file="../../workspace/dataset/test/paint-with-alpha.c.ifdefed" startline="34" endline="58" function="draw" hash="-292926579889408529"></source>
		</class>
	</version>
	<version nr="1590" hash="12c4c375a" evolution="Same" change="Same">
		<class nclones="3">
			<source file="../../workspace/dataset/test/source-surface-scale-paint.c.ifdefed" startline="34" endline="57" function="draw" hash="3548113444861532961"></source>
			<source file="../../workspace/dataset/test/paint-with-alpha.c.ifdefed" startline="34" endline="58" function="draw" hash="-292926579889408529"></source>
			<source file="../../workspace/dataset/test/scale-source-surface-paint.c.ifdefed" startline="34" endline="58" function="draw" hash="-3230374577288161578"></source>
		</class>
	</version>
	<version nr="1600" hash="6723547f0" evolution="Add" change="Consistent">
		<class nclones="4">
			<source file="../../workspace/dataset/test/paint-source-alpha.c.ifdefed" startline="35" endline="61" function="draw" hash="5399308684002625765"></source>
			<source file="../../workspace/dataset/test/paint-with-alpha.c.ifdefed" startline="35" endline="61" function="draw" hash="-1529241507283053547"></source>
			<source file="../../workspace/dataset/test/source-surface-scale-paint.c.ifdefed" startline="34" endline="57" function="draw" hash="-2222253791807599280"></source>
			<source file="../../workspace/dataset/test/scale-source-surface-paint.c.ifdefed" startline="34" endline="58" function="draw" hash="-6349641347343303583"></source>
		</class>
	</version>
	<version nr="2350" hash="2313f6906" evolution="Same" change="Same">
		<class nclones="4">
			<source file="../../workspace/dataset/test/paint-source-alpha.c.ifdefed" startline="35" endline="61" function="draw" hash="5399308684002625765"></source>
			<source file="../../workspace/dataset/test/paint-with-alpha.c.ifdefed" startline="35" endline="61" function="draw" hash="-1529241507283053547"></source>
			<source file="../../workspace/dataset/test/source-surface-scale-paint.c.ifdefed" startline="34" endline="57" function="draw" hash="-2222253791807599280"></source>
			<source file="../../workspace/dataset/test/scale-source-surface-paint.c.ifdefed" startline="34" endline="58" function="draw" hash="-6349641347343303583"></source>
		</class>
	</version>
	<version nr="2360" hash="76f816c76" evolution="Add" change="Same">
		<class nclones="5">
			<source file="../../workspace/dataset/test/paint-source-alpha.c.ifdefed" startline="38" endline="64" function="draw" hash="5399308684002625765"></source>
			<source file="../../workspace/dataset/test/paint-with-alpha.c.ifdefed" startline="38" endline="64" function="draw" hash="-1529241507283053547"></source>
			<source file="../../workspace/dataset/test/source-surface-scale-paint.c.ifdefed" startline="37" endline="60" function="draw" hash="-2222253791807599280"></source>
			<source file="../../workspace/dataset/test/paint-repeat.c.ifdefed" startline="37" endline="62" function="draw" hash="-2068490773941690386"></source>
			<source file="../../workspace/dataset/test/scale-source-surface-paint.c.ifdefed" startline="37" endline="61" function="draw" hash="-6349641347343303583"></source>
		</class>
	</version>
	<version nr="4720" hash="5ace0cb17" evolution="Same" change="Same">
		<class nclones="5">
			<source file="../../workspace/dataset/test/paint-source-alpha.c.ifdefed" startline="38" endline="64" function="draw" hash="5399308684002625765"></source>
			<source file="../../workspace/dataset/test/paint-with-alpha.c.ifdefed" startline="38" endline="64" function="draw" hash="-1529241507283053547"></source>
			<source file="../../workspace/dataset/test/source-surface-scale-paint.c.ifdefed" startline="37" endline="60" function="draw" hash="-2222253791807599280"></source>
			<source file="../../workspace/dataset/test/paint-repeat.c.ifdefed" startline="37" endline="62" function="draw" hash="-2068490773941690386"></source>
			<source file="../../workspace/dataset/test/scale-source-surface-paint.c.ifdefed" startline="37" endline="61" function="draw" hash="-6349641347343303583"></source>
		</class>
	</version>
	<version nr="4730" hash="e3665bde5" evolution="Same" change="Consistent">
		<class nclones="5">
			<source file="../../workspace/dataset/test/paint-source-alpha.c.ifdefed" startline="38" endline="64" function="draw" hash="-5963923761590025388"></source>
			<source file="../../workspace/dataset/test/paint-with-alpha.c.ifdefed" startline="38" endline="64" function="draw" hash="-3888416603131888426"></source>
			<source file="../../workspace/dataset/test/source-surface-scale-paint.c.ifdefed" startline="37" endline="60" function="draw" hash="7346289633848509439"></source>
			<source file="../../workspace/dataset/test/scale-source-surface-paint.c.ifdefed" startline="37" endline="61" function="draw" hash="9217741618968942532"></source>
			<source file="../../workspace/dataset/test/paint-repeat.c.ifdefed" startline="37" endline="62" function="draw" hash="-3599490997274493047"></source>
		</class>
	</version>
	<version nr="7140" hash="514d366cd" evolution="Same" change="Same">
		<class nclones="5">
			<source file="../../workspace/dataset/test/paint-source-alpha.c.ifdefed" startline="38" endline="64" function="draw" hash="-5963923761590025388"></source>
			<source file="../../workspace/dataset/test/paint-with-alpha.c.ifdefed" startline="38" endline="64" function="draw" hash="-3888416603131888426"></source>
			<source file="../../workspace/dataset/test/source-surface-scale-paint.c.ifdefed" startline="37" endline="60" function="draw" hash="7346289633848509439"></source>
			<source file="../../workspace/dataset/test/scale-source-surface-paint.c.ifdefed" startline="37" endline="61" function="draw" hash="9217741618968942532"></source>
			<source file="../../workspace/dataset/test/paint-repeat.c.ifdefed" startline="37" endline="62" function="draw" hash="-3599490997274493047"></source>
		</class>
	</version>
	<version nr="7150" hash="d3c434973" evolution="Add" change="Consistent">
		<class nclones="6">
			<source file="../../workspace/dataset/test/paint-source-alpha.c.ifdefed" startline="29" endline="56" function="draw" hash="6020246630756725175"></source>
			<source file="../../workspace/dataset/test/paint-with-alpha.c.ifdefed" startline="29" endline="56" function="draw" hash="343723093046743101"></source>
			<source file="../../workspace/dataset/test/source-surface-scale-paint.c.ifdefed" startline="28" endline="52" function="draw" hash="3665135756339871498"></source>
			<source file="../../workspace/dataset/test/scale-down-source-surface-paint.c.ifdefed" startline="28" endline="58" function="draw" hash="-5358209405049847227"></source>
			<source file="../../workspace/dataset/test/paint-repeat.c.ifdefed" startline="28" endline="54" function="draw" hash="7706793485384937256"></source>
			<source file="../../workspace/dataset/test/scale-source-surface-paint.c.ifdefed" startline="28" endline="53" function="draw" hash="-4273371923402514257"></source>
		</class>
	</version>
	<version nr="8420" hash="e2150185f" evolution="Same" change="Same">
		<class nclones="6">
			<source file="../../workspace/dataset/test/paint-source-alpha.c.ifdefed" startline="29" endline="56" function="draw" hash="6020246630756725175"></source>
			<source file="../../workspace/dataset/test/paint-with-alpha.c.ifdefed" startline="29" endline="56" function="draw" hash="343723093046743101"></source>
			<source file="../../workspace/dataset/test/source-surface-scale-paint.c.ifdefed" startline="28" endline="52" function="draw" hash="3665135756339871498"></source>
			<source file="../../workspace/dataset/test/scale-source-surface-paint.c.ifdefed" startline="28" endline="53" function="draw" hash="-4273371923402514257"></source>
			<source file="../../workspace/dataset/test/paint-repeat.c.ifdefed" startline="28" endline="54" function="draw" hash="7706793485384937256"></source>
			<source file="../../workspace/dataset/test/scale-down-source-surface-paint.c.ifdefed" startline="28" endline="58" function="draw" hash="-5358209405049847227"></source>
		</class>
	</version>
	<version nr="8430" hash="9b039a65a" evolution="Add" change="Inconsistent">
		<class nclones="7">
			<source file="../../workspace/dataset/test/paint-source-alpha.c.ifdefed" startline="29" endline="56" function="draw" hash="6020246630756725175"></source>
			<source file="../../workspace/dataset/test/paint-with-alpha.c.ifdefed" startline="36" endline="56" function="draw" hash="6431343108979611452"></source>
			<source file="../../workspace/dataset/test/source-surface-scale-paint.c.ifdefed" startline="28" endline="52" function="draw" hash="3665135756339871498"></source>
			<source file="../../workspace/dataset/test/paint-with-alpha.c.ifdefed" startline="72" endline="95" function="draw_clip" hash="6342491784076400616"></source>
			<source file="../../workspace/dataset/test/scale-source-surface-paint.c.ifdefed" startline="28" endline="53" function="draw" hash="-4273371923402514257"></source>
			<source file="../../workspace/dataset/test/scale-down-source-surface-paint.c.ifdefed" startline="28" endline="58" function="draw" hash="-5358209405049847227"></source>
			<source file="../../workspace/dataset/test/paint-repeat.c.ifdefed" startline="28" endline="54" function="draw" hash="7706793485384937256"></source>
		</class>
	</version>
	<version nr="8440" hash="4d5c95f62" evolution="Add" change="Same">
		<class nclones="11">
			<source file="../../workspace/dataset/test/paint-source-alpha.c.ifdefed" startline="29" endline="56" function="draw" hash="6020246630756725175"></source>
			<source file="../../workspace/dataset/test/paint-with-alpha.c.ifdefed" startline="36" endline="56" function="draw" hash="6431343108979611452"></source>
			<source file="../../workspace/dataset/test/source-surface-scale-paint.c.ifdefed" startline="28" endline="52" function="draw" hash="3665135756339871498"></source>
			<source file="../../workspace/dataset/test/paint-with-alpha.c.ifdefed" startline="72" endline="95" function="draw_clip" hash="6342491784076400616"></source>
			<source file="../../workspace/dataset/test/record.c.ifdefed" startline="100" endline="123" function="*paint_alpha_clip" hash="3134322955490531302"></source>
			<source file="../../workspace/dataset/test/record.c.ifdefed" startline="64" endline="84" function="*paint_alpha" hash="5390635571907613498"></source>
			<source file="../../workspace/dataset/test/scale-down-source-surface-paint.c.ifdefed" startline="28" endline="58" function="draw" hash="-5358209405049847227"></source>
			<source file="../../workspace/dataset/test/paint-repeat.c.ifdefed" startline="28" endline="54" function="draw" hash="7706793485384937256"></source>
			<source file="../../workspace/dataset/test/scale-source-surface-paint.c.ifdefed" startline="28" endline="53" function="draw" hash="-4273371923402514257"></source>
			<source file="../../workspace/dataset/test/paint-with-alpha.c.ifdefed" startline="97" endline="123" function="draw_clip_mask" hash="8736480796960419552"></source>
			<source file="../../workspace/dataset/test/record.c.ifdefed" startline="125" endline="151" function="*paint_alpha_clip_mask" hash="5588857586392894210"></source>
		</class>
	</version>
	<version nr="9130" hash="589216c1e" evolution="Same" change="Same">
		<class nclones="11">
			<source file="../../workspace/dataset/test/paint-source-alpha.c.ifdefed" startline="29" endline="56" function="draw" hash="6020246630756725175"></source>
			<source file="../../workspace/dataset/test/paint-with-alpha.c.ifdefed" startline="36" endline="56" function="draw" hash="6431343108979611452"></source>
			<source file="../../workspace/dataset/test/paint-with-alpha.c.ifdefed" startline="72" endline="95" function="draw_clip" hash="6342491784076400616"></source>
			<source file="../../workspace/dataset/test/record.c.ifdefed" startline="100" endline="123" function="*paint_alpha_clip" hash="3134322955490531302"></source>
			<source file="../../workspace/dataset/test/record.c.ifdefed" startline="64" endline="84" function="*paint_alpha" hash="5390635571907613498"></source>
			<source file="../../workspace/dataset/test/source-surface-scale-paint.c.ifdefed" startline="28" endline="52" function="draw" hash="3665135756339871498"></source>
			<source file="../../workspace/dataset/test/paint-with-alpha.c.ifdefed" startline="97" endline="123" function="draw_clip_mask" hash="8736480796960419552"></source>
			<source file="../../workspace/dataset/test/record.c.ifdefed" startline="125" endline="151" function="*paint_alpha_clip_mask" hash="5588857586392894210"></source>
			<source file="../../workspace/dataset/test/scale-source-surface-paint.c.ifdefed" startline="28" endline="53" function="draw" hash="-4273371923402514257"></source>
			<source file="../../workspace/dataset/test/paint-repeat.c.ifdefed" startline="28" endline="54" function="draw" hash="7706793485384937256"></source>
			<source file="../../workspace/dataset/test/scale-down-source-surface-paint.c.ifdefed" startline="28" endline="58" function="draw" hash="-5358209405049847227"></source>
		</class>
	</version>
	<version nr="9140" hash="ef7e57f0f" evolution="Add" change="Same">
		<class nclones="20">
			<source file="../../workspace/dataset/test/record1414x.c.ifdefed" startline="70" endline="90" function="*paint_alpha" hash="5390635571907613498"></source>
			<source file="../../workspace/dataset/test/record.c.ifdefed" startline="64" endline="84" function="*paint_alpha" hash="5390635571907613498"></source>
			<source file="../../workspace/dataset/test/record2x.c.ifdefed" startline="102" endline="125" function="*paint_alpha_clip" hash="3134322955490531302"></source>
			<source file="../../workspace/dataset/test/record90.c.ifdefed" startline="66" endline="86" function="*paint_alpha" hash="5390635571907613498"></source>
			<source file="../../workspace/dataset/test/record2x.c.ifdefed" startline="66" endline="86" function="*paint_alpha" hash="5390635571907613498"></source>
			<source file="../../workspace/dataset/test/record90.c.ifdefed" startline="102" endline="125" function="*paint_alpha_clip" hash="3134322955490531302"></source>
			<source file="../../workspace/dataset/test/record.c.ifdefed" startline="100" endline="123" function="*paint_alpha_clip" hash="3134322955490531302"></source>
			<source file="../../workspace/dataset/test/paint-with-alpha.c.ifdefed" startline="72" endline="95" function="draw_clip" hash="6342491784076400616"></source>
			<source file="../../workspace/dataset/test/paint-with-alpha.c.ifdefed" startline="36" endline="56" function="draw" hash="6431343108979611452"></source>
			<source file="../../workspace/dataset/test/record1414x.c.ifdefed" startline="106" endline="129" function="*paint_alpha_clip" hash="3134322955490531302"></source>
			<source file="../../workspace/dataset/test/record2x.c.ifdefed" startline="127" endline="153" function="*paint_alpha_clip_mask" hash="5588857586392894210"></source>
			<source file="../../workspace/dataset/test/record90.c.ifdefed" startline="127" endline="153" function="*paint_alpha_clip_mask" hash="5588857586392894210"></source>
			<source file="../../workspace/dataset/test/record1414x.c.ifdefed" startline="131" endline="157" function="*paint_alpha_clip_mask" hash="5588857586392894210"></source>
			<source file="../../workspace/dataset/test/record.c.ifdefed" startline="125" endline="151" function="*paint_alpha_clip_mask" hash="5588857586392894210"></source>
			<source file="../../workspace/dataset/test/paint-with-alpha.c.ifdefed" startline="97" endline="123" function="draw_clip_mask" hash="8736480796960419552"></source>
			<source file="../../workspace/dataset/test/paint-source-alpha.c.ifdefed" startline="29" endline="56" function="draw" hash="6020246630756725175"></source>
			<source file="../../workspace/dataset/test/source-surface-scale-paint.c.ifdefed" startline="28" endline="52" function="draw" hash="3665135756339871498"></source>
			<source file="../../workspace/dataset/test/scale-down-source-surface-paint.c.ifdefed" startline="28" endline="58" function="draw" hash="-5358209405049847227"></source>
			<source file="../../workspace/dataset/test/paint-repeat.c.ifdefed" startline="28" endline="54" function="draw" hash="7706793485384937256"></source>
			<source file="../../workspace/dataset/test/scale-source-surface-paint.c.ifdefed" startline="28" endline="53" function="draw" hash="-4273371923402514257"></source>
		</class>
	</version>
	<version nr="9740" hash="14237f114" evolution="Same" change="Same">
		<class nclones="20">
			<source file="../../workspace/dataset/test/record1414x.c.ifdefed" startline="70" endline="90" function="*paint_alpha" hash="5390635571907613498"></source>
			<source file="../../workspace/dataset/test/record.c.ifdefed" startline="66" endline="86" function="*paint_alpha" hash="5390635571907613498"></source>
			<source file="../../workspace/dataset/test/record2x.c.ifdefed" startline="102" endline="125" function="*paint_alpha_clip" hash="3134322955490531302"></source>
			<source file="../../workspace/dataset/test/record90.c.ifdefed" startline="66" endline="86" function="*paint_alpha" hash="5390635571907613498"></source>
			<source file="../../workspace/dataset/test/record2x.c.ifdefed" startline="66" endline="86" function="*paint_alpha" hash="5390635571907613498"></source>
			<source file="../../workspace/dataset/test/record90.c.ifdefed" startline="102" endline="125" function="*paint_alpha_clip" hash="3134322955490531302"></source>
			<source file="../../workspace/dataset/test/record.c.ifdefed" startline="102" endline="125" function="*paint_alpha_clip" hash="3134322955490531302"></source>
			<source file="../../workspace/dataset/test/paint-with-alpha.c.ifdefed" startline="72" endline="95" function="draw_clip" hash="6342491784076400616"></source>
			<source file="../../workspace/dataset/test/paint-with-alpha.c.ifdefed" startline="36" endline="56" function="draw" hash="6431343108979611452"></source>
			<source file="../../workspace/dataset/test/record1414x.c.ifdefed" startline="106" endline="129" function="*paint_alpha_clip" hash="3134322955490531302"></source>
			<source file="../../workspace/dataset/test/record2x.c.ifdefed" startline="127" endline="153" function="*paint_alpha_clip_mask" hash="5588857586392894210"></source>
			<source file="../../workspace/dataset/test/record90.c.ifdefed" startline="127" endline="153" function="*paint_alpha_clip_mask" hash="5588857586392894210"></source>
			<source file="../../workspace/dataset/test/record1414x.c.ifdefed" startline="131" endline="157" function="*paint_alpha_clip_mask" hash="5588857586392894210"></source>
			<source file="../../workspace/dataset/test/record.c.ifdefed" startline="127" endline="153" function="*paint_alpha_clip_mask" hash="5588857586392894210"></source>
			<source file="../../workspace/dataset/test/paint-with-alpha.c.ifdefed" startline="97" endline="123" function="draw_clip_mask" hash="8736480796960419552"></source>
			<source file="../../workspace/dataset/test/paint-source-alpha.c.ifdefed" startline="29" endline="56" function="draw" hash="6020246630756725175"></source>
			<source file="../../workspace/dataset/test/source-surface-scale-paint.c.ifdefed" startline="28" endline="52" function="draw" hash="3665135756339871498"></source>
			<source file="../../workspace/dataset/test/paint-repeat.c.ifdefed" startline="28" endline="54" function="draw" hash="7706793485384937256"></source>
			<source file="../../workspace/dataset/test/scale-source-surface-paint.c.ifdefed" startline="28" endline="53" function="draw" hash="-4273371923402514257"></source>
			<source file="../../workspace/dataset/test/scale-down-source-surface-paint.c.ifdefed" startline="28" endline="58" function="draw" hash="-5358209405049847227"></source>
		</class>
	</version>
	<version nr="9750" hash="a8f1b456d" evolution="Add" change="Same">
		<class nclones="23">
			<source file="../../workspace/dataset/test/record1414x.c.ifdefed" startline="70" endline="90" function="*paint_alpha" hash="5390635571907613498"></source>
			<source file="../../workspace/dataset/test/record2x.c.ifdefed" startline="66" endline="86" function="*paint_alpha" hash="5390635571907613498"></source>
			<source file="../../workspace/dataset/test/paint-with-alpha.c.ifdefed" startline="72" endline="95" function="draw_clip" hash="6342491784076400616"></source>
			<source file="../../workspace/dataset/test/record.c.ifdefed" startline="102" endline="125" function="*paint_alpha_clip" hash="3134322955490531302"></source>
			<source file="../../workspace/dataset/test/recordflip.c.ifdefed" startline="100" endline="123" function="*paint_alpha_clip" hash="3134322955490531302"></source>
			<source file="../../workspace/dataset/test/recordflip.c.ifdefed" startline="64" endline="84" function="*paint_alpha" hash="5390635571907613498"></source>
			<source file="../../workspace/dataset/test/record90.c.ifdefed" startline="102" endline="125" function="*paint_alpha_clip" hash="3134322955490531302"></source>
			<source file="../../workspace/dataset/test/record90.c.ifdefed" startline="66" endline="86" function="*paint_alpha" hash="5390635571907613498"></source>
			<source file="../../workspace/dataset/test/paint-with-alpha.c.ifdefed" startline="36" endline="56" function="draw" hash="6431343108979611452"></source>
			<source file="../../workspace/dataset/test/record1414x.c.ifdefed" startline="106" endline="129" function="*paint_alpha_clip" hash="3134322955490531302"></source>
			<source file="../../workspace/dataset/test/record2x.c.ifdefed" startline="102" endline="125" function="*paint_alpha_clip" hash="3134322955490531302"></source>
			<source file="../../workspace/dataset/test/record.c.ifdefed" startline="66" endline="86" function="*paint_alpha" hash="5390635571907613498"></source>
			<source file="../../workspace/dataset/test/paint-with-alpha.c.ifdefed" startline="97" endline="123" function="draw_clip_mask" hash="8736480796960419552"></source>
			<source file="../../workspace/dataset/test/record.c.ifdefed" startline="127" endline="153" function="*paint_alpha_clip_mask" hash="5588857586392894210"></source>
			<source file="../../workspace/dataset/test/record90.c.ifdefed" startline="127" endline="153" function="*paint_alpha_clip_mask" hash="5588857586392894210"></source>
			<source file="../../workspace/dataset/test/record1414x.c.ifdefed" startline="131" endline="157" function="*paint_alpha_clip_mask" hash="5588857586392894210"></source>
			<source file="../../workspace/dataset/test/record2x.c.ifdefed" startline="127" endline="153" function="*paint_alpha_clip_mask" hash="5588857586392894210"></source>
			<source file="../../workspace/dataset/test/recordflip.c.ifdefed" startline="125" endline="151" function="*paint_alpha_clip_mask" hash="5588857586392894210"></source>
			<source file="../../workspace/dataset/test/source-surface-scale-paint.c.ifdefed" startline="28" endline="52" function="draw" hash="3665135756339871498"></source>
			<source file="../../workspace/dataset/test/paint-source-alpha.c.ifdefed" startline="29" endline="56" function="draw" hash="6020246630756725175"></source>
			<source file="../../workspace/dataset/test/paint-repeat.c.ifdefed" startline="28" endline="54" function="draw" hash="7706793485384937256"></source>
			<source file="../../workspace/dataset/test/scale-down-source-surface-paint.c.ifdefed" startline="28" endline="58" function="draw" hash="-5358209405049847227"></source>
			<source file="../../workspace/dataset/test/scale-source-surface-paint.c.ifdefed" startline="28" endline="53" function="draw" hash="-4273371923402514257"></source>
		</class>
	</version>
	<version nr="10420" hash="9d372ca91" evolution="Same" change="Same">
		<class nclones="23">
			<source file="../../workspace/dataset/test/record1414x.c.ifdefed" startline="70" endline="90" function="*paint_alpha" hash="5390635571907613498"></source>
			<source file="../../workspace/dataset/test/record2x.c.ifdefed" startline="66" endline="86" function="*paint_alpha" hash="5390635571907613498"></source>
			<source file="../../workspace/dataset/test/paint-with-alpha.c.ifdefed" startline="72" endline="95" function="draw_clip" hash="6342491784076400616"></source>
			<source file="../../workspace/dataset/test/record.c.ifdefed" startline="102" endline="125" function="*paint_alpha_clip" hash="3134322955490531302"></source>
			<source file="../../workspace/dataset/test/recordflip.c.ifdefed" startline="100" endline="123" function="*paint_alpha_clip" hash="3134322955490531302"></source>
			<source file="../../workspace/dataset/test/recordflip.c.ifdefed" startline="64" endline="84" function="*paint_alpha" hash="5390635571907613498"></source>
			<source file="../../workspace/dataset/test/record90.c.ifdefed" startline="102" endline="125" function="*paint_alpha_clip" hash="3134322955490531302"></source>
			<source file="../../workspace/dataset/test/record90.c.ifdefed" startline="66" endline="86" function="*paint_alpha" hash="5390635571907613498"></source>
			<source file="../../workspace/dataset/test/paint-with-alpha.c.ifdefed" startline="36" endline="56" function="draw" hash="6431343108979611452"></source>
			<source file="../../workspace/dataset/test/record1414x.c.ifdefed" startline="106" endline="129" function="*paint_alpha_clip" hash="3134322955490531302"></source>
			<source file="../../workspace/dataset/test/record2x.c.ifdefed" startline="102" endline="125" function="*paint_alpha_clip" hash="3134322955490531302"></source>
			<source file="../../workspace/dataset/test/record.c.ifdefed" startline="66" endline="86" function="*paint_alpha" hash="5390635571907613498"></source>
			<source file="../../workspace/dataset/test/paint-with-alpha.c.ifdefed" startline="97" endline="123" function="draw_clip_mask" hash="8736480796960419552"></source>
			<source file="../../workspace/dataset/test/record.c.ifdefed" startline="127" endline="153" function="*paint_alpha_clip_mask" hash="5588857586392894210"></source>
			<source file="../../workspace/dataset/test/record90.c.ifdefed" startline="127" endline="153" function="*paint_alpha_clip_mask" hash="5588857586392894210"></source>
			<source file="../../workspace/dataset/test/record1414x.c.ifdefed" startline="131" endline="157" function="*paint_alpha_clip_mask" hash="5588857586392894210"></source>
			<source file="../../workspace/dataset/test/record2x.c.ifdefed" startline="127" endline="153" function="*paint_alpha_clip_mask" hash="5588857586392894210"></source>
			<source file="../../workspace/dataset/test/recordflip.c.ifdefed" startline="125" endline="151" function="*paint_alpha_clip_mask" hash="5588857586392894210"></source>
			<source file="../../workspace/dataset/test/source-surface-scale-paint.c.ifdefed" startline="28" endline="52" function="draw" hash="3665135756339871498"></source>
			<source file="../../workspace/dataset/test/paint-source-alpha.c.ifdefed" startline="29" endline="56" function="draw" hash="6020246630756725175"></source>
			<source file="../../workspace/dataset/test/paint-repeat.c.ifdefed" startline="28" endline="54" function="draw" hash="7706793485384937256"></source>
			<source file="../../workspace/dataset/test/scale-down-source-surface-paint.c.ifdefed" startline="28" endline="58" function="draw" hash="-5358209405049847227"></source>
			<source file="../../workspace/dataset/test/scale-source-surface-paint.c.ifdefed" startline="28" endline="53" function="draw" hash="-4273371923402514257"></source>
		</class>
	</version>
	<version nr="10430" hash="5c7a6ca14" evolution="Same" change="Inconsistent">
		<class nclones="23">
			<source file="../../workspace/dataset/test/record1414x.c.ifdefed" startline="70" endline="90" function="*paint_alpha" hash="5390635571907613498"></source>
			<source file="../../workspace/dataset/test/record90.c.ifdefed" startline="66" endline="86" function="*paint_alpha" hash="5390635571907613498"></source>
			<source file="../../workspace/dataset/test/paint-with-alpha.c.ifdefed" startline="36" endline="56" function="draw" hash="6431343108979611452"></source>
			<source file="../../workspace/dataset/test/record.c.ifdefed" startline="68" endline="91" function="*paint_alpha" hash="-4091063371286587576"></source>
			<source file="../../workspace/dataset/test/record2x.c.ifdefed" startline="66" endline="86" function="*paint_alpha" hash="5390635571907613498"></source>
			<source file="../../workspace/dataset/test/paint-with-alpha.c.ifdefed" startline="72" endline="95" function="draw_clip" hash="6342491784076400616"></source>
			<source file="../../workspace/dataset/test/record1414x.c.ifdefed" startline="106" endline="129" function="*paint_alpha_clip" hash="3134322955490531302"></source>
			<source file="../../workspace/dataset/test/recordflip.c.ifdefed" startline="64" endline="84" function="*paint_alpha" hash="5390635571907613498"></source>
			<source file="../../workspace/dataset/test/record2x.c.ifdefed" startline="102" endline="125" function="*paint_alpha_clip" hash="3134322955490531302"></source>
			<source file="../../workspace/dataset/test/recordflip.c.ifdefed" startline="100" endline="123" function="*paint_alpha_clip" hash="3134322955490531302"></source>
			<source file="../../workspace/dataset/test/record90.c.ifdefed" startline="102" endline="125" function="*paint_alpha_clip" hash="3134322955490531302"></source>
			<source file="../../workspace/dataset/test/record.c.ifdefed" startline="107" endline="133" function="*paint_alpha_clip" hash="-8004617969996351672"></source>
			<source file="../../workspace/dataset/test/source-surface-scale-paint.c.ifdefed" startline="28" endline="52" function="draw" hash="3665135756339871498"></source>
			<source file="../../workspace/dataset/test/paint-source-alpha.c.ifdefed" startline="29" endline="56" function="draw" hash="6020246630756725175"></source>
			<source file="../../workspace/dataset/test/paint-with-alpha.c.ifdefed" startline="97" endline="123" function="draw_clip_mask" hash="8736480796960419552"></source>
			<source file="../../workspace/dataset/test/record90.c.ifdefed" startline="127" endline="153" function="*paint_alpha_clip_mask" hash="5588857586392894210"></source>
			<source file="../../workspace/dataset/test/record2x.c.ifdefed" startline="127" endline="153" function="*paint_alpha_clip_mask" hash="5588857586392894210"></source>
			<source file="../../workspace/dataset/test/recordflip.c.ifdefed" startline="125" endline="151" function="*paint_alpha_clip_mask" hash="5588857586392894210"></source>
			<source file="../../workspace/dataset/test/record1414x.c.ifdefed" startline="131" endline="157" function="*paint_alpha_clip_mask" hash="5588857586392894210"></source>
			<source file="../../workspace/dataset/test/record.c.ifdefed" startline="135" endline="164" function="*paint_alpha_clip_mask" hash="-653888858626177376"></source>
			<source file="../../workspace/dataset/test/scale-down-source-surface-paint.c.ifdefed" startline="28" endline="58" function="draw" hash="-5358209405049847227"></source>
			<source file="../../workspace/dataset/test/paint-repeat.c.ifdefed" startline="28" endline="54" function="draw" hash="7706793485384937256"></source>
			<source file="../../workspace/dataset/test/scale-source-surface-paint.c.ifdefed" startline="28" endline="53" function="draw" hash="-4273371923402514257"></source>
		</class>
	</version>
	<version nr="10840" hash="359afa3e8" evolution="Same" change="Same">
		<class nclones="23">
			<source file="../../workspace/dataset/test/record1414x.c.ifdefed" startline="70" endline="90" function="*paint_alpha" hash="5390635571907613498"></source>
			<source file="../../workspace/dataset/test/record90.c.ifdefed" startline="66" endline="86" function="*paint_alpha" hash="5390635571907613498"></source>
			<source file="../../workspace/dataset/test/paint-with-alpha.c.ifdefed" startline="36" endline="56" function="draw" hash="6431343108979611452"></source>
			<source file="../../workspace/dataset/test/record.c.ifdefed" startline="68" endline="91" function="*paint_alpha" hash="-4091063371286587576"></source>
			<source file="../../workspace/dataset/test/record2x.c.ifdefed" startline="66" endline="86" function="*paint_alpha" hash="5390635571907613498"></source>
			<source file="../../workspace/dataset/test/paint-with-alpha.c.ifdefed" startline="72" endline="95" function="draw_clip" hash="6342491784076400616"></source>
			<source file="../../workspace/dataset/test/record1414x.c.ifdefed" startline="106" endline="129" function="*paint_alpha_clip" hash="3134322955490531302"></source>
			<source file="../../workspace/dataset/test/recordflip.c.ifdefed" startline="64" endline="84" function="*paint_alpha" hash="5390635571907613498"></source>
			<source file="../../workspace/dataset/test/record2x.c.ifdefed" startline="102" endline="125" function="*paint_alpha_clip" hash="3134322955490531302"></source>
			<source file="../../workspace/dataset/test/recordflip.c.ifdefed" startline="100" endline="123" function="*paint_alpha_clip" hash="3134322955490531302"></source>
			<source file="../../workspace/dataset/test/record90.c.ifdefed" startline="102" endline="125" function="*paint_alpha_clip" hash="3134322955490531302"></source>
			<source file="../../workspace/dataset/test/record.c.ifdefed" startline="107" endline="133" function="*paint_alpha_clip" hash="-8004617969996351672"></source>
			<source file="../../workspace/dataset/test/source-surface-scale-paint.c.ifdefed" startline="28" endline="52" function="draw" hash="3665135756339871498"></source>
			<source file="../../workspace/dataset/test/paint-source-alpha.c.ifdefed" startline="29" endline="56" function="draw" hash="6020246630756725175"></source>
			<source file="../../workspace/dataset/test/paint-with-alpha.c.ifdefed" startline="97" endline="123" function="draw_clip_mask" hash="8736480796960419552"></source>
			<source file="../../workspace/dataset/test/record90.c.ifdefed" startline="127" endline="153" function="*paint_alpha_clip_mask" hash="5588857586392894210"></source>
			<source file="../../workspace/dataset/test/record2x.c.ifdefed" startline="127" endline="153" function="*paint_alpha_clip_mask" hash="5588857586392894210"></source>
			<source file="../../workspace/dataset/test/recordflip.c.ifdefed" startline="125" endline="151" function="*paint_alpha_clip_mask" hash="5588857586392894210"></source>
			<source file="../../workspace/dataset/test/record1414x.c.ifdefed" startline="131" endline="157" function="*paint_alpha_clip_mask" hash="5588857586392894210"></source>
			<source file="../../workspace/dataset/test/record.c.ifdefed" startline="135" endline="164" function="*paint_alpha_clip_mask" hash="-653888858626177376"></source>
			<source file="../../workspace/dataset/test/scale-down-source-surface-paint.c.ifdefed" startline="28" endline="58" function="draw" hash="-5358209405049847227"></source>
			<source file="../../workspace/dataset/test/paint-repeat.c.ifdefed" startline="28" endline="54" function="draw" hash="7706793485384937256"></source>
			<source file="../../workspace/dataset/test/scale-source-surface-paint.c.ifdefed" startline="28" endline="53" function="draw" hash="-4273371923402514257"></source>
		</class>
	</version>
</lineage>
<lineage>
	<version nr="840" hash="ec84ace5a" evolution="None" change="None">
		<class nclones="2">
			<source file="../../workspace/dataset/test/pdf-surface.c.ifdefed" startline="41" endline="85" function="draw" hash="8132295983689184054"></source>
			<source file="../../workspace/dataset/test/ps-surface.c.ifdefed" startline="41" endline="85" function="draw" hash="8132295983689184054"></source>
		</class>
	</version>
	<version nr="1400" hash="eeb56e713" evolution="Same" change="Same">
		<class nclones="2">
			<source file="../../workspace/dataset/test/pdf-surface.c.ifdefed" startline="41" endline="85" function="draw" hash="8132295983689184054"></source>
			<source file="../../workspace/dataset/test/ps-surface.c.ifdefed" startline="41" endline="85" function="draw" hash="8132295983689184054"></source>
		</class>
	</version>
	<version nr="1410" hash="67d20cd4b" evolution="Same" change="Consistent">
		<class nclones="2">
			<source file="../../workspace/dataset/test/pdf-surface.c.ifdefed" startline="41" endline="81" function="draw" hash="3442467839838046763"></source>
			<source file="../../workspace/dataset/test/ps-surface.c.ifdefed" startline="41" endline="81" function="draw" hash="3442467839838046763"></source>
		</class>
	</version>
	<version nr="1470" hash="73df5f2d6" evolution="Same" change="Same">
		<class nclones="2">
			<source file="../../workspace/dataset/test/pdf-surface.c.ifdefed" startline="41" endline="81" function="draw" hash="3442467839838046763"></source>
			<source file="../../workspace/dataset/test/ps-surface.c.ifdefed" startline="41" endline="81" function="draw" hash="3442467839838046763"></source>
		</class>
	</version>
	<version nr="1480" hash="79eee2c30" evolution="Add" change="Same">
		<class nclones="3">
			<source file="../../workspace/dataset/test/svg-surface.c.ifdefed" startline="41" endline="85" function="draw" hash="8132295983689184054"></source>
			<source file="../../workspace/dataset/test/ps-surface.c.ifdefed" startline="41" endline="81" function="draw" hash="3442467839838046763"></source>
			<source file="../../workspace/dataset/test/pdf-surface.c.ifdefed" startline="41" endline="81" function="draw" hash="3442467839838046763"></source>
		</class>
	</version>
	<version nr="1520" hash="88875100d" evolution="Same" change="Same">
		<class nclones="3">
			<source file="../../workspace/dataset/test/svg-surface.c.ifdefed" startline="41" endline="85" function="draw" hash="8132295983689184054"></source>
			<source file="../../workspace/dataset/test/ps-surface.c.ifdefed" startline="41" endline="81" function="draw" hash="3442467839838046763"></source>
			<source file="../../workspace/dataset/test/pdf-surface.c.ifdefed" startline="41" endline="81" function="draw" hash="3442467839838046763"></source>
		</class>
	</version>
	<version nr="1530" hash="3647ff95f" evolution="Same" change="Inconsistent">
		<class nclones="3">
			<source file="../../workspace/dataset/test/svg-surface.c.ifdefed" startline="41" endline="85" function="draw" hash="8132295983689184054"></source>
			<source file="../../workspace/dataset/test/pdf-surface.c.ifdefed" startline="41" endline="81" function="draw" hash="3442467839838046763"></source>
			<source file="../../workspace/dataset/test/ps-surface.c.ifdefed" startline="41" endline="89" function="draw" hash="3342714805140984329"></source>
		</class>
	</version>
</lineage>
<lineage>
	<version nr="840" hash="ec84ace5a" evolution="None" change="None">
		<class nclones="2">
			<source file="../../workspace/dataset/test/pdf-surface.c.ifdefed" startline="87" endline="115" function="main" hash="-1588971379243798074"></source>
			<source file="../../workspace/dataset/test/ps-surface.c.ifdefed" startline="87" endline="115" function="main" hash="9162860127712662892"></source>
		</class>
	</version>
	<version nr="890" hash="8084fb9b0" evolution="Same" change="Same">
		<class nclones="2">
			<source file="../../workspace/dataset/test/pdf-surface.c.ifdefed" startline="87" endline="115" function="main" hash="-1588971379243798074"></source>
			<source file="../../workspace/dataset/test/ps-surface.c.ifdefed" startline="87" endline="115" function="main" hash="9162860127712662892"></source>
		</class>
	</version>
	<version nr="900" hash="fac3cd46b" evolution="Add" change="Same">
		<class nclones="3">
			<source file="../../workspace/dataset/test/pdf-surface.c.ifdefed" startline="87" endline="115" function="main" hash="-1588971379243798074"></source>
			<source file="../../workspace/dataset/test/ps-surface.c.ifdefed" startline="87" endline="115" function="main" hash="9162860127712662892"></source>
			<source file="../../workspace/dataset/test/pdf-clip.c.ifdefed" startline="106" endline="134" function="main" hash="-2041493887643869693"></source>
		</class>
	</version>
	<version nr="1470" hash="73df5f2d6" evolution="Same" change="Same">
		<class nclones="3">
			<source file="../../workspace/dataset/test/pdf-surface.c.ifdefed" startline="87" endline="115" function="main" hash="-1588971379243798074"></source>
			<source file="../../workspace/dataset/test/pdf-clip.c.ifdefed" startline="106" endline="134" function="main" hash="-2041493887643869693"></source>
			<source file="../../workspace/dataset/test/ps-surface.c.ifdefed" startline="87" endline="115" function="main" hash="9162860127712662892"></source>
		</class>
	</version>
	<version nr="1480" hash="79eee2c30" evolution="Add" change="Same">
		<class nclones="5">
			<source file="../../workspace/dataset/test/svg-surface.c.ifdefed" startline="87" endline="115" function="main" hash="8079474587359478874"></source>
			<source file="../../workspace/dataset/test/pdf-clip.c.ifdefed" startline="106" endline="134" function="main" hash="-2041493887643869693"></source>
			<source file="../../workspace/dataset/test/ps-surface.c.ifdefed" startline="83" endline="111" function="main" hash="9162860127712662892"></source>
			<source file="../../workspace/dataset/test/pdf-surface.c.ifdefed" startline="83" endline="111" function="main" hash="-1588971379243798074"></source>
			<source file="../../workspace/dataset/test/svg-clip.c.ifdefed" startline="106" endline="134" function="main" hash="-7098625064805489445"></source>
		</class>
	</version>
	<version nr="1520" hash="88875100d" evolution="Same" change="Same">
		<class nclones="5">
			<source file="../../workspace/dataset/test/svg-surface.c.ifdefed" startline="87" endline="115" function="main" hash="8079474587359478874"></source>
			<source file="../../workspace/dataset/test/svg-clip.c.ifdefed" startline="106" endline="134" function="main" hash="-7098625064805489445"></source>
			<source file="../../workspace/dataset/test/pdf-surface.c.ifdefed" startline="83" endline="111" function="main" hash="-1588971379243798074"></source>
			<source file="../../workspace/dataset/test/pdf-clip.c.ifdefed" startline="106" endline="134" function="main" hash="-2041493887643869693"></source>
			<source file="../../workspace/dataset/test/ps-surface.c.ifdefed" startline="83" endline="111" function="main" hash="9162860127712662892"></source>
		</class>
	</version>
	<version nr="1530" hash="3647ff95f" evolution="Subtract" change="Same">
		<class nclones="4">
			<source file="../../workspace/dataset/test/svg-surface.c.ifdefed" startline="87" endline="115" function="main" hash="8079474587359478874"></source>
			<source file="../../workspace/dataset/test/pdf-surface.c.ifdefed" startline="83" endline="111" function="main" hash="-1588971379243798074"></source>
			<source file="../../workspace/dataset/test/svg-clip.c.ifdefed" startline="106" endline="134" function="main" hash="-7098625064805489445"></source>
			<source file="../../workspace/dataset/test/pdf-clip.c.ifdefed" startline="106" endline="134" function="main" hash="-2041493887643869693"></source>
		</class>
	</version>
	<version nr="1540" hash="c634e5477" evolution="Subtract" change="Same">
		<class nclones="2">
			<source file="../../workspace/dataset/test/svg-surface.c.ifdefed" startline="87" endline="115" function="main" hash="8079474587359478874"></source>
			<source file="../../workspace/dataset/test/svg-clip.c.ifdefed" startline="106" endline="134" function="main" hash="-7098625064805489445"></source>
		</class>
	</version>
	<version nr="1970" hash="e0ad1aa99" evolution="Same" change="Same">
		<class nclones="2">
			<source file="../../workspace/dataset/test/svg-surface.c.ifdefed" startline="87" endline="115" function="main" hash="8079474587359478874"></source>
			<source file="../../workspace/dataset/test/svg-clip.c.ifdefed" startline="106" endline="134" function="main" hash="-7098625064805489445"></source>
		</class>
	</version>
	<version nr="1980" hash="9907813d5" evolution="Same" change="Consistent">
		<class nclones="2">
			<source file="../../workspace/dataset/test/svg-surface.c.ifdefed" startline="87" endline="115" function="main" hash="-6112151728883109804"></source>
			<source file="../../workspace/dataset/test/svg-clip.c.ifdefed" startline="106" endline="134" function="main" hash="821058102338381741"></source>
		</class>
	</version>
	<version nr="2760" hash="4e0f0d942" evolution="Same" change="Same">
		<class nclones="2">
			<source file="../../workspace/dataset/test/svg-surface.c.ifdefed" startline="87" endline="115" function="main" hash="-6112151728883109804"></source>
			<source file="../../workspace/dataset/test/svg-clip.c.ifdefed" startline="106" endline="134" function="main" hash="821058102338381741"></source>
		</class>
	</version>
	<version nr="2770" hash="cd43c03d1" evolution="Same" change="Consistent">
		<class nclones="2">
			<source file="../../workspace/dataset/test/svg-surface.c.ifdefed" startline="89" endline="119" function="main" hash="5150539704293399072"></source>
			<source file="../../workspace/dataset/test/svg-clip.c.ifdefed" startline="106" endline="136" function="main" hash="-681131959574274263"></source>
		</class>
	</version>
	<version nr="3720" hash="2f600affa" evolution="Same" change="Same">
		<class nclones="2">
			<source file="../../workspace/dataset/test/svg-surface.c.ifdefed" startline="89" endline="119" function="main" hash="5150539704293399072"></source>
			<source file="../../workspace/dataset/test/svg-clip.c.ifdefed" startline="106" endline="136" function="main" hash="-681131959574274263"></source>
		</class>
	</version>
	<version nr="3730" hash="5cbc45488" evolution="Same" change="Inconsistent">
		<class nclones="2">
			<source file="../../workspace/dataset/test/svg-surface.c.ifdefed" startline="89" endline="119" function="main" hash="5150539704293399072"></source>
			<source file="../../workspace/dataset/test/svg-clip.c.ifdefed" startline="106" endline="136" function="main" hash="1862334867499906703"></source>
		</class>
	</version>
	<version nr="4720" hash="5ace0cb17" evolution="Same" change="Same">
		<class nclones="2">
			<source file="../../workspace/dataset/test/svg-surface.c.ifdefed" startline="89" endline="119" function="main" hash="5150539704293399072"></source>
			<source file="../../workspace/dataset/test/svg-clip.c.ifdefed" startline="106" endline="136" function="main" hash="1862334867499906703"></source>
		</class>
	</version>
	<version nr="4730" hash="e3665bde5" evolution="Same" change="Consistent">
		<class nclones="2">
			<source file="../../workspace/dataset/test/svg-surface.c.ifdefed" startline="89" endline="128" function="main" hash="-7407041280784193093"></source>
			<source file="../../workspace/dataset/test/svg-clip.c.ifdefed" startline="106" endline="144" function="main" hash="2520555274148545979"></source>
		</class>
	</version>
	<version nr="5180" hash="871f68336" evolution="Same" change="Same">
		<class nclones="2">
			<source file="../../workspace/dataset/test/svg-surface.c.ifdefed" startline="89" endline="128" function="main" hash="-7407041280784193093"></source>
			<source file="../../workspace/dataset/test/svg-clip.c.ifdefed" startline="106" endline="144" function="main" hash="2520555274148545979"></source>
		</class>
	</version>
	<version nr="5190" hash="57851464f" evolution="Same" change="Consistent">
		<class nclones="2">
			<source file="../../workspace/dataset/test/svg-surface.c.ifdefed" startline="89" endline="130" function="main" hash="6426603940409044605"></source>
			<source file="../../workspace/dataset/test/svg-clip.c.ifdefed" startline="106" endline="146" function="main" hash="6391077275290511441"></source>
		</class>
	</version>
	<version nr="5480" hash="4f2f46ef1" evolution="Same" change="Same">
		<class nclones="2">
			<source file="../../workspace/dataset/test/svg-surface.c.ifdefed" startline="89" endline="130" function="main" hash="6426603940409044605"></source>
			<source file="../../workspace/dataset/test/svg-clip.c.ifdefed" startline="106" endline="146" function="main" hash="6391077275290511441"></source>
		</class>
	</version>
</lineage>
<lineage>
	<version nr="1000" hash="b65393917" evolution="None" change="None">
		<class nclones="2">
			<source file="../../workspace/dataset/test/composite-integer-translate-source.c.ifdefed" startline="16" endline="36" function="draw" hash="-3684373685862803607"></source>
			<source file="../../workspace/dataset/test/composite-integer-translate-over.c.ifdefed" startline="16" endline="36" function="draw" hash="-3313341145041836288"></source>
		</class>
	</version>
	<version nr="4720" hash="5ace0cb17" evolution="Same" change="Same">
		<class nclones="2">
			<source file="../../workspace/dataset/test/composite-integer-translate-source.c.ifdefed" startline="16" endline="36" function="draw" hash="-3684373685862803607"></source>
			<source file="../../workspace/dataset/test/composite-integer-translate-over.c.ifdefed" startline="16" endline="36" function="draw" hash="-3313341145041836288"></source>
		</class>
	</version>
	<version nr="4730" hash="e3665bde5" evolution="Same" change="Consistent">
		<class nclones="2">
			<source file="../../workspace/dataset/test/composite-integer-translate-source.c.ifdefed" startline="45" endline="66" function="draw" hash="-880509255330599154"></source>
			<source file="../../workspace/dataset/test/composite-integer-translate-over.c.ifdefed" startline="42" endline="63" function="draw" hash="7942504118838022739"></source>
		</class>
	</version>
	<version nr="10840" hash="359afa3e8" evolution="Same" change="Same">
		<class nclones="2">
			<source file="../../workspace/dataset/test/composite-integer-translate-source.c.ifdefed" startline="45" endline="66" function="draw" hash="-880509255330599154"></source>
			<source file="../../workspace/dataset/test/composite-integer-translate-over.c.ifdefed" startline="42" endline="63" function="draw" hash="7942504118838022739"></source>
		</class>
	</version>
</lineage>
<lineage>
	<version nr="1040" hash="d7699f0c0" evolution="None" change="None">
		<class nclones="3">
			<source file="../../workspace/dataset/test/text-antialias-gray.c.ifdefed" startline="38" endline="71" function="draw" hash="8662648401056915703"></source>
			<source file="../../workspace/dataset/test/text-antialias-none.c.ifdefed" startline="38" endline="71" function="draw" hash="8922416600559342560"></source>
			<source file="../../workspace/dataset/test/text-antialias-subpixel.c.ifdefed" startline="38" endline="75" function="draw" hash="-2699492986866019131"></source>
		</class>
	</version>
	<version nr="1250" hash="eb206f0a1" evolution="Same" change="Same">
		<class nclones="3">
			<source file="../../workspace/dataset/test/text-antialias-gray.c.ifdefed" startline="38" endline="71" function="draw" hash="8662648401056915703"></source>
			<source file="../../workspace/dataset/test/text-antialias-none.c.ifdefed" startline="38" endline="71" function="draw" hash="8922416600559342560"></source>
			<source file="../../workspace/dataset/test/text-antialias-subpixel.c.ifdefed" startline="38" endline="75" function="draw" hash="-2699492986866019131"></source>
		</class>
	</version>
	<version nr="1260" hash="317af5618" evolution="Same" change="Inconsistent">
		<class nclones="3">
			<source file="../../workspace/dataset/test/text-antialias-gray.c.ifdefed" startline="38" endline="71" function="draw" hash="8662648401056915703"></source>
			<source file="../../workspace/dataset/test/text-antialias-subpixel.c.ifdefed" startline="38" endline="78" function="draw" hash="1980481898449529794"></source>
			<source file="../../workspace/dataset/test/text-antialias-none.c.ifdefed" startline="38" endline="71" function="draw" hash="8922416600559342560"></source>
		</class>
	</version>
	<version nr="1270" hash="00af78735" evolution="Same" change="Consistent">
		<class nclones="3">
			<source file="../../workspace/dataset/test/text-antialias-gray.c.ifdefed" startline="38" endline="70" function="draw" hash="-5887790204870839559"></source>
			<source file="../../workspace/dataset/test/text-antialias-subpixel.c.ifdefed" startline="38" endline="77" function="draw" hash="-6619588125911755880"></source>
			<source file="../../workspace/dataset/test/text-antialias-none.c.ifdefed" startline="38" endline="70" function="draw" hash="-6366026480947434082"></source>
		</class>
	</version>
	<version nr="1530" hash="3647ff95f" evolution="Same" change="Same">
		<class nclones="3">
			<source file="../../workspace/dataset/test/text-antialias-gray.c.ifdefed" startline="38" endline="70" function="draw" hash="-5887790204870839559"></source>
			<source file="../../workspace/dataset/test/text-antialias-subpixel.c.ifdefed" startline="38" endline="77" function="draw" hash="-6619588125911755880"></source>
			<source file="../../workspace/dataset/test/text-antialias-none.c.ifdefed" startline="38" endline="70" function="draw" hash="-6366026480947434082"></source>
		</class>
	</version>
	<version nr="1540" hash="c634e5477" evolution="Same" change="Inconsistent">
		<class nclones="3">
			<source file="../../workspace/dataset/test/text-antialias-gray.c.ifdefed" startline="38" endline="76" function="draw" hash="-6095085777886346004"></source>
			<source file="../../workspace/dataset/test/text-antialias-subpixel.c.ifdefed" startline="38" endline="77" function="draw" hash="-6619588125911755880"></source>
			<source file="../../workspace/dataset/test/text-antialias-none.c.ifdefed" startline="38" endline="76" function="draw" hash="3908584420257691275"></source>
		</class>
	</version>
	<version nr="2010" hash="fdc805a52" evolution="Same" change="Same">
		<class nclones="3">
			<source file="../../workspace/dataset/test/text-antialias-gray.c.ifdefed" startline="38" endline="76" function="draw" hash="-6095085777886346004"></source>
			<source file="../../workspace/dataset/test/text-antialias-subpixel.c.ifdefed" startline="38" endline="77" function="draw" hash="-6619588125911755880"></source>
			<source file="../../workspace/dataset/test/text-antialias-none.c.ifdefed" startline="38" endline="76" function="draw" hash="3908584420257691275"></source>
		</class>
	</version>
	<version nr="2020" hash="cb5edb6c3" evolution="Add" change="Consistent">
		<class nclones="5">
			<source file="../../workspace/dataset/test/ft-text-antialias-none.c.ifdefed" startline="97" endline="127" function="draw" hash="5885017724050598799"></source>
			<source file="../../workspace/dataset/test/text-antialias-none.c.ifdefed" startline="41" endline="76" function="draw" hash="7653557931016068020"></source>
			<source file="../../workspace/dataset/test/text-antialias-gray.c.ifdefed" startline="41" endline="76" function="draw" hash="-8984395534564961879"></source>
			<source file="../../workspace/dataset/test/ft-text-vertical-layout.c.ifdefed" startline="97" endline="130" function="draw" hash="-3761081796626904764"></source>
			<source file="../../workspace/dataset/test/text-antialias-subpixel.c.ifdefed" startline="41" endline="76" function="draw" hash="-5375662389585431007"></source>
		</class>
	</version>
	<version nr="2030" hash="ac4922bd0" evolution="Same" change="Same">
		<class nclones="5">
			<source file="../../workspace/dataset/test/ft-text-antialias-none.c.ifdefed" startline="97" endline="127" function="draw" hash="5885017724050598799"></source>
			<source file="../../workspace/dataset/test/text-antialias-none.c.ifdefed" startline="41" endline="76" function="draw" hash="7653557931016068020"></source>
			<source file="../../workspace/dataset/test/text-antialias-gray.c.ifdefed" startline="41" endline="76" function="draw" hash="-8984395534564961879"></source>
			<source file="../../workspace/dataset/test/ft-text-vertical-layout.c.ifdefed" startline="97" endline="130" function="draw" hash="-3761081796626904764"></source>
			<source file="../../workspace/dataset/test/text-antialias-subpixel.c.ifdefed" startline="41" endline="76" function="draw" hash="-5375662389585431007"></source>
		</class>
	</version>
	<version nr="2040" hash="c96e1b6d8" evolution="Subtract" change="Same">
		<class nclones="2">
			<source file="../../workspace/dataset/test/ft-text-antialias-none.c.ifdefed" startline="97" endline="127" function="draw" hash="5885017724050598799"></source>
			<source file="../../workspace/dataset/test/ft-text-vertical-layout.c.ifdefed" startline="97" endline="130" function="draw" hash="-3761081796626904764"></source>
		</class>
	</version>
	<version nr="2070" hash="17ec33aa4" evolution="Same" change="Same">
		<class nclones="2">
			<source file="../../workspace/dataset/test/ft-text-antialias-none.c.ifdefed" startline="97" endline="127" function="draw" hash="5885017724050598799"></source>
			<source file="../../workspace/dataset/test/ft-text-vertical-layout.c.ifdefed" startline="97" endline="130" function="draw" hash="-3761081796626904764"></source>
		</class>
	</version>
</lineage>
<lineage>
	<version nr="1130" hash="8bdad8ffa" evolution="None" change="None">
		<class nclones="2">
			<source file="../../workspace/dataset/test/clip-operator.c.ifdefed" startline="36" endline="68" function="draw_mask" hash="6858709939990344768"></source>
			<source file="../../workspace/dataset/test/unbounded-operator.c.ifdefed" startline="35" endline="67" function="draw_mask" hash="6858709939990344768"></source>
		</class>
	</version>
	<version nr="1190" hash="3422d8760" evolution="Same" change="Same">
		<class nclones="2">
			<source file="../../workspace/dataset/test/clip-operator.c.ifdefed" startline="36" endline="68" function="draw_mask" hash="6858709939990344768"></source>
			<source file="../../workspace/dataset/test/unbounded-operator.c.ifdefed" startline="35" endline="67" function="draw_mask" hash="6858709939990344768"></source>
		</class>
	</version>
	<version nr="1200" hash="f5afeec18" evolution="Add" change="Same">
		<class nclones="4">
			<source file="../../workspace/dataset/test/clip-operator.c.ifdefed" startline="36" endline="68" function="draw_mask" hash="6858709939990344768"></source>
			<source file="../../workspace/dataset/test/unbounded-operator.c.ifdefed" startline="35" endline="67" function="draw_mask" hash="6858709939990344768"></source>
			<source file="../../workspace/dataset/test/operator-clear.c.ifdefed" startline="55" endline="81" function="draw_mask" hash="-2020021572096220945"></source>
			<source file="../../workspace/dataset/test/operator-source.c.ifdefed" startline="92" endline="118" function="draw_mask" hash="-2020021572096220945"></source>
		</class>
	</version>
	<version nr="3670" hash="ed3fccec0" evolution="Same" change="Same">
		<class nclones="4">
			<source file="../../workspace/dataset/test/clip-operator.c.ifdefed" startline="36" endline="68" function="draw_mask" hash="6858709939990344768"></source>
			<source file="../../workspace/dataset/test/unbounded-operator.c.ifdefed" startline="35" endline="67" function="draw_mask" hash="6858709939990344768"></source>
			<source file="../../workspace/dataset/test/operator-clear.c.ifdefed" startline="55" endline="81" function="draw_mask" hash="-2020021572096220945"></source>
			<source file="../../workspace/dataset/test/operator-source.c.ifdefed" startline="92" endline="118" function="draw_mask" hash="-2020021572096220945"></source>
		</class>
	</version>
	<version nr="3680" hash="d8169b8ce" evolution="Same" change="Consistent">
		<class nclones="4">
			<source file="../../workspace/dataset/test/clip-operator.c.ifdefed" startline="34" endline="66" function="draw_mask" hash="2987424200006180330"></source>
			<source file="../../workspace/dataset/test/operator-source.c.ifdefed" startline="90" endline="116" function="draw_mask" hash="-1609604912921062751"></source>
			<source file="../../workspace/dataset/test/unbounded-operator.c.ifdefed" startline="35" endline="67" function="draw_mask" hash="2987424200006180330"></source>
			<source file="../../workspace/dataset/test/operator-clear.c.ifdefed" startline="53" endline="79" function="draw_mask" hash="-1609604912921062751"></source>
		</class>
	</version>
	<version nr="5300" hash="6afcd8211" evolution="Same" change="Same">
		<class nclones="4">
			<source file="../../workspace/dataset/test/clip-operator.c.ifdefed" startline="34" endline="66" function="draw_mask" hash="2987424200006180330"></source>
			<source file="../../workspace/dataset/test/operator-source.c.ifdefed" startline="90" endline="116" function="draw_mask" hash="-1609604912921062751"></source>
			<source file="../../workspace/dataset/test/unbounded-operator.c.ifdefed" startline="35" endline="67" function="draw_mask" hash="2987424200006180330"></source>
			<source file="../../workspace/dataset/test/operator-clear.c.ifdefed" startline="53" endline="79" function="draw_mask" hash="-1609604912921062751"></source>
		</class>
	</version>
	<version nr="5310" hash="eaec1caa9" evolution="Same" change="Inconsistent">
		<class nclones="4">
			<source file="../../workspace/dataset/test/clip-operator.c.ifdefed" startline="34" endline="64" function="draw_mask" hash="-6827974893744477125"></source>
			<source file="../../workspace/dataset/test/unbounded-operator.c.ifdefed" startline="35" endline="67" function="draw_mask" hash="2987424200006180330"></source>
			<source file="../../workspace/dataset/test/operator-clear.c.ifdefed" startline="53" endline="79" function="draw_mask" hash="-1609604912921062751"></source>
			<source file="../../workspace/dataset/test/operator-source.c.ifdefed" startline="90" endline="116" function="draw_mask" hash="-1609604912921062751"></source>
		</class>
	</version>
	<version nr="5380" hash="ae9d17c01" evolution="Same" change="Same">
		<class nclones="4">
			<source file="../../workspace/dataset/test/clip-operator.c.ifdefed" startline="34" endline="64" function="draw_mask" hash="-6827974893744477125"></source>
			<source file="../../workspace/dataset/test/unbounded-operator.c.ifdefed" startline="35" endline="67" function="draw_mask" hash="2987424200006180330"></source>
			<source file="../../workspace/dataset/test/operator-clear.c.ifdefed" startline="53" endline="79" function="draw_mask" hash="-1609604912921062751"></source>
			<source file="../../workspace/dataset/test/operator-source.c.ifdefed" startline="90" endline="116" function="draw_mask" hash="-1609604912921062751"></source>
		</class>
	</version>
	<version nr="5390" hash="64949b817" evolution="Same" change="Inconsistent">
		<class nclones="4">
			<source file="../../workspace/dataset/test/clip-operator.c.ifdefed" startline="34" endline="64" function="draw_mask" hash="-6827974893744477125"></source>
			<source file="../../workspace/dataset/test/unbounded-operator.c.ifdefed" startline="35" endline="67" function="draw_mask" hash="2987424200006180330"></source>
			<source file="../../workspace/dataset/test/operator-clear.c.ifdefed" startline="53" endline="77" function="draw_mask" hash="-2506786065375673642"></source>
			<source file="../../workspace/dataset/test/operator-source.c.ifdefed" startline="88" endline="112" function="draw_mask" hash="-2506786065375673642"></source>
		</class>
	</version>
	<version nr="10840" hash="359afa3e8" evolution="Same" change="Same">
		<class nclones="4">
			<source file="../../workspace/dataset/test/clip-operator.c.ifdefed" startline="34" endline="64" function="draw_mask" hash="-6827974893744477125"></source>
			<source file="../../workspace/dataset/test/unbounded-operator.c.ifdefed" startline="35" endline="65" function="draw_mask" hash="-6827974893744477125"></source>
			<source file="../../workspace/dataset/test/operator-source.c.ifdefed" startline="88" endline="112" function="draw_mask" hash="-2506786065375673642"></source>
			<source file="../../workspace/dataset/test/operator-clear.c.ifdefed" startline="53" endline="77" function="draw_mask" hash="-2506786065375673642"></source>
		</class>
	</version>
</lineage>
<lineage>
	<version nr="1130" hash="8bdad8ffa" evolution="None" change="None">
		<class nclones="2">
			<source file="../../workspace/dataset/test/clip-operator.c.ifdefed" startline="84" endline="101" function="draw_polygon" hash="366923358062924445"></source>
			<source file="../../workspace/dataset/test/unbounded-operator.c.ifdefed" startline="83" endline="100" function="draw_polygon" hash="366923358062924445"></source>
		</class>
	</version>
	<version nr="1190" hash="3422d8760" evolution="Same" change="Same">
		<class nclones="2">
			<source file="../../workspace/dataset/test/clip-operator.c.ifdefed" startline="84" endline="101" function="draw_polygon" hash="366923358062924445"></source>
			<source file="../../workspace/dataset/test/unbounded-operator.c.ifdefed" startline="83" endline="100" function="draw_polygon" hash="366923358062924445"></source>
		</class>
	</version>
	<version nr="1200" hash="f5afeec18" evolution="Add" change="Same">
		<class nclones="4">
			<source file="../../workspace/dataset/test/clip-operator.c.ifdefed" startline="84" endline="101" function="draw_polygon" hash="366923358062924445"></source>
			<source file="../../workspace/dataset/test/unbounded-operator.c.ifdefed" startline="83" endline="100" function="draw_polygon" hash="366923358062924445"></source>
			<source file="../../workspace/dataset/test/operator-clear.c.ifdefed" startline="97" endline="114" function="draw_polygon" hash="366923358062924445"></source>
			<source file="../../workspace/dataset/test/operator-source.c.ifdefed" startline="134" endline="151" function="draw_polygon" hash="366923358062924445"></source>
		</class>
	</version>
	<version nr="10840" hash="359afa3e8" evolution="Same" change="Same">
		<class nclones="4">
			<source file="../../workspace/dataset/test/clip-operator.c.ifdefed" startline="84" endline="101" function="draw_polygon" hash="366923358062924445"></source>
			<source file="../../workspace/dataset/test/unbounded-operator.c.ifdefed" startline="83" endline="100" function="draw_polygon" hash="366923358062924445"></source>
			<source file="../../workspace/dataset/test/operator-source.c.ifdefed" startline="134" endline="151" function="draw_polygon" hash="366923358062924445"></source>
			<source file="../../workspace/dataset/test/operator-clear.c.ifdefed" startline="97" endline="114" function="draw_polygon" hash="366923358062924445"></source>
		</class>
	</version>
</lineage>
<lineage>
	<version nr="1130" hash="8bdad8ffa" evolution="None" change="None">
		<class nclones="2">
			<source file="../../workspace/dataset/test/clip-operator.c.ifdefed" startline="103" endline="118" function="draw_rects" hash="-6314282981852845241"></source>
			<source file="../../workspace/dataset/test/unbounded-operator.c.ifdefed" startline="102" endline="117" function="draw_rects" hash="-6314282981852845241"></source>
		</class>
	</version>
	<version nr="1190" hash="3422d8760" evolution="Same" change="Same">
		<class nclones="2">
			<source file="../../workspace/dataset/test/clip-operator.c.ifdefed" startline="103" endline="118" function="draw_rects" hash="-6314282981852845241"></source>
			<source file="../../workspace/dataset/test/unbounded-operator.c.ifdefed" startline="102" endline="117" function="draw_rects" hash="-6314282981852845241"></source>
		</class>
	</version>
	<version nr="1200" hash="f5afeec18" evolution="Add" change="Same">
		<class nclones="4">
			<source file="../../workspace/dataset/test/clip-operator.c.ifdefed" startline="103" endline="118" function="draw_rects" hash="-6314282981852845241"></source>
			<source file="../../workspace/dataset/test/operator-source.c.ifdefed" startline="153" endline="168" function="draw_rects" hash="-6314282981852845241"></source>
			<source file="../../workspace/dataset/test/operator-clear.c.ifdefed" startline="116" endline="131" function="draw_rects" hash="-6314282981852845241"></source>
			<source file="../../workspace/dataset/test/unbounded-operator.c.ifdefed" startline="102" endline="117" function="draw_rects" hash="-6314282981852845241"></source>
		</class>
	</version>
	<version nr="8230" hash="ad458d816" evolution="Same" change="Same">
		<class nclones="4">
			<source file="../../workspace/dataset/test/clip-operator.c.ifdefed" startline="103" endline="118" function="draw_rects" hash="-6314282981852845241"></source>
			<source file="../../workspace/dataset/test/operator-clear.c.ifdefed" startline="116" endline="131" function="draw_rects" hash="-6314282981852845241"></source>
			<source file="../../workspace/dataset/test/unbounded-operator.c.ifdefed" startline="102" endline="117" function="draw_rects" hash="-6314282981852845241"></source>
			<source file="../../workspace/dataset/test/operator-source.c.ifdefed" startline="153" endline="168" function="draw_rects" hash="-6314282981852845241"></source>
		</class>
	</version>
	<version nr="8240" hash="532cbcfbc" evolution="Subtract" change="Same">
		<class nclones="3">
			<source file="../../workspace/dataset/test/clip-operator.c.ifdefed" startline="99" endline="114" function="draw_rects" hash="-6314282981852845241"></source>
			<source file="../../workspace/dataset/test/unbounded-operator.c.ifdefed" startline="100" endline="115" function="draw_rects" hash="-6314282981852845241"></source>
			<source file="../../workspace/dataset/test/operator-clear.c.ifdefed" startline="112" endline="127" function="draw_rects" hash="-6314282981852845241"></source>
		</class>
	</version>
	<version nr="10840" hash="359afa3e8" evolution="Same" change="Same">
		<class nclones="3">
			<source file="../../workspace/dataset/test/clip-operator.c.ifdefed" startline="99" endline="114" function="draw_rects" hash="-6314282981852845241"></source>
			<source file="../../workspace/dataset/test/unbounded-operator.c.ifdefed" startline="100" endline="115" function="draw_rects" hash="-6314282981852845241"></source>
			<source file="../../workspace/dataset/test/operator-clear.c.ifdefed" startline="112" endline="127" function="draw_rects" hash="-6314282981852845241"></source>
		</class>
	</version>
</lineage>
<lineage>
	<version nr="1200" hash="f5afeec18" evolution="None" change="None">
		<class nclones="3">
			<source file="../../workspace/dataset/test/unbounded-operator.c.ifdefed" startline="141" endline="195" function="draw" hash="-1810518519095938641"></source>
			<source file="../../workspace/dataset/test/operator-source.c.ifdefed" startline="194" endline="247" function="draw" hash="-5326166444617974869"></source>
			<source file="../../workspace/dataset/test/operator-clear.c.ifdefed" startline="155" endline="208" function="draw" hash="-7172124106021429406"></source>
		</class>
	</version>
	<version nr="2010" hash="fdc805a52" evolution="Same" change="Same">
		<class nclones="3">
			<source file="../../workspace/dataset/test/unbounded-operator.c.ifdefed" startline="141" endline="195" function="draw" hash="-1810518519095938641"></source>
			<source file="../../workspace/dataset/test/operator-source.c.ifdefed" startline="194" endline="247" function="draw" hash="-5326166444617974869"></source>
			<source file="../../workspace/dataset/test/operator-clear.c.ifdefed" startline="155" endline="208" function="draw" hash="-7172124106021429406"></source>
		</class>
	</version>
	<version nr="2020" hash="cb5edb6c3" evolution="Same" change="Consistent">
		<class nclones="3">
			<source file="../../workspace/dataset/test/unbounded-operator.c.ifdefed" startline="144" endline="189" function="draw" hash="-7068789856065955154"></source>
			<source file="../../workspace/dataset/test/operator-source.c.ifdefed" startline="197" endline="241" function="draw" hash="2032741471785335942"></source>
			<source file="../../workspace/dataset/test/operator-clear.c.ifdefed" startline="158" endline="202" function="draw" hash="-2344022851888736403"></source>
		</class>
	</version>
	<version nr="2060" hash="22eee1db0" evolution="Same" change="Same">
		<class nclones="3">
			<source file="../../workspace/dataset/test/unbounded-operator.c.ifdefed" startline="144" endline="189" function="draw" hash="-7068789856065955154"></source>
			<source file="../../workspace/dataset/test/operator-source.c.ifdefed" startline="197" endline="241" function="draw" hash="2032741471785335942"></source>
			<source file="../../workspace/dataset/test/operator-clear.c.ifdefed" startline="158" endline="202" function="draw" hash="-2344022851888736403"></source>
		</class>
	</version>
	<version nr="2070" hash="17ec33aa4" evolution="Same" change="Consistent">
		<class nclones="3">
			<source file="../../workspace/dataset/test/unbounded-operator.c.ifdefed" startline="144" endline="189" function="draw" hash="8246240654423311406"></source>
			<source file="../../workspace/dataset/test/operator-source.c.ifdefed" startline="197" endline="241" function="draw" hash="7160502507943261750"></source>
			<source file="../../workspace/dataset/test/operator-clear.c.ifdefed" startline="158" endline="202" function="draw" hash="-1171714429067881403"></source>
		</class>
	</version>
	<version nr="4720" hash="5ace0cb17" evolution="Same" change="Same">
		<class nclones="3">
			<source file="../../workspace/dataset/test/unbounded-operator.c.ifdefed" startline="144" endline="189" function="draw" hash="8246240654423311406"></source>
			<source file="../../workspace/dataset/test/operator-source.c.ifdefed" startline="197" endline="241" function="draw" hash="7160502507943261750"></source>
			<source file="../../workspace/dataset/test/operator-clear.c.ifdefed" startline="158" endline="202" function="draw" hash="-1171714429067881403"></source>
		</class>
	</version>
	<version nr="4730" hash="e3665bde5" evolution="Same" change="Consistent">
		<class nclones="3">
			<source file="../../workspace/dataset/test/unbounded-operator.c.ifdefed" startline="144" endline="190" function="draw" hash="6951714331394620941"></source>
			<source file="../../workspace/dataset/test/operator-source.c.ifdefed" startline="195" endline="240" function="draw" hash="1964051758666772565"></source>
			<source file="../../workspace/dataset/test/operator-clear.c.ifdefed" startline="156" endline="201" function="draw" hash="4782150585384344220"></source>
		</class>
	</version>
	<version nr="7530" hash="a049889c6" evolution="Same" change="Same">
		<class nclones="3">
			<source file="../../workspace/dataset/test/unbounded-operator.c.ifdefed" startline="144" endline="190" function="draw" hash="6951714331394620941"></source>
			<source file="../../workspace/dataset/test/operator-source.c.ifdefed" startline="195" endline="240" function="draw" hash="1964051758666772565"></source>
			<source file="../../workspace/dataset/test/operator-clear.c.ifdefed" startline="156" endline="201" function="draw" hash="4782150585384344220"></source>
		</class>
	</version>
	<version nr="7540" hash="3cb882d01" evolution="Same" change="Consistent">
		<class nclones="3">
			<source file="../../workspace/dataset/test/unbounded-operator.c.ifdefed" startline="133" endline="179" function="draw" hash="-1601339459694442455"></source>
			<source file="../../workspace/dataset/test/operator-source.c.ifdefed" startline="182" endline="227" function="draw" hash="-4583911345575217091"></source>
			<source file="../../workspace/dataset/test/operator-clear.c.ifdefed" startline="145" endline="190" function="draw" hash="-4886627693007702380"></source>
		</class>
	</version>
	<version nr="8210" hash="02b2e3c93" evolution="Same" change="Same">
		<class nclones="3">
			<source file="../../workspace/dataset/test/unbounded-operator.c.ifdefed" startline="133" endline="179" function="draw" hash="-1601339459694442455"></source>
			<source file="../../workspace/dataset/test/operator-source.c.ifdefed" startline="182" endline="227" function="draw" hash="-4583911345575217091"></source>
			<source file="../../workspace/dataset/test/operator-clear.c.ifdefed" startline="145" endline="190" function="draw" hash="-4886627693007702380"></source>
		</class>
	</version>
	<version nr="8220" hash="426fe6fad" evolution="Same" change="Consistent">
		<class nclones="3">
			<source file="../../workspace/dataset/test/unbounded-operator.c.ifdefed" startline="132" endline="178" function="draw" hash="1925837920033207303"></source>
			<source file="../../workspace/dataset/test/operator-clear.c.ifdefed" startline="144" endline="189" function="draw" hash="8598673359835495934"></source>
			<source file="../../workspace/dataset/test/operator-source.c.ifdefed" startline="181" endline="226" function="draw" hash="7533750986236513691"></source>
		</class>
	</version>
	<version nr="10840" hash="359afa3e8" evolution="Same" change="Same">
		<class nclones="3">
			<source file="../../workspace/dataset/test/unbounded-operator.c.ifdefed" startline="132" endline="178" function="draw" hash="1925837920033207303"></source>
			<source file="../../workspace/dataset/test/operator-source.c.ifdefed" startline="181" endline="226" function="draw" hash="7533750986236513691"></source>
			<source file="../../workspace/dataset/test/operator-clear.c.ifdefed" startline="144" endline="189" function="draw" hash="8598673359835495934"></source>
		</class>
	</version>
</lineage>
<lineage>
	<version nr="1380" hash="76634781e" evolution="None" change="None">
		<class nclones="2">
			<source file="../../workspace/dataset/test/caps-joins.c.ifdefed" startline="52" endline="79" function="draw" hash="-2319399345969960624"></source>
			<source file="../../workspace/dataset/test/dash-caps-joins.c.ifdefed" startline="58" endline="88" function="draw" hash="1531159199505182946"></source>
		</class>
	</version>
	<version nr="1530" hash="3647ff95f" evolution="Same" change="Same">
		<class nclones="2">
			<source file="../../workspace/dataset/test/caps-joins.c.ifdefed" startline="52" endline="79" function="draw" hash="-2319399345969960624"></source>
			<source file="../../workspace/dataset/test/dash-caps-joins.c.ifdefed" startline="58" endline="88" function="draw" hash="1531159199505182946"></source>
		</class>
	</version>
	<version nr="1540" hash="c634e5477" evolution="Same" change="Consistent">
		<class nclones="2">
			<source file="../../workspace/dataset/test/caps-joins.c.ifdefed" startline="52" endline="85" function="draw" hash="3852769648028458173"></source>
			<source file="../../workspace/dataset/test/dash-caps-joins.c.ifdefed" startline="58" endline="94" function="draw" hash="-5271710760244792745"></source>
		</class>
	</version>
	<version nr="1590" hash="12c4c375a" evolution="Same" change="Same">
		<class nclones="2">
			<source file="../../workspace/dataset/test/caps-joins.c.ifdefed" startline="52" endline="85" function="draw" hash="3852769648028458173"></source>
			<source file="../../workspace/dataset/test/dash-caps-joins.c.ifdefed" startline="58" endline="94" function="draw" hash="-5271710760244792745"></source>
		</class>
	</version>
	<version nr="1600" hash="6723547f0" evolution="Add" change="Same">
		<class nclones="3">
			<source file="../../workspace/dataset/test/caps-joins-alpha.c.ifdefed" startline="53" endline="88" function="draw" hash="2218340210530152708"></source>
			<source file="../../workspace/dataset/test/dash-caps-joins.c.ifdefed" startline="58" endline="94" function="draw" hash="-5271710760244792745"></source>
			<source file="../../workspace/dataset/test/caps-joins.c.ifdefed" startline="52" endline="85" function="draw" hash="3852769648028458173"></source>
		</class>
	</version>
	<version nr="2100" hash="64dd7a820" evolution="Same" change="Same">
		<class nclones="3">
			<source file="../../workspace/dataset/test/caps-joins-alpha.c.ifdefed" startline="53" endline="88" function="draw" hash="2218340210530152708"></source>
			<source file="../../workspace/dataset/test/dash-caps-joins.c.ifdefed" startline="58" endline="94" function="draw" hash="-5271710760244792745"></source>
			<source file="../../workspace/dataset/test/caps-joins.c.ifdefed" startline="52" endline="85" function="draw" hash="3852769648028458173"></source>
		</class>
	</version>
	<version nr="2110" hash="0c6c0a9e0" evolution="Subtract" change="Same">
		<class nclones="2">
			<source file="../../workspace/dataset/test/caps-joins-alpha.c.ifdefed" startline="56" endline="91" function="draw" hash="2218340210530152708"></source>
			<source file="../../workspace/dataset/test/caps-joins.c.ifdefed" startline="55" endline="88" function="draw" hash="3852769648028458173"></source>
		</class>
	</version>
	<version nr="5670" hash="d2bcf1d76" evolution="Same" change="Same">
		<class nclones="2">
			<source file="../../workspace/dataset/test/caps-joins-alpha.c.ifdefed" startline="56" endline="91" function="draw" hash="2218340210530152708"></source>
			<source file="../../workspace/dataset/test/caps-joins.c.ifdefed" startline="55" endline="88" function="draw" hash="3852769648028458173"></source>
		</class>
	</version>
	<version nr="5680" hash="aff32019a" evolution="Same" change="Consistent">
		<class nclones="2">
			<source file="../../workspace/dataset/test/caps-joins.c.ifdefed" startline="74" endline="94" function="draw" hash="4798891106832408564"></source>
			<source file="../../workspace/dataset/test/caps-joins-curve.c.ifdefed" startline="82" endline="102" function="draw" hash="4798891106832408564"></source>
		</class>
	</version>
	<version nr="8550" hash="971d42302" evolution="Same" change="Same">
		<class nclones="2">
			<source file="../../workspace/dataset/test/caps-joins.c.ifdefed" startline="74" endline="94" function="draw" hash="4798891106832408564"></source>
			<source file="../../workspace/dataset/test/caps-joins-curve.c.ifdefed" startline="82" endline="102" function="draw" hash="4798891106832408564"></source>
		</class>
	</version>
	<version nr="8560" hash="3424e91ec" evolution="Add" change="Same">
		<class nclones="3">
			<source file="../../workspace/dataset/test/caps-joins.c.ifdefed" startline="74" endline="94" function="draw" hash="4798891106832408564"></source>
			<source file="../../workspace/dataset/test/drunkard-tails.c.ifdefed" startline="102" endline="126" function="draw" hash="1221679805261011996"></source>
			<source file="../../workspace/dataset/test/caps-joins-curve.c.ifdefed" startline="82" endline="102" function="draw" hash="4798891106832408564"></source>
		</class>
	</version>
	<version nr="9780" hash="793f8223d" evolution="Same" change="Same">
		<class nclones="3">
			<source file="../../workspace/dataset/test/caps-joins.c.ifdefed" startline="74" endline="94" function="draw" hash="4798891106832408564"></source>
			<source file="../../workspace/dataset/test/drunkard-tails.c.ifdefed" startline="102" endline="126" function="draw" hash="1221679805261011996"></source>
			<source file="../../workspace/dataset/test/caps-joins-curve.c.ifdefed" startline="82" endline="102" function="draw" hash="4798891106832408564"></source>
		</class>
	</version>
	<version nr="9790" hash="e34b80021" evolution="Same" change="Inconsistent">
		<class nclones="3">
			<source file="../../workspace/dataset/test/caps-joins.c.ifdefed" startline="74" endline="94" function="draw" hash="8481156327091953082"></source>
			<source file="../../workspace/dataset/test/caps-joins-curve.c.ifdefed" startline="82" endline="102" function="draw" hash="4798891106832408564"></source>
			<source file="../../workspace/dataset/test/drunkard-tails.c.ifdefed" startline="102" endline="126" function="draw" hash="1221679805261011996"></source>
		</class>
	</version>
	<version nr="10840" hash="359afa3e8" evolution="Same" change="Same">
		<class nclones="3">
			<source file="../../workspace/dataset/test/caps-joins.c.ifdefed" startline="74" endline="94" function="draw" hash="8481156327091953082"></source>
			<source file="../../workspace/dataset/test/caps-joins-curve.c.ifdefed" startline="82" endline="102" function="draw" hash="4798891106832408564"></source>
			<source file="../../workspace/dataset/test/drunkard-tails.c.ifdefed" startline="102" endline="126" function="draw" hash="1221679805261011996"></source>
		</class>
	</version>
</lineage>
<lineage>
	<version nr="1420" hash="99d02f2ad" evolution="None" change="None">
		<class nclones="2">
			<source file="../../workspace/dataset/test/clip-fill-rule.c.ifdefed" startline="47" endline="73" function="draw" hash="-8376186196045836553"></source>
			<source file="../../workspace/dataset/test/clip-fill-rule-pixel-aligned.c.ifdefed" startline="61" endline="89" function="draw" hash="-5997616690193731859"></source>
		</class>
	</version>
	<version nr="10840" hash="359afa3e8" evolution="Same" change="Same">
		<class nclones="2">
			<source file="../../workspace/dataset/test/clip-fill-rule.c.ifdefed" startline="47" endline="73" function="draw" hash="-8376186196045836553"></source>
			<source file="../../workspace/dataset/test/clip-fill-rule-pixel-aligned.c.ifdefed" startline="61" endline="89" function="draw" hash="-5997616690193731859"></source>
		</class>
	</version>
</lineage>
<lineage>
	<version nr="1480" hash="79eee2c30" evolution="None" change="None">
		<class nclones="2">
			<source file="../../workspace/dataset/test/pdf-clip.c.ifdefed" startline="36" endline="104" function="test_clip" hash="8673492256043981994"></source>
			<source file="../../workspace/dataset/test/svg-clip.c.ifdefed" startline="36" endline="104" function="test_clip" hash="8673492256043981994"></source>
		</class>
	</version>
	<version nr="1530" hash="3647ff95f" evolution="Same" change="Same">
		<class nclones="2">
			<source file="../../workspace/dataset/test/pdf-clip.c.ifdefed" startline="36" endline="104" function="test_clip" hash="8673492256043981994"></source>
			<source file="../../workspace/dataset/test/svg-clip.c.ifdefed" startline="36" endline="104" function="test_clip" hash="8673492256043981994"></source>
		</class>
	</version>
</lineage>
<lineage>
	<version nr="1490" hash="a83a42b24" evolution="None" change="None">
		<class nclones="2">
			<source file="../../workspace/dataset/test/test-fallback-surface.c.ifdefed" startline="63" endline="86" function="*_test_fallback_surface_create" hash="-2600071768379134773"></source>
			<source file="../../workspace/dataset/test/test-fallback-surface.c.ifdefed" startline="88" endline="114" function="*_test_fallback_surface_create_for_data" hash="-9106504844678714027"></source>
		</class>
	</version>
</lineage>
<lineage>
	<version nr="1620" hash="e5ea8268b" evolution="None" change="None">
		<class nclones="2">
			<source file="../../workspace/dataset/test/line-width-scale.c.ifdefed" startline="90" endline="107" function="scale_path_and_line_width" hash="7198288662612353936"></source>
			<source file="../../workspace/dataset/test/line-width-scale.c.ifdefed" startline="132" endline="148" function="scale_path_not_line_width" hash="2502117267824350531"></source>
		</class>
	</version>
	<version nr="10840" hash="359afa3e8" evolution="Same" change="Same">
		<class nclones="2">
			<source file="../../workspace/dataset/test/line-width-scale.c.ifdefed" startline="90" endline="107" function="scale_path_and_line_width" hash="7198288662612353936"></source>
			<source file="../../workspace/dataset/test/line-width-scale.c.ifdefed" startline="132" endline="148" function="scale_path_not_line_width" hash="2502117267824350531"></source>
		</class>
	</version>
</lineage>
<lineage>
	<version nr="1660" hash="a6b1b014b" evolution="None" change="None">
		<class nclones="2">
			<source file="../../workspace/dataset/test/pdf2png.c.ifdefed" startline="36" endline="104" function="main" hash="8009992171754411646"></source>
			<source file="../../workspace/dataset/test/pdf2svg.c.ifdefed" startline="38" endline="101" function="main" hash="2618621273991952227"></source>
		</class>
	</version>
	<version nr="1690" hash="36fcaa76d" evolution="Same" change="Same">
		<class nclones="2">
			<source file="../../workspace/dataset/test/pdf2png.c.ifdefed" startline="36" endline="104" function="main" hash="8009992171754411646"></source>
			<source file="../../workspace/dataset/test/pdf2svg.c.ifdefed" startline="38" endline="101" function="main" hash="2618621273991952227"></source>
		</class>
	</version>
</lineage>
<lineage>
	<version nr="1850" hash="fde08da55" evolution="None" change="None">
		<class nclones="2">
			<source file="../../workspace/dataset/test/ft-text-antialias-none.c.ifdefed" startline="42" endline="90" function="*create_scaled_font" hash="-3027202050733266005"></source>
			<source file="../../workspace/dataset/test/ft-text-vertical-layout.c.ifdefed" startline="42" endline="90" function="*create_scaled_font" hash="7671080849777616963"></source>
		</class>
	</version>
	<version nr="1860" hash="cd5e08a9f" evolution="Same" change="Consistent">
		<class nclones="2">
			<source file="../../workspace/dataset/test/ft-text-antialias-none.c.ifdefed" startline="42" endline="93" function="*create_scaled_font" hash="1031260857196412243"></source>
			<source file="../../workspace/dataset/test/ft-text-vertical-layout.c.ifdefed" startline="42" endline="95" function="*create_scaled_font" hash="-5049358190646304780"></source>
		</class>
	</version>
	<version nr="1970" hash="e0ad1aa99" evolution="Same" change="Same">
		<class nclones="2">
			<source file="../../workspace/dataset/test/ft-text-antialias-none.c.ifdefed" startline="42" endline="93" function="*create_scaled_font" hash="1031260857196412243"></source>
			<source file="../../workspace/dataset/test/ft-text-vertical-layout.c.ifdefed" startline="42" endline="95" function="*create_scaled_font" hash="-5049358190646304780"></source>
		</class>
	</version>
	<version nr="1980" hash="9907813d5" evolution="Same" change="Inconsistent">
		<class nclones="2">
			<source file="../../workspace/dataset/test/ft-text-antialias-none.c.ifdefed" startline="45" endline="96" function="*create_scaled_font" hash="1031260857196412243"></source>
			<source file="../../workspace/dataset/test/ft-text-vertical-layout.c.ifdefed" startline="45" endline="98" function="*create_scaled_font" hash="7165211695516798629"></source>
		</class>
	</version>
	<version nr="2010" hash="fdc805a52" evolution="Same" change="Same">
		<class nclones="2">
			<source file="../../workspace/dataset/test/ft-text-antialias-none.c.ifdefed" startline="45" endline="96" function="*create_scaled_font" hash="1031260857196412243"></source>
			<source file="../../workspace/dataset/test/ft-text-vertical-layout.c.ifdefed" startline="45" endline="98" function="*create_scaled_font" hash="7165211695516798629"></source>
		</class>
	</version>
	<version nr="2020" hash="cb5edb6c3" evolution="Same" change="Consistent">
		<class nclones="2">
			<source file="../../workspace/dataset/test/ft-text-antialias-none.c.ifdefed" startline="45" endline="95" function="*create_scaled_font" hash="-6790075711155494057"></source>
			<source file="../../workspace/dataset/test/ft-text-vertical-layout.c.ifdefed" startline="45" endline="95" function="*create_scaled_font" hash="-4953655602867710258"></source>
		</class>
	</version>
	<version nr="2070" hash="17ec33aa4" evolution="Same" change="Same">
		<class nclones="2">
			<source file="../../workspace/dataset/test/ft-text-antialias-none.c.ifdefed" startline="45" endline="95" function="*create_scaled_font" hash="-6790075711155494057"></source>
			<source file="../../workspace/dataset/test/ft-text-vertical-layout.c.ifdefed" startline="45" endline="95" function="*create_scaled_font" hash="-4953655602867710258"></source>
		</class>
	</version>
	<version nr="2080" hash="158e16021" evolution="Same" change="Inconsistent">
		<class nclones="2">
			<source file="../../workspace/dataset/test/ft-text-vertical-layout-type1.c.ifdefed" startline="45" endline="96" function="*create_scaled_font" hash="-1592102042534489775"></source>
			<source file="../../workspace/dataset/test/ft-text-antialias-none.c.ifdefed" startline="45" endline="95" function="*create_scaled_font" hash="-6790075711155494057"></source>
		</class>
	</version>
	<version nr="2090" hash="74f6afcdd" evolution="Add" change="Same">
		<class nclones="3">
			<source file="../../workspace/dataset/test/ft-text-vertical-layout-truetype.c.ifdefed" startline="45" endline="96" function="*create_scaled_font" hash="5294270951267898032"></source>
			<source file="../../workspace/dataset/test/ft-text-antialias-none.c.ifdefed" startline="45" endline="95" function="*create_scaled_font" hash="-6790075711155494057"></source>
			<source file="../../workspace/dataset/test/ft-text-vertical-layout-type1.c.ifdefed" startline="45" endline="96" function="*create_scaled_font" hash="-1592102042534489775"></source>
		</class>
	</version>
	<version nr="5300" hash="6afcd8211" evolution="Same" change="Same">
		<class nclones="3">
			<source file="../../workspace/dataset/test/ft-text-vertical-layout-truetype.c.ifdefed" startline="45" endline="96" function="*create_scaled_font" hash="5294270951267898032"></source>
			<source file="../../workspace/dataset/test/ft-text-antialias-none.c.ifdefed" startline="45" endline="95" function="*create_scaled_font" hash="-6790075711155494057"></source>
			<source file="../../workspace/dataset/test/ft-text-vertical-layout-type1.c.ifdefed" startline="45" endline="96" function="*create_scaled_font" hash="-1592102042534489775"></source>
		</class>
	</version>
</lineage>
<lineage>
	<version nr="1850" hash="fde08da55" evolution="None" change="None">
		<class nclones="2">
			<source file="../../workspace/dataset/test/ft-text-antialias-none.c.ifdefed" startline="92" endline="122" function="draw" hash="5885017724050598799"></source>
			<source file="../../workspace/dataset/test/ft-text-vertical-layout.c.ifdefed" startline="92" endline="125" function="draw" hash="5901079289420901367"></source>
		</class>
	</version>
	<version nr="1970" hash="e0ad1aa99" evolution="Same" change="Same">
		<class nclones="2">
			<source file="../../workspace/dataset/test/ft-text-antialias-none.c.ifdefed" startline="95" endline="125" function="draw" hash="5885017724050598799"></source>
			<source file="../../workspace/dataset/test/ft-text-vertical-layout.c.ifdefed" startline="97" endline="130" function="draw" hash="5901079289420901367"></source>
		</class>
	</version>
	<version nr="1980" hash="9907813d5" evolution="Same" change="Inconsistent">
		<class nclones="2">
			<source file="../../workspace/dataset/test/ft-text-antialias-none.c.ifdefed" startline="98" endline="128" function="draw" hash="5885017724050598799"></source>
			<source file="../../workspace/dataset/test/ft-text-vertical-layout.c.ifdefed" startline="100" endline="133" function="draw" hash="7824204983438867228"></source>
		</class>
	</version>
	<version nr="2010" hash="fdc805a52" evolution="Same" change="Same">
		<class nclones="2">
			<source file="../../workspace/dataset/test/ft-text-antialias-none.c.ifdefed" startline="98" endline="128" function="draw" hash="5885017724050598799"></source>
			<source file="../../workspace/dataset/test/ft-text-vertical-layout.c.ifdefed" startline="100" endline="133" function="draw" hash="7824204983438867228"></source>
		</class>
	</version>
</lineage>
<lineage>
	<version nr="1860" hash="cd5e08a9f" evolution="None" change="None">
		<class nclones="2">
			<source file="../../workspace/dataset/test/device-offset-positive.c.ifdefed" startline="48" endline="82" function="draw" hash="9072131703693629260"></source>
			<source file="../../workspace/dataset/test/device-offset.c.ifdefed" startline="48" endline="81" function="draw" hash="-7925380108043212181"></source>
		</class>
	</version>
	<version nr="3670" hash="ed3fccec0" evolution="Same" change="Same">
		<class nclones="2">
			<source file="../../workspace/dataset/test/device-offset-positive.c.ifdefed" startline="48" endline="82" function="draw" hash="9072131703693629260"></source>
			<source file="../../workspace/dataset/test/device-offset.c.ifdefed" startline="48" endline="81" function="draw" hash="-7925380108043212181"></source>
		</class>
	</version>
	<version nr="3680" hash="d8169b8ce" evolution="Same" change="Consistent">
		<class nclones="2">
			<source file="../../workspace/dataset/test/device-offset-positive.c.ifdefed" startline="51" endline="85" function="draw" hash="-252015863506808558"></source>
			<source file="../../workspace/dataset/test/device-offset.c.ifdefed" startline="51" endline="84" function="draw" hash="-614768260563626339"></source>
		</class>
	</version>
	<version nr="5380" hash="ae9d17c01" evolution="Same" change="Same">
		<class nclones="2">
			<source file="../../workspace/dataset/test/device-offset-positive.c.ifdefed" startline="51" endline="85" function="draw" hash="-252015863506808558"></source>
			<source file="../../workspace/dataset/test/device-offset.c.ifdefed" startline="51" endline="84" function="draw" hash="-614768260563626339"></source>
		</class>
	</version>
	<version nr="5390" hash="64949b817" evolution="Same" change="Consistent">
		<class nclones="2">
			<source file="../../workspace/dataset/test/device-offset-positive.c.ifdefed" startline="51" endline="83" function="draw" hash="1665802468791079789"></source>
			<source file="../../workspace/dataset/test/device-offset.c.ifdefed" startline="51" endline="84" function="draw" hash="-7690491045680608998"></source>
		</class>
	</version>
	<version nr="5670" hash="d2bcf1d76" evolution="Same" change="Same">
		<class nclones="2">
			<source file="../../workspace/dataset/test/device-offset-positive.c.ifdefed" startline="51" endline="83" function="draw" hash="1665802468791079789"></source>
			<source file="../../workspace/dataset/test/device-offset.c.ifdefed" startline="51" endline="84" function="draw" hash="-7690491045680608998"></source>
		</class>
	</version>
	<version nr="5680" hash="aff32019a" evolution="Same" change="Inconsistent">
		<class nclones="2">
			<source file="../../workspace/dataset/test/device-offset-positive.c.ifdefed" startline="42" endline="75" function="draw" hash="204872751332279928"></source>
			<source file="../../workspace/dataset/test/device-offset.c.ifdefed" startline="42" endline="75" function="draw" hash="-7690491045680608998"></source>
		</class>
	</version>
	<version nr="10840" hash="359afa3e8" evolution="Same" change="Same">
		<class nclones="2">
			<source file="../../workspace/dataset/test/device-offset-positive.c.ifdefed" startline="42" endline="75" function="draw" hash="204872751332279928"></source>
			<source file="../../workspace/dataset/test/device-offset.c.ifdefed" startline="42" endline="75" function="draw" hash="-7690491045680608998"></source>
		</class>
	</version>
</lineage>
<lineage>
	<version nr="1880" hash="7e457cb4c" evolution="None" change="None">
		<class nclones="2">
			<source file="../../workspace/dataset/test/show-text-current-point.c.ifdefed" startline="36" endline="68" function="draw" hash="-5368517158101952611"></source>
			<source file="../../workspace/dataset/test/glyph-cache-pressure.c.ifdefed" startline="58" endline="90" function="draw" hash="-5856457979477026177"></source>
		</class>
	</version>
	<version nr="1910" hash="2e2799d4f" evolution="Same" change="Same">
		<class nclones="2">
			<source file="../../workspace/dataset/test/show-text-current-point.c.ifdefed" startline="36" endline="68" function="draw" hash="-5368517158101952611"></source>
			<source file="../../workspace/dataset/test/glyph-cache-pressure.c.ifdefed" startline="58" endline="90" function="draw" hash="-5856457979477026177"></source>
		</class>
	</version>
	<version nr="1920" hash="bd92eb7f3" evolution="Same" change="Inconsistent">
		<class nclones="2">
			<source file="../../workspace/dataset/test/show-text-current-point.c.ifdefed" startline="36" endline="68" function="draw" hash="-5368517158101952611"></source>
			<source file="../../workspace/dataset/test/glyph-cache-pressure.c.ifdefed" startline="58" endline="90" function="draw" hash="-2093087340727267075"></source>
		</class>
	</version>
	<version nr="2010" hash="fdc805a52" evolution="Same" change="Same">
		<class nclones="2">
			<source file="../../workspace/dataset/test/show-text-current-point.c.ifdefed" startline="36" endline="68" function="draw" hash="-5368517158101952611"></source>
			<source file="../../workspace/dataset/test/glyph-cache-pressure.c.ifdefed" startline="58" endline="90" function="draw" hash="-2093087340727267075"></source>
		</class>
	</version>
	<version nr="2020" hash="cb5edb6c3" evolution="Same" change="Consistent">
		<class nclones="2">
			<source file="../../workspace/dataset/test/show-text-current-point.c.ifdefed" startline="39" endline="61" function="draw" hash="5748207247631824620"></source>
			<source file="../../workspace/dataset/test/glyph-cache-pressure.c.ifdefed" startline="61" endline="83" function="draw" hash="-5059556058270085314"></source>
		</class>
	</version>
	<version nr="3030" hash="9d8eb42c0" evolution="Same" change="Same">
		<class nclones="2">
			<source file="../../workspace/dataset/test/show-text-current-point.c.ifdefed" startline="39" endline="61" function="draw" hash="5748207247631824620"></source>
			<source file="../../workspace/dataset/test/glyph-cache-pressure.c.ifdefed" startline="61" endline="83" function="draw" hash="-5059556058270085314"></source>
		</class>
	</version>
	<version nr="3040" hash="72b812be8" evolution="Same" change="Inconsistent">
		<class nclones="2">
			<source file="../../workspace/dataset/test/show-text-current-point.c.ifdefed" startline="39" endline="61" function="draw" hash="5748207247631824620"></source>
			<source file="../../workspace/dataset/test/glyph-cache-pressure.c.ifdefed" startline="61" endline="83" function="draw" hash="-4233466300165658665"></source>
		</class>
	</version>
	<version nr="5480" hash="4f2f46ef1" evolution="Same" change="Same">
		<class nclones="2">
			<source file="../../workspace/dataset/test/show-text-current-point.c.ifdefed" startline="39" endline="61" function="draw" hash="5748207247631824620"></source>
			<source file="../../workspace/dataset/test/glyph-cache-pressure.c.ifdefed" startline="61" endline="83" function="draw" hash="-4233466300165658665"></source>
		</class>
	</version>
	<version nr="5490" hash="c554f18d7" evolution="Same" change="Inconsistent">
		<class nclones="2">
			<source file="../../workspace/dataset/test/show-text-current-point.c.ifdefed" startline="30" endline="52" function="draw" hash="-7915895491126542685"></source>
			<source file="../../workspace/dataset/test/glyph-cache-pressure.c.ifdefed" startline="52" endline="74" function="draw" hash="-4233466300165658665"></source>
		</class>
	</version>
	<version nr="7530" hash="a049889c6" evolution="Same" change="Same">
		<class nclones="2">
			<source file="../../workspace/dataset/test/show-text-current-point.c.ifdefed" startline="30" endline="52" function="draw" hash="-7915895491126542685"></source>
			<source file="../../workspace/dataset/test/glyph-cache-pressure.c.ifdefed" startline="52" endline="74" function="draw" hash="-4233466300165658665"></source>
		</class>
	</version>
	<version nr="7540" hash="3cb882d01" evolution="Same" change="Consistent">
		<class nclones="2">
			<source file="../../workspace/dataset/test/show-text-current-point.c.ifdefed" startline="30" endline="52" function="draw" hash="330442221125361729"></source>
			<source file="../../workspace/dataset/test/glyph-cache-pressure.c.ifdefed" startline="52" endline="74" function="draw" hash="-71871322104530711"></source>
		</class>
	</version>
	<version nr="10840" hash="359afa3e8" evolution="Same" change="Same">
		<class nclones="2">
			<source file="../../workspace/dataset/test/show-text-current-point.c.ifdefed" startline="30" endline="52" function="draw" hash="330442221125361729"></source>
			<source file="../../workspace/dataset/test/glyph-cache-pressure.c.ifdefed" startline="52" endline="74" function="draw" hash="-71871322104530711"></source>
		</class>
	</version>
</lineage>
<lineage>
	<version nr="2040" hash="c96e1b6d8" evolution="None" change="None">
		<class nclones="3">
			<source file="../../workspace/dataset/test/text-antialias-gray.c.ifdefed" startline="41" endline="78" function="draw" hash="8500303242695125342"></source>
			<source file="../../workspace/dataset/test/text-antialias-none.c.ifdefed" startline="41" endline="78" function="draw" hash="-426905612343908359"></source>
			<source file="../../workspace/dataset/test/text-antialias-subpixel.c.ifdefed" startline="41" endline="76" function="draw" hash="-5375662389585431007"></source>
		</class>
	</version>
	<version nr="4640" hash="4b5e0ba72" evolution="Same" change="Same">
		<class nclones="3">
			<source file="../../workspace/dataset/test/text-antialias-gray.c.ifdefed" startline="41" endline="78" function="draw" hash="8500303242695125342"></source>
			<source file="../../workspace/dataset/test/text-antialias-none.c.ifdefed" startline="41" endline="78" function="draw" hash="-426905612343908359"></source>
			<source file="../../workspace/dataset/test/text-antialias-subpixel.c.ifdefed" startline="41" endline="76" function="draw" hash="-5375662389585431007"></source>
		</class>
	</version>
	<version nr="4650" hash="2dfee9986" evolution="Add" change="Inconsistent">
		<class nclones="7">
			<source file="../../workspace/dataset/test/text-lcd-filter-fir3.c.ifdefed" startline="41" endline="79" function="draw" hash="7008327389393636217"></source>
			<source file="../../workspace/dataset/test/text-lcd-filter-intra-pixel.c.ifdefed" startline="41" endline="79" function="draw" hash="-2242365519554787227"></source>
			<source file="../../workspace/dataset/test/text-lcd-filter-fir5.c.ifdefed" startline="41" endline="79" function="draw" hash="-2773743214979030121"></source>
			<source file="../../workspace/dataset/test/text-antialias-none.c.ifdefed" startline="41" endline="78" function="draw" hash="-426905612343908359"></source>
			<source file="../../workspace/dataset/test/text-antialias-gray.c.ifdefed" startline="41" endline="78" function="draw" hash="8500303242695125342"></source>
			<source file="../../workspace/dataset/test/text-antialias-subpixel.c.ifdefed" startline="41" endline="77" function="draw" hash="-4493102662656307375"></source>
			<source file="../../workspace/dataset/test/text-lcd-filter-none.c.ifdefed" startline="41" endline="79" function="draw" hash="-6104363633921223723"></source>
		</class>
	</version>
	<version nr="4720" hash="5ace0cb17" evolution="Same" change="Same">
		<class nclones="7">
			<source file="../../workspace/dataset/test/text-lcd-filter-fir3.c.ifdefed" startline="41" endline="79" function="draw" hash="7008327389393636217"></source>
			<source file="../../workspace/dataset/test/text-lcd-filter-intra-pixel.c.ifdefed" startline="41" endline="79" function="draw" hash="-2242365519554787227"></source>
			<source file="../../workspace/dataset/test/text-lcd-filter-fir5.c.ifdefed" startline="41" endline="79" function="draw" hash="-2773743214979030121"></source>
			<source file="../../workspace/dataset/test/text-antialias-none.c.ifdefed" startline="41" endline="78" function="draw" hash="-426905612343908359"></source>
			<source file="../../workspace/dataset/test/text-antialias-gray.c.ifdefed" startline="41" endline="78" function="draw" hash="8500303242695125342"></source>
			<source file="../../workspace/dataset/test/text-antialias-subpixel.c.ifdefed" startline="41" endline="77" function="draw" hash="-4493102662656307375"></source>
			<source file="../../workspace/dataset/test/text-lcd-filter-none.c.ifdefed" startline="41" endline="79" function="draw" hash="-6104363633921223723"></source>
		</class>
	</version>
	<version nr="4730" hash="e3665bde5" evolution="Same" change="Consistent">
		<class nclones="7">
			<source file="../../workspace/dataset/test/text-lcd-filter-fir3.c.ifdefed" startline="41" endline="79" function="draw" hash="3008981060603375277"></source>
			<source file="../../workspace/dataset/test/text-antialias-subpixel.c.ifdefed" startline="41" endline="77" function="draw" hash="3650580977998928069"></source>
			<source file="../../workspace/dataset/test/text-antialias-gray.c.ifdefed" startline="41" endline="78" function="draw" hash="6536557376603533362"></source>
			<source file="../../workspace/dataset/test/text-antialias-none.c.ifdefed" startline="41" endline="78" function="draw" hash="6244274010326897417"></source>
			<source file="../../workspace/dataset/test/text-lcd-filter-intra-pixel.c.ifdefed" startline="41" endline="79" function="draw" hash="8751077573782274965"></source>
			<source file="../../workspace/dataset/test/text-lcd-filter-fir5.c.ifdefed" startline="41" endline="79" function="draw" hash="921457452796527139"></source>
			<source file="../../workspace/dataset/test/text-lcd-filter-none.c.ifdefed" startline="41" endline="79" function="draw" hash="2456901822436252209"></source>
		</class>
	</version>
	<version nr="5030" hash="32d3bfdde" evolution="Same" change="Same">
		<class nclones="7">
			<source file="../../workspace/dataset/test/text-lcd-filter-fir3.c.ifdefed" startline="41" endline="79" function="draw" hash="3008981060603375277"></source>
			<source file="../../workspace/dataset/test/text-antialias-subpixel.c.ifdefed" startline="41" endline="77" function="draw" hash="3650580977998928069"></source>
			<source file="../../workspace/dataset/test/text-antialias-gray.c.ifdefed" startline="41" endline="78" function="draw" hash="6536557376603533362"></source>
			<source file="../../workspace/dataset/test/text-antialias-none.c.ifdefed" startline="41" endline="78" function="draw" hash="6244274010326897417"></source>
			<source file="../../workspace/dataset/test/text-lcd-filter-intra-pixel.c.ifdefed" startline="41" endline="79" function="draw" hash="8751077573782274965"></source>
			<source file="../../workspace/dataset/test/text-lcd-filter-fir5.c.ifdefed" startline="41" endline="79" function="draw" hash="921457452796527139"></source>
			<source file="../../workspace/dataset/test/text-lcd-filter-none.c.ifdefed" startline="41" endline="79" function="draw" hash="2456901822436252209"></source>
		</class>
	</version>
	<version nr="5040" hash="f39c5b40c" evolution="Subtract" change="Inconsistent">
		<class nclones="3">
			<source file="../../workspace/dataset/test/text-antialias-gray.c.ifdefed" startline="41" endline="78" function="draw" hash="6536557376603533362"></source>
			<source file="../../workspace/dataset/test/text-antialias-none.c.ifdefed" startline="41" endline="78" function="draw" hash="6244274010326897417"></source>
			<source file="../../workspace/dataset/test/text-antialias-subpixel.c.ifdefed" startline="41" endline="76" function="draw" hash="6983402455661474713"></source>
		</class>
	</version>
	<version nr="7530" hash="a049889c6" evolution="Same" change="Same">
		<class nclones="3">
			<source file="../../workspace/dataset/test/text-antialias-gray.c.ifdefed" startline="41" endline="78" function="draw" hash="6536557376603533362"></source>
			<source file="../../workspace/dataset/test/text-antialias-none.c.ifdefed" startline="41" endline="78" function="draw" hash="6244274010326897417"></source>
			<source file="../../workspace/dataset/test/text-antialias-subpixel.c.ifdefed" startline="41" endline="76" function="draw" hash="6983402455661474713"></source>
		</class>
	</version>
	<version nr="7540" hash="3cb882d01" evolution="Same" change="Consistent">
		<class nclones="3">
			<source file="../../workspace/dataset/test/text-antialias-gray.c.ifdefed" startline="32" endline="69" function="draw" hash="8621968585296108326"></source>
			<source file="../../workspace/dataset/test/text-antialias-none.c.ifdefed" startline="32" endline="69" function="draw" hash="8134556148803816193"></source>
			<source file="../../workspace/dataset/test/text-antialias-subpixel.c.ifdefed" startline="32" endline="67" function="draw" hash="647548631615136609"></source>
		</class>
	</version>
	<version nr="8330" hash="5fffa3fae" evolution="Same" change="Same">
		<class nclones="3">
			<source file="../../workspace/dataset/test/text-antialias-gray.c.ifdefed" startline="32" endline="69" function="draw" hash="8621968585296108326"></source>
			<source file="../../workspace/dataset/test/text-antialias-none.c.ifdefed" startline="32" endline="69" function="draw" hash="8134556148803816193"></source>
			<source file="../../workspace/dataset/test/text-antialias-subpixel.c.ifdefed" startline="32" endline="67" function="draw" hash="647548631615136609"></source>
		</class>
	</version>
	<version nr="8900" hash="7df2c113b" evolution="Subtract" change="Consistent">
		<class nclones="2">
			<source file="../../workspace/dataset/test/text-antialias.c.ifdefed" startline="32" endline="67" function="draw" hash="8943995384503332657"></source>
			<source file="../../workspace/dataset/test/text-antialias-subpixel.c.ifdefed" startline="36" endline="71" function="draw" hash="3825716547323898379"></source>
		</class>
	</version>
	<version nr="10840" hash="359afa3e8" evolution="Same" change="Same">
		<class nclones="2">
			<source file="../../workspace/dataset/test/text-antialias.c.ifdefed" startline="32" endline="67" function="draw" hash="8943995384503332657"></source>
			<source file="../../workspace/dataset/test/text-antialias-subpixel.c.ifdefed" startline="36" endline="71" function="draw" hash="3825716547323898379"></source>
		</class>
	</version>
</lineage>
<lineage>
	<version nr="2090" hash="74f6afcdd" evolution="None" change="None">
		<class nclones="2">
			<source file="../../workspace/dataset/test/ft-text-vertical-layout-truetype.c.ifdefed" startline="98" endline="148" function="draw" hash="-4956218407287413219"></source>
			<source file="../../workspace/dataset/test/ft-text-vertical-layout-type1.c.ifdefed" startline="98" endline="148" function="draw" hash="-4956218407287413219"></source>
		</class>
	</version>
	<version nr="4720" hash="5ace0cb17" evolution="Same" change="Same">
		<class nclones="2">
			<source file="../../workspace/dataset/test/ft-text-vertical-layout-truetype.c.ifdefed" startline="98" endline="148" function="draw" hash="-4956218407287413219"></source>
			<source file="../../workspace/dataset/test/ft-text-vertical-layout-type1.c.ifdefed" startline="98" endline="148" function="draw" hash="-4956218407287413219"></source>
		</class>
	</version>
	<version nr="4730" hash="e3665bde5" evolution="Same" change="Consistent">
		<class nclones="2">
			<source file="../../workspace/dataset/test/ft-text-vertical-layout-type1.c.ifdefed" startline="99" endline="149" function="draw" hash="6773405031212991555"></source>
			<source file="../../workspace/dataset/test/ft-text-vertical-layout-type3.c.ifdefed" startline="98" endline="148" function="draw" hash="6773405031212991555"></source>
		</class>
	</version>
	<version nr="5300" hash="6afcd8211" evolution="Same" change="Same">
		<class nclones="2">
			<source file="../../workspace/dataset/test/ft-text-vertical-layout-type1.c.ifdefed" startline="99" endline="149" function="draw" hash="6773405031212991555"></source>
			<source file="../../workspace/dataset/test/ft-text-vertical-layout-type3.c.ifdefed" startline="98" endline="148" function="draw" hash="6773405031212991555"></source>
		</class>
	</version>
	<version nr="5310" hash="eaec1caa9" evolution="Same" change="Consistent">
		<class nclones="2">
			<source file="../../workspace/dataset/test/ft-text-vertical-layout-type1.c.ifdefed" startline="114" endline="170" function="draw" hash="-6693602097432465407"></source>
			<source file="../../workspace/dataset/test/ft-text-vertical-layout-type3.c.ifdefed" startline="113" endline="169" function="draw" hash="-6693602097432465407"></source>
		</class>
	</version>
	<version nr="6500" hash="2e8ce3445" evolution="Same" change="Same">
		<class nclones="2">
			<source file="../../workspace/dataset/test/ft-text-vertical-layout-type1.c.ifdefed" startline="114" endline="170" function="draw" hash="-6693602097432465407"></source>
			<source file="../../workspace/dataset/test/ft-text-vertical-layout-type3.c.ifdefed" startline="113" endline="169" function="draw" hash="-6693602097432465407"></source>
		</class>
	</version>
	<version nr="6510" hash="19ebf83b6" evolution="Same" change="Consistent">
		<class nclones="2">
			<source file="../../workspace/dataset/test/ft-text-vertical-layout-type1.c.ifdefed" startline="104" endline="159" function="draw" hash="-8619883818392010747"></source>
			<source file="../../workspace/dataset/test/ft-text-vertical-layout-type3.c.ifdefed" startline="104" endline="159" function="draw" hash="-8619883818392010747"></source>
		</class>
	</version>
	<version nr="10840" hash="359afa3e8" evolution="Same" change="Same">
		<class nclones="2">
			<source file="../../workspace/dataset/test/ft-text-vertical-layout-type1.c.ifdefed" startline="104" endline="159" function="draw" hash="-8619883818392010747"></source>
			<source file="../../workspace/dataset/test/ft-text-vertical-layout-type3.c.ifdefed" startline="104" endline="159" function="draw" hash="-8619883818392010747"></source>
		</class>
	</version>
</lineage>
<lineage>
	<version nr="2090" hash="74f6afcdd" evolution="None" change="None">
		<class nclones="2">
			<source file="../../workspace/dataset/test/source-clip.c.ifdefed" startline="41" endline="79" function="draw" hash="1153343886367833492"></source>
			<source file="../../workspace/dataset/test/source-clip-scale.c.ifdefed" startline="41" endline="84" function="draw" hash="-2703211271258692813"></source>
		</class>
	</version>
	<version nr="3670" hash="ed3fccec0" evolution="Same" change="Same">
		<class nclones="2">
			<source file="../../workspace/dataset/test/source-clip.c.ifdefed" startline="41" endline="79" function="draw" hash="1153343886367833492"></source>
			<source file="../../workspace/dataset/test/source-clip-scale.c.ifdefed" startline="41" endline="84" function="draw" hash="-2703211271258692813"></source>
		</class>
	</version>
	<version nr="3680" hash="d8169b8ce" evolution="Same" change="Consistent">
		<class nclones="2">
			<source file="../../workspace/dataset/test/source-clip.c.ifdefed" startline="41" endline="79" function="draw" hash="2690296495202850310"></source>
			<source file="../../workspace/dataset/test/source-clip-scale.c.ifdefed" startline="41" endline="84" function="draw" hash="6175334780153840773"></source>
		</class>
	</version>
	<version nr="5320" hash="6e6d7e52a" evolution="Same" change="Same">
		<class nclones="2">
			<source file="../../workspace/dataset/test/source-clip.c.ifdefed" startline="41" endline="79" function="draw" hash="2690296495202850310"></source>
			<source file="../../workspace/dataset/test/source-clip-scale.c.ifdefed" startline="41" endline="84" function="draw" hash="6175334780153840773"></source>
		</class>
	</version>
	<version nr="5330" hash="952969902" evolution="Same" change="Consistent">
		<class nclones="2">
			<source file="../../workspace/dataset/test/source-clip.c.ifdefed" startline="41" endline="79" function="draw" hash="-6999712855470720466"></source>
			<source file="../../workspace/dataset/test/source-clip-scale.c.ifdefed" startline="41" endline="84" function="draw" hash="-7317572670300337027"></source>
		</class>
	</version>
	<version nr="10840" hash="359afa3e8" evolution="Same" change="Same">
		<class nclones="2">
			<source file="../../workspace/dataset/test/source-clip.c.ifdefed" startline="41" endline="79" function="draw" hash="-6999712855470720466"></source>
			<source file="../../workspace/dataset/test/source-clip-scale.c.ifdefed" startline="41" endline="84" function="draw" hash="-7317572670300337027"></source>
		</class>
	</version>
</lineage>
<lineage>
	<version nr="2550" hash="f175b2355" evolution="None" change="None">
		<class nclones="3">
			<source file="../../workspace/dataset/test/pdiff.c.ifdefed" startline="141" endline="155" function="_get_red" hash="-7711672851341363716"></source>
			<source file="../../workspace/dataset/test/pdiff.c.ifdefed" startline="173" endline="187" function="_get_blue" hash="-2882385711907804068"></source>
			<source file="../../workspace/dataset/test/pdiff.c.ifdefed" startline="157" endline="171" function="_get_green" hash="-6183567855497219462"></source>
		</class>
	</version>
	<version nr="4790" hash="b47c77293" evolution="Same" change="Same">
		<class nclones="3">
			<source file="../../workspace/dataset/test/pdiff.c.ifdefed" startline="141" endline="155" function="_get_red" hash="-7711672851341363716"></source>
			<source file="../../workspace/dataset/test/pdiff.c.ifdefed" startline="173" endline="187" function="_get_blue" hash="-2882385711907804068"></source>
			<source file="../../workspace/dataset/test/pdiff.c.ifdefed" startline="157" endline="171" function="_get_green" hash="-6183567855497219462"></source>
		</class>
	</version>
	<version nr="4800" hash="a8c0998ba" evolution="Same" change="Consistent">
		<class nclones="3">
			<source file="../../workspace/dataset/test/pdiff.c.ifdefed" startline="183" endline="195" function="_get_red" hash="-3165212545195431753"></source>
			<source file="../../workspace/dataset/test/pdiff.c.ifdefed" startline="211" endline="223" function="_get_blue" hash="-5272277952005978947"></source>
			<source file="../../workspace/dataset/test/pdiff.c.ifdefed" startline="197" endline="209" function="_get_green" hash="-2899754378991071109"></source>
		</class>
	</version>
	<version nr="10800" hash="6d169c699" evolution="Same" change="Same">
		<class nclones="3">
			<source file="../../workspace/dataset/test/pdiff.c.ifdefed" startline="183" endline="195" function="_get_red" hash="-3165212545195431753"></source>
			<source file="../../workspace/dataset/test/pdiff.c.ifdefed" startline="211" endline="223" function="_get_blue" hash="-5272277952005978947"></source>
			<source file="../../workspace/dataset/test/pdiff.c.ifdefed" startline="197" endline="209" function="_get_green" hash="-2899754378991071109"></source>
		</class>
	</version>
	<version nr="10810" hash="b63dc83c8" evolution="Same" change="Consistent">
		<class nclones="3">
			<source file="../../workspace/dataset/test/pdiff.c.ifdefed" startline="183" endline="195" function="_get_red" hash="298624553973765177"></source>
			<source file="../../workspace/dataset/test/pdiff.c.ifdefed" startline="211" endline="223" function="_get_blue" hash="-6511606384152654285"></source>
			<source file="../../workspace/dataset/test/pdiff.c.ifdefed" startline="197" endline="209" function="_get_green" hash="3051642329870456541"></source>
		</class>
	</version>
	<version nr="10840" hash="359afa3e8" evolution="Same" change="Same">
		<class nclones="3">
			<source file="../../workspace/dataset/test/pdiff.c.ifdefed" startline="183" endline="195" function="_get_red" hash="298624553973765177"></source>
			<source file="../../workspace/dataset/test/pdiff.c.ifdefed" startline="211" endline="223" function="_get_blue" hash="-6511606384152654285"></source>
			<source file="../../workspace/dataset/test/pdiff.c.ifdefed" startline="197" endline="209" function="_get_green" hash="3051642329870456541"></source>
		</class>
	</version>
</lineage>
<lineage>
	<version nr="2720" hash="2d908e6a9" evolution="None" change="None">
		<class nclones="3">
			<source file="../../workspace/dataset/test/extend-pad.c.ifdefed" startline="16" endline="68" function="draw" hash="-1541605088424966826"></source>
			<source file="../../workspace/dataset/test/surface-pattern.c.ifdefed" startline="16" endline="63" function="draw" hash="8320936549119945703"></source>
			<source file="../../workspace/dataset/test/rotate-image-surface-paint.c.ifdefed" startline="42" endline="92" function="draw" hash="7241111527473659691"></source>
		</class>
	</version>
	<version nr="2730" hash="ed933a199" evolution="Add" change="Inconsistent">
		<class nclones="5">
			<source file="../../workspace/dataset/test/extend-pad.c.ifdefed" startline="16" endline="68" function="draw" hash="-1541605088424966826"></source>
			<source file="../../workspace/dataset/test/surface-pattern.c.ifdefed" startline="16" endline="62" function="draw" hash="-3495571350482194048"></source>
			<source file="../../workspace/dataset/test/surface-pattern-scale-up.c.ifdefed" startline="16" endline="62" function="draw" hash="-863045424635956028"></source>
			<source file="../../workspace/dataset/test/surface-pattern-scale-down.c.ifdefed" startline="16" endline="62" function="draw" hash="1201981335625977826"></source>
			<source file="../../workspace/dataset/test/rotate-image-surface-paint.c.ifdefed" startline="42" endline="92" function="draw" hash="7241111527473659691"></source>
		</class>
	</version>
	<version nr="5320" hash="6e6d7e52a" evolution="Same" change="Same">
		<class nclones="5">
			<source file="../../workspace/dataset/test/extend-pad.c.ifdefed" startline="16" endline="68" function="draw" hash="-1541605088424966826"></source>
			<source file="../../workspace/dataset/test/surface-pattern.c.ifdefed" startline="16" endline="62" function="draw" hash="-3495571350482194048"></source>
			<source file="../../workspace/dataset/test/surface-pattern-scale-up.c.ifdefed" startline="16" endline="62" function="draw" hash="-863045424635956028"></source>
			<source file="../../workspace/dataset/test/surface-pattern-scale-down.c.ifdefed" startline="16" endline="62" function="draw" hash="1201981335625977826"></source>
			<source file="../../workspace/dataset/test/rotate-image-surface-paint.c.ifdefed" startline="42" endline="92" function="draw" hash="7241111527473659691"></source>
		</class>
	</version>
	<version nr="5330" hash="952969902" evolution="Same" change="Inconsistent">
		<class nclones="5">
			<source file="../../workspace/dataset/test/extend-pad.c.ifdefed" startline="42" endline="94" function="draw" hash="-1541605088424966826"></source>
			<source file="../../workspace/dataset/test/surface-pattern-scale-down.c.ifdefed" startline="43" endline="89" function="draw" hash="1201981335625977826"></source>
			<source file="../../workspace/dataset/test/surface-pattern-scale-up.c.ifdefed" startline="43" endline="89" function="draw" hash="-863045424635956028"></source>
			<source file="../../workspace/dataset/test/rotate-image-surface-paint.c.ifdefed" startline="42" endline="92" function="draw" hash="7241111527473659691"></source>
			<source file="../../workspace/dataset/test/surface-pattern.c.ifdefed" startline="43" endline="90" function="draw" hash="-6641610192048337924"></source>
		</class>
	</version>
	<version nr="5380" hash="ae9d17c01" evolution="Same" change="Same">
		<class nclones="5">
			<source file="../../workspace/dataset/test/extend-pad.c.ifdefed" startline="42" endline="94" function="draw" hash="-1541605088424966826"></source>
			<source file="../../workspace/dataset/test/surface-pattern-scale-down.c.ifdefed" startline="43" endline="89" function="draw" hash="1201981335625977826"></source>
			<source file="../../workspace/dataset/test/surface-pattern-scale-up.c.ifdefed" startline="43" endline="89" function="draw" hash="-863045424635956028"></source>
			<source file="../../workspace/dataset/test/rotate-image-surface-paint.c.ifdefed" startline="42" endline="92" function="draw" hash="7241111527473659691"></source>
			<source file="../../workspace/dataset/test/surface-pattern.c.ifdefed" startline="43" endline="90" function="draw" hash="-6641610192048337924"></source>
		</class>
	</version>
	<version nr="5390" hash="64949b817" evolution="Same" change="Inconsistent">
		<class nclones="5">
			<source file="../../workspace/dataset/test/extend-pad.c.ifdefed" startline="42" endline="95" function="draw" hash="-1308355873292386102"></source>
			<source file="../../workspace/dataset/test/surface-pattern.c.ifdefed" startline="43" endline="90" function="draw" hash="-6641610192048337924"></source>
			<source file="../../workspace/dataset/test/surface-pattern-scale-down.c.ifdefed" startline="43" endline="89" function="draw" hash="1201981335625977826"></source>
			<source file="../../workspace/dataset/test/surface-pattern-scale-up.c.ifdefed" startline="43" endline="89" function="draw" hash="-863045424635956028"></source>
			<source file="../../workspace/dataset/test/rotate-image-surface-paint.c.ifdefed" startline="42" endline="92" function="draw" hash="7241111527473659691"></source>
		</class>
	</version>
	<version nr="5400" hash="170686d4b" evolution="Same" change="Inconsistent">
		<class nclones="5">
			<source file="../../workspace/dataset/test/extend-pad.c.ifdefed" startline="42" endline="95" function="draw" hash="-1308355873292386102"></source>
			<source file="../../workspace/dataset/test/rotate-image-surface-paint.c.ifdefed" startline="42" endline="93" function="draw" hash="-8395780541928412821"></source>
			<source file="../../workspace/dataset/test/surface-pattern-scale-up.c.ifdefed" startline="43" endline="90" function="draw" hash="704005974599199360"></source>
			<source file="../../workspace/dataset/test/surface-pattern-scale-down.c.ifdefed" startline="43" endline="90" function="draw" hash="5470839221942830228"></source>
			<source file="../../workspace/dataset/test/surface-pattern.c.ifdefed" startline="43" endline="90" function="draw" hash="-6641610192048337924"></source>
		</class>
	</version>
	<version nr="5510" hash="f77723fc8" evolution="Same" change="Same">
		<class nclones="5">
			<source file="../../workspace/dataset/test/extend-pad.c.ifdefed" startline="42" endline="95" function="draw" hash="-1308355873292386102"></source>
			<source file="../../workspace/dataset/test/surface-pattern.c.ifdefed" startline="43" endline="90" function="draw" hash="-6641610192048337924"></source>
			<source file="../../workspace/dataset/test/surface-pattern-scale-up.c.ifdefed" startline="43" endline="90" function="draw" hash="704005974599199360"></source>
			<source file="../../workspace/dataset/test/surface-pattern-scale-down.c.ifdefed" startline="43" endline="90" function="draw" hash="5470839221942830228"></source>
			<source file="../../workspace/dataset/test/rotate-image-surface-paint.c.ifdefed" startline="42" endline="93" function="draw" hash="-8395780541928412821"></source>
		</class>
	</version>
	<version nr="5520" hash="902175501" evolution="Subtract" change="Consistent">
		<class nclones="2">
			<source file="../../workspace/dataset/test/extend-pad.c.ifdefed" startline="33" endline="74" function="draw" hash="2218605471365725275"></source>
			<source file="../../workspace/dataset/test/extend-pad-similar.c.ifdefed" startline="33" endline="75" function="draw" hash="-2598879343702690551"></source>
		</class>
	</version>
	<version nr="10840" hash="359afa3e8" evolution="Same" change="Same">
		<class nclones="2">
			<source file="../../workspace/dataset/test/extend-pad.c.ifdefed" startline="33" endline="74" function="draw" hash="2218605471365725275"></source>
			<source file="../../workspace/dataset/test/extend-pad-similar.c.ifdefed" startline="33" endline="75" function="draw" hash="-2598879343702690551"></source>
		</class>
	</version>
</lineage>
<lineage>
	<version nr="3310" hash="1e8446609" evolution="None" change="None">
		<class nclones="2">
			<source file="../../workspace/dataset/test/over-around-source.c.ifdefed" startline="49" endline="85" function="draw" hash="2039139177787527760"></source>
			<source file="../../workspace/dataset/test/over-between-source.c.ifdefed" startline="49" endline="85" function="draw" hash="-9096641273847561770"></source>
		</class>
	</version>
	<version nr="10840" hash="359afa3e8" evolution="Same" change="Same">
		<class nclones="2">
			<source file="../../workspace/dataset/test/over-around-source.c.ifdefed" startline="49" endline="85" function="draw" hash="2039139177787527760"></source>
			<source file="../../workspace/dataset/test/over-between-source.c.ifdefed" startline="49" endline="85" function="draw" hash="-9096641273847561770"></source>
		</class>
	</version>
</lineage>
<lineage>
	<version nr="3750" hash="390e22894" evolution="None" change="None">
		<class nclones="2">
			<source file="../../workspace/dataset/test/dash-curve.c.ifdefed" startline="37" endline="68" function="draw" hash="220281618806900105"></source>
			<source file="../../workspace/dataset/test/dash-state.c.ifdefed" startline="37" endline="66" function="draw" hash="-8606317564217892320"></source>
		</class>
	</version>
	<version nr="10840" hash="359afa3e8" evolution="Same" change="Same">
		<class nclones="2">
			<source file="../../workspace/dataset/test/dash-curve.c.ifdefed" startline="37" endline="68" function="draw" hash="220281618806900105"></source>
			<source file="../../workspace/dataset/test/dash-state.c.ifdefed" startline="37" endline="66" function="draw" hash="-8606317564217892320"></source>
		</class>
	</version>
</lineage>
<lineage>
	<version nr="3760" hash="02d0e0706" evolution="None" change="None">
		<class nclones="2">
			<source file="../../workspace/dataset/test/extend-repeat-similar.c.ifdefed" startline="14" endline="31" function="*clone_similar_surface" hash="1426251778682152650"></source>
			<source file="../../workspace/dataset/test/extend-reflect-similar.c.ifdefed" startline="14" endline="31" function="*clone_similar_surface" hash="1426251778682152650"></source>
		</class>
	</version>
	<version nr="4300" hash="cf057c1e8" evolution="Same" change="Same">
		<class nclones="2">
			<source file="../../workspace/dataset/test/extend-repeat-similar.c.ifdefed" startline="14" endline="31" function="*clone_similar_surface" hash="1426251778682152650"></source>
			<source file="../../workspace/dataset/test/extend-reflect-similar.c.ifdefed" startline="14" endline="31" function="*clone_similar_surface" hash="1426251778682152650"></source>
		</class>
	</version>
	<version nr="4310" hash="9db764c73" evolution="Add" change="Same">
		<class nclones="3">
			<source file="../../workspace/dataset/test/extend-repeat-similar.c.ifdefed" startline="14" endline="31" function="*clone_similar_surface" hash="1426251778682152650"></source>
			<source file="../../workspace/dataset/test/extend-reflect-similar.c.ifdefed" startline="14" endline="31" function="*clone_similar_surface" hash="1426251778682152650"></source>
			<source file="../../workspace/dataset/test/xlib-expose-event.c.ifdefed" startline="113" endline="131" function="*clone_similar_surface" hash="1426251778682152650"></source>
		</class>
	</version>
	<version nr="4720" hash="5ace0cb17" evolution="Same" change="Same">
		<class nclones="3">
			<source file="../../workspace/dataset/test/extend-repeat-similar.c.ifdefed" startline="14" endline="31" function="*clone_similar_surface" hash="1426251778682152650"></source>
			<source file="../../workspace/dataset/test/xlib-expose-event.c.ifdefed" startline="113" endline="131" function="*clone_similar_surface" hash="1426251778682152650"></source>
			<source file="../../workspace/dataset/test/extend-reflect-similar.c.ifdefed" startline="14" endline="31" function="*clone_similar_surface" hash="1426251778682152650"></source>
		</class>
	</version>
	<version nr="4730" hash="e3665bde5" evolution="Same" change="Inconsistent">
		<class nclones="3">
			<source file="../../workspace/dataset/test/extend-repeat-similar.c.ifdefed" startline="14" endline="33" function="*clone_similar_surface" hash="-2433944108403443975"></source>
			<source file="../../workspace/dataset/test/xlib-expose-event.c.ifdefed" startline="113" endline="131" function="*clone_similar_surface" hash="1426251778682152650"></source>
			<source file="../../workspace/dataset/test/extend-reflect-similar.c.ifdefed" startline="14" endline="33" function="*clone_similar_surface" hash="-2433944108403443975"></source>
		</class>
	</version>
	<version nr="10840" hash="359afa3e8" evolution="Same" change="Same">
		<class nclones="3">
			<source file="../../workspace/dataset/test/extend-repeat-similar.c.ifdefed" startline="14" endline="33" function="*clone_similar_surface" hash="-2433944108403443975"></source>
			<source file="../../workspace/dataset/test/xlib-expose-event.c.ifdefed" startline="113" endline="131" function="*clone_similar_surface" hash="1426251778682152650"></source>
			<source file="../../workspace/dataset/test/extend-reflect-similar.c.ifdefed" startline="14" endline="33" function="*clone_similar_surface" hash="-2433944108403443975"></source>
		</class>
	</version>
</lineage>
<lineage>
	<version nr="3760" hash="02d0e0706" evolution="None" change="None">
		<class nclones="2">
			<source file="../../workspace/dataset/test/extend-repeat-similar.c.ifdefed" startline="33" endline="50" function="draw" hash="3450937397783722374"></source>
			<source file="../../workspace/dataset/test/extend-reflect-similar.c.ifdefed" startline="33" endline="50" function="draw" hash="-7825186227309831225"></source>
		</class>
	</version>
	<version nr="4720" hash="5ace0cb17" evolution="Same" change="Same">
		<class nclones="2">
			<source file="../../workspace/dataset/test/extend-repeat-similar.c.ifdefed" startline="33" endline="50" function="draw" hash="3450937397783722374"></source>
			<source file="../../workspace/dataset/test/extend-reflect-similar.c.ifdefed" startline="33" endline="50" function="draw" hash="-7825186227309831225"></source>
		</class>
	</version>
	<version nr="4730" hash="e3665bde5" evolution="Same" change="Consistent">
		<class nclones="2">
			<source file="../../workspace/dataset/test/extend-repeat-similar.c.ifdefed" startline="35" endline="53" function="draw" hash="8879074347649912955"></source>
			<source file="../../workspace/dataset/test/extend-reflect-similar.c.ifdefed" startline="35" endline="53" function="draw" hash="7738885584018517280"></source>
		</class>
	</version>
	<version nr="10840" hash="359afa3e8" evolution="Same" change="Same">
		<class nclones="2">
			<source file="../../workspace/dataset/test/extend-repeat-similar.c.ifdefed" startline="35" endline="53" function="draw" hash="8879074347649912955"></source>
			<source file="../../workspace/dataset/test/extend-reflect-similar.c.ifdefed" startline="35" endline="53" function="draw" hash="7738885584018517280"></source>
		</class>
	</version>
</lineage>
<lineage>
	<version nr="3770" hash="f072d815d" evolution="None" change="None">
		<class nclones="2">
			<source file="../../workspace/dataset/test/a1-image-sample.c.ifdefed" startline="47" endline="77" function="draw" hash="-4152369645566569028"></source>
			<source file="../../workspace/dataset/test/a1-traps-sample.c.ifdefed" startline="44" endline="66" function="draw" hash="-4661046989256192081"></source>
		</class>
	</version>
	<version nr="3940" hash="fe334bb47" evolution="Same" change="Same">
		<class nclones="2">
			<source file="../../workspace/dataset/test/a1-image-sample.c.ifdefed" startline="47" endline="77" function="draw" hash="-4152369645566569028"></source>
			<source file="../../workspace/dataset/test/a1-traps-sample.c.ifdefed" startline="44" endline="66" function="draw" hash="-4661046989256192081"></source>
		</class>
	</version>
	<version nr="8370" hash="524809759" evolution="Add" change="Inconsistent">
		<class nclones="5">
			<source file="../../workspace/dataset/test/a1-clip.c.ifdefed" startline="35" endline="60" function="paint" hash="-2265685257124498605"></source>
			<source file="../../workspace/dataset/test/a1-traps-sample.c.ifdefed" startline="35" endline="57" function="draw" hash="-4661046989256192081"></source>
			<source file="../../workspace/dataset/test/a1-clip.c.ifdefed" startline="89" endline="115" function="fill" hash="-9176533645310891895"></source>
			<source file="../../workspace/dataset/test/a1-clip.c.ifdefed" startline="117" endline="147" function="stroke" hash="-3640921179181254079"></source>
			<source file="../../workspace/dataset/test/a1-clip.c.ifdefed" startline="62" endline="87" function="fill_equal" hash="-8988558685561203974"></source>
		</class>
	</version>
	<version nr="10840" hash="359afa3e8" evolution="Same" change="Same">
		<class nclones="5">
			<source file="../../workspace/dataset/test/a1-clip.c.ifdefed" startline="35" endline="60" function="paint" hash="-2265685257124498605"></source>
			<source file="../../workspace/dataset/test/a1-clip.c.ifdefed" startline="117" endline="147" function="stroke" hash="-3640921179181254079"></source>
			<source file="../../workspace/dataset/test/a1-traps-sample.c.ifdefed" startline="35" endline="57" function="draw" hash="-4661046989256192081"></source>
			<source file="../../workspace/dataset/test/a1-clip.c.ifdefed" startline="89" endline="115" function="fill" hash="-9176533645310891895"></source>
			<source file="../../workspace/dataset/test/a1-clip.c.ifdefed" startline="62" endline="87" function="fill_equal" hash="-8988558685561203974"></source>
		</class>
	</version>
</lineage>
<lineage>
	<version nr="4230" hash="6101dc3e9" evolution="None" change="None">
		<class nclones="2">
			<source file="../../workspace/dataset/test/a1-mask.c.ifdefed" startline="73" endline="110" function="test_surface_with_width_and_stride" hash="3775538077067090795"></source>
			<source file="../../workspace/dataset/test/a8-mask.c.ifdefed" startline="66" endline="103" function="test_surface_with_width_and_stride" hash="-144386823658760778"></source>
		</class>
	</version>
	<version nr="4720" hash="5ace0cb17" evolution="Same" change="Same">
		<class nclones="2">
			<source file="../../workspace/dataset/test/a1-mask.c.ifdefed" startline="73" endline="110" function="test_surface_with_width_and_stride" hash="3775538077067090795"></source>
			<source file="../../workspace/dataset/test/a8-mask.c.ifdefed" startline="66" endline="103" function="test_surface_with_width_and_stride" hash="-144386823658760778"></source>
		</class>
	</version>
	<version nr="4730" hash="e3665bde5" evolution="Same" change="Consistent">
		<class nclones="2">
			<source file="../../workspace/dataset/test/a1-mask.c.ifdefed" startline="76" endline="115" function="test_surface_with_width_and_stride" hash="5166141091125429584"></source>
			<source file="../../workspace/dataset/test/a8-mask.c.ifdefed" startline="69" endline="108" function="test_surface_with_width_and_stride" hash="-2880111496108324187"></source>
		</class>
	</version>
	<version nr="10840" hash="359afa3e8" evolution="Same" change="Same">
		<class nclones="2">
			<source file="../../workspace/dataset/test/a1-mask.c.ifdefed" startline="76" endline="115" function="test_surface_with_width_and_stride" hash="5166141091125429584"></source>
			<source file="../../workspace/dataset/test/a8-mask.c.ifdefed" startline="69" endline="108" function="test_surface_with_width_and_stride" hash="-2880111496108324187"></source>
		</class>
	</version>
</lineage>
<lineage>
	<version nr="4230" hash="6101dc3e9" evolution="None" change="None">
		<class nclones="2">
			<source file="../../workspace/dataset/test/a1-mask.c.ifdefed" startline="112" endline="192" function="draw" hash="7814492721123562853"></source>
			<source file="../../workspace/dataset/test/a8-mask.c.ifdefed" startline="105" endline="189" function="draw" hash="-8096088173512799144"></source>
		</class>
	</version>
	<version nr="4310" hash="9db764c73" evolution="Same" change="Same">
		<class nclones="2">
			<source file="../../workspace/dataset/test/a1-mask.c.ifdefed" startline="112" endline="192" function="draw" hash="7814492721123562853"></source>
			<source file="../../workspace/dataset/test/a8-mask.c.ifdefed" startline="105" endline="189" function="draw" hash="-8096088173512799144"></source>
		</class>
	</version>
</lineage>
<lineage>
	<version nr="4250" hash="731e121c8" evolution="None" change="None">
		<class nclones="5">
			<source file="../../workspace/dataset/test/smask-image-mask.c.ifdefed" startline="37" endline="85" function="draw" hash="6953064541219900514"></source>
			<source file="../../workspace/dataset/test/smask-text.c.ifdefed" startline="37" endline="85" function="draw" hash="-8559542941571593392"></source>
			<source file="../../workspace/dataset/test/smask-fill.c.ifdefed" startline="37" endline="76" function="draw" hash="1527551252704544785"></source>
			<source file="../../workspace/dataset/test/smask-paint.c.ifdefed" startline="37" endline="83" function="draw" hash="1133928525063100634"></source>
			<source file="../../workspace/dataset/test/smask-stroke.c.ifdefed" startline="37" endline="76" function="draw" hash="-9191130728475653576"></source>
		</class>
	</version>
	<version nr="4720" hash="5ace0cb17" evolution="Same" change="Same">
		<class nclones="5">
			<source file="../../workspace/dataset/test/smask-image-mask.c.ifdefed" startline="37" endline="85" function="draw" hash="6953064541219900514"></source>
			<source file="../../workspace/dataset/test/smask-text.c.ifdefed" startline="37" endline="85" function="draw" hash="-8559542941571593392"></source>
			<source file="../../workspace/dataset/test/smask-fill.c.ifdefed" startline="37" endline="76" function="draw" hash="1527551252704544785"></source>
			<source file="../../workspace/dataset/test/smask-paint.c.ifdefed" startline="37" endline="83" function="draw" hash="1133928525063100634"></source>
			<source file="../../workspace/dataset/test/smask-stroke.c.ifdefed" startline="37" endline="76" function="draw" hash="-9191130728475653576"></source>
		</class>
	</version>
	<version nr="4730" hash="e3665bde5" evolution="Same" change="Inconsistent">
		<class nclones="5">
			<source file="../../workspace/dataset/test/smask-image-mask.c.ifdefed" startline="37" endline="85" function="draw" hash="-1041648524236099359"></source>
			<source file="../../workspace/dataset/test/smask-stroke.c.ifdefed" startline="37" endline="76" function="draw" hash="-9191130728475653576"></source>
			<source file="../../workspace/dataset/test/smask-fill.c.ifdefed" startline="37" endline="76" function="draw" hash="1527551252704544785"></source>
			<source file="../../workspace/dataset/test/smask-paint.c.ifdefed" startline="37" endline="83" function="draw" hash="1133928525063100634"></source>
			<source file="../../workspace/dataset/test/smask-text.c.ifdefed" startline="37" endline="85" function="draw" hash="-8559542941571593392"></source>
		</class>
	</version>
	<version nr="5310" hash="eaec1caa9" evolution="Same" change="Same">
		<class nclones="5">
			<source file="../../workspace/dataset/test/smask-image-mask.c.ifdefed" startline="37" endline="85" function="draw" hash="-1041648524236099359"></source>
			<source file="../../workspace/dataset/test/smask-stroke.c.ifdefed" startline="37" endline="76" function="draw" hash="-9191130728475653576"></source>
			<source file="../../workspace/dataset/test/smask-fill.c.ifdefed" startline="37" endline="76" function="draw" hash="1527551252704544785"></source>
			<source file="../../workspace/dataset/test/smask-paint.c.ifdefed" startline="37" endline="83" function="draw" hash="1133928525063100634"></source>
			<source file="../../workspace/dataset/test/smask-text.c.ifdefed" startline="37" endline="85" function="draw" hash="-8559542941571593392"></source>
		</class>
	</version>
	<version nr="5320" hash="6e6d7e52a" evolution="Same" change="Consistent">
		<class nclones="5">
			<source file="../../workspace/dataset/test/smask-image-mask.c.ifdefed" startline="37" endline="85" function="draw" hash="2713590563237171226"></source>
			<source file="../../workspace/dataset/test/smask-stroke.c.ifdefed" startline="37" endline="75" function="draw" hash="3095131822643911407"></source>
			<source file="../../workspace/dataset/test/smask-paint.c.ifdefed" startline="37" endline="83" function="draw" hash="2384130754120031497"></source>
			<source file="../../workspace/dataset/test/smask-text.c.ifdefed" startline="37" endline="85" function="draw" hash="-8010235271474984061"></source>
			<source file="../../workspace/dataset/test/smask-fill.c.ifdefed" startline="37" endline="75" function="draw" hash="-3677464869516490122"></source>
		</class>
	</version>
	<version nr="7140" hash="514d366cd" evolution="Same" change="Same">
		<class nclones="5">
			<source file="../../workspace/dataset/test/smask-image-mask.c.ifdefed" startline="37" endline="85" function="draw" hash="2713590563237171226"></source>
			<source file="../../workspace/dataset/test/smask-fill.c.ifdefed" startline="37" endline="75" function="draw" hash="-3677464869516490122"></source>
			<source file="../../workspace/dataset/test/smask-text.c.ifdefed" startline="37" endline="85" function="draw" hash="-8010235271474984061"></source>
			<source file="../../workspace/dataset/test/smask-stroke.c.ifdefed" startline="37" endline="75" function="draw" hash="3095131822643911407"></source>
			<source file="../../workspace/dataset/test/smask-paint.c.ifdefed" startline="37" endline="83" function="draw" hash="2384130754120031497"></source>
		</class>
	</version>
	<version nr="7150" hash="d3c434973" evolution="Same" change="Inconsistent">
		<class nclones="5">
			<source file="../../workspace/dataset/test/smask-image-mask.c.ifdefed" startline="28" endline="78" function="draw" hash="9213952016365309756"></source>
			<source file="../../workspace/dataset/test/smask-text.c.ifdefed" startline="28" endline="76" function="draw" hash="-8010235271474984061"></source>
			<source file="../../workspace/dataset/test/smask-fill.c.ifdefed" startline="28" endline="66" function="draw" hash="-3677464869516490122"></source>
			<source file="../../workspace/dataset/test/smask-stroke.c.ifdefed" startline="28" endline="66" function="draw" hash="3095131822643911407"></source>
			<source file="../../workspace/dataset/test/smask-paint.c.ifdefed" startline="28" endline="74" function="draw" hash="2384130754120031497"></source>
		</class>
	</version>
	<version nr="7530" hash="a049889c6" evolution="Same" change="Same">
		<class nclones="5">
			<source file="../../workspace/dataset/test/smask-image-mask.c.ifdefed" startline="28" endline="78" function="draw" hash="9213952016365309756"></source>
			<source file="../../workspace/dataset/test/smask-text.c.ifdefed" startline="28" endline="76" function="draw" hash="-8010235271474984061"></source>
			<source file="../../workspace/dataset/test/smask-stroke.c.ifdefed" startline="28" endline="66" function="draw" hash="3095131822643911407"></source>
			<source file="../../workspace/dataset/test/smask-fill.c.ifdefed" startline="28" endline="66" function="draw" hash="-3677464869516490122"></source>
			<source file="../../workspace/dataset/test/smask-paint.c.ifdefed" startline="28" endline="74" function="draw" hash="2384130754120031497"></source>
		</class>
	</version>
	<version nr="7540" hash="3cb882d01" evolution="Same" change="Inconsistent">
		<class nclones="5">
			<source file="../../workspace/dataset/test/smask-image-mask.c.ifdefed" startline="28" endline="78" function="draw" hash="9213952016365309756"></source>
			<source file="../../workspace/dataset/test/smask-fill.c.ifdefed" startline="28" endline="66" function="draw" hash="-3677464869516490122"></source>
			<source file="../../workspace/dataset/test/smask-text.c.ifdefed" startline="28" endline="76" function="draw" hash="-2424363846545519355"></source>
			<source file="../../workspace/dataset/test/smask-stroke.c.ifdefed" startline="28" endline="66" function="draw" hash="3095131822643911407"></source>
			<source file="../../workspace/dataset/test/smask-paint.c.ifdefed" startline="28" endline="74" function="draw" hash="2384130754120031497"></source>
		</class>
	</version>
	<version nr="10840" hash="359afa3e8" evolution="Same" change="Same">
		<class nclones="5">
			<source file="../../workspace/dataset/test/smask-image-mask.c.ifdefed" startline="28" endline="78" function="draw" hash="9213952016365309756"></source>
			<source file="../../workspace/dataset/test/smask-fill.c.ifdefed" startline="28" endline="66" function="draw" hash="-3677464869516490122"></source>
			<source file="../../workspace/dataset/test/smask-text.c.ifdefed" startline="28" endline="76" function="draw" hash="-2424363846545519355"></source>
			<source file="../../workspace/dataset/test/smask-stroke.c.ifdefed" startline="28" endline="66" function="draw" hash="3095131822643911407"></source>
			<source file="../../workspace/dataset/test/smask-paint.c.ifdefed" startline="28" endline="74" function="draw" hash="2384130754120031497"></source>
		</class>
	</version>
</lineage>
<lineage>
	<version nr="4290" hash="33c54ed24" evolution="None" change="None">
		<class nclones="2">
			<source file="../../workspace/dataset/test/cairo-test.c.ifdefed" startline="223" endline="254" function="cairo_test_target_has_similar" hash="-1511635214699913651"></source>
			<source file="../../workspace/dataset/test/cairo-test.c.ifdefed" startline="256" endline="290" function="cairo_test_target_has_similar_alpha" hash="-2807139796026455879"></source>
		</class>
	</version>
</lineage>
<lineage>
	<version nr="4320" hash="a0d71e5a3" evolution="None" change="None">
		<class nclones="2">
			<source file="../../workspace/dataset/test/a1-mask.c.ifdefed" startline="146" endline="199" function="main" hash="6738649131946232677"></source>
			<source file="../../workspace/dataset/test/a8-mask.c.ifdefed" startline="147" endline="198" function="main" hash="-6067926794522458942"></source>
		</class>
	</version>
	<version nr="4720" hash="5ace0cb17" evolution="Same" change="Same">
		<class nclones="2">
			<source file="../../workspace/dataset/test/a1-mask.c.ifdefed" startline="146" endline="199" function="main" hash="6738649131946232677"></source>
			<source file="../../workspace/dataset/test/a8-mask.c.ifdefed" startline="147" endline="198" function="main" hash="-6067926794522458942"></source>
		</class>
	</version>
	<version nr="4730" hash="e3665bde5" evolution="Same" change="Consistent">
		<class nclones="2">
			<source file="../../workspace/dataset/test/a1-mask.c.ifdefed" startline="151" endline="209" function="main" hash="5971869287872778247"></source>
			<source file="../../workspace/dataset/test/a8-mask.c.ifdefed" startline="152" endline="208" function="main" hash="-6557328701615172800"></source>
		</class>
	</version>
	<version nr="5480" hash="4f2f46ef1" evolution="Same" change="Same">
		<class nclones="2">
			<source file="../../workspace/dataset/test/a1-mask.c.ifdefed" startline="151" endline="209" function="main" hash="5971869287872778247"></source>
			<source file="../../workspace/dataset/test/a8-mask.c.ifdefed" startline="152" endline="208" function="main" hash="-6557328701615172800"></source>
		</class>
	</version>
</lineage>
<lineage>
	<version nr="4440" hash="96f717822" evolution="None" change="None">
		<class nclones="2">
			<source file="../../workspace/dataset/test/user-font-proxy.c.ifdefed" startline="127" endline="184" function="draw" hash="-4221071542740319901"></source>
			<source file="../../workspace/dataset/test/user-font.c.ifdefed" startline="176" endline="233" function="draw" hash="-7107966012811486099"></source>
		</class>
	</version>
	<version nr="4660" hash="523f72580" evolution="Same" change="Same">
		<class nclones="2">
			<source file="../../workspace/dataset/test/user-font-proxy.c.ifdefed" startline="127" endline="184" function="draw" hash="-4221071542740319901"></source>
			<source file="../../workspace/dataset/test/user-font.c.ifdefed" startline="176" endline="233" function="draw" hash="-7107966012811486099"></source>
		</class>
	</version>
	<version nr="4670" hash="b01ad0835" evolution="Same" change="Inconsistent">
		<class nclones="2">
			<source file="../../workspace/dataset/test/user-font-proxy.c.ifdefed" startline="119" endline="181" function="draw" hash="-5560054015777605116"></source>
			<source file="../../workspace/dataset/test/user-font.c.ifdefed" startline="196" endline="253" function="draw" hash="-7107966012811486099"></source>
		</class>
	</version>
	<version nr="4680" hash="38c5f0d49" evolution="Same" change="Same">
		<class nclones="2">
			<source file="../../workspace/dataset/test/user-font-proxy.c.ifdefed" startline="148" endline="210" function="draw" hash="-5560054015777605116"></source>
			<source file="../../workspace/dataset/test/user-font.c.ifdefed" startline="198" endline="255" function="draw" hash="-7107966012811486099"></source>
		</class>
	</version>
	<version nr="4690" hash="b34c248b9" evolution="Same" change="Inconsistent">
		<class nclones="2">
			<source file="../../workspace/dataset/test/user-font-proxy.c.ifdefed" startline="148" endline="210" function="draw" hash="-5560054015777605116"></source>
			<source file="../../workspace/dataset/test/user-font.c.ifdefed" startline="198" endline="255" function="draw" hash="116391899089327442"></source>
		</class>
	</version>
	<version nr="4770" hash="5ef52cd08" evolution="Same" change="Same">
		<class nclones="2">
			<source file="../../workspace/dataset/test/user-font-proxy.c.ifdefed" startline="148" endline="210" function="draw" hash="-5560054015777605116"></source>
			<source file="../../workspace/dataset/test/user-font.c.ifdefed" startline="198" endline="255" function="draw" hash="116391899089327442"></source>
		</class>
	</version>
	<version nr="4780" hash="95575d7a6" evolution="Same" change="Inconsistent">
		<class nclones="2">
			<source file="../../workspace/dataset/test/user-font-proxy.c.ifdefed" startline="148" endline="210" function="draw" hash="-5560054015777605116"></source>
			<source file="../../workspace/dataset/test/user-font.c.ifdefed" startline="195" endline="256" function="draw" hash="6588445819173398736"></source>
		</class>
	</version>
	<version nr="5320" hash="6e6d7e52a" evolution="Same" change="Same">
		<class nclones="2">
			<source file="../../workspace/dataset/test/user-font-proxy.c.ifdefed" startline="148" endline="210" function="draw" hash="-5560054015777605116"></source>
			<source file="../../workspace/dataset/test/user-font.c.ifdefed" startline="195" endline="256" function="draw" hash="6588445819173398736"></source>
		</class>
	</version>
	<version nr="5330" hash="952969902" evolution="Same" change="Consistent">
		<class nclones="2">
			<source file="../../workspace/dataset/test/user-font-proxy.c.ifdefed" startline="151" endline="218" function="draw" hash="-7235740060367003468"></source>
			<source file="../../workspace/dataset/test/user-font.c.ifdefed" startline="203" endline="270" function="draw" hash="1270201362676206801"></source>
		</class>
	</version>
	<version nr="5400" hash="170686d4b" evolution="Same" change="Same">
		<class nclones="2">
			<source file="../../workspace/dataset/test/user-font-proxy.c.ifdefed" startline="151" endline="218" function="draw" hash="-7235740060367003468"></source>
			<source file="../../workspace/dataset/test/user-font.c.ifdefed" startline="203" endline="270" function="draw" hash="1270201362676206801"></source>
		</class>
	</version>
	<version nr="5410" hash="cdacf55e1" evolution="Add" change="Same">
		<class nclones="3">
			<source file="../../workspace/dataset/test/user-font-image.c.ifdefed" startline="172" endline="239" function="draw" hash="1270201362676206801"></source>
			<source file="../../workspace/dataset/test/user-font-proxy.c.ifdefed" startline="151" endline="218" function="draw" hash="-7235740060367003468"></source>
			<source file="../../workspace/dataset/test/user-font.c.ifdefed" startline="202" endline="269" function="draw" hash="1270201362676206801"></source>
		</class>
	</version>
	<version nr="10780" hash="69fdca480" evolution="Same" change="Same">
		<class nclones="3">
			<source file="../../workspace/dataset/test/user-font-mask.c.ifdefed" startline="181" endline="248" function="draw" hash="1270201362676206801"></source>
			<source file="../../workspace/dataset/test/user-font-proxy.c.ifdefed" startline="151" endline="218" function="draw" hash="-7235740060367003468"></source>
			<source file="../../workspace/dataset/test/user-font.c.ifdefed" startline="202" endline="269" function="draw" hash="1270201362676206801"></source>
		</class>
	</version>
	<version nr="10790" hash="9f973bc43" evolution="Add" change="Same">
		<class nclones="4">
			<source file="../../workspace/dataset/test/user-font-mask.c.ifdefed" startline="179" endline="246" function="draw" hash="1270201362676206801"></source>
			<source file="../../workspace/dataset/test/user-font-proxy.c.ifdefed" startline="148" endline="215" function="draw" hash="-7235740060367003468"></source>
			<source file="../../workspace/dataset/test/user-font.c.ifdefed" startline="193" endline="260" function="draw" hash="1270201362676206801"></source>
			<source file="../../workspace/dataset/test/user-font-color.c.ifdefed" startline="189" endline="244" function="draw" hash="6540275745206525421"></source>
		</class>
	</version>
	<version nr="10800" hash="6d169c699" evolution="Same" change="Same">
		<class nclones="4">
			<source file="../../workspace/dataset/test/user-font-mask.c.ifdefed" startline="179" endline="246" function="draw" hash="1270201362676206801"></source>
			<source file="../../workspace/dataset/test/user-font-color.c.ifdefed" startline="189" endline="244" function="draw" hash="6540275745206525421"></source>
			<source file="../../workspace/dataset/test/user-font-proxy.c.ifdefed" startline="148" endline="215" function="draw" hash="-7235740060367003468"></source>
			<source file="../../workspace/dataset/test/user-font.c.ifdefed" startline="193" endline="260" function="draw" hash="1270201362676206801"></source>
		</class>
	</version>
	<version nr="10810" hash="b63dc83c8" evolution="Same" change="Inconsistent">
		<class nclones="4">
			<source file="../../workspace/dataset/test/user-font-mask.c.ifdefed" startline="179" endline="246" function="draw" hash="1270201362676206801"></source>
			<source file="../../workspace/dataset/test/user-font-color.c.ifdefed" startline="193" endline="248" function="draw" hash="-9055032978374269480"></source>
			<source file="../../workspace/dataset/test/user-font.c.ifdefed" startline="193" endline="260" function="draw" hash="1270201362676206801"></source>
			<source file="../../workspace/dataset/test/user-font-proxy.c.ifdefed" startline="148" endline="215" function="draw" hash="-7235740060367003468"></source>
		</class>
	</version>
	<version nr="10840" hash="359afa3e8" evolution="Same" change="Same">
		<class nclones="4">
			<source file="../../workspace/dataset/test/user-font-mask.c.ifdefed" startline="179" endline="246" function="draw" hash="1270201362676206801"></source>
			<source file="../../workspace/dataset/test/user-font-proxy.c.ifdefed" startline="148" endline="215" function="draw" hash="-7235740060367003468"></source>
			<source file="../../workspace/dataset/test/user-font-color.c.ifdefed" startline="193" endline="248" function="draw" hash="-9055032978374269480"></source>
			<source file="../../workspace/dataset/test/user-font.c.ifdefed" startline="193" endline="260" function="draw" hash="1270201362676206801"></source>
		</class>
	</version>
</lineage>
<lineage>
	<version nr="4730" hash="e3665bde5" evolution="None" change="None">
		<class nclones="2">
			<source file="../../workspace/dataset/test/extend-repeat.c.ifdefed" startline="14" endline="29" function="draw" hash="-528181742524985250"></source>
			<source file="../../workspace/dataset/test/extend-reflect.c.ifdefed" startline="16" endline="31" function="draw" hash="-4908758755990075205"></source>
		</class>
	</version>
	<version nr="10840" hash="359afa3e8" evolution="Same" change="Same">
		<class nclones="2">
			<source file="../../workspace/dataset/test/extend-repeat.c.ifdefed" startline="14" endline="29" function="draw" hash="-528181742524985250"></source>
			<source file="../../workspace/dataset/test/extend-reflect.c.ifdefed" startline="16" endline="31" function="draw" hash="-4908758755990075205"></source>
		</class>
	</version>
</lineage>
<lineage>
	<version nr="4780" hash="95575d7a6" evolution="None" change="None">
		<class nclones="2">
			<source file="../../workspace/dataset/test/buffer-diff.c.ifdefed" startline="376" endline="464" function="png_diff" hash="-5490039189342854765"></source>
			<source file="../../workspace/dataset/test/buffer-diff.c.ifdefed" startline="466" endline="546" function="png_diff_flattened" hash="-1342010413654249207"></source>
		</class>
	</version>
</lineage>
<lineage>
	<version nr="4910" hash="94fd60d5e" evolution="None" change="None">
		<class nclones="2">
			<source file="../../workspace/dataset/test/gradient-alpha.c.ifdefed" startline="37" endline="58" function="draw" hash="600455311599804060"></source>
			<source file="../../workspace/dataset/test/gradient-constant-alpha.c.ifdefed" startline="39" endline="63" function="draw" hash="-7348257480778217896"></source>
		</class>
	</version>
	<version nr="10840" hash="359afa3e8" evolution="Same" change="Same">
		<class nclones="2">
			<source file="../../workspace/dataset/test/gradient-alpha.c.ifdefed" startline="37" endline="58" function="draw" hash="600455311599804060"></source>
			<source file="../../workspace/dataset/test/gradient-constant-alpha.c.ifdefed" startline="39" endline="63" function="draw" hash="-7348257480778217896"></source>
		</class>
	</version>
</lineage>
<lineage>
	<version nr="4920" hash="c20179b65" evolution="None" change="None">
		<class nclones="2">
			<source file="../../workspace/dataset/test/fill-alpha.c.ifdefed" startline="40" endline="83" function="draw" hash="-3482597225781493728"></source>
			<source file="../../workspace/dataset/test/fill-alpha-pattern.c.ifdefed" startline="40" endline="88" function="draw" hash="4603294255548521213"></source>
		</class>
	</version>
	<version nr="4930" hash="7709f51e1" evolution="Same" change="Consistent">
		<class nclones="2">
			<source file="../../workspace/dataset/test/fill-alpha.c.ifdefed" startline="40" endline="84" function="draw" hash="-767698732985085830"></source>
			<source file="../../workspace/dataset/test/fill-alpha-pattern.c.ifdefed" startline="40" endline="89" function="draw" hash="-6938678400158902709"></source>
		</class>
	</version>
	<version nr="8430" hash="9b039a65a" evolution="Same" change="Same">
		<class nclones="2">
			<source file="../../workspace/dataset/test/fill-alpha.c.ifdefed" startline="40" endline="84" function="draw" hash="-767698732985085830"></source>
			<source file="../../workspace/dataset/test/fill-alpha-pattern.c.ifdefed" startline="40" endline="89" function="draw" hash="-6938678400158902709"></source>
		</class>
	</version>
	<version nr="8440" hash="4d5c95f62" evolution="Add" change="Same">
		<class nclones="3">
			<source file="../../workspace/dataset/test/record.c.ifdefed" startline="183" endline="227" function="*fill_alpha" hash="-2452306231885390990"></source>
			<source file="../../workspace/dataset/test/fill-alpha-pattern.c.ifdefed" startline="31" endline="80" function="draw" hash="-6938678400158902709"></source>
			<source file="../../workspace/dataset/test/fill-alpha.c.ifdefed" startline="31" endline="75" function="draw" hash="-767698732985085830"></source>
		</class>
	</version>
	<version nr="9130" hash="589216c1e" evolution="Same" change="Same">
		<class nclones="3">
			<source file="../../workspace/dataset/test/record.c.ifdefed" startline="183" endline="227" function="*fill_alpha" hash="-2452306231885390990"></source>
			<source file="../../workspace/dataset/test/fill-alpha-pattern.c.ifdefed" startline="31" endline="80" function="draw" hash="-6938678400158902709"></source>
			<source file="../../workspace/dataset/test/fill-alpha.c.ifdefed" startline="31" endline="75" function="draw" hash="-767698732985085830"></source>
		</class>
	</version>
	<version nr="9140" hash="ef7e57f0f" evolution="Add" change="Same">
		<class nclones="6">
			<source file="../../workspace/dataset/test/record1414x.c.ifdefed" startline="189" endline="233" function="*fill_alpha" hash="-2452306231885390990"></source>
			<source file="../../workspace/dataset/test/fill-alpha-pattern.c.ifdefed" startline="31" endline="80" function="draw" hash="-6938678400158902709"></source>
			<source file="../../workspace/dataset/test/record.c.ifdefed" startline="183" endline="227" function="*fill_alpha" hash="-2452306231885390990"></source>
			<source file="../../workspace/dataset/test/record90.c.ifdefed" startline="185" endline="229" function="*fill_alpha" hash="-2452306231885390990"></source>
			<source file="../../workspace/dataset/test/fill-alpha.c.ifdefed" startline="31" endline="75" function="draw" hash="-767698732985085830"></source>
			<source file="../../workspace/dataset/test/record2x.c.ifdefed" startline="185" endline="229" function="*fill_alpha" hash="-2452306231885390990"></source>
		</class>
	</version>
	<version nr="9740" hash="14237f114" evolution="Same" change="Same">
		<class nclones="6">
			<source file="../../workspace/dataset/test/record1414x.c.ifdefed" startline="189" endline="233" function="*fill_alpha" hash="-2452306231885390990"></source>
			<source file="../../workspace/dataset/test/fill-alpha-pattern.c.ifdefed" startline="31" endline="80" function="draw" hash="-6938678400158902709"></source>
			<source file="../../workspace/dataset/test/record.c.ifdefed" startline="185" endline="229" function="*fill_alpha" hash="-2452306231885390990"></source>
			<source file="../../workspace/dataset/test/record90.c.ifdefed" startline="185" endline="229" function="*fill_alpha" hash="-2452306231885390990"></source>
			<source file="../../workspace/dataset/test/fill-alpha.c.ifdefed" startline="31" endline="75" function="draw" hash="-767698732985085830"></source>
			<source file="../../workspace/dataset/test/record2x.c.ifdefed" startline="185" endline="229" function="*fill_alpha" hash="-2452306231885390990"></source>
		</class>
	</version>
	<version nr="9750" hash="a8f1b456d" evolution="Add" change="Same">
		<class nclones="7">
			<source file="../../workspace/dataset/test/record1414x.c.ifdefed" startline="189" endline="233" function="*fill_alpha" hash="-2452306231885390990"></source>
			<source file="../../workspace/dataset/test/record.c.ifdefed" startline="185" endline="229" function="*fill_alpha" hash="-2452306231885390990"></source>
			<source file="../../workspace/dataset/test/fill-alpha.c.ifdefed" startline="31" endline="75" function="draw" hash="-767698732985085830"></source>
			<source file="../../workspace/dataset/test/record90.c.ifdefed" startline="185" endline="229" function="*fill_alpha" hash="-2452306231885390990"></source>
			<source file="../../workspace/dataset/test/record2x.c.ifdefed" startline="185" endline="229" function="*fill_alpha" hash="-2452306231885390990"></source>
			<source file="../../workspace/dataset/test/recordflip.c.ifdefed" startline="183" endline="227" function="*fill_alpha" hash="-2452306231885390990"></source>
			<source file="../../workspace/dataset/test/fill-alpha-pattern.c.ifdefed" startline="31" endline="80" function="draw" hash="-6938678400158902709"></source>
		</class>
	</version>
	<version nr="10840" hash="359afa3e8" evolution="Same" change="Same">
		<class nclones="7">
			<source file="../../workspace/dataset/test/record1414x.c.ifdefed" startline="189" endline="233" function="*fill_alpha" hash="-2452306231885390990"></source>
			<source file="../../workspace/dataset/test/record.c.ifdefed" startline="185" endline="229" function="*fill_alpha" hash="-2452306231885390990"></source>
			<source file="../../workspace/dataset/test/fill-alpha.c.ifdefed" startline="31" endline="75" function="draw" hash="-767698732985085830"></source>
			<source file="../../workspace/dataset/test/record90.c.ifdefed" startline="185" endline="229" function="*fill_alpha" hash="-2452306231885390990"></source>
			<source file="../../workspace/dataset/test/record2x.c.ifdefed" startline="185" endline="229" function="*fill_alpha" hash="-2452306231885390990"></source>
			<source file="../../workspace/dataset/test/recordflip.c.ifdefed" startline="183" endline="227" function="*fill_alpha" hash="-2452306231885390990"></source>
			<source file="../../workspace/dataset/test/fill-alpha-pattern.c.ifdefed" startline="31" endline="80" function="draw" hash="-6938678400158902709"></source>
		</class>
	</version>
</lineage>
<lineage>
	<version nr="5020" hash="dbb692325" evolution="None" change="None">
		<class nclones="2">
			<source file="../../workspace/dataset/test/operator-alpha.c.ifdefed" startline="41" endline="67" function="draw" hash="-2544220564558040282"></source>
			<source file="../../workspace/dataset/test/operator.c.ifdefed" startline="41" endline="67" function="draw" hash="-8093539278820822401"></source>
		</class>
	</version>
	<version nr="10840" hash="359afa3e8" evolution="Same" change="Same">
		<class nclones="2">
			<source file="../../workspace/dataset/test/operator-alpha.c.ifdefed" startline="41" endline="67" function="draw" hash="-2544220564558040282"></source>
			<source file="../../workspace/dataset/test/operator.c.ifdefed" startline="41" endline="67" function="draw" hash="-8093539278820822401"></source>
		</class>
	</version>
</lineage>
<lineage>
	<version nr="5080" hash="984320dff" evolution="None" change="None">
		<class nclones="2">
			<source file="../../workspace/dataset/test/mask-ctm-similar.c.ifdefed" startline="39" endline="59" function="*create_mask" hash="6067031705517673813"></source>
			<source file="../../workspace/dataset/test/mask-ctm-image.c.ifdefed" startline="39" endline="57" function="*create_mask" hash="-8520795535941750379"></source>
		</class>
	</version>
	<version nr="5110" hash="b5b1134c2" evolution="Same" change="Same">
		<class nclones="2">
			<source file="../../workspace/dataset/test/mask-ctm-similar.c.ifdefed" startline="39" endline="59" function="*create_mask" hash="6067031705517673813"></source>
			<source file="../../workspace/dataset/test/mask-ctm-image.c.ifdefed" startline="39" endline="57" function="*create_mask" hash="-8520795535941750379"></source>
		</class>
	</version>
</lineage>
<lineage>
	<version nr="5080" hash="984320dff" evolution="None" change="None">
		<class nclones="2">
			<source file="../../workspace/dataset/test/mask-ctm-similar.c.ifdefed" startline="61" endline="96" function="draw" hash="-1068756198040494451"></source>
			<source file="../../workspace/dataset/test/mask-ctm-image.c.ifdefed" startline="59" endline="94" function="draw" hash="-1068756198040494451"></source>
		</class>
	</version>
	<version nr="5110" hash="b5b1134c2" evolution="Same" change="Same">
		<class nclones="2">
			<source file="../../workspace/dataset/test/mask-ctm-similar.c.ifdefed" startline="61" endline="96" function="draw" hash="-1068756198040494451"></source>
			<source file="../../workspace/dataset/test/mask-ctm-image.c.ifdefed" startline="59" endline="94" function="draw" hash="-1068756198040494451"></source>
		</class>
	</version>
</lineage>
<lineage>
	<version nr="5120" hash="a91101df3" evolution="None" change="None">
		<class nclones="2">
			<source file="../../workspace/dataset/test/mask-transformed-image.c.ifdefed" startline="39" endline="57" function="*create_mask" hash="-8520795535941750379"></source>
			<source file="../../workspace/dataset/test/mask-transformed-similar.c.ifdefed" startline="39" endline="59" function="*create_mask" hash="6067031705517673813"></source>
		</class>
	</version>
	<version nr="10840" hash="359afa3e8" evolution="Same" change="Same">
		<class nclones="2">
			<source file="../../workspace/dataset/test/mask-transformed-image.c.ifdefed" startline="39" endline="57" function="*create_mask" hash="-8520795535941750379"></source>
			<source file="../../workspace/dataset/test/mask-transformed-similar.c.ifdefed" startline="39" endline="59" function="*create_mask" hash="6067031705517673813"></source>
		</class>
	</version>
</lineage>
<lineage>
	<version nr="5120" hash="a91101df3" evolution="None" change="None">
		<class nclones="2">
			<source file="../../workspace/dataset/test/mask-transformed-image.c.ifdefed" startline="59" endline="97" function="draw" hash="5887551109245428305"></source>
			<source file="../../workspace/dataset/test/mask-transformed-similar.c.ifdefed" startline="61" endline="99" function="draw" hash="5887551109245428305"></source>
		</class>
	</version>
	<version nr="10840" hash="359afa3e8" evolution="Same" change="Same">
		<class nclones="2">
			<source file="../../workspace/dataset/test/mask-transformed-image.c.ifdefed" startline="59" endline="97" function="draw" hash="5887551109245428305"></source>
			<source file="../../workspace/dataset/test/mask-transformed-similar.c.ifdefed" startline="61" endline="99" function="draw" hash="5887551109245428305"></source>
		</class>
	</version>
</lineage>
<lineage>
	<version nr="5310" hash="eaec1caa9" evolution="None" change="None">
		<class nclones="3">
			<source file="../../workspace/dataset/test/ft-text-vertical-layout-type1.c.ifdefed" startline="46" endline="112" function="create_scaled_font" hash="6786165363357962907"></source>
			<source file="../../workspace/dataset/test/ft-text-antialias-none.c.ifdefed" startline="45" endline="110" function="create_scaled_font" hash="-1055254061889569887"></source>
			<source file="../../workspace/dataset/test/ft-text-vertical-layout-type3.c.ifdefed" startline="45" endline="111" function="create_scaled_font" hash="-1089148614576511560"></source>
		</class>
	</version>
	<version nr="7530" hash="a049889c6" evolution="Same" change="Same">
		<class nclones="3">
			<source file="../../workspace/dataset/test/ft-text-vertical-layout-type1.c.ifdefed" startline="46" endline="112" function="create_scaled_font" hash="6786165363357962907"></source>
			<source file="../../workspace/dataset/test/ft-text-antialias-none.c.ifdefed" startline="45" endline="110" function="create_scaled_font" hash="-1055254061889569887"></source>
			<source file="../../workspace/dataset/test/ft-text-vertical-layout-type3.c.ifdefed" startline="45" endline="111" function="create_scaled_font" hash="-1089148614576511560"></source>
		</class>
	</version>
	<version nr="7540" hash="3cb882d01" evolution="Same" change="Inconsistent">
		<class nclones="3">
			<source file="../../workspace/dataset/test/ft-text-vertical-layout-type1.c.ifdefed" startline="36" endline="102" function="create_scaled_font" hash="6786165363357962907"></source>
			<source file="../../workspace/dataset/test/ft-text-vertical-layout-type3.c.ifdefed" startline="36" endline="102" function="create_scaled_font" hash="-5968713751668916156"></source>
			<source file="../../workspace/dataset/test/ft-text-antialias-none.c.ifdefed" startline="36" endline="101" function="create_scaled_font" hash="-570376138817495502"></source>
		</class>
	</version>
	<version nr="10840" hash="359afa3e8" evolution="Same" change="Same">
		<class nclones="3">
			<source file="../../workspace/dataset/test/ft-text-vertical-layout-type1.c.ifdefed" startline="36" endline="102" function="create_scaled_font" hash="6786165363357962907"></source>
			<source file="../../workspace/dataset/test/ft-text-vertical-layout-type3.c.ifdefed" startline="36" endline="102" function="create_scaled_font" hash="-5968713751668916156"></source>
			<source file="../../workspace/dataset/test/ft-text-antialias-none.c.ifdefed" startline="36" endline="101" function="create_scaled_font" hash="-570376138817495502"></source>
		</class>
	</version>
</lineage>
<lineage>
	<version nr="5410" hash="cdacf55e1" evolution="None" change="None">
		<class nclones="2">
			<source file="../../workspace/dataset/test/user-font-image.c.ifdefed" startline="89" endline="106" function="test_scaled_font_unicode_to_glyph" hash="3153513050332915987"></source>
			<source file="../../workspace/dataset/test/user-font.c.ifdefed" startline="85" endline="102" function="test_scaled_font_unicode_to_glyph" hash="3153513050332915987"></source>
		</class>
	</version>
	<version nr="10840" hash="359afa3e8" evolution="Same" change="Same">
		<class nclones="2">
			<source file="../../workspace/dataset/test/user-font-mask.c.ifdefed" startline="89" endline="106" function="test_scaled_font_unicode_to_glyph" hash="3153513050332915987"></source>
			<source file="../../workspace/dataset/test/user-font.c.ifdefed" startline="85" endline="102" function="test_scaled_font_unicode_to_glyph" hash="3153513050332915987"></source>
		</class>
	</version>
</lineage>
<lineage>
	<version nr="5410" hash="cdacf55e1" evolution="None" change="None">
		<class nclones="3">
			<source file="../../workspace/dataset/test/user-font-image.c.ifdefed" startline="140" endline="170" function="_user_font_face_create" hash="-870075571687687436"></source>
			<source file="../../workspace/dataset/test/user-font.c.ifdefed" startline="148" endline="200" function="_user_font_face_create" hash="-4816875832929674933"></source>
			<source file="../../workspace/dataset/test/user-font-proxy.c.ifdefed" startline="118" endline="149" function="_user_font_face_create" hash="-8289468244956199816"></source>
		</class>
	</version>
	<version nr="10190" hash="498fc2fbe" evolution="Same" change="Same">
		<class nclones="3">
			<source file="../../workspace/dataset/test/user-font-mask.c.ifdefed" startline="149" endline="179" function="_user_font_face_create" hash="-870075571687687436"></source>
			<source file="../../workspace/dataset/test/user-font.c.ifdefed" startline="148" endline="200" function="_user_font_face_create" hash="-4816875832929674933"></source>
			<source file="../../workspace/dataset/test/user-font-proxy.c.ifdefed" startline="118" endline="149" function="_user_font_face_create" hash="-8289468244956199816"></source>
		</class>
	</version>
	<version nr="10200" hash="c04bd4308" evolution="Same" change="Inconsistent">
		<class nclones="3">
			<source file="../../workspace/dataset/test/user-font-mask.c.ifdefed" startline="147" endline="177" function="_user_font_face_create" hash="-870075571687687436"></source>
			<source file="../../workspace/dataset/test/user-font-proxy.c.ifdefed" startline="115" endline="146" function="_user_font_face_create" hash="-8018086050418968675"></source>
			<source file="../../workspace/dataset/test/user-font.c.ifdefed" startline="139" endline="191" function="_user_font_face_create" hash="-4816875832929674933"></source>
		</class>
	</version>
	<version nr="10840" hash="359afa3e8" evolution="Same" change="Same">
		<class nclones="3">
			<source file="../../workspace/dataset/test/user-font-mask.c.ifdefed" startline="147" endline="177" function="_user_font_face_create" hash="-870075571687687436"></source>
			<source file="../../workspace/dataset/test/user-font-proxy.c.ifdefed" startline="115" endline="146" function="_user_font_face_create" hash="-8018086050418968675"></source>
			<source file="../../workspace/dataset/test/user-font.c.ifdefed" startline="139" endline="191" function="_user_font_face_create" hash="-4816875832929674933"></source>
		</class>
	</version>
</lineage>
<lineage>
	<version nr="5490" hash="c554f18d7" evolution="None" change="None">
		<class nclones="2">
			<source file="../../workspace/dataset/test/svg-surface.c.ifdefed" startline="89" endline="123" function="preamble" hash="6980549194323215094"></source>
			<source file="../../workspace/dataset/test/svg-clip.c.ifdefed" startline="106" endline="139" function="preamble" hash="2038553130562464002"></source>
		</class>
	</version>
	<version nr="9870" hash="bc792a5e0" evolution="Same" change="Same">
		<class nclones="2">
			<source file="../../workspace/dataset/test/svg-surface.c.ifdefed" startline="89" endline="123" function="preamble" hash="6980549194323215094"></source>
			<source file="../../workspace/dataset/test/svg-clip.c.ifdefed" startline="106" endline="139" function="preamble" hash="2038553130562464002"></source>
		</class>
	</version>
	<version nr="9880" hash="53255625c" evolution="Same" change="Consistent">
		<class nclones="2">
			<source file="../../workspace/dataset/test/svg-surface.c.ifdefed" startline="90" endline="128" function="preamble" hash="-2894475928465232648"></source>
			<source file="../../workspace/dataset/test/svg-clip.c.ifdefed" startline="107" endline="144" function="preamble" hash="-358462353201729450"></source>
		</class>
	</version>
	<version nr="10840" hash="359afa3e8" evolution="Same" change="Same">
		<class nclones="2">
			<source file="../../workspace/dataset/test/svg-surface.c.ifdefed" startline="90" endline="128" function="preamble" hash="-2894475928465232648"></source>
			<source file="../../workspace/dataset/test/svg-clip.c.ifdefed" startline="107" endline="144" function="preamble" hash="-358462353201729450"></source>
		</class>
	</version>
</lineage>
<lineage>
	<version nr="5490" hash="c554f18d7" evolution="None" change="None">
		<class nclones="2">
			<source file="../../workspace/dataset/test/a1-mask.c.ifdefed" startline="141" endline="194" function="preamble" hash="5114536745123065099"></source>
			<source file="../../workspace/dataset/test/a8-mask.c.ifdefed" startline="143" endline="194" function="preamble" hash="4520945331595311927"></source>
		</class>
	</version>
	<version nr="10840" hash="359afa3e8" evolution="Same" change="Same">
		<class nclones="2">
			<source file="../../workspace/dataset/test/a1-mask.c.ifdefed" startline="141" endline="194" function="preamble" hash="5114536745123065099"></source>
			<source file="../../workspace/dataset/test/a8-mask.c.ifdefed" startline="143" endline="194" function="preamble" hash="4520945331595311927"></source>
		</class>
	</version>
</lineage>
<lineage>
	<version nr="5520" hash="902175501" evolution="None" change="None">
		<class nclones="5">
			<source file="../../workspace/dataset/test/surface-pattern-scale-up.c.ifdefed" startline="36" endline="83" function="draw" hash="704005974599199360"></source>
			<source file="../../workspace/dataset/test/extend-pad-border.c.ifdefed" startline="35" endline="88" function="draw" hash="-1308355873292386102"></source>
			<source file="../../workspace/dataset/test/rotate-image-surface-paint.c.ifdefed" startline="32" endline="83" function="draw" hash="-8395780541928412821"></source>
			<source file="../../workspace/dataset/test/surface-pattern.c.ifdefed" startline="35" endline="82" function="draw" hash="-6641610192048337924"></source>
			<source file="../../workspace/dataset/test/surface-pattern-scale-down.c.ifdefed" startline="33" endline="80" function="draw" hash="5470839221942830228"></source>
		</class>
	</version>
	<version nr="6680" hash="54df07a3d" evolution="Same" change="Same">
		<class nclones="5">
			<source file="../../workspace/dataset/test/surface-pattern-scale-up.c.ifdefed" startline="36" endline="83" function="draw" hash="704005974599199360"></source>
			<source file="../../workspace/dataset/test/extend-pad-border.c.ifdefed" startline="35" endline="88" function="draw" hash="-1308355873292386102"></source>
			<source file="../../workspace/dataset/test/rotate-image-surface-paint.c.ifdefed" startline="32" endline="83" function="draw" hash="-8395780541928412821"></source>
			<source file="../../workspace/dataset/test/surface-pattern-scale-down.c.ifdefed" startline="33" endline="80" function="draw" hash="5470839221942830228"></source>
			<source file="../../workspace/dataset/test/surface-pattern.c.ifdefed" startline="35" endline="82" function="draw" hash="-6641610192048337924"></source>
		</class>
	</version>
	<version nr="6690" hash="7c9ebd4a8" evolution="Subtract" change="Same">
		<class nclones="4">
			<source file="../../workspace/dataset/test/surface-pattern-scale-up.c.ifdefed" startline="36" endline="83" function="draw" hash="704005974599199360"></source>
			<source file="../../workspace/dataset/test/extend-pad-border.c.ifdefed" startline="35" endline="88" function="draw" hash="-1308355873292386102"></source>
			<source file="../../workspace/dataset/test/surface-pattern.c.ifdefed" startline="35" endline="82" function="draw" hash="-6641610192048337924"></source>
			<source file="../../workspace/dataset/test/surface-pattern-scale-down.c.ifdefed" startline="33" endline="80" function="draw" hash="5470839221942830228"></source>
		</class>
	</version>
	<version nr="6700" hash="600dd8339" evolution="Same" change="Same">
		<class nclones="4">
			<source file="../../workspace/dataset/test/surface-pattern-scale-up.c.ifdefed" startline="36" endline="83" function="draw" hash="704005974599199360"></source>
			<source file="../../workspace/dataset/test/extend-pad-border.c.ifdefed" startline="35" endline="88" function="draw" hash="-1308355873292386102"></source>
			<source file="../../workspace/dataset/test/surface-pattern.c.ifdefed" startline="35" endline="82" function="draw" hash="-6641610192048337924"></source>
			<source file="../../workspace/dataset/test/surface-pattern-scale-down.c.ifdefed" startline="33" endline="80" function="draw" hash="5470839221942830228"></source>
		</class>
	</version>
	<version nr="6710" hash="a9f37953c" evolution="Same" change="Inconsistent">
		<class nclones="4">
			<source file="../../workspace/dataset/test/surface-pattern-scale-up.c.ifdefed" startline="36" endline="85" function="draw" hash="-1444361636342336613"></source>
			<source file="../../workspace/dataset/test/extend-pad-border.c.ifdefed" startline="35" endline="88" function="draw" hash="-1308355873292386102"></source>
			<source file="../../workspace/dataset/test/surface-pattern.c.ifdefed" startline="35" endline="82" function="draw" hash="-6641610192048337924"></source>
			<source file="../../workspace/dataset/test/surface-pattern-scale-down.c.ifdefed" startline="33" endline="80" function="draw" hash="5470839221942830228"></source>
		</class>
	</version>
	<version nr="10840" hash="359afa3e8" evolution="Same" change="Same">
		<class nclones="4">
			<source file="../../workspace/dataset/test/surface-pattern-scale-up.c.ifdefed" startline="36" endline="85" function="draw" hash="-1444361636342336613"></source>
			<source file="../../workspace/dataset/test/surface-pattern.c.ifdefed" startline="35" endline="82" function="draw" hash="-6641610192048337924"></source>
			<source file="../../workspace/dataset/test/extend-pad-border.c.ifdefed" startline="35" endline="88" function="draw" hash="-1308355873292386102"></source>
			<source file="../../workspace/dataset/test/surface-pattern-scale-down.c.ifdefed" startline="33" endline="80" function="draw" hash="5470839221942830228"></source>
		</class>
	</version>
</lineage>
<lineage>
	<version nr="5540" hash="432fe1ec2" evolution="None" change="None">
		<class nclones="2">
			<source file="../../workspace/dataset/test/scale-offset-similar.c.ifdefed" startline="33" endline="70" function="*create_source" hash="7283655493827986704"></source>
			<source file="../../workspace/dataset/test/scale-offset-image.c.ifdefed" startline="33" endline="69" function="*create_source" hash="-3854468904874416741"></source>
		</class>
	</version>
	<version nr="10840" hash="359afa3e8" evolution="Same" change="Same">
		<class nclones="2">
			<source file="../../workspace/dataset/test/scale-offset-similar.c.ifdefed" startline="33" endline="70" function="*create_source" hash="7283655493827986704"></source>
			<source file="../../workspace/dataset/test/scale-offset-image.c.ifdefed" startline="33" endline="69" function="*create_source" hash="-3854468904874416741"></source>
		</class>
	</version>
</lineage>
<lineage>
	<version nr="5540" hash="432fe1ec2" evolution="None" change="None">
		<class nclones="2">
			<source file="../../workspace/dataset/test/scale-offset-similar.c.ifdefed" startline="72" endline="105" function="draw_grid" hash="7437510280240130676"></source>
			<source file="../../workspace/dataset/test/scale-offset-image.c.ifdefed" startline="71" endline="104" function="draw_grid" hash="7437510280240130676"></source>
		</class>
	</version>
	<version nr="10840" hash="359afa3e8" evolution="Same" change="Same">
		<class nclones="2">
			<source file="../../workspace/dataset/test/scale-offset-similar.c.ifdefed" startline="72" endline="105" function="draw_grid" hash="7437510280240130676"></source>
			<source file="../../workspace/dataset/test/scale-offset-image.c.ifdefed" startline="71" endline="104" function="draw_grid" hash="7437510280240130676"></source>
		</class>
	</version>
</lineage>
<lineage>
	<version nr="5540" hash="432fe1ec2" evolution="None" change="None">
		<class nclones="2">
			<source file="../../workspace/dataset/test/scale-offset-similar.c.ifdefed" startline="107" endline="135" function="draw" hash="6325872625956354759"></source>
			<source file="../../workspace/dataset/test/scale-offset-image.c.ifdefed" startline="106" endline="134" function="draw" hash="6325872625956354759"></source>
		</class>
	</version>
	<version nr="10840" hash="359afa3e8" evolution="Same" change="Same">
		<class nclones="2">
			<source file="../../workspace/dataset/test/scale-offset-similar.c.ifdefed" startline="107" endline="135" function="draw" hash="6325872625956354759"></source>
			<source file="../../workspace/dataset/test/scale-offset-image.c.ifdefed" startline="106" endline="134" function="draw" hash="6325872625956354759"></source>
		</class>
	</version>
</lineage>
<lineage>
	<version nr="5680" hash="aff32019a" evolution="None" change="None">
		<class nclones="3">
			<source file="../../workspace/dataset/test/caps-joins.c.ifdefed" startline="45" endline="72" function="draw_caps_joins" hash="5039537664764705096"></source>
			<source file="../../workspace/dataset/test/caps-joins-curve.c.ifdefed" startline="53" endline="80" function="draw_caps_joins" hash="5039537664764705096"></source>
			<source file="../../workspace/dataset/test/dash-scale.c.ifdefed" startline="45" endline="70" function="draw_three_shapes" hash="1111045464651745642"></source>
		</class>
	</version>
	<version nr="8560" hash="3424e91ec" evolution="Same" change="Same">
		<class nclones="3">
			<source file="../../workspace/dataset/test/caps-joins.c.ifdefed" startline="45" endline="72" function="draw_caps_joins" hash="5039537664764705096"></source>
			<source file="../../workspace/dataset/test/caps-joins-curve.c.ifdefed" startline="53" endline="80" function="draw_caps_joins" hash="5039537664764705096"></source>
			<source file="../../workspace/dataset/test/dash-scale.c.ifdefed" startline="45" endline="70" function="draw_three_shapes" hash="1111045464651745642"></source>
		</class>
	</version>
	<version nr="8570" hash="f646cb07a" evolution="Add" change="Same">
		<class nclones="6">
			<source file="../../workspace/dataset/test/caps-joins.c.ifdefed" startline="45" endline="72" function="draw_caps_joins" hash="5039537664764705096"></source>
			<source file="../../workspace/dataset/test/joins-retrace.c.ifdefed" startline="59" endline="81" function="draw_joins" hash="-4434678929438600328"></source>
			<source file="../../workspace/dataset/test/caps-joins-curve.c.ifdefed" startline="53" endline="80" function="draw_caps_joins" hash="5039537664764705096"></source>
			<source file="../../workspace/dataset/test/joins-star.c.ifdefed" startline="49" endline="71" function="draw_joins" hash="-4434678929438600328"></source>
			<source file="../../workspace/dataset/test/dash-scale.c.ifdefed" startline="45" endline="70" function="draw_three_shapes" hash="1111045464651745642"></source>
			<source file="../../workspace/dataset/test/joins-loop.c.ifdefed" startline="50" endline="72" function="draw_joins" hash="-4434678929438600328"></source>
		</class>
	</version>
	<version nr="10840" hash="359afa3e8" evolution="Same" change="Same">
		<class nclones="6">
			<source file="../../workspace/dataset/test/caps-joins.c.ifdefed" startline="45" endline="72" function="draw_caps_joins" hash="5039537664764705096"></source>
			<source file="../../workspace/dataset/test/joins-retrace.c.ifdefed" startline="59" endline="81" function="draw_joins" hash="-4434678929438600328"></source>
			<source file="../../workspace/dataset/test/caps-joins-curve.c.ifdefed" startline="53" endline="80" function="draw_caps_joins" hash="5039537664764705096"></source>
			<source file="../../workspace/dataset/test/joins-star.c.ifdefed" startline="49" endline="71" function="draw_joins" hash="-4434678929438600328"></source>
			<source file="../../workspace/dataset/test/dash-scale.c.ifdefed" startline="45" endline="70" function="draw_three_shapes" hash="1111045464651745642"></source>
			<source file="../../workspace/dataset/test/joins-loop.c.ifdefed" startline="50" endline="72" function="draw_joins" hash="-4434678929438600328"></source>
		</class>
	</version>
</lineage>
<lineage>
	<version nr="5740" hash="9f4f41de7" evolution="None" change="None">
		<class nclones="2">
			<source file="../../workspace/dataset/test/rectilinear-dash.c.ifdefed" startline="35" endline="134" function="draw_dashes" hash="757591249435019132"></source>
			<source file="../../workspace/dataset/test/rectilinear-stroke.c.ifdefed" startline="31" endline="131" function="draw" hash="8402871448683886134"></source>
		</class>
	</version>
	<version nr="9290" hash="7b25b2eb4" evolution="Same" change="Same">
		<class nclones="2">
			<source file="../../workspace/dataset/test/rectilinear-dash.c.ifdefed" startline="35" endline="134" function="draw_dashes" hash="757591249435019132"></source>
			<source file="../../workspace/dataset/test/rectilinear-stroke.c.ifdefed" startline="31" endline="131" function="draw" hash="8402871448683886134"></source>
		</class>
	</version>
	<version nr="9300" hash="0770dda52" evolution="Add" change="Same">
		<class nclones="3">
			<source file="../../workspace/dataset/test/rectilinear-dash.c.ifdefed" startline="35" endline="134" function="draw_dashes" hash="757591249435019132"></source>
			<source file="../../workspace/dataset/test/rectilinear-stroke.c.ifdefed" startline="31" endline="131" function="draw" hash="8402871448683886134"></source>
			<source file="../../workspace/dataset/test/rectilinear-dash-scale.c.ifdefed" startline="35" endline="134" function="draw_dashes" hash="757591249435019132"></source>
		</class>
	</version>
	<version nr="10840" hash="359afa3e8" evolution="Same" change="Same">
		<class nclones="3">
			<source file="../../workspace/dataset/test/rectilinear-dash.c.ifdefed" startline="35" endline="134" function="draw_dashes" hash="757591249435019132"></source>
			<source file="../../workspace/dataset/test/rectilinear-stroke.c.ifdefed" startline="31" endline="131" function="draw" hash="8402871448683886134"></source>
			<source file="../../workspace/dataset/test/rectilinear-dash-scale.c.ifdefed" startline="35" endline="134" function="draw_dashes" hash="757591249435019132"></source>
		</class>
	</version>
</lineage>
<lineage>
	<version nr="5750" hash="bcea3151d" evolution="None" change="None">
		<class nclones="2">
			<source file="../../workspace/dataset/test/joins.c.ifdefed" startline="60" endline="100" function="draw" hash="7019939901330020760"></source>
			<source file="../../workspace/dataset/test/caps.c.ifdefed" startline="47" endline="78" function="draw" hash="-7385739901991865999"></source>
		</class>
	</version>
	<version nr="8560" hash="3424e91ec" evolution="Same" change="Same">
		<class nclones="2">
			<source file="../../workspace/dataset/test/joins.c.ifdefed" startline="60" endline="100" function="draw" hash="7019939901330020760"></source>
			<source file="../../workspace/dataset/test/caps.c.ifdefed" startline="47" endline="78" function="draw" hash="-7385739901991865999"></source>
		</class>
	</version>
	<version nr="8570" hash="f646cb07a" evolution="Add" change="Same">
		<class nclones="3">
			<source file="../../workspace/dataset/test/joins.c.ifdefed" startline="60" endline="100" function="draw" hash="7019939901330020760"></source>
			<source file="../../workspace/dataset/test/unclosed-strokes.c.ifdefed" startline="43" endline="74" function="draw" hash="-7018328077044841368"></source>
			<source file="../../workspace/dataset/test/caps.c.ifdefed" startline="47" endline="78" function="draw" hash="-7385739901991865999"></source>
		</class>
	</version>
	<version nr="9780" hash="793f8223d" evolution="Same" change="Same">
		<class nclones="3">
			<source file="../../workspace/dataset/test/joins.c.ifdefed" startline="60" endline="100" function="draw" hash="7019939901330020760"></source>
			<source file="../../workspace/dataset/test/unclosed-strokes.c.ifdefed" startline="43" endline="74" function="draw" hash="-7018328077044841368"></source>
			<source file="../../workspace/dataset/test/caps.c.ifdefed" startline="47" endline="78" function="draw" hash="-7385739901991865999"></source>
		</class>
	</version>
	<version nr="9790" hash="e34b80021" evolution="Same" change="Inconsistent">
		<class nclones="3">
			<source file="../../workspace/dataset/test/joins.c.ifdefed" startline="60" endline="100" function="draw" hash="7019939901330020760"></source>
			<source file="../../workspace/dataset/test/unclosed-strokes.c.ifdefed" startline="43" endline="74" function="draw" hash="-7018328077044841368"></source>
			<source file="../../workspace/dataset/test/caps.c.ifdefed" startline="47" endline="77" function="draw" hash="-5851239433439126191"></source>
		</class>
	</version>
	<version nr="10840" hash="359afa3e8" evolution="Same" change="Same">
		<class nclones="3">
			<source file="../../workspace/dataset/test/joins.c.ifdefed" startline="60" endline="100" function="draw" hash="7019939901330020760"></source>
			<source file="../../workspace/dataset/test/unclosed-strokes.c.ifdefed" startline="43" endline="74" function="draw" hash="-7018328077044841368"></source>
			<source file="../../workspace/dataset/test/caps.c.ifdefed" startline="47" endline="77" function="draw" hash="-5851239433439126191"></source>
		</class>
	</version>
</lineage>
<lineage>
	<version nr="5890" hash="de9e6b5a3" evolution="None" change="None">
		<class nclones="2">
			<source file="../../workspace/dataset/test/huge-linear.c.ifdefed" startline="34" endline="60" function="draw" hash="8427217740859655912"></source>
			<source file="../../workspace/dataset/test/huge-radial.c.ifdefed" startline="36" endline="62" function="draw" hash="-7003420132235524634"></source>
		</class>
	</version>
	<version nr="10840" hash="359afa3e8" evolution="Same" change="Same">
		<class nclones="2">
			<source file="../../workspace/dataset/test/huge-linear.c.ifdefed" startline="34" endline="60" function="draw" hash="8427217740859655912"></source>
			<source file="../../workspace/dataset/test/huge-radial.c.ifdefed" startline="36" endline="62" function="draw" hash="-7003420132235524634"></source>
		</class>
	</version>
</lineage>
<lineage>
	<version nr="6160" hash="f0366f0f3" evolution="None" change="None">
		<class nclones="2">
			<source file="../../workspace/dataset/test/mask.c.ifdefed" startline="63" endline="77" function="set_image_pattern" hash="594755538417690962"></source>
			<source file="../../workspace/dataset/test/trap-clip.c.ifdefed" startline="62" endline="76" function="set_image_pattern" hash="594755538417690962"></source>
		</class>
	</version>
	<version nr="10840" hash="359afa3e8" evolution="Same" change="Same">
		<class nclones="2">
			<source file="../../workspace/dataset/test/mask.c.ifdefed" startline="63" endline="77" function="set_image_pattern" hash="594755538417690962"></source>
			<source file="../../workspace/dataset/test/trap-clip.c.ifdefed" startline="62" endline="76" function="set_image_pattern" hash="594755538417690962"></source>
		</class>
	</version>
</lineage>
<lineage>
	<version nr="6390" hash="47af6cf28" evolution="None" change="None">
		<class nclones="2">
			<source file="../../workspace/dataset/test/extended-blend.c.ifdefed" startline="38" endline="55" function="create_patterns" hash="-5501874444410016818"></source>
			<source file="../../workspace/dataset/test/extended-blend-alpha.c.ifdefed" startline="38" endline="54" function="create_patterns" hash="-5398620837365524188"></source>
		</class>
	</version>
	<version nr="6710" hash="a9f37953c" evolution="Same" change="Same">
		<class nclones="2">
			<source file="../../workspace/dataset/test/extended-blend.c.ifdefed" startline="38" endline="55" function="create_patterns" hash="-5501874444410016818"></source>
			<source file="../../workspace/dataset/test/extended-blend-alpha.c.ifdefed" startline="38" endline="54" function="create_patterns" hash="-5398620837365524188"></source>
		</class>
	</version>
	<version nr="6720" hash="1ce096657" evolution="Add" change="Same">
		<class nclones="3">
			<source file="../../workspace/dataset/test/operator-alpha-alpha.c.ifdefed" startline="57" endline="72" function="create_patterns" hash="8294365695890103062"></source>
			<source file="../../workspace/dataset/test/extended-blend.c.ifdefed" startline="38" endline="55" function="create_patterns" hash="-5501874444410016818"></source>
			<source file="../../workspace/dataset/test/extended-blend-alpha.c.ifdefed" startline="38" endline="54" function="create_patterns" hash="-5398620837365524188"></source>
		</class>
	</version>
	<version nr="8330" hash="5fffa3fae" evolution="Same" change="Same">
		<class nclones="3">
			<source file="../../workspace/dataset/test/operator-alpha-alpha.c.ifdefed" startline="57" endline="72" function="create_patterns" hash="8294365695890103062"></source>
			<source file="../../workspace/dataset/test/extended-blend-alpha.c.ifdefed" startline="38" endline="54" function="create_patterns" hash="-5398620837365524188"></source>
			<source file="../../workspace/dataset/test/extended-blend.c.ifdefed" startline="38" endline="55" function="create_patterns" hash="-5501874444410016818"></source>
		</class>
	</version>
</lineage>
<lineage>
	<version nr="6390" hash="47af6cf28" evolution="None" change="None">
		<class nclones="2">
			<source file="../../workspace/dataset/test/extended-blend.c.ifdefed" startline="76" endline="109" function="draw" hash="-9141288346767824124"></source>
			<source file="../../workspace/dataset/test/extended-blend-alpha.c.ifdefed" startline="75" endline="108" function="draw" hash="-9141288346767824124"></source>
		</class>
	</version>
	<version nr="6710" hash="a9f37953c" evolution="Same" change="Same">
		<class nclones="2">
			<source file="../../workspace/dataset/test/extended-blend.c.ifdefed" startline="76" endline="109" function="draw" hash="-9141288346767824124"></source>
			<source file="../../workspace/dataset/test/extended-blend-alpha.c.ifdefed" startline="75" endline="108" function="draw" hash="-9141288346767824124"></source>
		</class>
	</version>
	<version nr="6720" hash="1ce096657" evolution="Add" change="Same">
		<class nclones="3">
			<source file="../../workspace/dataset/test/operator-alpha-alpha.c.ifdefed" startline="87" endline="120" function="subdraw" hash="-2953367036449250752"></source>
			<source file="../../workspace/dataset/test/extended-blend.c.ifdefed" startline="76" endline="109" function="draw" hash="-9141288346767824124"></source>
			<source file="../../workspace/dataset/test/extended-blend-alpha.c.ifdefed" startline="75" endline="108" function="draw" hash="-9141288346767824124"></source>
		</class>
	</version>
	<version nr="8100" hash="45331fe87" evolution="Same" change="Same">
		<class nclones="3">
			<source file="../../workspace/dataset/test/operator-alpha-alpha.c.ifdefed" startline="87" endline="120" function="subdraw" hash="-2953367036449250752"></source>
			<source file="../../workspace/dataset/test/extended-blend.c.ifdefed" startline="76" endline="109" function="draw" hash="-9141288346767824124"></source>
			<source file="../../workspace/dataset/test/extended-blend-alpha.c.ifdefed" startline="75" endline="108" function="draw" hash="-9141288346767824124"></source>
		</class>
	</version>
	<version nr="8110" hash="7d89d69c4" evolution="Same" change="Inconsistent">
		<class nclones="3">
			<source file="../../workspace/dataset/test/operator-alpha-alpha.c.ifdefed" startline="87" endline="120" function="subdraw" hash="5737969025750970460"></source>
			<source file="../../workspace/dataset/test/extended-blend-alpha.c.ifdefed" startline="75" endline="108" function="draw" hash="-9141288346767824124"></source>
			<source file="../../workspace/dataset/test/extended-blend.c.ifdefed" startline="76" endline="109" function="draw" hash="-9141288346767824124"></source>
		</class>
	</version>
	<version nr="8330" hash="5fffa3fae" evolution="Same" change="Same">
		<class nclones="3">
			<source file="../../workspace/dataset/test/operator-alpha-alpha.c.ifdefed" startline="87" endline="120" function="subdraw" hash="5737969025750970460"></source>
			<source file="../../workspace/dataset/test/extended-blend-alpha.c.ifdefed" startline="75" endline="108" function="draw" hash="-9141288346767824124"></source>
			<source file="../../workspace/dataset/test/extended-blend.c.ifdefed" startline="76" endline="109" function="draw" hash="-9141288346767824124"></source>
		</class>
	</version>
</lineage>
<lineage>
	<version nr="6440" hash="bed2701e1" evolution="None" change="None">
		<class nclones="2">
			<source file="../../workspace/dataset/test/alpha-similar.c.ifdefed" startline="28" endline="47" function="*create_source" hash="1916120230232285343"></source>
			<source file="../../workspace/dataset/test/clip-unbounded.c.ifdefed" startline="30" endline="48" function="*create_source" hash="6907236791373651995"></source>
		</class>
	</version>
	<version nr="6710" hash="a9f37953c" evolution="Same" change="Same">
		<class nclones="2">
			<source file="../../workspace/dataset/test/alpha-similar.c.ifdefed" startline="28" endline="47" function="*create_source" hash="1916120230232285343"></source>
			<source file="../../workspace/dataset/test/clip-unbounded.c.ifdefed" startline="30" endline="48" function="*create_source" hash="6907236791373651995"></source>
		</class>
	</version>
	<version nr="6720" hash="1ce096657" evolution="Add" change="Same">
		<class nclones="3">
			<source file="../../workspace/dataset/test/alpha-similar.c.ifdefed" startline="28" endline="47" function="*create_source" hash="1916120230232285343"></source>
			<source file="../../workspace/dataset/test/clip-unbounded.c.ifdefed" startline="30" endline="48" function="*create_source" hash="6907236791373651995"></source>
			<source file="../../workspace/dataset/test/operator-alpha-alpha.c.ifdefed" startline="123" endline="141" function="*create_source" hash="3324791633501219318"></source>
		</class>
	</version>
	<version nr="10840" hash="359afa3e8" evolution="Same" change="Same">
		<class nclones="3">
			<source file="../../workspace/dataset/test/alpha-similar.c.ifdefed" startline="28" endline="47" function="*create_source" hash="1916120230232285343"></source>
			<source file="../../workspace/dataset/test/operator-alpha-alpha.c.ifdefed" startline="123" endline="141" function="*create_source" hash="3324791633501219318"></source>
			<source file="../../workspace/dataset/test/clip-unbounded.c.ifdefed" startline="30" endline="48" function="*create_source" hash="6907236791373651995"></source>
		</class>
	</version>
</lineage>
<lineage>
	<version nr="6460" hash="acfcf4a31" evolution="None" change="None">
		<class nclones="2">
			<source file="../../workspace/dataset/test/degenerate-curve-to.c.ifdefed" startline="35" endline="95" function="draw" hash="-6730170736587326749"></source>
			<source file="../../workspace/dataset/test/degenerate-rel-curve-to.c.ifdefed" startline="36" endline="91" function="draw" hash="-3649146589351129725"></source>
		</class>
	</version>
	<version nr="10840" hash="359afa3e8" evolution="Same" change="Same">
		<class nclones="2">
			<source file="../../workspace/dataset/test/degenerate-curve-to.c.ifdefed" startline="35" endline="95" function="draw" hash="-6730170736587326749"></source>
			<source file="../../workspace/dataset/test/degenerate-rel-curve-to.c.ifdefed" startline="36" endline="91" function="draw" hash="-3649146589351129725"></source>
		</class>
	</version>
</lineage>
<lineage>
	<version nr="6510" hash="19ebf83b6" evolution="None" change="None">
		<class nclones="4">
			<source file="../../workspace/dataset/test/random-intersections-eo.c.ifdefed" startline="43" endline="70" function="draw" hash="6852375136026453878"></source>
			<source file="../../workspace/dataset/test/random-intersections-curves-eo.c.ifdefed" startline="43" endline="74" function="draw" hash="8729891604508444570"></source>
			<source file="../../workspace/dataset/test/random-intersections-nonzero.c.ifdefed" startline="43" endline="70" function="draw" hash="2729431850253220199"></source>
			<source file="../../workspace/dataset/test/random-intersections-curves-nz.c.ifdefed" startline="43" endline="74" function="draw" hash="130352770484604011"></source>
		</class>
	</version>
	<version nr="6550" hash="ff6bc1e13" evolution="Same" change="Same">
		<class nclones="4">
			<source file="../../workspace/dataset/test/random-intersections-eo.c.ifdefed" startline="43" endline="70" function="draw" hash="6852375136026453878"></source>
			<source file="../../workspace/dataset/test/random-intersections-curves-eo.c.ifdefed" startline="43" endline="74" function="draw" hash="8729891604508444570"></source>
			<source file="../../workspace/dataset/test/random-intersections-nonzero.c.ifdefed" startline="43" endline="70" function="draw" hash="2729431850253220199"></source>
			<source file="../../workspace/dataset/test/random-intersections-curves-nz.c.ifdefed" startline="43" endline="74" function="draw" hash="130352770484604011"></source>
		</class>
	</version>
	<version nr="6560" hash="6ce200da9" evolution="Same" change="Inconsistent">
		<class nclones="4">
			<source file="../../workspace/dataset/test/random-intersections-eo.c.ifdefed" startline="43" endline="70" function="draw" hash="6852375136026453878"></source>
			<source file="../../workspace/dataset/test/random-intersections-nonzero.c.ifdefed" startline="43" endline="70" function="draw" hash="2729431850253220199"></source>
			<source file="../../workspace/dataset/test/random-intersections-curves-eo.c.ifdefed" startline="43" endline="77" function="draw" hash="9087357144775639635"></source>
			<source file="../../workspace/dataset/test/random-intersections-curves-nz.c.ifdefed" startline="43" endline="77" function="draw" hash="-8979552133923762462"></source>
		</class>
	</version>
	<version nr="10840" hash="359afa3e8" evolution="Same" change="Same">
		<class nclones="4">
			<source file="../../workspace/dataset/test/random-intersections-eo.c.ifdefed" startline="43" endline="70" function="draw" hash="6852375136026453878"></source>
			<source file="../../workspace/dataset/test/random-intersections-nonzero.c.ifdefed" startline="43" endline="70" function="draw" hash="2729431850253220199"></source>
			<source file="../../workspace/dataset/test/random-intersections-curves-eo.c.ifdefed" startline="43" endline="77" function="draw" hash="9087357144775639635"></source>
			<source file="../../workspace/dataset/test/random-intersections-curves-nz.c.ifdefed" startline="43" endline="77" function="draw" hash="-8979552133923762462"></source>
		</class>
	</version>
</lineage>
<lineage>
	<version nr="6540" hash="174c2620c" evolution="None" change="None">
		<class nclones="2">
			<source file="../../workspace/dataset/test/clip-image.c.ifdefed" startline="33" endline="87" function="draw" hash="2775911809192509056"></source>
			<source file="../../workspace/dataset/test/clip-stroke.c.ifdefed" startline="63" endline="113" function="draw" hash="4327836300050883400"></source>
		</class>
	</version>
	<version nr="6560" hash="6ce200da9" evolution="Same" change="Same">
		<class nclones="2">
			<source file="../../workspace/dataset/test/clip-image.c.ifdefed" startline="33" endline="87" function="draw" hash="2775911809192509056"></source>
			<source file="../../workspace/dataset/test/clip-stroke.c.ifdefed" startline="63" endline="113" function="draw" hash="4327836300050883400"></source>
		</class>
	</version>
	<version nr="6570" hash="29432d3d3" evolution="Add" change="Same">
		<class nclones="4">
			<source file="../../workspace/dataset/test/clip-fill-unbounded.c.ifdefed" startline="48" endline="98" function="draw" hash="4327836300050883400"></source>
			<source file="../../workspace/dataset/test/clip-image.c.ifdefed" startline="33" endline="87" function="draw" hash="2775911809192509056"></source>
			<source file="../../workspace/dataset/test/clip-stroke.c.ifdefed" startline="63" endline="113" function="draw" hash="4327836300050883400"></source>
			<source file="../../workspace/dataset/test/clip-stroke-unbounded.c.ifdefed" startline="44" endline="94" function="draw" hash="4327836300050883400"></source>
		</class>
	</version>
	<version nr="7020" hash="fd96aa3de" evolution="Same" change="Same">
		<class nclones="4">
			<source file="../../workspace/dataset/test/clip-fill-unbounded.c.ifdefed" startline="48" endline="98" function="draw" hash="4327836300050883400"></source>
			<source file="../../workspace/dataset/test/clip-image.c.ifdefed" startline="33" endline="87" function="draw" hash="2775911809192509056"></source>
			<source file="../../workspace/dataset/test/clip-stroke-unbounded.c.ifdefed" startline="44" endline="94" function="draw" hash="4327836300050883400"></source>
			<source file="../../workspace/dataset/test/clip-stroke.c.ifdefed" startline="63" endline="113" function="draw" hash="4327836300050883400"></source>
		</class>
	</version>
	<version nr="7030" hash="07f7bddc3" evolution="Same" change="Inconsistent">
		<class nclones="4">
			<source file="../../workspace/dataset/test/clip-fill-unbounded.c.ifdefed" startline="48" endline="98" function="draw" hash="4327836300050883400"></source>
			<source file="../../workspace/dataset/test/clip-image.c.ifdefed" startline="33" endline="88" function="draw" hash="-7752166544364841345"></source>
			<source file="../../workspace/dataset/test/clip-stroke.c.ifdefed" startline="63" endline="113" function="draw" hash="4327836300050883400"></source>
			<source file="../../workspace/dataset/test/clip-stroke-unbounded.c.ifdefed" startline="44" endline="94" function="draw" hash="4327836300050883400"></source>
		</class>
	</version>
	<version nr="7740" hash="142df6f96" evolution="Same" change="Same">
		<class nclones="4">
			<source file="../../workspace/dataset/test/clip-fill-unbounded.c.ifdefed" startline="48" endline="98" function="draw" hash="4327836300050883400"></source>
			<source file="../../workspace/dataset/test/clip-image.c.ifdefed" startline="33" endline="88" function="draw" hash="-7752166544364841345"></source>
			<source file="../../workspace/dataset/test/clip-stroke.c.ifdefed" startline="63" endline="113" function="draw" hash="4327836300050883400"></source>
			<source file="../../workspace/dataset/test/clip-stroke-unbounded.c.ifdefed" startline="44" endline="94" function="draw" hash="4327836300050883400"></source>
		</class>
	</version>
	<version nr="7750" hash="d54a5a9fc" evolution="Subtract" change="Same">
		<class nclones="2">
			<source file="../../workspace/dataset/test/clip-image.c.ifdefed" startline="33" endline="88" function="draw" hash="-7752166544364841345"></source>
			<source file="../../workspace/dataset/test/clip-stroke.c.ifdefed" startline="63" endline="113" function="draw" hash="4327836300050883400"></source>
		</class>
	</version>
	<version nr="10840" hash="359afa3e8" evolution="Same" change="Same">
		<class nclones="2">
			<source file="../../workspace/dataset/test/clip-image.c.ifdefed" startline="33" endline="88" function="draw" hash="-7752166544364841345"></source>
			<source file="../../workspace/dataset/test/clip-stroke.c.ifdefed" startline="63" endline="113" function="draw" hash="4327836300050883400"></source>
		</class>
	</version>
</lineage>
<lineage>
	<version nr="6590" hash="f5ee78514" evolution="None" change="None">
		<class nclones="2">
			<source file="../../workspace/dataset/test/twin-antialias-mixed.c.ifdefed" startline="47" endline="90" function="draw" hash="524920047297220406"></source>
			<source file="../../workspace/dataset/test/large-twin-antialias-mixed.c.ifdefed" startline="47" endline="90" function="draw" hash="-427985016140842041"></source>
		</class>
	</version>
	<version nr="10840" hash="359afa3e8" evolution="Same" change="Same">
		<class nclones="2">
			<source file="../../workspace/dataset/test/twin-antialias-mixed.c.ifdefed" startline="47" endline="90" function="draw" hash="524920047297220406"></source>
			<source file="../../workspace/dataset/test/large-twin-antialias-mixed.c.ifdefed" startline="47" endline="90" function="draw" hash="-427985016140842041"></source>
		</class>
	</version>
</lineage>
<lineage>
	<version nr="6590" hash="f5ee78514" evolution="None" change="None">
		<class nclones="4">
			<source file="../../workspace/dataset/test/twin-antialias-none.c.ifdefed" startline="28" endline="64" function="draw" hash="281078389741113369"></source>
			<source file="../../workspace/dataset/test/twin-antialias-subpixel.c.ifdefed" startline="28" endline="64" function="draw" hash="-4610898696354291927"></source>
			<source file="../../workspace/dataset/test/twin.c.ifdefed" startline="28" endline="54" function="draw" hash="-6393878131932876557"></source>
			<source file="../../workspace/dataset/test/twin-antialias-gray.c.ifdefed" startline="28" endline="64" function="draw" hash="2008911076748614209"></source>
		</class>
	</version>
	<version nr="10840" hash="359afa3e8" evolution="Same" change="Same">
		<class nclones="4">
			<source file="../../workspace/dataset/test/twin-antialias-none.c.ifdefed" startline="28" endline="64" function="draw" hash="281078389741113369"></source>
			<source file="../../workspace/dataset/test/twin-antialias-subpixel.c.ifdefed" startline="28" endline="64" function="draw" hash="-4610898696354291927"></source>
			<source file="../../workspace/dataset/test/twin.c.ifdefed" startline="28" endline="54" function="draw" hash="-6393878131932876557"></source>
			<source file="../../workspace/dataset/test/twin-antialias-gray.c.ifdefed" startline="28" endline="64" function="draw" hash="2008911076748614209"></source>
		</class>
	</version>
</lineage>
<lineage>
	<version nr="6690" hash="7c9ebd4a8" evolution="None" change="None">
		<class nclones="2">
			<source file="../../workspace/dataset/test/radial-gradient-source.c.ifdefed" startline="39" endline="77" function="draw_gradient" hash="-4580212739130281942"></source>
			<source file="../../workspace/dataset/test/radial-gradient.c.ifdefed" startline="35" endline="73" function="draw_gradient" hash="-4580212739130281942"></source>
		</class>
	</version>
	<version nr="7230" hash="11531b90a" evolution="Same" change="Same">
		<class nclones="2">
			<source file="../../workspace/dataset/test/radial-gradient-source.c.ifdefed" startline="39" endline="77" function="draw_gradient" hash="-4580212739130281942"></source>
			<source file="../../workspace/dataset/test/radial-gradient.c.ifdefed" startline="35" endline="73" function="draw_gradient" hash="-4580212739130281942"></source>
		</class>
	</version>
	<version nr="7240" hash="c6d7d054c" evolution="Add" change="Same">
		<class nclones="4">
			<source file="../../workspace/dataset/test/radial-gradient-mask.c.ifdefed" startline="35" endline="73" function="draw_gradient" hash="-1591900087981640352"></source>
			<source file="../../workspace/dataset/test/radial-gradient-mask-source.c.ifdefed" startline="35" endline="73" function="draw_gradient" hash="-1591900087981640352"></source>
			<source file="../../workspace/dataset/test/radial-gradient.c.ifdefed" startline="35" endline="73" function="draw_gradient" hash="-4580212739130281942"></source>
			<source file="../../workspace/dataset/test/radial-gradient-source.c.ifdefed" startline="39" endline="77" function="draw_gradient" hash="-4580212739130281942"></source>
		</class>
	</version>
	<version nr="7480" hash="1d11af083" evolution="Same" change="Same">
		<class nclones="4">
			<source file="../../workspace/dataset/test/radial-gradient-mask.c.ifdefed" startline="35" endline="73" function="draw_gradient" hash="-1591900087981640352"></source>
			<source file="../../workspace/dataset/test/radial-gradient-mask-source.c.ifdefed" startline="35" endline="73" function="draw_gradient" hash="-1591900087981640352"></source>
			<source file="../../workspace/dataset/test/radial-gradient.c.ifdefed" startline="35" endline="73" function="draw_gradient" hash="-4580212739130281942"></source>
			<source file="../../workspace/dataset/test/radial-gradient-source.c.ifdefed" startline="39" endline="77" function="draw_gradient" hash="-4580212739130281942"></source>
		</class>
	</version>
	<version nr="7490" hash="f61b3f25a" evolution="Add" change="Same">
		<class nclones="5">
			<source file="../../workspace/dataset/test/radial-gradient-mask.c.ifdefed" startline="35" endline="73" function="draw_gradient" hash="-1591900087981640352"></source>
			<source file="../../workspace/dataset/test/radial-gradient-mask-source.c.ifdefed" startline="35" endline="73" function="draw_gradient" hash="-1591900087981640352"></source>
			<source file="../../workspace/dataset/test/radial-gradient.c.ifdefed" startline="35" endline="73" function="draw_gradient" hash="-4580212739130281942"></source>
			<source file="../../workspace/dataset/test/radial-gradient-source.c.ifdefed" startline="39" endline="77" function="draw_gradient" hash="-4580212739130281942"></source>
			<source file="../../workspace/dataset/test/radial-gradient-one-stop.c.ifdefed" startline="35" endline="68" function="draw_gradient" hash="-4352479177388077853"></source>
		</class>
	</version>
	<version nr="8060" hash="30636206b" evolution="Same" change="Same">
		<class nclones="5">
			<source file="../../workspace/dataset/test/radial-gradient-mask.c.ifdefed" startline="35" endline="73" function="draw_gradient" hash="-1591900087981640352"></source>
			<source file="../../workspace/dataset/test/radial-gradient-source.c.ifdefed" startline="39" endline="77" function="draw_gradient" hash="-4580212739130281942"></source>
			<source file="../../workspace/dataset/test/radial-gradient-mask-source.c.ifdefed" startline="35" endline="73" function="draw_gradient" hash="-1591900087981640352"></source>
			<source file="../../workspace/dataset/test/radial-gradient.c.ifdefed" startline="35" endline="73" function="draw_gradient" hash="-4580212739130281942"></source>
			<source file="../../workspace/dataset/test/radial-gradient-one-stop.c.ifdefed" startline="35" endline="68" function="draw_gradient" hash="-4352479177388077853"></source>
		</class>
	</version>
</lineage>
<lineage>
	<version nr="6690" hash="7c9ebd4a8" evolution="None" change="None">
		<class nclones="2">
			<source file="../../workspace/dataset/test/radial-gradient-source.c.ifdefed" startline="79" endline="108" function="draw" hash="7034735809972448889"></source>
			<source file="../../workspace/dataset/test/radial-gradient.c.ifdefed" startline="75" endline="105" function="draw" hash="-3556599409293615576"></source>
		</class>
	</version>
	<version nr="7230" hash="11531b90a" evolution="Same" change="Same">
		<class nclones="2">
			<source file="../../workspace/dataset/test/radial-gradient-source.c.ifdefed" startline="79" endline="108" function="draw" hash="7034735809972448889"></source>
			<source file="../../workspace/dataset/test/radial-gradient.c.ifdefed" startline="75" endline="105" function="draw" hash="-3556599409293615576"></source>
		</class>
	</version>
	<version nr="7240" hash="c6d7d054c" evolution="Add" change="Same">
		<class nclones="4">
			<source file="../../workspace/dataset/test/radial-gradient-mask.c.ifdefed" startline="75" endline="103" function="draw" hash="826212544264069847"></source>
			<source file="../../workspace/dataset/test/radial-gradient.c.ifdefed" startline="75" endline="105" function="draw" hash="-3556599409293615576"></source>
			<source file="../../workspace/dataset/test/radial-gradient-source.c.ifdefed" startline="79" endline="108" function="draw" hash="7034735809972448889"></source>
			<source file="../../workspace/dataset/test/radial-gradient-mask-source.c.ifdefed" startline="75" endline="104" function="draw" hash="7034735809972448889"></source>
		</class>
	</version>
	<version nr="7480" hash="1d11af083" evolution="Same" change="Same">
		<class nclones="4">
			<source file="../../workspace/dataset/test/radial-gradient-mask.c.ifdefed" startline="75" endline="103" function="draw" hash="826212544264069847"></source>
			<source file="../../workspace/dataset/test/radial-gradient.c.ifdefed" startline="75" endline="105" function="draw" hash="-3556599409293615576"></source>
			<source file="../../workspace/dataset/test/radial-gradient-source.c.ifdefed" startline="79" endline="108" function="draw" hash="7034735809972448889"></source>
			<source file="../../workspace/dataset/test/radial-gradient-mask-source.c.ifdefed" startline="75" endline="104" function="draw" hash="7034735809972448889"></source>
		</class>
	</version>
	<version nr="7490" hash="f61b3f25a" evolution="Add" change="Same">
		<class nclones="5">
			<source file="../../workspace/dataset/test/radial-gradient-mask.c.ifdefed" startline="75" endline="103" function="draw" hash="826212544264069847"></source>
			<source file="../../workspace/dataset/test/radial-gradient-mask-source.c.ifdefed" startline="75" endline="104" function="draw" hash="7034735809972448889"></source>
			<source file="../../workspace/dataset/test/radial-gradient.c.ifdefed" startline="75" endline="105" function="draw" hash="-3556599409293615576"></source>
			<source file="../../workspace/dataset/test/radial-gradient-source.c.ifdefed" startline="79" endline="108" function="draw" hash="7034735809972448889"></source>
			<source file="../../workspace/dataset/test/radial-gradient-one-stop.c.ifdefed" startline="70" endline="100" function="draw" hash="-3556599409293615576"></source>
		</class>
	</version>
	<version nr="8060" hash="30636206b" evolution="Same" change="Same">
		<class nclones="5">
			<source file="../../workspace/dataset/test/radial-gradient-mask.c.ifdefed" startline="75" endline="103" function="draw" hash="826212544264069847"></source>
			<source file="../../workspace/dataset/test/radial-gradient.c.ifdefed" startline="75" endline="105" function="draw" hash="-3556599409293615576"></source>
			<source file="../../workspace/dataset/test/radial-gradient-one-stop.c.ifdefed" startline="70" endline="100" function="draw" hash="-3556599409293615576"></source>
			<source file="../../workspace/dataset/test/radial-gradient-source.c.ifdefed" startline="79" endline="108" function="draw" hash="7034735809972448889"></source>
			<source file="../../workspace/dataset/test/radial-gradient-mask-source.c.ifdefed" startline="75" endline="104" function="draw" hash="7034735809972448889"></source>
		</class>
	</version>
</lineage>
<lineage>
	<version nr="6740" hash="9ddf14cfd" evolution="None" change="None">
		<class nclones="2">
			<source file="../../workspace/dataset/test/clip-fill-no-op.c.ifdefed" startline="31" endline="59" function="draw" hash="7899612738446149568"></source>
			<source file="../../workspace/dataset/test/clip-stroke-no-op.c.ifdefed" startline="31" endline="59" function="draw" hash="7502530131251609337"></source>
		</class>
	</version>
	<version nr="10840" hash="359afa3e8" evolution="Same" change="Same">
		<class nclones="2">
			<source file="../../workspace/dataset/test/clip-fill-no-op.c.ifdefed" startline="31" endline="59" function="draw" hash="7899612738446149568"></source>
			<source file="../../workspace/dataset/test/clip-stroke-no-op.c.ifdefed" startline="31" endline="59" function="draw" hash="7502530131251609337"></source>
		</class>
	</version>
</lineage>
<lineage>
	<version nr="6790" hash="6b3e19aa4" evolution="None" change="None">
		<class nclones="2">
			<source file="../../workspace/dataset/test/subsurface-repeat.c.ifdefed" startline="28" endline="65" function="draw" hash="5031189235414161898"></source>
			<source file="../../workspace/dataset/test/subsurface-similar-repeat.c.ifdefed" startline="28" endline="76" function="draw" hash="7605752583282403403"></source>
		</class>
	</version>
	<version nr="7180" hash="4b6fa8d5a" evolution="Same" change="Same">
		<class nclones="2">
			<source file="../../workspace/dataset/test/subsurface-repeat.c.ifdefed" startline="28" endline="65" function="draw" hash="5031189235414161898"></source>
			<source file="../../workspace/dataset/test/subsurface-similar-repeat.c.ifdefed" startline="28" endline="76" function="draw" hash="7605752583282403403"></source>
		</class>
	</version>
	<version nr="7190" hash="905c345df" evolution="Same" change="Consistent">
		<class nclones="2">
			<source file="../../workspace/dataset/test/subsurface-repeat.c.ifdefed" startline="28" endline="69" function="draw" hash="-1488661963400990558"></source>
			<source file="../../workspace/dataset/test/subsurface-reflect.c.ifdefed" startline="28" endline="69" function="draw" hash="3270047634018699504"></source>
		</class>
	</version>
	<version nr="7220" hash="b0052c521" evolution="Same" change="Same">
		<class nclones="2">
			<source file="../../workspace/dataset/test/subsurface-repeat.c.ifdefed" startline="28" endline="69" function="draw" hash="-1488661963400990558"></source>
			<source file="../../workspace/dataset/test/subsurface-reflect.c.ifdefed" startline="28" endline="69" function="draw" hash="3270047634018699504"></source>
		</class>
	</version>
	<version nr="7230" hash="11531b90a" evolution="Add" change="Same">
		<class nclones="3">
			<source file="../../workspace/dataset/test/subsurface-pad.c.ifdefed" startline="28" endline="69" function="draw" hash="4916711017449635984"></source>
			<source file="../../workspace/dataset/test/subsurface-reflect.c.ifdefed" startline="28" endline="69" function="draw" hash="3270047634018699504"></source>
			<source file="../../workspace/dataset/test/subsurface-repeat.c.ifdefed" startline="28" endline="69" function="draw" hash="-1488661963400990558"></source>
		</class>
	</version>
	<version nr="10840" hash="359afa3e8" evolution="Same" change="Same">
		<class nclones="3">
			<source file="../../workspace/dataset/test/subsurface-pad.c.ifdefed" startline="28" endline="69" function="draw" hash="4916711017449635984"></source>
			<source file="../../workspace/dataset/test/subsurface-repeat.c.ifdefed" startline="28" endline="69" function="draw" hash="-1488661963400990558"></source>
			<source file="../../workspace/dataset/test/subsurface-reflect.c.ifdefed" startline="28" endline="69" function="draw" hash="3270047634018699504"></source>
		</class>
	</version>
</lineage>
<lineage>
	<version nr="6890" hash="3266a1a72" evolution="None" change="None">
		<class nclones="2">
			<source file="../../workspace/dataset/test/clip-empty-save.c.ifdefed" startline="30" endline="61" function="draw" hash="-4883430724005412415"></source>
			<source file="../../workspace/dataset/test/clip-empty.c.ifdefed" startline="30" endline="57" function="draw" hash="1429145745861798475"></source>
		</class>
	</version>
	<version nr="7530" hash="a049889c6" evolution="Same" change="Same">
		<class nclones="2">
			<source file="../../workspace/dataset/test/clip-empty-save.c.ifdefed" startline="30" endline="61" function="draw" hash="-4883430724005412415"></source>
			<source file="../../workspace/dataset/test/clip-empty.c.ifdefed" startline="30" endline="57" function="draw" hash="1429145745861798475"></source>
		</class>
	</version>
	<version nr="7540" hash="3cb882d01" evolution="Same" change="Consistent">
		<class nclones="2">
			<source file="../../workspace/dataset/test/clip-empty-save.c.ifdefed" startline="30" endline="61" function="draw" hash="2496164639647935659"></source>
			<source file="../../workspace/dataset/test/clip-empty.c.ifdefed" startline="30" endline="57" function="draw" hash="5004263151860152021"></source>
		</class>
	</version>
	<version nr="10840" hash="359afa3e8" evolution="Same" change="Same">
		<class nclones="2">
			<source file="../../workspace/dataset/test/clip-empty-save.c.ifdefed" startline="30" endline="61" function="draw" hash="2496164639647935659"></source>
			<source file="../../workspace/dataset/test/clip-empty.c.ifdefed" startline="30" endline="57" function="draw" hash="5004263151860152021"></source>
		</class>
	</version>
</lineage>
<lineage>
	<version nr="7070" hash="7c2c3f621" evolution="None" change="None">
		<class nclones="2">
			<source file="../../workspace/dataset/test/select-font-face.c.ifdefed" startline="30" endline="58" function="draw" hash="-825850891415398951"></source>
			<source file="../../workspace/dataset/test/inverse-text.c.ifdefed" startline="32" endline="60" function="draw" hash="6279863468879618354"></source>
		</class>
	</version>
	<version nr="7530" hash="a049889c6" evolution="Same" change="Same">
		<class nclones="2">
			<source file="../../workspace/dataset/test/select-font-face.c.ifdefed" startline="30" endline="58" function="draw" hash="-825850891415398951"></source>
			<source file="../../workspace/dataset/test/inverse-text.c.ifdefed" startline="32" endline="60" function="draw" hash="6279863468879618354"></source>
		</class>
	</version>
	<version nr="7540" hash="3cb882d01" evolution="Same" change="Consistent">
		<class nclones="2">
			<source file="../../workspace/dataset/test/select-font-face.c.ifdefed" startline="30" endline="58" function="draw" hash="7566752079377124463"></source>
			<source file="../../workspace/dataset/test/inverse-text.c.ifdefed" startline="32" endline="60" function="draw" hash="5788033980710925190"></source>
		</class>
	</version>
	<version nr="8430" hash="9b039a65a" evolution="Same" change="Same">
		<class nclones="2">
			<source file="../../workspace/dataset/test/select-font-face.c.ifdefed" startline="30" endline="58" function="draw" hash="7566752079377124463"></source>
			<source file="../../workspace/dataset/test/inverse-text.c.ifdefed" startline="32" endline="60" function="draw" hash="5788033980710925190"></source>
		</class>
	</version>
	<version nr="8440" hash="4d5c95f62" evolution="Add" change="Same">
		<class nclones="3">
			<source file="../../workspace/dataset/test/select-font-face.c.ifdefed" startline="30" endline="58" function="draw" hash="7566752079377124463"></source>
			<source file="../../workspace/dataset/test/inverse-text.c.ifdefed" startline="32" endline="60" function="draw" hash="5788033980710925190"></source>
			<source file="../../workspace/dataset/test/record.c.ifdefed" startline="153" endline="181" function="*select_font_face" hash="-8859161951092119657"></source>
		</class>
	</version>
	<version nr="9130" hash="589216c1e" evolution="Same" change="Same">
		<class nclones="3">
			<source file="../../workspace/dataset/test/select-font-face.c.ifdefed" startline="30" endline="58" function="draw" hash="7566752079377124463"></source>
			<source file="../../workspace/dataset/test/inverse-text.c.ifdefed" startline="32" endline="60" function="draw" hash="5788033980710925190"></source>
			<source file="../../workspace/dataset/test/record.c.ifdefed" startline="153" endline="181" function="*select_font_face" hash="-8859161951092119657"></source>
		</class>
	</version>
	<version nr="9140" hash="ef7e57f0f" evolution="Add" change="Same">
		<class nclones="6">
			<source file="../../workspace/dataset/test/select-font-face.c.ifdefed" startline="30" endline="58" function="draw" hash="7566752079377124463"></source>
			<source file="../../workspace/dataset/test/record1414x.c.ifdefed" startline="159" endline="187" function="*select_font_face" hash="-8859161951092119657"></source>
			<source file="../../workspace/dataset/test/record90.c.ifdefed" startline="155" endline="183" function="*select_font_face" hash="-8859161951092119657"></source>
			<source file="../../workspace/dataset/test/record2x.c.ifdefed" startline="155" endline="183" function="*select_font_face" hash="-8859161951092119657"></source>
			<source file="../../workspace/dataset/test/inverse-text.c.ifdefed" startline="32" endline="60" function="draw" hash="5788033980710925190"></source>
			<source file="../../workspace/dataset/test/record.c.ifdefed" startline="153" endline="181" function="*select_font_face" hash="-8859161951092119657"></source>
		</class>
	</version>
	<version nr="9740" hash="14237f114" evolution="Same" change="Same">
		<class nclones="6">
			<source file="../../workspace/dataset/test/select-font-face.c.ifdefed" startline="30" endline="58" function="draw" hash="7566752079377124463"></source>
			<source file="../../workspace/dataset/test/record1414x.c.ifdefed" startline="159" endline="187" function="*select_font_face" hash="-8859161951092119657"></source>
			<source file="../../workspace/dataset/test/record90.c.ifdefed" startline="155" endline="183" function="*select_font_face" hash="-8859161951092119657"></source>
			<source file="../../workspace/dataset/test/record2x.c.ifdefed" startline="155" endline="183" function="*select_font_face" hash="-8859161951092119657"></source>
			<source file="../../workspace/dataset/test/inverse-text.c.ifdefed" startline="32" endline="60" function="draw" hash="5788033980710925190"></source>
			<source file="../../workspace/dataset/test/record.c.ifdefed" startline="155" endline="183" function="*select_font_face" hash="-8859161951092119657"></source>
		</class>
	</version>
	<version nr="9750" hash="a8f1b456d" evolution="Add" change="Same">
		<class nclones="7">
			<source file="../../workspace/dataset/test/select-font-face.c.ifdefed" startline="30" endline="58" function="draw" hash="7566752079377124463"></source>
			<source file="../../workspace/dataset/test/inverse-text.c.ifdefed" startline="32" endline="60" function="draw" hash="5788033980710925190"></source>
			<source file="../../workspace/dataset/test/record90.c.ifdefed" startline="155" endline="183" function="*select_font_face" hash="-8859161951092119657"></source>
			<source file="../../workspace/dataset/test/record1414x.c.ifdefed" startline="159" endline="187" function="*select_font_face" hash="-8859161951092119657"></source>
			<source file="../../workspace/dataset/test/recordflip.c.ifdefed" startline="153" endline="181" function="*select_font_face" hash="-8859161951092119657"></source>
			<source file="../../workspace/dataset/test/record2x.c.ifdefed" startline="155" endline="183" function="*select_font_face" hash="-8859161951092119657"></source>
			<source file="../../workspace/dataset/test/record.c.ifdefed" startline="155" endline="183" function="*select_font_face" hash="-8859161951092119657"></source>
		</class>
	</version>
	<version nr="10840" hash="359afa3e8" evolution="Same" change="Same">
		<class nclones="7">
			<source file="../../workspace/dataset/test/select-font-face.c.ifdefed" startline="30" endline="58" function="draw" hash="7566752079377124463"></source>
			<source file="../../workspace/dataset/test/inverse-text.c.ifdefed" startline="32" endline="60" function="draw" hash="5788033980710925190"></source>
			<source file="../../workspace/dataset/test/record90.c.ifdefed" startline="155" endline="183" function="*select_font_face" hash="-8859161951092119657"></source>
			<source file="../../workspace/dataset/test/record1414x.c.ifdefed" startline="159" endline="187" function="*select_font_face" hash="-8859161951092119657"></source>
			<source file="../../workspace/dataset/test/recordflip.c.ifdefed" startline="153" endline="181" function="*select_font_face" hash="-8859161951092119657"></source>
			<source file="../../workspace/dataset/test/record2x.c.ifdefed" startline="155" endline="183" function="*select_font_face" hash="-8859161951092119657"></source>
			<source file="../../workspace/dataset/test/record.c.ifdefed" startline="155" endline="183" function="*select_font_face" hash="-8859161951092119657"></source>
		</class>
	</version>
</lineage>
<lineage>
	<version nr="7200" hash="41fecf8e6" evolution="None" change="None">
		<class nclones="3">
			<source file="../../workspace/dataset/test/pthread-show-text.c.ifdefed" startline="93" endline="136" function="draw" hash="2521945294893710320"></source>
			<source file="../../workspace/dataset/test/pthread-similar.c.ifdefed" startline="58" endline="99" function="draw" hash="-1733174667850849088"></source>
			<source file="../../workspace/dataset/test/pthread-same-source.c.ifdefed" startline="109" endline="159" function="draw" hash="2330187536331515733"></source>
		</class>
	</version>
	<version nr="7210" hash="af26560f2" evolution="Subtract" change="Same">
		<class nclones="2">
			<source file="../../workspace/dataset/test/pthread-show-text.c.ifdefed" startline="93" endline="136" function="draw" hash="2521945294893710320"></source>
			<source file="../../workspace/dataset/test/pthread-similar.c.ifdefed" startline="58" endline="99" function="draw" hash="-1733174667850849088"></source>
		</class>
	</version>
	<version nr="7220" hash="b0052c521" evolution="Add" change="Consistent">
		<class nclones="3">
			<source file="../../workspace/dataset/test/pthread-show-text.c.ifdefed" startline="93" endline="137" function="draw" hash="-5840420247408881797"></source>
			<source file="../../workspace/dataset/test/pthread-similar.c.ifdefed" startline="58" endline="100" function="draw" hash="5950169318404585939"></source>
			<source file="../../workspace/dataset/test/pthread-same-source.c.ifdefed" startline="109" endline="167" function="draw" hash="593859056787020309"></source>
		</class>
	</version>
	<version nr="7290" hash="e540d040b" evolution="Same" change="Same">
		<class nclones="3">
			<source file="../../workspace/dataset/test/pthread-show-text.c.ifdefed" startline="93" endline="137" function="draw" hash="-5840420247408881797"></source>
			<source file="../../workspace/dataset/test/pthread-same-source.c.ifdefed" startline="109" endline="167" function="draw" hash="593859056787020309"></source>
			<source file="../../workspace/dataset/test/pthread-similar.c.ifdefed" startline="58" endline="100" function="draw" hash="5950169318404585939"></source>
		</class>
	</version>
	<version nr="7300" hash="fb53d05a6" evolution="Same" change="Consistent">
		<class nclones="3">
			<source file="../../workspace/dataset/test/pthread-show-text.c.ifdefed" startline="93" endline="135" function="draw" hash="-7238172700046363051"></source>
			<source file="../../workspace/dataset/test/pthread-same-source.c.ifdefed" startline="109" endline="165" function="draw" hash="6589182701923882923"></source>
			<source file="../../workspace/dataset/test/pthread-similar.c.ifdefed" startline="58" endline="98" function="draw" hash="9055708277376863365"></source>
		</class>
	</version>
	<version nr="9970" hash="bb1740362" evolution="Same" change="Same">
		<class nclones="3">
			<source file="../../workspace/dataset/test/pthread-show-text.c.ifdefed" startline="93" endline="135" function="draw" hash="-7238172700046363051"></source>
			<source file="../../workspace/dataset/test/pthread-same-source.c.ifdefed" startline="109" endline="165" function="draw" hash="6589182701923882923"></source>
			<source file="../../workspace/dataset/test/pthread-similar.c.ifdefed" startline="58" endline="98" function="draw" hash="9055708277376863365"></source>
		</class>
	</version>
	<version nr="9980" hash="55608e4fd" evolution="Subtract" change="Same">
		<class nclones="2">
			<source file="../../workspace/dataset/test/pthread-show-text.c.ifdefed" startline="93" endline="135" function="draw" hash="-7238172700046363051"></source>
			<source file="../../workspace/dataset/test/pthread-similar.c.ifdefed" startline="59" endline="99" function="draw" hash="9055708277376863365"></source>
		</class>
	</version>
	<version nr="10840" hash="359afa3e8" evolution="Same" change="Same">
		<class nclones="2">
			<source file="../../workspace/dataset/test/pthread-show-text.c.ifdefed" startline="93" endline="135" function="draw" hash="-7238172700046363051"></source>
			<source file="../../workspace/dataset/test/pthread-similar.c.ifdefed" startline="59" endline="99" function="draw" hash="9055708277376863365"></source>
		</class>
	</version>
</lineage>
<lineage>
	<version nr="7330" hash="e8bc25fdb" evolution="None" change="None">
		<class nclones="2">
			<source file="../../workspace/dataset/test/linear-gradient-extend.c.ifdefed" startline="33" endline="83" function="draw" hash="1594861623810600114"></source>
			<source file="../../workspace/dataset/test/radial-gradient-extend.c.ifdefed" startline="33" endline="83" function="draw" hash="-7698289442917251060"></source>
		</class>
	</version>
	<version nr="10840" hash="359afa3e8" evolution="Same" change="Same">
		<class nclones="2">
			<source file="../../workspace/dataset/test/linear-gradient-extend.c.ifdefed" startline="35" endline="85" function="draw" hash="1594861623810600114"></source>
			<source file="../../workspace/dataset/test/radial-gradient-extend.c.ifdefed" startline="35" endline="85" function="draw" hash="-7698289442917251060"></source>
		</class>
	</version>
</lineage>
<lineage>
	<version nr="7490" hash="f61b3f25a" evolution="None" change="None">
		<class nclones="2">
			<source file="../../workspace/dataset/test/linear-gradient-one-stop.c.ifdefed" startline="35" endline="83" function="draw" hash="-1802522696619770114"></source>
			<source file="../../workspace/dataset/test/degenerate-radial-gradient.c.ifdefed" startline="35" endline="86" function="draw" hash="8403658924696668784"></source>
		</class>
	</version>
	<version nr="7500" hash="ef5f9b5c6" evolution="Same" change="Same">
		<class nclones="2">
			<source file="../../workspace/dataset/test/linear-gradient-one-stop.c.ifdefed" startline="35" endline="83" function="draw" hash="-1802522696619770114"></source>
			<source file="../../workspace/dataset/test/degenerate-radial-gradient.c.ifdefed" startline="35" endline="86" function="draw" hash="8403658924696668784"></source>
		</class>
	</version>
	<version nr="7510" hash="d17e2c5e2" evolution="Same" change="Inconsistent">
		<class nclones="2">
			<source file="../../workspace/dataset/test/linear-gradient-one-stop.c.ifdefed" startline="35" endline="83" function="draw" hash="6565633259788736273"></source>
			<source file="../../workspace/dataset/test/degenerate-radial-gradient.c.ifdefed" startline="35" endline="86" function="draw" hash="8403658924696668784"></source>
		</class>
	</version>
	<version nr="10840" hash="359afa3e8" evolution="Same" change="Same">
		<class nclones="2">
			<source file="../../workspace/dataset/test/linear-gradient-one-stop.c.ifdefed" startline="35" endline="83" function="draw" hash="6565633259788736273"></source>
			<source file="../../workspace/dataset/test/degenerate-radial-gradient.c.ifdefed" startline="35" endline="86" function="draw" hash="8403658924696668784"></source>
		</class>
	</version>
</lineage>
<lineage>
	<version nr="7500" hash="ef5f9b5c6" evolution="None" change="None">
		<class nclones="2">
			<source file="../../workspace/dataset/test/partial-coverage.c.ifdefed" startline="83" endline="99" function="reference" hash="-4798086918848787099"></source>
			<source file="../../workspace/dataset/test/partial-coverage.c.ifdefed" startline="101" endline="117" function="half_reference" hash="-8592082546171451156"></source>
		</class>
	</version>
	<version nr="7510" hash="d17e2c5e2" evolution="Same" change="Same">
		<class nclones="2">
			<source file="../../workspace/dataset/test/partial-coverage.c.ifdefed" startline="83" endline="99" function="reference" hash="-4798086918848787099"></source>
			<source file="../../workspace/dataset/test/partial-coverage.c.ifdefed" startline="101" endline="117" function="half_reference" hash="-8592082546171451156"></source>
		</class>
	</version>
	<version nr="7520" hash="4edbcf1b1" evolution="Add" change="Same">
		<class nclones="3">
			<source file="../../workspace/dataset/test/partial-coverage.c.ifdefed" startline="89" endline="105" function="reference" hash="-4798086918848787099"></source>
			<source file="../../workspace/dataset/test/partial-coverage.c.ifdefed" startline="107" endline="123" function="three_quarter_reference" hash="4991101481181198581"></source>
			<source file="../../workspace/dataset/test/partial-coverage.c.ifdefed" startline="125" endline="141" function="half_reference" hash="-8592082546171451156"></source>
		</class>
	</version>
	<version nr="10670" hash="cb3618f76" evolution="Same" change="Same">
		<class nclones="3">
			<source file="../../workspace/dataset/test/partial-coverage.c.ifdefed" startline="89" endline="105" function="reference" hash="-4798086918848787099"></source>
			<source file="../../workspace/dataset/test/partial-coverage.c.ifdefed" startline="107" endline="123" function="three_quarter_reference" hash="4991101481181198581"></source>
			<source file="../../workspace/dataset/test/partial-coverage.c.ifdefed" startline="125" endline="141" function="half_reference" hash="-8592082546171451156"></source>
		</class>
	</version>
	<version nr="10680" hash="0224c7802" evolution="Same" change="Consistent">
		<class nclones="3">
			<source file="../../workspace/dataset/test/partial-coverage.c.ifdefed" startline="89" endline="105" function="reference" hash="-1824586509716952551"></source>
			<source file="../../workspace/dataset/test/partial-coverage.c.ifdefed" startline="125" endline="141" function="half_reference" hash="4452827074204359732"></source>
			<source file="../../workspace/dataset/test/partial-coverage.c.ifdefed" startline="107" endline="123" function="three_quarter_reference" hash="5763406952031637345"></source>
		</class>
	</version>
	<version nr="10840" hash="359afa3e8" evolution="Same" change="Same">
		<class nclones="3">
			<source file="../../workspace/dataset/test/partial-coverage.c.ifdefed" startline="89" endline="105" function="reference" hash="-1824586509716952551"></source>
			<source file="../../workspace/dataset/test/partial-coverage.c.ifdefed" startline="125" endline="141" function="half_reference" hash="4452827074204359732"></source>
			<source file="../../workspace/dataset/test/partial-coverage.c.ifdefed" startline="107" endline="123" function="three_quarter_reference" hash="5763406952031637345"></source>
		</class>
	</version>
</lineage>
<lineage>
	<version nr="7500" hash="ef5f9b5c6" evolution="None" change="None">
		<class nclones="3">
			<source file="../../workspace/dataset/test/partial-coverage.c.ifdefed" startline="119" endline="163" function="rectangles" hash="-9178611167092098964"></source>
			<source file="../../workspace/dataset/test/partial-coverage.c.ifdefed" startline="165" endline="210" function="half_triangles" hash="-2105612959860552581"></source>
			<source file="../../workspace/dataset/test/partial-coverage.c.ifdefed" startline="212" endline="271" function="full_triangles" hash="-3348044868850434876"></source>
		</class>
	</version>
	<version nr="7510" hash="d17e2c5e2" evolution="Same" change="Same">
		<class nclones="3">
			<source file="../../workspace/dataset/test/partial-coverage.c.ifdefed" startline="119" endline="163" function="rectangles" hash="-9178611167092098964"></source>
			<source file="../../workspace/dataset/test/partial-coverage.c.ifdefed" startline="165" endline="210" function="half_triangles" hash="-2105612959860552581"></source>
			<source file="../../workspace/dataset/test/partial-coverage.c.ifdefed" startline="212" endline="271" function="full_triangles" hash="-3348044868850434876"></source>
		</class>
	</version>
	<version nr="7520" hash="4edbcf1b1" evolution="Add" change="Consistent">
		<class nclones="6">
			<source file="../../workspace/dataset/test/partial-coverage.c.ifdefed" startline="143" endline="187" function="rectangles" hash="-1035318756362786191"></source>
			<source file="../../workspace/dataset/test/partial-coverage.c.ifdefed" startline="236" endline="299" function="overlap_half_triangles" hash="7750744901774322261"></source>
			<source file="../../workspace/dataset/test/partial-coverage.c.ifdefed" startline="189" endline="234" function="half_triangles" hash="5350771216365427926"></source>
			<source file="../../workspace/dataset/test/partial-coverage.c.ifdefed" startline="433" endline="492" function="triangles" hash="964408786631723406"></source>
			<source file="../../workspace/dataset/test/partial-coverage.c.ifdefed" startline="368" endline="431" function="overlap_three_quarter_triangles" hash="9166641440545123769"></source>
			<source file="../../workspace/dataset/test/partial-coverage.c.ifdefed" startline="301" endline="366" function="overlap_half_triangles_eo" hash="508395708792281597"></source>
		</class>
	</version>
	<version nr="7530" hash="a049889c6" evolution="Same" change="Same">
		<class nclones="6">
			<source file="../../workspace/dataset/test/partial-coverage.c.ifdefed" startline="143" endline="187" function="rectangles" hash="-1035318756362786191"></source>
			<source file="../../workspace/dataset/test/partial-coverage.c.ifdefed" startline="236" endline="299" function="overlap_half_triangles" hash="7750744901774322261"></source>
			<source file="../../workspace/dataset/test/partial-coverage.c.ifdefed" startline="189" endline="234" function="half_triangles" hash="5350771216365427926"></source>
			<source file="../../workspace/dataset/test/partial-coverage.c.ifdefed" startline="433" endline="492" function="triangles" hash="964408786631723406"></source>
			<source file="../../workspace/dataset/test/partial-coverage.c.ifdefed" startline="368" endline="431" function="overlap_three_quarter_triangles" hash="9166641440545123769"></source>
			<source file="../../workspace/dataset/test/partial-coverage.c.ifdefed" startline="301" endline="366" function="overlap_half_triangles_eo" hash="508395708792281597"></source>
		</class>
	</version>
	<version nr="7540" hash="3cb882d01" evolution="Add" change="Same">
		<class nclones="8">
			<source file="../../workspace/dataset/test/partial-coverage.c.ifdefed" startline="143" endline="187" function="rectangles" hash="-1035318756362786191"></source>
			<source file="../../workspace/dataset/test/partial-coverage.c.ifdefed" startline="189" endline="235" function="intersecting_quads" hash="-7736362645251860114"></source>
			<source file="../../workspace/dataset/test/partial-coverage.c.ifdefed" startline="416" endline="479" function="overlap_three_quarter_triangles" hash="9166641440545123769"></source>
			<source file="../../workspace/dataset/test/partial-coverage.c.ifdefed" startline="481" endline="540" function="triangles" hash="964408786631723406"></source>
			<source file="../../workspace/dataset/test/partial-coverage.c.ifdefed" startline="349" endline="414" function="overlap_half_triangles_eo" hash="508395708792281597"></source>
			<source file="../../workspace/dataset/test/partial-coverage.c.ifdefed" startline="284" endline="347" function="overlap_half_triangles" hash="7750744901774322261"></source>
			<source file="../../workspace/dataset/test/partial-coverage.c.ifdefed" startline="237" endline="282" function="half_triangles" hash="5350771216365427926"></source>
			<source file="../../workspace/dataset/test/partial-coverage.c.ifdefed" startline="542" endline="610" function="intersecting_triangles" hash="4056799133481630733"></source>
		</class>
	</version>
	<version nr="10840" hash="359afa3e8" evolution="Same" change="Same">
		<class nclones="8">
			<source file="../../workspace/dataset/test/partial-coverage.c.ifdefed" startline="143" endline="187" function="rectangles" hash="-1035318756362786191"></source>
			<source file="../../workspace/dataset/test/partial-coverage.c.ifdefed" startline="189" endline="235" function="intersecting_quads" hash="-7736362645251860114"></source>
			<source file="../../workspace/dataset/test/partial-coverage.c.ifdefed" startline="416" endline="479" function="overlap_three_quarter_triangles" hash="9166641440545123769"></source>
			<source file="../../workspace/dataset/test/partial-coverage.c.ifdefed" startline="481" endline="540" function="triangles" hash="964408786631723406"></source>
			<source file="../../workspace/dataset/test/partial-coverage.c.ifdefed" startline="349" endline="414" function="overlap_half_triangles_eo" hash="508395708792281597"></source>
			<source file="../../workspace/dataset/test/partial-coverage.c.ifdefed" startline="284" endline="347" function="overlap_half_triangles" hash="7750744901774322261"></source>
			<source file="../../workspace/dataset/test/partial-coverage.c.ifdefed" startline="237" endline="282" function="half_triangles" hash="5350771216365427926"></source>
			<source file="../../workspace/dataset/test/partial-coverage.c.ifdefed" startline="542" endline="610" function="intersecting_triangles" hash="4056799133481630733"></source>
		</class>
	</version>
</lineage>
<lineage>
	<version nr="7520" hash="4edbcf1b1" evolution="None" change="None">
		<class nclones="2">
			<source file="../../workspace/dataset/test/coverage.c.ifdefed" startline="56" endline="86" function="rectangles" hash="-8393113415626176423"></source>
			<source file="../../workspace/dataset/test/coverage.c.ifdefed" startline="88" endline="121" function="triangles" hash="-8598864479629284492"></source>
		</class>
	</version>
	<version nr="7530" hash="a049889c6" evolution="Same" change="Same">
		<class nclones="2">
			<source file="../../workspace/dataset/test/coverage.c.ifdefed" startline="56" endline="86" function="rectangles" hash="-8393113415626176423"></source>
			<source file="../../workspace/dataset/test/coverage.c.ifdefed" startline="88" endline="121" function="triangles" hash="-8598864479629284492"></source>
		</class>
	</version>
	<version nr="7540" hash="3cb882d01" evolution="Add" change="Consistent">
		<class nclones="6">
			<source file="../../workspace/dataset/test/coverage.c.ifdefed" startline="61" endline="99" function="rectangles" hash="2120216879590089877"></source>
			<source file="../../workspace/dataset/test/coverage.c.ifdefed" startline="101" endline="144" function="intersecting_quads" hash="-8471044611147192525"></source>
			<source file="../../workspace/dataset/test/coverage.c.ifdefed" startline="198" endline="239" function="triangles" hash="-4411126638226565092"></source>
			<source file="../../workspace/dataset/test/coverage.c.ifdefed" startline="146" endline="196" function="intersecting_triangles" hash="-823688026832963978"></source>
			<source file="../../workspace/dataset/test/coverage.c.ifdefed" startline="241" endline="308" function="column_triangles" hash="1466045991417237259"></source>
			<source file="../../workspace/dataset/test/coverage.c.ifdefed" startline="310" endline="359" function="row_triangles" hash="-8432544934271605665"></source>
		</class>
	</version>
	<version nr="7550" hash="b6e16b8d2" evolution="Same" change="Inconsistent">
		<class nclones="6">
			<source file="../../workspace/dataset/test/coverage.c.ifdefed" startline="61" endline="99" function="rectangles" hash="2120216879590089877"></source>
			<source file="../../workspace/dataset/test/coverage.c.ifdefed" startline="101" endline="144" function="intersecting_quads" hash="-8471044611147192525"></source>
			<source file="../../workspace/dataset/test/coverage.c.ifdefed" startline="198" endline="239" function="triangles" hash="-4411126638226565092"></source>
			<source file="../../workspace/dataset/test/coverage.c.ifdefed" startline="146" endline="196" function="intersecting_triangles" hash="-823688026832963978"></source>
			<source file="../../workspace/dataset/test/coverage.c.ifdefed" startline="241" endline="308" function="column_triangles" hash="820362047940639278"></source>
			<source file="../../workspace/dataset/test/coverage.c.ifdefed" startline="310" endline="359" function="row_triangles" hash="-8432544934271605665"></source>
		</class>
	</version>
	<version nr="10840" hash="359afa3e8" evolution="Same" change="Same">
		<class nclones="6">
			<source file="../../workspace/dataset/test/coverage.c.ifdefed" startline="61" endline="99" function="rectangles" hash="2120216879590089877"></source>
			<source file="../../workspace/dataset/test/coverage.c.ifdefed" startline="198" endline="239" function="triangles" hash="-4411126638226565092"></source>
			<source file="../../workspace/dataset/test/coverage.c.ifdefed" startline="146" endline="196" function="intersecting_triangles" hash="-823688026832963978"></source>
			<source file="../../workspace/dataset/test/coverage.c.ifdefed" startline="101" endline="144" function="intersecting_quads" hash="-8471044611147192525"></source>
			<source file="../../workspace/dataset/test/coverage.c.ifdefed" startline="241" endline="308" function="column_triangles" hash="820362047940639278"></source>
			<source file="../../workspace/dataset/test/coverage.c.ifdefed" startline="310" endline="359" function="row_triangles" hash="-8432544934271605665"></source>
		</class>
	</version>
</lineage>
<lineage>
	<version nr="7570" hash="16364768d" evolution="None" change="None">
		<class nclones="3">
			<source file="../../workspace/dataset/test/halo.c.ifdefed" startline="60" endline="100" function="draw" hash="3403633890606940487"></source>
			<source file="../../workspace/dataset/test/halo.c.ifdefed" startline="102" endline="144" function="draw_transform" hash="-2092766292649918927"></source>
			<source file="../../workspace/dataset/test/halo.c.ifdefed" startline="146" endline="180" function="draw_transform" hash="8404830322106336055"></source>
		</class>
	</version>
	<version nr="7580" hash="f2645fa36" evolution="Subtract" change="Same">
		<class nclones="2">
			<source file="../../workspace/dataset/test/halo.c.ifdefed" startline="60" endline="100" function="draw" hash="3403633890606940487"></source>
			<source file="../../workspace/dataset/test/halo.c.ifdefed" startline="102" endline="144" function="draw_transform" hash="-2092766292649918927"></source>
		</class>
	</version>
	<version nr="10840" hash="359afa3e8" evolution="Same" change="Same">
		<class nclones="2">
			<source file="../../workspace/dataset/test/halo.c.ifdefed" startline="60" endline="100" function="draw" hash="3403633890606940487"></source>
			<source file="../../workspace/dataset/test/halo.c.ifdefed" startline="102" endline="144" function="draw_transform" hash="-2092766292649918927"></source>
		</class>
	</version>
</lineage>
<lineage>
	<version nr="7980" hash="8db239660" evolution="None" change="None">
		<class nclones="2">
			<source file="../../workspace/dataset/test/fallback-resolution.c.ifdefed" startline="143" endline="258" function="check_result" hash="2567946366243786687"></source>
			<source file="../../workspace/dataset/test/ps-eps.c.ifdefed" startline="73" endline="187" function="check_result" hash="-424108407680701959"></source>
		</class>
	</version>
	<version nr="10840" hash="359afa3e8" evolution="Same" change="Same">
		<class nclones="2">
			<source file="../../workspace/dataset/test/fallback-resolution.c.ifdefed" startline="143" endline="258" function="check_result" hash="2567946366243786687"></source>
			<source file="../../workspace/dataset/test/ps-eps.c.ifdefed" startline="73" endline="187" function="check_result" hash="-424108407680701959"></source>
		</class>
	</version>
</lineage>
<lineage>
	<version nr="8070" hash="51594d978" evolution="None" change="None">
		<class nclones="2">
			<source file="../../workspace/dataset/test/mesh-pattern.c.ifdefed" startline="40" endline="87" function="draw" hash="-6325214457006723953"></source>
			<source file="../../workspace/dataset/test/mesh-pattern-transformed.c.ifdefed" startline="40" endline="99" function="draw" hash="-4509405446915307493"></source>
		</class>
	</version>
	<version nr="8140" hash="48cb9186a" evolution="Same" change="Same">
		<class nclones="2">
			<source file="../../workspace/dataset/test/mesh-pattern.c.ifdefed" startline="40" endline="87" function="draw" hash="-6325214457006723953"></source>
			<source file="../../workspace/dataset/test/mesh-pattern-transformed.c.ifdefed" startline="40" endline="99" function="draw" hash="-4509405446915307493"></source>
		</class>
	</version>
	<version nr="8150" hash="5f039f0f8" evolution="Same" change="Consistent">
		<class nclones="2">
			<source file="../../workspace/dataset/test/mesh-pattern.c.ifdefed" startline="40" endline="87" function="draw" hash="-1140855343749610085"></source>
			<source file="../../workspace/dataset/test/mesh-pattern-transformed.c.ifdefed" startline="40" endline="99" function="draw" hash="8249116259224958515"></source>
		</class>
	</version>
	<version nr="8680" hash="4d6c62514" evolution="Same" change="Same">
		<class nclones="2">
			<source file="../../workspace/dataset/test/mesh-pattern.c.ifdefed" startline="40" endline="87" function="draw" hash="-1140855343749610085"></source>
			<source file="../../workspace/dataset/test/mesh-pattern-transformed.c.ifdefed" startline="40" endline="99" function="draw" hash="8249116259224958515"></source>
		</class>
	</version>
	<version nr="8690" hash="ba1060fbb" evolution="Add" change="Same">
		<class nclones="3">
			<source file="../../workspace/dataset/test/mesh-pattern.c.ifdefed" startline="40" endline="87" function="draw" hash="-1140855343749610085"></source>
			<source file="../../workspace/dataset/test/mesh-pattern-transformed.c.ifdefed" startline="40" endline="99" function="draw" hash="8249116259224958515"></source>
			<source file="../../workspace/dataset/test/record-mesh.c.ifdefed" startline="46" endline="84" function="*mesh" hash="-4972140797467633231"></source>
		</class>
	</version>
	<version nr="10840" hash="359afa3e8" evolution="Same" change="Same">
		<class nclones="3">
			<source file="../../workspace/dataset/test/mesh-pattern.c.ifdefed" startline="40" endline="87" function="draw" hash="-1140855343749610085"></source>
			<source file="../../workspace/dataset/test/record-mesh.c.ifdefed" startline="46" endline="84" function="*mesh" hash="-4972140797467633231"></source>
			<source file="../../workspace/dataset/test/mesh-pattern-transformed.c.ifdefed" startline="40" endline="99" function="draw" hash="8249116259224958515"></source>
		</class>
	</version>
</lineage>
<lineage>
	<version nr="8150" hash="5f039f0f8" evolution="None" change="None">
		<class nclones="2">
			<source file="../../workspace/dataset/test/image-bug-710072.c.ifdefed" startline="36" endline="50" function="draw_aligned" hash="-8134426394648313992"></source>
			<source file="../../workspace/dataset/test/image-bug-710072.c.ifdefed" startline="52" endline="66" function="draw_unaligned" hash="4223415575736880757"></source>
		</class>
	</version>
	<version nr="10840" hash="359afa3e8" evolution="Same" change="Same">
		<class nclones="2">
			<source file="../../workspace/dataset/test/image-bug-710072.c.ifdefed" startline="36" endline="50" function="draw_aligned" hash="-8134426394648313992"></source>
			<source file="../../workspace/dataset/test/image-bug-710072.c.ifdefed" startline="52" endline="66" function="draw_unaligned" hash="4223415575736880757"></source>
		</class>
	</version>
</lineage>
<lineage>
	<version nr="8220" hash="426fe6fad" evolution="None" change="None">
		<class nclones="2">
			<source file="../../workspace/dataset/test/show-glyphs-many.c.ifdefed" startline="82" endline="109" function="get_glyph" hash="8697994889164133065"></source>
			<source file="../../workspace/dataset/test/show-glyphs-advance.c.ifdefed" startline="31" endline="58" function="get_glyph" hash="8697994889164133065"></source>
		</class>
	</version>
	<version nr="10840" hash="359afa3e8" evolution="Same" change="Same">
		<class nclones="2">
			<source file="../../workspace/dataset/test/show-glyphs-many.c.ifdefed" startline="82" endline="109" function="get_glyph" hash="8697994889164133065"></source>
			<source file="../../workspace/dataset/test/show-glyphs-advance.c.ifdefed" startline="31" endline="58" function="get_glyph" hash="8697994889164133065"></source>
		</class>
	</version>
</lineage>
<lineage>
	<version nr="8370" hash="524809759" evolution="None" change="None">
		<class nclones="2">
			<source file="../../workspace/dataset/test/clip-complex-shape.c.ifdefed" startline="70" endline="85" function="clip_eo_mono" hash="-190800272037663240"></source>
			<source file="../../workspace/dataset/test/clip-complex-shape.c.ifdefed" startline="87" endline="101" function="clip_eo_aa" hash="2796447407793769867"></source>
		</class>
	</version>
	<version nr="10840" hash="359afa3e8" evolution="Same" change="Same">
		<class nclones="2">
			<source file="../../workspace/dataset/test/clip-complex-shape.c.ifdefed" startline="70" endline="85" function="clip_eo_mono" hash="-190800272037663240"></source>
			<source file="../../workspace/dataset/test/clip-complex-shape.c.ifdefed" startline="87" endline="101" function="clip_eo_aa" hash="2796447407793769867"></source>
		</class>
	</version>
</lineage>
<lineage>
	<version nr="8380" hash="278686430" evolution="None" change="None">
		<class nclones="2">
			<source file="../../workspace/dataset/test/paint-clip-fill.c.ifdefed" startline="29" endline="51" function="rounded_rectangle" hash="3521022975579181529"></source>
			<source file="../../workspace/dataset/test/clip-complex-shape.c.ifdefed" startline="29" endline="51" function="rounded_rectangle" hash="3521022975579181529"></source>
		</class>
	</version>
	<version nr="10840" hash="359afa3e8" evolution="Same" change="Same">
		<class nclones="2">
			<source file="../../workspace/dataset/test/paint-clip-fill.c.ifdefed" startline="29" endline="51" function="rounded_rectangle" hash="3521022975579181529"></source>
			<source file="../../workspace/dataset/test/clip-complex-shape.c.ifdefed" startline="29" endline="51" function="rounded_rectangle" hash="3521022975579181529"></source>
		</class>
	</version>
</lineage>
<lineage>
	<version nr="8380" hash="278686430" evolution="None" change="None">
		<class nclones="2">
			<source file="../../workspace/dataset/test/paint-clip-fill.c.ifdefed" startline="53" endline="72" function="draw_mono" hash="-743441261870964549"></source>
			<source file="../../workspace/dataset/test/paint-clip-fill.c.ifdefed" startline="74" endline="93" function="draw_aa" hash="-3767869871801407244"></source>
		</class>
	</version>
	<version nr="10840" hash="359afa3e8" evolution="Same" change="Same">
		<class nclones="2">
			<source file="../../workspace/dataset/test/paint-clip-fill.c.ifdefed" startline="53" endline="72" function="draw_mono" hash="-743441261870964549"></source>
			<source file="../../workspace/dataset/test/paint-clip-fill.c.ifdefed" startline="74" endline="93" function="draw_aa" hash="-3767869871801407244"></source>
		</class>
	</version>
</lineage>
<lineage>
	<version nr="8430" hash="9b039a65a" evolution="None" change="None">
		<class nclones="2">
			<source file="../../workspace/dataset/test/rotated-clip.c.ifdefed" startline="38" endline="103" function="draw" hash="-6204927765957039734"></source>
			<source file="../../workspace/dataset/test/recording-surface-pattern.c.ifdefed" startline="40" endline="97" function="*create_pattern" hash="6734780230357160634"></source>
		</class>
	</version>
	<version nr="8510" hash="d2ea8bd07" evolution="Same" change="Same">
		<class nclones="2">
			<source file="../../workspace/dataset/test/rotated-clip.c.ifdefed" startline="38" endline="103" function="draw" hash="-6204927765957039734"></source>
			<source file="../../workspace/dataset/test/recording-surface-pattern.c.ifdefed" startline="40" endline="97" function="*create_pattern" hash="6734780230357160634"></source>
		</class>
	</version>
	<version nr="8520" hash="f6b30686c" evolution="Add" change="Same">
		<class nclones="3">
			<source file="../../workspace/dataset/test/rotated-clip.c.ifdefed" startline="38" endline="103" function="draw" hash="-6204927765957039734"></source>
			<source file="../../workspace/dataset/test/recording-surface-extend.c.ifdefed" startline="43" endline="100" function="*create_pattern" hash="6734780230357160634"></source>
			<source file="../../workspace/dataset/test/recording-surface-pattern.c.ifdefed" startline="40" endline="97" function="*create_pattern" hash="6734780230357160634"></source>
		</class>
	</version>
	<version nr="10840" hash="359afa3e8" evolution="Same" change="Same">
		<class nclones="3">
			<source file="../../workspace/dataset/test/rotated-clip.c.ifdefed" startline="38" endline="103" function="draw" hash="-6204927765957039734"></source>
			<source file="../../workspace/dataset/test/recording-surface-extend.c.ifdefed" startline="43" endline="100" function="*create_pattern" hash="6734780230357160634"></source>
			<source file="../../workspace/dataset/test/recording-surface-pattern.c.ifdefed" startline="40" endline="97" function="*create_pattern" hash="6734780230357160634"></source>
		</class>
	</version>
</lineage>
<lineage>
	<version nr="8430" hash="9b039a65a" evolution="None" change="None">
		<class nclones="2">
			<source file="../../workspace/dataset/test/recording-surface-pattern.c.ifdefed" startline="99" endline="122" function="over" hash="7857806699067765884"></source>
			<source file="../../workspace/dataset/test/recording-surface-pattern.c.ifdefed" startline="124" endline="148" function="source" hash="7293209574188502055"></source>
		</class>
	</version>
	<version nr="8510" hash="d2ea8bd07" evolution="Same" change="Same">
		<class nclones="2">
			<source file="../../workspace/dataset/test/recording-surface-pattern.c.ifdefed" startline="99" endline="122" function="over" hash="7857806699067765884"></source>
			<source file="../../workspace/dataset/test/recording-surface-pattern.c.ifdefed" startline="124" endline="148" function="source" hash="7293209574188502055"></source>
		</class>
	</version>
	<version nr="8520" hash="f6b30686c" evolution="Add" change="Same">
		<class nclones="3">
			<source file="../../workspace/dataset/test/recording-surface-extend.c.ifdefed" startline="102" endline="125" function="draw" hash="-405385579821597332"></source>
			<source file="../../workspace/dataset/test/recording-surface-pattern.c.ifdefed" startline="124" endline="148" function="source" hash="7293209574188502055"></source>
			<source file="../../workspace/dataset/test/recording-surface-pattern.c.ifdefed" startline="99" endline="122" function="over" hash="7857806699067765884"></source>
		</class>
	</version>
	<version nr="10840" hash="359afa3e8" evolution="Same" change="Same">
		<class nclones="3">
			<source file="../../workspace/dataset/test/recording-surface-extend.c.ifdefed" startline="102" endline="125" function="draw" hash="-405385579821597332"></source>
			<source file="../../workspace/dataset/test/recording-surface-pattern.c.ifdefed" startline="124" endline="148" function="source" hash="7293209574188502055"></source>
			<source file="../../workspace/dataset/test/recording-surface-pattern.c.ifdefed" startline="99" endline="122" function="over" hash="7857806699067765884"></source>
		</class>
	</version>
</lineage>
<lineage>
	<version nr="8440" hash="4d5c95f62" evolution="None" change="None">
		<class nclones="2">
			<source file="../../workspace/dataset/test/text-transform.c.ifdefed" startline="69" endline="97" function="draw" hash="7612450490157839369"></source>
			<source file="../../workspace/dataset/test/record.c.ifdefed" startline="297" endline="325" function="*text_transform" hash="85796569552342589"></source>
		</class>
	</version>
	<version nr="9130" hash="589216c1e" evolution="Same" change="Same">
		<class nclones="2">
			<source file="../../workspace/dataset/test/text-transform.c.ifdefed" startline="69" endline="97" function="draw" hash="7612450490157839369"></source>
			<source file="../../workspace/dataset/test/record.c.ifdefed" startline="297" endline="325" function="*text_transform" hash="85796569552342589"></source>
		</class>
	</version>
	<version nr="9140" hash="ef7e57f0f" evolution="Add" change="Inconsistent">
		<class nclones="5">
			<source file="../../workspace/dataset/test/record1414x.c.ifdefed" startline="303" endline="331" function="*text_transform" hash="2134928245209124067"></source>
			<source file="../../workspace/dataset/test/record.c.ifdefed" startline="297" endline="325" function="*text_transform" hash="2134928245209124067"></source>
			<source file="../../workspace/dataset/test/text-transform.c.ifdefed" startline="69" endline="97" function="draw" hash="7612450490157839369"></source>
			<source file="../../workspace/dataset/test/record2x.c.ifdefed" startline="299" endline="327" function="*text_transform" hash="2134928245209124067"></source>
			<source file="../../workspace/dataset/test/record90.c.ifdefed" startline="299" endline="327" function="*text_transform" hash="2134928245209124067"></source>
		</class>
	</version>
	<version nr="9740" hash="14237f114" evolution="Same" change="Same">
		<class nclones="5">
			<source file="../../workspace/dataset/test/record1414x.c.ifdefed" startline="303" endline="331" function="*text_transform" hash="2134928245209124067"></source>
			<source file="../../workspace/dataset/test/record.c.ifdefed" startline="299" endline="327" function="*text_transform" hash="2134928245209124067"></source>
			<source file="../../workspace/dataset/test/text-transform.c.ifdefed" startline="69" endline="97" function="draw" hash="7612450490157839369"></source>
			<source file="../../workspace/dataset/test/record2x.c.ifdefed" startline="299" endline="327" function="*text_transform" hash="2134928245209124067"></source>
			<source file="../../workspace/dataset/test/record90.c.ifdefed" startline="299" endline="327" function="*text_transform" hash="2134928245209124067"></source>
		</class>
	</version>
	<version nr="9750" hash="a8f1b456d" evolution="Add" change="Same">
		<class nclones="6">
			<source file="../../workspace/dataset/test/record1414x.c.ifdefed" startline="303" endline="331" function="*text_transform" hash="2134928245209124067"></source>
			<source file="../../workspace/dataset/test/record2x.c.ifdefed" startline="299" endline="327" function="*text_transform" hash="2134928245209124067"></source>
			<source file="../../workspace/dataset/test/text-transform.c.ifdefed" startline="69" endline="97" function="draw" hash="7612450490157839369"></source>
			<source file="../../workspace/dataset/test/record.c.ifdefed" startline="299" endline="327" function="*text_transform" hash="2134928245209124067"></source>
			<source file="../../workspace/dataset/test/recordflip.c.ifdefed" startline="297" endline="325" function="*text_transform" hash="2134928245209124067"></source>
			<source file="../../workspace/dataset/test/record90.c.ifdefed" startline="299" endline="327" function="*text_transform" hash="2134928245209124067"></source>
		</class>
	</version>
	<version nr="10840" hash="359afa3e8" evolution="Same" change="Same">
		<class nclones="6">
			<source file="../../workspace/dataset/test/record1414x.c.ifdefed" startline="303" endline="331" function="*text_transform" hash="2134928245209124067"></source>
			<source file="../../workspace/dataset/test/record2x.c.ifdefed" startline="299" endline="327" function="*text_transform" hash="2134928245209124067"></source>
			<source file="../../workspace/dataset/test/text-transform.c.ifdefed" startline="69" endline="97" function="draw" hash="7612450490157839369"></source>
			<source file="../../workspace/dataset/test/record.c.ifdefed" startline="299" endline="327" function="*text_transform" hash="2134928245209124067"></source>
			<source file="../../workspace/dataset/test/recordflip.c.ifdefed" startline="297" endline="325" function="*text_transform" hash="2134928245209124067"></source>
			<source file="../../workspace/dataset/test/record90.c.ifdefed" startline="299" endline="327" function="*text_transform" hash="2134928245209124067"></source>
		</class>
	</version>
</lineage>
<lineage>
	<version nr="8440" hash="4d5c95f62" evolution="None" change="None">
		<class nclones="2">
			<source file="../../workspace/dataset/test/record.c.ifdefed" startline="229" endline="261" function="*self_intersecting" hash="-6786176066750849394"></source>
			<source file="../../workspace/dataset/test/self-intersecting.c.ifdefed" startline="47" endline="79" function="draw" hash="-6894289102030032439"></source>
		</class>
	</version>
	<version nr="9130" hash="589216c1e" evolution="Same" change="Same">
		<class nclones="2">
			<source file="../../workspace/dataset/test/record.c.ifdefed" startline="229" endline="261" function="*self_intersecting" hash="-6786176066750849394"></source>
			<source file="../../workspace/dataset/test/self-intersecting.c.ifdefed" startline="47" endline="79" function="draw" hash="-6894289102030032439"></source>
		</class>
	</version>
	<version nr="9140" hash="ef7e57f0f" evolution="Add" change="Same">
		<class nclones="5">
			<source file="../../workspace/dataset/test/record1414x.c.ifdefed" startline="235" endline="267" function="*self_intersecting" hash="-6786176066750849394"></source>
			<source file="../../workspace/dataset/test/self-intersecting.c.ifdefed" startline="47" endline="79" function="draw" hash="-6894289102030032439"></source>
			<source file="../../workspace/dataset/test/record90.c.ifdefed" startline="231" endline="263" function="*self_intersecting" hash="-6786176066750849394"></source>
			<source file="../../workspace/dataset/test/record.c.ifdefed" startline="229" endline="261" function="*self_intersecting" hash="-6786176066750849394"></source>
			<source file="../../workspace/dataset/test/record2x.c.ifdefed" startline="231" endline="263" function="*self_intersecting" hash="-6786176066750849394"></source>
		</class>
	</version>
	<version nr="9740" hash="14237f114" evolution="Same" change="Same">
		<class nclones="5">
			<source file="../../workspace/dataset/test/record1414x.c.ifdefed" startline="235" endline="267" function="*self_intersecting" hash="-6786176066750849394"></source>
			<source file="../../workspace/dataset/test/self-intersecting.c.ifdefed" startline="47" endline="79" function="draw" hash="-6894289102030032439"></source>
			<source file="../../workspace/dataset/test/record90.c.ifdefed" startline="231" endline="263" function="*self_intersecting" hash="-6786176066750849394"></source>
			<source file="../../workspace/dataset/test/record.c.ifdefed" startline="231" endline="263" function="*self_intersecting" hash="-6786176066750849394"></source>
			<source file="../../workspace/dataset/test/record2x.c.ifdefed" startline="231" endline="263" function="*self_intersecting" hash="-6786176066750849394"></source>
		</class>
	</version>
	<version nr="9750" hash="a8f1b456d" evolution="Add" change="Same">
		<class nclones="6">
			<source file="../../workspace/dataset/test/record1414x.c.ifdefed" startline="235" endline="267" function="*self_intersecting" hash="-6786176066750849394"></source>
			<source file="../../workspace/dataset/test/record2x.c.ifdefed" startline="231" endline="263" function="*self_intersecting" hash="-6786176066750849394"></source>
			<source file="../../workspace/dataset/test/recordflip.c.ifdefed" startline="229" endline="261" function="*self_intersecting" hash="-6786176066750849394"></source>
			<source file="../../workspace/dataset/test/record90.c.ifdefed" startline="231" endline="263" function="*self_intersecting" hash="-6786176066750849394"></source>
			<source file="../../workspace/dataset/test/record.c.ifdefed" startline="231" endline="263" function="*self_intersecting" hash="-6786176066750849394"></source>
			<source file="../../workspace/dataset/test/self-intersecting.c.ifdefed" startline="47" endline="79" function="draw" hash="-6894289102030032439"></source>
		</class>
	</version>
	<version nr="10840" hash="359afa3e8" evolution="Same" change="Same">
		<class nclones="6">
			<source file="../../workspace/dataset/test/record1414x.c.ifdefed" startline="235" endline="267" function="*self_intersecting" hash="-6786176066750849394"></source>
			<source file="../../workspace/dataset/test/record2x.c.ifdefed" startline="231" endline="263" function="*self_intersecting" hash="-6786176066750849394"></source>
			<source file="../../workspace/dataset/test/recordflip.c.ifdefed" startline="229" endline="261" function="*self_intersecting" hash="-6786176066750849394"></source>
			<source file="../../workspace/dataset/test/record90.c.ifdefed" startline="231" endline="263" function="*self_intersecting" hash="-6786176066750849394"></source>
			<source file="../../workspace/dataset/test/record.c.ifdefed" startline="231" endline="263" function="*self_intersecting" hash="-6786176066750849394"></source>
			<source file="../../workspace/dataset/test/self-intersecting.c.ifdefed" startline="47" endline="79" function="draw" hash="-6894289102030032439"></source>
		</class>
	</version>
</lineage>
<lineage>
	<version nr="8530" hash="c0407e84e" evolution="None" change="None">
		<class nclones="2">
			<source file="../../workspace/dataset/test/extended-blend.c.ifdefed" startline="122" endline="140" function="do_blend" hash="-8941985339686932576"></source>
			<source file="../../workspace/dataset/test/extended-blend.c.ifdefed" startline="142" endline="160" function="do_blend_mask" hash="-5653477019547727502"></source>
		</class>
	</version>
	<version nr="10500" hash="5a4a86c27" evolution="Same" change="Same">
		<class nclones="2">
			<source file="../../workspace/dataset/test/extended-blend.c.ifdefed" startline="122" endline="140" function="do_blend" hash="-8941985339686932576"></source>
			<source file="../../workspace/dataset/test/extended-blend.c.ifdefed" startline="142" endline="160" function="do_blend_mask" hash="-5653477019547727502"></source>
		</class>
	</version>
	<version nr="10510" hash="78a5d543b" evolution="Same" change="Consistent">
		<class nclones="2">
			<source file="../../workspace/dataset/test/extended-blend.c.ifdefed" startline="121" endline="138" function="do_blend" hash="3141468226167971641"></source>
			<source file="../../workspace/dataset/test/extended-blend.c.ifdefed" startline="140" endline="157" function="do_blend_mask" hash="1169032882151607269"></source>
		</class>
	</version>
	<version nr="10840" hash="359afa3e8" evolution="Same" change="Same">
		<class nclones="2">
			<source file="../../workspace/dataset/test/extended-blend.c.ifdefed" startline="121" endline="138" function="do_blend" hash="3141468226167971641"></source>
			<source file="../../workspace/dataset/test/extended-blend.c.ifdefed" startline="140" endline="157" function="do_blend_mask" hash="1169032882151607269"></source>
		</class>
	</version>
</lineage>
<lineage>
	<version nr="8570" hash="f646cb07a" evolution="None" change="None">
		<class nclones="3">
			<source file="../../workspace/dataset/test/joins-star.c.ifdefed" startline="73" endline="91" function="draw" hash="6828584116917862904"></source>
			<source file="../../workspace/dataset/test/joins-retrace.c.ifdefed" startline="83" endline="101" function="draw" hash="6828584116917862904"></source>
			<source file="../../workspace/dataset/test/joins-loop.c.ifdefed" startline="74" endline="92" function="draw" hash="6828584116917862904"></source>
		</class>
	</version>
	<version nr="10840" hash="359afa3e8" evolution="Same" change="Same">
		<class nclones="3">
			<source file="../../workspace/dataset/test/joins-star.c.ifdefed" startline="73" endline="91" function="draw" hash="6828584116917862904"></source>
			<source file="../../workspace/dataset/test/joins-loop.c.ifdefed" startline="74" endline="92" function="draw" hash="6828584116917862904"></source>
			<source file="../../workspace/dataset/test/joins-retrace.c.ifdefed" startline="83" endline="101" function="draw" hash="6828584116917862904"></source>
		</class>
	</version>
</lineage>
<lineage>
	<version nr="8600" hash="be1ff2f45" evolution="None" change="None">
		<class nclones="2">
			<source file="../../workspace/dataset/test/record.c.ifdefed" startline="353" endline="376" function="record_replay" hash="-6261222149156276020"></source>
			<source file="../../workspace/dataset/test/record-extend.c.ifdefed" startline="148" endline="171" function="record_replay" hash="-6261222149156276020"></source>
		</class>
	</version>
	<version nr="8680" hash="4d6c62514" evolution="Same" change="Same">
		<class nclones="2">
			<source file="../../workspace/dataset/test/record.c.ifdefed" startline="353" endline="376" function="record_replay" hash="-6261222149156276020"></source>
			<source file="../../workspace/dataset/test/record-extend.c.ifdefed" startline="148" endline="171" function="record_replay" hash="-6261222149156276020"></source>
		</class>
	</version>
	<version nr="8690" hash="ba1060fbb" evolution="Add" change="Same">
		<class nclones="3">
			<source file="../../workspace/dataset/test/record.c.ifdefed" startline="353" endline="376" function="record_replay" hash="-6261222149156276020"></source>
			<source file="../../workspace/dataset/test/record-mesh.c.ifdefed" startline="129" endline="152" function="record_replay" hash="-6261222149156276020"></source>
			<source file="../../workspace/dataset/test/record-extend.c.ifdefed" startline="163" endline="190" function="record_replay" hash="-6542706791056249451"></source>
		</class>
	</version>
	<version nr="9130" hash="589216c1e" evolution="Same" change="Same">
		<class nclones="3">
			<source file="../../workspace/dataset/test/record.c.ifdefed" startline="353" endline="376" function="record_replay" hash="-6261222149156276020"></source>
			<source file="../../workspace/dataset/test/record-extend.c.ifdefed" startline="163" endline="190" function="record_replay" hash="-6542706791056249451"></source>
			<source file="../../workspace/dataset/test/record-mesh.c.ifdefed" startline="129" endline="152" function="record_replay" hash="-6261222149156276020"></source>
		</class>
	</version>
	<version nr="9140" hash="ef7e57f0f" evolution="Add" change="Same">
		<class nclones="6">
			<source file="../../workspace/dataset/test/record1414x.c.ifdefed" startline="359" endline="388" function="record_replay" hash="818420021735494545"></source>
			<source file="../../workspace/dataset/test/record90.c.ifdefed" startline="355" endline="386" function="record_replay" hash="-5173530337374361461"></source>
			<source file="../../workspace/dataset/test/record2x.c.ifdefed" startline="355" endline="384" function="record_replay" hash="-6471540553115156627"></source>
			<source file="../../workspace/dataset/test/record.c.ifdefed" startline="353" endline="376" function="record_replay" hash="-6261222149156276020"></source>
			<source file="../../workspace/dataset/test/record-mesh.c.ifdefed" startline="129" endline="152" function="record_replay" hash="-6261222149156276020"></source>
			<source file="../../workspace/dataset/test/record-extend.c.ifdefed" startline="163" endline="190" function="record_replay" hash="-6542706791056249451"></source>
		</class>
	</version>
	<version nr="9150" hash="705cd6e1c" evolution="Same" change="Inconsistent">
		<class nclones="6">
			<source file="../../workspace/dataset/test/record1414x.c.ifdefed" startline="359" endline="389" function="record_replay" hash="-5658527330816500103"></source>
			<source file="../../workspace/dataset/test/record90.c.ifdefed" startline="355" endline="386" function="record_replay" hash="-5173530337374361461"></source>
			<source file="../../workspace/dataset/test/record2x.c.ifdefed" startline="355" endline="384" function="record_replay" hash="-6471540553115156627"></source>
			<source file="../../workspace/dataset/test/record.c.ifdefed" startline="355" endline="382" function="record_replay" hash="1656172586513071788"></source>
			<source file="../../workspace/dataset/test/record-mesh.c.ifdefed" startline="129" endline="152" function="record_replay" hash="-6261222149156276020"></source>
			<source file="../../workspace/dataset/test/record-extend.c.ifdefed" startline="163" endline="190" function="record_replay" hash="-6542706791056249451"></source>
		</class>
	</version>
	<version nr="9740" hash="14237f114" evolution="Same" change="Same">
		<class nclones="6">
			<source file="../../workspace/dataset/test/record1414x.c.ifdefed" startline="359" endline="389" function="record_replay" hash="-5658527330816500103"></source>
			<source file="../../workspace/dataset/test/record90.c.ifdefed" startline="355" endline="386" function="record_replay" hash="-5173530337374361461"></source>
			<source file="../../workspace/dataset/test/record2x.c.ifdefed" startline="355" endline="384" function="record_replay" hash="-6471540553115156627"></source>
			<source file="../../workspace/dataset/test/record.c.ifdefed" startline="355" endline="382" function="record_replay" hash="1656172586513071788"></source>
			<source file="../../workspace/dataset/test/record-mesh.c.ifdefed" startline="129" endline="152" function="record_replay" hash="-6261222149156276020"></source>
			<source file="../../workspace/dataset/test/record-extend.c.ifdefed" startline="163" endline="190" function="record_replay" hash="-6542706791056249451"></source>
		</class>
	</version>
	<version nr="9750" hash="a8f1b456d" evolution="Add" change="Same">
		<class nclones="7">
			<source file="../../workspace/dataset/test/record1414x.c.ifdefed" startline="359" endline="389" function="record_replay" hash="-5658527330816500103"></source>
			<source file="../../workspace/dataset/test/record2x.c.ifdefed" startline="355" endline="384" function="record_replay" hash="-6471540553115156627"></source>
			<source file="../../workspace/dataset/test/record.c.ifdefed" startline="355" endline="382" function="record_replay" hash="1656172586513071788"></source>
			<source file="../../workspace/dataset/test/record90.c.ifdefed" startline="355" endline="386" function="record_replay" hash="-5173530337374361461"></source>
			<source file="../../workspace/dataset/test/record-extend.c.ifdefed" startline="163" endline="190" function="record_replay" hash="-6542706791056249451"></source>
			<source file="../../workspace/dataset/test/recordflip.c.ifdefed" startline="353" endline="384" function="record_replay" hash="-4006313988017117186"></source>
			<source file="../../workspace/dataset/test/record-mesh.c.ifdefed" startline="129" endline="152" function="record_replay" hash="-6261222149156276020"></source>
		</class>
	</version>
	<version nr="10050" hash="06b9f8fa2" evolution="Same" change="Same">
		<class nclones="7">
			<source file="../../workspace/dataset/test/record1414x.c.ifdefed" startline="359" endline="389" function="record_replay" hash="-5658527330816500103"></source>
			<source file="../../workspace/dataset/test/record2x.c.ifdefed" startline="355" endline="384" function="record_replay" hash="-6471540553115156627"></source>
			<source file="../../workspace/dataset/test/record.c.ifdefed" startline="355" endline="382" function="record_replay" hash="1656172586513071788"></source>
			<source file="../../workspace/dataset/test/record90.c.ifdefed" startline="355" endline="386" function="record_replay" hash="-5173530337374361461"></source>
			<source file="../../workspace/dataset/test/record-extend.c.ifdefed" startline="163" endline="190" function="record_replay" hash="-6542706791056249451"></source>
			<source file="../../workspace/dataset/test/recordflip.c.ifdefed" startline="353" endline="384" function="record_replay" hash="-4006313988017117186"></source>
			<source file="../../workspace/dataset/test/record-mesh.c.ifdefed" startline="129" endline="152" function="record_replay" hash="-6261222149156276020"></source>
		</class>
	</version>
	<version nr="10060" hash="2144e7f48" evolution="Same" change="Inconsistent">
		<class nclones="7">
			<source file="../../workspace/dataset/test/record1414x.c.ifdefed" startline="359" endline="389" function="record_replay" hash="-5658527330816500103"></source>
			<source file="../../workspace/dataset/test/record-mesh.c.ifdefed" startline="129" endline="152" function="record_replay" hash="-6261222149156276020"></source>
			<source file="../../workspace/dataset/test/record2x.c.ifdefed" startline="355" endline="384" function="record_replay" hash="-6471540553115156627"></source>
			<source file="../../workspace/dataset/test/recordflip.c.ifdefed" startline="353" endline="436" function="record_replay" hash="2047155816382749050"></source>
			<source file="../../workspace/dataset/test/record90.c.ifdefed" startline="355" endline="386" function="record_replay" hash="-5173530337374361461"></source>
			<source file="../../workspace/dataset/test/record-extend.c.ifdefed" startline="163" endline="190" function="record_replay" hash="-6542706791056249451"></source>
			<source file="../../workspace/dataset/test/record.c.ifdefed" startline="355" endline="382" function="record_replay" hash="1656172586513071788"></source>
		</class>
	</version>
	<version nr="10840" hash="359afa3e8" evolution="Same" change="Same">
		<class nclones="7">
			<source file="../../workspace/dataset/test/record1414x.c.ifdefed" startline="359" endline="389" function="record_replay" hash="-5658527330816500103"></source>
			<source file="../../workspace/dataset/test/record90.c.ifdefed" startline="355" endline="386" function="record_replay" hash="-5173530337374361461"></source>
			<source file="../../workspace/dataset/test/recordflip.c.ifdefed" startline="353" endline="436" function="record_replay" hash="2047155816382749050"></source>
			<source file="../../workspace/dataset/test/record.c.ifdefed" startline="355" endline="382" function="record_replay" hash="1656172586513071788"></source>
			<source file="../../workspace/dataset/test/record-mesh.c.ifdefed" startline="129" endline="152" function="record_replay" hash="-6261222149156276020"></source>
			<source file="../../workspace/dataset/test/record2x.c.ifdefed" startline="355" endline="384" function="record_replay" hash="-6471540553115156627"></source>
			<source file="../../workspace/dataset/test/record-extend.c.ifdefed" startline="163" endline="190" function="record_replay" hash="-6542706791056249451"></source>
		</class>
	</version>
</lineage>
<lineage>
	<version nr="8610" hash="7a17e4362" evolution="None" change="None">
		<class nclones="2">
			<source file="../../workspace/dataset/test/line-width.c.ifdefed" startline="33" endline="57" function="draw_a8" hash="9048726451904580372"></source>
			<source file="../../workspace/dataset/test/line-width.c.ifdefed" startline="59" endline="85" function="draw_a1" hash="-6503826222165478876"></source>
		</class>
	</version>
</lineage>
<lineage>
	<version nr="8690" hash="ba1060fbb" evolution="None" change="None">
		<class nclones="3">
			<source file="../../workspace/dataset/test/rotate-image-surface-paint.c.ifdefed" startline="67" endline="91" function="draw" hash="-4078982674021862169"></source>
			<source file="../../workspace/dataset/test/rotate-image-surface-paint.c.ifdefed" startline="93" endline="120" function="clip_draw" hash="-6551785162856277357"></source>
			<source file="../../workspace/dataset/test/rotate-image-surface-paint.c.ifdefed" startline="122" endline="149" function="draw_clip" hash="5571510966017389429"></source>
		</class>
	</version>
	<version nr="10840" hash="359afa3e8" evolution="Same" change="Same">
		<class nclones="3">
			<source file="../../workspace/dataset/test/rotate-image-surface-paint.c.ifdefed" startline="67" endline="91" function="draw" hash="-4078982674021862169"></source>
			<source file="../../workspace/dataset/test/rotate-image-surface-paint.c.ifdefed" startline="93" endline="120" function="clip_draw" hash="-6551785162856277357"></source>
			<source file="../../workspace/dataset/test/rotate-image-surface-paint.c.ifdefed" startline="122" endline="149" function="draw_clip" hash="5571510966017389429"></source>
		</class>
	</version>
</lineage>
<lineage>
	<version nr="8700" hash="7ae2708fc" evolution="None" change="None">
		<class nclones="4">
			<source file="../../workspace/dataset/test/big-empty-box.c.ifdefed" startline="38" endline="57" function="draw" hash="5947378309108917308"></source>
			<source file="../../workspace/dataset/test/big-empty-triangle.c.ifdefed" startline="49" endline="68" function="draw" hash="-1246019579422455958"></source>
			<source file="../../workspace/dataset/test/big-little-box.c.ifdefed" startline="42" endline="62" function="draw" hash="-7229246490395523743"></source>
			<source file="../../workspace/dataset/test/big-little-triangle.c.ifdefed" startline="49" endline="69" function="draw" hash="-2287752606077823394"></source>
		</class>
	</version>
	<version nr="10840" hash="359afa3e8" evolution="Same" change="Same">
		<class nclones="4">
			<source file="../../workspace/dataset/test/big-empty-box.c.ifdefed" startline="38" endline="57" function="draw" hash="5947378309108917308"></source>
			<source file="../../workspace/dataset/test/big-empty-triangle.c.ifdefed" startline="49" endline="68" function="draw" hash="-1246019579422455958"></source>
			<source file="../../workspace/dataset/test/big-little-triangle.c.ifdefed" startline="49" endline="69" function="draw" hash="-2287752606077823394"></source>
			<source file="../../workspace/dataset/test/big-little-box.c.ifdefed" startline="42" endline="62" function="draw" hash="-7229246490395523743"></source>
		</class>
	</version>
</lineage>
<lineage>
	<version nr="8750" hash="7b6586a73" evolution="None" change="None">
		<class nclones="2">
			<source file="../../workspace/dataset/test/test-compositor-surface.c.ifdefed" startline="52" endline="96" function="*test_compositor_surface_create" hash="1657770937341533486"></source>
			<source file="../../workspace/dataset/test/test-null-compositor-surface.c.ifdefed" startline="55" endline="99" function="*test_compositor_surface_create" hash="1657770937341533486"></source>
		</class>
	</version>
	<version nr="10220" hash="2c45fdfc1" evolution="Same" change="Same">
		<class nclones="2">
			<source file="../../workspace/dataset/test/test-compositor-surface.c.ifdefed" startline="52" endline="96" function="*test_compositor_surface_create" hash="1657770937341533486"></source>
			<source file="../../workspace/dataset/test/test-null-compositor-surface.c.ifdefed" startline="55" endline="99" function="*test_compositor_surface_create" hash="1657770937341533486"></source>
		</class>
	</version>
	<version nr="10230" hash="d7371acfe" evolution="Same" change="Consistent">
		<class nclones="2">
			<source file="../../workspace/dataset/test/test-compositor-surface.c.ifdefed" startline="52" endline="97" function="*test_compositor_surface_create" hash="3893244231042702024"></source>
			<source file="../../workspace/dataset/test/test-null-compositor-surface.c.ifdefed" startline="55" endline="100" function="*test_compositor_surface_create" hash="3893244231042702024"></source>
		</class>
	</version>
	<version nr="10480" hash="dcafd9e68" evolution="Same" change="Same">
		<class nclones="2">
			<source file="../../workspace/dataset/test/test-compositor-surface.c.ifdefed" startline="52" endline="97" function="*test_compositor_surface_create" hash="3893244231042702024"></source>
			<source file="../../workspace/dataset/test/test-null-compositor-surface.c.ifdefed" startline="55" endline="100" function="*test_compositor_surface_create" hash="3893244231042702024"></source>
		</class>
	</version>
	<version nr="10490" hash="d4355ecee" evolution="Same" change="Consistent">
		<class nclones="2">
			<source file="../../workspace/dataset/test/test-compositor-surface.c.ifdefed" startline="52" endline="97" function="*test_compositor_surface_create" hash="-6969827563976399227"></source>
			<source file="../../workspace/dataset/test/test-null-compositor-surface.c.ifdefed" startline="55" endline="100" function="*test_compositor_surface_create" hash="-6969827563976399227"></source>
		</class>
	</version>
	<version nr="10840" hash="359afa3e8" evolution="Same" change="Same">
		<class nclones="2">
			<source file="../../workspace/dataset/test/test-compositor-surface.c.ifdefed" startline="52" endline="97" function="*test_compositor_surface_create" hash="-6969827563976399227"></source>
			<source file="../../workspace/dataset/test/test-null-compositor-surface.c.ifdefed" startline="55" endline="100" function="*test_compositor_surface_create" hash="-6969827563976399227"></source>
		</class>
	</version>
</lineage>
<lineage>
	<version nr="8750" hash="7b6586a73" evolution="None" change="None">
		<class nclones="2">
			<source file="../../workspace/dataset/test/test-base-compositor-surface.c.ifdefed" startline="245" endline="282" function="clip_and_composite_with_mask" hash="-2109414713749884352"></source>
			<source file="../../workspace/dataset/test/test-base-compositor-surface.c.ifdefed" startline="348" endline="392" function="clip_and_composite_source" hash="-9080095977829085772"></source>
		</class>
	</version>
	<version nr="9150" hash="705cd6e1c" evolution="Same" change="Same">
		<class nclones="2">
			<source file="../../workspace/dataset/test/test-base-compositor-surface.c.ifdefed" startline="245" endline="282" function="clip_and_composite_with_mask" hash="-2109414713749884352"></source>
			<source file="../../workspace/dataset/test/test-base-compositor-surface.c.ifdefed" startline="348" endline="392" function="clip_and_composite_source" hash="-9080095977829085772"></source>
		</class>
	</version>
	<version nr="9160" hash="aed5a1cf1" evolution="Same" change="Consistent">
		<class nclones="2">
			<source file="../../workspace/dataset/test/test-base-compositor-surface.c.ifdefed" startline="183" endline="222" function="clip_and_composite_with_mask" hash="661931059944153262"></source>
			<source file="../../workspace/dataset/test/test-base-compositor-surface.c.ifdefed" startline="291" endline="337" function="clip_and_composite_source" hash="-6482299187814826622"></source>
		</class>
	</version>
	<version nr="10840" hash="359afa3e8" evolution="Same" change="Same">
		<class nclones="2">
			<source file="../../workspace/dataset/test/test-base-compositor-surface.c.ifdefed" startline="183" endline="222" function="clip_and_composite_with_mask" hash="661931059944153262"></source>
			<source file="../../workspace/dataset/test/test-base-compositor-surface.c.ifdefed" startline="291" endline="337" function="clip_and_composite_source" hash="-6482299187814826622"></source>
		</class>
	</version>
</lineage>
<lineage>
	<version nr="8750" hash="7b6586a73" evolution="None" change="None">
		<class nclones="2">
			<source file="../../workspace/dataset/test/test-base-compositor-surface.c.ifdefed" startline="576" endline="617" function="composite_mask" hash="-6364919434003365303"></source>
			<source file="../../workspace/dataset/test/test-base-compositor-surface.c.ifdefed" startline="631" endline="672" function="composite_traps" hash="136378156956086508"></source>
		</class>
	</version>
	<version nr="9150" hash="705cd6e1c" evolution="Same" change="Same">
		<class nclones="2">
			<source file="../../workspace/dataset/test/test-base-compositor-surface.c.ifdefed" startline="576" endline="617" function="composite_mask" hash="-6364919434003365303"></source>
			<source file="../../workspace/dataset/test/test-base-compositor-surface.c.ifdefed" startline="631" endline="672" function="composite_traps" hash="136378156956086508"></source>
		</class>
	</version>
	<version nr="9160" hash="aed5a1cf1" evolution="Same" change="Consistent">
		<class nclones="2">
			<source file="../../workspace/dataset/test/test-base-compositor-surface.c.ifdefed" startline="532" endline="575" function="composite_mask" hash="3979597822627993727"></source>
			<source file="../../workspace/dataset/test/test-base-compositor-surface.c.ifdefed" startline="590" endline="633" function="composite_traps" hash="4229502678032763594"></source>
		</class>
	</version>
	<version nr="10840" hash="359afa3e8" evolution="Same" change="Same">
		<class nclones="2">
			<source file="../../workspace/dataset/test/test-base-compositor-surface.c.ifdefed" startline="532" endline="575" function="composite_mask" hash="3979597822627993727"></source>
			<source file="../../workspace/dataset/test/test-base-compositor-surface.c.ifdefed" startline="590" endline="633" function="composite_traps" hash="4229502678032763594"></source>
		</class>
	</version>
</lineage>
<lineage>
	<version nr="8750" hash="7b6586a73" evolution="None" change="None">
		<class nclones="2">
			<source file="../../workspace/dataset/test/test-base-compositor-surface.c.ifdefed" startline="687" endline="713" function="base_compositor_stroke" hash="6640502199257848408"></source>
			<source file="../../workspace/dataset/test/test-base-compositor-surface.c.ifdefed" startline="715" endline="738" function="base_compositor_fill" hash="3743952799090702809"></source>
		</class>
	</version>
	<version nr="9150" hash="705cd6e1c" evolution="Same" change="Same">
		<class nclones="2">
			<source file="../../workspace/dataset/test/test-base-compositor-surface.c.ifdefed" startline="687" endline="713" function="base_compositor_stroke" hash="6640502199257848408"></source>
			<source file="../../workspace/dataset/test/test-base-compositor-surface.c.ifdefed" startline="715" endline="738" function="base_compositor_fill" hash="3743952799090702809"></source>
		</class>
	</version>
	<version nr="9160" hash="aed5a1cf1" evolution="Same" change="Consistent">
		<class nclones="2">
			<source file="../../workspace/dataset/test/test-base-compositor-surface.c.ifdefed" startline="648" endline="676" function="base_compositor_stroke" hash="-4271050870968101706"></source>
			<source file="../../workspace/dataset/test/test-base-compositor-surface.c.ifdefed" startline="678" endline="703" function="base_compositor_fill" hash="-2160070701626218453"></source>
		</class>
	</version>
	<version nr="9640" hash="c29ab389f" evolution="Same" change="Same">
		<class nclones="2">
			<source file="../../workspace/dataset/test/test-base-compositor-surface.c.ifdefed" startline="648" endline="676" function="base_compositor_stroke" hash="-4271050870968101706"></source>
			<source file="../../workspace/dataset/test/test-base-compositor-surface.c.ifdefed" startline="678" endline="703" function="base_compositor_fill" hash="-2160070701626218453"></source>
		</class>
	</version>
	<version nr="9650" hash="5e9083f88" evolution="Same" change="Inconsistent">
		<class nclones="2">
			<source file="../../workspace/dataset/test/test-base-compositor-surface.c.ifdefed" startline="648" endline="676" function="base_compositor_stroke" hash="3112759832114783337"></source>
			<source file="../../workspace/dataset/test/test-base-compositor-surface.c.ifdefed" startline="678" endline="703" function="base_compositor_fill" hash="-2160070701626218453"></source>
		</class>
	</version>
	<version nr="10840" hash="359afa3e8" evolution="Same" change="Same">
		<class nclones="2">
			<source file="../../workspace/dataset/test/test-base-compositor-surface.c.ifdefed" startline="648" endline="676" function="base_compositor_stroke" hash="3112759832114783337"></source>
			<source file="../../workspace/dataset/test/test-base-compositor-surface.c.ifdefed" startline="678" endline="703" function="base_compositor_fill" hash="-2160070701626218453"></source>
		</class>
	</version>
</lineage>
<lineage>
	<version nr="8810" hash="a1be14693" evolution="None" change="None">
		<class nclones="2">
			<source file="../../workspace/dataset/test/test-base-compositor-surface.c.ifdefed" startline="192" endline="235" function="*get_clip_surface" hash="1162430557626544199"></source>
			<source file="../../workspace/dataset/test/test-base-compositor-surface.c.ifdefed" startline="237" endline="285" function="*create_composite_mask" hash="61097624890789721"></source>
		</class>
	</version>
	<version nr="9150" hash="705cd6e1c" evolution="Same" change="Same">
		<class nclones="2">
			<source file="../../workspace/dataset/test/test-base-compositor-surface.c.ifdefed" startline="192" endline="235" function="*get_clip_surface" hash="1162430557626544199"></source>
			<source file="../../workspace/dataset/test/test-base-compositor-surface.c.ifdefed" startline="237" endline="285" function="*create_composite_mask" hash="61097624890789721"></source>
		</class>
	</version>
</lineage>
<lineage>
	<version nr="8850" hash="9a366cff2" evolution="None" change="None">
		<class nclones="2">
			<source file="../../workspace/dataset/test/subsurface-scale.c.ifdefed" startline="28" endline="86" function="draw" hash="496983229011514064"></source>
			<source file="../../workspace/dataset/test/subsurface.c.ifdefed" startline="28" endline="78" function="draw" hash="-5275340436596836733"></source>
		</class>
	</version>
	<version nr="10670" hash="cb3618f76" evolution="Same" change="Same">
		<class nclones="2">
			<source file="../../workspace/dataset/test/subsurface-scale.c.ifdefed" startline="28" endline="86" function="draw" hash="496983229011514064"></source>
			<source file="../../workspace/dataset/test/subsurface.c.ifdefed" startline="28" endline="78" function="draw" hash="-5275340436596836733"></source>
		</class>
	</version>
	<version nr="10680" hash="0224c7802" evolution="Same" change="Inconsistent">
		<class nclones="2">
			<source file="../../workspace/dataset/test/subsurface-scale.c.ifdefed" startline="28" endline="86" function="draw" hash="496983229011514064"></source>
			<source file="../../workspace/dataset/test/subsurface.c.ifdefed" startline="28" endline="78" function="draw" hash="-8751201680080487155"></source>
		</class>
	</version>
	<version nr="10840" hash="359afa3e8" evolution="Same" change="Same">
		<class nclones="2">
			<source file="../../workspace/dataset/test/subsurface-scale.c.ifdefed" startline="28" endline="86" function="draw" hash="496983229011514064"></source>
			<source file="../../workspace/dataset/test/subsurface.c.ifdefed" startline="28" endline="78" function="draw" hash="-8751201680080487155"></source>
		</class>
	</version>
</lineage>
<lineage>
	<version nr="9010" hash="f446e57f3" evolution="None" change="None">
		<class nclones="2">
			<source file="../../workspace/dataset/test/large-source-roi.c.ifdefed" startline="28" endline="44" function="*create_large_source" hash="1246035749556634078"></source>
			<source file="../../workspace/dataset/test/copy-disjoint.c.ifdefed" startline="37" endline="56" function="*create_source" hash="8663441497327526963"></source>
		</class>
	</version>
	<version nr="9380" hash="707bb8663" evolution="Same" change="Same">
		<class nclones="2">
			<source file="../../workspace/dataset/test/large-source-roi.c.ifdefed" startline="28" endline="44" function="*create_large_source" hash="1246035749556634078"></source>
			<source file="../../workspace/dataset/test/copy-disjoint.c.ifdefed" startline="37" endline="56" function="*create_source" hash="8663441497327526963"></source>
		</class>
	</version>
	<version nr="9390" hash="3ae8bce83" evolution="Add" change="Same">
		<class nclones="3">
			<source file="../../workspace/dataset/test/xcb-snapshot-assert.c.ifdefed" startline="30" endline="48" function="*create_image" hash="-2097627625678681308"></source>
			<source file="../../workspace/dataset/test/copy-disjoint.c.ifdefed" startline="37" endline="56" function="*create_source" hash="8663441497327526963"></source>
			<source file="../../workspace/dataset/test/large-source-roi.c.ifdefed" startline="28" endline="44" function="*create_large_source" hash="1246035749556634078"></source>
		</class>
	</version>
	<version nr="10840" hash="359afa3e8" evolution="Same" change="Same">
		<class nclones="3">
			<source file="../../workspace/dataset/test/xcb-snapshot-assert.c.ifdefed" startline="30" endline="48" function="*create_image" hash="-2097627625678681308"></source>
			<source file="../../workspace/dataset/test/copy-disjoint.c.ifdefed" startline="37" endline="56" function="*create_source" hash="8663441497327526963"></source>
			<source file="../../workspace/dataset/test/large-source-roi.c.ifdefed" startline="28" endline="44" function="*create_large_source" hash="1246035749556634078"></source>
		</class>
	</version>
</lineage>
<lineage>
	<version nr="9140" hash="ef7e57f0f" evolution="None" change="None">
		<class nclones="4">
			<source file="../../workspace/dataset/test/record1414x.c.ifdefed" startline="269" endline="301" function="draw_text_transform" hash="-4024914035444429842"></source>
			<source file="../../workspace/dataset/test/record2x.c.ifdefed" startline="265" endline="297" function="draw_text_transform" hash="-4024914035444429842"></source>
			<source file="../../workspace/dataset/test/record90.c.ifdefed" startline="265" endline="297" function="draw_text_transform" hash="-4024914035444429842"></source>
			<source file="../../workspace/dataset/test/record.c.ifdefed" startline="263" endline="295" function="draw_text_transform" hash="-4024914035444429842"></source>
		</class>
	</version>
	<version nr="9740" hash="14237f114" evolution="Same" change="Same">
		<class nclones="4">
			<source file="../../workspace/dataset/test/record1414x.c.ifdefed" startline="269" endline="301" function="draw_text_transform" hash="-4024914035444429842"></source>
			<source file="../../workspace/dataset/test/record2x.c.ifdefed" startline="265" endline="297" function="draw_text_transform" hash="-4024914035444429842"></source>
			<source file="../../workspace/dataset/test/record90.c.ifdefed" startline="265" endline="297" function="draw_text_transform" hash="-4024914035444429842"></source>
			<source file="../../workspace/dataset/test/record.c.ifdefed" startline="265" endline="297" function="draw_text_transform" hash="-4024914035444429842"></source>
		</class>
	</version>
	<version nr="9750" hash="a8f1b456d" evolution="Add" change="Same">
		<class nclones="5">
			<source file="../../workspace/dataset/test/record1414x.c.ifdefed" startline="269" endline="301" function="draw_text_transform" hash="-4024914035444429842"></source>
			<source file="../../workspace/dataset/test/record2x.c.ifdefed" startline="265" endline="297" function="draw_text_transform" hash="-4024914035444429842"></source>
			<source file="../../workspace/dataset/test/recordflip.c.ifdefed" startline="263" endline="295" function="draw_text_transform" hash="-4024914035444429842"></source>
			<source file="../../workspace/dataset/test/record90.c.ifdefed" startline="265" endline="297" function="draw_text_transform" hash="-4024914035444429842"></source>
			<source file="../../workspace/dataset/test/record.c.ifdefed" startline="265" endline="297" function="draw_text_transform" hash="-4024914035444429842"></source>
		</class>
	</version>
	<version nr="10840" hash="359afa3e8" evolution="Same" change="Same">
		<class nclones="5">
			<source file="../../workspace/dataset/test/record1414x.c.ifdefed" startline="269" endline="301" function="draw_text_transform" hash="-4024914035444429842"></source>
			<source file="../../workspace/dataset/test/record2x.c.ifdefed" startline="265" endline="297" function="draw_text_transform" hash="-4024914035444429842"></source>
			<source file="../../workspace/dataset/test/recordflip.c.ifdefed" startline="263" endline="295" function="draw_text_transform" hash="-4024914035444429842"></source>
			<source file="../../workspace/dataset/test/record90.c.ifdefed" startline="265" endline="297" function="draw_text_transform" hash="-4024914035444429842"></source>
			<source file="../../workspace/dataset/test/record.c.ifdefed" startline="265" endline="297" function="draw_text_transform" hash="-4024914035444429842"></source>
		</class>
	</version>
</lineage>
<lineage>
	<version nr="9300" hash="0770dda52" evolution="None" change="None">
		<class nclones="2">
			<source file="../../workspace/dataset/test/rectilinear-dash.c.ifdefed" startline="136" endline="168" function="draw" hash="-1555257807566547844"></source>
			<source file="../../workspace/dataset/test/rectilinear-dash-scale.c.ifdefed" startline="136" endline="168" function="dashes" hash="1689465754805628836"></source>
		</class>
	</version>
	<version nr="10840" hash="359afa3e8" evolution="Same" change="Same">
		<class nclones="2">
			<source file="../../workspace/dataset/test/rectilinear-dash.c.ifdefed" startline="136" endline="168" function="draw" hash="-1555257807566547844"></source>
			<source file="../../workspace/dataset/test/rectilinear-dash-scale.c.ifdefed" startline="136" endline="168" function="dashes" hash="1689465754805628836"></source>
		</class>
	</version>
</lineage>
<lineage>
	<version nr="9450" hash="ff22ab4c1" evolution="None" change="None">
		<class nclones="3">
			<source file="../../workspace/dataset/test/sample.c.ifdefed" startline="41" endline="58" function="vertical" hash="2860992097883823910"></source>
			<source file="../../workspace/dataset/test/sample.c.ifdefed" startline="79" endline="96" function="diagonal" hash="5996566658293642090"></source>
			<source file="../../workspace/dataset/test/sample.c.ifdefed" startline="60" endline="77" function="horizontal" hash="6022167255858685392"></source>
		</class>
	</version>
	<version nr="10840" hash="359afa3e8" evolution="Same" change="Same">
		<class nclones="3">
			<source file="../../workspace/dataset/test/sample.c.ifdefed" startline="41" endline="58" function="vertical" hash="2860992097883823910"></source>
			<source file="../../workspace/dataset/test/sample.c.ifdefed" startline="79" endline="96" function="diagonal" hash="5996566658293642090"></source>
			<source file="../../workspace/dataset/test/sample.c.ifdefed" startline="60" endline="77" function="horizontal" hash="6022167255858685392"></source>
		</class>
	</version>
</lineage>
<lineage>
	<version nr="9850" hash="54a51968e" evolution="None" change="None">
		<class nclones="2">
			<source file="../../workspace/dataset/test/api-special-cases.c.ifdefed" startline="123" endline="139" function="test_cairo_set_user_data" hash="-1853806077311272578"></source>
			<source file="../../workspace/dataset/test/api-special-cases.c.ifdefed" startline="1074" endline="1090" function="test_cairo_surface_set_user_data" hash="-4079370459903544371"></source>
		</class>
	</version>
	<version nr="10840" hash="359afa3e8" evolution="Same" change="Same">
		<class nclones="2">
			<source file="../../workspace/dataset/test/api-special-cases.c.ifdefed" startline="123" endline="139" function="test_cairo_set_user_data" hash="-1853806077311272578"></source>
			<source file="../../workspace/dataset/test/api-special-cases.c.ifdefed" startline="1074" endline="1090" function="test_cairo_surface_set_user_data" hash="-4079370459903544371"></source>
		</class>
	</version>
</lineage>
<lineage>
	<version nr="9880" hash="53255625c" evolution="None" change="None">
		<class nclones="3">
			<source file="../../workspace/dataset/test/pdf-surface-source.c.ifdefed" startline="33" endline="46" function="*create_source_surface" hash="-5694534582409645972"></source>
			<source file="../../workspace/dataset/test/svg-surface-source.c.ifdefed" startline="33" endline="47" function="*create_source_surface" hash="8601294983023014817"></source>
			<source file="../../workspace/dataset/test/ps-surface-source.c.ifdefed" startline="33" endline="46" function="*create_source_surface" hash="-858022492651444634"></source>
		</class>
	</version>
	<version nr="10840" hash="359afa3e8" evolution="Same" change="Same">
		<class nclones="3">
			<source file="../../workspace/dataset/test/pdf-surface-source.c.ifdefed" startline="33" endline="46" function="*create_source_surface" hash="-5694534582409645972"></source>
			<source file="../../workspace/dataset/test/svg-surface-source.c.ifdefed" startline="33" endline="47" function="*create_source_surface" hash="8601294983023014817"></source>
			<source file="../../workspace/dataset/test/ps-surface-source.c.ifdefed" startline="33" endline="46" function="*create_source_surface" hash="-858022492651444634"></source>
		</class>
	</version>
</lineage>
<lineage>
	<version nr="10270" hash="a14d319e4" evolution="None" change="None">
		<class nclones="2">
			<source file="../../workspace/dataset/test/record-neg-extents.c.ifdefed" startline="51" endline="89" function="transform_extents" hash="8745244886415951987"></source>
			<source file="../../workspace/dataset/test/record-replay-extend.c.ifdefed" startline="40" endline="78" function="transform_extents" hash="8745244886415951987"></source>
		</class>
	</version>
	<version nr="10840" hash="359afa3e8" evolution="Same" change="Same">
		<class nclones="2">
			<source file="../../workspace/dataset/test/record-neg-extents.c.ifdefed" startline="51" endline="89" function="transform_extents" hash="8745244886415951987"></source>
			<source file="../../workspace/dataset/test/record-replay-extend.c.ifdefed" startline="40" endline="78" function="transform_extents" hash="8745244886415951987"></source>
		</class>
	</version>
</lineage>
<lineage>
	<version nr="10270" hash="a14d319e4" evolution="None" change="None">
		<class nclones="2">
			<source file="../../workspace/dataset/test/recording-ink-extents.c.ifdefed" startline="79" endline="99" function="bounded_fill" hash="7713567813625746113"></source>
			<source file="../../workspace/dataset/test/recording-ink-extents.c.ifdefed" startline="121" endline="140" function="bounded_paint" hash="-8629294083069032799"></source>
		</class>
	</version>
	<version nr="10840" hash="359afa3e8" evolution="Same" change="Same">
		<class nclones="2">
			<source file="../../workspace/dataset/test/recording-ink-extents.c.ifdefed" startline="79" endline="99" function="bounded_fill" hash="7713567813625746113"></source>
			<source file="../../workspace/dataset/test/recording-ink-extents.c.ifdefed" startline="121" endline="140" function="bounded_paint" hash="-8629294083069032799"></source>
		</class>
	</version>
</lineage>
<lineage>
	<version nr="10570" hash="0ae4e6a85" evolution="None" change="None">
		<class nclones="2">
			<source file="../../workspace/dataset/test/text-subpixel.c.ifdefed" startline="31" endline="61" function="draw" hash="-9081903693901519720"></source>
			<source file="../../workspace/dataset/test/text-unhinted-metrics.c.ifdefed" startline="36" endline="66" function="draw" hash="7091864409690090817"></source>
		</class>
	</version>
	<version nr="10840" hash="359afa3e8" evolution="Same" change="Same">
		<class nclones="2">
			<source file="../../workspace/dataset/test/text-subpixel.c.ifdefed" startline="31" endline="61" function="draw" hash="-9081903693901519720"></source>
			<source file="../../workspace/dataset/test/text-unhinted-metrics.c.ifdefed" startline="36" endline="66" function="draw" hash="7091864409690090817"></source>
		</class>
	</version>
</lineage>
</lineages>
