<lineages>
<lineage>
	<version nr="30" hash="27b19131" evolution="None" change="None">
		<class nclones="5">
			<source file="../../workspace/dataset/test/auth2.c.ifdefed" startline="25" endline="34" function="main" hash="-7877364221079532926"></source>
			<source file="../../workspace/dataset/test/onetimeauth.c.ifdefed" startline="33" endline="42" function="main" hash="6754887659723471265"></source>
			<source file="../../workspace/dataset/test/core5.c.ifdefed" startline="23" endline="32" function="main" hash="6523966897951151263"></source>
			<source file="../../workspace/dataset/test/stream3.c.ifdefed" startline="19" endline="28" function="main" hash="-1761816958188869329"></source>
			<source file="../../workspace/dataset/test/auth.c.ifdefed" startline="10" endline="19" function="main" hash="1422325279066643449"></source>
		</class>
	</version>
	<version nr="330" hash="1706d63d" evolution="Same" change="Same">
		<class nclones="5">
			<source file="../../workspace/dataset/test/auth2.c.ifdefed" startline="28" endline="37" function="main" hash="-7877364221079532926"></source>
			<source file="../../workspace/dataset/test/onetimeauth.c.ifdefed" startline="36" endline="45" function="main" hash="6754887659723471265"></source>
			<source file="../../workspace/dataset/test/core5.c.ifdefed" startline="26" endline="35" function="main" hash="6523966897951151263"></source>
			<source file="../../workspace/dataset/test/stream3.c.ifdefed" startline="22" endline="31" function="main" hash="-1761816958188869329"></source>
			<source file="../../workspace/dataset/test/auth.c.ifdefed" startline="13" endline="22" function="main" hash="1422325279066643449"></source>
		</class>
	</version>
	<version nr="340" hash="ef127312" evolution="Same" change="Inconsistent">
		<class nclones="5">
			<source file="../../workspace/dataset/test/auth2.c.ifdefed" startline="27" endline="36" function="main" hash="-7877364221079532926"></source>
			<source file="../../workspace/dataset/test/auth.c.ifdefed" startline="12" endline="21" function="main" hash="-8902739733572866921"></source>
			<source file="../../workspace/dataset/test/onetimeauth.c.ifdefed" startline="35" endline="44" function="main" hash="6754887659723471265"></source>
			<source file="../../workspace/dataset/test/core5.c.ifdefed" startline="25" endline="34" function="main" hash="6523966897951151263"></source>
			<source file="../../workspace/dataset/test/stream3.c.ifdefed" startline="21" endline="30" function="main" hash="-1761816958188869329"></source>
		</class>
	</version>
	<version nr="640" hash="7791007c" evolution="Same" change="Same">
		<class nclones="5">
			<source file="../../workspace/dataset/test/auth2.c.ifdefed" startline="27" endline="36" function="main" hash="-7877364221079532926"></source>
			<source file="../../workspace/dataset/test/auth.c.ifdefed" startline="12" endline="21" function="main" hash="-8902739733572866921"></source>
			<source file="../../workspace/dataset/test/onetimeauth.c.ifdefed" startline="35" endline="44" function="main" hash="6754887659723471265"></source>
			<source file="../../workspace/dataset/test/core5.c.ifdefed" startline="25" endline="34" function="main" hash="6523966897951151263"></source>
			<source file="../../workspace/dataset/test/stream3.c.ifdefed" startline="21" endline="30" function="main" hash="-1761816958188869329"></source>
		</class>
	</version>
	<version nr="650" hash="7a85ec97" evolution="Add" change="Same">
		<class nclones="6">
			<source file="../../workspace/dataset/test/auth2.c.ifdefed" startline="27" endline="36" function="main" hash="-7877364221079532926"></source>
			<source file="../../workspace/dataset/test/auth6.c.ifdefed" startline="12" endline="21" function="main" hash="2436156415125642720"></source>
			<source file="../../workspace/dataset/test/core5.c.ifdefed" startline="25" endline="34" function="main" hash="6523966897951151263"></source>
			<source file="../../workspace/dataset/test/stream3.c.ifdefed" startline="21" endline="30" function="main" hash="-1761816958188869329"></source>
			<source file="../../workspace/dataset/test/onetimeauth.c.ifdefed" startline="35" endline="44" function="main" hash="6754887659723471265"></source>
			<source file="../../workspace/dataset/test/auth.c.ifdefed" startline="12" endline="21" function="main" hash="-8902739733572866921"></source>
		</class>
	</version>
	<version nr="950" hash="a4264a22" evolution="Same" change="Same">
		<class nclones="6">
			<source file="../../workspace/dataset/test/auth2.c.ifdefed" startline="27" endline="36" function="main" hash="-7877364221079532926"></source>
			<source file="../../workspace/dataset/test/auth6.c.ifdefed" startline="12" endline="21" function="main" hash="2436156415125642720"></source>
			<source file="../../workspace/dataset/test/core5.c.ifdefed" startline="25" endline="34" function="main" hash="6523966897951151263"></source>
			<source file="../../workspace/dataset/test/stream3.c.ifdefed" startline="21" endline="30" function="main" hash="-1761816958188869329"></source>
			<source file="../../workspace/dataset/test/onetimeauth.c.ifdefed" startline="35" endline="44" function="main" hash="6754887659723471265"></source>
			<source file="../../workspace/dataset/test/auth.c.ifdefed" startline="12" endline="21" function="main" hash="-8902739733572866921"></source>
		</class>
	</version>
	<version nr="960" hash="2c1b5070" evolution="Subtract" change="Inconsistent">
		<class nclones="5">
			<source file="../../workspace/dataset/test/auth2.c.ifdefed" startline="25" endline="34" function="main" hash="-7877364221079532926"></source>
			<source file="../../workspace/dataset/test/auth6.c.ifdefed" startline="11" endline="20" function="main" hash="2436156415125642720"></source>
			<source file="../../workspace/dataset/test/stream3.c.ifdefed" startline="20" endline="29" function="main" hash="3282295015609162535"></source>
			<source file="../../workspace/dataset/test/onetimeauth.c.ifdefed" startline="34" endline="43" function="main" hash="-823381123367219114"></source>
			<source file="../../workspace/dataset/test/core5.c.ifdefed" startline="24" endline="33" function="main" hash="6523966897951151263"></source>
		</class>
	</version>
	<version nr="970" hash="0ec5a25c" evolution="Subtract" change="Consistent">
		<class nclones="3">
			<source file="../../workspace/dataset/test/auth2.c.ifdefed" startline="20" endline="31" function="main" hash="5765760299291741206"></source>
			<source file="../../workspace/dataset/test/auth6.c.ifdefed" startline="11" endline="22" function="main" hash="8254354485383484004"></source>
			<source file="../../workspace/dataset/test/stream3.c.ifdefed" startline="16" endline="28" function="main" hash="-4393177922301329545"></source>
		</class>
	</version>
	<version nr="2170" hash="9cd732c8" evolution="Same" change="Same">
		<class nclones="3">
			<source file="../../workspace/dataset/test/auth2.c.ifdefed" startline="20" endline="31" function="main" hash="5765760299291741206"></source>
			<source file="../../workspace/dataset/test/auth6.c.ifdefed" startline="11" endline="22" function="main" hash="8254354485383484004"></source>
			<source file="../../workspace/dataset/test/stream3.c.ifdefed" startline="16" endline="28" function="main" hash="-4393177922301329545"></source>
		</class>
	</version>
	<version nr="2180" hash="cadee98e" evolution="Same" change="Consistent">
		<class nclones="3">
			<source file="../../workspace/dataset/test/auth2.c.ifdefed" startline="22" endline="34" function="main" hash="-795878445804779183"></source>
			<source file="../../workspace/dataset/test/stream3.c.ifdefed" startline="18" endline="31" function="main" hash="3526974942126280030"></source>
			<source file="../../workspace/dataset/test/auth6.c.ifdefed" startline="11" endline="23" function="main" hash="6235562355774788523"></source>
		</class>
	</version>
	<version nr="3440" hash="83ad278a" evolution="Same" change="Same">
		<class nclones="3">
			<source file="../../workspace/dataset/test/auth2.c.ifdefed" startline="22" endline="34" function="main" hash="-795878445804779183"></source>
			<source file="../../workspace/dataset/test/stream3.c.ifdefed" startline="18" endline="31" function="main" hash="3526974942126280030"></source>
			<source file="../../workspace/dataset/test/auth6.c.ifdefed" startline="11" endline="23" function="main" hash="6235562355774788523"></source>
		</class>
	</version>
	<version nr="3450" hash="cd525232" evolution="Subtract" change="Same">
		<class nclones="2">
			<source file="../../workspace/dataset/test/auth2.c.ifdefed" startline="22" endline="34" function="main" hash="-795878445804779183"></source>
			<source file="../../workspace/dataset/test/auth6.c.ifdefed" startline="11" endline="23" function="main" hash="6235562355774788523"></source>
		</class>
	</version>
	<version nr="3530" hash="68baef3f" evolution="Same" change="Same">
		<class nclones="2">
			<source file="../../workspace/dataset/test/auth2.c.ifdefed" startline="22" endline="34" function="main" hash="-795878445804779183"></source>
			<source file="../../workspace/dataset/test/auth6.c.ifdefed" startline="11" endline="23" function="main" hash="6235562355774788523"></source>
		</class>
	</version>
</lineage>
<lineage>
	<version nr="30" hash="27b19131" evolution="None" change="None">
		<class nclones="5">
			<source file="../../workspace/dataset/test/box2.c.ifdefed" startline="51" endline="64" function="main" hash="-5044010204617008666"></source>
			<source file="../../workspace/dataset/test/stream4.c.ifdefed" startline="43" endline="53" function="main" hash="4142108408655685441"></source>
			<source file="../../workspace/dataset/test/secretbox2.c.ifdefed" startline="44" endline="57" function="main" hash="-4299674520277385581"></source>
			<source file="../../workspace/dataset/test/secretbox.c.ifdefed" startline="44" endline="56" function="main" hash="4092413867824105280"></source>
			<source file="../../workspace/dataset/test/box.c.ifdefed" startline="51" endline="63" function="main" hash="2835664096311798401"></source>
		</class>
	</version>
	<version nr="320" hash="edc5faff" evolution="Same" change="Same">
		<class nclones="5">
			<source file="../../workspace/dataset/test/box2.c.ifdefed" startline="54" endline="67" function="main" hash="-5044010204617008666"></source>
			<source file="../../workspace/dataset/test/stream4.c.ifdefed" startline="46" endline="56" function="main" hash="4142108408655685441"></source>
			<source file="../../workspace/dataset/test/secretbox2.c.ifdefed" startline="47" endline="60" function="main" hash="-4299674520277385581"></source>
			<source file="../../workspace/dataset/test/secretbox.c.ifdefed" startline="47" endline="59" function="main" hash="4092413867824105280"></source>
			<source file="../../workspace/dataset/test/box.c.ifdefed" startline="54" endline="66" function="main" hash="2835664096311798401"></source>
		</class>
	</version>
	<version nr="330" hash="1706d63d" evolution="Add" change="Same">
		<class nclones="6">
			<source file="../../workspace/dataset/test/box2.c.ifdefed" startline="53" endline="66" function="main" hash="-5044010204617008666"></source>
			<source file="../../workspace/dataset/test/stream4.c.ifdefed" startline="45" endline="55" function="main" hash="4142108408655685441"></source>
			<source file="../../workspace/dataset/test/stream6.c.ifdefed" startline="44" endline="54" function="main" hash="1495369159899788951"></source>
			<source file="../../workspace/dataset/test/secretbox2.c.ifdefed" startline="46" endline="59" function="main" hash="-4299674520277385581"></source>
			<source file="../../workspace/dataset/test/secretbox.c.ifdefed" startline="46" endline="58" function="main" hash="4092413867824105280"></source>
			<source file="../../workspace/dataset/test/box.c.ifdefed" startline="53" endline="65" function="main" hash="2835664096311798401"></source>
		</class>
	</version>
	<version nr="580" hash="9a88b1ed" evolution="Same" change="Same">
		<class nclones="6">
			<source file="../../workspace/dataset/test/box2.c.ifdefed" startline="53" endline="66" function="main" hash="-5044010204617008666"></source>
			<source file="../../workspace/dataset/test/stream4.c.ifdefed" startline="45" endline="55" function="main" hash="4142108408655685441"></source>
			<source file="../../workspace/dataset/test/stream6.c.ifdefed" startline="44" endline="54" function="main" hash="1495369159899788951"></source>
			<source file="../../workspace/dataset/test/secretbox2.c.ifdefed" startline="46" endline="59" function="main" hash="-4299674520277385581"></source>
			<source file="../../workspace/dataset/test/secretbox.c.ifdefed" startline="46" endline="58" function="main" hash="4092413867824105280"></source>
			<source file="../../workspace/dataset/test/box.c.ifdefed" startline="53" endline="65" function="main" hash="2835664096311798401"></source>
		</class>
	</version>
	<version nr="590" hash="e8509072" evolution="Add" change="Same">
		<class nclones="8">
			<source file="../../workspace/dataset/test/box2.c.ifdefed" startline="53" endline="66" function="main" hash="-5044010204617008666"></source>
			<source file="../../workspace/dataset/test/secretbox2.c.ifdefed" startline="46" endline="59" function="main" hash="-4299674520277385581"></source>
			<source file="../../workspace/dataset/test/stream6.c.ifdefed" startline="44" endline="54" function="main" hash="1495369159899788951"></source>
			<source file="../../workspace/dataset/test/stream4.c.ifdefed" startline="45" endline="55" function="main" hash="4142108408655685441"></source>
			<source file="../../workspace/dataset/test/secretbox_easy.c.ifdefed" startline="41" endline="51" function="main" hash="9020195633651021281"></source>
			<source file="../../workspace/dataset/test/box_easy.c.ifdefed" startline="48" endline="59" function="main" hash="-5387922743316606427"></source>
			<source file="../../workspace/dataset/test/secretbox.c.ifdefed" startline="46" endline="58" function="main" hash="4092413867824105280"></source>
			<source file="../../workspace/dataset/test/box.c.ifdefed" startline="53" endline="65" function="main" hash="2835664096311798401"></source>
		</class>
	</version>
	<version nr="840" hash="54cddd96" evolution="Same" change="Same">
		<class nclones="8">
			<source file="../../workspace/dataset/test/box2.c.ifdefed" startline="53" endline="66" function="main" hash="-5044010204617008666"></source>
			<source file="../../workspace/dataset/test/stream6.c.ifdefed" startline="44" endline="54" function="main" hash="1495369159899788951"></source>
			<source file="../../workspace/dataset/test/secretbox2.c.ifdefed" startline="46" endline="59" function="main" hash="-4299674520277385581"></source>
			<source file="../../workspace/dataset/test/stream4.c.ifdefed" startline="45" endline="55" function="main" hash="4142108408655685441"></source>
			<source file="../../workspace/dataset/test/secretbox.c.ifdefed" startline="46" endline="58" function="main" hash="4092413867824105280"></source>
			<source file="../../workspace/dataset/test/secretbox_easy.c.ifdefed" startline="41" endline="51" function="main" hash="9020195633651021281"></source>
			<source file="../../workspace/dataset/test/box_easy.c.ifdefed" startline="48" endline="59" function="main" hash="-5387922743316606427"></source>
			<source file="../../workspace/dataset/test/box.c.ifdefed" startline="53" endline="65" function="main" hash="2835664096311798401"></source>
		</class>
	</version>
	<version nr="850" hash="b617fbde" evolution="Subtract" change="Same">
		<class nclones="7">
			<source file="../../workspace/dataset/test/box2.c.ifdefed" startline="53" endline="66" function="main" hash="-5044010204617008666"></source>
			<source file="../../workspace/dataset/test/stream4.c.ifdefed" startline="45" endline="55" function="main" hash="4142108408655685441"></source>
			<source file="../../workspace/dataset/test/stream6.c.ifdefed" startline="44" endline="54" function="main" hash="1495369159899788951"></source>
			<source file="../../workspace/dataset/test/secretbox2.c.ifdefed" startline="46" endline="59" function="main" hash="-4299674520277385581"></source>
			<source file="../../workspace/dataset/test/box_easy.c.ifdefed" startline="48" endline="59" function="main" hash="-5387922743316606427"></source>
			<source file="../../workspace/dataset/test/box.c.ifdefed" startline="53" endline="65" function="main" hash="2835664096311798401"></source>
			<source file="../../workspace/dataset/test/secretbox.c.ifdefed" startline="46" endline="58" function="main" hash="4092413867824105280"></source>
		</class>
	</version>
	<version nr="860" hash="9154d741" evolution="Same" change="Same">
		<class nclones="7">
			<source file="../../workspace/dataset/test/box2.c.ifdefed" startline="53" endline="66" function="main" hash="-5044010204617008666"></source>
			<source file="../../workspace/dataset/test/stream4.c.ifdefed" startline="45" endline="55" function="main" hash="4142108408655685441"></source>
			<source file="../../workspace/dataset/test/stream6.c.ifdefed" startline="44" endline="54" function="main" hash="1495369159899788951"></source>
			<source file="../../workspace/dataset/test/secretbox2.c.ifdefed" startline="46" endline="59" function="main" hash="-4299674520277385581"></source>
			<source file="../../workspace/dataset/test/box_easy.c.ifdefed" startline="48" endline="59" function="main" hash="-5387922743316606427"></source>
			<source file="../../workspace/dataset/test/box.c.ifdefed" startline="53" endline="65" function="main" hash="2835664096311798401"></source>
			<source file="../../workspace/dataset/test/secretbox.c.ifdefed" startline="46" endline="58" function="main" hash="4092413867824105280"></source>
		</class>
	</version>
	<version nr="870" hash="e4c751b2" evolution="Same" change="Inconsistent">
		<class nclones="7">
			<source file="../../workspace/dataset/test/box2.c.ifdefed" startline="53" endline="66" function="main" hash="-5044010204617008666"></source>
			<source file="../../workspace/dataset/test/stream4.c.ifdefed" startline="45" endline="55" function="main" hash="4142108408655685441"></source>
			<source file="../../workspace/dataset/test/stream6.c.ifdefed" startline="44" endline="54" function="main" hash="1495369159899788951"></source>
			<source file="../../workspace/dataset/test/secretbox2.c.ifdefed" startline="46" endline="59" function="main" hash="-4299674520277385581"></source>
			<source file="../../workspace/dataset/test/box_easy.c.ifdefed" startline="48" endline="59" function="main" hash="5477736115939672871"></source>
			<source file="../../workspace/dataset/test/box.c.ifdefed" startline="53" endline="65" function="main" hash="2835664096311798401"></source>
			<source file="../../workspace/dataset/test/secretbox.c.ifdefed" startline="46" endline="58" function="main" hash="4092413867824105280"></source>
		</class>
	</version>
	<version nr="910" hash="5aee93a2" evolution="Same" change="Same">
		<class nclones="7">
			<source file="../../workspace/dataset/test/box2.c.ifdefed" startline="53" endline="66" function="main" hash="-5044010204617008666"></source>
			<source file="../../workspace/dataset/test/stream4.c.ifdefed" startline="45" endline="55" function="main" hash="4142108408655685441"></source>
			<source file="../../workspace/dataset/test/stream6.c.ifdefed" startline="44" endline="54" function="main" hash="1495369159899788951"></source>
			<source file="../../workspace/dataset/test/secretbox2.c.ifdefed" startline="46" endline="59" function="main" hash="-4299674520277385581"></source>
			<source file="../../workspace/dataset/test/box_easy.c.ifdefed" startline="48" endline="59" function="main" hash="5477736115939672871"></source>
			<source file="../../workspace/dataset/test/box.c.ifdefed" startline="53" endline="65" function="main" hash="2835664096311798401"></source>
			<source file="../../workspace/dataset/test/secretbox.c.ifdefed" startline="46" endline="58" function="main" hash="4092413867824105280"></source>
		</class>
	</version>
	<version nr="920" hash="eae4add8" evolution="Subtract" change="Same">
		<class nclones="6">
			<source file="../../workspace/dataset/test/box2.c.ifdefed" startline="53" endline="66" function="main" hash="-5044010204617008666"></source>
			<source file="../../workspace/dataset/test/stream4.c.ifdefed" startline="45" endline="55" function="main" hash="4142108408655685441"></source>
			<source file="../../workspace/dataset/test/secretbox2.c.ifdefed" startline="46" endline="59" function="main" hash="-4299674520277385581"></source>
			<source file="../../workspace/dataset/test/box_easy.c.ifdefed" startline="48" endline="59" function="main" hash="5477736115939672871"></source>
			<source file="../../workspace/dataset/test/secretbox.c.ifdefed" startline="46" endline="58" function="main" hash="4092413867824105280"></source>
			<source file="../../workspace/dataset/test/box.c.ifdefed" startline="53" endline="65" function="main" hash="2835664096311798401"></source>
		</class>
	</version>
	<version nr="950" hash="a4264a22" evolution="Same" change="Same">
		<class nclones="6">
			<source file="../../workspace/dataset/test/box2.c.ifdefed" startline="53" endline="66" function="main" hash="-5044010204617008666"></source>
			<source file="../../workspace/dataset/test/stream4.c.ifdefed" startline="45" endline="55" function="main" hash="4142108408655685441"></source>
			<source file="../../workspace/dataset/test/secretbox2.c.ifdefed" startline="46" endline="59" function="main" hash="-4299674520277385581"></source>
			<source file="../../workspace/dataset/test/secretbox.c.ifdefed" startline="46" endline="58" function="main" hash="4092413867824105280"></source>
			<source file="../../workspace/dataset/test/box_easy.c.ifdefed" startline="48" endline="59" function="main" hash="5477736115939672871"></source>
			<source file="../../workspace/dataset/test/box.c.ifdefed" startline="53" endline="65" function="main" hash="2835664096311798401"></source>
		</class>
	</version>
	<version nr="960" hash="2c1b5070" evolution="Subtract" change="Inconsistent">
		<class nclones="5">
			<source file="../../workspace/dataset/test/box2.c.ifdefed" startline="52" endline="65" function="main" hash="7856438702538655588"></source>
			<source file="../../workspace/dataset/test/secretbox2.c.ifdefed" startline="45" endline="58" function="main" hash="-5586660855537106290"></source>
			<source file="../../workspace/dataset/test/stream4.c.ifdefed" startline="44" endline="54" function="main" hash="-7441738040048097147"></source>
			<source file="../../workspace/dataset/test/secretbox.c.ifdefed" startline="45" endline="57" function="main" hash="8074580704237735505"></source>
			<source file="../../workspace/dataset/test/box_easy.c.ifdefed" startline="47" endline="58" function="main" hash="5477736115939672871"></source>
		</class>
	</version>
	<version nr="970" hash="0ec5a25c" evolution="Subtract" change="Consistent">
		<class nclones="4">
			<source file="../../workspace/dataset/test/box2.c.ifdefed" startline="38" endline="51" function="main" hash="2691401684167905038"></source>
			<source file="../../workspace/dataset/test/stream4.c.ifdefed" startline="32" endline="46" function="main" hash="8236971296840604838"></source>
			<source file="../../workspace/dataset/test/secretbox2.c.ifdefed" startline="33" endline="46" function="main" hash="8545395810660936357"></source>
			<source file="../../workspace/dataset/test/box_easy.c.ifdefed" startline="34" endline="46" function="main" hash="5254507518000235528"></source>
		</class>
	</version>
	<version nr="990" hash="1cf170a9" evolution="Same" change="Same">
		<class nclones="4">
			<source file="../../workspace/dataset/test/box2.c.ifdefed" startline="38" endline="51" function="main" hash="2691401684167905038"></source>
			<source file="../../workspace/dataset/test/secretbox2.c.ifdefed" startline="33" endline="46" function="main" hash="8545395810660936357"></source>
			<source file="../../workspace/dataset/test/stream4.c.ifdefed" startline="32" endline="46" function="main" hash="8236971296840604838"></source>
			<source file="../../workspace/dataset/test/box_easy.c.ifdefed" startline="34" endline="46" function="main" hash="5254507518000235528"></source>
		</class>
	</version>
	<version nr="1000" hash="ef86392f" evolution="Subtract" change="Same">
		<class nclones="2">
			<source file="../../workspace/dataset/test/stream4.c.ifdefed" startline="32" endline="46" function="main" hash="8236971296840604838"></source>
			<source file="../../workspace/dataset/test/secretbox2.c.ifdefed" startline="33" endline="46" function="main" hash="8545395810660936357"></source>
		</class>
	</version>
	<version nr="2170" hash="9cd732c8" evolution="Same" change="Same">
		<class nclones="2">
			<source file="../../workspace/dataset/test/stream4.c.ifdefed" startline="32" endline="46" function="main" hash="8236971296840604838"></source>
			<source file="../../workspace/dataset/test/secretbox2.c.ifdefed" startline="33" endline="46" function="main" hash="8545395810660936357"></source>
		</class>
	</version>
	<version nr="2180" hash="cadee98e" evolution="Same" change="Consistent">
		<class nclones="2">
			<source file="../../workspace/dataset/test/stream4.c.ifdefed" startline="35" endline="50" function="main" hash="2903793883359476963"></source>
			<source file="../../workspace/dataset/test/secretbox2.c.ifdefed" startline="36" endline="50" function="main" hash="8419098069702554096"></source>
		</class>
	</version>
	<version nr="2440" hash="74703c63" evolution="Same" change="Same">
		<class nclones="2">
			<source file="../../workspace/dataset/test/stream4.c.ifdefed" startline="35" endline="50" function="main" hash="2903793883359476963"></source>
			<source file="../../workspace/dataset/test/secretbox2.c.ifdefed" startline="36" endline="50" function="main" hash="8419098069702554096"></source>
		</class>
	</version>
</lineage>
<lineage>
	<version nr="30" hash="27b19131" evolution="None" change="None">
		<class nclones="2">
			<source file="../../workspace/dataset/test/auth5.c.ifdefed" startline="11" endline="37" function="main" hash="-5725631404498384868"></source>
			<source file="../../workspace/dataset/test/onetimeauth7.c.ifdefed" startline="11" endline="37" function="main" hash="-6582634583365744180"></source>
		</class>
	</version>
	<version nr="340" hash="ef127312" evolution="Same" change="Same">
		<class nclones="2">
			<source file="../../workspace/dataset/test/auth5.c.ifdefed" startline="14" endline="40" function="main" hash="-5725631404498384868"></source>
			<source file="../../workspace/dataset/test/onetimeauth7.c.ifdefed" startline="14" endline="40" function="main" hash="-6582634583365744180"></source>
		</class>
	</version>
	<version nr="350" hash="5b09876c" evolution="Same" change="Consistent">
		<class nclones="2">
			<source file="../../workspace/dataset/test/auth5.c.ifdefed" startline="12" endline="37" function="main" hash="5594889696077229770"></source>
			<source file="../../workspace/dataset/test/onetimeauth7.c.ifdefed" startline="12" endline="37" function="main" hash="-1679387408966485398"></source>
		</class>
	</version>
	<version nr="370" hash="825cd5f7" evolution="Same" change="Same">
		<class nclones="2">
			<source file="../../workspace/dataset/test/auth5.c.ifdefed" startline="12" endline="37" function="main" hash="5594889696077229770"></source>
			<source file="../../workspace/dataset/test/onetimeauth7.c.ifdefed" startline="12" endline="37" function="main" hash="-1679387408966485398"></source>
		</class>
	</version>
	<version nr="380" hash="8d08a564" evolution="Same" change="Consistent">
		<class nclones="2">
			<source file="../../workspace/dataset/test/auth5.c.ifdefed" startline="12" endline="37" function="main" hash="-551572356583345830"></source>
			<source file="../../workspace/dataset/test/onetimeauth7.c.ifdefed" startline="12" endline="37" function="main" hash="9154216264485840026"></source>
		</class>
	</version>
	<version nr="640" hash="7791007c" evolution="Same" change="Same">
		<class nclones="2">
			<source file="../../workspace/dataset/test/auth5.c.ifdefed" startline="12" endline="37" function="main" hash="-551572356583345830"></source>
			<source file="../../workspace/dataset/test/onetimeauth7.c.ifdefed" startline="12" endline="37" function="main" hash="9154216264485840026"></source>
		</class>
	</version>
	<version nr="650" hash="7a85ec97" evolution="Add" change="Same">
		<class nclones="3">
			<source file="../../workspace/dataset/test/auth5.c.ifdefed" startline="12" endline="37" function="main" hash="-551572356583345830"></source>
			<source file="../../workspace/dataset/test/onetimeauth7.c.ifdefed" startline="12" endline="37" function="main" hash="9154216264485840026"></source>
			<source file="../../workspace/dataset/test/auth7.c.ifdefed" startline="12" endline="37" function="main" hash="8045653400389048650"></source>
		</class>
	</version>
	<version nr="950" hash="a4264a22" evolution="Same" change="Same">
		<class nclones="3">
			<source file="../../workspace/dataset/test/auth5.c.ifdefed" startline="12" endline="37" function="main" hash="-551572356583345830"></source>
			<source file="../../workspace/dataset/test/auth7.c.ifdefed" startline="12" endline="37" function="main" hash="8045653400389048650"></source>
			<source file="../../workspace/dataset/test/onetimeauth7.c.ifdefed" startline="12" endline="37" function="main" hash="9154216264485840026"></source>
		</class>
	</version>
	<version nr="960" hash="2c1b5070" evolution="Same" change="Inconsistent">
		<class nclones="3">
			<source file="../../workspace/dataset/test/auth5.c.ifdefed" startline="11" endline="36" function="main" hash="-2907798328806002274"></source>
			<source file="../../workspace/dataset/test/auth7.c.ifdefed" startline="11" endline="36" function="main" hash="8045653400389048650"></source>
			<source file="../../workspace/dataset/test/onetimeauth7.c.ifdefed" startline="11" endline="36" function="main" hash="-5237725201575370110"></source>
		</class>
	</version>
	<version nr="970" hash="0ec5a25c" evolution="Same" change="Consistent">
		<class nclones="3">
			<source file="../../workspace/dataset/test/auth5.c.ifdefed" startline="11" endline="37" function="main" hash="3370180919734270007"></source>
			<source file="../../workspace/dataset/test/auth7.c.ifdefed" startline="11" endline="37" function="main" hash="3609010003909006629"></source>
			<source file="../../workspace/dataset/test/onetimeauth7.c.ifdefed" startline="11" endline="37" function="main" hash="5582034947550876587"></source>
		</class>
	</version>
	<version nr="980" hash="eacb7c7f" evolution="Subtract" change="Same">
		<class nclones="2">
			<source file="../../workspace/dataset/test/onetimeauth7.c.ifdefed" startline="11" endline="37" function="main" hash="5582034947550876587"></source>
			<source file="../../workspace/dataset/test/auth7.c.ifdefed" startline="11" endline="37" function="main" hash="3609010003909006629"></source>
		</class>
	</version>
	<version nr="1630" hash="7354964b" evolution="Same" change="Same">
		<class nclones="2">
			<source file="../../workspace/dataset/test/onetimeauth7.c.ifdefed" startline="11" endline="37" function="main" hash="5582034947550876587"></source>
			<source file="../../workspace/dataset/test/auth7.c.ifdefed" startline="11" endline="37" function="main" hash="3609010003909006629"></source>
		</class>
	</version>
	<version nr="1640" hash="43c25a34" evolution="Same" change="Consistent">
		<class nclones="2">
			<source file="../../workspace/dataset/test/onetimeauth7.c.ifdefed" startline="9" endline="35" function="main" hash="3066773068373430106"></source>
			<source file="../../workspace/dataset/test/auth7.c.ifdefed" startline="9" endline="35" function="main" hash="2168768805356530168"></source>
		</class>
	</version>
	<version nr="1650" hash="054579d3" evolution="Same" change="Inconsistent">
		<class nclones="2">
			<source file="../../workspace/dataset/test/onetimeauth7.c.ifdefed" startline="9" endline="35" function="main" hash="3066773068373430106"></source>
			<source file="../../workspace/dataset/test/auth7.c.ifdefed" startline="9" endline="35" function="main" hash="3472316233968669068"></source>
		</class>
	</version>
	<version nr="1800" hash="2fb69179" evolution="Same" change="Same">
		<class nclones="2">
			<source file="../../workspace/dataset/test/onetimeauth7.c.ifdefed" startline="9" endline="35" function="main" hash="3066773068373430106"></source>
			<source file="../../workspace/dataset/test/auth7.c.ifdefed" startline="9" endline="35" function="main" hash="3472316233968669068"></source>
		</class>
	</version>
	<version nr="1810" hash="dadf1b0f" evolution="Same" change="Consistent">
		<class nclones="2">
			<source file="../../workspace/dataset/test/auth5.c.ifdefed" startline="9" endline="35" function="main" hash="4424831761971864019"></source>
			<source file="../../workspace/dataset/test/auth7.c.ifdefed" startline="9" endline="35" function="main" hash="626073739320460799"></source>
		</class>
	</version>
	<version nr="2130" hash="70c2796a" evolution="Same" change="Same">
		<class nclones="2">
			<source file="../../workspace/dataset/test/auth5.c.ifdefed" startline="9" endline="35" function="main" hash="4424831761971864019"></source>
			<source file="../../workspace/dataset/test/auth7.c.ifdefed" startline="9" endline="35" function="main" hash="626073739320460799"></source>
		</class>
	</version>
	<version nr="2140" hash="bb67b383" evolution="Same" change="Consistent">
		<class nclones="2">
			<source file="../../workspace/dataset/test/auth5.c.ifdefed" startline="9" endline="35" function="main" hash="1131041288122359969"></source>
			<source file="../../workspace/dataset/test/auth7.c.ifdefed" startline="9" endline="35" function="main" hash="4756495386199604649"></source>
		</class>
	</version>
	<version nr="2170" hash="9cd732c8" evolution="Same" change="Same">
		<class nclones="2">
			<source file="../../workspace/dataset/test/auth5.c.ifdefed" startline="9" endline="35" function="main" hash="1131041288122359969"></source>
			<source file="../../workspace/dataset/test/auth7.c.ifdefed" startline="9" endline="35" function="main" hash="4756495386199604649"></source>
		</class>
	</version>
	<version nr="2180" hash="cadee98e" evolution="Same" change="Consistent">
		<class nclones="2">
			<source file="../../workspace/dataset/test/auth5.c.ifdefed" startline="9" endline="36" function="main" hash="294248489018085847"></source>
			<source file="../../workspace/dataset/test/auth7.c.ifdefed" startline="9" endline="36" function="main" hash="7163790420802972703"></source>
		</class>
	</version>
	<version nr="3090" hash="b732443c" evolution="Same" change="Same">
		<class nclones="2">
			<source file="../../workspace/dataset/test/auth5.c.ifdefed" startline="9" endline="36" function="main" hash="294248489018085847"></source>
			<source file="../../workspace/dataset/test/auth7.c.ifdefed" startline="9" endline="36" function="main" hash="7163790420802972703"></source>
		</class>
	</version>
	<version nr="3100" hash="6934a8d0" evolution="Same" change="Consistent">
		<class nclones="2">
			<source file="../../workspace/dataset/test/auth5.c.ifdefed" startline="9" endline="42" function="main" hash="5650370318630033474"></source>
			<source file="../../workspace/dataset/test/auth7.c.ifdefed" startline="9" endline="42" function="main" hash="4725345498778416708"></source>
		</class>
	</version>
	<version nr="3110" hash="b5975f97" evolution="Same" change="Consistent">
		<class nclones="2">
			<source file="../../workspace/dataset/test/auth5.c.ifdefed" startline="9" endline="41" function="main" hash="-1012385806784748094"></source>
			<source file="../../workspace/dataset/test/auth7.c.ifdefed" startline="9" endline="41" function="main" hash="4708372561111116952"></source>
		</class>
	</version>
	<version nr="3530" hash="68baef3f" evolution="Same" change="Same">
		<class nclones="2">
			<source file="../../workspace/dataset/test/auth5.c.ifdefed" startline="9" endline="41" function="main" hash="-1012385806784748094"></source>
			<source file="../../workspace/dataset/test/auth7.c.ifdefed" startline="9" endline="41" function="main" hash="4708372561111116952"></source>
		</class>
	</version>
</lineage>
<lineage>
	<version nr="30" hash="27b19131" evolution="None" change="None">
		<class nclones="7">
			<source file="../../workspace/dataset/test/core2.c.ifdefed" startline="23" endline="33" function="main" hash="1407401018954201558"></source>
			<source file="../../workspace/dataset/test/scalarmult2.c.ifdefed" startline="13" endline="23" function="main" hash="3337521469085312518"></source>
			<source file="../../workspace/dataset/test/scalarmult.c.ifdefed" startline="13" endline="23" function="main" hash="7890783215019135519"></source>
			<source file="../../workspace/dataset/test/scalarmult6.c.ifdefed" startline="20" endline="30" function="main" hash="625813488368940514"></source>
			<source file="../../workspace/dataset/test/core1.c.ifdefed" startline="20" endline="30" function="main" hash="-6835189306623888056"></source>
			<source file="../../workspace/dataset/test/core4.c.ifdefed" startline="23" endline="33" function="main" hash="442758922384938600"></source>
			<source file="../../workspace/dataset/test/scalarmult5.c.ifdefed" startline="20" endline="30" function="main" hash="7413715512831773306"></source>
		</class>
	</version>
	<version nr="950" hash="a4264a22" evolution="Same" change="Same">
		<class nclones="7">
			<source file="../../workspace/dataset/test/core2.c.ifdefed" startline="26" endline="36" function="main" hash="1407401018954201558"></source>
			<source file="../../workspace/dataset/test/scalarmult2.c.ifdefed" startline="16" endline="26" function="main" hash="3337521469085312518"></source>
			<source file="../../workspace/dataset/test/scalarmult.c.ifdefed" startline="16" endline="26" function="main" hash="7890783215019135519"></source>
			<source file="../../workspace/dataset/test/scalarmult6.c.ifdefed" startline="23" endline="33" function="main" hash="625813488368940514"></source>
			<source file="../../workspace/dataset/test/core1.c.ifdefed" startline="23" endline="33" function="main" hash="-6835189306623888056"></source>
			<source file="../../workspace/dataset/test/core4.c.ifdefed" startline="26" endline="36" function="main" hash="442758922384938600"></source>
			<source file="../../workspace/dataset/test/scalarmult5.c.ifdefed" startline="23" endline="33" function="main" hash="7413715512831773306"></source>
		</class>
	</version>
	<version nr="960" hash="2c1b5070" evolution="Same" change="Inconsistent">
		<class nclones="7">
			<source file="../../workspace/dataset/test/core2.c.ifdefed" startline="24" endline="34" function="main" hash="1407401018954201558"></source>
			<source file="../../workspace/dataset/test/core4.c.ifdefed" startline="24" endline="34" function="main" hash="442758922384938600"></source>
			<source file="../../workspace/dataset/test/scalarmult2.c.ifdefed" startline="14" endline="24" function="main" hash="-580350138270800181"></source>
			<source file="../../workspace/dataset/test/scalarmult5.c.ifdefed" startline="21" endline="31" function="main" hash="-8738997075811937919"></source>
			<source file="../../workspace/dataset/test/core1.c.ifdefed" startline="21" endline="31" function="main" hash="-6835189306623888056"></source>
			<source file="../../workspace/dataset/test/scalarmult6.c.ifdefed" startline="21" endline="31" function="main" hash="-1188063615579019399"></source>
			<source file="../../workspace/dataset/test/scalarmult.c.ifdefed" startline="14" endline="24" function="main" hash="329406645646781106"></source>
		</class>
	</version>
	<version nr="970" hash="0ec5a25c" evolution="Subtract" change="Consistent">
		<class nclones="6">
			<source file="../../workspace/dataset/test/core2.c.ifdefed" startline="19" endline="36" function="main" hash="-3615581876716548876"></source>
			<source file="../../workspace/dataset/test/scalarmult2.c.ifdefed" startline="12" endline="30" function="main" hash="-6871457169375211163"></source>
			<source file="../../workspace/dataset/test/scalarmult6.c.ifdefed" startline="17" endline="35" function="main" hash="-7731235029184522054"></source>
			<source file="../../workspace/dataset/test/core4.c.ifdefed" startline="17" endline="34" function="main" hash="3104183951741310070"></source>
			<source file="../../workspace/dataset/test/core1.c.ifdefed" startline="17" endline="39" function="main" hash="-930490929505216470"></source>
			<source file="../../workspace/dataset/test/scalarmult5.c.ifdefed" startline="17" endline="35" function="main" hash="4030206951504910580"></source>
		</class>
	</version>
	<version nr="1050" hash="63ee1abf" evolution="Same" change="Same">
		<class nclones="6">
			<source file="../../workspace/dataset/test/core2.c.ifdefed" startline="19" endline="36" function="main" hash="-3615581876716548876"></source>
			<source file="../../workspace/dataset/test/scalarmult6.c.ifdefed" startline="17" endline="35" function="main" hash="-7731235029184522054"></source>
			<source file="../../workspace/dataset/test/scalarmult2.c.ifdefed" startline="12" endline="30" function="main" hash="-6871457169375211163"></source>
			<source file="../../workspace/dataset/test/scalarmult5.c.ifdefed" startline="17" endline="35" function="main" hash="4030206951504910580"></source>
			<source file="../../workspace/dataset/test/core1.c.ifdefed" startline="17" endline="39" function="main" hash="-930490929505216470"></source>
			<source file="../../workspace/dataset/test/core4.c.ifdefed" startline="17" endline="34" function="main" hash="3104183951741310070"></source>
		</class>
	</version>
	<version nr="1060" hash="0d8bbcff" evolution="Subtract" change="Same">
		<class nclones="5">
			<source file="../../workspace/dataset/test/core2.c.ifdefed" startline="19" endline="36" function="main" hash="-3615581876716548876"></source>
			<source file="../../workspace/dataset/test/core4.c.ifdefed" startline="17" endline="34" function="main" hash="3104183951741310070"></source>
			<source file="../../workspace/dataset/test/scalarmult5.c.ifdefed" startline="17" endline="35" function="main" hash="4030206951504910580"></source>
			<source file="../../workspace/dataset/test/scalarmult2.c.ifdefed" startline="12" endline="30" function="main" hash="-6871457169375211163"></source>
			<source file="../../workspace/dataset/test/core1.c.ifdefed" startline="17" endline="39" function="main" hash="-930490929505216470"></source>
		</class>
	</version>
	<version nr="1540" hash="07c42492" evolution="Same" change="Same">
		<class nclones="5">
			<source file="../../workspace/dataset/test/core2.c.ifdefed" startline="19" endline="36" function="main" hash="-3615581876716548876"></source>
			<source file="../../workspace/dataset/test/core4.c.ifdefed" startline="17" endline="34" function="main" hash="3104183951741310070"></source>
			<source file="../../workspace/dataset/test/scalarmult5.c.ifdefed" startline="17" endline="35" function="main" hash="4030206951504910580"></source>
			<source file="../../workspace/dataset/test/scalarmult2.c.ifdefed" startline="12" endline="30" function="main" hash="-6871457169375211163"></source>
			<source file="../../workspace/dataset/test/core1.c.ifdefed" startline="17" endline="39" function="main" hash="-930490929505216470"></source>
		</class>
	</version>
	<version nr="1550" hash="b7125427" evolution="Same" change="Inconsistent">
		<class nclones="5">
			<source file="../../workspace/dataset/test/core2.c.ifdefed" startline="19" endline="36" function="main" hash="-3615581876716548876"></source>
			<source file="../../workspace/dataset/test/core1.c.ifdefed" startline="17" endline="39" function="main" hash="-930490929505216470"></source>
			<source file="../../workspace/dataset/test/scalarmult5.c.ifdefed" startline="17" endline="37" function="main" hash="4753660125043823855"></source>
			<source file="../../workspace/dataset/test/scalarmult2.c.ifdefed" startline="12" endline="30" function="main" hash="-6871457169375211163"></source>
			<source file="../../workspace/dataset/test/core4.c.ifdefed" startline="17" endline="34" function="main" hash="3104183951741310070"></source>
		</class>
	</version>
	<version nr="2170" hash="9cd732c8" evolution="Same" change="Same">
		<class nclones="5">
			<source file="../../workspace/dataset/test/core2.c.ifdefed" startline="19" endline="36" function="main" hash="-3615581876716548876"></source>
			<source file="../../workspace/dataset/test/core1.c.ifdefed" startline="17" endline="39" function="main" hash="-930490929505216470"></source>
			<source file="../../workspace/dataset/test/scalarmult5.c.ifdefed" startline="17" endline="37" function="main" hash="4753660125043823855"></source>
			<source file="../../workspace/dataset/test/scalarmult2.c.ifdefed" startline="12" endline="30" function="main" hash="-6871457169375211163"></source>
			<source file="../../workspace/dataset/test/core4.c.ifdefed" startline="17" endline="34" function="main" hash="3104183951741310070"></source>
		</class>
	</version>
	<version nr="2180" hash="cadee98e" evolution="Same" change="Consistent">
		<class nclones="5">
			<source file="../../workspace/dataset/test/core2.c.ifdefed" startline="20" endline="38" function="main" hash="2446695557566224479"></source>
			<source file="../../workspace/dataset/test/scalarmult5.c.ifdefed" startline="19" endline="40" function="main" hash="6725404565212264954"></source>
			<source file="../../workspace/dataset/test/core4.c.ifdefed" startline="18" endline="36" function="main" hash="-723793897414767381"></source>
			<source file="../../workspace/dataset/test/core1.c.ifdefed" startline="18" endline="41" function="main" hash="7420777894426230223"></source>
			<source file="../../workspace/dataset/test/scalarmult2.c.ifdefed" startline="13" endline="32" function="main" hash="-5413751492199551342"></source>
		</class>
	</version>
	<version nr="2850" hash="06a52342" evolution="Same" change="Same">
		<class nclones="5">
			<source file="../../workspace/dataset/test/core2.c.ifdefed" startline="20" endline="38" function="main" hash="2446695557566224479"></source>
			<source file="../../workspace/dataset/test/scalarmult5.c.ifdefed" startline="19" endline="40" function="main" hash="6725404565212264954"></source>
			<source file="../../workspace/dataset/test/core4.c.ifdefed" startline="18" endline="36" function="main" hash="-723793897414767381"></source>
			<source file="../../workspace/dataset/test/core1.c.ifdefed" startline="18" endline="41" function="main" hash="7420777894426230223"></source>
			<source file="../../workspace/dataset/test/scalarmult2.c.ifdefed" startline="13" endline="32" function="main" hash="-5413751492199551342"></source>
		</class>
	</version>
	<version nr="2860" hash="229dac07" evolution="Same" change="Inconsistent">
		<class nclones="5">
			<source file="../../workspace/dataset/test/core2.c.ifdefed" startline="20" endline="38" function="main" hash="2446695557566224479"></source>
			<source file="../../workspace/dataset/test/core1.c.ifdefed" startline="18" endline="41" function="main" hash="7420777894426230223"></source>
			<source file="../../workspace/dataset/test/scalarmult2.c.ifdefed" startline="13" endline="32" function="main" hash="-5413751492199551342"></source>
			<source file="../../workspace/dataset/test/scalarmult5.c.ifdefed" startline="19" endline="40" function="main" hash="6725404565212264954"></source>
			<source file="../../workspace/dataset/test/core4.c.ifdefed" startline="18" endline="36" function="main" hash="2113683974805344174"></source>
		</class>
	</version>
	<version nr="3340" hash="e83b7eda" evolution="Same" change="Same">
		<class nclones="5">
			<source file="../../workspace/dataset/test/core2.c.ifdefed" startline="20" endline="38" function="main" hash="2446695557566224479"></source>
			<source file="../../workspace/dataset/test/core1.c.ifdefed" startline="18" endline="41" function="main" hash="7420777894426230223"></source>
			<source file="../../workspace/dataset/test/scalarmult2.c.ifdefed" startline="13" endline="32" function="main" hash="-5413751492199551342"></source>
			<source file="../../workspace/dataset/test/scalarmult5.c.ifdefed" startline="19" endline="40" function="main" hash="6725404565212264954"></source>
			<source file="../../workspace/dataset/test/core4.c.ifdefed" startline="18" endline="36" function="main" hash="2113683974805344174"></source>
		</class>
	</version>
	<version nr="3350" hash="b2675810" evolution="Subtract" change="Same">
		<class nclones="3">
			<source file="../../workspace/dataset/test/core2.c.ifdefed" startline="20" endline="38" function="main" hash="2446695557566224479"></source>
			<source file="../../workspace/dataset/test/core4.c.ifdefed" startline="18" endline="36" function="main" hash="2113683974805344174"></source>
			<source file="../../workspace/dataset/test/core1.c.ifdefed" startline="18" endline="41" function="main" hash="7420777894426230223"></source>
		</class>
	</version>
	<version nr="3530" hash="68baef3f" evolution="Same" change="Same">
		<class nclones="3">
			<source file="../../workspace/dataset/test/core2.c.ifdefed" startline="20" endline="38" function="main" hash="2446695557566224479"></source>
			<source file="../../workspace/dataset/test/core4.c.ifdefed" startline="18" endline="36" function="main" hash="2113683974805344174"></source>
			<source file="../../workspace/dataset/test/core1.c.ifdefed" startline="18" endline="41" function="main" hash="7420777894426230223"></source>
		</class>
	</version>
</lineage>
<lineage>
	<version nr="30" hash="27b19131" evolution="None" change="None">
		<class nclones="2">
			<source file="../../workspace/dataset/test/box8.c.ifdefed" startline="16" endline="43" function="main" hash="26382459696271301"></source>
			<source file="../../workspace/dataset/test/box7.c.ifdefed" startline="14" endline="36" function="main" hash="8620751511361420840"></source>
		</class>
	</version>
	<version nr="220" hash="0426aa28" evolution="Same" change="Same">
		<class nclones="2">
			<source file="../../workspace/dataset/test/box8.c.ifdefed" startline="19" endline="46" function="main" hash="26382459696271301"></source>
			<source file="../../workspace/dataset/test/box7.c.ifdefed" startline="17" endline="39" function="main" hash="8620751511361420840"></source>
		</class>
	</version>
	<version nr="230" hash="b52f513f" evolution="Same" change="Consistent">
		<class nclones="2">
			<source file="../../workspace/dataset/test/box8.c.ifdefed" startline="17" endline="44" function="main" hash="-3871702570136412723"></source>
			<source file="../../workspace/dataset/test/box7.c.ifdefed" startline="15" endline="37" function="main" hash="-6958015827176477357"></source>
		</class>
	</version>
	<version nr="340" hash="ef127312" evolution="Same" change="Same">
		<class nclones="2">
			<source file="../../workspace/dataset/test/box8.c.ifdefed" startline="17" endline="44" function="main" hash="-3871702570136412723"></source>
			<source file="../../workspace/dataset/test/box7.c.ifdefed" startline="15" endline="37" function="main" hash="-6958015827176477357"></source>
		</class>
	</version>
	<version nr="350" hash="5b09876c" evolution="Same" change="Consistent">
		<class nclones="2">
			<source file="../../workspace/dataset/test/box8.c.ifdefed" startline="17" endline="44" function="main" hash="-7321270319433131183"></source>
			<source file="../../workspace/dataset/test/box7.c.ifdefed" startline="15" endline="37" function="main" hash="3181764260368998043"></source>
		</class>
	</version>
	<version nr="370" hash="825cd5f7" evolution="Same" change="Same">
		<class nclones="2">
			<source file="../../workspace/dataset/test/box8.c.ifdefed" startline="17" endline="44" function="main" hash="-7321270319433131183"></source>
			<source file="../../workspace/dataset/test/box7.c.ifdefed" startline="15" endline="37" function="main" hash="3181764260368998043"></source>
		</class>
	</version>
	<version nr="380" hash="8d08a564" evolution="Same" change="Inconsistent">
		<class nclones="2">
			<source file="../../workspace/dataset/test/box8.c.ifdefed" startline="17" endline="44" function="main" hash="1497959671067134557"></source>
			<source file="../../workspace/dataset/test/box7.c.ifdefed" startline="15" endline="37" function="main" hash="3181764260368998043"></source>
		</class>
	</version>
	<version nr="960" hash="2c1b5070" evolution="Same" change="Same">
		<class nclones="2">
			<source file="../../workspace/dataset/test/box8.c.ifdefed" startline="17" endline="44" function="main" hash="1497959671067134557"></source>
			<source file="../../workspace/dataset/test/box7.c.ifdefed" startline="15" endline="37" function="main" hash="3181764260368998043"></source>
		</class>
	</version>
	<version nr="970" hash="0ec5a25c" evolution="Same" change="Consistent">
		<class nclones="2">
			<source file="../../workspace/dataset/test/box8.c.ifdefed" startline="16" endline="46" function="main" hash="-7590653202415675944"></source>
			<source file="../../workspace/dataset/test/box7.c.ifdefed" startline="14" endline="39" function="main" hash="-8936887549696636642"></source>
		</class>
	</version>
	<version nr="1540" hash="07c42492" evolution="Same" change="Same">
		<class nclones="2">
			<source file="../../workspace/dataset/test/box8.c.ifdefed" startline="16" endline="46" function="main" hash="-7590653202415675944"></source>
			<source file="../../workspace/dataset/test/box7.c.ifdefed" startline="14" endline="39" function="main" hash="-8936887549696636642"></source>
		</class>
	</version>
	<version nr="1550" hash="b7125427" evolution="Same" change="Consistent">
		<class nclones="2">
			<source file="../../workspace/dataset/test/box8.c.ifdefed" startline="14" endline="46" function="main" hash="-4665201932250391049"></source>
			<source file="../../workspace/dataset/test/box7.c.ifdefed" startline="14" endline="41" function="main" hash="-7140785319269048548"></source>
		</class>
	</version>
	<version nr="1630" hash="7354964b" evolution="Same" change="Same">
		<class nclones="2">
			<source file="../../workspace/dataset/test/box8.c.ifdefed" startline="14" endline="46" function="main" hash="-4665201932250391049"></source>
			<source file="../../workspace/dataset/test/box7.c.ifdefed" startline="14" endline="41" function="main" hash="-7140785319269048548"></source>
		</class>
	</version>
	<version nr="1650" hash="054579d3" evolution="Same" change="Consistent">
		<class nclones="2">
			<source file="../../workspace/dataset/test/box8.c.ifdefed" startline="11" endline="57" function="main" hash="-4579500009104039562"></source>
			<source file="../../workspace/dataset/test/box7.c.ifdefed" startline="11" endline="49" function="main" hash="-5433930481652438141"></source>
		</class>
	</version>
	<version nr="2170" hash="9cd732c8" evolution="Same" change="Same">
		<class nclones="2">
			<source file="../../workspace/dataset/test/box8.c.ifdefed" startline="11" endline="57" function="main" hash="-4579500009104039562"></source>
			<source file="../../workspace/dataset/test/box7.c.ifdefed" startline="11" endline="49" function="main" hash="-5433930481652438141"></source>
		</class>
	</version>
	<version nr="2180" hash="cadee98e" evolution="Same" change="Consistent">
		<class nclones="2">
			<source file="../../workspace/dataset/test/box8.c.ifdefed" startline="11" endline="58" function="main" hash="1839988362876427056"></source>
			<source file="../../workspace/dataset/test/box7.c.ifdefed" startline="11" endline="50" function="main" hash="9162176135081364921"></source>
		</class>
	</version>
	<version nr="3530" hash="68baef3f" evolution="Same" change="Same">
		<class nclones="2">
			<source file="../../workspace/dataset/test/box8.c.ifdefed" startline="11" endline="58" function="main" hash="1839988362876427056"></source>
			<source file="../../workspace/dataset/test/box7.c.ifdefed" startline="11" endline="50" function="main" hash="9162176135081364921"></source>
		</class>
	</version>
</lineage>
<lineage>
	<version nr="230" hash="b52f513f" evolution="None" change="None">
		<class nclones="2">
			<source file="../../workspace/dataset/test/generichash2.c.ifdefed" startline="8" endline="31" function="main" hash="8776440941258208801"></source>
			<source file="../../workspace/dataset/test/generichash.c.ifdefed" startline="8" endline="27" function="main" hash="-4745101917004424046"></source>
		</class>
	</version>
	<version nr="340" hash="ef127312" evolution="Same" change="Same">
		<class nclones="2">
			<source file="../../workspace/dataset/test/generichash2.c.ifdefed" startline="8" endline="31" function="main" hash="8776440941258208801"></source>
			<source file="../../workspace/dataset/test/generichash.c.ifdefed" startline="8" endline="27" function="main" hash="-4745101917004424046"></source>
		</class>
	</version>
	<version nr="350" hash="5b09876c" evolution="Same" change="Consistent">
		<class nclones="2">
			<source file="../../workspace/dataset/test/generichash2.c.ifdefed" startline="8" endline="31" function="main" hash="2070175762702184951"></source>
			<source file="../../workspace/dataset/test/generichash.c.ifdefed" startline="8" endline="27" function="main" hash="6830705616759984260"></source>
		</class>
	</version>
	<version nr="950" hash="a4264a22" evolution="Same" change="Same">
		<class nclones="2">
			<source file="../../workspace/dataset/test/generichash2.c.ifdefed" startline="8" endline="31" function="main" hash="2070175762702184951"></source>
			<source file="../../workspace/dataset/test/generichash.c.ifdefed" startline="8" endline="27" function="main" hash="6830705616759984260"></source>
		</class>
	</version>
	<version nr="960" hash="2c1b5070" evolution="Same" change="Consistent">
		<class nclones="2">
			<source file="../../workspace/dataset/test/generichash2.c.ifdefed" startline="5" endline="28" function="main" hash="6215296923713288727"></source>
			<source file="../../workspace/dataset/test/generichash.c.ifdefed" startline="5" endline="24" function="main" hash="3595466502281322932"></source>
		</class>
	</version>
</lineage>
<lineage>
	<version nr="970" hash="0ec5a25c" evolution="None" change="None">
		<class nclones="2">
			<source file="../../workspace/dataset/test/secretbox7.c.ifdefed" startline="11" endline="35" function="main" hash="5927277359367834072"></source>
			<source file="../../workspace/dataset/test/secretbox8.c.ifdefed" startline="13" endline="42" function="main" hash="6721134113828724474"></source>
		</class>
	</version>
	<version nr="2130" hash="70c2796a" evolution="Same" change="Same">
		<class nclones="2">
			<source file="../../workspace/dataset/test/secretbox7.c.ifdefed" startline="11" endline="35" function="main" hash="5927277359367834072"></source>
			<source file="../../workspace/dataset/test/secretbox8.c.ifdefed" startline="13" endline="42" function="main" hash="6721134113828724474"></source>
		</class>
	</version>
	<version nr="2140" hash="bb67b383" evolution="Same" change="Consistent">
		<class nclones="2">
			<source file="../../workspace/dataset/test/secretbox7.c.ifdefed" startline="11" endline="35" function="main" hash="1148404843254210880"></source>
			<source file="../../workspace/dataset/test/secretbox8.c.ifdefed" startline="11" endline="40" function="main" hash="-2541611910999075070"></source>
		</class>
	</version>
	<version nr="2170" hash="9cd732c8" evolution="Same" change="Same">
		<class nclones="2">
			<source file="../../workspace/dataset/test/secretbox7.c.ifdefed" startline="11" endline="35" function="main" hash="1148404843254210880"></source>
			<source file="../../workspace/dataset/test/secretbox8.c.ifdefed" startline="11" endline="40" function="main" hash="-2541611910999075070"></source>
		</class>
	</version>
	<version nr="2180" hash="cadee98e" evolution="Same" change="Consistent">
		<class nclones="2">
			<source file="../../workspace/dataset/test/secretbox7.c.ifdefed" startline="11" endline="36" function="main" hash="2444845594171701410"></source>
			<source file="../../workspace/dataset/test/secretbox8.c.ifdefed" startline="11" endline="41" function="main" hash="5530032120372190985"></source>
		</class>
	</version>
	<version nr="3530" hash="68baef3f" evolution="Same" change="Same">
		<class nclones="2">
			<source file="../../workspace/dataset/test/secretbox7.c.ifdefed" startline="11" endline="36" function="main" hash="2444845594171701410"></source>
			<source file="../../workspace/dataset/test/secretbox8.c.ifdefed" startline="11" endline="41" function="main" hash="5530032120372190985"></source>
		</class>
	</version>
</lineage>
<lineage>
	<version nr="1240" hash="2f9920c7" evolution="None" change="None">
		<class nclones="2">
			<source file="../../workspace/dataset/test/aead_chacha20poly1305.c.ifdefed" startline="5" endline="125" function="tv" hash="577311801810667944"></source>
			<source file="../../workspace/dataset/test/aead_chacha20poly1305.c.ifdefed" startline="127" endline="252" function="tv_ietf" hash="1817658248984961909"></source>
		</class>
	</version>
	<version nr="1750" hash="bc98db0b" evolution="Same" change="Same">
		<class nclones="2">
			<source file="../../workspace/dataset/test/aead_chacha20poly1305.c.ifdefed" startline="5" endline="125" function="tv" hash="577311801810667944"></source>
			<source file="../../workspace/dataset/test/aead_chacha20poly1305.c.ifdefed" startline="127" endline="252" function="tv_ietf" hash="1817658248984961909"></source>
		</class>
	</version>
	<version nr="2130" hash="70c2796a" evolution="Add" change="Consistent">
		<class nclones="3">
			<source file="../../workspace/dataset/test/aead_xchacha20poly1305.c.ifdefed" startline="5" endline="180" function="tv" hash="1381898786040346711"></source>
			<source file="../../workspace/dataset/test/aead_chacha20poly1305.c.ifdefed" startline="5" endline="168" function="tv" hash="381593529578474769"></source>
			<source file="../../workspace/dataset/test/aead_chacha20poly1305.c.ifdefed" startline="170" endline="347" function="tv_ietf" hash="-4202544026267852724"></source>
		</class>
	</version>
	<version nr="2440" hash="74703c63" evolution="Same" change="Same">
		<class nclones="3">
			<source file="../../workspace/dataset/test/aead_xchacha20poly1305.c.ifdefed" startline="5" endline="180" function="tv" hash="1381898786040346711"></source>
			<source file="../../workspace/dataset/test/aead_chacha20poly1305.c.ifdefed" startline="5" endline="168" function="tv" hash="381593529578474769"></source>
			<source file="../../workspace/dataset/test/aead_chacha20poly1305.c.ifdefed" startline="170" endline="347" function="tv_ietf" hash="-4202544026267852724"></source>
		</class>
	</version>
	<version nr="2450" hash="9361070f" evolution="Subtract" change="Inconsistent">
		<class nclones="2">
			<source file="../../workspace/dataset/test/aead_xchacha20poly1305.c.ifdefed" startline="5" endline="188" function="tv" hash="2393049565084510446"></source>
			<source file="../../workspace/dataset/test/aead_chacha20poly1305.c.ifdefed" startline="170" endline="347" function="tv_ietf" hash="-4202544026267852724"></source>
		</class>
	</version>
	<version nr="2460" hash="56efb47a" evolution="Same" change="Inconsistent">
		<class nclones="2">
			<source file="../../workspace/dataset/test/aead_xchacha20poly1305.c.ifdefed" startline="5" endline="188" function="tv" hash="2393049565084510446"></source>
			<source file="../../workspace/dataset/test/aead_chacha20poly1305.c.ifdefed" startline="174" endline="355" function="tv_ietf" hash="-8372219788811260593"></source>
		</class>
	</version>
	<version nr="2500" hash="580bf7a1" evolution="Same" change="Same">
		<class nclones="2">
			<source file="../../workspace/dataset/test/aead_xchacha20poly1305.c.ifdefed" startline="5" endline="188" function="tv" hash="2393049565084510446"></source>
			<source file="../../workspace/dataset/test/aead_chacha20poly1305.c.ifdefed" startline="174" endline="355" function="tv_ietf" hash="-8372219788811260593"></source>
		</class>
	</version>
	<version nr="2510" hash="c87e6f5e" evolution="Same" change="Consistent">
		<class nclones="2">
			<source file="../../workspace/dataset/test/aead_xchacha20poly1305.c.ifdefed" startline="5" endline="190" function="tv" hash="1010708523790803861"></source>
			<source file="../../workspace/dataset/test/aead_chacha20poly1305.c.ifdefed" startline="174" endline="357" function="tv_ietf" hash="-7171805531771023162"></source>
		</class>
	</version>
	<version nr="2970" hash="10207d5a" evolution="Same" change="Same">
		<class nclones="2">
			<source file="../../workspace/dataset/test/aead_xchacha20poly1305.c.ifdefed" startline="5" endline="190" function="tv" hash="1010708523790803861"></source>
			<source file="../../workspace/dataset/test/aead_chacha20poly1305.c.ifdefed" startline="174" endline="357" function="tv_ietf" hash="-7171805531771023162"></source>
		</class>
	</version>
</lineage>
<lineage>
	<version nr="1720" hash="96c37fc9" evolution="None" change="None">
		<class nclones="2">
			<source file="../../workspace/dataset/test/pwhash_argon2i.c.ifdefed" startline="117" endline="165" function="tv2" hash="-1340888289061209815"></source>
			<source file="../../workspace/dataset/test/pwhash_scrypt.c.ifdefed" startline="116" endline="163" function="tv2" hash="6408571566671806232"></source>
		</class>
	</version>
	<version nr="1730" hash="654a2b3f" evolution="Same" change="Same">
		<class nclones="2">
			<source file="../../workspace/dataset/test/pwhash_argon2i.c.ifdefed" startline="117" endline="165" function="tv2" hash="-1340888289061209815"></source>
			<source file="../../workspace/dataset/test/pwhash_scrypt.c.ifdefed" startline="116" endline="163" function="tv2" hash="6408571566671806232"></source>
		</class>
	</version>
	<version nr="1740" hash="29fb06cd" evolution="Same" change="Inconsistent">
		<class nclones="2">
			<source file="../../workspace/dataset/test/pwhash_argon2i.c.ifdefed" startline="117" endline="165" function="tv2" hash="-2803221995799710053"></source>
			<source file="../../workspace/dataset/test/pwhash_scrypt.c.ifdefed" startline="116" endline="163" function="tv2" hash="6408571566671806232"></source>
		</class>
	</version>
	<version nr="1790" hash="4e9b0b67" evolution="Same" change="Same">
		<class nclones="2">
			<source file="../../workspace/dataset/test/pwhash_argon2i.c.ifdefed" startline="104" endline="152" function="tv2" hash="-2803221995799710053"></source>
			<source file="../../workspace/dataset/test/pwhash_scrypt.c.ifdefed" startline="116" endline="163" function="tv2" hash="6408571566671806232"></source>
		</class>
	</version>
	<version nr="1800" hash="2fb69179" evolution="Same" change="Inconsistent">
		<class nclones="2">
			<source file="../../workspace/dataset/test/pwhash_argon2i.c.ifdefed" startline="105" endline="154" function="tv2" hash="285603497445259031"></source>
			<source file="../../workspace/dataset/test/pwhash_scrypt.c.ifdefed" startline="116" endline="163" function="tv2" hash="6408571566671806232"></source>
		</class>
	</version>
	<version nr="1860" hash="2b71f28c" evolution="Same" change="Same">
		<class nclones="2">
			<source file="../../workspace/dataset/test/pwhash_argon2i.c.ifdefed" startline="105" endline="154" function="tv2" hash="285603497445259031"></source>
			<source file="../../workspace/dataset/test/pwhash_scrypt.c.ifdefed" startline="116" endline="163" function="tv2" hash="6408571566671806232"></source>
		</class>
	</version>
	<version nr="1870" hash="38265884" evolution="Same" change="Inconsistent">
		<class nclones="2">
			<source file="../../workspace/dataset/test/pwhash.c.ifdefed" startline="104" endline="152" function="tv2" hash="-2355063019702166012"></source>
			<source file="../../workspace/dataset/test/pwhash_scrypt.c.ifdefed" startline="116" endline="163" function="tv2" hash="6408571566671806232"></source>
		</class>
	</version>
	<version nr="1890" hash="7a08f643" evolution="Same" change="Same">
		<class nclones="2">
			<source file="../../workspace/dataset/test/pwhash.c.ifdefed" startline="104" endline="152" function="tv2" hash="-2355063019702166012"></source>
			<source file="../../workspace/dataset/test/pwhash_scrypt.c.ifdefed" startline="116" endline="163" function="tv2" hash="6408571566671806232"></source>
		</class>
	</version>
	<version nr="2410" hash="b456ff28" evolution="Same" change="Consistent">
		<class nclones="2">
			<source file="../../workspace/dataset/test/pwhash_argon2id.c.ifdefed" startline="106" endline="180" function="tv2" hash="4125694333113527033"></source>
			<source file="../../workspace/dataset/test/pwhash.c.ifdefed" startline="106" endline="180" function="tv2" hash="-6500773037990458111"></source>
		</class>
	</version>
	<version nr="2440" hash="74703c63" evolution="Same" change="Same">
		<class nclones="2">
			<source file="../../workspace/dataset/test/pwhash_argon2id.c.ifdefed" startline="106" endline="180" function="tv2" hash="4125694333113527033"></source>
			<source file="../../workspace/dataset/test/pwhash.c.ifdefed" startline="106" endline="180" function="tv2" hash="-6500773037990458111"></source>
		</class>
	</version>
	<version nr="2450" hash="9361070f" evolution="Same" change="Inconsistent">
		<class nclones="2">
			<source file="../../workspace/dataset/test/pwhash_argon2id.c.ifdefed" startline="106" endline="180" function="tv2" hash="4125694333113527033"></source>
			<source file="../../workspace/dataset/test/pwhash.c.ifdefed" startline="106" endline="184" function="tv2" hash="1865464999301107897"></source>
		</class>
	</version>
	<version nr="2680" hash="2f51ed33" evolution="Same" change="Same">
		<class nclones="2">
			<source file="../../workspace/dataset/test/pwhash_argon2id.c.ifdefed" startline="106" endline="180" function="tv2" hash="4125694333113527033"></source>
			<source file="../../workspace/dataset/test/pwhash.c.ifdefed" startline="106" endline="184" function="tv2" hash="1865464999301107897"></source>
		</class>
	</version>
	<version nr="2690" hash="f0daa92f" evolution="Same" change="Consistent">
		<class nclones="2">
			<source file="../../workspace/dataset/test/pwhash_argon2id.c.ifdefed" startline="106" endline="180" function="tv2" hash="7400276362730038593"></source>
			<source file="../../workspace/dataset/test/pwhash_argon2i.c.ifdefed" startline="106" endline="184" function="tv2" hash="-954208923402447351"></source>
		</class>
	</version>
	<version nr="2870" hash="01072a2f" evolution="Same" change="Same">
		<class nclones="2">
			<source file="../../workspace/dataset/test/pwhash_argon2id.c.ifdefed" startline="106" endline="180" function="tv2" hash="7400276362730038593"></source>
			<source file="../../workspace/dataset/test/pwhash_argon2i.c.ifdefed" startline="106" endline="184" function="tv2" hash="-954208923402447351"></source>
		</class>
	</version>
	<version nr="2880" hash="99fa31a5" evolution="Same" change="Consistent">
		<class nclones="2">
			<source file="../../workspace/dataset/test/pwhash_argon2id.c.ifdefed" startline="106" endline="182" function="tv2" hash="1067453026797728679"></source>
			<source file="../../workspace/dataset/test/pwhash_argon2i.c.ifdefed" startline="106" endline="186" function="tv2" hash="-5043674542140825343"></source>
		</class>
	</version>
	<version nr="3530" hash="68baef3f" evolution="Same" change="Same">
		<class nclones="2">
			<source file="../../workspace/dataset/test/pwhash_argon2id.c.ifdefed" startline="106" endline="182" function="tv2" hash="1067453026797728679"></source>
			<source file="../../workspace/dataset/test/pwhash_argon2i.c.ifdefed" startline="106" endline="186" function="tv2" hash="-5043674542140825343"></source>
		</class>
	</version>
</lineage>
<lineage>
	<version nr="2410" hash="b456ff28" evolution="None" change="None">
		<class nclones="2">
			<source file="../../workspace/dataset/test/pwhash_argon2id.c.ifdefed" startline="9" endline="104" function="tv" hash="-3272961027007668902"></source>
			<source file="../../workspace/dataset/test/pwhash.c.ifdefed" startline="9" endline="104" function="tv" hash="-1419046516839267338"></source>
		</class>
	</version>
	<version nr="2680" hash="2f51ed33" evolution="Same" change="Same">
		<class nclones="2">
			<source file="../../workspace/dataset/test/pwhash_argon2id.c.ifdefed" startline="9" endline="104" function="tv" hash="-3272961027007668902"></source>
			<source file="../../workspace/dataset/test/pwhash.c.ifdefed" startline="9" endline="104" function="tv" hash="-1419046516839267338"></source>
		</class>
	</version>
	<version nr="2690" hash="f0daa92f" evolution="Same" change="Inconsistent">
		<class nclones="2">
			<source file="../../workspace/dataset/test/pwhash_argon2id.c.ifdefed" startline="9" endline="104" function="tv" hash="-1419046516839267338"></source>
			<source file="../../workspace/dataset/test/pwhash_argon2i.c.ifdefed" startline="9" endline="104" function="tv" hash="5586443399422976321"></source>
		</class>
	</version>
	<version nr="3530" hash="68baef3f" evolution="Same" change="Same">
		<class nclones="2">
			<source file="../../workspace/dataset/test/pwhash_argon2id.c.ifdefed" startline="9" endline="104" function="tv" hash="-1419046516839267338"></source>
			<source file="../../workspace/dataset/test/pwhash_argon2i.c.ifdefed" startline="9" endline="104" function="tv" hash="5586443399422976321"></source>
		</class>
	</version>
</lineage>
<lineage>
	<version nr="2410" hash="b456ff28" evolution="None" change="None">
		<class nclones="2">
			<source file="../../workspace/dataset/test/pwhash_argon2id.c.ifdefed" startline="182" endline="221" function="tv3" hash="-3354174395931760191"></source>
			<source file="../../workspace/dataset/test/pwhash.c.ifdefed" startline="182" endline="221" function="tv3" hash="5862040653448287873"></source>
		</class>
	</version>
	<version nr="2680" hash="2f51ed33" evolution="Same" change="Same">
		<class nclones="2">
			<source file="../../workspace/dataset/test/pwhash_argon2id.c.ifdefed" startline="182" endline="221" function="tv3" hash="-3354174395931760191"></source>
			<source file="../../workspace/dataset/test/pwhash.c.ifdefed" startline="182" endline="221" function="tv3" hash="5862040653448287873"></source>
		</class>
	</version>
	<version nr="2690" hash="f0daa92f" evolution="Same" change="Inconsistent">
		<class nclones="2">
			<source file="../../workspace/dataset/test/pwhash_argon2id.c.ifdefed" startline="182" endline="221" function="tv3" hash="8680624788255205767"></source>
			<source file="../../workspace/dataset/test/pwhash_argon2i.c.ifdefed" startline="186" endline="225" function="tv3" hash="5862040653448287873"></source>
		</class>
	</version>
	<version nr="2910" hash="b84e4b9d" evolution="Same" change="Same">
		<class nclones="2">
			<source file="../../workspace/dataset/test/pwhash_argon2id.c.ifdefed" startline="182" endline="221" function="tv3" hash="8680624788255205767"></source>
			<source file="../../workspace/dataset/test/pwhash_argon2i.c.ifdefed" startline="186" endline="225" function="tv3" hash="5862040653448287873"></source>
		</class>
	</version>
	<version nr="2920" hash="dce1614e" evolution="Same" change="Consistent">
		<class nclones="2">
			<source file="../../workspace/dataset/test/pwhash_argon2id.c.ifdefed" startline="184" endline="224" function="tv3" hash="9036081078475381336"></source>
			<source file="../../workspace/dataset/test/pwhash_argon2i.c.ifdefed" startline="188" endline="228" function="tv3" hash="9165909556785264558"></source>
		</class>
	</version>
	<version nr="3530" hash="68baef3f" evolution="Same" change="Same">
		<class nclones="2">
			<source file="../../workspace/dataset/test/pwhash_argon2id.c.ifdefed" startline="184" endline="224" function="tv3" hash="9036081078475381336"></source>
			<source file="../../workspace/dataset/test/pwhash_argon2i.c.ifdefed" startline="188" endline="228" function="tv3" hash="9165909556785264558"></source>
		</class>
	</version>
</lineage>
<lineage>
	<version nr="2820" hash="4fe7f880" evolution="None" change="None">
		<class nclones="2">
			<source file="../../workspace/dataset/test/sign.c.ifdefed" startline="1044" endline="1060" function="add_l" hash="230194639352679039"></source>
			<source file="../../workspace/dataset/test/core_ed25519.c.ifdefed" startline="4" endline="22" function="add_P" hash="4889002174221369258"></source>
		</class>
	</version>
	<version nr="3030" hash="29162300" evolution="Same" change="Same">
		<class nclones="2">
			<source file="../../workspace/dataset/test/sign.c.ifdefed" startline="1044" endline="1060" function="add_l" hash="230194639352679039"></source>
			<source file="../../workspace/dataset/test/core_ed25519.c.ifdefed" startline="4" endline="22" function="add_P" hash="4889002174221369258"></source>
		</class>
	</version>
</lineage>
<lineage>
	<version nr="2990" hash="69a56434" evolution="None" change="None">
		<class nclones="2">
			<source file="../../workspace/dataset/test/aead_aes256gcm2.c.ifdefed" startline="182" endline="267" function="tv" hash="-243920177914497752"></source>
			<source file="../../workspace/dataset/test/aead_chacha20poly13052.c.ifdefed" startline="947" endline="1039" function="tv" hash="6247872809643309572"></source>
		</class>
	</version>
	<version nr="3040" hash="2d736dc2" evolution="Same" change="Same">
		<class nclones="2">
			<source file="../../workspace/dataset/test/aead_aes256gcm2.c.ifdefed" startline="182" endline="267" function="tv" hash="-243920177914497752"></source>
			<source file="../../workspace/dataset/test/aead_chacha20poly13052.c.ifdefed" startline="947" endline="1039" function="tv" hash="6247872809643309572"></source>
		</class>
	</version>
	<version nr="3050" hash="cff3d7f6" evolution="Same" change="Consistent">
		<class nclones="2">
			<source file="../../workspace/dataset/test/aead_aes256gcm2.c.ifdefed" startline="182" endline="265" function="tv" hash="-1910234413392639548"></source>
			<source file="../../workspace/dataset/test/aead_chacha20poly13052.c.ifdefed" startline="947" endline="1037" function="tv" hash="-1874860243187391984"></source>
		</class>
	</version>
	<version nr="3530" hash="68baef3f" evolution="Same" change="Same">
		<class nclones="2">
			<source file="../../workspace/dataset/test/aead_aes256gcm2.c.ifdefed" startline="182" endline="265" function="tv" hash="-1910234413392639548"></source>
			<source file="../../workspace/dataset/test/aead_chacha20poly13052.c.ifdefed" startline="947" endline="1037" function="tv" hash="-1874860243187391984"></source>
		</class>
	</version>
</lineage>
<lineage>
	<version nr="3270" hash="88717d99" evolution="None" change="None">
		<class nclones="2">
			<source file="../../workspace/dataset/test/aead_aes256gcm.c.ifdefed" startline="3079" endline="3226" function="tv" hash="-1630449645541060606"></source>
			<source file="../../workspace/dataset/test/aead_aegis256.c.ifdefed" startline="2054" endline="2178" function="tv" hash="4173733952493086093"></source>
		</class>
	</version>
	<version nr="3280" hash="5990dc00" evolution="Same" change="Inconsistent">
		<class nclones="2">
			<source file="../../workspace/dataset/test/aead_aes256gcm.c.ifdefed" startline="3079" endline="3226" function="tv" hash="-1630449645541060606"></source>
			<source file="../../workspace/dataset/test/aead_aegis256.c.ifdefed" startline="2054" endline="2183" function="tv" hash="-906165099202371278"></source>
		</class>
	</version>
	<version nr="3450" hash="cd525232" evolution="Same" change="Same">
		<class nclones="2">
			<source file="../../workspace/dataset/test/aead_aes256gcm.c.ifdefed" startline="3079" endline="3226" function="tv" hash="-1630449645541060606"></source>
			<source file="../../workspace/dataset/test/aead_aegis256.c.ifdefed" startline="2054" endline="2183" function="tv" hash="-906165099202371278"></source>
		</class>
	</version>
	<version nr="3460" hash="c93662b2" evolution="Add" change="Same">
		<class nclones="3">
			<source file="../../workspace/dataset/test/aead_aes256gcm.c.ifdefed" startline="3079" endline="3226" function="tv" hash="-1630449645541060606"></source>
			<source file="../../workspace/dataset/test/aead_aegis256.c.ifdefed" startline="526" endline="655" function="tv" hash="-906165099202371278"></source>
			<source file="../../workspace/dataset/test/aead_aegis128l.c.ifdefed" startline="526" endline="655" function="tv" hash="-8357720181620054306"></source>
		</class>
	</version>
	<version nr="3530" hash="68baef3f" evolution="Same" change="Same">
		<class nclones="3">
			<source file="../../workspace/dataset/test/aead_aes256gcm.c.ifdefed" startline="3079" endline="3226" function="tv" hash="-1630449645541060606"></source>
			<source file="../../workspace/dataset/test/aead_aegis256.c.ifdefed" startline="526" endline="655" function="tv" hash="-906165099202371278"></source>
			<source file="../../workspace/dataset/test/aead_aegis128l.c.ifdefed" startline="526" endline="655" function="tv" hash="-8357720181620054306"></source>
		</class>
	</version>
</lineage>
<lineage>
	<version nr="3450" hash="cd525232" evolution="None" change="None">
		<class nclones="2">
			<source file="../../workspace/dataset/test/stream3.c.ifdefed" startline="18" endline="32" function="main" hash="5043236236654024705"></source>
			<source file="../../workspace/dataset/test/core5.c.ifdefed" startline="20" endline="33" function="main" hash="7903612066047679629"></source>
		</class>
	</version>
	<version nr="3530" hash="68baef3f" evolution="Same" change="Same">
		<class nclones="2">
			<source file="../../workspace/dataset/test/stream3.c.ifdefed" startline="18" endline="32" function="main" hash="5043236236654024705"></source>
			<source file="../../workspace/dataset/test/core5.c.ifdefed" startline="20" endline="33" function="main" hash="7903612066047679629"></source>
		</class>
	</version>
</lineage>
</lineages>
